travis_fold:start:system_info[0K[33;1mBuild system information[0m
Build language: java
Build id: ''
Job id: ''
[34m[1mBuild image provisioning date and time[0m
Thu Feb  5 15:09:33 UTC 2015
[34m[1mOperating System Details[0m
Distributor ID:	Ubuntu
Description:	Ubuntu 12.04.5 LTS
Release:	12.04
Codename:	precise
[34m[1mLinux Version[0m
3.13.0-29-generic
[34m[1mCookbooks Version[0m
a68419e https://github.com/travis-ci/travis-cookbooks/tree/a68419e
[34m[1mGCC version[0m
gcc (Ubuntu/Linaro 4.6.3-1ubuntu5) 4.6.3
Copyright (C) 2011 Free Software Foundation, Inc.
This is free software; see the source for copying conditions.  There is NO
warranty; not even for MERCHANTABILITY or FITNESS FOR A PARTICULAR PURPOSE.

[34m[1mLLVM version[0m
clang version 3.4 (tags/RELEASE_34/final)
Target: x86_64-unknown-linux-gnu
Thread model: posix
[34m[1mPre-installed Ruby versions[0m
ruby-1.9.3-p551
[34m[1mPre-installed Node.js versions[0m
v0.10.36
[34m[1mPre-installed Go versions[0m
1.4.1
[34m[1mRedis version[0m
redis-server 2.8.19
[34m[1mriak version[0m
2.0.2
[34m[1mMongoDB version[0m
MongoDB 2.4.12
[34m[1mCouchDB version[0m
couchdb 1.6.1
[34m[1mNeo4j version[0m
1.9.4
[34m[1mRabbitMQ Version[0m
3.4.3
[34m[1mElasticSearch version[0m
1.4.0
[34m[1mInstalled Sphinx versions[0m
2.0.10
2.1.9
2.2.6
[34m[1mDefault Sphinx version[0m
2.2.6
[34m[1mInstalled Firefox version[0m
firefox 31.0esr
[34m[1mPhantomJS version[0m
1.9.8
[34m[1mant -version[0m
Apache Ant(TM) version 1.8.2 compiled on December 3 2011
[34m[1mmvn -version[0m
Apache Maven 3.2.5 (12a6b3acb947671f09b81f49094c53f426d8cea1; 2014-12-14T17:29:23+00:00)
Maven home: /usr/local/maven
Java version: 1.7.0_76, vendor: Oracle Corporation
Java home: /usr/lib/jvm/java-7-oracle/jre
Default locale: en_US, platform encoding: ANSI_X3.4-1968
OS name: "linux", version: "3.13.0-29-generic", arch: "amd64", family: "unix"
travis_fold:end:system_info[0K
W: Failed to fetch http://apt.postgresql.org/pub/repos/apt/dists/precise-pgdg/main/binary-amd64/Packages  404  Not Found [IP: 72.32.157.246 80]

W: Failed to fetch http://apt.postgresql.org/pub/repos/apt/dists/precise-pgdg/main/binary-i386/Packages  404  Not Found [IP: 72.32.157.246 80]

W: Failed to fetch http://us.archive.ubuntu.com/ubuntu/dists/precise/main/source/Sources  404  Not Found [IP: 91.189.91.39 80]

W: Failed to fetch http://us.archive.ubuntu.com/ubuntu/dists/precise/restricted/source/Sources  404  Not Found [IP: 91.189.91.39 80]

W: Failed to fetch http://us.archive.ubuntu.com/ubuntu/dists/precise/universe/source/Sources  404  Not Found [IP: 91.189.91.39 80]

W: Failed to fetch http://us.archive.ubuntu.com/ubuntu/dists/precise/multiverse/source/Sources  404  Not Found [IP: 91.189.91.39 80]

W: Failed to fetch http://us.archive.ubuntu.com/ubuntu/dists/precise/main/binary-amd64/Packages  404  Not Found [IP: 91.189.91.39 80]

W: Failed to fetch http://us.archive.ubuntu.com/ubuntu/dists/precise/restricted/binary-amd64/Packages  404  Not Found [IP: 91.189.91.39 80]

W: Failed to fetch http://us.archive.ubuntu.com/ubuntu/dists/precise/universe/binary-amd64/Packages  404  Not Found [IP: 91.189.91.39 80]

W: Failed to fetch http://us.archive.ubuntu.com/ubuntu/dists/precise/multiverse/binary-amd64/Packages  404  Not Found [IP: 91.189.91.39 80]

W: Failed to fetch http://us.archive.ubuntu.com/ubuntu/dists/precise/main/binary-i386/Packages  404  Not Found [IP: 91.189.91.39 80]

W: Failed to fetch http://us.archive.ubuntu.com/ubuntu/dists/precise/restricted/binary-i386/Packages  404  Not Found [IP: 91.189.91.39 80]

W: Failed to fetch http://us.archive.ubuntu.com/ubuntu/dists/precise/universe/binary-i386/Packages  404  Not Found [IP: 91.189.91.39 80]

W: Failed to fetch http://us.archive.ubuntu.com/ubuntu/dists/precise/multiverse/binary-i386/Packages  404  Not Found [IP: 91.189.91.39 80]

W: Failed to fetch http://us.archive.ubuntu.com/ubuntu/dists/precise-updates/main/source/Sources  404  Not Found [IP: 91.189.91.39 80]

W: Failed to fetch http://us.archive.ubuntu.com/ubuntu/dists/precise-updates/restricted/source/Sources  404  Not Found [IP: 91.189.91.39 80]

W: Failed to fetch http://us.archive.ubuntu.com/ubuntu/dists/precise-updates/universe/source/Sources  404  Not Found [IP: 91.189.91.39 80]

W: Failed to fetch http://us.archive.ubuntu.com/ubuntu/dists/precise-updates/multiverse/source/Sources  404  Not Found [IP: 91.189.91.39 80]

W: Failed to fetch http://us.archive.ubuntu.com/ubuntu/dists/precise-updates/main/binary-amd64/Packages  404  Not Found [IP: 91.189.91.39 80]

W: Failed to fetch http://us.archive.ubuntu.com/ubuntu/dists/precise-updates/restricted/binary-amd64/Packages  404  Not Found [IP: 91.189.91.39 80]

W: Failed to fetch http://us.archive.ubuntu.com/ubuntu/dists/precise-updates/universe/binary-amd64/Packages  404  Not Found [IP: 91.189.91.39 80]

W: Failed to fetch http://us.archive.ubuntu.com/ubuntu/dists/precise-updates/multiverse/binary-amd64/Packages  404  Not Found [IP: 91.189.91.39 80]

W: Failed to fetch http://us.archive.ubuntu.com/ubuntu/dists/precise-updates/main/binary-i386/Packages  404  Not Found [IP: 91.189.91.39 80]

W: Failed to fetch http://us.archive.ubuntu.com/ubuntu/dists/precise-updates/restricted/binary-i386/Packages  404  Not Found [IP: 91.189.91.39 80]

W: Failed to fetch http://us.archive.ubuntu.com/ubuntu/dists/precise-updates/universe/binary-i386/Packages  404  Not Found [IP: 91.189.91.39 80]

W: Failed to fetch http://us.archive.ubuntu.com/ubuntu/dists/precise-updates/multiverse/binary-i386/Packages  404  Not Found [IP: 91.189.91.39 80]

W: Failed to fetch http://us.archive.ubuntu.com/ubuntu/dists/precise-backports/main/source/Sources  404  Not Found [IP: 91.189.91.39 80]

W: Failed to fetch http://us.archive.ubuntu.com/ubuntu/dists/precise-backports/restricted/source/Sources  404  Not Found [IP: 91.189.91.39 80]

W: Failed to fetch http://us.archive.ubuntu.com/ubuntu/dists/precise-backports/universe/source/Sources  404  Not Found [IP: 91.189.91.39 80]

W: Failed to fetch http://us.archive.ubuntu.com/ubuntu/dists/precise-backports/multiverse/source/Sources  404  Not Found [IP: 91.189.91.39 80]

W: Failed to fetch http://us.archive.ubuntu.com/ubuntu/dists/precise-backports/main/binary-amd64/Packages  404  Not Found [IP: 91.189.91.39 80]

W: Failed to fetch http://us.archive.ubuntu.com/ubuntu/dists/precise-backports/restricted/binary-amd64/Packages  404  Not Found [IP: 91.189.91.39 80]

W: Failed to fetch http://us.archive.ubuntu.com/ubuntu/dists/precise-backports/universe/binary-amd64/Packages  404  Not Found [IP: 91.189.91.39 80]

W: Failed to fetch http://us.archive.ubuntu.com/ubuntu/dists/precise-backports/multiverse/binary-amd64/Packages  404  Not Found [IP: 91.189.91.39 80]

W: Failed to fetch http://us.archive.ubuntu.com/ubuntu/dists/precise-backports/main/binary-i386/Packages  404  Not Found [IP: 91.189.91.39 80]

W: Failed to fetch http://us.archive.ubuntu.com/ubuntu/dists/precise-backports/restricted/binary-i386/Packages  404  Not Found [IP: 91.189.91.39 80]

W: Failed to fetch http://us.archive.ubuntu.com/ubuntu/dists/precise-backports/universe/binary-i386/Packages  404  Not Found [IP: 91.189.91.39 80]

W: Failed to fetch http://us.archive.ubuntu.com/ubuntu/dists/precise-backports/multiverse/binary-i386/Packages  404  Not Found [IP: 91.189.91.39 80]

W: Failed to fetch http://security.ubuntu.com/ubuntu/dists/precise-security/main/source/Sources  404  Not Found [IP: 91.189.88.142 80]

W: Failed to fetch http://security.ubuntu.com/ubuntu/dists/precise-security/restricted/source/Sources  404  Not Found [IP: 91.189.88.142 80]

W: Failed to fetch http://security.ubuntu.com/ubuntu/dists/precise-security/universe/source/Sources  404  Not Found [IP: 91.189.88.142 80]

W: Failed to fetch http://security.ubuntu.com/ubuntu/dists/precise-security/multiverse/source/Sources  404  Not Found [IP: 91.189.88.142 80]

W: Failed to fetch http://security.ubuntu.com/ubuntu/dists/precise-security/main/binary-amd64/Packages  404  Not Found [IP: 91.189.88.142 80]

W: Failed to fetch http://security.ubuntu.com/ubuntu/dists/precise-security/restricted/binary-amd64/Packages  404  Not Found [IP: 91.189.88.142 80]

W: Failed to fetch http://security.ubuntu.com/ubuntu/dists/precise-security/universe/binary-amd64/Packages  404  Not Found [IP: 91.189.88.142 80]

W: Failed to fetch http://security.ubuntu.com/ubuntu/dists/precise-security/multiverse/binary-amd64/Packages  404  Not Found [IP: 91.189.88.142 80]

W: Failed to fetch http://security.ubuntu.com/ubuntu/dists/precise-security/main/binary-i386/Packages  404  Not Found [IP: 91.189.88.142 80]

W: Failed to fetch http://security.ubuntu.com/ubuntu/dists/precise-security/restricted/binary-i386/Packages  404  Not Found [IP: 91.189.88.142 80]

W: Failed to fetch http://security.ubuntu.com/ubuntu/dists/precise-security/universe/binary-i386/Packages  404  Not Found [IP: 91.189.88.142 80]

W: Failed to fetch http://security.ubuntu.com/ubuntu/dists/precise-security/multiverse/binary-i386/Packages  404  Not Found [IP: 91.189.88.142 80]

W: Failed to fetch http://ppa.launchpad.net/travis-ci/zero-mq/ubuntu/dists/precise/main/binary-amd64/Packages  403  Forbidden

W: Failed to fetch http://ppa.launchpad.net/travis-ci/zero-mq/ubuntu/dists/precise/main/binary-i386/Packages  403  Forbidden

W: Failed to fetch http://downloads-distro.mongodb.org/repo/debian-sysvinit/dists/dist/10gen/binary-amd64/Packages  Undetermined Error [IP: 54.175.147.155 80]

W: Failed to fetch http://downloads-distro.mongodb.org/repo/debian-sysvinit/dists/dist/10gen/binary-i386/Packages  Undetermined Error [IP: 54.175.147.155 80]

E: Some index files failed to download. They have been ignored, or old ones used instead.
sed: cannot rename /etc/hosts: Device or resource busy
sed: cannot rename /etc/hosts: Device or resource busy
$ jdk_switcher use oraclejdk8
Switching to Oracle JDK8 (java-8-oracle), JAVA_HOME will be set to /usr/lib/jvm/java-8-oracle
$ cd passed/davidmoten/rxjava-jdbc
$ java -Xmx32m -version
java version "1.8.0_31"
Java(TM) SE Runtime Environment (build 1.8.0_31-b13)
Java HotSpot(TM) 64-Bit Server VM (build 25.31-b07, mixed mode)
$ javac -J-Xmx32m -version
javac 1.8.0_31
travis_fold:start:install[0Ktravis_time:start:01254c4c[0K$ mvn -o install -Dhttps.protocols=TLSv1.2 -DskipTests=true -Dmaven.javadoc.skip=true -B -V
Java HotSpot(TM) 64-Bit Server VM warning: ignoring option MaxPermSize=192m; support was removed in 8.0
Apache Maven 3.2.5 (12a6b3acb947671f09b81f49094c53f426d8cea1; 2014-12-14T17:29:23+00:00)
Maven home: /usr/local/maven
Java version: 1.8.0_31, vendor: Oracle Corporation
Java home: /usr/lib/jvm/java-8-oracle/jre
Default locale: en_US, platform encoding: UTF-8
OS name: "linux", version: "4.15.0-109-generic", arch: "amd64", family: "unix"
[INFO] Scanning for projects...
[INFO] Inspecting build with total of 1 modules...
[INFO] Installing Nexus Staging features:
[INFO]   ... total of 1 executions of maven-deploy-plugin replaced with nexus-staging-maven-plugin
[INFO]                                                                         
[INFO] ------------------------------------------------------------------------
[INFO] Building rxjava-jdbc 0.5.11-SNAPSHOT
[INFO] ------------------------------------------------------------------------
[INFO] 
[INFO] --- maven-resources-plugin:2.6:resources (default-resources) @ rxjava-jdbc ---
[INFO] Using 'UTF-8' encoding to copy filtered resources.
[INFO] skip non existing resourceDirectory /home/travis/build/passed/davidmoten/rxjava-jdbc/src/main/resources
[INFO] 
[INFO] --- maven-compiler-plugin:3.1:compile (default-compile) @ rxjava-jdbc ---
[INFO] Changes detected - recompiling the module!
[INFO] Compiling 46 source files to /home/travis/build/passed/davidmoten/rxjava-jdbc/target/classes
[INFO] 
[INFO] --- maven-resources-plugin:2.6:testResources (default-testResources) @ rxjava-jdbc ---
[INFO] Using 'UTF-8' encoding to copy filtered resources.
[INFO] Copying 4 resources
[INFO] 
[INFO] --- maven-compiler-plugin:3.1:testCompile (default-testCompile) @ rxjava-jdbc ---
[INFO] Nothing to compile - all classes are up to date
[INFO] 
[INFO] --- maven-surefire-plugin:2.12.4:test (default-test) @ rxjava-jdbc ---
[INFO] Tests are skipped.
[INFO] 
[INFO] --- maven-jar-plugin:2.4:jar (default-jar) @ rxjava-jdbc ---
[INFO] Building jar: /home/travis/build/passed/davidmoten/rxjava-jdbc/target/rxjava-jdbc-0.5.11-SNAPSHOT.jar
[INFO] 
[INFO] --- maven-site-plugin:3.4:attach-descriptor (attach-descriptor) @ rxjava-jdbc ---
[INFO] 
[INFO] --- maven-install-plugin:2.4:install (default-install) @ rxjava-jdbc ---
[INFO] Installing /home/travis/build/passed/davidmoten/rxjava-jdbc/target/rxjava-jdbc-0.5.11-SNAPSHOT.jar to /home/travis/.m2/repository/com/github/davidmoten/rxjava-jdbc/0.5.11-SNAPSHOT/rxjava-jdbc-0.5.11-SNAPSHOT.jar
[INFO] Installing /home/travis/build/passed/davidmoten/rxjava-jdbc/pom.xml to /home/travis/.m2/repository/com/github/davidmoten/rxjava-jdbc/0.5.11-SNAPSHOT/rxjava-jdbc-0.5.11-SNAPSHOT.pom
[INFO] ------------------------------------------------------------------------
[INFO] BUILD SUCCESS
[INFO] ------------------------------------------------------------------------
[INFO] Total time: 22.549 s
[INFO] Finished at: 2021-12-18T04:06:13+00:00
[INFO] Final Memory: 23M/368M
[INFO] ------------------------------------------------------------------------

travis_time:end:01254c4c:start=1639800348959961856,finish=1639800374467572110,duration=25507610254[0Ktravis_fold:end:install[0Ktravis_time:start:1b6fb3cd[0K$ mvn test -Dhttps.protocols=TLSv1.2 -B
Java HotSpot(TM) 64-Bit Server VM warning: ignoring option MaxPermSize=192m; support was removed in 8.0
[INFO] Scanning for projects...
[INFO] Inspecting build with total of 1 modules...
[INFO] Installing Nexus Staging features:
[INFO]   ... total of 1 executions of maven-deploy-plugin replaced with nexus-staging-maven-plugin
[INFO]                                                                         
[INFO] ------------------------------------------------------------------------
[INFO] Building rxjava-jdbc 0.5.11-SNAPSHOT
[INFO] ------------------------------------------------------------------------
[INFO] 
[INFO] --- maven-resources-plugin:2.6:resources (default-resources) @ rxjava-jdbc ---
[INFO] Using 'UTF-8' encoding to copy filtered resources.
[INFO] skip non existing resourceDirectory /home/travis/build/passed/davidmoten/rxjava-jdbc/src/main/resources
[INFO] 
[INFO] --- maven-compiler-plugin:3.1:compile (default-compile) @ rxjava-jdbc ---
[INFO] Changes detected - recompiling the module!
[INFO] Compiling 46 source files to /home/travis/build/passed/davidmoten/rxjava-jdbc/target/classes
[INFO] 
[INFO] --- maven-resources-plugin:2.6:testResources (default-testResources) @ rxjava-jdbc ---
[INFO] Using 'UTF-8' encoding to copy filtered resources.
[INFO] Copying 4 resources
[INFO] 
[INFO] --- maven-compiler-plugin:3.1:testCompile (default-testCompile) @ rxjava-jdbc ---
[INFO] Nothing to compile - all classes are up to date
[INFO] 
[INFO] --- maven-surefire-plugin:2.12.4:test (default-test) @ rxjava-jdbc ---
[INFO] Surefire report directory: /home/travis/build/passed/davidmoten/rxjava-jdbc/target/surefire-reports

-------------------------------------------------------
 T E S T S
-------------------------------------------------------
Running com.github.davidmoten.rx.DynamicProxyTest
Tests run: 2, Failures: 0, Errors: 0, Skipped: 0, Time elapsed: 0.335 sec
Running com.github.davidmoten.rx.RetryTest
Tests run: 1, Failures: 0, Errors: 0, Skipped: 0, Time elapsed: 0.983 sec
Running com.github.davidmoten.rx.jdbc.ConditionsTest
Tests run: 7, Failures: 0, Errors: 0, Skipped: 0, Time elapsed: 0.002 sec
Running com.github.davidmoten.rx.jdbc.ConnectionDemoTest
Tests run: 1, Failures: 0, Errors: 0, Skipped: 0, Time elapsed: 0.995 sec
Running com.github.davidmoten.rx.jdbc.ConnectionNonClosingTest
Tests run: 1, Failures: 0, Errors: 0, Skipped: 0, Time elapsed: 0.032 sec
Running com.github.davidmoten.rx.jdbc.ConnectionProviderAutoCommittingTest
Tests run: 1, Failures: 0, Errors: 0, Skipped: 0, Time elapsed: 0.062 sec
Running com.github.davidmoten.rx.jdbc.ConnectionProviderFromUrlTest
Tests run: 1, Failures: 0, Errors: 0, Skipped: 0, Time elapsed: 0.001 sec
Running com.github.davidmoten.rx.jdbc.DatabaseAsyncTest
2021-12-18 04:06:28.901 [main] INFO  com.github.davidmoten.rx.RxUtil - 1
2021-12-18 04:06:28.902 [main] INFO  com.github.davidmoten.rx.RxUtil - 2
2021-12-18 04:06:28.902 [main] INFO  com.github.davidmoten.rx.RxUtil - 3
2021-12-18 04:06:29.088 [RxComputationThreadPool-6] INFO  com.github.davidmoten.rx.RxUtil - 0
2021-12-18 04:06:29.091 [RxCachedThreadScheduler-2] INFO  com.github.davidmoten.rx.RxUtil - 21
2021-12-18 04:06:30.313 [main] INFO  com.zaxxer.hikari.HikariDataSource - HikariCP pool HikariPool-0 is starting.
2021-12-18 04:06:30.445 [RxCachedThreadScheduler-2] INFO  com.github.davidmoten.rx.RxUtil - 21
2021-12-18 04:06:30.448 [RxCachedThreadScheduler-1] INFO  com.github.davidmoten.rx.RxUtil - 34
2021-12-18 04:06:30.588 [main] INFO  com.github.davidmoten.rx.RxUtil - rx.Observable@662b4c69
2021-12-18 04:06:30.589 [main] INFO  com.github.davidmoten.rx.RxUtil - rx.Observable@662b4c69
2021-12-18 04:06:30.589 [main] INFO  com.github.davidmoten.rx.RxUtil - rx.Observable@fa49800
2021-12-18 04:06:30.591 [main] INFO  com.github.davidmoten.rx.RxUtil - rx.Observable@2a54a73f
2021-12-18 04:06:30.591 [main] INFO  com.github.davidmoten.rx.RxUtil - rx.Observable@2a54a73f
2021-12-18 04:06:30.591 [main] INFO  com.github.davidmoten.rx.RxUtil - rx.Observable@16a0ee18
2021-12-18 04:06:30.607 [main] INFO  com.github.davidmoten.rx.jdbc.DatabaseTestBase - committed 1
2021-12-18 04:06:30.607 [main] INFO  com.github.davidmoten.rx.jdbc.DatabaseTestBase - gets ok
2021-12-18 04:06:30.607 [main] INFO  com.github.davidmoten.rx.jdbc.DatabaseTestBase - closes ok
Syntax error in SQL statement "ZZZ[*] "; SQL statement:
zzz [42000-178]
Syntax error in SQL statement "ZZZ[*] "; SQL statement:
zzz [42000-178]
2021-12-18 04:06:30.697 [main] INFO  com.zaxxer.hikari.HikariDataSource - HikariCP pool HikariPool-1 is starting.
2021-12-18 04:06:30.702 [main] INFO  com.zaxxer.hikari.pool.HikariPool - HikariCP pool HikariPool-1 is shutting down.
2021-12-18 04:06:30.781 [main] INFO  com.github.davidmoten.rx.jdbc.DatabaseTestBase - committed 1
2021-12-18 04:06:30.781 [main] INFO  com.github.davidmoten.rx.jdbc.DatabaseTestBase - gets ok
2021-12-18 04:06:30.782 [main] INFO  com.github.davidmoten.rx.jdbc.DatabaseTestBase - closes ok
2021-12-18 04:06:30.785 [main] INFO  com.github.davidmoten.rx.RxUtil - rx.Observable@3527942a
2021-12-18 04:06:30.786 [main] INFO  com.github.davidmoten.rx.RxUtil - rx.Observable@3527942a
2021-12-18 04:06:30.786 [main] INFO  com.github.davidmoten.rx.RxUtil - rx.Observable@942a29c
2021-12-18 04:06:30.787 [main] INFO  com.github.davidmoten.rx.RxUtil - rx.Observable@5a45133e
2021-12-18 04:06:30.787 [main] INFO  com.github.davidmoten.rx.RxUtil - rx.Observable@5a45133e
2021-12-18 04:06:30.787 [main] INFO  com.github.davidmoten.rx.RxUtil - rx.Observable@534a5a98
2021-12-18 04:06:30.833 [main] INFO  com.github.davidmoten.rx.RxUtil - 99
2021-12-18 04:06:30.834 [main] INFO  com.github.davidmoten.rx.RxUtil - 88
2021-12-18 04:06:30.940 [RxComputationThreadPool-7] INFO  com.github.davidmoten.rx.RxUtil - 0
2021-12-18 04:06:30.941 [RxCachedThreadScheduler-3] INFO  com.github.davidmoten.rx.RxUtil - 21
threads=[main]
2021-12-18 04:06:31.100 [main] INFO  com.zaxxer.hikari.HikariDataSource - HikariCP pool HikariPool-2 is starting.
[MARMADUKE, JOSEPH, MARMADUKE, JOSEPH, MARMADUKE, MARMADUKE, MARMADUKE, JOSEPH, MARMADUKE, JOSEPH, MARMADUKE, MARMADUKE]
2021-12-18 04:06:31.472 [main] INFO  com.github.davidmoten.rx.RxUtil - 99
2021-12-18 04:06:31.473 [main] INFO  com.github.davidmoten.rx.RxUtil - 88
2021-12-18 04:06:31.499 [RxCachedThreadScheduler-1] INFO  com.github.davidmoten.rx.RxUtil - 3
Column "NAMEZ" not found; SQL statement:
select namez from person where name=? [42122-178]
Column "NAMEZ" not found; SQL statement:
select namez from person where name=? [42122-178]
Tests run: 98, Failures: 0, Errors: 0, Skipped: 0, Time elapsed: 3.533 sec
Running com.github.davidmoten.rx.jdbc.DatabaseMasterDetailTest
MasterAndDetails [id=1, name=FRED, details=[Detail [id=10, description=a good fellow], Detail [id=11, description=rides his bike]]]
MasterAndDetails [id=2, name=JOHN, details=[Detail [id=20, description=a bit of a bore], Detail [id=21, description=is a good cook]]]
Tests run: 2, Failures: 0, Errors: 0, Skipped: 0, Time elapsed: 0.199 sec
Running com.github.davidmoten.rx.jdbc.DatabaseSyncTest
2021-12-18 04:06:31.951 [main] INFO  com.github.davidmoten.rx.RxUtil - 1
2021-12-18 04:06:31.952 [main] INFO  com.github.davidmoten.rx.RxUtil - 2
2021-12-18 04:06:31.952 [main] INFO  com.github.davidmoten.rx.RxUtil - 3
2021-12-18 04:06:32.067 [RxComputationThreadPool-9] INFO  com.github.davidmoten.rx.RxUtil - 0
2021-12-18 04:06:32.068 [RxComputationThreadPool-9] INFO  com.github.davidmoten.rx.RxUtil - 21
2021-12-18 04:06:32.079 [main] INFO  com.zaxxer.hikari.HikariDataSource - HikariCP pool HikariPool-3 is starting.
2021-12-18 04:06:32.105 [main] INFO  com.github.davidmoten.rx.RxUtil - 21
2021-12-18 04:06:32.105 [main] INFO  com.github.davidmoten.rx.RxUtil - 34
2021-12-18 04:06:32.125 [main] INFO  com.github.davidmoten.rx.RxUtil - rx.Observable@66982506
2021-12-18 04:06:32.125 [main] INFO  com.github.davidmoten.rx.RxUtil - rx.Observable@66982506
2021-12-18 04:06:32.126 [main] INFO  com.github.davidmoten.rx.RxUtil - rx.Observable@70cf32e3
2021-12-18 04:06:32.126 [main] INFO  com.github.davidmoten.rx.RxUtil - rx.Observable@4bdeaabb
2021-12-18 04:06:32.126 [main] INFO  com.github.davidmoten.rx.RxUtil - rx.Observable@4bdeaabb
2021-12-18 04:06:32.127 [main] INFO  com.github.davidmoten.rx.RxUtil - rx.Observable@6c4906d3
2021-12-18 04:06:32.132 [main] INFO  com.github.davidmoten.rx.jdbc.DatabaseTestBase - committed 1
2021-12-18 04:06:32.132 [main] INFO  com.github.davidmoten.rx.jdbc.DatabaseTestBase - gets ok
2021-12-18 04:06:32.132 [main] INFO  com.github.davidmoten.rx.jdbc.DatabaseTestBase - closes ok
Syntax error in SQL statement "ZZZ[*] "; SQL statement:
zzz [42000-178]
Syntax error in SQL statement "ZZZ[*] "; SQL statement:
zzz [42000-178]
2021-12-18 04:06:32.154 [main] INFO  com.zaxxer.hikari.HikariDataSource - HikariCP pool HikariPool-4 is starting.
2021-12-18 04:06:32.158 [main] INFO  com.zaxxer.hikari.pool.HikariPool - HikariCP pool HikariPool-4 is shutting down.
2021-12-18 04:06:32.163 [main] INFO  com.github.davidmoten.rx.jdbc.DatabaseTestBase - committed 1
2021-12-18 04:06:32.164 [main] INFO  com.github.davidmoten.rx.jdbc.DatabaseTestBase - gets ok
2021-12-18 04:06:32.164 [main] INFO  com.github.davidmoten.rx.jdbc.DatabaseTestBase - closes ok
2021-12-18 04:06:32.165 [main] INFO  com.github.davidmoten.rx.RxUtil - rx.Observable@68c9d179
2021-12-18 04:06:32.165 [main] INFO  com.github.davidmoten.rx.RxUtil - rx.Observable@68c9d179
2021-12-18 04:06:32.165 [main] INFO  com.github.davidmoten.rx.RxUtil - rx.Observable@d554c5f
2021-12-18 04:06:32.166 [main] INFO  com.github.davidmoten.rx.RxUtil - rx.Observable@15888343
2021-12-18 04:06:32.166 [main] INFO  com.github.davidmoten.rx.RxUtil - rx.Observable@15888343
2021-12-18 04:06:32.166 [main] INFO  com.github.davidmoten.rx.RxUtil - rx.Observable@33ecda92
2021-12-18 04:06:32.181 [main] INFO  com.github.davidmoten.rx.RxUtil - 99
2021-12-18 04:06:32.182 [main] INFO  com.github.davidmoten.rx.RxUtil - 88
2021-12-18 04:06:32.284 [RxComputationThreadPool-10] INFO  com.github.davidmoten.rx.RxUtil - 0
2021-12-18 04:06:32.286 [RxComputationThreadPool-10] INFO  com.github.davidmoten.rx.RxUtil - 21
threads=[main]
2021-12-18 04:06:32.302 [main] INFO  com.zaxxer.hikari.HikariDataSource - HikariCP pool HikariPool-5 is starting.
[MARMADUKE, JOSEPH, MARMADUKE, JOSEPH, MARMADUKE, MARMADUKE, MARMADUKE, JOSEPH, MARMADUKE, JOSEPH, MARMADUKE, MARMADUKE]
2021-12-18 04:06:32.330 [main] INFO  com.github.davidmoten.rx.RxUtil - 99
2021-12-18 04:06:32.331 [main] INFO  com.github.davidmoten.rx.RxUtil - 88
2021-12-18 04:06:32.342 [main] INFO  com.github.davidmoten.rx.RxUtil - 3
Column "NAMEZ" not found; SQL statement:
select namez from person where name=? [42122-178]
Column "NAMEZ" not found; SQL statement:
select namez from person where name=? [42122-178]
Tests run: 97, Failures: 0, Errors: 0, Skipped: 0, Time elapsed: 0.538 sec
Running com.github.davidmoten.rx.jdbc.DatabaseViaDataSourceTest
2021-12-18 04:06:32.557 [main] INFO  com.github.davidmoten.rx.RxUtil - 1
2021-12-18 04:06:32.558 [main] INFO  com.github.davidmoten.rx.RxUtil - 2
2021-12-18 04:06:32.558 [main] INFO  com.github.davidmoten.rx.RxUtil - 3
2021-12-18 04:06:32.669 [RxComputationThreadPool-12] INFO  com.github.davidmoten.rx.RxUtil - 0
2021-12-18 04:06:32.670 [RxComputationThreadPool-12] INFO  com.github.davidmoten.rx.RxUtil - 21
2021-12-18 04:06:32.678 [main] INFO  com.zaxxer.hikari.HikariDataSource - HikariCP pool HikariPool-6 is starting.
2021-12-18 04:06:32.703 [main] INFO  com.github.davidmoten.rx.RxUtil - 21
2021-12-18 04:06:32.704 [main] INFO  com.github.davidmoten.rx.RxUtil - 34
2021-12-18 04:06:32.724 [main] INFO  com.github.davidmoten.rx.RxUtil - rx.Observable@609bcfb6
2021-12-18 04:06:32.724 [main] INFO  com.github.davidmoten.rx.RxUtil - rx.Observable@609bcfb6
2021-12-18 04:06:32.725 [main] INFO  com.github.davidmoten.rx.RxUtil - rx.Observable@7d94beb9
2021-12-18 04:06:32.725 [main] INFO  com.github.davidmoten.rx.RxUtil - rx.Observable@1df8b5b8
2021-12-18 04:06:32.725 [main] INFO  com.github.davidmoten.rx.RxUtil - rx.Observable@1df8b5b8
2021-12-18 04:06:32.725 [main] INFO  com.github.davidmoten.rx.RxUtil - rx.Observable@23202fce
2021-12-18 04:06:32.729 [main] INFO  com.github.davidmoten.rx.jdbc.DatabaseTestBase - committed 1
2021-12-18 04:06:32.729 [main] INFO  com.github.davidmoten.rx.jdbc.DatabaseTestBase - gets ok
2021-12-18 04:06:32.729 [main] INFO  com.github.davidmoten.rx.jdbc.DatabaseTestBase - closes ok
Syntax error in SQL statement "ZZZ[*] "; SQL statement:
zzz [42000-178]
Syntax error in SQL statement "ZZZ[*] "; SQL statement:
zzz [42000-178]
2021-12-18 04:06:32.746 [main] INFO  com.zaxxer.hikari.HikariDataSource - HikariCP pool HikariPool-7 is starting.
2021-12-18 04:06:32.749 [main] INFO  com.zaxxer.hikari.pool.HikariPool - HikariCP pool HikariPool-7 is shutting down.
2021-12-18 04:06:32.753 [main] INFO  com.github.davidmoten.rx.jdbc.DatabaseTestBase - committed 1
2021-12-18 04:06:32.753 [main] INFO  com.github.davidmoten.rx.jdbc.DatabaseTestBase - gets ok
2021-12-18 04:06:32.753 [main] INFO  com.github.davidmoten.rx.jdbc.DatabaseTestBase - closes ok
2021-12-18 04:06:32.755 [main] INFO  com.github.davidmoten.rx.RxUtil - rx.Observable@59e2d8e3
2021-12-18 04:06:32.755 [main] INFO  com.github.davidmoten.rx.RxUtil - rx.Observable@59e2d8e3
2021-12-18 04:06:32.755 [main] INFO  com.github.davidmoten.rx.RxUtil - rx.Observable@2b72cb8a
2021-12-18 04:06:32.756 [main] INFO  com.github.davidmoten.rx.RxUtil - rx.Observable@5d43661b
2021-12-18 04:06:32.756 [main] INFO  com.github.davidmoten.rx.RxUtil - rx.Observable@5d43661b
2021-12-18 04:06:32.756 [main] INFO  com.github.davidmoten.rx.RxUtil - rx.Observable@12299890
2021-12-18 04:06:32.771 [main] INFO  com.github.davidmoten.rx.RxUtil - 99
2021-12-18 04:06:32.772 [main] INFO  com.github.davidmoten.rx.RxUtil - 88
2021-12-18 04:06:32.875 [RxComputationThreadPool-13] INFO  com.github.davidmoten.rx.RxUtil - 0
2021-12-18 04:06:32.876 [RxComputationThreadPool-13] INFO  com.github.davidmoten.rx.RxUtil - 21
threads=[main]
2021-12-18 04:06:32.890 [main] INFO  com.zaxxer.hikari.HikariDataSource - HikariCP pool HikariPool-8 is starting.
[MARMADUKE, JOSEPH, MARMADUKE, JOSEPH, MARMADUKE, MARMADUKE, MARMADUKE, JOSEPH, MARMADUKE, JOSEPH, MARMADUKE, MARMADUKE]
2021-12-18 04:06:32.913 [main] INFO  com.github.davidmoten.rx.RxUtil - 99
2021-12-18 04:06:32.914 [main] INFO  com.github.davidmoten.rx.RxUtil - 88
2021-12-18 04:06:32.928 [main] INFO  com.github.davidmoten.rx.RxUtil - 3
Column "NAMEZ" not found; SQL statement:
select namez from person where name=? [42122-178]
Column "NAMEZ" not found; SQL statement:
select namez from person where name=? [42122-178]
Tests run: 97, Failures: 0, Errors: 0, Skipped: 0, Time elapsed: 0.583 sec
Running com.github.davidmoten.rx.jdbc.QueriesTest
Tests run: 1, Failures: 0, Errors: 0, Skipped: 0, Time elapsed: 0 sec
Running com.github.davidmoten.rx.jdbc.UtilTest
Tests run: 55, Failures: 0, Errors: 0, Skipped: 0, Time elapsed: 0.27 sec
Running com.github.davidmoten.rx.jdbc.tuple.TuplesTest
Tests run: 1, Failures: 0, Errors: 0, Skipped: 0, Time elapsed: 0 sec

Results :

Tests run: 365, Failures: 0, Errors: 0, Skipped: 0

[INFO] ------------------------------------------------------------------------
[INFO] BUILD SUCCESS
[INFO] ------------------------------------------------------------------------
[INFO] Total time: 17.769 s
[INFO] Finished at: 2021-12-18T04:06:33+00:00
[INFO] Final Memory: 18M/372M
[INFO] ------------------------------------------------------------------------

travis_time:end:1b6fb3cd:start=1639800374478742618,finish=1639800393578649724,duration=19099907106[0K
[32;1mThe command "mvn test -Dhttps.protocols=TLSv1.2 -B" exited with 0.[0m

Done. Your build exited with 0.
