travis_fold:start:system_info[0K[33;1mBuild system information[0m
Build language: java
Build group: stable
Build dist: precise
Build id: ''
Job id: ''
[34m[1mBuild image provisioning date and time[0m
Thu Feb  5 15:09:33 UTC 2015
[34m[1mOperating System Details[0m
Distributor ID:	Ubuntu
Description:	Ubuntu 12.04.5 LTS
Release:	12.04
Codename:	precise
[34m[1mLinux Version[0m
3.13.0-29-generic
[34m[1mCookbooks Version[0m
a68419e https://github.com/travis-ci/travis-cookbooks/tree/a68419e
[34m[1mGCC version[0m
gcc (Ubuntu/Linaro 4.6.3-1ubuntu5) 4.6.3
Copyright (C) 2011 Free Software Foundation, Inc.
This is free software; see the source for copying conditions.  There is NO
warranty; not even for MERCHANTABILITY or FITNESS FOR A PARTICULAR PURPOSE.

[34m[1mLLVM version[0m
clang version 3.4 (tags/RELEASE_34/final)
Target: x86_64-unknown-linux-gnu
Thread model: posix
[34m[1mPre-installed Ruby versions[0m
ruby-1.9.3-p551
[34m[1mPre-installed Node.js versions[0m
v0.10.36
[34m[1mPre-installed Go versions[0m
1.4.1
[34m[1mRedis version[0m
redis-server 2.8.19
[34m[1mriak version[0m
2.0.2
[34m[1mMongoDB version[0m
MongoDB 2.4.12
[34m[1mCouchDB version[0m
couchdb 1.6.1
[34m[1mNeo4j version[0m
1.9.4
[34m[1mRabbitMQ Version[0m
3.4.3
[34m[1mElasticSearch version[0m
1.4.0
[34m[1mInstalled Sphinx versions[0m
2.0.10
2.1.9
2.2.6
[34m[1mDefault Sphinx version[0m
2.2.6
[34m[1mInstalled Firefox version[0m
firefox 31.0esr
[34m[1mPhantomJS version[0m
1.9.8
[34m[1mant -version[0m
Apache Ant(TM) version 1.8.2 compiled on December 3 2011
[34m[1mmvn -version[0m
Apache Maven 3.2.5 (12a6b3acb947671f09b81f49094c53f426d8cea1; 2014-12-14T17:29:23+00:00)
Maven home: /usr/local/maven
Java version: 1.7.0_76, vendor: Oracle Corporation
Java home: /usr/lib/jvm/java-7-oracle/jre
Default locale: en_US, platform encoding: ANSI_X3.4-1968
OS name: "linux", version: "3.13.0-29-generic", arch: "amd64", family: "unix"
travis_fold:end:system_info[0K
W: Failed to fetch http://us.archive.ubuntu.com/ubuntu/dists/precise/main/source/Sources  404  Not Found [IP: 91.189.91.38 80]

W: Failed to fetch http://us.archive.ubuntu.com/ubuntu/dists/precise/restricted/source/Sources  404  Not Found [IP: 91.189.91.38 80]

W: Failed to fetch http://us.archive.ubuntu.com/ubuntu/dists/precise/universe/source/Sources  404  Not Found [IP: 91.189.91.38 80]

W: Failed to fetch http://us.archive.ubuntu.com/ubuntu/dists/precise/multiverse/source/Sources  404  Not Found [IP: 91.189.91.38 80]

W: Failed to fetch http://us.archive.ubuntu.com/ubuntu/dists/precise/main/binary-amd64/Packages  404  Not Found [IP: 91.189.91.38 80]

W: Failed to fetch http://us.archive.ubuntu.com/ubuntu/dists/precise/restricted/binary-amd64/Packages  404  Not Found [IP: 91.189.91.38 80]

W: Failed to fetch http://us.archive.ubuntu.com/ubuntu/dists/precise/universe/binary-amd64/Packages  404  Not Found [IP: 91.189.91.38 80]

W: Failed to fetch http://us.archive.ubuntu.com/ubuntu/dists/precise/multiverse/binary-amd64/Packages  404  Not Found [IP: 91.189.91.38 80]

W: Failed to fetch http://us.archive.ubuntu.com/ubuntu/dists/precise/main/binary-i386/Packages  404  Not Found [IP: 91.189.91.38 80]

W: Failed to fetch http://us.archive.ubuntu.com/ubuntu/dists/precise/restricted/binary-i386/Packages  404  Not Found [IP: 91.189.91.38 80]

W: Failed to fetch http://us.archive.ubuntu.com/ubuntu/dists/precise/universe/binary-i386/Packages  404  Not Found [IP: 91.189.91.38 80]

W: Failed to fetch http://us.archive.ubuntu.com/ubuntu/dists/precise/multiverse/binary-i386/Packages  404  Not Found [IP: 91.189.91.38 80]

W: Failed to fetch http://us.archive.ubuntu.com/ubuntu/dists/precise-updates/main/source/Sources  404  Not Found [IP: 91.189.91.38 80]

W: Failed to fetch http://us.archive.ubuntu.com/ubuntu/dists/precise-updates/restricted/source/Sources  404  Not Found [IP: 91.189.91.38 80]

W: Failed to fetch http://us.archive.ubuntu.com/ubuntu/dists/precise-updates/universe/source/Sources  404  Not Found [IP: 91.189.91.38 80]

W: Failed to fetch http://us.archive.ubuntu.com/ubuntu/dists/precise-updates/multiverse/source/Sources  404  Not Found [IP: 91.189.91.38 80]

W: Failed to fetch http://us.archive.ubuntu.com/ubuntu/dists/precise-updates/main/binary-amd64/Packages  404  Not Found [IP: 91.189.91.38 80]

W: Failed to fetch http://us.archive.ubuntu.com/ubuntu/dists/precise-updates/restricted/binary-amd64/Packages  404  Not Found [IP: 91.189.91.38 80]

W: Failed to fetch http://us.archive.ubuntu.com/ubuntu/dists/precise-updates/universe/binary-amd64/Packages  404  Not Found [IP: 91.189.91.38 80]

W: Failed to fetch http://us.archive.ubuntu.com/ubuntu/dists/precise-updates/multiverse/binary-amd64/Packages  404  Not Found [IP: 91.189.91.38 80]

W: Failed to fetch http://us.archive.ubuntu.com/ubuntu/dists/precise-updates/main/binary-i386/Packages  404  Not Found [IP: 91.189.91.38 80]

W: Failed to fetch http://us.archive.ubuntu.com/ubuntu/dists/precise-updates/restricted/binary-i386/Packages  404  Not Found [IP: 91.189.91.38 80]

W: Failed to fetch http://us.archive.ubuntu.com/ubuntu/dists/precise-updates/universe/binary-i386/Packages  404  Not Found [IP: 91.189.91.38 80]

W: Failed to fetch http://us.archive.ubuntu.com/ubuntu/dists/precise-updates/multiverse/binary-i386/Packages  404  Not Found [IP: 91.189.91.38 80]

W: Failed to fetch http://security.ubuntu.com/ubuntu/dists/precise-security/main/source/Sources  404  Not Found [IP: 185.125.190.36 80]

W: Failed to fetch http://security.ubuntu.com/ubuntu/dists/precise-security/restricted/source/Sources  404  Not Found [IP: 185.125.190.36 80]

W: Failed to fetch http://security.ubuntu.com/ubuntu/dists/precise-security/universe/source/Sources  404  Not Found [IP: 185.125.190.36 80]

W: Failed to fetch http://security.ubuntu.com/ubuntu/dists/precise-security/multiverse/source/Sources  404  Not Found [IP: 185.125.190.36 80]

W: Failed to fetch http://security.ubuntu.com/ubuntu/dists/precise-security/main/binary-amd64/Packages  404  Not Found [IP: 185.125.190.36 80]

W: Failed to fetch http://security.ubuntu.com/ubuntu/dists/precise-security/restricted/binary-amd64/Packages  404  Not Found [IP: 185.125.190.36 80]

W: Failed to fetch http://security.ubuntu.com/ubuntu/dists/precise-security/universe/binary-amd64/Packages  404  Not Found [IP: 185.125.190.36 80]

W: Failed to fetch http://security.ubuntu.com/ubuntu/dists/precise-security/multiverse/binary-amd64/Packages  404  Not Found [IP: 185.125.190.36 80]

W: Failed to fetch http://security.ubuntu.com/ubuntu/dists/precise-security/main/binary-i386/Packages  404  Not Found [IP: 185.125.190.36 80]

W: Failed to fetch http://security.ubuntu.com/ubuntu/dists/precise-security/restricted/binary-i386/Packages  404  Not Found [IP: 185.125.190.36 80]

W: Failed to fetch http://security.ubuntu.com/ubuntu/dists/precise-security/universe/binary-i386/Packages  404  Not Found [IP: 185.125.190.36 80]

W: Failed to fetch http://security.ubuntu.com/ubuntu/dists/precise-security/multiverse/binary-i386/Packages  404  Not Found [IP: 185.125.190.36 80]

W: Failed to fetch http://us.archive.ubuntu.com/ubuntu/dists/precise-backports/main/source/Sources  404  Not Found [IP: 91.189.91.38 80]

W: Failed to fetch http://us.archive.ubuntu.com/ubuntu/dists/precise-backports/restricted/source/Sources  404  Not Found [IP: 91.189.91.38 80]

W: Failed to fetch http://us.archive.ubuntu.com/ubuntu/dists/precise-backports/universe/source/Sources  404  Not Found [IP: 91.189.91.38 80]

W: Failed to fetch http://us.archive.ubuntu.com/ubuntu/dists/precise-backports/multiverse/source/Sources  404  Not Found [IP: 91.189.91.38 80]

W: Failed to fetch http://us.archive.ubuntu.com/ubuntu/dists/precise-backports/main/binary-amd64/Packages  404  Not Found [IP: 91.189.91.38 80]

W: Failed to fetch http://us.archive.ubuntu.com/ubuntu/dists/precise-backports/restricted/binary-amd64/Packages  404  Not Found [IP: 91.189.91.38 80]

W: Failed to fetch http://us.archive.ubuntu.com/ubuntu/dists/precise-backports/universe/binary-amd64/Packages  404  Not Found [IP: 91.189.91.38 80]

W: Failed to fetch http://us.archive.ubuntu.com/ubuntu/dists/precise-backports/multiverse/binary-amd64/Packages  404  Not Found [IP: 91.189.91.38 80]

W: Failed to fetch http://us.archive.ubuntu.com/ubuntu/dists/precise-backports/main/binary-i386/Packages  404  Not Found [IP: 91.189.91.38 80]

W: Failed to fetch http://us.archive.ubuntu.com/ubuntu/dists/precise-backports/restricted/binary-i386/Packages  404  Not Found [IP: 91.189.91.38 80]

W: Failed to fetch http://us.archive.ubuntu.com/ubuntu/dists/precise-backports/universe/binary-i386/Packages  404  Not Found [IP: 91.189.91.38 80]

W: Failed to fetch http://us.archive.ubuntu.com/ubuntu/dists/precise-backports/multiverse/binary-i386/Packages  404  Not Found [IP: 91.189.91.38 80]

W: Failed to fetch http://apt.postgresql.org/pub/repos/apt/dists/precise-pgdg/main/binary-amd64/Packages  404  Not Found [IP: 217.196.149.55 80]

W: Failed to fetch http://apt.postgresql.org/pub/repos/apt/dists/precise-pgdg/main/binary-i386/Packages  404  Not Found [IP: 217.196.149.55 80]

W: Failed to fetch http://ppa.launchpad.net/rwky/ppa/ubuntu/dists/precise/main/binary-amd64/Packages  403  Forbidden

W: Failed to fetch http://ppa.launchpad.net/rwky/ppa/ubuntu/dists/precise/main/binary-i386/Packages  403  Forbidden

W: Failed to fetch http://ppa.launchpad.net/travis-ci/zero-mq/ubuntu/dists/precise/main/binary-amd64/Packages  403  Forbidden

W: Failed to fetch http://ppa.launchpad.net/travis-ci/zero-mq/ubuntu/dists/precise/main/binary-i386/Packages  403  Forbidden

W: Failed to fetch http://downloads-distro.mongodb.org/repo/debian-sysvinit/dists/dist/10gen/binary-amd64/Packages  Undetermined Error [IP: 54.175.147.155 80]

W: Failed to fetch http://downloads-distro.mongodb.org/repo/debian-sysvinit/dists/dist/10gen/binary-i386/Packages  Undetermined Error [IP: 54.175.147.155 80]

E: Some index files failed to download. They have been ignored, or old ones used instead.
sed: cannot rename /etc/hosts: Device or resource busy
sed: cannot rename /etc/hosts: Device or resource busy
$ jdk_switcher use openjdk7
Switching to OpenJDK7 (java-1.7.0-openjdk-amd64), JAVA_HOME will be set to /usr/lib/jvm/java-7-openjdk-amd64
$ cd passed/davidmoten/rxjava-jdbc
$ java -Xmx32m -version
java version "1.7.0_75"
OpenJDK Runtime Environment (IcedTea 2.5.4) (7u75-2.5.4-1~precise1)
OpenJDK 64-Bit Server VM (build 24.75-b04, mixed mode)
$ javac -J-Xmx32m -version
javac 1.7.0_75
travis_fold:start:install[0Ktravis_time:start:0ef89586[0K$ mvn -o install -Dhttps.protocols=TLSv1.2 -Dhttps.protocols=TLSv1.2 -Dhttps.protocols=TLSv1.2 -DskipTests=true -Dmaven.javadoc.skip=true -B -V
Apache Maven 3.2.5 (12a6b3acb947671f09b81f49094c53f426d8cea1; 2014-12-14T17:29:23+00:00)
Maven home: /usr/local/maven
Java version: 1.7.0_75, vendor: Oracle Corporation
Java home: /usr/lib/jvm/java-7-openjdk-amd64/jre
Default locale: en_US, platform encoding: UTF-8
OS name: "linux", version: "4.15.0-109-generic", arch: "amd64", family: "unix"
[INFO] Scanning for projects...
[INFO] Inspecting build with total of 1 modules...
[INFO] Installing Nexus Staging features:
[INFO]   ... total of 1 executions of maven-deploy-plugin replaced with nexus-staging-maven-plugin
[INFO]                                                                         
[INFO] ------------------------------------------------------------------------
[INFO] Building rxjava-jdbc 0.7.3-RC3-SNAPSHOT
[INFO] ------------------------------------------------------------------------
[INFO] 
[INFO] --- maven-resources-plugin:2.6:resources (default-resources) @ rxjava-jdbc ---
[INFO] Using 'UTF-8' encoding to copy filtered resources.
[INFO] skip non existing resourceDirectory /home/travis/build/passed/davidmoten/rxjava-jdbc/src/main/resources
[INFO] 
[INFO] --- maven-compiler-plugin:3.5.1:compile (default-compile) @ rxjava-jdbc ---
[INFO] Changes detected - recompiling the module!
[INFO] Compiling 52 source files to /home/travis/build/passed/davidmoten/rxjava-jdbc/target/classes
[INFO] 
[INFO] --- maven-resources-plugin:2.6:testResources (default-testResources) @ rxjava-jdbc ---
[INFO] Using 'UTF-8' encoding to copy filtered resources.
[INFO] Copying 4 resources
[INFO] 
[INFO] --- maven-compiler-plugin:3.5.1:testCompile (default-testCompile) @ rxjava-jdbc ---
[INFO] Nothing to compile - all classes are up to date
[INFO] 
[INFO] --- maven-surefire-plugin:2.12.4:test (default-test) @ rxjava-jdbc ---
[INFO] Tests are skipped.
[INFO] 
[INFO] --- maven-jar-plugin:2.4:jar (default-jar) @ rxjava-jdbc ---
[INFO] Building jar: /home/travis/build/passed/davidmoten/rxjava-jdbc/target/rxjava-jdbc-0.7.3-RC3-SNAPSHOT.jar
[INFO] 
[INFO] --- maven-javadoc-plugin:2.10.3:jar (attach-javadocs) @ rxjava-jdbc ---
[INFO] Skipping javadoc generation
[INFO] 
[INFO] --- maven-site-plugin:3.4:attach-descriptor (attach-descriptor) @ rxjava-jdbc ---
[INFO] 
[INFO] --- maven-install-plugin:2.4:install (default-install) @ rxjava-jdbc ---
[INFO] Installing /home/travis/build/passed/davidmoten/rxjava-jdbc/target/rxjava-jdbc-0.7.3-RC3-SNAPSHOT.jar to /home/travis/.m2/repository/com/github/davidmoten/rxjava-jdbc/0.7.3-RC3-SNAPSHOT/rxjava-jdbc-0.7.3-RC3-SNAPSHOT.jar
[INFO] Installing /home/travis/build/passed/davidmoten/rxjava-jdbc/pom.xml to /home/travis/.m2/repository/com/github/davidmoten/rxjava-jdbc/0.7.3-RC3-SNAPSHOT/rxjava-jdbc-0.7.3-RC3-SNAPSHOT.pom
[INFO] ------------------------------------------------------------------------
[INFO] BUILD SUCCESS
[INFO] ------------------------------------------------------------------------
[INFO] Total time: 5.805 s
[INFO] Finished at: 2022-06-21T09:47:30+00:00
[INFO] Final Memory: 25M/491M
[INFO] ------------------------------------------------------------------------

travis_time:end:0ef89586:start=1655804843448894688,finish=1655804850794873315,duration=7345978627[0Ktravis_fold:end:install[0Ktravis_time:start:0101d5d0[0K$ mvn test -Dhttps.protocols=TLSv1.2 -Dhttps.protocols=TLSv1.2 -Dhttps.protocols=TLSv1.2 -B
[INFO] Scanning for projects...
[INFO] Inspecting build with total of 1 modules...
[INFO] Installing Nexus Staging features:
[INFO]   ... total of 1 executions of maven-deploy-plugin replaced with nexus-staging-maven-plugin
[INFO]                                                                         
[INFO] ------------------------------------------------------------------------
[INFO] Building rxjava-jdbc 0.7.3-RC3-SNAPSHOT
[INFO] ------------------------------------------------------------------------
[INFO] 
[INFO] --- maven-resources-plugin:2.6:resources (default-resources) @ rxjava-jdbc ---
[INFO] Using 'UTF-8' encoding to copy filtered resources.
[INFO] skip non existing resourceDirectory /home/travis/build/passed/davidmoten/rxjava-jdbc/src/main/resources
[INFO] 
[INFO] --- maven-compiler-plugin:3.5.1:compile (default-compile) @ rxjava-jdbc ---
[INFO] Changes detected - recompiling the module!
[INFO] Compiling 52 source files to /home/travis/build/passed/davidmoten/rxjava-jdbc/target/classes
[INFO] 
[INFO] --- maven-resources-plugin:2.6:testResources (default-testResources) @ rxjava-jdbc ---
[INFO] Using 'UTF-8' encoding to copy filtered resources.
[INFO] Copying 4 resources
[INFO] 
[INFO] --- maven-compiler-plugin:3.5.1:testCompile (default-testCompile) @ rxjava-jdbc ---
[INFO] Nothing to compile - all classes are up to date
[INFO] 
[INFO] --- maven-surefire-plugin:2.12.4:test (default-test) @ rxjava-jdbc ---
[INFO] Surefire report directory: /home/travis/build/passed/davidmoten/rxjava-jdbc/target/surefire-reports

-------------------------------------------------------
 T E S T S
-------------------------------------------------------
Running com.github.davidmoten.rx.DynamicProxyTest
Tests run: 2, Failures: 0, Errors: 0, Skipped: 0, Time elapsed: 0.09 sec
Running com.github.davidmoten.rx.RetryTest
Tests run: 1, Failures: 0, Errors: 0, Skipped: 0, Time elapsed: 0.177 sec
Running com.github.davidmoten.rx.jdbc.BatchingTest
Tests run: 4, Failures: 0, Errors: 0, Skipped: 0, Time elapsed: 0.417 sec
Running com.github.davidmoten.rx.jdbc.ColumnNotFoundTest
Tests run: 1, Failures: 0, Errors: 0, Skipped: 0, Time elapsed: 0.009 sec
Running com.github.davidmoten.rx.jdbc.ConditionsTest
Tests run: 7, Failures: 0, Errors: 0, Skipped: 0, Time elapsed: 0.002 sec
Running com.github.davidmoten.rx.jdbc.ConnectionDemoTest
Tests run: 1, Failures: 0, Errors: 0, Skipped: 0, Time elapsed: 0.005 sec
Running com.github.davidmoten.rx.jdbc.ConnectionNonClosingTest
Tests run: 1, Failures: 0, Errors: 0, Skipped: 0, Time elapsed: 0.016 sec
Running com.github.davidmoten.rx.jdbc.ConnectionProviderAutoCommittingTest
Tests run: 1, Failures: 0, Errors: 0, Skipped: 0, Time elapsed: 0.026 sec
Running com.github.davidmoten.rx.jdbc.ConnectionProviderFromUrlTest
Tests run: 1, Failures: 0, Errors: 0, Skipped: 0, Time elapsed: 0.003 sec
Running com.github.davidmoten.rx.jdbc.DatabaseAsyncTest
2022-06-21 09:47:37.542 [RxComputationScheduler-3] INFO  com.github.davidmoten.rx.RxUtil - 0
2022-06-21 09:47:37.547 [RxIoScheduler-3] INFO  com.github.davidmoten.rx.RxUtil - 21
[FRED, JOSEPH, MARMADUKE]
2022-06-21 09:47:37.605 [main] INFO  com.zaxxer.hikari.HikariDataSource - HikariCP pool HikariPool-0 is starting.
2022-06-21 09:47:37.746 [RxIoScheduler-3] INFO  com.github.davidmoten.rx.RxUtil - 21
2022-06-21 09:47:37.747 [RxIoScheduler-2] INFO  com.github.davidmoten.rx.RxUtil - 34
2022-06-21 09:47:37.979 [main] INFO  com.github.davidmoten.rx.RxUtil - rx.internal.util.ScalarSynchronousObservable@523e0f04
2022-06-21 09:47:37.979 [main] INFO  com.github.davidmoten.rx.RxUtil - rx.internal.util.ScalarSynchronousObservable@523e0f04
2022-06-21 09:47:37.980 [main] INFO  com.github.davidmoten.rx.RxUtil - rx.Observable@684bf9ca
2022-06-21 09:47:37.981 [main] INFO  com.github.davidmoten.rx.RxUtil - rx.internal.util.ScalarSynchronousObservable@62b1f96f
2022-06-21 09:47:37.982 [main] INFO  com.github.davidmoten.rx.RxUtil - rx.internal.util.ScalarSynchronousObservable@62b1f96f
2022-06-21 09:47:37.982 [main] INFO  com.github.davidmoten.rx.RxUtil - rx.Observable@126f1908
2022-06-21 09:47:37.991 [main] INFO  com.github.davidmoten.rx.jdbc.DatabaseTestBase - committed 1
2022-06-21 09:47:37.991 [main] INFO  com.github.davidmoten.rx.jdbc.DatabaseTestBase - gets ok
2022-06-21 09:47:37.991 [main] INFO  com.github.davidmoten.rx.jdbc.DatabaseTestBase - closes ok
2022-06-21 09:47:38.048 [main] INFO  com.github.davidmoten.rx.RxUtil - 1
2022-06-21 09:47:38.048 [main] INFO  com.github.davidmoten.rx.RxUtil - 2
2022-06-21 09:47:38.048 [main] INFO  com.github.davidmoten.rx.RxUtil - 3
Syntax error in SQL statement "ZZZ[*] "; SQL statement:
zzz [42000-192]
Syntax error in SQL statement "ZZZ[*] "; SQL statement:
zzz [42000-192]
2022-06-21 09:47:38.199 [RxComputationScheduler-4] INFO  com.github.davidmoten.rx.RxUtil - 0
2022-06-21 09:47:38.200 [RxIoScheduler-2] INFO  com.github.davidmoten.rx.RxUtil - 21
2022-06-21 09:47:38.217 [main] INFO  com.zaxxer.hikari.HikariDataSource - HikariCP pool HikariPool-1 is starting.
2022-06-21 09:47:38.225 [main] INFO  com.zaxxer.hikari.pool.HikariPool - HikariCP pool HikariPool-1 is shutting down.
2022-06-21 09:47:38.252 [main] INFO  com.github.davidmoten.rx.jdbc.DatabaseTestBase - committed 1
2022-06-21 09:47:38.252 [main] INFO  com.github.davidmoten.rx.jdbc.DatabaseTestBase - gets ok
2022-06-21 09:47:38.252 [main] INFO  com.github.davidmoten.rx.jdbc.DatabaseTestBase - closes ok
2022-06-21 09:47:38.263 [main] INFO  com.github.davidmoten.rx.RxUtil - rx.Observable@27c8bfa4
2022-06-21 09:47:38.263 [main] INFO  com.github.davidmoten.rx.RxUtil - rx.Observable@27c8bfa4
2022-06-21 09:47:38.263 [main] INFO  com.github.davidmoten.rx.RxUtil - rx.Observable@6c9dbc63
2022-06-21 09:47:38.265 [main] INFO  com.github.davidmoten.rx.RxUtil - rx.Observable@3638487a
2022-06-21 09:47:38.266 [main] INFO  com.github.davidmoten.rx.RxUtil - rx.Observable@3638487a
2022-06-21 09:47:38.266 [main] INFO  com.github.davidmoten.rx.RxUtil - rx.Observable@291e5d65
2022-06-21 09:47:38.364 [main] INFO  com.github.davidmoten.rx.RxUtil - 99
2022-06-21 09:47:38.365 [main] INFO  com.github.davidmoten.rx.RxUtil - 88
threads=[main]
2022-06-21 09:47:38.450 [main] INFO  com.zaxxer.hikari.HikariDataSource - HikariCP pool HikariPool-2 is starting.
[MARMADUKE, JOSEPH, MARMADUKE, JOSEPH, MARMADUKE, MARMADUKE, MARMADUKE, JOSEPH, MARMADUKE, JOSEPH, MARMADUKE, MARMADUKE]
2022-06-21 09:47:38.561 [main] INFO  com.github.davidmoten.rx.RxUtil - 99
2022-06-21 09:47:38.563 [main] INFO  com.github.davidmoten.rx.RxUtil - 88
2022-06-21 09:47:38.647 [RxIoScheduler-2] INFO  com.github.davidmoten.rx.RxUtil - 3
Column "NAMEZ" not found; SQL statement:
select namez from person where name=? [42122-192]
Column "NAMEZ" not found; SQL statement:
select namez from person where name=? [42122-192]
Tests run: 114, Failures: 0, Errors: 0, Skipped: 0, Time elapsed: 1.669 sec
Running com.github.davidmoten.rx.jdbc.DatabaseDerbyTest
Tests run: 1, Failures: 0, Errors: 0, Skipped: 1, Time elapsed: 0 sec
Running com.github.davidmoten.rx.jdbc.DatabaseExampleTest
FRED has score 21
JOE has score 34
Tests run: 5, Failures: 0, Errors: 0, Skipped: 1, Time elapsed: 0.016 sec
Running com.github.davidmoten.rx.jdbc.DatabaseMasterDetailTest
MasterAndDetails [id=1, name=FRED, details=[Detail [id=10, description=a good fellow], Detail [id=11, description=rides his bike]]]
MasterAndDetails [id=2, name=JOHN, details=[Detail [id=20, description=a bit of a bore], Detail [id=21, description=is a good cook]]]
Tests run: 2, Failures: 0, Errors: 0, Skipped: 0, Time elapsed: 0.009 sec
Running com.github.davidmoten.rx.jdbc.DatabaseSyncTest
2022-06-21 09:47:39.015 [RxComputationScheduler-6] INFO  com.github.davidmoten.rx.RxUtil - 0
2022-06-21 09:47:39.016 [RxComputationScheduler-6] INFO  com.github.davidmoten.rx.RxUtil - 21
[FRED, JOSEPH, MARMADUKE]
2022-06-21 09:47:39.077 [main] INFO  com.zaxxer.hikari.HikariDataSource - HikariCP pool HikariPool-3 is starting.
2022-06-21 09:47:39.155 [main] INFO  com.github.davidmoten.rx.RxUtil - 21
2022-06-21 09:47:39.156 [main] INFO  com.github.davidmoten.rx.RxUtil - 34
2022-06-21 09:47:39.277 [main] INFO  com.github.davidmoten.rx.RxUtil - rx.internal.util.ScalarSynchronousObservable@4443baa7
2022-06-21 09:47:39.277 [main] INFO  com.github.davidmoten.rx.RxUtil - rx.internal.util.ScalarSynchronousObservable@4443baa7
2022-06-21 09:47:39.277 [main] INFO  com.github.davidmoten.rx.RxUtil - rx.Observable@3a934cf4
2022-06-21 09:47:39.280 [main] INFO  com.github.davidmoten.rx.RxUtil - rx.internal.util.ScalarSynchronousObservable@4d3eb23c
2022-06-21 09:47:39.280 [main] INFO  com.github.davidmoten.rx.RxUtil - rx.internal.util.ScalarSynchronousObservable@4d3eb23c
2022-06-21 09:47:39.280 [main] INFO  com.github.davidmoten.rx.RxUtil - rx.Observable@4f27a8c2
2022-06-21 09:47:39.290 [main] INFO  com.github.davidmoten.rx.jdbc.DatabaseTestBase - committed 1
2022-06-21 09:47:39.290 [main] INFO  com.github.davidmoten.rx.jdbc.DatabaseTestBase - gets ok
2022-06-21 09:47:39.290 [main] INFO  com.github.davidmoten.rx.jdbc.DatabaseTestBase - closes ok
2022-06-21 09:47:39.323 [main] INFO  com.github.davidmoten.rx.RxUtil - 1
2022-06-21 09:47:39.324 [main] INFO  com.github.davidmoten.rx.RxUtil - 2
2022-06-21 09:47:39.325 [main] INFO  com.github.davidmoten.rx.RxUtil - 3
Syntax error in SQL statement "ZZZ[*] "; SQL statement:
zzz [42000-192]
Syntax error in SQL statement "ZZZ[*] "; SQL statement:
zzz [42000-192]
2022-06-21 09:47:39.460 [RxComputationScheduler-7] INFO  com.github.davidmoten.rx.RxUtil - 0
2022-06-21 09:47:39.462 [RxComputationScheduler-7] INFO  com.github.davidmoten.rx.RxUtil - 21
2022-06-21 09:47:39.473 [main] INFO  com.zaxxer.hikari.HikariDataSource - HikariCP pool HikariPool-4 is starting.
2022-06-21 09:47:39.480 [main] INFO  com.zaxxer.hikari.pool.HikariPool - HikariCP pool HikariPool-4 is shutting down.
2022-06-21 09:47:39.494 [main] INFO  com.github.davidmoten.rx.jdbc.DatabaseTestBase - committed 1
2022-06-21 09:47:39.494 [main] INFO  com.github.davidmoten.rx.jdbc.DatabaseTestBase - gets ok
2022-06-21 09:47:39.494 [main] INFO  com.github.davidmoten.rx.jdbc.DatabaseTestBase - closes ok
2022-06-21 09:47:39.498 [main] INFO  com.github.davidmoten.rx.RxUtil - rx.Observable@4f69362e
2022-06-21 09:47:39.498 [main] INFO  com.github.davidmoten.rx.RxUtil - rx.Observable@4f69362e
2022-06-21 09:47:39.498 [main] INFO  com.github.davidmoten.rx.RxUtil - rx.Observable@4642ebd
2022-06-21 09:47:39.500 [main] INFO  com.github.davidmoten.rx.RxUtil - rx.Observable@54bf0a6b
2022-06-21 09:47:39.500 [main] INFO  com.github.davidmoten.rx.RxUtil - rx.Observable@54bf0a6b
2022-06-21 09:47:39.500 [main] INFO  com.github.davidmoten.rx.RxUtil - rx.Observable@4a452244
2022-06-21 09:47:39.558 [main] INFO  com.github.davidmoten.rx.RxUtil - 99
2022-06-21 09:47:39.559 [main] INFO  com.github.davidmoten.rx.RxUtil - 88
threads=[main]
2022-06-21 09:47:39.617 [main] INFO  com.zaxxer.hikari.HikariDataSource - HikariCP pool HikariPool-5 is starting.
[MARMADUKE, JOSEPH, MARMADUKE, JOSEPH, MARMADUKE, MARMADUKE, MARMADUKE, JOSEPH, MARMADUKE, JOSEPH, MARMADUKE, MARMADUKE]
2022-06-21 09:47:39.689 [main] INFO  com.github.davidmoten.rx.RxUtil - 99
2022-06-21 09:47:39.690 [main] INFO  com.github.davidmoten.rx.RxUtil - 88
2022-06-21 09:47:39.735 [main] INFO  com.github.davidmoten.rx.RxUtil - 3
Column "NAMEZ" not found; SQL statement:
select namez from person where name=? [42122-192]
Column "NAMEZ" not found; SQL statement:
select namez from person where name=? [42122-192]
Tests run: 113, Failures: 0, Errors: 0, Skipped: 0, Time elapsed: 1.041 sec
Running com.github.davidmoten.rx.jdbc.DatabaseViaDataSourceTest
2022-06-21 09:47:40.092 [RxComputationScheduler-9] INFO  com.github.davidmoten.rx.RxUtil - 0
2022-06-21 09:47:40.094 [RxComputationScheduler-9] INFO  com.github.davidmoten.rx.RxUtil - 21
[FRED, JOSEPH, MARMADUKE]
2022-06-21 09:47:40.128 [main] INFO  com.zaxxer.hikari.HikariDataSource - HikariCP pool HikariPool-6 is starting.
2022-06-21 09:47:40.192 [main] INFO  com.github.davidmoten.rx.RxUtil - 21
2022-06-21 09:47:40.193 [main] INFO  com.github.davidmoten.rx.RxUtil - 34
2022-06-21 09:47:40.278 [main] INFO  com.github.davidmoten.rx.RxUtil - rx.internal.util.ScalarSynchronousObservable@ad99f2d
2022-06-21 09:47:40.278 [main] INFO  com.github.davidmoten.rx.RxUtil - rx.internal.util.ScalarSynchronousObservable@ad99f2d
2022-06-21 09:47:40.279 [main] INFO  com.github.davidmoten.rx.RxUtil - rx.Observable@556148eb
2022-06-21 09:47:40.280 [main] INFO  com.github.davidmoten.rx.RxUtil - rx.internal.util.ScalarSynchronousObservable@3cf52e45
2022-06-21 09:47:40.280 [main] INFO  com.github.davidmoten.rx.RxUtil - rx.internal.util.ScalarSynchronousObservable@3cf52e45
2022-06-21 09:47:40.280 [main] INFO  com.github.davidmoten.rx.RxUtil - rx.Observable@4b0d347
2022-06-21 09:47:40.286 [main] INFO  com.github.davidmoten.rx.jdbc.DatabaseTestBase - committed 1
2022-06-21 09:47:40.286 [main] INFO  com.github.davidmoten.rx.jdbc.DatabaseTestBase - gets ok
2022-06-21 09:47:40.286 [main] INFO  com.github.davidmoten.rx.jdbc.DatabaseTestBase - closes ok
2022-06-21 09:47:40.312 [main] INFO  com.github.davidmoten.rx.RxUtil - 1
2022-06-21 09:47:40.313 [main] INFO  com.github.davidmoten.rx.RxUtil - 2
2022-06-21 09:47:40.314 [main] INFO  com.github.davidmoten.rx.RxUtil - 3
Syntax error in SQL statement "ZZZ[*] "; SQL statement:
zzz [42000-192]
Syntax error in SQL statement "ZZZ[*] "; SQL statement:
zzz [42000-192]
2022-06-21 09:47:40.442 [RxComputationScheduler-10] INFO  com.github.davidmoten.rx.RxUtil - 0
2022-06-21 09:47:40.445 [RxComputationScheduler-10] INFO  com.github.davidmoten.rx.RxUtil - 21
2022-06-21 09:47:40.458 [main] INFO  com.zaxxer.hikari.HikariDataSource - HikariCP pool HikariPool-7 is starting.
2022-06-21 09:47:40.464 [main] INFO  com.zaxxer.hikari.pool.HikariPool - HikariCP pool HikariPool-7 is shutting down.
2022-06-21 09:47:40.474 [main] INFO  com.github.davidmoten.rx.jdbc.DatabaseTestBase - committed 1
2022-06-21 09:47:40.474 [main] INFO  com.github.davidmoten.rx.jdbc.DatabaseTestBase - gets ok
2022-06-21 09:47:40.474 [main] INFO  com.github.davidmoten.rx.jdbc.DatabaseTestBase - closes ok
2022-06-21 09:47:40.477 [main] INFO  com.github.davidmoten.rx.RxUtil - rx.Observable@4ab6b2ab
2022-06-21 09:47:40.478 [main] INFO  com.github.davidmoten.rx.RxUtil - rx.Observable@4ab6b2ab
2022-06-21 09:47:40.478 [main] INFO  com.github.davidmoten.rx.RxUtil - rx.Observable@208c1edf
2022-06-21 09:47:40.480 [main] INFO  com.github.davidmoten.rx.RxUtil - rx.Observable@584ca76
2022-06-21 09:47:40.480 [main] INFO  com.github.davidmoten.rx.RxUtil - rx.Observable@584ca76
2022-06-21 09:47:40.480 [main] INFO  com.github.davidmoten.rx.RxUtil - rx.Observable@51080bce
2022-06-21 09:47:40.525 [main] INFO  com.github.davidmoten.rx.RxUtil - 99
2022-06-21 09:47:40.526 [main] INFO  com.github.davidmoten.rx.RxUtil - 88
threads=[main]
2022-06-21 09:47:40.574 [main] INFO  com.zaxxer.hikari.HikariDataSource - HikariCP pool HikariPool-8 is starting.
[MARMADUKE, JOSEPH, MARMADUKE, JOSEPH, MARMADUKE, MARMADUKE, MARMADUKE, JOSEPH, MARMADUKE, JOSEPH, MARMADUKE, MARMADUKE]
2022-06-21 09:47:40.657 [main] INFO  com.github.davidmoten.rx.RxUtil - 99
2022-06-21 09:47:40.658 [main] INFO  com.github.davidmoten.rx.RxUtil - 88
2022-06-21 09:47:40.701 [main] INFO  com.github.davidmoten.rx.RxUtil - 3
Column "NAMEZ" not found; SQL statement:
select namez from person where name=? [42122-192]
Column "NAMEZ" not found; SQL statement:
select namez from person where name=? [42122-192]
Tests run: 113, Failures: 0, Errors: 0, Skipped: 0, Time elapsed: 0.956 sec
Running com.github.davidmoten.rx.jdbc.ExceptionsTest
FRED
Tests run: 2, Failures: 0, Errors: 0, Skipped: 0, Time elapsed: 0.052 sec
Running com.github.davidmoten.rx.jdbc.NamedParametersTest
Tests run: 12, Failures: 0, Errors: 0, Skipped: 0, Time elapsed: 0.004 sec
Running com.github.davidmoten.rx.jdbc.QueriesTest
Tests run: 1, Failures: 0, Errors: 0, Skipped: 0, Time elapsed: 0 sec
Running com.github.davidmoten.rx.jdbc.TransactionOnNextOperatorTest
Tests run: 1, Failures: 0, Errors: 0, Skipped: 0, Time elapsed: 0.006 sec
Running com.github.davidmoten.rx.jdbc.UtilTest
Tests run: 60, Failures: 0, Errors: 0, Skipped: 0, Time elapsed: 0.476 sec
Running com.github.davidmoten.rx.jdbc.tuple.TuplesTest
Tests run: 1, Failures: 0, Errors: 0, Skipped: 0, Time elapsed: 0 sec

Results :

Tests run: 444, Failures: 0, Errors: 0, Skipped: 2

[INFO] ------------------------------------------------------------------------
[INFO] BUILD SUCCESS
[INFO] ------------------------------------------------------------------------
[INFO] Total time: 9.200 s
[INFO] Finished at: 2022-06-21T09:47:41+00:00
[INFO] Final Memory: 20M/491M
[INFO] ------------------------------------------------------------------------

travis_time:end:0101d5d0:start=1655804850805381942,finish=1655804861597820487,duration=10792438545[0K
[32;1mThe command "mvn test -Dhttps.protocols=TLSv1.2 -Dhttps.protocols=TLSv1.2 -Dhttps.protocols=TLSv1.2 -B" exited with 0.[0m

Done. Your build exited with 0.
