travis_fold:start:system_info[0K[33;1mBuild system information[0m
Build language: java
Build group: stable
Build dist: precise
Build id: ''
Job id: ''
Runtime kernel version: 4.15.0-109-generic
[34m[1mBuild image provisioning date and time[0m
Thu Feb  5 15:09:33 UTC 2015
[34m[1mOperating System Details[0m
Distributor ID:	Ubuntu
Description:	Ubuntu 12.04.5 LTS
Release:	12.04
Codename:	precise
[34m[1mLinux Version[0m
3.13.0-29-generic
[34m[1mCookbooks Version[0m
a68419e https://github.com/travis-ci/travis-cookbooks/tree/a68419e
[34m[1mGCC version[0m
gcc (Ubuntu/Linaro 4.6.3-1ubuntu5) 4.6.3
Copyright (C) 2011 Free Software Foundation, Inc.
This is free software; see the source for copying conditions.  There is NO
warranty; not even for MERCHANTABILITY or FITNESS FOR A PARTICULAR PURPOSE.

[34m[1mLLVM version[0m
clang version 3.4 (tags/RELEASE_34/final)
Target: x86_64-unknown-linux-gnu
Thread model: posix
[34m[1mPre-installed Ruby versions[0m
ruby-1.9.3-p551
[34m[1mPre-installed Node.js versions[0m
v0.10.36
[34m[1mPre-installed Go versions[0m
1.4.1
[34m[1mRedis version[0m
redis-server 2.8.19
[34m[1mriak version[0m
2.0.2
[34m[1mMongoDB version[0m
MongoDB 2.4.12
[34m[1mCouchDB version[0m
couchdb 1.6.1
[34m[1mNeo4j version[0m
1.9.4
[34m[1mRabbitMQ Version[0m
3.4.3
[34m[1mElasticSearch version[0m
1.4.0
[34m[1mInstalled Sphinx versions[0m
2.0.10
2.1.9
2.2.6
[34m[1mDefault Sphinx version[0m
2.2.6
[34m[1mInstalled Firefox version[0m
firefox 31.0esr
[34m[1mPhantomJS version[0m
1.9.8
[34m[1mant -version[0m
Apache Ant(TM) version 1.8.2 compiled on December 3 2011
[34m[1mmvn -version[0m
Apache Maven 3.2.5 (12a6b3acb947671f09b81f49094c53f426d8cea1; 2014-12-14T17:29:23+00:00)
Maven home: /usr/local/maven
Java version: 1.7.0_76, vendor: Oracle Corporation
Java home: /usr/lib/jvm/java-7-oracle/jre
Default locale: en_US, platform encoding: ANSI_X3.4-1968
OS name: "linux", version: "3.13.0-29-generic", arch: "amd64", family: "unix"
travis_fold:end:system_info[0K
[31;1mTimeout waiting for network availability.[0m
sed: cannot rename /etc/hosts: Device or resource busy
travis_fold:start:docker_mtu[0Ktee: /etc/docker/daemon.json: No such file or directory
docker: unrecognized service
travis_fold:end:docker_mtu[0K
travis_fold:start:install_jdk[0K[33;1mInstalling oraclejdk8[0m
$ jdk_switcher use "oraclejdk8"
Switching to Oracle JDK8 (java-8-oracle), JAVA_HOME will be set to /usr/lib/jvm/java-8-oracle
travis_fold:end:install_jdk[0K
$ cd passed/graphhopper/graphhopper


[33;1mSetting environment variables from .travis.yml[0m
$ export BASEURL=https://www-eu.apache.org/dist/maven/maven-3/VERSION/binaries/apache-maven-VERSION-bin.zip
$ export FILE=apache-maven-VERSION-bin.zip
$ export DIR=apache-maven-VERSION
$ export VERSION=3.3.9
$ export CI_DEPLOY_USERNAME=[secure]
$ export CI_DEPLOY_PASSWORD=[secure]

travis_fold:start:cache.1[0KSetting up build cache
$ export CASHER_DIR=${TRAVIS_HOME}/.casher
travis_time:start:108ce5f2[0K$ Installing caching utilities

[31;1mThe command "eval curl -sf  -o $CASHER_DIR/bin/casher https:///files/casher " failed. Retrying, 2 of 3.[0m


[31;1mThe command "eval curl -sf  -o $CASHER_DIR/bin/casher https:///files/casher " failed. Retrying, 3 of 3.[0m


[31;1mThe command "eval curl -sf  -o $CASHER_DIR/bin/casher https:///files/casher " failed 3 times.[0m

travis_time:end:108ce5f2:start=1655849102840357995,finish=1655849105935783237,duration=3095425242[0Ktravis_time:start:195ea3a0[0K$ Installing caching utilities from the Travis CI server (https:///files/casher) failed, failing over to using GitHub (https://raw.githubusercontent.com/travis-ci/casher/bash/bin/casher)
travis_time:end:195ea3a0:start=1655849105943345733,finish=1655849106128999253,duration=185653520[0Ktravis_time:start:03ebedb6[0Ktravis_time:end:03ebedb6:start=1655849106138337338,finish=1655849106144272058,duration=5934720[0Ktravis_time:start:19124098[0KYAML safe loading is not available. Please upgrade psych to a version that supports safe loading (>= 2.0).
attempting to download cache archive[0m
[31;1mcould not download cache[0m
travis_time:end:19124098:start=1655849106151471259,finish=1655849107551451627,duration=1399980368[0Ktravis_time:start:048597a2[0Ktravis_time:end:048597a2:start=1655849107558505096,finish=1655849107563504263,duration=4999167[0Ktravis_time:start:0b5d981a[0KYAML safe loading is not available. Please upgrade psych to a version that supports safe loading (>= 2.0).
adding /home/travis/.m2 to cache[0m
travis_time:end:0b5d981a:start=1655849107569523702,finish=1655849109304054944,duration=1734531242[0Ktravis_fold:end:cache.1[0K
$ java -Xmx32m -version
java version "1.8.0_31"
Java(TM) SE Runtime Environment (build 1.8.0_31-b13)
Java HotSpot(TM) 64-Bit Server VM (build 25.31-b07, mixed mode)
$ javac -J-Xmx32m -version
javac 1.8.0_31
travis_fold:start:before_install.1[0Ktravis_time:start:05f1d7d0[0K$ if [ "$TRAVIS_OS_NAME" == "linux" ]; then wget --no-check-certificate $(echo -n $BASEURL | sed -e 's#VERSION#'$VERSION'#g'); unzip -qq $(echo -n $FILE | sed -e 's#VERSION#'$VERSION'#'); export M2_HOME=$PWD/$(echo -n $DIR | sed -e 's#VERSION#'$VERSION'#'); export PATH=$M2_HOME/bin:$PATH; fi
--2022-06-21 22:05:09--  https://www-eu.apache.org/dist/maven/maven-3/3.3.9/binaries/apache-maven-3.3.9-bin.zip
Resolving www-eu.apache.org (www-eu.apache.org)... 65.108.131.22, 2a01:4f9:6b:2ecf::1
Connecting to www-eu.apache.org (www-eu.apache.org)|65.108.131.22|:443... connected.
WARNING: no certificate subject alternative name matches
	requested host name `www-eu.apache.org'.
HTTP request sent, awaiting response... 302 Found
Location: https://downloads.apache.org/maven/maven-3/3.3.9/binaries/apache-maven-3.3.9-bin.zip [following]
--2022-06-21 22:05:10--  https://downloads.apache.org/maven/maven-3/3.3.9/binaries/apache-maven-3.3.9-bin.zip
Resolving downloads.apache.org (downloads.apache.org)... 88.99.95.219, 135.181.214.104, 2a01:4f9:3a:2c57::2, ...
Connecting to downloads.apache.org (downloads.apache.org)|88.99.95.219|:443... connected.
HTTP request sent, awaiting response... 200 OK
Length: 8617253 (8.2M) [application/zip]
Saving to: `apache-maven-3.3.9-bin.zip'

     0K .......... .......... .......... .......... ..........  0%  150K 56s
    50K .......... .......... .......... .......... ..........  1%  302K 42s
   100K .......... .......... .......... .......... ..........  1% 16.9M 28s
   150K .......... .......... .......... .......... ..........  2%  310K 27s
   200K .......... .......... .......... .......... ..........  2% 14.0M 22s
   250K .......... .......... .......... .......... ..........  3% 17.6M 18s
   300K .......... .......... .......... .......... ..........  4%  332K 19s
   350K .......... .......... .......... .......... ..........  4% 10.2M 17s
   400K .......... .......... .......... .......... ..........  5% 29.2M 15s
   450K .......... .......... .......... .......... ..........  5% 31.4M 13s
   500K .......... .......... .......... .......... ..........  6% 18.5M 12s
   550K .......... .......... .......... .......... ..........  7% 14.8M 11s
   600K .......... .......... .......... .......... ..........  7% 1.41M 10s
   650K .......... .......... .......... .......... ..........  8%  407K 11s
   700K .......... .......... .......... .......... ..........  8% 20.9M 10s
   750K .......... .......... .......... .......... ..........  9% 40.8M 9s
   800K .......... .......... .......... .......... .......... 10% 16.8M 9s
   850K .......... .......... .......... .......... .......... 10% 47.5M 8s
   900K .......... .......... .......... .......... .......... 11% 51.7M 8s
   950K .......... .......... .......... .......... .......... 11% 54.1M 7s
  1000K .......... .......... .......... .......... .......... 12% 33.4M 7s
  1050K .......... .......... .......... .......... .......... 13% 55.6M 7s
  1100K .......... .......... .......... .......... .......... 13% 37.8M 6s
  1150K .......... .......... .......... .......... .......... 14% 54.3M 6s
  1200K .......... .......... .......... .......... .......... 14% 39.5M 6s
  1250K .......... .......... .......... .......... .......... 15%  364K 6s
  1300K .......... .......... .......... .......... .......... 16% 11.9M 6s
  1350K .......... .......... .......... .......... .......... 16% 1.66M 6s
  1400K .......... .......... .......... .......... .......... 17% 54.9M 6s
  1450K .......... .......... .......... .......... .......... 17% 56.7M 5s
  1500K .......... .......... .......... .......... .......... 18% 44.1M 5s
  1550K .......... .......... .......... .......... .......... 19% 58.7M 5s
  1600K .......... .......... .......... .......... .......... 19% 71.9M 5s
  1650K .......... .......... .......... .......... .......... 20% 44.1M 5s
  1700K .......... .......... .......... .......... .......... 20%  102M 5s
  1750K .......... .......... .......... .......... .......... 21%  103M 4s
  1800K .......... .......... .......... .......... .......... 21% 82.5M 4s
  1850K .......... .......... .......... .......... .......... 22% 65.8M 4s
  1900K .......... .......... .......... .......... .......... 23%  104M 4s
  1950K .......... .......... .......... .......... .......... 23%  101M 4s
  2000K .......... .......... .......... .......... .......... 24% 67.1M 4s
  2050K .......... .......... .......... .......... .......... 24% 64.7M 4s
  2100K .......... .......... .......... .......... .......... 25% 79.9M 3s
  2150K .......... .......... .......... .......... .......... 26% 85.6M 3s
  2200K .......... .......... .......... .......... .......... 26%  430K 4s
  2250K .......... .......... .......... .......... .......... 27% 11.2M 3s
  2300K .......... .......... .......... .......... .......... 27% 7.69M 3s
  2350K .......... .......... .......... .......... .......... 28% 3.82M 3s
  2400K .......... .......... .......... .......... .......... 29% 2.67M 3s
  2450K .......... .......... .......... .......... .......... 29% 3.10M 3s
  2500K .......... .......... .......... .......... .......... 30% 1.32M 3s
  2550K .......... .......... .......... .......... .......... 30%  110M 3s
  2600K .......... .......... .......... .......... .......... 31% 49.1M 3s
  2650K .......... .......... .......... .......... .......... 32% 97.6M 3s
  2700K .......... .......... .......... .......... .......... 32% 97.6M 3s
  2750K .......... .......... .......... .......... .......... 33%  108M 3s
  2800K .......... .......... .......... .......... .......... 33% 90.7M 3s
  2850K .......... .......... .......... .......... .......... 34%  103M 3s
  2900K .......... .......... .......... .......... .......... 35% 87.2M 3s
  2950K .......... .......... .......... .......... .......... 35% 68.4M 3s
  3000K .......... .......... .......... .......... .......... 36% 65.5M 2s
  3050K .......... .......... .......... .......... .......... 36% 92.7M 2s
  3100K .......... .......... .......... .......... .......... 37%  114M 2s
  3150K .......... .......... .......... .......... .......... 38%  109M 2s
  3200K .......... .......... .......... .......... .......... 38% 86.7M 2s
  3250K .......... .......... .......... .......... .......... 39%  102M 2s
  3300K .......... .......... .......... .......... .......... 39%  104M 2s
  3350K .......... .......... .......... .......... .......... 40% 89.1M 2s
  3400K .......... .......... .......... .......... .......... 40% 79.9M 2s
  3450K .......... .......... .......... .......... .......... 41% 98.3M 2s
  3500K .......... .......... .......... .......... .......... 42% 55.7M 2s
  3550K .......... .......... .......... .......... .......... 42% 64.5M 2s
  3600K .......... .......... .......... .......... .......... 43% 69.0M 2s
  3650K .......... .......... .......... .......... .......... 43% 57.4M 2s
  3700K .......... .......... .......... .......... .......... 44% 61.3M 2s
  3750K .......... .......... .......... .......... .......... 45% 78.3M 2s
  3800K .......... .......... .......... .......... .......... 45% 74.4M 2s
  3850K .......... .......... .......... .......... .......... 46% 79.1M 2s
  3900K .......... .......... .......... .......... .......... 46% 80.9M 2s
  3950K .......... .......... .......... .......... .......... 47% 74.7M 2s
  4000K .......... .......... .......... .......... .......... 48% 72.1M 2s
  4050K .......... .......... .......... .......... .......... 48%  129M 1s
  4100K .......... .......... .......... .......... .......... 49%  129M 1s
  4150K .......... .......... .......... .......... .......... 49%  131M 1s
  4200K .......... .......... .......... .......... .......... 50%  122M 1s
  4250K .......... .......... .......... .......... .......... 51%  132M 1s
  4300K .......... .......... .......... .......... .......... 51% 1.02M 1s
  4350K .......... .......... .......... .......... .......... 52% 27.3M 1s
  4400K .......... .......... .......... .......... .......... 52% 17.0M 1s
  4450K .......... .......... .......... .......... .......... 53% 8.06M 1s
  4500K .......... .......... .......... .......... .......... 54% 13.5M 1s
  4550K .......... .......... .......... .......... .......... 54% 95.5M 1s
  4600K .......... .......... .......... .......... .......... 55% 5.11M 1s
  4650K .......... .......... .......... .......... .......... 55% 3.91M 1s
  4700K .......... .......... .......... .......... .......... 56% 11.8M 1s
  4750K .......... .......... .......... .......... .......... 57% 5.58M 1s
  4800K .......... .......... .......... .......... .......... 57% 6.80M 1s
  4850K .......... .......... .......... .......... .......... 58% 1.34M 1s
  4900K .......... .......... .......... .......... .......... 58% 6.15M 1s
  4950K .......... .......... .......... .......... .......... 59% 3.21M 1s
  5000K .......... .......... .......... .......... .......... 60% 13.4M 1s
  5050K .......... .......... .......... .......... .......... 60% 90.2M 1s
  5100K .......... .......... .......... .......... .......... 61% 33.4M 1s
  5150K .......... .......... .......... .......... .......... 61% 48.2M 1s
  5200K .......... .......... .......... .......... .......... 62% 66.8M 1s
  5250K .......... .......... .......... .......... .......... 62% 83.5M 1s
  5300K .......... .......... .......... .......... .......... 63% 75.2M 1s
  5350K .......... .......... .......... .......... .......... 64% 81.4M 1s
  5400K .......... .......... .......... .......... .......... 64% 85.0M 1s
  5450K .......... .......... .......... .......... .......... 65%  101M 1s
  5500K .......... .......... .......... .......... .......... 65% 82.2M 1s
  5550K .......... .......... .......... .......... .......... 66% 88.0M 1s
  5600K .......... .......... .......... .......... .......... 67% 69.1M 1s
  5650K .......... .......... .......... .......... .......... 67% 77.5M 1s
  5700K .......... .......... .......... .......... .......... 68%  122M 1s
  5750K .......... .......... .......... .......... .......... 68%  135M 1s
  5800K .......... .......... .......... .......... .......... 69%  126M 1s
  5850K .......... .......... .......... .......... .......... 70%  136M 1s
  5900K .......... .......... .......... .......... .......... 70%  126M 1s
  5950K .......... .......... .......... .......... .......... 71%  102M 1s
  6000K .......... .......... .......... .......... .......... 71% 88.0M 1s
  6050K .......... .......... .......... .......... .......... 72% 99.9M 1s
  6100K .......... .......... .......... .......... .......... 73% 81.5M 1s
  6150K .......... .......... .......... .......... .......... 73% 64.6M 1s
  6200K .......... .......... .......... .......... .......... 74% 89.6M 1s
  6250K .......... .......... .......... .......... .......... 74%  109M 1s
  6300K .......... .......... .......... .......... .......... 75% 96.9M 1s
  6350K .......... .......... .......... .......... .......... 76% 64.5M 1s
  6400K .......... .......... .......... .......... .......... 76% 86.9M 0s
  6450K .......... .......... .......... .......... .......... 77%  108M 0s
  6500K .......... .......... .......... .......... .......... 77% 97.2M 0s
  6550K .......... .......... .......... .......... .......... 78% 93.6M 0s
  6600K .......... .......... .......... .......... .......... 79%  111M 0s
  6650K .......... .......... .......... .......... .......... 79% 95.3M 0s
  6700K .......... .......... .......... .......... .......... 80%  112M 0s
  6750K .......... .......... .......... .......... .......... 80%  116M 0s
  6800K .......... .......... .......... .......... .......... 81% 79.4M 0s
  6850K .......... .......... .......... .......... .......... 81%  129M 0s
  6900K .......... .......... .......... .......... .......... 82% 89.7M 0s
  6950K .......... .......... .......... .......... .......... 83%  114M 0s
  7000K .......... .......... .......... .......... .......... 83% 92.4M 0s
  7050K .......... .......... .......... .......... .......... 84%  114M 0s
  7100K .......... .......... .......... .......... .......... 84% 2.63M 0s
  7150K .......... .......... .......... .......... .......... 85% 47.7M 0s
  7200K .......... .......... .......... .......... .......... 86% 70.5M 0s
  7250K .......... .......... .......... .......... .......... 86% 48.3M 0s
  7300K .......... .......... .......... .......... .......... 87% 80.4M 0s
  7350K .......... .......... .......... .......... .......... 87% 85.9M 0s
  7400K .......... .......... .......... .......... .......... 88% 30.1M 0s
  7450K .......... .......... .......... .......... .......... 89% 11.0M 0s
  7500K .......... .......... .......... .......... .......... 89% 12.4M 0s
  7550K .......... .......... .......... .......... .......... 90% 29.9M 0s
  7600K .......... .......... .......... .......... .......... 90% 5.99M 0s
  7650K .......... .......... .......... .......... .......... 91% 16.7M 0s
  7700K .......... .......... .......... .......... .......... 92% 3.26M 0s
  7750K .......... .......... .......... .......... .......... 92% 6.11M 0s
  7800K .......... .......... .......... .......... .......... 93% 27.9M 0s
  7850K .......... .......... .......... .......... .......... 93% 6.59M 0s
  7900K .......... .......... .......... .......... .......... 94% 1.37M 0s
  7950K .......... .......... .......... .......... .......... 95% 6.43M 0s
  8000K .......... .......... .......... .......... .......... 95% 2.62M 0s
  8050K .......... .......... .......... .......... .......... 96% 3.43M 0s
  8100K .......... .......... .......... .......... .......... 96% 4.85M 0s
  8150K .......... .......... .......... .......... .......... 97% 64.2M 0s
  8200K .......... .......... .......... .......... .......... 98% 6.32M 0s
  8250K .......... .......... .......... .......... .......... 98% 7.84M 0s
  8300K .......... .......... .......... .......... .......... 99% 13.8M 0s
  8350K .......... .......... .......... .......... .......... 99% 7.90M 0s
  8400K .......... .....                                      100% 11.8M=1.8s

2022-06-21 22:05:12 (4.56 MB/s) - `apache-maven-3.3.9-bin.zip' saved [8617253/8617253]

travis_time:end:05f1d7d0:start=1655849109611581483,finish=1655849112995360856,duration=3383779373[0Ktravis_fold:end:before_install.1[0Ktravis_fold:start:before_install.2[0Ktravis_time:start:05ca7cb6[0K$ if [ "$TRAVIS_OS_NAME" == "linux" ] && [ "$JVM" == "latest" ]; then sudo apt-get update -qq; sudo /bin/echo -e oracle-java9-installer shared/accepted-oracle-license-v1-1 select true | sudo debconf-set-selections; sudo apt-get -o Dpkg::Options::="--force-confnew" install -y oracle-java9-installer oracle-java9-set-default oracle-java9-unlimited-jce-policy; sudo update-java-alternatives -s java-9-oracle; fi
travis_time:end:05ca7cb6:start=1655849113003448025,finish=1655849113010634150,duration=7186125[0Ktravis_fold:end:before_install.2[0Ktravis_fold:start:install[0Ktravis_time:start:0a3ff9c8[0K$ true
travis_time:end:0a3ff9c8:start=1655849113018721412,finish=1655849113022544215,duration=3822803[0Ktravis_fold:end:install[0Ktravis_time:start:05e84ab1[0K$ mvn clean test verify -Dhttps.protocols=TLSv1.2 -B
Java HotSpot(TM) 64-Bit Server VM warning: ignoring option MaxPermSize=192m; support was removed in 8.0
[INFO] Scanning for projects...
[INFO] ------------------------------------------------------------------------
[INFO] Reactor Build Order:
[INFO] 
[INFO] GraphHopper Parent Project
[INFO] GraphHopper Core
[INFO] GraphHopper Reader for OpenStreetMap Data
[INFO] GraphHopper Reader JSON
[INFO] GraphHopper Tools
[INFO] GraphHopper Web
[INFO] GraphHopper Reader for Shapefile Data
[INFO]                                                                         
[INFO] ------------------------------------------------------------------------
[INFO] Building GraphHopper Parent Project 0.9-SNAPSHOT
[INFO] ------------------------------------------------------------------------
[INFO] 
[INFO] --- maven-clean-plugin:2.5:clean (default-clean) @ graphhopper-parent ---
[INFO] 
[INFO] --- maven-failsafe-plugin:2.19.1:integration-test (default) @ graphhopper-parent ---
[INFO] No tests to run.
[INFO] 
[INFO] --- maven-failsafe-plugin:2.19.1:verify (default) @ graphhopper-parent ---
[INFO]                                                                         
[INFO] ------------------------------------------------------------------------
[INFO] Building GraphHopper Core 0.9-SNAPSHOT
[INFO] ------------------------------------------------------------------------
[INFO] 
[INFO] --- maven-clean-plugin:2.5:clean (default-clean) @ graphhopper-core ---
[INFO] 
[INFO] --- maven-resources-plugin:2.6:resources (default-resources) @ graphhopper-core ---
[INFO] Using 'UTF-8' encoding to copy filtered resources.
[INFO] Copying 2 resources
[INFO] Copying 46 resources
[INFO] 
[INFO] --- maven-compiler-plugin:3.5.1:compile (default-compile) @ graphhopper-core ---
[INFO] Changes detected - recompiling the module!
[INFO] Compiling 260 source files to /home/travis/build/passed/graphhopper/graphhopper/core/target/classes
[INFO] 
[INFO] --- maven-resources-plugin:2.6:testResources (default-testResources) @ graphhopper-core ---
[INFO] Using 'UTF-8' encoding to copy filtered resources.
[INFO] Copying 11 resources
[INFO] 
[INFO] --- maven-compiler-plugin:3.5.1:testCompile (default-testCompile) @ graphhopper-core ---
[INFO] Changes detected - recompiling the module!
[INFO] Compiling 130 source files to /home/travis/build/passed/graphhopper/graphhopper/core/target/test-classes
[INFO] 
[INFO] --- maven-surefire-plugin:2.19.1:test (default-test) @ graphhopper-core ---

-------------------------------------------------------
 T E S T S
-------------------------------------------------------
Running com.graphhopper.reader.dem.SRTMProviderTest
Tests run: 4, Failures: 0, Errors: 0, Skipped: 0, Time elapsed: 2.122 sec - in com.graphhopper.reader.dem.SRTMProviderTest
Running com.graphhopper.reader.dem.HeightTileTest
Tests run: 3, Failures: 0, Errors: 0, Skipped: 0, Time elapsed: 0 sec - in com.graphhopper.reader.dem.HeightTileTest
Running com.graphhopper.reader.dem.TunnelElevationInterpolatorTest
Tests run: 5, Failures: 0, Errors: 0, Skipped: 0, Time elapsed: 0.07 sec - in com.graphhopper.reader.dem.TunnelElevationInterpolatorTest
Running com.graphhopper.reader.dem.ElevationInterpolatorTest
Tests run: 3, Failures: 0, Errors: 0, Skipped: 0, Time elapsed: 0 sec - in com.graphhopper.reader.dem.ElevationInterpolatorTest
Running com.graphhopper.reader.dem.BridgeElevationInterpolatorTest
Tests run: 1, Failures: 0, Errors: 0, Skipped: 0, Time elapsed: 0.002 sec - in com.graphhopper.reader.dem.BridgeElevationInterpolatorTest
Running com.graphhopper.reader.dem.CGIARProviderTest
Tests run: 3, Failures: 0, Errors: 0, Skipped: 0, Time elapsed: 0.13 sec - in com.graphhopper.reader.dem.CGIARProviderTest
Running com.graphhopper.reader.osm.conditional.DateRangeParserTest
Tests run: 18, Failures: 0, Errors: 0, Skipped: 0, Time elapsed: 0.043 sec - in com.graphhopper.reader.osm.conditional.DateRangeParserTest
Running com.graphhopper.reader.osm.conditional.ConditionalOSMTagInspectorTest
Tests run: 7, Failures: 0, Errors: 0, Skipped: 0, Time elapsed: 0.005 sec - in com.graphhopper.reader.osm.conditional.ConditionalOSMTagInspectorTest
Running com.graphhopper.reader.osm.conditional.ConditionalParserTest
Tests run: 5, Failures: 0, Errors: 0, Skipped: 0, Time elapsed: 0.004 sec - in com.graphhopper.reader.osm.conditional.ConditionalParserTest
Running com.graphhopper.reader.PrinctonReaderTest
Tests run: 2, Failures: 0, Errors: 0, Skipped: 0, Time elapsed: 0.033 sec - in com.graphhopper.reader.PrinctonReaderTest
Running com.graphhopper.reader.OSMNodeTest
Tests run: 1, Failures: 0, Errors: 0, Skipped: 0, Time elapsed: 0 sec - in com.graphhopper.reader.OSMNodeTest
Running com.graphhopper.reader.OSMElementTest
Tests run: 2, Failures: 0, Errors: 0, Skipped: 0, Time elapsed: 0 sec - in com.graphhopper.reader.OSMElementTest
Running com.graphhopper.routing.ch.PrepareEncoderTest
Tests run: 1, Failures: 0, Errors: 0, Skipped: 0, Time elapsed: 0 sec - in com.graphhopper.routing.ch.PrepareEncoderTest
Running com.graphhopper.routing.ch.CHAlgoFactoryDecoratorTest
Tests run: 1, Failures: 0, Errors: 0, Skipped: 0, Time elapsed: 0 sec - in com.graphhopper.routing.ch.CHAlgoFactoryDecoratorTest
Running com.graphhopper.routing.ch.PrepareContractionHierarchiesTest
Tests run: 18, Failures: 0, Errors: 0, Skipped: 0, Time elapsed: 0.165 sec - in com.graphhopper.routing.ch.PrepareContractionHierarchiesTest
Running com.graphhopper.routing.ch.DijkstraBidirectionCHTest
Tests run: 27, Failures: 0, Errors: 0, Skipped: 0, Time elapsed: 0.46 sec - in com.graphhopper.routing.ch.DijkstraBidirectionCHTest
Running com.graphhopper.routing.DijkstraBidirectionRefTest
Tests run: 96, Failures: 0, Errors: 0, Skipped: 0, Time elapsed: 0.598 sec - in com.graphhopper.routing.DijkstraBidirectionRefTest
Running com.graphhopper.routing.weighting.FastestWeightingTest
Tests run: 4, Failures: 0, Errors: 0, Skipped: 0, Time elapsed: 0.002 sec - in com.graphhopper.routing.weighting.FastestWeightingTest
Running com.graphhopper.routing.weighting.ShortFastestWeightingTest
Tests run: 2, Failures: 0, Errors: 0, Skipped: 0, Time elapsed: 0.001 sec - in com.graphhopper.routing.weighting.ShortFastestWeightingTest
Running com.graphhopper.routing.weighting.AbstractWeightingTest
Tests run: 1, Failures: 0, Errors: 0, Skipped: 0, Time elapsed: 0 sec - in com.graphhopper.routing.weighting.AbstractWeightingTest
Running com.graphhopper.routing.weighting.GenericWeightingTest
Tests run: 6, Failures: 0, Errors: 0, Skipped: 0, Time elapsed: 0.021 sec - in com.graphhopper.routing.weighting.GenericWeightingTest
Running com.graphhopper.routing.util.EncodedDoubleValueTest
Tests run: 4, Failures: 0, Errors: 0, Skipped: 0, Time elapsed: 0 sec - in com.graphhopper.routing.util.EncodedDoubleValueTest
Running com.graphhopper.routing.util.HikeFlagEncoderTest
Tests run: 1, Failures: 0, Errors: 0, Skipped: 0, Time elapsed: 0 sec - in com.graphhopper.routing.util.HikeFlagEncoderTest
Running com.graphhopper.routing.util.AbstractFlagEncoderTest
Tests run: 1, Failures: 0, Errors: 0, Skipped: 0, Time elapsed: 0 sec - in com.graphhopper.routing.util.AbstractFlagEncoderTest
Running com.graphhopper.routing.util.NameSimilarityEdgeFilterTest
Tests run: 4, Failures: 0, Errors: 0, Skipped: 0, Time elapsed: 0.005 sec - in com.graphhopper.routing.util.NameSimilarityEdgeFilterTest
Running com.graphhopper.routing.util.MountainBikeFlagEncoderTest
Tests run: 17, Failures: 0, Errors: 0, Skipped: 0, Time elapsed: 0.038 sec - in com.graphhopper.routing.util.MountainBikeFlagEncoderTest
Running com.graphhopper.routing.util.EncodingManagerTest
Tests run: 10, Failures: 0, Errors: 0, Skipped: 0, Time elapsed: 0.012 sec - in com.graphhopper.routing.util.EncodingManagerTest
Running com.graphhopper.routing.util.RacingBikeFlagEncoderTest
Tests run: 18, Failures: 0, Errors: 0, Skipped: 0, Time elapsed: 0.019 sec - in com.graphhopper.routing.util.RacingBikeFlagEncoderTest
Running com.graphhopper.routing.util.DataFlagEncoderTest
Tests run: 17, Failures: 0, Errors: 0, Skipped: 0, Time elapsed: 0.013 sec - in com.graphhopper.routing.util.DataFlagEncoderTest
Running com.graphhopper.routing.util.BikeFlagEncoderTest
Tests run: 25, Failures: 0, Errors: 0, Skipped: 0, Time elapsed: 0.007 sec - in com.graphhopper.routing.util.BikeFlagEncoderTest
Running com.graphhopper.routing.util.tour.SinglePointTourTest
Tests run: 1, Failures: 0, Errors: 0, Skipped: 0, Time elapsed: 0 sec - in com.graphhopper.routing.util.tour.SinglePointTourTest
Running com.graphhopper.routing.util.CarFlagEncoderTest
Tests run: 21, Failures: 0, Errors: 0, Skipped: 0, Time elapsed: 0.004 sec - in com.graphhopper.routing.util.CarFlagEncoderTest
Running com.graphhopper.routing.util.spatialrules.PolygonTest
Tests run: 1, Failures: 0, Errors: 0, Skipped: 0, Time elapsed: 0 sec - in com.graphhopper.routing.util.spatialrules.PolygonTest
Running com.graphhopper.routing.util.Bike2WeightFlagEncoderTest
Tests run: 29, Failures: 0, Errors: 0, Skipped: 0, Time elapsed: 0.02 sec - in com.graphhopper.routing.util.Bike2WeightFlagEncoderTest
Running com.graphhopper.routing.util.FootFlagEncoderTest
Tests run: 12, Failures: 0, Errors: 0, Skipped: 0, Time elapsed: 0.009 sec - in com.graphhopper.routing.util.FootFlagEncoderTest
Running com.graphhopper.routing.util.EncodedValueTest
Tests run: 2, Failures: 0, Errors: 0, Skipped: 0, Time elapsed: 0 sec - in com.graphhopper.routing.util.EncodedValueTest
Running com.graphhopper.routing.util.MotorcycleFlagEncoderTest
Tests run: 4, Failures: 0, Errors: 0, Skipped: 0, Time elapsed: 0.003 sec - in com.graphhopper.routing.util.MotorcycleFlagEncoderTest
Running com.graphhopper.routing.util.Car4WDFlagEncoderTest
Tests run: 21, Failures: 0, Errors: 0, Skipped: 0, Time elapsed: 0.007 sec - in com.graphhopper.routing.util.Car4WDFlagEncoderTest
Running com.graphhopper.routing.QueryGraphTest
Tests run: 17, Failures: 0, Errors: 0, Skipped: 0, Time elapsed: 0.055 sec - in com.graphhopper.routing.QueryGraphTest
Running com.graphhopper.routing.subnetwork.SubnetworkStorageTest
Tests run: 1, Failures: 0, Errors: 0, Skipped: 0, Time elapsed: 0.004 sec - in com.graphhopper.routing.subnetwork.SubnetworkStorageTest
Running com.graphhopper.routing.subnetwork.PrepareRoutingSubnetworksTest
Tests run: 9, Failures: 0, Errors: 0, Skipped: 0, Time elapsed: 0.032 sec - in com.graphhopper.routing.subnetwork.PrepareRoutingSubnetworksTest
Running com.graphhopper.routing.DijkstraTest
Tests run: 96, Failures: 0, Errors: 0, Skipped: 0, Time elapsed: 0.278 sec - in com.graphhopper.routing.DijkstraTest
Running com.graphhopper.routing.template.RoundTripRoutingTemplateTest
Tests run: 1, Failures: 0, Errors: 0, Skipped: 0, Time elapsed: 0.007 sec - in com.graphhopper.routing.template.RoundTripRoutingTemplateTest
Running com.graphhopper.routing.AlternativeRouteTest
Tests run: 6, Failures: 0, Errors: 0, Skipped: 0, Time elapsed: 0.015 sec - in com.graphhopper.routing.AlternativeRouteTest
Running com.graphhopper.routing.AStarBidirectionTest
Tests run: 100, Failures: 0, Errors: 0, Skipped: 0, Time elapsed: 0.36 sec - in com.graphhopper.routing.AStarBidirectionTest
Running com.graphhopper.routing.EdgeBasedRoutingAlgorithmTest
Tests run: 12, Failures: 0, Errors: 0, Skipped: 0, Time elapsed: 0.034 sec - in com.graphhopper.routing.EdgeBasedRoutingAlgorithmTest
Running com.graphhopper.routing.PathBidirRefTest
Tests run: 2, Failures: 0, Errors: 0, Skipped: 0, Time elapsed: 0.002 sec - in com.graphhopper.routing.PathBidirRefTest
Running com.graphhopper.routing.lm.LMAlgoFactoryDecoratorTest
Tests run: 1, Failures: 0, Errors: 0, Skipped: 0, Time elapsed: 0.006 sec - in com.graphhopper.routing.lm.LMAlgoFactoryDecoratorTest
Running com.graphhopper.routing.lm.LandmarkStorageTest
2022-06-21 22:05:40,540 [main] WARN  com.graphhopper.routing.lm.LandmarkStorage - next start node not found in big enough network of size 2, first element is 5, 0.0,0.0
Tests run: 7, Failures: 0, Errors: 0, Skipped: 0, Time elapsed: 0.035 sec - in com.graphhopper.routing.lm.LandmarkStorageTest
Running com.graphhopper.routing.lm.PrepareLandmarksTest
Tests run: 2, Failures: 0, Errors: 0, Skipped: 0, Time elapsed: 0.046 sec - in com.graphhopper.routing.lm.PrepareLandmarksTest
Running com.graphhopper.routing.AStarTest
Tests run: 96, Failures: 0, Errors: 0, Skipped: 0, Time elapsed: 0.306 sec - in com.graphhopper.routing.AStarTest
Running com.graphhopper.routing.DijkstraOneToManyTest
Tests run: 30, Failures: 0, Errors: 0, Skipped: 0, Time elapsed: 0.06 sec - in com.graphhopper.routing.DijkstraOneToManyTest
Running com.graphhopper.routing.PathTest
Tests run: 8, Failures: 0, Errors: 0, Skipped: 0, Time elapsed: 0.032 sec - in com.graphhopper.routing.PathTest
Running com.graphhopper.storage.index.BresenhamLineTest
Tests run: 9, Failures: 0, Errors: 0, Skipped: 0, Time elapsed: 0 sec - in com.graphhopper.storage.index.BresenhamLineTest
Running com.graphhopper.storage.index.Location2IDQuadtreeTest
Tests run: 8, Failures: 0, Errors: 0, Skipped: 0, Time elapsed: 0.471 sec - in com.graphhopper.storage.index.Location2IDQuadtreeTest
Running com.graphhopper.storage.index.Location2IDFullWithEdgesIndexTest
Tests run: 8, Failures: 0, Errors: 0, Skipped: 0, Time elapsed: 0.186 sec - in com.graphhopper.storage.index.Location2IDFullWithEdgesIndexTest
Running com.graphhopper.storage.index.Location2IDFullIndexTest
Tests run: 8, Failures: 0, Errors: 0, Skipped: 0, Time elapsed: 0.177 sec - in com.graphhopper.storage.index.Location2IDFullIndexTest
Running com.graphhopper.storage.index.LocationIndexTreeCHTest
Tests run: 22, Failures: 0, Errors: 0, Skipped: 0, Time elapsed: 0.529 sec - in com.graphhopper.storage.index.LocationIndexTreeCHTest
Running com.graphhopper.storage.index.LocationIndexTreeTest
Tests run: 19, Failures: 0, Errors: 0, Skipped: 0, Time elapsed: 0.413 sec - in com.graphhopper.storage.index.LocationIndexTreeTest
Running com.graphhopper.storage.GraphHopperStorageWithTurnCostsTest
Tests run: 48, Failures: 0, Errors: 0, Skipped: 0, Time elapsed: 0.864 sec - in com.graphhopper.storage.GraphHopperStorageWithTurnCostsTest
Running com.graphhopper.storage.GraphHopperStorageTest
Tests run: 47, Failures: 0, Errors: 0, Skipped: 0, Time elapsed: 0.397 sec - in com.graphhopper.storage.GraphHopperStorageTest
Running com.graphhopper.storage.MMapDirectoryTest
Tests run: 4, Failures: 0, Errors: 0, Skipped: 0, Time elapsed: 0.197 sec - in com.graphhopper.storage.MMapDirectoryTest
Running com.graphhopper.storage.RAMIntDataAccessTest
Tests run: 14, Failures: 0, Errors: 0, Skipped: 0, Time elapsed: 0.005 sec - in com.graphhopper.storage.RAMIntDataAccessTest
Running com.graphhopper.storage.MMapDataAccessTest
Tests run: 16, Failures: 0, Errors: 0, Skipped: 0, Time elapsed: 2.813 sec - in com.graphhopper.storage.MMapDataAccessTest
Running com.graphhopper.storage.UnsafeDataAccessTest
Tests run: 15, Failures: 0, Errors: 0, Skipped: 0, Time elapsed: 0.102 sec - in com.graphhopper.storage.UnsafeDataAccessTest
Running com.graphhopper.storage.StorablePropertiesTest
Tests run: 3, Failures: 0, Errors: 0, Skipped: 0, Time elapsed: 0.077 sec - in com.graphhopper.storage.StorablePropertiesTest
Running com.graphhopper.storage.NativeFSLockFactoryTest
Tests run: 3, Failures: 0, Errors: 0, Skipped: 0, Time elapsed: 0.234 sec - in com.graphhopper.storage.NativeFSLockFactoryTest
Running com.graphhopper.storage.RAMDataAccessTest
Tests run: 14, Failures: 0, Errors: 0, Skipped: 0, Time elapsed: 0.011 sec - in com.graphhopper.storage.RAMDataAccessTest
Running com.graphhopper.storage.GraphHopperStorageForDataFlagEncoderTest
Tests run: 1, Failures: 0, Errors: 0, Skipped: 0, Time elapsed: 0.048 sec - in com.graphhopper.storage.GraphHopperStorageForDataFlagEncoderTest
Running com.graphhopper.storage.SimpleFSLockFactoryTest
Tests run: 2, Failures: 0, Errors: 0, Skipped: 0, Time elapsed: 0.001 sec - in com.graphhopper.storage.SimpleFSLockFactoryTest
Running com.graphhopper.storage.GraphHopperStorageCHTest
Tests run: 56, Failures: 0, Errors: 0, Skipped: 0, Time elapsed: 0.636 sec - in com.graphhopper.storage.GraphHopperStorageCHTest
Running com.graphhopper.storage.SynchedDAWrapperTest
Tests run: 14, Failures: 0, Errors: 0, Skipped: 0, Time elapsed: 0.003 sec - in com.graphhopper.storage.SynchedDAWrapperTest
Running com.graphhopper.storage.VLongStorageTest
Tests run: 2, Failures: 0, Errors: 0, Skipped: 0, Time elapsed: 0 sec - in com.graphhopper.storage.VLongStorageTest
Running com.graphhopper.storage.GraphEdgeIdFinderTest
Tests run: 1, Failures: 0, Errors: 0, Skipped: 0, Time elapsed: 0.013 sec - in com.graphhopper.storage.GraphEdgeIdFinderTest
Running com.graphhopper.storage.GraphStorageViaMMapTest
Tests run: 39, Failures: 0, Errors: 0, Skipped: 0, Time elapsed: 16.255 sec - in com.graphhopper.storage.GraphStorageViaMMapTest
Running com.graphhopper.storage.RAMDirectoryTest
Tests run: 4, Failures: 0, Errors: 0, Skipped: 0, Time elapsed: 0.003 sec - in com.graphhopper.storage.RAMDirectoryTest
Running com.graphhopper.storage.EdgeTest
Tests run: 1, Failures: 0, Errors: 0, Skipped: 0, Time elapsed: 0 sec - in com.graphhopper.storage.EdgeTest
Running com.graphhopper.util.shapes.CircleTest
Tests run: 5, Failures: 0, Errors: 0, Skipped: 0, Time elapsed: 0.001 sec - in com.graphhopper.util.shapes.CircleTest
Running com.graphhopper.util.shapes.GHPointTest
Tests run: 1, Failures: 0, Errors: 0, Skipped: 0, Time elapsed: 0 sec - in com.graphhopper.util.shapes.GHPointTest
Running com.graphhopper.util.shapes.BBoxTest
Tests run: 8, Failures: 0, Errors: 0, Skipped: 0, Time elapsed: 0.001 sec - in com.graphhopper.util.shapes.BBoxTest
Running com.graphhopper.util.shapes.GHPoint3DTest
Tests run: 1, Failures: 0, Errors: 0, Skipped: 0, Time elapsed: 0 sec - in com.graphhopper.util.shapes.GHPoint3DTest
Running com.graphhopper.util.SimpleIntDequeTest
Tests run: 3, Failures: 0, Errors: 0, Skipped: 0, Time elapsed: 0 sec - in com.graphhopper.util.SimpleIntDequeTest
Running com.graphhopper.util.BitUtilBigTest
Tests run: 10, Failures: 0, Errors: 0, Skipped: 0, Time elapsed: 0 sec - in com.graphhopper.util.BitUtilBigTest
Running com.graphhopper.util.ConfigMapTest
Tests run: 1, Failures: 0, Errors: 0, Skipped: 0, Time elapsed: 0 sec - in com.graphhopper.util.ConfigMapTest
Running com.graphhopper.util.HelperTest
Tests run: 9, Failures: 0, Errors: 0, Skipped: 0, Time elapsed: 0.001 sec - in com.graphhopper.util.HelperTest
Running com.graphhopper.util.PointListTest
Tests run: 4, Failures: 0, Errors: 0, Skipped: 0, Time elapsed: 0 sec - in com.graphhopper.util.PointListTest
Running com.graphhopper.util.TranslationMapTest
Tests run: 2, Failures: 0, Errors: 0, Skipped: 0, Time elapsed: 0 sec - in com.graphhopper.util.TranslationMapTest
Running com.graphhopper.util.BitUtilLittleTest
Tests run: 10, Failures: 0, Errors: 0, Skipped: 0, Time elapsed: 0.001 sec - in com.graphhopper.util.BitUtilLittleTest
Running com.graphhopper.util.GHUtilityTest
Tests run: 7, Failures: 0, Errors: 0, Skipped: 0, Time elapsed: 0.04 sec - in com.graphhopper.util.GHUtilityTest
Running com.graphhopper.util.InstructionTest
Tests run: 1, Failures: 0, Errors: 0, Skipped: 0, Time elapsed: 0 sec - in com.graphhopper.util.InstructionTest
Running com.graphhopper.util.CHEdgeIteratorTest
Tests run: 1, Failures: 0, Errors: 0, Skipped: 0, Time elapsed: 0 sec - in com.graphhopper.util.CHEdgeIteratorTest
Running com.graphhopper.util.PMapTest
Tests run: 6, Failures: 0, Errors: 0, Skipped: 0, Time elapsed: 0 sec - in com.graphhopper.util.PMapTest
Running com.graphhopper.util.DistanceCalcEarthTest
Tests run: 6, Failures: 0, Errors: 0, Skipped: 0, Time elapsed: 0 sec - in com.graphhopper.util.DistanceCalcEarthTest
Running com.graphhopper.util.InstructionListTest
Tests run: 11, Failures: 0, Errors: 0, Skipped: 0, Time elapsed: 0.156 sec - in com.graphhopper.util.InstructionListTest
Running com.graphhopper.util.FinishInstructionTest
Tests run: 1, Failures: 0, Errors: 0, Skipped: 0, Time elapsed: 0 sec - in com.graphhopper.util.FinishInstructionTest
Running com.graphhopper.util.AngleCalcTest
Tests run: 8, Failures: 0, Errors: 0, Skipped: 0, Time elapsed: 0 sec - in com.graphhopper.util.AngleCalcTest
Running com.graphhopper.util.DouglasPeuckerTest
Tests run: 4, Failures: 0, Errors: 0, Skipped: 0, Time elapsed: 0.002 sec - in com.graphhopper.util.DouglasPeuckerTest
Running com.graphhopper.util.BreadthFirstSearchTest
Tests run: 2, Failures: 0, Errors: 0, Skipped: 0, Time elapsed: 0.004 sec - in com.graphhopper.util.BreadthFirstSearchTest
Running com.graphhopper.util.DepthFirstSearchTest
Tests run: 2, Failures: 0, Errors: 0, Skipped: 0, Time elapsed: 0.006 sec - in com.graphhopper.util.DepthFirstSearchTest
Running com.graphhopper.coll.OSMIDMapTest
Tests run: 5, Failures: 0, Errors: 0, Skipped: 0, Time elapsed: 0.002 sec - in com.graphhopper.coll.OSMIDMapTest
Running com.graphhopper.coll.CompressedArrayTest
Tests run: 2, Failures: 0, Errors: 0, Skipped: 0, Time elapsed: 0.018 sec - in com.graphhopper.coll.CompressedArrayTest
Running com.graphhopper.coll.GHTreeMapComposedTest
Tests run: 1, Failures: 0, Errors: 0, Skipped: 0, Time elapsed: 0 sec - in com.graphhopper.coll.GHTreeMapComposedTest
Running com.graphhopper.coll.GHIntArrayListTest
Tests run: 3, Failures: 0, Errors: 0, Skipped: 0, Time elapsed: 0 sec - in com.graphhopper.coll.GHIntArrayListTest
Running com.graphhopper.coll.GHTBitSetTest
Tests run: 5, Failures: 0, Errors: 0, Skipped: 0, Time elapsed: 0 sec - in com.graphhopper.coll.GHTBitSetTest
Running com.graphhopper.coll.GHLongIntBTreeTest
Tests run: 6, Failures: 0, Errors: 0, Skipped: 0, Time elapsed: 0.005 sec - in com.graphhopper.coll.GHLongIntBTreeTest
Running com.graphhopper.coll.BitSetImplTest
Tests run: 5, Failures: 0, Errors: 0, Skipped: 0, Time elapsed: 0 sec - in com.graphhopper.coll.BitSetImplTest
Running com.graphhopper.coll.GHSortedCollectionTest
Tests run: 3, Failures: 0, Errors: 0, Skipped: 0, Time elapsed: 0 sec - in com.graphhopper.coll.GHSortedCollectionTest
Running com.graphhopper.geohash.SpatialKeyAlgoTest
Tests run: 10, Failures: 0, Errors: 0, Skipped: 0, Time elapsed: 0 sec - in com.graphhopper.geohash.SpatialKeyAlgoTest
Running com.graphhopper.geohash.LinearKeyAlgoTest
Tests run: 3, Failures: 0, Errors: 0, Skipped: 0, Time elapsed: 0 sec - in com.graphhopper.geohash.LinearKeyAlgoTest
Running com.graphhopper.GHResponseTest
Tests run: 2, Failures: 0, Errors: 0, Skipped: 0, Time elapsed: 0 sec - in com.graphhopper.GHResponseTest
Running com.graphhopper.apache.commons.lang3.StringUtilsTest
Tests run: 3, Failures: 0, Errors: 0, Skipped: 0, Time elapsed: 0 sec - in com.graphhopper.apache.commons.lang3.StringUtilsTest
Running com.graphhopper.apache.commons.collections.IntDoubleBinaryHeapTest
Tests run: 6, Failures: 0, Errors: 0, Skipped: 0, Time elapsed: 0 sec - in com.graphhopper.apache.commons.collections.IntDoubleBinaryHeapTest
Running com.graphhopper.search.NameIndexTest
Tests run: 5, Failures: 0, Errors: 0, Skipped: 0, Time elapsed: 0.003 sec - in com.graphhopper.search.NameIndexTest
Running com.graphhopper.GraphHopperAPITest
Tests run: 4, Failures: 0, Errors: 0, Skipped: 0, Time elapsed: 0.49 sec - in com.graphhopper.GraphHopperAPITest
Running com.graphhopper.GHRequestTest
Tests run: 2, Failures: 0, Errors: 0, Skipped: 0, Time elapsed: 0.001 sec - in com.graphhopper.GHRequestTest

Results :

Tests run: 1312, Failures: 0, Errors: 0, Skipped: 0

[INFO] 
[INFO] --- maven-resources-plugin:2.6:resources (default-resources) @ graphhopper-core ---
[INFO] Using 'UTF-8' encoding to copy filtered resources.
[INFO] Copying 2 resources
[INFO] Copying 46 resources
[INFO] 
[INFO] --- maven-compiler-plugin:3.5.1:compile (default-compile) @ graphhopper-core ---
[INFO] Nothing to compile - all classes are up to date
[INFO] 
[INFO] --- maven-resources-plugin:2.6:testResources (default-testResources) @ graphhopper-core ---
[INFO] Using 'UTF-8' encoding to copy filtered resources.
[INFO] Copying 11 resources
[INFO] 
[INFO] --- maven-compiler-plugin:3.5.1:testCompile (default-testCompile) @ graphhopper-core ---
[INFO] Nothing to compile - all classes are up to date
[INFO] 
[INFO] --- maven-surefire-plugin:2.19.1:test (default-test) @ graphhopper-core ---
[INFO] Skipping execution of surefire because it has already been run for this configuration
[INFO] 
[INFO] --- maven-jar-plugin:3.0.2:jar (default-jar) @ graphhopper-core ---
[INFO] Building jar: /home/travis/build/passed/graphhopper/graphhopper/core/target/graphhopper-core-0.9-SNAPSHOT.jar
[INFO] 
[INFO] --- maven-jar-plugin:3.0.2:test-jar (default) @ graphhopper-core ---
[INFO] Building jar: /home/travis/build/passed/graphhopper/graphhopper/core/target/graphhopper-core-0.9-SNAPSHOT-tests.jar
[INFO] 
[INFO] --- maven-failsafe-plugin:2.19.1:integration-test (default) @ graphhopper-core ---

-------------------------------------------------------
 T E S T S
-------------------------------------------------------
Running com.graphhopper.routing.RoutingAlgorithmIT
# RoutingAlgorithmIT algoEntry(astar):0.19310606, per run:0.024138257
# RoutingAlgorithmIT algoEntry(dijkstra):0.14788906, per run:0.018486133
# RoutingAlgorithmIT algoEntry(astarbi):0.065324105, per run:0.008165513
# RoutingAlgorithmIT algoEntry(dijkstrabi):0.086052194, per run:0.010756524
Tests run: 1, Failures: 0, Errors: 0, Skipped: 0, Time elapsed: 1.318 sec - in com.graphhopper.routing.RoutingAlgorithmIT

Results :

Tests run: 1, Failures: 0, Errors: 0, Skipped: 0

[INFO] 
[INFO] --- maven-failsafe-plugin:2.19.1:verify (default) @ graphhopper-core ---
[INFO]                                                                         
[INFO] ------------------------------------------------------------------------
[INFO] Building GraphHopper Reader for OpenStreetMap Data 0.9-SNAPSHOT
[INFO] ------------------------------------------------------------------------
[INFO] 
[INFO] --- maven-clean-plugin:2.5:clean (default-clean) @ graphhopper-reader-osm ---
[INFO] 
[INFO] --- maven-resources-plugin:2.6:resources (default-resources) @ graphhopper-reader-osm ---
[INFO] Using 'UTF-8' encoding to copy filtered resources.
[INFO] skip non existing resourceDirectory /home/travis/build/passed/graphhopper/graphhopper/reader-osm/src/main/resources
[INFO] 
[INFO] --- maven-compiler-plugin:3.5.1:compile (default-compile) @ graphhopper-reader-osm ---
[INFO] Changes detected - recompiling the module!
[INFO] Compiling 16 source files to /home/travis/build/passed/graphhopper/graphhopper/reader-osm/target/classes
[INFO] 
[INFO] --- maven-resources-plugin:2.6:testResources (default-testResources) @ graphhopper-reader-osm ---
[INFO] Using 'UTF-8' encoding to copy filtered resources.
[INFO] Copying 14 resources
[INFO] 
[INFO] --- maven-compiler-plugin:3.5.1:testCompile (default-testCompile) @ graphhopper-reader-osm ---
[INFO] Changes detected - recompiling the module!
[INFO] Compiling 6 source files to /home/travis/build/passed/graphhopper/graphhopper/reader-osm/target/test-classes
[INFO] 
[INFO] --- maven-surefire-plugin:2.19.1:test (default-test) @ graphhopper-reader-osm ---

-------------------------------------------------------
 T E S T S
-------------------------------------------------------
Running com.graphhopper.reader.osm.OSMReaderTest
2022-06-21 22:06:14,345 [main] WARN  com.graphhopper.reader.osm.OSMReader - Parsing error in way with OSMID=17 : Cannot parse duration tag value: P01:10
2022-06-21 22:06:14,349 [main] WARN  com.graphhopper.routing.util.AbstractFlagEncoder - Unrealistic long duration ignored in way with way ID=18 : Duration tag value=P1M (=44640 minutes)
2022-06-21 22:06:14,349 [main] WARN  com.graphhopper.routing.util.AbstractFlagEncoder - Unrealistic long duration ignored in way with way ID=18 : Duration tag value=P1M (=44640 minutes)
2022-06-21 22:06:14,349 [main] WARN  com.graphhopper.routing.util.AbstractFlagEncoder - Unrealistic long duration ignored in way with way ID=18 : Duration tag value=P1M (=44640 minutes)
2022-06-21 22:06:15,306 [main] WARN  com.graphhopper.reader.osm.OSMReader - Parsing error in way with OSMID=17 : Cannot parse duration tag value: P01:10
2022-06-21 22:06:15,307 [main] WARN  com.graphhopper.routing.util.AbstractFlagEncoder - Unrealistic long duration ignored in way with way ID=18 : Duration tag value=P1M (=44640 minutes)
2022-06-21 22:06:15,307 [main] WARN  com.graphhopper.routing.util.AbstractFlagEncoder - Unrealistic long duration ignored in way with way ID=18 : Duration tag value=P1M (=44640 minutes)
2022-06-21 22:06:15,307 [main] WARN  com.graphhopper.routing.util.AbstractFlagEncoder - Unrealistic long duration ignored in way with way ID=18 : Duration tag value=P1M (=44640 minutes)
2022-06-21 22:06:15,358 [main] WARN  com.graphhopper.reader.osm.OSMReader - Parsing error in way with OSMID=17 : Cannot parse duration tag value: P01:10
2022-06-21 22:06:15,364 [main] WARN  com.graphhopper.routing.util.AbstractFlagEncoder - Unrealistic long duration ignored in way with way ID=18 : Duration tag value=P1M (=44640 minutes)
2022-06-21 22:06:15,364 [main] WARN  com.graphhopper.routing.util.AbstractFlagEncoder - Unrealistic long duration ignored in way with way ID=18 : Duration tag value=P1M (=44640 minutes)
2022-06-21 22:06:15,364 [main] WARN  com.graphhopper.routing.util.AbstractFlagEncoder - Unrealistic long duration ignored in way with way ID=18 : Duration tag value=P1M (=44640 minutes)
Tests run: 22, Failures: 0, Errors: 0, Skipped: 0, Time elapsed: 1.948 sec - in com.graphhopper.reader.osm.OSMReaderTest
Running com.graphhopper.reader.osm.OSMTagParserTest
Tests run: 2, Failures: 0, Errors: 0, Skipped: 0, Time elapsed: 0 sec - in com.graphhopper.reader.osm.OSMTagParserTest
Running com.graphhopper.reader.osm.GraphHopperOSMTest
Tests run: 25, Failures: 0, Errors: 0, Skipped: 0, Time elapsed: 1.771 sec - in com.graphhopper.reader.osm.GraphHopperOSMTest
Running com.graphhopper.reader.osm.OSMTurnRelationTest
Tests run: 1, Failures: 0, Errors: 0, Skipped: 0, Time elapsed: 0.003 sec - in com.graphhopper.reader.osm.OSMTurnRelationTest

Results :

Tests run: 50, Failures: 0, Errors: 0, Skipped: 0

[INFO] 
[INFO] --- maven-resources-plugin:2.6:resources (default-resources) @ graphhopper-reader-osm ---
[INFO] Using 'UTF-8' encoding to copy filtered resources.
[INFO] skip non existing resourceDirectory /home/travis/build/passed/graphhopper/graphhopper/reader-osm/src/main/resources
[INFO] 
[INFO] --- maven-compiler-plugin:3.5.1:compile (default-compile) @ graphhopper-reader-osm ---
[INFO] Nothing to compile - all classes are up to date
[INFO] 
[INFO] --- maven-resources-plugin:2.6:testResources (default-testResources) @ graphhopper-reader-osm ---
[INFO] Using 'UTF-8' encoding to copy filtered resources.
[INFO] Copying 14 resources
[INFO] 
[INFO] --- maven-compiler-plugin:3.5.1:testCompile (default-testCompile) @ graphhopper-reader-osm ---
[INFO] Nothing to compile - all classes are up to date
[INFO] 
[INFO] --- maven-surefire-plugin:2.19.1:test (default-test) @ graphhopper-reader-osm ---
[INFO] Skipping execution of surefire because it has already been run for this configuration
[INFO] 
[INFO] --- maven-jar-plugin:3.0.2:jar (default-jar) @ graphhopper-reader-osm ---
[INFO] Building jar: /home/travis/build/passed/graphhopper/graphhopper/reader-osm/target/graphhopper-reader-osm-0.9-SNAPSHOT.jar
[INFO] 
[INFO] --- maven-failsafe-plugin:2.19.1:integration-test (default) @ graphhopper-reader-osm ---

-------------------------------------------------------
 T E S T S
-------------------------------------------------------
Running com.graphhopper.GraphHopperIT
Tests run: 23, Failures: 0, Errors: 0, Skipped: 0, Time elapsed: 8.777 sec - in com.graphhopper.GraphHopperIT
Running com.graphhopper.routing.RoutingAlgorithmWithOSMIT
testMonacoParallel takes a bit time...
Tests run: 27, Failures: 0, Errors: 0, Skipped: 0, Time elapsed: 20.459 sec - in com.graphhopper.routing.RoutingAlgorithmWithOSMIT

Results :

Tests run: 50, Failures: 0, Errors: 0, Skipped: 0

[INFO] 
[INFO] --- maven-failsafe-plugin:2.19.1:verify (default) @ graphhopper-reader-osm ---
[INFO]                                                                         
[INFO] ------------------------------------------------------------------------
[INFO] Building GraphHopper Reader JSON 0.9-SNAPSHOT
[INFO] ------------------------------------------------------------------------
[INFO] 
[INFO] --- maven-clean-plugin:2.5:clean (default-clean) @ graphhopper-reader-json ---
[INFO] 
[INFO] --- maven-resources-plugin:2.6:resources (default-resources) @ graphhopper-reader-json ---
[INFO] Using 'UTF-8' encoding to copy filtered resources.
[INFO] skip non existing resourceDirectory /home/travis/build/passed/graphhopper/graphhopper/reader-json/src/main/resources
[INFO] 
[INFO] --- maven-compiler-plugin:3.5.1:compile (default-compile) @ graphhopper-reader-json ---
[INFO] Changes detected - recompiling the module!
[INFO] Compiling 4 source files to /home/travis/build/passed/graphhopper/graphhopper/reader-json/target/classes
[INFO] 
[INFO] --- maven-resources-plugin:2.6:testResources (default-testResources) @ graphhopper-reader-json ---
[INFO] Using 'UTF-8' encoding to copy filtered resources.
[INFO] Copying 2 resources
[INFO] 
[INFO] --- maven-compiler-plugin:3.5.1:testCompile (default-testCompile) @ graphhopper-reader-json ---
[INFO] Changes detected - recompiling the module!
[INFO] Compiling 2 source files to /home/travis/build/passed/graphhopper/graphhopper/reader-json/target/test-classes
[INFO] 
[INFO] --- maven-surefire-plugin:2.19.1:test (default-test) @ graphhopper-reader-json ---

-------------------------------------------------------
 T E S T S
-------------------------------------------------------
Running com.graphhopper.json.geo.JsonFeatureCollectionTest
Tests run: 1, Failures: 0, Errors: 0, Skipped: 0, Time elapsed: 0.276 sec - in com.graphhopper.json.geo.JsonFeatureCollectionTest
Running com.graphhopper.storage.change.ChangeGraphHelperTest
Tests run: 1, Failures: 0, Errors: 0, Skipped: 0, Time elapsed: 0.101 sec - in com.graphhopper.storage.change.ChangeGraphHelperTest

Results :

Tests run: 2, Failures: 0, Errors: 0, Skipped: 0

[INFO] 
[INFO] --- maven-resources-plugin:2.6:resources (default-resources) @ graphhopper-reader-json ---
[INFO] Using 'UTF-8' encoding to copy filtered resources.
[INFO] skip non existing resourceDirectory /home/travis/build/passed/graphhopper/graphhopper/reader-json/src/main/resources
[INFO] 
[INFO] --- maven-compiler-plugin:3.5.1:compile (default-compile) @ graphhopper-reader-json ---
[INFO] Nothing to compile - all classes are up to date
[INFO] 
[INFO] --- maven-resources-plugin:2.6:testResources (default-testResources) @ graphhopper-reader-json ---
[INFO] Using 'UTF-8' encoding to copy filtered resources.
[INFO] Copying 2 resources
[INFO] 
[INFO] --- maven-compiler-plugin:3.5.1:testCompile (default-testCompile) @ graphhopper-reader-json ---
[INFO] Nothing to compile - all classes are up to date
[INFO] 
[INFO] --- maven-surefire-plugin:2.19.1:test (default-test) @ graphhopper-reader-json ---
[INFO] Skipping execution of surefire because it has already been run for this configuration
[INFO] 
[INFO] --- maven-jar-plugin:3.0.2:jar (default-jar) @ graphhopper-reader-json ---
[INFO] Building jar: /home/travis/build/passed/graphhopper/graphhopper/reader-json/target/graphhopper-reader-json-0.9-SNAPSHOT.jar
[INFO] 
[INFO] --- maven-failsafe-plugin:2.19.1:integration-test (default) @ graphhopper-reader-json ---
[INFO] 
[INFO] --- maven-failsafe-plugin:2.19.1:verify (default) @ graphhopper-reader-json ---
[INFO]                                                                         
[INFO] ------------------------------------------------------------------------
[INFO] Building GraphHopper Tools 0.9-SNAPSHOT
[INFO] ------------------------------------------------------------------------
[INFO] 
[INFO] --- maven-clean-plugin:2.5:clean (default-clean) @ graphhopper-tools ---
[INFO] 
[INFO] --- maven-resources-plugin:2.6:resources (default-resources) @ graphhopper-tools ---
[INFO] Using 'UTF-8' encoding to copy filtered resources.
[INFO] Copying 1 resource
[INFO] 
[INFO] --- maven-compiler-plugin:3.5.1:compile (default-compile) @ graphhopper-tools ---
[INFO] Changes detected - recompiling the module!
[INFO] Compiling 14 source files to /home/travis/build/passed/graphhopper/graphhopper/tools/target/classes
[INFO] 
[INFO] --- maven-resources-plugin:2.6:testResources (default-testResources) @ graphhopper-tools ---
[INFO] Using 'UTF-8' encoding to copy filtered resources.
[INFO] skip non existing resourceDirectory /home/travis/build/passed/graphhopper/graphhopper/tools/src/test/resources
[INFO] 
[INFO] --- maven-compiler-plugin:3.5.1:testCompile (default-testCompile) @ graphhopper-tools ---
[INFO] Changes detected - recompiling the module!
[INFO] Compiling 1 source file to /home/travis/build/passed/graphhopper/graphhopper/tools/target/test-classes
[INFO] 
[INFO] --- maven-surefire-plugin:2.19.1:test (default-test) @ graphhopper-tools ---

-------------------------------------------------------
 T E S T S
-------------------------------------------------------
Running com.graphhopper.tools.QueryTortureTest
Tests run: 1, Failures: 0, Errors: 0, Skipped: 0, Time elapsed: 0.057 sec - in com.graphhopper.tools.QueryTortureTest

Results :

Tests run: 1, Failures: 0, Errors: 0, Skipped: 0

[INFO] 
[INFO] --- maven-resources-plugin:2.6:resources (default-resources) @ graphhopper-tools ---
[INFO] Using 'UTF-8' encoding to copy filtered resources.
[INFO] Copying 1 resource
[INFO] 
[INFO] --- maven-compiler-plugin:3.5.1:compile (default-compile) @ graphhopper-tools ---
[INFO] Nothing to compile - all classes are up to date
[INFO] 
[INFO] --- maven-resources-plugin:2.6:testResources (default-testResources) @ graphhopper-tools ---
[INFO] Using 'UTF-8' encoding to copy filtered resources.
[INFO] skip non existing resourceDirectory /home/travis/build/passed/graphhopper/graphhopper/tools/src/test/resources
[INFO] 
[INFO] --- maven-compiler-plugin:3.5.1:testCompile (default-testCompile) @ graphhopper-tools ---
[INFO] Nothing to compile - all classes are up to date
[INFO] 
[INFO] --- maven-surefire-plugin:2.19.1:test (default-test) @ graphhopper-tools ---
[INFO] Skipping execution of surefire because it has already been run for this configuration
[INFO] 
[INFO] --- maven-jar-plugin:3.0.2:jar (default-jar) @ graphhopper-tools ---
[INFO] Building jar: /home/travis/build/passed/graphhopper/graphhopper/tools/target/graphhopper-tools-0.9-SNAPSHOT.jar
[INFO] 
[INFO] --- maven-failsafe-plugin:2.19.1:integration-test (default) @ graphhopper-tools ---
[INFO] 
[INFO] --- maven-failsafe-plugin:2.19.1:verify (default) @ graphhopper-tools ---
[INFO]                                                                         
[INFO] ------------------------------------------------------------------------
[INFO] Building GraphHopper Web 0.9-SNAPSHOT
[INFO] ------------------------------------------------------------------------
[INFO] 
[INFO] --- maven-clean-plugin:2.5:clean (default-clean) @ graphhopper-web ---
[INFO] 
[INFO] --- maven-resources-plugin:2.6:resources (default-resources) @ graphhopper-web ---
[INFO] Using 'UTF-8' encoding to copy filtered resources.
[INFO] Copying 3 resources
[INFO] 
[INFO] --- maven-compiler-plugin:3.5.1:compile (default-compile) @ graphhopper-web ---
[INFO] Changes detected - recompiling the module!
[INFO] Compiling 25 source files to /home/travis/build/passed/graphhopper/graphhopper/web/target/classes
[INFO] 
[INFO] --- maven-resources-plugin:2.6:testResources (default-testResources) @ graphhopper-web ---
[INFO] Using 'UTF-8' encoding to copy filtered resources.
[INFO] Copying 1 resource
[INFO] 
[INFO] --- maven-compiler-plugin:3.5.1:testCompile (default-testCompile) @ graphhopper-web ---
[INFO] Changes detected - recompiling the module!
[INFO] Compiling 11 source files to /home/travis/build/passed/graphhopper/graphhopper/web/target/test-classes
[INFO] 
[INFO] --- maven-surefire-plugin:2.19.1:test (default-test) @ graphhopper-web ---

-------------------------------------------------------
 T E S T S
-------------------------------------------------------
Running com.graphhopper.http.GraphHopperWebTest
Tests run: 3, Failures: 0, Errors: 0, Skipped: 0, Time elapsed: 0.389 sec - in com.graphhopper.http.GraphHopperWebTest
Running com.graphhopper.http.WebHelperTest
Tests run: 5, Failures: 0, Errors: 0, Skipped: 0, Time elapsed: 0.002 sec - in com.graphhopper.http.WebHelperTest
Running com.graphhopper.http.IPFilterTest
Tests run: 3, Failures: 0, Errors: 0, Skipped: 0, Time elapsed: 0.004 sec - in com.graphhopper.http.IPFilterTest
Running com.graphhopper.srlarray.SpatialRuleLookupBuilderTest
2022-06-21 22:06:58,319 [main] INFO  com.graphhopper.srlarray.SpatialRuleLookupBuilder - Created the SpatialRuleLookup with the following rules: [AUT, DEU]
Tests run: 1, Failures: 0, Errors: 0, Skipped: 0, Time elapsed: 0.303 sec - in com.graphhopper.srlarray.SpatialRuleLookupBuilderTest
Running com.graphhopper.srlarray.SpatialRuleLookupArrayTest
Tests run: 5, Failures: 0, Errors: 0, Skipped: 0, Time elapsed: 0.025 sec - in com.graphhopper.srlarray.SpatialRuleLookupArrayTest

Results :

Tests run: 17, Failures: 0, Errors: 0, Skipped: 0

[INFO] 
[INFO] --- maven-resources-plugin:2.6:resources (default-resources) @ graphhopper-web ---
[INFO] Using 'UTF-8' encoding to copy filtered resources.
[INFO] Copying 3 resources
[INFO] 
[INFO] --- maven-compiler-plugin:3.5.1:compile (default-compile) @ graphhopper-web ---
[INFO] Nothing to compile - all classes are up to date
[INFO] 
[INFO] --- maven-resources-plugin:2.6:testResources (default-testResources) @ graphhopper-web ---
[INFO] Using 'UTF-8' encoding to copy filtered resources.
[INFO] Copying 1 resource
[INFO] 
[INFO] --- maven-compiler-plugin:3.5.1:testCompile (default-testCompile) @ graphhopper-web ---
[INFO] Nothing to compile - all classes are up to date
[INFO] 
[INFO] --- maven-surefire-plugin:2.19.1:test (default-test) @ graphhopper-web ---
[INFO] Skipping execution of surefire because it has already been run for this configuration
[INFO] 
[INFO] --- maven-jar-plugin:3.0.2:jar (default-jar) @ graphhopper-web ---
[INFO] Building jar: /home/travis/build/passed/graphhopper/graphhopper/web/target/graphhopper-web-0.9-SNAPSHOT.jar
[INFO] 
[INFO] --- maven-failsafe-plugin:2.19.1:integration-test (default) @ graphhopper-web ---

-------------------------------------------------------
 T E S T S
-------------------------------------------------------
Running com.graphhopper.http.ChangeGraphServletIT
2022-06-21 22:06:59,879 [main] INFO  com.graphhopper.http.DefaultModule$1 - version 0.9|2022-06-21T22:05:14Z (5,14,4,3,3,2)
2022-06-21 22:06:59,883 [main] INFO  com.graphhopper.http.DefaultModule$1 - graph car|RAM_STORE|2D|NoExt|,,,,, details:edges:0(0MB), nodes:0(0MB), name:(0MB), geo:0(0MB), bounds:1.7976931348623157E308,-1.7976931348623157E308,1.7976931348623157E308,-1.7976931348623157E308
2022-06-21 22:06:59,901 [main] INFO  com.graphhopper.http.DefaultModule$1 - start creating graph from ../core/files/andorra.osm.pbf
2022-06-21 22:06:59,901 [main] INFO  com.graphhopper.http.DefaultModule$1 - using car|RAM_STORE|2D|NoExt|,,,,, memory:totalMB:1963, usedMB:133
2022-06-21 22:07:00,153 [main] INFO  com.graphhopper.reader.osm.OSMReader - creating graph. Found nodes (pillar+tower):20 917, totalMB:1963, usedMB:215
2022-06-21 22:07:00,318 [main] INFO  com.graphhopper.reader.osm.OSMReader - 69 646, now parsing ways
2022-06-21 22:07:00,431 [main] INFO  com.graphhopper.reader.osm.OSMReader - 72 371, now parsing relations
2022-06-21 22:07:00,431 [main] INFO  com.graphhopper.reader.osm.OSMReader - finished way processing. nodes: 1933, osmIdMap.size:20919, osmIdMap:0MB, nodeFlagsMap.size:2, relFlagsMap.size:0, zeroCounter:2 totalMB:1963, usedMB:308
2022-06-21 22:07:00,433 [main] INFO  com.graphhopper.reader.osm.OSMReader - time pass1:0s, pass2:0s, total:0s
2022-06-21 22:07:00,435 [main] INFO  com.graphhopper.http.DefaultModule$1 - start finding subnetworks, totalMB:1963, usedMB:308
2022-06-21 22:07:00,447 [main] INFO  com.graphhopper.routing.subnetwork.PrepareRoutingSubnetworks - 16 subnetworks found for car, totalMB:1963, usedMB:308
2022-06-21 22:07:00,449 [main] INFO  com.graphhopper.routing.subnetwork.PrepareRoutingSubnetworks - optimize to remove subnetworks (16), unvisited-dead-end-nodes (0), maxEdges/node (4)
2022-06-21 22:07:00,463 [main] INFO  com.graphhopper.http.DefaultModule$1 - edges: 2261, nodes 1889, there were 16 subnetworks. removed them => 44 less nodes
2022-06-21 22:07:00,511 [main] INFO  com.graphhopper.storage.index.LocationIndexTree - location index created in 0.04387071s, size:2 485, leafs:748, precision:300, depth:3, checksum:1889, entries:[64, 16, 4], entriesPerLeaf:3.3221924
2022-06-21 22:07:00,511 [main] INFO  com.graphhopper.http.DefaultModule$1 - flushing graph car|RAM_STORE|2D|NoExt|5,14,4,3,3, details:edges:2 261(1MB), nodes:1 889(1MB), name:(1MB), geo:31 061(1MB), bounds:1.419350909129178,1.7338322863094275,42.433747107544846,42.6330408, totalMB:1963, usedMB:318)
2022-06-21 22:07:00,538 [main] INFO  com.graphhopper.http.DefaultModule$1 - flushed graph totalMB:1963, usedMB:329)
2022-06-21 22:07:00,538 [main] INFO  com.graphhopper.http.DefaultModule - loaded graph at:./target/andorra-gh/, data_reader_file:../core/files/andorra.osm.pbf, flag_encoders:car, edges:2 261(1MB), nodes:1 889(1MB), name:(1MB), geo:31 061(1MB), bounds:1.419350909129178,1.7338322863094275,42.433747107544846,42.6330408
2022-06-21 22:07:00,846 [main] INFO  com.graphhopper.http.BaseServletTester - Trying to start jetty at port 18080
2022-06-21 22:07:01,068 [main] INFO  com.graphhopper.http.GHServer - Started server at HTTP :18080
2022-06-21 22:07:01,273 [qtp1158258131-40] INFO  com.graphhopper.http.GHBaseServlet - point=42.531453%2C1.518946&point=42.511178%2C1.54006& 127.0.0.1 en_US web integration tester [42.531453,1.518946, 42.511178,1.54006], took:0.048880372, , fastest, car, alternatives: 1, distance0: 3179.891259948685, time0: 3min, points0: 89, debugInfo: idLookup:0.010996359s; tmode:NODE_BASED; , algoInit:0.009329093s, astarbi|beeline-routing:0.004687391s, extract time:5.60182E-4;, algoInit:0.009329093s, astarbi|beeline-routing:0.004687391s, extract time:5.60182E-4, simplify (105->89)
2022-06-21 22:07:01,466 [qtp1158258131-33] INFO  com.graphhopper.http.GHBaseServlet - 127.0.0.1 null null 0.112292275
2022-06-21 22:07:01,485 [qtp1158258131-41] INFO  com.graphhopper.http.GHBaseServlet - point=42.531453%2C1.518946&point=42.511178%2C1.54006& 127.0.0.1 en_US web integration tester [42.531453,1.518946, 42.511178,1.54006], took:0.010078673, , fastest, car, alternatives: 1, distance0: 5532.769259948686, time0: 6min, points0: 85, debugInfo: idLookup:0.003665119s; tmode:NODE_BASED; , algoInit:3.07215E-4s, astarbi|beeline-routing:0.004114537s, extract time:1.17522E-4;, algoInit:3.07215E-4s, astarbi|beeline-routing:0.004114537s, extract time:1.17522E-4, simplify (105->85)
Tests run: 1, Failures: 0, Errors: 0, Skipped: 0, Time elapsed: 2.212 sec - in com.graphhopper.http.ChangeGraphServletIT
Running com.graphhopper.http.NearestServletWithEleIT
2022-06-21 22:07:01,589 [main] INFO  com.graphhopper.http.DefaultModule$1 - version 0.9|2022-06-21T22:05:14Z (5,14,4,3,3,2)
2022-06-21 22:07:01,589 [main] INFO  com.graphhopper.http.DefaultModule$1 - graph car|RAM_STORE|3D|NoExt|,,,,, details:edges:0(0MB), nodes:0(0MB), name:(0MB), geo:0(0MB), bounds:1.7976931348623157E308,-1.7976931348623157E308,1.7976931348623157E308,-1.7976931348623157E308,1.7976931348623157E308,-1.7976931348623157E308
2022-06-21 22:07:01,591 [main] INFO  com.graphhopper.http.DefaultModule$1 - start creating graph from ../core/files/monaco.osm.gz
2022-06-21 22:07:01,591 [main] INFO  com.graphhopper.http.DefaultModule$1 - using car|RAM_STORE|3D|NoExt|,,,,, memory:totalMB:1396, usedMB:140
2022-06-21 22:07:01,736 [main] INFO  com.graphhopper.reader.osm.OSMReader - creating graph. Found nodes (pillar+tower):3 020, totalMB:1396, usedMB:153
2022-06-21 22:07:01,741 [main] INFO  com.graphhopper.reader.dem.SRTMProvider - SRTM Elevation Provider, from: https://srtm.kurviger.de/SRTM3/, to: /home/travis/build/passed/graphhopper/graphhopper/core/files, as: MMAP_STORE
2022-06-21 22:07:01,890 [main] INFO  com.graphhopper.reader.osm.OSMReader - 13 740, now parsing ways
2022-06-21 22:07:01,931 [main] INFO  com.graphhopper.reader.osm.OSMReader - 15 684, now parsing relations
2022-06-21 22:07:01,938 [main] INFO  com.graphhopper.reader.osm.OSMReader - finished way processing. nodes: 576, osmIdMap.size:3021, osmIdMap:0MB, nodeFlagsMap.size:1, relFlagsMap.size:0, zeroCounter:1 totalMB:1396, usedMB:176
2022-06-21 22:07:01,993 [main] INFO  com.graphhopper.reader.osm.OSMReader - time pass1:0s, pass2:0s, total:0s
2022-06-21 22:07:01,993 [main] INFO  com.graphhopper.http.DefaultModule$1 - start finding subnetworks, totalMB:1564, usedMB:34
2022-06-21 22:07:01,994 [main] INFO  com.graphhopper.routing.subnetwork.PrepareRoutingSubnetworks - 5 subnetworks found for car, totalMB:1564, usedMB:34
2022-06-21 22:07:01,994 [main] INFO  com.graphhopper.routing.subnetwork.PrepareRoutingSubnetworks - optimize to remove subnetworks (5), unvisited-dead-end-nodes (0), maxEdges/node (5)
2022-06-21 22:07:01,996 [main] INFO  com.graphhopper.http.DefaultModule$1 - edges: 724, nodes 567, there were 5 subnetworks. removed them => 9 less nodes
2022-06-21 22:07:02,007 [main] INFO  com.graphhopper.storage.index.LocationIndexTree - location index created in 0.010010875s, size:562, leafs:35, precision:300, depth:2, checksum:567, entries:[16, 4], entriesPerLeaf:16.057142
2022-06-21 22:07:02,007 [main] INFO  com.graphhopper.http.DefaultModule$1 - flushing graph car|RAM_STORE|3D|NoExt|5,14,4,3,3, details:edges:724(1MB), nodes:567(1MB), name:(1MB), geo:5 993(1MB), bounds:7.404341341652155,7.439277859910082,43.72177128616954,43.75196271580374,-2.0,189.0, totalMB:1564, usedMB:34)
2022-06-21 22:07:02,019 [main] INFO  com.graphhopper.http.DefaultModule$1 - flushed graph totalMB:1564, usedMB:34)
2022-06-21 22:07:02,020 [main] INFO  com.graphhopper.http.DefaultModule - loaded graph at:./target/monaco-gh/, data_reader_file:../core/files/monaco.osm.gz, flag_encoders:car, edges:724(1MB), nodes:567(1MB), name:(1MB), geo:5 993(1MB), bounds:7.404341341652155,7.439277859910082,43.72177128616954,43.75196271580374,-2.0,189.0
2022-06-21 22:07:02,045 [main] INFO  com.graphhopper.http.BaseServletTester - Trying to start jetty at port 18080
2022-06-21 22:07:02,052 [main] INFO  com.graphhopper.http.GHServer - Started server at HTTP :18080
Tests run: 2, Failures: 0, Errors: 0, Skipped: 0, Time elapsed: 0.579 sec - in com.graphhopper.http.NearestServletWithEleIT
Running com.graphhopper.http.GraphHopperServletIT
2022-06-21 22:07:02,135 [main] INFO  com.graphhopper.http.DefaultModule$1 - version 0.9|2022-06-21T22:05:14Z (5,14,4,3,3,2)
2022-06-21 22:07:02,136 [main] INFO  com.graphhopper.http.DefaultModule$1 - graph CH|car|RAM_STORE|2D|NoExt|,,,,, details:edges:0(0MB), nodes:0(0MB), name:(0MB), geo:0(0MB), bounds:1.7976931348623157E308,-1.7976931348623157E308,1.7976931348623157E308,-1.7976931348623157E308, CHGraph|fastest|car, shortcuts:0, nodesCH:(0MB)
2022-06-21 22:07:02,146 [main] INFO  com.graphhopper.http.DefaultModule$1 - start creating graph from ../core/files/andorra.osm.pbf
2022-06-21 22:07:02,146 [main] INFO  com.graphhopper.http.DefaultModule$1 - using CH|car|RAM_STORE|2D|NoExt|,,,,, memory:totalMB:1564, usedMB:99
2022-06-21 22:07:02,277 [main] INFO  com.graphhopper.reader.osm.OSMReader - creating graph. Found nodes (pillar+tower):20 917, totalMB:1564, usedMB:160
2022-06-21 22:07:02,381 [main] INFO  com.graphhopper.reader.osm.OSMReader - 69 646, now parsing ways
2022-06-21 22:07:02,441 [main] INFO  com.graphhopper.reader.osm.OSMReader - 72 371, now parsing relations
2022-06-21 22:07:02,441 [main] INFO  com.graphhopper.reader.osm.OSMReader - finished way processing. nodes: 1933, osmIdMap.size:20919, osmIdMap:0MB, nodeFlagsMap.size:2, relFlagsMap.size:0, zeroCounter:2 totalMB:1564, usedMB:236
2022-06-21 22:07:02,441 [main] INFO  com.graphhopper.reader.osm.OSMReader - time pass1:0s, pass2:0s, total:0s
2022-06-21 22:07:02,441 [main] INFO  com.graphhopper.http.DefaultModule$1 - start finding subnetworks, totalMB:1564, usedMB:236
2022-06-21 22:07:02,458 [main] INFO  com.graphhopper.routing.subnetwork.PrepareRoutingSubnetworks - car findComponents time:0.016464654, size:30
2022-06-21 22:07:02,463 [main] INFO  com.graphhopper.routing.subnetwork.PrepareRoutingSubnetworks - 59 subnetworks found for car, totalMB:1564, usedMB:236
2022-06-21 22:07:02,464 [main] INFO  com.graphhopper.routing.subnetwork.PrepareRoutingSubnetworks - optimize to remove subnetworks (59), unvisited-dead-end-nodes (48), maxEdges/node (4)
2022-06-21 22:07:02,480 [main] INFO  com.graphhopper.http.DefaultModule$1 - edges: 2261, nodes 1875, there were 59 subnetworks. removed them => 58 less nodes
2022-06-21 22:07:02,497 [main] INFO  com.graphhopper.storage.index.LocationIndexTree - location index created in 0.016619993s, size:2 475, leafs:748, precision:300, depth:3, checksum:1875, entries:[64, 16, 4], entriesPerLeaf:3.3088236
2022-06-21 22:07:02,508 [main] INFO  com.graphhopper.routing.ch.CHAlgoFactoryDecorator - 1/1 calling CH prepare.doWork for fastest|car ... (totalMB:1564, usedMB:247)
2022-06-21 22:07:02,565 [fastest_car] INFO  com.graphhopper.routing.ch.PrepareContractionHierarchies - 0, updates:0, nodes: 1 875, shortcuts:0, dijkstras:5 636, t(dijk):0.01, t(period):0.0, t(lazy):0.0, t(neighbor):0.0, meanDegree:1, algo:0MB, totalMB:1564, usedMB:248
2022-06-21 22:07:02,578 [fastest_car] INFO  com.graphhopper.routing.ch.PrepareContractionHierarchies - 360, updates:0, nodes: 1 515, shortcuts:1, dijkstras:5 738, t(dijk):0.02, t(period):0.0, t(lazy):0.0, t(neighbor):0.01, meanDegree:1, algo:0MB, totalMB:1564, usedMB:248
2022-06-21 22:07:02,647 [fastest_car] INFO  com.graphhopper.routing.ch.PrepareContractionHierarchies - 720, updates:1, nodes: 1 155, shortcuts:129, dijkstras:10 487, t(dijk):0.07, t(period):0.06, t(lazy):0.0, t(neighbor):0.01, meanDegree:1, algo:0MB, totalMB:1564, usedMB:248
2022-06-21 22:07:02,693 [fastest_car] INFO  com.graphhopper.routing.ch.PrepareContractionHierarchies - 1 080, updates:2, nodes: 795, shortcuts:583, dijkstras:14 900, t(dijk):0.1, t(period):0.09, t(lazy):0.0, t(neighbor):0.01, meanDegree:1, algo:0MB, totalMB:1564, usedMB:248
2022-06-21 22:07:02,748 [fastest_car] INFO  com.graphhopper.routing.ch.PrepareContractionHierarchies - 1 440, updates:3, nodes: 435, shortcuts:899, dijkstras:18 402, t(dijk):0.14, t(period):0.12, t(lazy):0.0, t(neighbor):0.02, meanDegree:1, algo:0MB, totalMB:1564, usedMB:248
2022-06-21 22:07:02,776 [fastest_car] INFO  com.graphhopper.routing.ch.PrepareContractionHierarchies - 1 800, updates:4, nodes: 121, shortcuts:1 291, dijkstras:21 683, t(dijk):0.17, t(period):0.13, t(lazy):0.0, t(neighbor):0.03, meanDegree:1, algo:0MB, totalMB:1564, usedMB:248
2022-06-21 22:07:02,792 [fastest_car] INFO  com.graphhopper.routing.ch.PrepareContractionHierarchies - took:0, new shortcuts: 1 471, prepare|fastest, dijkstras:23920, t(dijk):0.18, t(period):0.13, t(lazy):0.01, t(neighbor):0.03, meanDegree:0, initSize:1875, periodic:20, lazy:10, neighbor:20, totalMB:1564, usedMB:248
2022-06-21 22:07:02,793 [main] INFO  com.graphhopper.http.DefaultModule$1 - flushing graph CH|car|RAM_STORE|2D|NoExt|5,14,4,3,3, details:edges:2 261(1MB), nodes:1 875(1MB), name:(1MB), geo:31 061(1MB), bounds:1.419350909129178,1.7338322863094275,42.433747107544846,42.6330408, CHGraph|fastest|car, shortcuts:1 471, nodesCH:(1MB), totalMB:1564, usedMB:248)
2022-06-21 22:07:02,812 [main] INFO  com.graphhopper.http.DefaultModule$1 - flushed graph totalMB:1564, usedMB:248)
2022-06-21 22:07:02,813 [main] INFO  com.graphhopper.http.DefaultModule - loaded graph at:./target/andorra-gh/, data_reader_file:../core/files/andorra.osm.pbf, flag_encoders:car, edges:2 261(1MB), nodes:1 875(1MB), name:(1MB), geo:31 061(1MB), bounds:1.419350909129178,1.7338322863094275,42.433747107544846,42.6330408, CHGraph|fastest|car, shortcuts:1 471, nodesCH:(1MB)
2022-06-21 22:07:02,834 [main] INFO  com.graphhopper.http.BaseServletTester - Trying to start jetty at port 18080
2022-06-21 22:07:02,840 [main] INFO  com.graphhopper.http.GHServer - Started server at HTTP :18080
2022-06-21 22:07:02,844 [qtp1142347343-74] ERROR com.graphhopper.http.GHBaseServlet - point=42.554851%2C1.536198&type=gpx& 127.0.0.1 en_US web integration tester [42.554851,1.536198], took:4.88932E-4, , fastest, car, errors:[java.lang.IllegalArgumentException: At least 2 points have to be specified, but was:1]
2022-06-21 22:07:02,901 [qtp1142347343-75] INFO  com.graphhopper.http.GHBaseServlet - point=42.554851%2C1.536198&point=42.510071%2C1.548128& 127.0.0.1 en_US web integration tester [42.554851,1.536198, 42.510071,1.548128], took:0.008753509, , fastest, car, alternatives: 1, distance0: 9204.566083971124, time0: 9min, points0: 199, debugInfo: idLookup:0.00148857s; , algoInit:0.001380452s, dijkstrabi|ch-routing:0.002719898s, extract time:6.03855E-4;, algoInit:0.001380452s, dijkstrabi|ch-routing:0.002719898s, extract time:6.03855E-4, simplify (247->199)
2022-06-21 22:07:02,921 [qtp1142347343-65] INFO  com.graphhopper.http.GHBaseServlet - point=42.554851,1.536198&point=42.510071,1.548128&&type=json&instructions=true&points_encoded=true&calc_points=true&algorithm=&locale=en_US&elevation=false 127.0.0.1 en_US GraphHopper Java Client [42.554851,1.536198, 42.510071,1.548128], took:0.004499628, , fastest, car, alternatives: 1, distance0: 9204.566083971124, time0: 9min, points0: 199, debugInfo: idLookup:0.001170025s; , algoInit:1.71549E-4s, dijkstrabi|ch-routing:9.19946E-4s, extract time:4.6423E-4;, algoInit:1.71549E-4s, dijkstrabi|ch-routing:9.19946E-4s, extract time:4.6423E-4, simplify (247->199)
2022-06-21 22:07:02,932 [qtp1142347343-74] INFO  com.graphhopper.http.GHBaseServlet - point=42.554851,1.536198&point=42.510071,1.548128&&type=json&instructions=true&points_encoded=true&calc_points=true&algorithm=&locale=en_US&elevation=false&turn_description=false 127.0.0.1 en_US GraphHopper Java Client [42.554851,1.536198, 42.510071,1.548128], took:0.004330911, , fastest, car, alternatives: 1, distance0: 9204.566083971124, time0: 9min, points0: 199, debugInfo: idLookup:0.001294645s; , algoInit:2.81364E-4s, dijkstrabi|ch-routing:6.88359E-4s, extract time:3.31467E-4;, algoInit:2.81364E-4s, dijkstrabi|ch-routing:6.88359E-4s, extract time:3.31467E-4, simplify (247->199)
2022-06-21 22:07:02,951 [qtp1142347343-75] INFO  com.graphhopper.http.GHBaseServlet - point=42.554851%2C1.536198&point=42.510071%2C1.548128&type=gpx& 127.0.0.1 en_US web integration tester [42.554851,1.536198, 42.510071,1.548128], took:0.006050993, , fastest, car, alternatives: 1, distance0: 9204.566083971124, time0: 9min, points0: 199, debugInfo: idLookup:0.001835519s; , algoInit:2.40766E-4s, dijkstrabi|ch-routing:7.44696E-4s, extract time:2.15073E-4;, algoInit:2.40766E-4s, dijkstrabi|ch-routing:7.44696E-4s, extract time:2.15073E-4, simplify (247->199)
2022-06-21 22:07:02,974 [qtp1142347343-65] ERROR com.graphhopper.http.GHBaseServlet - point=42.554851234%2C1.536198&point=42.510071%2C1.548128&points_encoded=false&elevation=true& 127.0.0.1 en_US web integration tester [42.554851234,1.536198, 42.510071,1.548128], took:9.3854E-5, , fastest, car, errors:[java.lang.IllegalArgumentException: Elevation not supported!]
2022-06-21 22:07:02,988 [qtp1142347343-74] INFO  com.graphhopper.http.GHBaseServlet - point=42.554851,1.536198&point=42.510071,1.548128&&type=json&instructions=true&points_encoded=true&calc_points=true&algorithm=&locale=en_US&elevation=false 127.0.0.1 en_US GraphHopper Java Client [42.554851,1.536198, 42.510071,1.548128], took:0.00533922, , fastest, car, alternatives: 1, distance0: 9204.566083971124, time0: 9min, points0: 199, debugInfo: idLookup:0.001814293s; , algoInit:3.19973E-4s, dijkstrabi|ch-routing:0.001112756s, extract time:2.18037E-4;, algoInit:3.19973E-4s, dijkstrabi|ch-routing:0.001112756s, extract time:2.18037E-4, simplify (247->199)
2022-06-21 22:07:03,003 [qtp1142347343-75] INFO  com.graphhopper.http.GHBaseServlet - point=42.554851,1.536198&point=42.531896,1.553278&point=42.510071,1.548128&&type=json&instructions=true&points_encoded=true&calc_points=true&algorithm=&locale=en_US&elevation=false 127.0.0.1 en_US GraphHopper Java Client [42.554851,1.536198, 42.531896,1.553278, 42.510071,1.548128], took:0.007444882, , fastest, car, alternatives: 1, distance0: 20232.202884241837, time0: 20min, points0: 686, debugInfo: idLookup:0.001951346s; , algoInit:2.36128E-4s, dijkstrabi|ch-routing:9.04185E-4s, extract time:1.92104E-4;, algoInit:1.73164E-4s, dijkstrabi|ch-routing:3.85755E-4s, extract time:7.0924E-5;, algoInit:2.36128E-4s, dijkstrabi|ch-routing:9.04185E-4s, extract time:1.92104E-4;, algoInit:1.73164E-4s, dijkstrabi|ch-routing:3.85755E-4s, extract time:7.0924E-5, simplify (736->686)
2022-06-21 22:07:03,034 [qtp1142347343-65] INFO  com.graphhopper.http.GHBaseServlet - point=42.554851234%2C1.536198&point=42.510071%2C1.548128&points_encoded=false& 127.0.0.1 en_US web integration tester [42.554851234,1.536198, 42.510071,1.548128], took:0.002880392, , fastest, car, alternatives: 1, distance0: 9204.540173426134, time0: 9min, points0: 199, debugInfo: idLookup:0.001101245s; , algoInit:1.38887E-4s, dijkstrabi|ch-routing:3.74246E-4s, extract time:1.17763E-4;, algoInit:1.38887E-4s, dijkstrabi|ch-routing:3.74246E-4s, extract time:1.17763E-4, simplify (247->199)
2022-06-21 22:07:03,057 [qtp1142347343-74] INFO  com.graphhopper.http.GHBaseServlet - point=42.496696%2C1.499323&point=42.497257%2C1.501501&heading=240&heading=240&ch.force_heading=true& 127.0.0.1 en_US web integration tester [42.496696,1.499323, 42.497257,1.501501], took:0.001747189, , fastest, car, alternatives: 1, distance0: 964.5028937166437, time0: 1min, points0: 33, debugInfo: idLookup:6.11499E-4s; , algoInit:1.20692E-4s, dijkstrabi|ch-routing:2.04134E-4s, extract time:3.9854E-5;, algoInit:1.20692E-4s, dijkstrabi|ch-routing:2.04134E-4s, extract time:3.9854E-5, simplify (38->33)
2022-06-21 22:07:03,082 [qtp1142347343-75] ERROR com.graphhopper.http.GHBaseServlet - &type=json&instructions=true&points_encoded=true&calc_points=true&algorithm=&locale=en_US&elevation=false 127.0.0.1 en_US GraphHopper Java Client [], took:7.91751E-4, , fastest, car, errors:[java.lang.IllegalArgumentException: At least 2 points have to be specified, but was:0]
2022-06-21 22:07:03,089 [qtp1142347343-65] ERROR com.graphhopper.http.GHBaseServlet - point=0.0,0.0&point=0.0,0.0&&type=json&instructions=true&points_encoded=true&calc_points=true&algorithm=&locale=en_US&elevation=false 127.0.0.1 en_US GraphHopper Java Client [0.0,0.0, 0.0,0.0], took:4.5018E-4, , fastest, car, errors:[com.graphhopper.util.exceptions.PointOutOfBoundsException: Point 0 is ouf of bounds: 0.0,0.0]
2022-06-21 22:07:03,095 [qtp1142347343-74] ERROR com.graphhopper.http.GHBaseServlet - point=42.554851,1.536198&point=42.510071,1.548128&&type=json&instructions=true&points_encoded=true&calc_points=true&algorithm=&locale=en_US&elevation=false&vehicle=space-shuttle 127.0.0.1 en_US GraphHopper Java Client [42.554851,1.536198, 42.510071,1.548128], took:3.3592E-5, , fastest, space-shuttle, errors:[java.lang.IllegalArgumentException: Vehicle not supported: space-shuttle]
2022-06-21 22:07:03,115 [qtp1142347343-74] INFO  com.graphhopper.http.GHBaseServlet - point=42.534133%2C1.581473&point=42.534781%2C1.582149&point=42.535042%2C1.582514&pass_through=true& 127.0.0.1 en_US web integration tester [42.534133,1.581473, 42.534781,1.582149, 42.535042,1.582514], took:0.004082577, , fastest, car, alternatives: 1, distance0: 320.9521855338318, time0: 1min, points0: 12, debugInfo: idLookup:0.001824548s; , algoInit:3.36274E-4s, dijkstrabi|ch-routing:3.60332E-4s, extract time:4.0807E-5;, algoInit:1.00198E-4s, dijkstrabi|ch-routing:1.56098E-4s, extract time:1.1733E-5;, algoInit:3.36274E-4s, dijkstrabi|ch-routing:3.60332E-4s, extract time:4.0807E-5;, algoInit:1.00198E-4s, dijkstrabi|ch-routing:1.56098E-4s, extract time:1.1733E-5, simplify (13->12)
2022-06-21 22:07:03,126 [qtp1142347343-65] INFO  com.graphhopper.http.GHBaseServlet - point=42.554851%2C1.536198&point=42.510071%2C1.548128&type=gpx&gpx.route=false&gpx.waypoints=false& 127.0.0.1 en_US web integration tester [42.554851,1.536198, 42.510071,1.548128], took:0.002247792, , fastest, car, alternatives: 1, distance0: 9204.566083971124, time0: 9min, points0: 199, debugInfo: idLookup:8.46431E-4s; , algoInit:1.00204E-4s, dijkstrabi|ch-routing:3.45108E-4s, extract time:8.8147E-5;, algoInit:1.00204E-4s, dijkstrabi|ch-routing:3.45108E-4s, extract time:8.8147E-5, simplify (247->199)
2022-06-21 22:07:03,145 [qtp1142347343-75] INFO  com.graphhopper.http.GHBaseServlet - point=42.554851%2C1.536198&point=42.510071%2C1.548128&type=gpx&gpx.track=true&gpx.route=false&gpx.waypoints=true& 127.0.0.1 en_US web integration tester [42.554851,1.536198, 42.510071,1.548128], took:0.003049765, , fastest, car, alternatives: 1, distance0: 9204.566083971124, time0: 9min, points0: 199, debugInfo: idLookup:0.00110941s; , algoInit:3.28872E-4s, dijkstrabi|ch-routing:3.81687E-4s, extract time:1.14281E-4;, algoInit:3.28872E-4s, dijkstrabi|ch-routing:3.81687E-4s, extract time:1.14281E-4, simplify (247->199)
Tests run: 12, Failures: 0, Errors: 0, Skipped: 0, Time elapsed: 1.062 sec - in com.graphhopper.http.GraphHopperServletIT
Running com.graphhopper.http.GraphHopperServletWithEleIT
2022-06-21 22:07:03,208 [main] INFO  com.graphhopper.http.DefaultModule$1 - version 0.9|2022-06-21T22:05:14Z (5,14,4,3,3,2)
2022-06-21 22:07:03,209 [main] INFO  com.graphhopper.http.DefaultModule$1 - graph car|RAM_STORE|3D|NoExt|,,,,, details:edges:0(0MB), nodes:0(0MB), name:(0MB), geo:0(0MB), bounds:1.7976931348623157E308,-1.7976931348623157E308,1.7976931348623157E308,-1.7976931348623157E308,1.7976931348623157E308,-1.7976931348623157E308
2022-06-21 22:07:03,220 [main] INFO  com.graphhopper.http.DefaultModule$1 - start creating graph from ../core/files/monaco.osm.gz
2022-06-21 22:07:03,220 [main] INFO  com.graphhopper.http.DefaultModule$1 - using car|RAM_STORE|3D|NoExt|,,,,, memory:totalMB:1564, usedMB:297
2022-06-21 22:07:03,321 [main] INFO  com.graphhopper.reader.osm.OSMReader - creating graph. Found nodes (pillar+tower):3 020, totalMB:1564, usedMB:306
2022-06-21 22:07:03,325 [main] INFO  com.graphhopper.reader.dem.SRTMProvider - SRTM Elevation Provider, from: https://srtm.kurviger.de/SRTM3/, to: /home/travis/build/passed/graphhopper/graphhopper/core/files, as: MMAP_STORE
2022-06-21 22:07:03,450 [main] INFO  com.graphhopper.reader.osm.OSMReader - 13 740, now parsing ways
2022-06-21 22:07:03,488 [main] INFO  com.graphhopper.reader.osm.OSMReader - 15 684, now parsing relations
2022-06-21 22:07:03,495 [main] INFO  com.graphhopper.reader.osm.OSMReader - finished way processing. nodes: 576, osmIdMap.size:3021, osmIdMap:0MB, nodeFlagsMap.size:1, relFlagsMap.size:0, zeroCounter:1 totalMB:1564, usedMB:333
2022-06-21 22:07:03,601 [main] INFO  com.graphhopper.reader.osm.OSMReader - time pass1:0s, pass2:0s, total:0s
2022-06-21 22:07:03,602 [main] INFO  com.graphhopper.http.DefaultModule$1 - start finding subnetworks, totalMB:1567, usedMB:36
2022-06-21 22:07:03,603 [main] INFO  com.graphhopper.routing.subnetwork.PrepareRoutingSubnetworks - 5 subnetworks found for car, totalMB:1567, usedMB:36
2022-06-21 22:07:03,604 [main] INFO  com.graphhopper.routing.subnetwork.PrepareRoutingSubnetworks - optimize to remove subnetworks (5), unvisited-dead-end-nodes (0), maxEdges/node (5)
2022-06-21 22:07:03,607 [main] INFO  com.graphhopper.http.DefaultModule$1 - edges: 724, nodes 567, there were 5 subnetworks. removed them => 9 less nodes
2022-06-21 22:07:03,612 [main] INFO  com.graphhopper.storage.index.LocationIndexTree - location index created in 0.004471884s, size:562, leafs:35, precision:300, depth:2, checksum:567, entries:[16, 4], entriesPerLeaf:16.057142
2022-06-21 22:07:03,612 [main] INFO  com.graphhopper.http.DefaultModule$1 - flushing graph car|RAM_STORE|3D|NoExt|5,14,4,3,3, details:edges:724(1MB), nodes:567(1MB), name:(1MB), geo:5 993(1MB), bounds:7.404341341652155,7.439277859910082,43.72177128616954,43.75196271580374,-2.0,189.0, totalMB:1567, usedMB:36)
2022-06-21 22:07:03,621 [main] INFO  com.graphhopper.http.DefaultModule$1 - flushed graph totalMB:1567, usedMB:36)
2022-06-21 22:07:03,621 [main] INFO  com.graphhopper.http.DefaultModule - loaded graph at:./target/monaco-gh/, data_reader_file:../core/files/monaco.osm.gz, flag_encoders:car, edges:724(1MB), nodes:567(1MB), name:(1MB), geo:5 993(1MB), bounds:7.404341341652155,7.439277859910082,43.72177128616954,43.75196271580374,-2.0,189.0
2022-06-21 22:07:03,640 [main] INFO  com.graphhopper.http.BaseServletTester - Trying to start jetty at port 18080
2022-06-21 22:07:03,647 [main] INFO  com.graphhopper.http.GHServer - Started server at HTTP :18080
2022-06-21 22:07:03,654 [qtp315805187-86] INFO  com.graphhopper.http.GHBaseServlet - point=43.730864%2C7.420771&point=43.727687%2C7.418737&points_encoded=false&elevation=true& 127.0.0.1 en_US web integration tester [43.730864,7.420771, 43.727687,7.418737], took:0.002916277, , fastest, car, alternatives: 1, distance0: 2651.202585806163, time0: 5min, points0: 77, debugInfo: idLookup:0.001382443s; tmode:NODE_BASED; , algoInit:9.04E-5s, astarbi|beeline-routing:5.58117E-4s, extract time:2.9359E-5;, algoInit:9.04E-5s, astarbi|beeline-routing:5.58117E-4s, extract time:2.9359E-5, simplify (93->77)
2022-06-21 22:07:03,673 [qtp315805187-87] INFO  com.graphhopper.http.GHBaseServlet - point=43.730864%2C7.420771&point=43.727687%2C7.418737&points_encoded=false& 127.0.0.1 en_US web integration tester [43.730864,7.420771, 43.727687,7.418737], took:0.006009452, , fastest, car, alternatives: 1, distance0: 2651.202585806163, time0: 5min, points0: 77, debugInfo: idLookup:0.003601728s; tmode:NODE_BASED; , algoInit:1.70418E-4s, astarbi|beeline-routing:0.001150492s, extract time:8.0233E-5;, algoInit:1.70418E-4s, astarbi|beeline-routing:0.001150492s, extract time:8.0233E-5, simplify (93->77)
2022-06-21 22:07:03,684 [qtp315805187-77] INFO  com.graphhopper.http.GHBaseServlet - point=43.730864%2C7.420771&point=43.727687%2C7.418737&points_encoded=false&elevation=false& 127.0.0.1 en_US web integration tester [43.730864,7.420771, 43.727687,7.418737], took:0.004258027, , fastest, car, alternatives: 1, distance0: 2651.202585806163, time0: 5min, points0: 77, debugInfo: idLookup:0.002702575s; tmode:NODE_BASED; , algoInit:1.09901E-4s, astarbi|beeline-routing:5.52714E-4s, extract time:6.2183E-5;, algoInit:1.09901E-4s, astarbi|beeline-routing:5.52714E-4s, extract time:6.2183E-5, simplify (93->77)
Tests run: 2, Failures: 0, Errors: 0, Skipped: 0, Time elapsed: 0.538 sec - in com.graphhopper.http.GraphHopperServletWithEleIT
Running com.graphhopper.http.NearestServletIT
2022-06-21 22:07:03,719 [main] INFO  com.graphhopper.http.DefaultModule$1 - version 0.9|2022-06-21T22:05:14Z (5,14,4,3,3,2)
2022-06-21 22:07:03,720 [main] INFO  com.graphhopper.http.DefaultModule$1 - graph CH|car|RAM_STORE|2D|NoExt|,,,,, details:edges:0(0MB), nodes:0(0MB), name:(0MB), geo:0(0MB), bounds:1.7976931348623157E308,-1.7976931348623157E308,1.7976931348623157E308,-1.7976931348623157E308, CHGraph|fastest|car, shortcuts:0, nodesCH:(0MB)
2022-06-21 22:07:03,722 [main] INFO  com.graphhopper.http.DefaultModule$1 - start creating graph from ../core/files/andorra.osm.pbf
2022-06-21 22:07:03,722 [main] INFO  com.graphhopper.http.DefaultModule$1 - using CH|car|RAM_STORE|2D|NoExt|,,,,, memory:totalMB:1567, usedMB:88
2022-06-21 22:07:03,792 [main] INFO  com.graphhopper.reader.osm.OSMReader - creating graph. Found nodes (pillar+tower):20 917, totalMB:1567, usedMB:150
2022-06-21 22:07:03,848 [main] INFO  com.graphhopper.reader.osm.OSMReader - 69 646, now parsing ways
2022-06-21 22:07:03,886 [main] INFO  com.graphhopper.reader.osm.OSMReader - 72 371, now parsing relations
2022-06-21 22:07:03,886 [main] INFO  com.graphhopper.reader.osm.OSMReader - finished way processing. nodes: 1933, osmIdMap.size:20919, osmIdMap:0MB, nodeFlagsMap.size:2, relFlagsMap.size:0, zeroCounter:2 totalMB:1567, usedMB:224
2022-06-21 22:07:03,887 [main] INFO  com.graphhopper.reader.osm.OSMReader - time pass1:0s, pass2:0s, total:0s
2022-06-21 22:07:03,887 [main] INFO  com.graphhopper.http.DefaultModule$1 - start finding subnetworks, totalMB:1567, usedMB:224
2022-06-21 22:07:03,890 [main] INFO  com.graphhopper.routing.subnetwork.PrepareRoutingSubnetworks - car findComponents time:0.003403133, size:30
2022-06-21 22:07:03,891 [main] INFO  com.graphhopper.routing.subnetwork.PrepareRoutingSubnetworks - 59 subnetworks found for car, totalMB:1567, usedMB:224
2022-06-21 22:07:03,892 [main] INFO  com.graphhopper.routing.subnetwork.PrepareRoutingSubnetworks - optimize to remove subnetworks (59), unvisited-dead-end-nodes (48), maxEdges/node (4)
2022-06-21 22:07:03,898 [main] INFO  com.graphhopper.http.DefaultModule$1 - edges: 2261, nodes 1875, there were 59 subnetworks. removed them => 58 less nodes
2022-06-21 22:07:03,908 [main] INFO  com.graphhopper.storage.index.LocationIndexTree - location index created in 0.00962129s, size:2 475, leafs:748, precision:300, depth:3, checksum:1875, entries:[64, 16, 4], entriesPerLeaf:3.3088236
2022-06-21 22:07:03,909 [main] INFO  com.graphhopper.routing.ch.CHAlgoFactoryDecorator - 1/1 calling CH prepare.doWork for fastest|car ... (totalMB:1567, usedMB:226)
2022-06-21 22:07:03,919 [fastest_car] INFO  com.graphhopper.routing.ch.PrepareContractionHierarchies - 0, updates:0, nodes: 1 875, shortcuts:0, dijkstras:5 636, t(dijk):0.0, t(period):0.0, t(lazy):0.0, t(neighbor):0.0, meanDegree:1, algo:0MB, totalMB:1567, usedMB:227
2022-06-21 22:07:03,922 [fastest_car] INFO  com.graphhopper.routing.ch.PrepareContractionHierarchies - 360, updates:0, nodes: 1 515, shortcuts:1, dijkstras:5 738, t(dijk):0.0, t(period):0.0, t(lazy):0.0, t(neighbor):0.0, meanDegree:1, algo:0MB, totalMB:1567, usedMB:227
2022-06-21 22:07:03,935 [fastest_car] INFO  com.graphhopper.routing.ch.PrepareContractionHierarchies - 720, updates:1, nodes: 1 155, shortcuts:129, dijkstras:10 487, t(dijk):0.01, t(period):0.01, t(lazy):0.0, t(neighbor):0.0, meanDegree:1, algo:0MB, totalMB:1567, usedMB:227
2022-06-21 22:07:03,950 [fastest_car] INFO  com.graphhopper.routing.ch.PrepareContractionHierarchies - 1 080, updates:2, nodes: 795, shortcuts:583, dijkstras:14 900, t(dijk):0.02, t(period):0.02, t(lazy):0.0, t(neighbor):0.0, meanDegree:1, algo:0MB, totalMB:1567, usedMB:235
2022-06-21 22:07:03,966 [fastest_car] INFO  com.graphhopper.routing.ch.PrepareContractionHierarchies - 1 440, updates:3, nodes: 435, shortcuts:899, dijkstras:18 402, t(dijk):0.03, t(period):0.03, t(lazy):0.0, t(neighbor):0.01, meanDegree:1, algo:0MB, totalMB:1567, usedMB:235
2022-06-21 22:07:03,983 [fastest_car] INFO  com.graphhopper.routing.ch.PrepareContractionHierarchies - 1 800, updates:4, nodes: 121, shortcuts:1 291, dijkstras:21 683, t(dijk):0.05, t(period):0.03, t(lazy):0.0, t(neighbor):0.01, meanDegree:1, algo:0MB, totalMB:1567, usedMB:235
2022-06-21 22:07:03,993 [fastest_car] INFO  com.graphhopper.routing.ch.PrepareContractionHierarchies - took:0, new shortcuts: 1 471, prepare|fastest, dijkstras:23920, t(dijk):0.05, t(period):0.04, t(lazy):0.0, t(neighbor):0.01, meanDegree:0, initSize:1875, periodic:20, lazy:10, neighbor:20, totalMB:1567, usedMB:235
2022-06-21 22:07:03,993 [main] INFO  com.graphhopper.http.DefaultModule$1 - flushing graph CH|car|RAM_STORE|2D|NoExt|5,14,4,3,3, details:edges:2 261(1MB), nodes:1 875(1MB), name:(1MB), geo:31 061(1MB), bounds:1.419350909129178,1.7338322863094275,42.433747107544846,42.6330408, CHGraph|fastest|car, shortcuts:1 471, nodesCH:(1MB), totalMB:1567, usedMB:235)
2022-06-21 22:07:04,015 [main] INFO  com.graphhopper.http.DefaultModule$1 - flushed graph totalMB:1567, usedMB:237)
2022-06-21 22:07:04,016 [main] INFO  com.graphhopper.http.DefaultModule - loaded graph at:./target/andorra-gh/, data_reader_file:../core/files/andorra.osm.pbf, flag_encoders:car, edges:2 261(1MB), nodes:1 875(1MB), name:(1MB), geo:31 061(1MB), bounds:1.419350909129178,1.7338322863094275,42.433747107544846,42.6330408, CHGraph|fastest|car, shortcuts:1 471, nodesCH:(1MB)
2022-06-21 22:07:04,029 [main] INFO  com.graphhopper.http.BaseServletTester - Trying to start jetty at port 18080
2022-06-21 22:07:04,033 [main] INFO  com.graphhopper.http.GHServer - Started server at HTTP :18080
Tests run: 1, Failures: 0, Errors: 0, Skipped: 0, Time elapsed: 0.348 sec - in com.graphhopper.http.NearestServletIT

Results :

Tests run: 18, Failures: 0, Errors: 0, Skipped: 0

[INFO] 
[INFO] --- maven-assembly-plugin:2.4.1:single (make-assembly) @ graphhopper-web ---
[INFO] Reading assembly descriptor: src/main/assembly/jar.xml
[INFO] Reading assembly descriptor: src/main/assembly/zip.xml
[INFO] Building jar: /home/travis/build/passed/graphhopper/graphhopper/web/target/graphhopper-web-0.9-SNAPSHOT-with-dep.jar
[INFO] Building zip: /home/travis/build/passed/graphhopper/graphhopper/web/target/graphhopper-web-0.9-SNAPSHOT-bin.zip
[INFO] 
[INFO] --- maven-failsafe-plugin:2.19.1:verify (default) @ graphhopper-web ---
[INFO]                                                                         
[INFO] ------------------------------------------------------------------------
[INFO] Building GraphHopper Reader for Shapefile Data 0.9-SNAPSHOT
[INFO] ------------------------------------------------------------------------
[INFO] 
[INFO] --- maven-clean-plugin:2.5:clean (default-clean) @ graphhopper-reader-shp ---
[INFO] 
[INFO] --- maven-resources-plugin:2.6:resources (default-resources) @ graphhopper-reader-shp ---
[INFO] Using 'UTF-8' encoding to copy filtered resources.
[INFO] skip non existing resourceDirectory /home/travis/build/passed/graphhopper/graphhopper/reader-shp/src/main/resources
[INFO] 
[INFO] --- maven-compiler-plugin:3.5.1:compile (default-compile) @ graphhopper-reader-shp ---
[INFO] Changes detected - recompiling the module!
[INFO] Compiling 4 source files to /home/travis/build/passed/graphhopper/graphhopper/reader-shp/target/classes
[INFO] 
[INFO] --- maven-resources-plugin:2.6:testResources (default-testResources) @ graphhopper-reader-shp ---
[INFO] Using 'UTF-8' encoding to copy filtered resources.
[INFO] Copying 7 resources
[INFO] 
[INFO] --- maven-compiler-plugin:3.5.1:testCompile (default-testCompile) @ graphhopper-reader-shp ---
[INFO] Changes detected - recompiling the module!
[INFO] Compiling 1 source file to /home/travis/build/passed/graphhopper/graphhopper/reader-shp/target/test-classes
[INFO] 
[INFO] --- maven-surefire-plugin:2.19.1:test (default-test) @ graphhopper-reader-shp ---

-------------------------------------------------------
 T E S T S
-------------------------------------------------------
Running com.graphhopper.reader.shp.ShapeFileReaderTest
Tests run: 4, Failures: 0, Errors: 0, Skipped: 0, Time elapsed: 4.861 sec - in com.graphhopper.reader.shp.ShapeFileReaderTest

Results :

Tests run: 4, Failures: 0, Errors: 0, Skipped: 0

[INFO] 
[INFO] --- maven-resources-plugin:2.6:resources (default-resources) @ graphhopper-reader-shp ---
[INFO] Using 'UTF-8' encoding to copy filtered resources.
[INFO] skip non existing resourceDirectory /home/travis/build/passed/graphhopper/graphhopper/reader-shp/src/main/resources
[INFO] 
[INFO] --- maven-compiler-plugin:3.5.1:compile (default-compile) @ graphhopper-reader-shp ---
[INFO] Nothing to compile - all classes are up to date
[INFO] 
[INFO] --- maven-resources-plugin:2.6:testResources (default-testResources) @ graphhopper-reader-shp ---
[INFO] Using 'UTF-8' encoding to copy filtered resources.
[INFO] Copying 7 resources
[INFO] 
[INFO] --- maven-compiler-plugin:3.5.1:testCompile (default-testCompile) @ graphhopper-reader-shp ---
[INFO] Nothing to compile - all classes are up to date
[INFO] 
[INFO] --- maven-surefire-plugin:2.19.1:test (default-test) @ graphhopper-reader-shp ---
[INFO] Skipping execution of surefire because it has already been run for this configuration
[INFO] 
[INFO] --- maven-jar-plugin:3.0.2:jar (default-jar) @ graphhopper-reader-shp ---
[INFO] Building jar: /home/travis/build/passed/graphhopper/graphhopper/reader-shp/target/graphhopper-reader-shp-0.9-SNAPSHOT.jar
[INFO] 
[INFO] --- maven-failsafe-plugin:2.19.1:integration-test (default) @ graphhopper-reader-shp ---
[INFO] 
[INFO] --- maven-failsafe-plugin:2.19.1:verify (default) @ graphhopper-reader-shp ---
[INFO] ------------------------------------------------------------------------
[INFO] Reactor Summary:
[INFO] 
[INFO] GraphHopper Parent Project ......................... SUCCESS [  0.476 s]
[INFO] GraphHopper Core ................................... SUCCESS [ 53.098 s]
[INFO] GraphHopper Reader for OpenStreetMap Data .......... SUCCESS [ 39.121 s]
[INFO] GraphHopper Reader JSON ............................ SUCCESS [  3.028 s]
[INFO] GraphHopper Tools .................................. SUCCESS [  3.168 s]
[INFO] GraphHopper Web .................................... SUCCESS [ 16.305 s]
[INFO] GraphHopper Reader for Shapefile Data .............. SUCCESS [ 18.282 s]
[INFO] ------------------------------------------------------------------------
[INFO] BUILD SUCCESS
[INFO] ------------------------------------------------------------------------
[INFO] Total time: 02:14 min
[INFO] Finished at: 2022-06-21T22:07:28+00:00
[INFO] Final Memory: 16M/292M
[INFO] ------------------------------------------------------------------------
travis_time:end:05e84ab1:start=1655849113028056087,finish=1655849248502441689,duration=135474385602[0K[32;1mThe command "mvn clean test verify -Dhttps.protocols=TLSv1.2 -B" exited with 0.[0m

travis_fold:start:cache.2[0Kstore build cache
travis_time:start:31d032c8[0Ktravis_time:end:31d032c8:start=1655849248511190277,finish=1655849248517329124,duration=6138847[0Ktravis_time:start:0aec9d60[0KYAML safe loading is not available. Please upgrade psych to a version that supports safe loading (>= 2.0).
[32;1mchanges detected, packing new archive[0m
[32;1muploading /[0m
[31;1mfailed to upload cache[0m
travis_time:end:0aec9d60:start=1655849248525053365,finish=1655849251422296964,duration=2897243599[0Ktravis_fold:end:cache.2[0K
travis_fold:start:after_success[0Ktravis_time:start:371d718c[0K$ if [ "$TRAVIS_JDK_VERSION" == "oraclejdk8" ] && [ "$TRAVIS_BRANCH" == "master" ] && [ "$TRAVIS_PULL_REQUEST" == "false" ]; then travis_wait mvn deploy -Dhttps.protocols=TLSv1.2 --settings core/files/settings.xml -DskipTests=true -B; else echo "Not deploying snapshot artifact for $TRAVIS_BRANCH"; fi
Not deploying snapshot artifact for 
travis_time:end:371d718c:start=1655849251430289138,finish=1655849251436017272,duration=5728134[0Ktravis_fold:end:after_success[0K
Done. Your build exited with 0.
