travis_fold:start:system_info[0K[33;1mBuild system information[0m
Build language: java
Build group: stable
Build dist: precise
Build id: ''
Job id: ''
[34m[1mBuild image provisioning date and time[0m
Thu Feb  5 15:09:33 UTC 2015
[34m[1mOperating System Details[0m
Distributor ID:	Ubuntu
Description:	Ubuntu 12.04.5 LTS
Release:	12.04
Codename:	precise
[34m[1mLinux Version[0m
3.13.0-29-generic
[34m[1mCookbooks Version[0m
a68419e https://github.com/travis-ci/travis-cookbooks/tree/a68419e
[34m[1mGCC version[0m
gcc (Ubuntu/Linaro 4.6.3-1ubuntu5) 4.6.3
Copyright (C) 2011 Free Software Foundation, Inc.
This is free software; see the source for copying conditions.  There is NO
warranty; not even for MERCHANTABILITY or FITNESS FOR A PARTICULAR PURPOSE.

[34m[1mLLVM version[0m
clang version 3.4 (tags/RELEASE_34/final)
Target: x86_64-unknown-linux-gnu
Thread model: posix
[34m[1mPre-installed Ruby versions[0m
ruby-1.9.3-p551
[34m[1mPre-installed Node.js versions[0m
v0.10.36
[34m[1mPre-installed Go versions[0m
1.4.1
[34m[1mRedis version[0m
redis-server 2.8.19
[34m[1mriak version[0m
2.0.2
[34m[1mMongoDB version[0m
MongoDB 2.4.12
[34m[1mCouchDB version[0m
couchdb 1.6.1
[34m[1mNeo4j version[0m
1.9.4
[34m[1mRabbitMQ Version[0m
3.4.3
[34m[1mElasticSearch version[0m
1.4.0
[34m[1mInstalled Sphinx versions[0m
2.0.10
2.1.9
2.2.6
[34m[1mDefault Sphinx version[0m
2.2.6
[34m[1mInstalled Firefox version[0m
firefox 31.0esr
[34m[1mPhantomJS version[0m
1.9.8
[34m[1mant -version[0m
Apache Ant(TM) version 1.8.2 compiled on December 3 2011
[34m[1mmvn -version[0m
Apache Maven 3.2.5 (12a6b3acb947671f09b81f49094c53f426d8cea1; 2014-12-14T17:29:23+00:00)
Maven home: /usr/local/maven
Java version: 1.7.0_76, vendor: Oracle Corporation
Java home: /usr/lib/jvm/java-7-oracle/jre
Default locale: en_US, platform encoding: ANSI_X3.4-1968
OS name: "linux", version: "3.13.0-29-generic", arch: "amd64", family: "unix"
travis_fold:end:system_info[0K
W: Failed to fetch http://us.archive.ubuntu.com/ubuntu/dists/precise/main/source/Sources  404  Not Found [IP: 91.189.91.38 80]

W: Failed to fetch http://us.archive.ubuntu.com/ubuntu/dists/precise/restricted/source/Sources  404  Not Found [IP: 91.189.91.38 80]

W: Failed to fetch http://us.archive.ubuntu.com/ubuntu/dists/precise/universe/source/Sources  404  Not Found [IP: 91.189.91.38 80]

W: Failed to fetch http://us.archive.ubuntu.com/ubuntu/dists/precise/multiverse/source/Sources  404  Not Found [IP: 91.189.91.38 80]

W: Failed to fetch http://us.archive.ubuntu.com/ubuntu/dists/precise/main/binary-amd64/Packages  404  Not Found [IP: 91.189.91.38 80]

W: Failed to fetch http://us.archive.ubuntu.com/ubuntu/dists/precise/restricted/binary-amd64/Packages  404  Not Found [IP: 91.189.91.38 80]

W: Failed to fetch http://us.archive.ubuntu.com/ubuntu/dists/precise/universe/binary-amd64/Packages  404  Not Found [IP: 91.189.91.38 80]

W: Failed to fetch http://us.archive.ubuntu.com/ubuntu/dists/precise/multiverse/binary-amd64/Packages  404  Not Found [IP: 91.189.91.38 80]

W: Failed to fetch http://us.archive.ubuntu.com/ubuntu/dists/precise/main/binary-i386/Packages  404  Not Found [IP: 91.189.91.38 80]

W: Failed to fetch http://us.archive.ubuntu.com/ubuntu/dists/precise/restricted/binary-i386/Packages  404  Not Found [IP: 91.189.91.38 80]

W: Failed to fetch http://us.archive.ubuntu.com/ubuntu/dists/precise/universe/binary-i386/Packages  404  Not Found [IP: 91.189.91.38 80]

W: Failed to fetch http://us.archive.ubuntu.com/ubuntu/dists/precise/multiverse/binary-i386/Packages  404  Not Found [IP: 91.189.91.38 80]

W: Failed to fetch http://us.archive.ubuntu.com/ubuntu/dists/precise-updates/main/source/Sources  404  Not Found [IP: 91.189.91.38 80]

W: Failed to fetch http://us.archive.ubuntu.com/ubuntu/dists/precise-updates/restricted/source/Sources  404  Not Found [IP: 91.189.91.38 80]

W: Failed to fetch http://us.archive.ubuntu.com/ubuntu/dists/precise-updates/universe/source/Sources  404  Not Found [IP: 91.189.91.38 80]

W: Failed to fetch http://us.archive.ubuntu.com/ubuntu/dists/precise-updates/multiverse/source/Sources  404  Not Found [IP: 91.189.91.38 80]

W: Failed to fetch http://us.archive.ubuntu.com/ubuntu/dists/precise-updates/main/binary-amd64/Packages  404  Not Found [IP: 91.189.91.38 80]

W: Failed to fetch http://us.archive.ubuntu.com/ubuntu/dists/precise-updates/restricted/binary-amd64/Packages  404  Not Found [IP: 91.189.91.38 80]

W: Failed to fetch http://us.archive.ubuntu.com/ubuntu/dists/precise-updates/universe/binary-amd64/Packages  404  Not Found [IP: 91.189.91.38 80]

W: Failed to fetch http://us.archive.ubuntu.com/ubuntu/dists/precise-updates/multiverse/binary-amd64/Packages  404  Not Found [IP: 91.189.91.38 80]

W: Failed to fetch http://us.archive.ubuntu.com/ubuntu/dists/precise-updates/main/binary-i386/Packages  404  Not Found [IP: 91.189.91.38 80]

W: Failed to fetch http://us.archive.ubuntu.com/ubuntu/dists/precise-updates/restricted/binary-i386/Packages  404  Not Found [IP: 91.189.91.38 80]

W: Failed to fetch http://us.archive.ubuntu.com/ubuntu/dists/precise-updates/universe/binary-i386/Packages  404  Not Found [IP: 91.189.91.38 80]

W: Failed to fetch http://us.archive.ubuntu.com/ubuntu/dists/precise-updates/multiverse/binary-i386/Packages  404  Not Found [IP: 91.189.91.38 80]

W: Failed to fetch http://security.ubuntu.com/ubuntu/dists/precise-security/main/source/Sources  404  Not Found [IP: 91.189.91.39 80]

W: Failed to fetch http://security.ubuntu.com/ubuntu/dists/precise-security/restricted/source/Sources  404  Not Found [IP: 91.189.91.39 80]

W: Failed to fetch http://security.ubuntu.com/ubuntu/dists/precise-security/universe/source/Sources  404  Not Found [IP: 91.189.91.39 80]

W: Failed to fetch http://security.ubuntu.com/ubuntu/dists/precise-security/multiverse/source/Sources  404  Not Found [IP: 91.189.91.39 80]

W: Failed to fetch http://security.ubuntu.com/ubuntu/dists/precise-security/main/binary-amd64/Packages  404  Not Found [IP: 91.189.91.39 80]

W: Failed to fetch http://security.ubuntu.com/ubuntu/dists/precise-security/restricted/binary-amd64/Packages  404  Not Found [IP: 91.189.91.39 80]

W: Failed to fetch http://security.ubuntu.com/ubuntu/dists/precise-security/universe/binary-amd64/Packages  404  Not Found [IP: 91.189.91.39 80]

W: Failed to fetch http://security.ubuntu.com/ubuntu/dists/precise-security/multiverse/binary-amd64/Packages  404  Not Found [IP: 91.189.91.39 80]

W: Failed to fetch http://security.ubuntu.com/ubuntu/dists/precise-security/main/binary-i386/Packages  404  Not Found [IP: 91.189.91.39 80]

W: Failed to fetch http://security.ubuntu.com/ubuntu/dists/precise-security/restricted/binary-i386/Packages  404  Not Found [IP: 91.189.91.39 80]

W: Failed to fetch http://security.ubuntu.com/ubuntu/dists/precise-security/universe/binary-i386/Packages  404  Not Found [IP: 91.189.91.39 80]

W: Failed to fetch http://security.ubuntu.com/ubuntu/dists/precise-security/multiverse/binary-i386/Packages  404  Not Found [IP: 91.189.91.39 80]

W: Failed to fetch http://us.archive.ubuntu.com/ubuntu/dists/precise-backports/main/source/Sources  404  Not Found [IP: 91.189.91.38 80]

W: Failed to fetch http://us.archive.ubuntu.com/ubuntu/dists/precise-backports/restricted/source/Sources  404  Not Found [IP: 91.189.91.38 80]

W: Failed to fetch http://us.archive.ubuntu.com/ubuntu/dists/precise-backports/universe/source/Sources  404  Not Found [IP: 91.189.91.38 80]

W: Failed to fetch http://us.archive.ubuntu.com/ubuntu/dists/precise-backports/multiverse/source/Sources  404  Not Found [IP: 91.189.91.38 80]

W: Failed to fetch http://us.archive.ubuntu.com/ubuntu/dists/precise-backports/main/binary-amd64/Packages  404  Not Found [IP: 91.189.91.38 80]

W: Failed to fetch http://us.archive.ubuntu.com/ubuntu/dists/precise-backports/restricted/binary-amd64/Packages  404  Not Found [IP: 91.189.91.38 80]

W: Failed to fetch http://us.archive.ubuntu.com/ubuntu/dists/precise-backports/universe/binary-amd64/Packages  404  Not Found [IP: 91.189.91.38 80]

W: Failed to fetch http://us.archive.ubuntu.com/ubuntu/dists/precise-backports/multiverse/binary-amd64/Packages  404  Not Found [IP: 91.189.91.38 80]

W: Failed to fetch http://us.archive.ubuntu.com/ubuntu/dists/precise-backports/main/binary-i386/Packages  404  Not Found [IP: 91.189.91.38 80]

W: Failed to fetch http://us.archive.ubuntu.com/ubuntu/dists/precise-backports/restricted/binary-i386/Packages  404  Not Found [IP: 91.189.91.38 80]

W: Failed to fetch http://us.archive.ubuntu.com/ubuntu/dists/precise-backports/universe/binary-i386/Packages  404  Not Found [IP: 91.189.91.38 80]

W: Failed to fetch http://us.archive.ubuntu.com/ubuntu/dists/precise-backports/multiverse/binary-i386/Packages  404  Not Found [IP: 91.189.91.38 80]

W: Failed to fetch http://apt.postgresql.org/pub/repos/apt/dists/precise-pgdg/main/binary-amd64/Packages  404  Not Found [IP: 217.196.149.55 80]

W: Failed to fetch http://apt.postgresql.org/pub/repos/apt/dists/precise-pgdg/main/binary-i386/Packages  404  Not Found [IP: 217.196.149.55 80]

W: Failed to fetch http://ppa.launchpad.net/rwky/ppa/ubuntu/dists/precise/main/binary-amd64/Packages  403  Forbidden

W: Failed to fetch http://ppa.launchpad.net/rwky/ppa/ubuntu/dists/precise/main/binary-i386/Packages  403  Forbidden

W: Failed to fetch http://ppa.launchpad.net/travis-ci/zero-mq/ubuntu/dists/precise/main/binary-amd64/Packages  403  Forbidden

W: Failed to fetch http://ppa.launchpad.net/travis-ci/zero-mq/ubuntu/dists/precise/main/binary-i386/Packages  403  Forbidden

W: Failed to fetch http://downloads-distro.mongodb.org/repo/debian-sysvinit/dists/dist/10gen/binary-amd64/Packages  Undetermined Error [IP: 52.206.222.245 80]

W: Failed to fetch http://downloads-distro.mongodb.org/repo/debian-sysvinit/dists/dist/10gen/binary-i386/Packages  Undetermined Error [IP: 52.206.222.245 80]

E: Some index files failed to download. They have been ignored, or old ones used instead.
sed: cannot rename /etc/hosts: Device or resource busy
sed: cannot rename /etc/hosts: Device or resource busy
$ jdk_switcher use oraclejdk8
Switching to Oracle JDK8 (java-8-oracle), JAVA_HOME will be set to /usr/lib/jvm/java-8-oracle
$ cd passed/openpnp/openpnp

[33;1mSetting environment variables from .travis.yml[0m
$ export INSTALL4J_LICENSE_KEY=[secure]

$ java -Xmx32m -version
java version "1.8.0_31"
Java(TM) SE Runtime Environment (build 1.8.0_31-b13)
Java HotSpot(TM) 64-Bit Server VM (build 25.31-b07, mixed mode)
$ javac -J-Xmx32m -version
javac 1.8.0_31
travis_fold:start:install[0Ktravis_time:start:125ca596[0K$ mvn -o install -Dhttps.protocols=TLSv1.2 -Dhttps.protocols=TLSv1.2 -DskipTests=true -Dmaven.javadoc.skip=true -B -V
Java HotSpot(TM) 64-Bit Server VM warning: ignoring option MaxPermSize=192m; support was removed in 8.0
Apache Maven 3.2.5 (12a6b3acb947671f09b81f49094c53f426d8cea1; 2014-12-14T17:29:23+00:00)
Maven home: /usr/local/maven
Java version: 1.8.0_31, vendor: Oracle Corporation
Java home: /usr/lib/jvm/java-8-oracle/jre
Default locale: en_US, platform encoding: UTF-8
OS name: "linux", version: "4.15.0-109-generic", arch: "amd64", family: "unix"
[INFO] Scanning for projects...
[INFO]                                                                         
[INFO] ------------------------------------------------------------------------
[INFO] Building openpnp-gui 0.0.1-alpha-SNAPSHOT
[INFO] ------------------------------------------------------------------------
[INFO] 
[INFO] --- buildnumber-maven-plugin:1.3:create (default) @ openpnp-gui ---
[INFO] maven is executed in offline mode, Updating project files from SCM: skipped.
[INFO] ShortRevision tag detected. The value is '6'.
[INFO] Executing: /bin/sh -c cd /home/travis/build/passed/openpnp/openpnp && git rev-parse --verify --short=6 HEAD
[INFO] Working directory: /home/travis/build/passed/openpnp/openpnp
[INFO] Storing buildNumber: 26f9bd at timestamp: 1655923489116
[INFO] Storing buildScmBranch: develop
[INFO] 
[INFO] --- maven-resources-plugin:2.6:resources (default-resources) @ openpnp-gui ---
[INFO] Using 'UTF-8' encoding to copy filtered resources.
[INFO] Copying 52 resources
[INFO] 
[INFO] --- maven-compiler-plugin:3.1:compile (default-compile) @ openpnp-gui ---
[INFO] Nothing to compile - all classes are up to date
[INFO] 
[INFO] --- maven-resources-plugin:2.6:testResources (default-testResources) @ openpnp-gui ---
[INFO] Using 'UTF-8' encoding to copy filtered resources.
[INFO] Copying 6 resources
[INFO] 
[INFO] --- maven-compiler-plugin:3.1:testCompile (default-testCompile) @ openpnp-gui ---
[INFO] Nothing to compile - all classes are up to date
[INFO] 
[INFO] --- maven-surefire-plugin:2.12.4:test (default-test) @ openpnp-gui ---
[INFO] Tests are skipped.
[INFO] 
[INFO] --- maven-jar-plugin:2.5:jar (default-jar) @ openpnp-gui ---
[INFO] 
[INFO] --- maven-dependency-plugin:2.8:copy-dependencies (copy-dependencies) @ openpnp-gui ---
[INFO] Copying batik-svggen-1.7.jar to /home/travis/build/passed/openpnp/openpnp/target/lib/batik-svggen-1.7.jar
[INFO] Copying lti-civil-20070920-1721.jar to /home/travis/build/passed/openpnp/openpnp/target/lib/lti-civil-20070920-1721.jar
[INFO] Copying xmlgraphics-commons-1.2.jar to /home/travis/build/passed/openpnp/openpnp/target/lib/xmlgraphics-commons-1.2.jar
[INFO] Copying batik-gvt-1.7.jar to /home/travis/build/passed/openpnp/openpnp/target/lib/batik-gvt-1.7.jar
[INFO] Copying batik-util-1.7.jar to /home/travis/build/passed/openpnp/openpnp/target/lib/batik-util-1.7.jar
[INFO] Copying avalon-framework-impl-4.3.1.jar to /home/travis/build/passed/openpnp/openpnp/target/lib/avalon-framework-impl-4.3.1.jar
[INFO] Copying slf4j-api-1.6.4.jar to /home/travis/build/passed/openpnp/openpnp/target/lib/slf4j-api-1.6.4.jar
[INFO] Copying batik-parser-1.7.jar to /home/travis/build/passed/openpnp/openpnp/target/lib/batik-parser-1.7.jar
[INFO] Copying jgoodies-common-1.8.0.jar to /home/travis/build/passed/openpnp/openpnp/target/lib/jgoodies-common-1.8.0.jar
[INFO] Copying batik-script-1.7.jar to /home/travis/build/passed/openpnp/openpnp/target/lib/batik-script-1.7.jar
[INFO] Copying xml-apis-ext-1.3.04.jar to /home/travis/build/passed/openpnp/openpnp/target/lib/xml-apis-ext-1.3.04.jar
[INFO] Copying batik-bridge-1.7.jar to /home/travis/build/passed/openpnp/openpnp/target/lib/batik-bridge-1.7.jar
[INFO] Copying gson-2.2.3.jar to /home/travis/build/passed/openpnp/openpnp/target/lib/gson-2.2.3.jar
[INFO] Copying avalon-framework-api-4.3.1.jar to /home/travis/build/passed/openpnp/openpnp/target/lib/avalon-framework-api-4.3.1.jar
[INFO] Copying batik-svg-dom-1.7.jar to /home/travis/build/passed/openpnp/openpnp/target/lib/batik-svg-dom-1.7.jar
[INFO] Copying batik-js-1.7.jar to /home/travis/build/passed/openpnp/openpnp/target/lib/batik-js-1.7.jar
[INFO] Copying hamcrest-core-1.3.jar to /home/travis/build/passed/openpnp/openpnp/target/lib/hamcrest-core-1.3.jar
[INFO] Copying core-2.2.jar to /home/travis/build/passed/openpnp/openpnp/target/lib/core-2.2.jar
[INFO] Copying webcam-capture-0.3.10.jar to /home/travis/build/passed/openpnp/openpnp/target/lib/webcam-capture-0.3.10.jar
[INFO] Copying opencv-2.4.11-2.jar to /home/travis/build/passed/openpnp/openpnp/target/lib/opencv-2.4.11-2.jar
[INFO] Copying bridj-0.6.2.jar to /home/travis/build/passed/openpnp/openpnp/target/lib/bridj-0.6.2.jar
[INFO] Copying xpp3-1.1.3.3.jar to /home/travis/build/passed/openpnp/openpnp/target/lib/xpp3-1.1.3.3.jar
[INFO] Copying xml-apis-1.3.04.jar to /home/travis/build/passed/openpnp/openpnp/target/lib/xml-apis-1.3.04.jar
[INFO] Copying fop-0.94.jar to /home/travis/build/passed/openpnp/openpnp/target/lib/fop-0.94.jar
[INFO] Copying batik-dom-1.7.jar to /home/travis/build/passed/openpnp/openpnp/target/lib/batik-dom-1.7.jar
[INFO] Copying commons-codec-1.6.jar to /home/travis/build/passed/openpnp/openpnp/target/lib/commons-codec-1.6.jar
[INFO] Copying javase-2.2.jar to /home/travis/build/passed/openpnp/openpnp/target/lib/javase-2.2.jar
[INFO] Copying jssc-2.8.0.jar to /home/travis/build/passed/openpnp/openpnp/target/lib/jssc-2.8.0.jar
[INFO] Copying stax-1.2.0.jar to /home/travis/build/passed/openpnp/openpnp/target/lib/stax-1.2.0.jar
[INFO] Copying beansbinding-1.2.1.jar to /home/travis/build/passed/openpnp/openpnp/target/lib/beansbinding-1.2.1.jar
[INFO] Copying jgoodies-forms-1.8.0.jar to /home/travis/build/passed/openpnp/openpnp/target/lib/jgoodies-forms-1.8.0.jar
[INFO] Copying batik-css-1.7.jar to /home/travis/build/passed/openpnp/openpnp/target/lib/batik-css-1.7.jar
[INFO] Copying batik-awt-util-1.7.jar to /home/travis/build/passed/openpnp/openpnp/target/lib/batik-awt-util-1.7.jar
[INFO] Copying commons-logging-1.0.4.jar to /home/travis/build/passed/openpnp/openpnp/target/lib/commons-logging-1.0.4.jar
[INFO] Copying batik-xml-1.7.jar to /home/travis/build/passed/openpnp/openpnp/target/lib/batik-xml-1.7.jar
[INFO] Copying l2fprod-common-annotations-1.0.3.jar to /home/travis/build/passed/openpnp/openpnp/target/lib/l2fprod-common-annotations-1.0.3.jar
[INFO] Copying junit-4.11.jar to /home/travis/build/passed/openpnp/openpnp/target/lib/junit-4.11.jar
[INFO] Copying jcodec-javase-0.1.9.jar to /home/travis/build/passed/openpnp/openpnp/target/lib/jcodec-javase-0.1.9.jar
[INFO] Copying commons-io-2.1.jar to /home/travis/build/passed/openpnp/openpnp/target/lib/commons-io-2.1.jar
[INFO] Copying simple-xml-2.7.1.jar to /home/travis/build/passed/openpnp/openpnp/target/lib/simple-xml-2.7.1.jar
[INFO] Copying swingx-all-1.6.4.jar to /home/travis/build/passed/openpnp/openpnp/target/lib/swingx-all-1.6.4.jar
[INFO] Copying slf4j-log4j12-1.6.4.jar to /home/travis/build/passed/openpnp/openpnp/target/lib/slf4j-log4j12-1.6.4.jar
[INFO] Copying guava-14.0.1.jar to /home/travis/build/passed/openpnp/openpnp/target/lib/guava-14.0.1.jar
[INFO] Copying log4j-1.2.16.jar to /home/travis/build/passed/openpnp/openpnp/target/lib/log4j-1.2.16.jar
[INFO] Copying xalan-2.6.0.jar to /home/travis/build/passed/openpnp/openpnp/target/lib/xalan-2.6.0.jar
[INFO] Copying l2fprod-properties-editor-1.0.3.jar to /home/travis/build/passed/openpnp/openpnp/target/lib/l2fprod-properties-editor-1.0.3.jar
[INFO] Copying jvfw-0.0.2.jar to /home/travis/build/passed/openpnp/openpnp/target/lib/jvfw-0.0.2.jar
[INFO] Copying utils-1.07.00.jar to /home/travis/build/passed/openpnp/openpnp/target/lib/utils-1.07.00.jar
[INFO] Copying batik-transcoder-1.7.jar to /home/travis/build/passed/openpnp/openpnp/target/lib/batik-transcoder-1.7.jar
[INFO] Copying batik-anim-1.7.jar to /home/travis/build/passed/openpnp/openpnp/target/lib/batik-anim-1.7.jar
[INFO] Copying batik-ext-1.7.jar to /home/travis/build/passed/openpnp/openpnp/target/lib/batik-ext-1.7.jar
[INFO] Copying jcodec-0.1.9.jar to /home/travis/build/passed/openpnp/openpnp/target/lib/jcodec-0.1.9.jar
[INFO] Copying stax-api-1.0.1.jar to /home/travis/build/passed/openpnp/openpnp/target/lib/stax-api-1.0.1.jar
[INFO] 
[INFO] --- maven-install-plugin:2.4:install (default-install) @ openpnp-gui ---
[INFO] Installing /home/travis/build/passed/openpnp/openpnp/target/openpnp-gui-0.0.1-alpha-SNAPSHOT.jar to /home/travis/.m2/repository/org/openpnp/openpnp-gui/0.0.1-alpha-SNAPSHOT/openpnp-gui-0.0.1-alpha-SNAPSHOT.jar
[INFO] Installing /home/travis/build/passed/openpnp/openpnp/pom.xml to /home/travis/.m2/repository/org/openpnp/openpnp-gui/0.0.1-alpha-SNAPSHOT/openpnp-gui-0.0.1-alpha-SNAPSHOT.pom
[INFO] ------------------------------------------------------------------------
[INFO] BUILD SUCCESS
[INFO] ------------------------------------------------------------------------
[INFO] Total time: 2.689 s
[INFO] Finished at: 2022-06-22T18:44:51+00:00
[INFO] Final Memory: 16M/491M
[INFO] ------------------------------------------------------------------------

travis_time:end:125ca596:start=1655923487186388103,finish=1655923501299901756,duration=14113513653[0Ktravis_fold:end:install[0Ktravis_time:start:2215d1f6[0K$ mvn test -Dhttps.protocols=TLSv1.2 -Dhttps.protocols=TLSv1.2 -B
Java HotSpot(TM) 64-Bit Server VM warning: ignoring option MaxPermSize=192m; support was removed in 8.0
[INFO] Scanning for projects...
[INFO]                                                                         
[INFO] ------------------------------------------------------------------------
[INFO] Building openpnp-gui 0.0.1-alpha-SNAPSHOT
[INFO] ------------------------------------------------------------------------
[INFO] 
[INFO] --- buildnumber-maven-plugin:1.3:create (default) @ openpnp-gui ---
[INFO] ShortRevision tag detected. The value is '6'.
[INFO] Executing: /bin/sh -c cd /home/travis/build/passed/openpnp/openpnp && git rev-parse --verify --short=6 HEAD
[INFO] Working directory: /home/travis/build/passed/openpnp/openpnp
[INFO] Storing buildNumber: 26f9bd at timestamp: 1655923503387
[INFO] Storing buildScmBranch: develop
[INFO] 
[INFO] --- maven-resources-plugin:2.6:resources (default-resources) @ openpnp-gui ---
[INFO] Using 'UTF-8' encoding to copy filtered resources.
[INFO] Copying 52 resources
[INFO] 
[INFO] --- maven-compiler-plugin:3.1:compile (default-compile) @ openpnp-gui ---
[INFO] Nothing to compile - all classes are up to date
[INFO] 
[INFO] --- maven-resources-plugin:2.6:testResources (default-testResources) @ openpnp-gui ---
[INFO] Using 'UTF-8' encoding to copy filtered resources.
[INFO] Copying 6 resources
[INFO] 
[INFO] --- maven-compiler-plugin:3.1:testCompile (default-testCompile) @ openpnp-gui ---
[INFO] Nothing to compile - all classes are up to date
[INFO] 
[INFO] --- maven-surefire-plugin:2.12.4:test (default-test) @ openpnp-gui ---
[INFO] Surefire report directory: /home/travis/build/passed/openpnp/openpnp/target/surefire-reports

-------------------------------------------------------
 T E S T S
-------------------------------------------------------
Running BasicJobTest
Configuration directory: /tmp/1655923504785-0/.openpnp
18:45:06,598 setEnabled(true)
planned [ReferenceNozzle -> R1, ReferenceNozzle -> R2]
18:45:06,637 moveTo(ReferenceNozzle, (-10.000000, 0.000000, 0.000000, 0.000000 mm), 1.0)
18:45:06,639 Attempt Feed R-0805-10K from ReferenceTubeFeeder with ReferenceNozzle.
18:45:06,639 Fed R-0805-10K from ReferenceTubeFeeder with ReferenceNozzle.
18:45:06,639 pick(ReferenceNozzle ReferenceNozzleTip)
18:45:06,639 Pick R-0805-10K from ReferenceTubeFeeder with ReferenceNozzle
18:45:06,639 Attempt Feed R-0805-10K from ReferenceTubeFeeder with ReferenceNozzle.
18:45:06,640 Fed R-0805-10K from ReferenceTubeFeeder with ReferenceNozzle.
18:45:06,640 moveTo(ReferenceNozzle, (-20.000000, 0.000000, 0.000000, 0.000000 mm), 1.0)
18:45:06,640 pick(ReferenceNozzle ReferenceNozzleTip)
18:45:06,640 Pick R-0805-10K from ReferenceTubeFeeder with ReferenceNozzle
18:45:06,675 Align R-0805-10K with ReferenceNozzle
18:45:06,675 Align R-0805-10K with ReferenceNozzle
18:45:06,739 moveTo(ReferenceNozzle, (0.000000, 10.000000, 0.000000, 45.000000 mm), 1.0)
18:45:06,740 moveTo(ReferenceNozzle, (0.000000, 10.000000, 0.825500, 45.000000 mm), 1.0)
18:45:06,740 place(ReferenceNozzle ReferenceNozzleTip)
18:45:06,740 moveTo(ReferenceNozzle, (0.000000, 10.000000, 0.000000, 45.000000 mm), 1.0)
18:45:06,740 Place R-0805-10K with ReferenceNozzle
18:45:06,741 moveTo(ReferenceNozzle, (0.000000, 20.000000, 0.000000, 90.000000 mm), 1.0)
18:45:06,741 moveTo(ReferenceNozzle, (0.000000, 20.000000, 0.825500, 90.000000 mm), 1.0)
18:45:06,741 place(ReferenceNozzle ReferenceNozzleTip)
18:45:06,742 moveTo(ReferenceNozzle, (0.000000, 20.000000, 0.000000, 90.000000 mm), 1.0)
18:45:06,742 Place R-0805-10K with ReferenceNozzle
18:45:06,742 home()
Tests run: 1, Failures: 0, Errors: 0, Skipped: 0, Time elapsed: 2.054 sec
Running EagleLoaderTest
Tests run: 2, Failures: 0, Errors: 0, Skipped: 0, Time elapsed: 0.454 sec
Running OpenCvTest
Tests run: 1, Failures: 0, Errors: 0, Skipped: 0, Time elapsed: 0.011 sec
Running SampleJobTest
Configuration directory: /tmp/1655923507265-0/.openpnp
18:45:07,266 No packages.xml found in configuration directory, loading defaults.
18:45:07,288 No parts.xml found in configuration directory, loading defaults.
18:45:07,313 No machine.xml found in configuration directory, loading defaults.
18:45:07,963 Defaults were loaded. Saving to configuration directory.
18:45:10,297 Fiducial check for board (pnp-test.board.xml), location ((3.994595, 4.413185, 0.000000, 0.007895 mm)), side (Top)
18:45:12,271 Fiducial check for board (pnp-test.board.xml), location ((5.138645, 62.743655, 0.000000, -19.947362 mm)), side (Top)
18:45:14,171 Fiducial check for board (pnp-test.board.xml), location ((64.489808, 7.248273, 0.000000, 0.604803 mm)), side (Bottom)
18:45:16,105 Fiducial check for board (pnp-test.board.xml), location ((84.336372, 46.650270, 0.000000, 36.608756 mm)), side (Bottom)
18:45:17,992 Fiducial check for board (pnp-test.board.xml), location ((59.177394, 120.838635, 0.000000, -28.179275 mm)), side (Bottom)
18:45:19,895 Fiducial check for board (pnp-test.board.xml), location ((155.017595, 151.331550, 0.000000, 157.092969 mm)), side (Top)
18:45:21,747 Fiducial check for board (pnp-test.board.xml), location ((183.954660, 146.597000, 0.000000, -140.606916 mm)), side (Bottom)
18:45:23,609 Fiducial check for board (pnp-test.board.xml), location ((38.020443, 100.912063, 0.000000, 76.646032 mm)), side (Top)
planned [N1 -> R8]
18:45:23,611 Attempt Feed R0201-1K from R0201 with N1.
18:45:24,373 Fed R0201-1K from R0201 with N1.
18:45:24,374 Pick R0201-1K from R0201 with N1
18:45:24,385 Align R0201-1K with N1
18:45:24,386 Place R0201-1K with N1
planned [N1 -> R8]
18:45:24,388 Attempt Feed R0201-1K from R0201 with N1.
18:45:24,657 Fed R0201-1K from R0201 with N1.
18:45:24,657 Pick R0201-1K from R0201 with N1
18:45:24,657 Align R0201-1K with N1
18:45:24,657 Place R0201-1K with N1
planned [N1 -> R14]
18:45:24,658 Attempt Feed R0201-1K from R0201 with N1.
18:45:24,934 Fed R0201-1K from R0201 with N1.
18:45:24,935 Pick R0201-1K from R0201 with N1
18:45:24,936 Align R0201-1K with N1
18:45:24,937 Place R0201-1K with N1
planned [N1 -> R14]
18:45:24,939 Attempt Feed R0201-1K from R0201 with N1.
18:45:25,203 Fed R0201-1K from R0201 with N1.
18:45:25,203 Pick R0201-1K from R0201 with N1
18:45:25,203 Align R0201-1K with N1
18:45:25,204 Place R0201-1K with N1
planned [N1 -> R14]
18:45:25,206 Attempt Feed R0201-1K from R0201 with N1.
18:45:25,472 Fed R0201-1K from R0201 with N1.
18:45:25,472 Pick R0201-1K from R0201 with N1
18:45:25,472 Align R0201-1K with N1
18:45:25,472 Place R0201-1K with N1
planned [N1 -> R8]
18:45:25,473 Attempt Feed R0201-1K from R0201 with N1.
18:45:25,739 Fed R0201-1K from R0201 with N1.
18:45:25,739 Pick R0201-1K from R0201 with N1
18:45:25,739 Align R0201-1K with N1
18:45:25,739 Place R0201-1K with N1
planned [N1 -> R14]
18:45:25,740 Attempt Feed R0201-1K from R0201 with N1.
18:45:26,006 Fed R0201-1K from R0201 with N1.
18:45:26,007 Pick R0201-1K from R0201 with N1
18:45:26,007 Align R0201-1K with N1
18:45:26,007 Place R0201-1K with N1
planned [N1 -> R8]
18:45:26,008 Attempt Feed R0201-1K from R0201 with N1.
18:45:26,276 Fed R0201-1K from R0201 with N1.
18:45:26,276 Pick R0201-1K from R0201 with N1
18:45:26,277 Align R0201-1K with N1
18:45:26,277 Place R0201-1K with N1
planned [N1 -> R6]
18:45:26,277 Attempt Feed R0402-1K from R0402 with N1.
18:45:26,548 Fed R0402-1K from R0402 with N1.
18:45:26,549 Pick R0402-1K from R0402 with N1
18:45:26,564 Align R0402-1K with N1
18:45:26,564 Place R0402-1K with N1
planned [N1 -> R6]
18:45:26,565 Attempt Feed R0402-1K from R0402 with N1.
18:45:26,830 Fed R0402-1K from R0402 with N1.
18:45:26,830 Pick R0402-1K from R0402 with N1
18:45:26,830 Align R0402-1K with N1
18:45:26,831 Place R0402-1K with N1
planned [N1 -> R18]
18:45:26,831 Attempt Feed R0402-1K from R0402 with N1.
18:45:27,096 Fed R0402-1K from R0402 with N1.
18:45:27,097 Pick R0402-1K from R0402 with N1
18:45:27,097 Align R0402-1K with N1
18:45:27,097 Place R0402-1K with N1
planned [N1 -> R18]
18:45:27,098 Attempt Feed R0402-1K from R0402 with N1.
18:45:27,364 Fed R0402-1K from R0402 with N1.
18:45:27,365 Pick R0402-1K from R0402 with N1
18:45:27,365 Align R0402-1K with N1
18:45:27,365 Place R0402-1K with N1
planned [N1 -> R18]
18:45:27,365 Attempt Feed R0402-1K from R0402 with N1.
18:45:27,633 Fed R0402-1K from R0402 with N1.
18:45:27,633 Pick R0402-1K from R0402 with N1
18:45:27,633 Align R0402-1K with N1
18:45:27,633 Place R0402-1K with N1
planned [N1 -> R6]
18:45:27,633 Attempt Feed R0402-1K from R0402 with N1.
18:45:27,904 Fed R0402-1K from R0402 with N1.
18:45:27,904 Pick R0402-1K from R0402 with N1
18:45:27,905 Align R0402-1K with N1
18:45:27,905 Place R0402-1K with N1
planned [N1 -> R18]
18:45:27,906 Attempt Feed R0402-1K from R0402 with N1.
18:45:28,174 Fed R0402-1K from R0402 with N1.
18:45:28,174 Pick R0402-1K from R0402 with N1
18:45:28,174 Align R0402-1K with N1
18:45:28,174 Place R0402-1K with N1
planned [N1 -> R6]
18:45:28,175 Attempt Feed R0402-1K from R0402 with N1.
18:45:28,443 Fed R0402-1K from R0402 with N1.
18:45:28,444 Pick R0402-1K from R0402 with N1
18:45:28,444 Align R0402-1K with N1
18:45:28,444 Place R0402-1K with N1
planned [N1 -> R10]
18:45:28,444 Attempt Feed R0603-1K from R0603 with N1.
18:45:28,712 Fed R0603-1K from R0603 with N1.
18:45:28,712 Pick R0603-1K from R0603 with N1
18:45:28,720 Align R0603-1K with N1
18:45:28,720 Place R0603-1K with N1
planned [N1 -> R10]
18:45:28,721 Attempt Feed R0603-1K from R0603 with N1.
18:45:28,987 Fed R0603-1K from R0603 with N1.
18:45:28,988 Pick R0603-1K from R0603 with N1
18:45:28,988 Align R0603-1K with N1
18:45:28,988 Place R0603-1K with N1
planned [N1 -> R20]
18:45:28,988 Attempt Feed R0603-1K from R0603 with N1.
18:45:29,254 Fed R0603-1K from R0603 with N1.
18:45:29,254 Pick R0603-1K from R0603 with N1
18:45:29,254 Align R0603-1K with N1
18:45:29,255 Place R0603-1K with N1
planned [N1 -> R20]
18:45:29,255 Attempt Feed R0603-1K from R0603 with N1.
18:45:29,522 Fed R0603-1K from R0603 with N1.
18:45:29,523 Pick R0603-1K from R0603 with N1
18:45:29,523 Align R0603-1K with N1
18:45:29,523 Place R0603-1K with N1
planned [N1 -> R20]
18:45:29,523 Attempt Feed R0603-1K from R0603 with N1.
18:45:29,791 Fed R0603-1K from R0603 with N1.
18:45:29,791 Pick R0603-1K from R0603 with N1
18:45:29,791 Align R0603-1K with N1
18:45:29,791 Place R0603-1K with N1
planned [N1 -> R10]
18:45:29,792 Attempt Feed R0603-1K from R0603 with N1.
18:45:30,060 Fed R0603-1K from R0603 with N1.
18:45:30,060 Pick R0603-1K from R0603 with N1
18:45:30,060 Align R0603-1K with N1
18:45:30,060 Place R0603-1K with N1
planned [N1 -> R20]
18:45:30,060 Attempt Feed R0603-1K from R0603 with N1.
18:45:30,328 Fed R0603-1K from R0603 with N1.
18:45:30,328 Pick R0603-1K from R0603 with N1
18:45:30,329 Align R0603-1K with N1
18:45:30,329 Place R0603-1K with N1
planned [N1 -> R10]
18:45:30,329 Attempt Feed R0603-1K from R0603 with N1.
18:45:30,594 Fed R0603-1K from R0603 with N1.
18:45:30,594 Pick R0603-1K from R0603 with N1
18:45:30,594 Align R0603-1K with N1
18:45:30,594 Place R0603-1K with N1
planned [N1 -> R1]
18:45:30,595 Attempt Feed R0805-1K from R0805 with N1.
18:45:30,861 Fed R0805-1K from R0805 with N1.
18:45:30,862 Pick R0805-1K from R0805 with N1
18:45:30,870 Align R0805-1K with N1
18:45:30,870 Place R0805-1K with N1
planned [N1 -> R1]
18:45:30,871 Attempt Feed R0805-1K from R0805 with N1.
18:45:31,142 Fed R0805-1K from R0805 with N1.
18:45:31,142 Pick R0805-1K from R0805 with N1
18:45:31,142 Align R0805-1K with N1
18:45:31,143 Place R0805-1K with N1
planned [N1 -> R13]
18:45:31,143 Attempt Feed R0805-1K from R0805 with N1.
18:45:31,413 Fed R0805-1K from R0805 with N1.
18:45:31,413 Pick R0805-1K from R0805 with N1
18:45:31,414 Align R0805-1K with N1
18:45:31,414 Place R0805-1K with N1
planned [N1 -> R13]
18:45:31,414 Attempt Feed R0805-1K from R0805 with N1.
18:45:31,682 Fed R0805-1K from R0805 with N1.
18:45:31,682 Pick R0805-1K from R0805 with N1
18:45:31,682 Align R0805-1K with N1
18:45:31,682 Place R0805-1K with N1
planned [N1 -> R13]
18:45:31,684 Attempt Feed R0805-1K from R0805 with N1.
18:45:31,948 Fed R0805-1K from R0805 with N1.
18:45:31,948 Pick R0805-1K from R0805 with N1
18:45:31,948 Align R0805-1K with N1
18:45:31,949 Place R0805-1K with N1
planned [N1 -> R1]
18:45:31,949 Attempt Feed R0805-1K from R0805 with N1.
18:45:32,216 Fed R0805-1K from R0805 with N1.
18:45:32,217 Pick R0805-1K from R0805 with N1
18:45:32,217 Align R0805-1K with N1
18:45:32,217 Place R0805-1K with N1
planned [N1 -> R13]
18:45:32,217 Attempt Feed R0805-1K from R0805 with N1.
18:45:32,483 Fed R0805-1K from R0805 with N1.
18:45:32,483 Pick R0805-1K from R0805 with N1
18:45:32,483 Align R0805-1K with N1
18:45:32,483 Place R0805-1K with N1
planned [N1 -> R1]
18:45:32,484 Attempt Feed R0805-1K from R0805 with N1.
18:45:32,748 Fed R0805-1K from R0805 with N1.
18:45:32,748 Pick R0805-1K from R0805 with N1
18:45:32,748 Align R0805-1K with N1
18:45:32,748 Place R0805-1K with N1
Tests run: 1, Failures: 0, Errors: 0, Skipped: 0, Time elapsed: 25.484 sec
Running Utils2DTest
test1
board: (5.000000, 15.000000, -8.000000, 0.000000 mm) 100mm
place: (55.000000, 5.000000, 0.000000, 0.000000 mm)
results (60.000000, 20.000000, -8.000000, 0.000000 mm)
test2
results (45.580602, 17.699407, -8.000000, 0.000000 mm)
test3
results (70.497539, 1.865309, -8.000000, 0.000000 mm)
test4
test5
results (69.142136, 12.071068, -8.000000, 0.000000 mm)
test6
board: (30.004000, 31.386000, -8.000000, 74.646000 mm) 100mm
place: (31.000000, 6.000000, 0.000000, 0.000000 mm)
results (32.426392, 62.868249, -8.000000, 74.646000 mm)
inverse: (31.000000, 6.000000, 0.000000, 0.000000 mm)
results (32.426392, 62.868249, -8.000000, 74.646000 mm)
test7
test8
board: (5.000000, 15.000000, -8.000000, 0.000000 mm) Width=100.0
place: (55.000000, 5.000000, 0.000000, 0.000000 mm)
results (50.000000, 20.000000, -8.000000, 0.000000 mm)
test9
results (35.580602, 17.699407, -8.000000, 0.000000 mm)
test10
results (60.497539, 1.865309, -8.000000, 0.000000 mm)
test11
test12
results (59.142136, 12.071068, -8.000000, 0.000000 mm)
test13
idealA (3.846353, 39.336512, 0.000000, 10.000000 mm)
idealB (58.296186, 18.474689, 0.000000, 10.000000 mm)
offset (10.000000, 10.000000, 0.000000, -3.000000 mm)
actualA (15.697304, 49.348462, 0.000000, 7.000000 mm)
actualB (68.980692, 25.665545, 0.000000, 7.000000 mm)
results (9.797509, 10.267162, 0.000000, -3.000000 mm)
results (9.797509, 10.267162, 0.000000, -3.000000 mm)
results (9.588165, 10.272644, 0.000000, -3.000000 mm)
Tests run: 2, Failures: 0, Errors: 0, Skipped: 0, Time elapsed: 0.002 sec
Running VisionUtilsTest
Tests run: 1, Failures: 0, Errors: 0, Skipped: 0, Time elapsed: 0.134 sec
Warning: Could not get charToByteConverterClass!

Results :

Tests run: 8, Failures: 0, Errors: 0, Skipped: 0

[INFO] ------------------------------------------------------------------------
[INFO] BUILD SUCCESS
[INFO] ------------------------------------------------------------------------
[INFO] Total time: 30.504 s
[INFO] Finished at: 2022-06-22T18:45:33+00:00
[INFO] Final Memory: 10M/491M
[INFO] ------------------------------------------------------------------------

travis_time:end:2215d1f6:start=1655923501309840717,finish=1655923533195130178,duration=31885289461[0K
[32;1mThe command "mvn test -Dhttps.protocols=TLSv1.2 -Dhttps.protocols=TLSv1.2 -B" exited with 0.[0m

Done. Your build exited with 0.
