travis_fold:start:system_info[0K[33;1mBuild system information[0m
Build language: java
Build id: ''
Job id: ''
[34m[1mBuild image provisioning date and time[0m
Thu Feb  5 15:09:33 UTC 2015
[34m[1mOperating System Details[0m
Distributor ID:	Ubuntu
Description:	Ubuntu 12.04.5 LTS
Release:	12.04
Codename:	precise
[34m[1mLinux Version[0m
3.13.0-29-generic
[34m[1mCookbooks Version[0m
a68419e https://github.com/travis-ci/travis-cookbooks/tree/a68419e
[34m[1mGCC version[0m
gcc (Ubuntu/Linaro 4.6.3-1ubuntu5) 4.6.3
Copyright (C) 2011 Free Software Foundation, Inc.
This is free software; see the source for copying conditions.  There is NO
warranty; not even for MERCHANTABILITY or FITNESS FOR A PARTICULAR PURPOSE.

[34m[1mLLVM version[0m
clang version 3.4 (tags/RELEASE_34/final)
Target: x86_64-unknown-linux-gnu
Thread model: posix
[34m[1mPre-installed Ruby versions[0m
ruby-1.9.3-p551
[34m[1mPre-installed Node.js versions[0m
v0.10.36
[34m[1mPre-installed Go versions[0m
1.4.1
[34m[1mRedis version[0m
redis-server 2.8.19
[34m[1mriak version[0m
2.0.2
[34m[1mMongoDB version[0m
MongoDB 2.4.12
[34m[1mCouchDB version[0m
couchdb 1.6.1
[34m[1mNeo4j version[0m
1.9.4
[34m[1mRabbitMQ Version[0m
3.4.3
[34m[1mElasticSearch version[0m
1.4.0
[34m[1mInstalled Sphinx versions[0m
2.0.10
2.1.9
2.2.6
[34m[1mDefault Sphinx version[0m
2.2.6
[34m[1mInstalled Firefox version[0m
firefox 31.0esr
[34m[1mPhantomJS version[0m
1.9.8
[34m[1mant -version[0m
Apache Ant(TM) version 1.8.2 compiled on December 3 2011
[34m[1mmvn -version[0m
Apache Maven 3.2.5 (12a6b3acb947671f09b81f49094c53f426d8cea1; 2014-12-14T17:29:23+00:00)
Maven home: /usr/local/maven
Java version: 1.7.0_76, vendor: Oracle Corporation
Java home: /usr/lib/jvm/java-7-oracle/jre
Default locale: en_US, platform encoding: ANSI_X3.4-1968
OS name: "linux", version: "3.13.0-29-generic", arch: "amd64", family: "unix"
travis_fold:end:system_info[0K
W: Failed to fetch http://security.ubuntu.com/ubuntu/dists/precise-security/main/source/Sources  404  Not Found [IP: 91.189.91.38 80]

W: Failed to fetch http://security.ubuntu.com/ubuntu/dists/precise-security/restricted/source/Sources  404  Not Found [IP: 91.189.91.38 80]

W: Failed to fetch http://security.ubuntu.com/ubuntu/dists/precise-security/universe/source/Sources  404  Not Found [IP: 91.189.91.38 80]

W: Failed to fetch http://security.ubuntu.com/ubuntu/dists/precise-security/multiverse/source/Sources  404  Not Found [IP: 91.189.91.38 80]

W: Failed to fetch http://security.ubuntu.com/ubuntu/dists/precise-security/main/binary-amd64/Packages  404  Not Found [IP: 91.189.91.38 80]

W: Failed to fetch http://security.ubuntu.com/ubuntu/dists/precise-security/restricted/binary-amd64/Packages  404  Not Found [IP: 91.189.91.38 80]

W: Failed to fetch http://security.ubuntu.com/ubuntu/dists/precise-security/universe/binary-amd64/Packages  404  Not Found [IP: 91.189.91.38 80]

W: Failed to fetch http://security.ubuntu.com/ubuntu/dists/precise-security/multiverse/binary-amd64/Packages  404  Not Found [IP: 91.189.91.38 80]

W: Failed to fetch http://security.ubuntu.com/ubuntu/dists/precise-security/main/binary-i386/Packages  404  Not Found [IP: 91.189.91.38 80]

W: Failed to fetch http://security.ubuntu.com/ubuntu/dists/precise-security/restricted/binary-i386/Packages  404  Not Found [IP: 91.189.91.38 80]

W: Failed to fetch http://security.ubuntu.com/ubuntu/dists/precise-security/universe/binary-i386/Packages  404  Not Found [IP: 91.189.91.38 80]

W: Failed to fetch http://security.ubuntu.com/ubuntu/dists/precise-security/multiverse/binary-i386/Packages  404  Not Found [IP: 91.189.91.38 80]

W: Failed to fetch http://us.archive.ubuntu.com/ubuntu/dists/precise/main/source/Sources  404  Not Found [IP: 91.189.91.38 80]

W: Failed to fetch http://us.archive.ubuntu.com/ubuntu/dists/precise/restricted/source/Sources  404  Not Found [IP: 91.189.91.38 80]

W: Failed to fetch http://us.archive.ubuntu.com/ubuntu/dists/precise/universe/source/Sources  404  Not Found [IP: 91.189.91.38 80]

W: Failed to fetch http://us.archive.ubuntu.com/ubuntu/dists/precise/multiverse/source/Sources  404  Not Found [IP: 91.189.91.38 80]

W: Failed to fetch http://us.archive.ubuntu.com/ubuntu/dists/precise/main/binary-amd64/Packages  404  Not Found [IP: 91.189.91.38 80]

W: Failed to fetch http://us.archive.ubuntu.com/ubuntu/dists/precise/restricted/binary-amd64/Packages  404  Not Found [IP: 91.189.91.38 80]

W: Failed to fetch http://us.archive.ubuntu.com/ubuntu/dists/precise/universe/binary-amd64/Packages  404  Not Found [IP: 91.189.91.38 80]

W: Failed to fetch http://us.archive.ubuntu.com/ubuntu/dists/precise/multiverse/binary-amd64/Packages  404  Not Found [IP: 91.189.91.38 80]

W: Failed to fetch http://us.archive.ubuntu.com/ubuntu/dists/precise/main/binary-i386/Packages  404  Not Found [IP: 91.189.91.38 80]

W: Failed to fetch http://us.archive.ubuntu.com/ubuntu/dists/precise/restricted/binary-i386/Packages  404  Not Found [IP: 91.189.91.38 80]

W: Failed to fetch http://us.archive.ubuntu.com/ubuntu/dists/precise/universe/binary-i386/Packages  404  Not Found [IP: 91.189.91.38 80]

W: Failed to fetch http://us.archive.ubuntu.com/ubuntu/dists/precise/multiverse/binary-i386/Packages  404  Not Found [IP: 91.189.91.38 80]

W: Failed to fetch http://us.archive.ubuntu.com/ubuntu/dists/precise-updates/main/source/Sources  404  Not Found [IP: 91.189.91.38 80]

W: Failed to fetch http://us.archive.ubuntu.com/ubuntu/dists/precise-updates/restricted/source/Sources  404  Not Found [IP: 91.189.91.38 80]

W: Failed to fetch http://us.archive.ubuntu.com/ubuntu/dists/precise-updates/universe/source/Sources  404  Not Found [IP: 91.189.91.38 80]

W: Failed to fetch http://us.archive.ubuntu.com/ubuntu/dists/precise-updates/multiverse/source/Sources  404  Not Found [IP: 91.189.91.38 80]

W: Failed to fetch http://us.archive.ubuntu.com/ubuntu/dists/precise-updates/main/binary-amd64/Packages  404  Not Found [IP: 91.189.91.38 80]

W: Failed to fetch http://us.archive.ubuntu.com/ubuntu/dists/precise-updates/restricted/binary-amd64/Packages  404  Not Found [IP: 91.189.91.38 80]

W: Failed to fetch http://us.archive.ubuntu.com/ubuntu/dists/precise-updates/universe/binary-amd64/Packages  404  Not Found [IP: 91.189.91.38 80]

W: Failed to fetch http://us.archive.ubuntu.com/ubuntu/dists/precise-updates/multiverse/binary-amd64/Packages  404  Not Found [IP: 91.189.91.38 80]

W: Failed to fetch http://us.archive.ubuntu.com/ubuntu/dists/precise-updates/main/binary-i386/Packages  404  Not Found [IP: 91.189.91.38 80]

W: Failed to fetch http://us.archive.ubuntu.com/ubuntu/dists/precise-updates/restricted/binary-i386/Packages  404  Not Found [IP: 91.189.91.38 80]

W: Failed to fetch http://us.archive.ubuntu.com/ubuntu/dists/precise-updates/universe/binary-i386/Packages  404  Not Found [IP: 91.189.91.38 80]

W: Failed to fetch http://us.archive.ubuntu.com/ubuntu/dists/precise-updates/multiverse/binary-i386/Packages  404  Not Found [IP: 91.189.91.38 80]

W: Failed to fetch http://us.archive.ubuntu.com/ubuntu/dists/precise-backports/main/source/Sources  404  Not Found [IP: 91.189.91.38 80]

W: Failed to fetch http://us.archive.ubuntu.com/ubuntu/dists/precise-backports/restricted/source/Sources  404  Not Found [IP: 91.189.91.38 80]

W: Failed to fetch http://us.archive.ubuntu.com/ubuntu/dists/precise-backports/universe/source/Sources  404  Not Found [IP: 91.189.91.38 80]

W: Failed to fetch http://us.archive.ubuntu.com/ubuntu/dists/precise-backports/multiverse/source/Sources  404  Not Found [IP: 91.189.91.38 80]

W: Failed to fetch http://us.archive.ubuntu.com/ubuntu/dists/precise-backports/main/binary-amd64/Packages  404  Not Found [IP: 91.189.91.38 80]

W: Failed to fetch http://us.archive.ubuntu.com/ubuntu/dists/precise-backports/restricted/binary-amd64/Packages  404  Not Found [IP: 91.189.91.38 80]

W: Failed to fetch http://us.archive.ubuntu.com/ubuntu/dists/precise-backports/universe/binary-amd64/Packages  404  Not Found [IP: 91.189.91.38 80]

W: Failed to fetch http://us.archive.ubuntu.com/ubuntu/dists/precise-backports/multiverse/binary-amd64/Packages  404  Not Found [IP: 91.189.91.38 80]

W: Failed to fetch http://us.archive.ubuntu.com/ubuntu/dists/precise-backports/main/binary-i386/Packages  404  Not Found [IP: 91.189.91.38 80]

W: Failed to fetch http://us.archive.ubuntu.com/ubuntu/dists/precise-backports/restricted/binary-i386/Packages  404  Not Found [IP: 91.189.91.38 80]

W: Failed to fetch http://us.archive.ubuntu.com/ubuntu/dists/precise-backports/universe/binary-i386/Packages  404  Not Found [IP: 91.189.91.38 80]

W: Failed to fetch http://us.archive.ubuntu.com/ubuntu/dists/precise-backports/multiverse/binary-i386/Packages  404  Not Found [IP: 91.189.91.38 80]

W: Failed to fetch http://apt.postgresql.org/pub/repos/apt/dists/precise-pgdg/main/binary-amd64/Packages  404  Not Found [IP: 217.196.149.55 80]

W: Failed to fetch http://apt.postgresql.org/pub/repos/apt/dists/precise-pgdg/main/binary-i386/Packages  404  Not Found [IP: 217.196.149.55 80]

W: Failed to fetch http://ppa.launchpad.net/rwky/ppa/ubuntu/dists/precise/main/binary-amd64/Packages  403  Forbidden

W: Failed to fetch http://ppa.launchpad.net/rwky/ppa/ubuntu/dists/precise/main/binary-i386/Packages  403  Forbidden

W: Failed to fetch http://ppa.launchpad.net/travis-ci/zero-mq/ubuntu/dists/precise/main/binary-amd64/Packages  403  Forbidden

W: Failed to fetch http://ppa.launchpad.net/travis-ci/zero-mq/ubuntu/dists/precise/main/binary-i386/Packages  403  Forbidden

W: Failed to fetch http://downloads-distro.mongodb.org/repo/debian-sysvinit/dists/dist/10gen/binary-amd64/Packages  Undetermined Error [IP: 52.21.89.200 80]

W: Failed to fetch http://downloads-distro.mongodb.org/repo/debian-sysvinit/dists/dist/10gen/binary-i386/Packages  Undetermined Error [IP: 52.21.89.200 80]

E: Some index files failed to download. They have been ignored, or old ones used instead.
sed: cannot rename /etc/hosts: Device or resource busy
sed: cannot rename /etc/hosts: Device or resource busy
$ jdk_switcher use oraclejdk8
Switching to Oracle JDK8 (java-8-oracle), JAVA_HOME will be set to /usr/lib/jvm/java-8-oracle
$ cd passed/davidmoten/rxjava-jdbc
$ java -Xmx32m -version
java version "1.8.0_31"
Java(TM) SE Runtime Environment (build 1.8.0_31-b13)
Java HotSpot(TM) 64-Bit Server VM (build 25.31-b07, mixed mode)
$ javac -J-Xmx32m -version
javac 1.8.0_31
travis_fold:start:install[0Ktravis_time:start:2baae91c[0K$ mvn -o install -Dhttps.protocols=TLSv1.2 -DskipTests=true -Dmaven.javadoc.skip=true -B -V
Java HotSpot(TM) 64-Bit Server VM warning: ignoring option MaxPermSize=192m; support was removed in 8.0
Apache Maven 3.2.5 (12a6b3acb947671f09b81f49094c53f426d8cea1; 2014-12-14T17:29:23+00:00)
Maven home: /usr/local/maven
Java version: 1.8.0_31, vendor: Oracle Corporation
Java home: /usr/lib/jvm/java-8-oracle/jre
Default locale: en_US, platform encoding: UTF-8
OS name: "linux", version: "4.15.0-109-generic", arch: "amd64", family: "unix"
[INFO] Scanning for projects...
[INFO] Inspecting build with total of 1 modules...
[INFO] Installing Nexus Staging features:
[INFO]   ... total of 1 executions of maven-deploy-plugin replaced with nexus-staging-maven-plugin
[INFO]                                                                         
[INFO] ------------------------------------------------------------------------
[INFO] Building rxjava-jdbc 0.6.4-SNAPSHOT
[INFO] ------------------------------------------------------------------------
[INFO] 
[INFO] --- maven-resources-plugin:2.6:resources (default-resources) @ rxjava-jdbc ---
[INFO] Using 'UTF-8' encoding to copy filtered resources.
[INFO] skip non existing resourceDirectory /home/travis/build/passed/davidmoten/rxjava-jdbc/src/main/resources
[INFO] 
[INFO] --- maven-compiler-plugin:3.1:compile (default-compile) @ rxjava-jdbc ---
[INFO] Changes detected - recompiling the module!
[INFO] Compiling 48 source files to /home/travis/build/passed/davidmoten/rxjava-jdbc/target/classes
[INFO] 
[INFO] --- maven-resources-plugin:2.6:testResources (default-testResources) @ rxjava-jdbc ---
[INFO] Using 'UTF-8' encoding to copy filtered resources.
[INFO] Copying 4 resources
[INFO] 
[INFO] --- maven-compiler-plugin:3.1:testCompile (default-testCompile) @ rxjava-jdbc ---
[INFO] Nothing to compile - all classes are up to date
[INFO] 
[INFO] --- maven-surefire-plugin:2.12.4:test (default-test) @ rxjava-jdbc ---
[INFO] Tests are skipped.
[INFO] 
[INFO] --- maven-jar-plugin:2.4:jar (default-jar) @ rxjava-jdbc ---
[INFO] Building jar: /home/travis/build/passed/davidmoten/rxjava-jdbc/target/rxjava-jdbc-0.6.4-SNAPSHOT.jar
[INFO] 
[INFO] --- maven-site-plugin:3.4:attach-descriptor (attach-descriptor) @ rxjava-jdbc ---
[INFO] 
[INFO] --- maven-install-plugin:2.4:install (default-install) @ rxjava-jdbc ---
[INFO] Installing /home/travis/build/passed/davidmoten/rxjava-jdbc/target/rxjava-jdbc-0.6.4-SNAPSHOT.jar to /home/travis/.m2/repository/com/github/davidmoten/rxjava-jdbc/0.6.4-SNAPSHOT/rxjava-jdbc-0.6.4-SNAPSHOT.jar
[INFO] Installing /home/travis/build/passed/davidmoten/rxjava-jdbc/pom.xml to /home/travis/.m2/repository/com/github/davidmoten/rxjava-jdbc/0.6.4-SNAPSHOT/rxjava-jdbc-0.6.4-SNAPSHOT.pom
[INFO] ------------------------------------------------------------------------
[INFO] BUILD SUCCESS
[INFO] ------------------------------------------------------------------------
[INFO] Total time: 55.296 s
[INFO] Finished at: 2022-04-24T11:44:43+00:00
[INFO] Final Memory: 23M/361M
[INFO] ------------------------------------------------------------------------

travis_time:end:2baae91c:start=1650800626859586309,finish=1650800683589750388,duration=56730164079[0Ktravis_fold:end:install[0Ktravis_time:start:01ed12ba[0K$ mvn test -Dhttps.protocols=TLSv1.2 -B
Java HotSpot(TM) 64-Bit Server VM warning: ignoring option MaxPermSize=192m; support was removed in 8.0
[INFO] Scanning for projects...
[INFO] Inspecting build with total of 1 modules...
[INFO] Installing Nexus Staging features:
[INFO]   ... total of 1 executions of maven-deploy-plugin replaced with nexus-staging-maven-plugin
[INFO]                                                                         
[INFO] ------------------------------------------------------------------------
[INFO] Building rxjava-jdbc 0.6.4-SNAPSHOT
[INFO] ------------------------------------------------------------------------
[INFO] 
[INFO] --- maven-resources-plugin:2.6:resources (default-resources) @ rxjava-jdbc ---
[INFO] Using 'UTF-8' encoding to copy filtered resources.
[INFO] skip non existing resourceDirectory /home/travis/build/passed/davidmoten/rxjava-jdbc/src/main/resources
[INFO] 
[INFO] --- maven-compiler-plugin:3.1:compile (default-compile) @ rxjava-jdbc ---
[INFO] Changes detected - recompiling the module!
[INFO] Compiling 48 source files to /home/travis/build/passed/davidmoten/rxjava-jdbc/target/classes
[INFO] 
[INFO] --- maven-resources-plugin:2.6:testResources (default-testResources) @ rxjava-jdbc ---
[INFO] Using 'UTF-8' encoding to copy filtered resources.
[INFO] Copying 4 resources
[INFO] 
[INFO] --- maven-compiler-plugin:3.1:testCompile (default-testCompile) @ rxjava-jdbc ---
[INFO] Nothing to compile - all classes are up to date
[INFO] 
[INFO] --- maven-surefire-plugin:2.12.4:test (default-test) @ rxjava-jdbc ---
[INFO] Surefire report directory: /home/travis/build/passed/davidmoten/rxjava-jdbc/target/surefire-reports

-------------------------------------------------------
 T E S T S
-------------------------------------------------------
Running com.github.davidmoten.rx.DynamicProxyTest
Tests run: 2, Failures: 0, Errors: 0, Skipped: 0, Time elapsed: 0.186 sec
Running com.github.davidmoten.rx.RetryTest
Tests run: 1, Failures: 0, Errors: 0, Skipped: 0, Time elapsed: 2.762 sec
Running com.github.davidmoten.rx.jdbc.ColumnNotFoundTest
Tests run: 1, Failures: 0, Errors: 0, Skipped: 0, Time elapsed: 4.381 sec
Running com.github.davidmoten.rx.jdbc.ConditionsTest
Tests run: 7, Failures: 0, Errors: 0, Skipped: 0, Time elapsed: 0.002 sec
Running com.github.davidmoten.rx.jdbc.ConnectionDemoTest
Tests run: 1, Failures: 0, Errors: 0, Skipped: 0, Time elapsed: 0.007 sec
Running com.github.davidmoten.rx.jdbc.ConnectionNonClosingTest
Tests run: 1, Failures: 0, Errors: 0, Skipped: 0, Time elapsed: 0.025 sec
Running com.github.davidmoten.rx.jdbc.ConnectionProviderAutoCommittingTest
Tests run: 1, Failures: 0, Errors: 0, Skipped: 0, Time elapsed: 0.167 sec
Running com.github.davidmoten.rx.jdbc.ConnectionProviderFromUrlTest
Tests run: 1, Failures: 0, Errors: 0, Skipped: 0, Time elapsed: 0.177 sec
Running com.github.davidmoten.rx.jdbc.DatabaseAsyncTest
2022-04-24 11:44:57.636 [main] INFO  com.github.davidmoten.rx.RxUtil - 1
2022-04-24 11:44:57.637 [main] INFO  com.github.davidmoten.rx.RxUtil - 2
2022-04-24 11:44:57.637 [main] INFO  com.github.davidmoten.rx.RxUtil - 3
2022-04-24 11:44:57.935 [RxComputationThreadPool-5] INFO  com.github.davidmoten.rx.RxUtil - 0
2022-04-24 11:44:57.938 [RxCachedThreadScheduler-2] INFO  com.github.davidmoten.rx.RxUtil - 21
[FRED, JOSEPH, MARMADUKE]
2022-04-24 11:44:59.249 [main] INFO  com.zaxxer.hikari.HikariDataSource - HikariCP pool HikariPool-0 is starting.
2022-04-24 11:44:59.670 [RxCachedThreadScheduler-1] INFO  com.github.davidmoten.rx.RxUtil - 21
2022-04-24 11:44:59.671 [RxCachedThreadScheduler-2] INFO  com.github.davidmoten.rx.RxUtil - 34
2022-04-24 11:45:00.566 [main] INFO  com.github.davidmoten.rx.RxUtil - rx.Observable@c88a337
2022-04-24 11:45:00.567 [main] INFO  com.github.davidmoten.rx.RxUtil - rx.Observable@c88a337
2022-04-24 11:45:00.567 [main] INFO  com.github.davidmoten.rx.RxUtil - rx.Observable@5d0a1059
2022-04-24 11:45:00.568 [main] INFO  com.github.davidmoten.rx.RxUtil - rx.Observable@1de76cc7
2022-04-24 11:45:00.568 [main] INFO  com.github.davidmoten.rx.RxUtil - rx.Observable@1de76cc7
2022-04-24 11:45:00.568 [main] INFO  com.github.davidmoten.rx.RxUtil - rx.Observable@54bff557
2022-04-24 11:45:00.576 [main] INFO  com.github.davidmoten.rx.jdbc.DatabaseTestBase - committed 1
2022-04-24 11:45:00.576 [main] INFO  com.github.davidmoten.rx.jdbc.DatabaseTestBase - gets ok
2022-04-24 11:45:00.576 [main] INFO  com.github.davidmoten.rx.jdbc.DatabaseTestBase - closes ok
Syntax error in SQL statement "ZZZ[*] "; SQL statement:
zzz [42000-178]
Syntax error in SQL statement "ZZZ[*] "; SQL statement:
zzz [42000-178]
2022-04-24 11:45:01.048 [main] INFO  com.zaxxer.hikari.HikariDataSource - HikariCP pool HikariPool-1 is starting.
2022-04-24 11:45:01.052 [main] INFO  com.zaxxer.hikari.pool.HikariPool - HikariCP pool HikariPool-1 is shutting down.
2022-04-24 11:45:01.216 [main] INFO  com.github.davidmoten.rx.jdbc.DatabaseTestBase - committed 1
2022-04-24 11:45:01.216 [main] INFO  com.github.davidmoten.rx.jdbc.DatabaseTestBase - gets ok
2022-04-24 11:45:01.216 [main] INFO  com.github.davidmoten.rx.jdbc.DatabaseTestBase - closes ok
2022-04-24 11:45:01.218 [main] INFO  com.github.davidmoten.rx.RxUtil - rx.Observable@5b1669c0
2022-04-24 11:45:01.218 [main] INFO  com.github.davidmoten.rx.RxUtil - rx.Observable@5b1669c0
2022-04-24 11:45:01.219 [main] INFO  com.github.davidmoten.rx.RxUtil - rx.Observable@78e4deb0
2022-04-24 11:45:01.219 [main] INFO  com.github.davidmoten.rx.RxUtil - rx.Observable@7d0b7e3c
2022-04-24 11:45:01.219 [main] INFO  com.github.davidmoten.rx.RxUtil - rx.Observable@7d0b7e3c
2022-04-24 11:45:01.219 [main] INFO  com.github.davidmoten.rx.RxUtil - rx.Observable@15bb5034
2022-04-24 11:45:01.382 [main] INFO  com.github.davidmoten.rx.RxUtil - 99
2022-04-24 11:45:01.382 [main] INFO  com.github.davidmoten.rx.RxUtil - 88
2022-04-24 11:45:01.485 [RxComputationThreadPool-6] INFO  com.github.davidmoten.rx.RxUtil - 0
2022-04-24 11:45:01.487 [RxCachedThreadScheduler-2] INFO  com.github.davidmoten.rx.RxUtil - 21
threads=[main]
2022-04-24 11:45:01.825 [main] INFO  com.zaxxer.hikari.HikariDataSource - HikariCP pool HikariPool-2 is starting.
[MARMADUKE, JOSEPH, MARMADUKE, JOSEPH, MARMADUKE, MARMADUKE, MARMADUKE, JOSEPH, MARMADUKE, JOSEPH, MARMADUKE, MARMADUKE]
2022-04-24 11:45:02.285 [main] INFO  com.github.davidmoten.rx.RxUtil - 99
2022-04-24 11:45:02.286 [main] INFO  com.github.davidmoten.rx.RxUtil - 88
2022-04-24 11:45:02.494 [RxCachedThreadScheduler-2] INFO  com.github.davidmoten.rx.RxUtil - 3
Column "NAMEZ" not found; SQL statement:
select namez from person where name=? [42122-178]
Column "NAMEZ" not found; SQL statement:
select namez from person where name=? [42122-178]
Tests run: 114, Failures: 0, Errors: 0, Skipped: 0, Time elapsed: 5.861 sec
Running com.github.davidmoten.rx.jdbc.DatabaseDerbyTest
Tests run: 1, Failures: 0, Errors: 0, Skipped: 1, Time elapsed: 0 sec
Running com.github.davidmoten.rx.jdbc.DatabaseMasterDetailTest
MasterAndDetails [id=1, name=FRED, details=[Detail [id=10, description=a good fellow], Detail [id=11, description=rides his bike]]]
MasterAndDetails [id=2, name=JOHN, details=[Detail [id=20, description=a bit of a bore], Detail [id=21, description=is a good cook]]]
Tests run: 2, Failures: 0, Errors: 0, Skipped: 0, Time elapsed: 0.323 sec
Running com.github.davidmoten.rx.jdbc.DatabaseSyncTest
2022-04-24 11:45:03.086 [main] INFO  com.github.davidmoten.rx.RxUtil - 1
2022-04-24 11:45:03.087 [main] INFO  com.github.davidmoten.rx.RxUtil - 2
2022-04-24 11:45:03.087 [main] INFO  com.github.davidmoten.rx.RxUtil - 3
2022-04-24 11:45:03.199 [RxComputationThreadPool-8] INFO  com.github.davidmoten.rx.RxUtil - 0
2022-04-24 11:45:03.200 [RxComputationThreadPool-8] INFO  com.github.davidmoten.rx.RxUtil - 21
[FRED, JOSEPH, MARMADUKE]
2022-04-24 11:45:03.212 [main] INFO  com.zaxxer.hikari.HikariDataSource - HikariCP pool HikariPool-3 is starting.
2022-04-24 11:45:03.234 [main] INFO  com.github.davidmoten.rx.RxUtil - 21
2022-04-24 11:45:03.234 [main] INFO  com.github.davidmoten.rx.RxUtil - 34
2022-04-24 11:45:03.259 [main] INFO  com.github.davidmoten.rx.RxUtil - rx.Observable@2d0399f4
2022-04-24 11:45:03.260 [main] INFO  com.github.davidmoten.rx.RxUtil - rx.Observable@2d0399f4
2022-04-24 11:45:03.260 [main] INFO  com.github.davidmoten.rx.RxUtil - rx.Observable@14dd7b39
2022-04-24 11:45:03.260 [main] INFO  com.github.davidmoten.rx.RxUtil - rx.Observable@6cd24612
2022-04-24 11:45:03.260 [main] INFO  com.github.davidmoten.rx.RxUtil - rx.Observable@6cd24612
2022-04-24 11:45:03.260 [main] INFO  com.github.davidmoten.rx.RxUtil - rx.Observable@5dafbe45
2022-04-24 11:45:03.264 [main] INFO  com.github.davidmoten.rx.jdbc.DatabaseTestBase - committed 1
2022-04-24 11:45:03.264 [main] INFO  com.github.davidmoten.rx.jdbc.DatabaseTestBase - gets ok
2022-04-24 11:45:03.264 [main] INFO  com.github.davidmoten.rx.jdbc.DatabaseTestBase - closes ok
Syntax error in SQL statement "ZZZ[*] "; SQL statement:
zzz [42000-178]
Syntax error in SQL statement "ZZZ[*] "; SQL statement:
zzz [42000-178]
2022-04-24 11:45:03.279 [main] INFO  com.zaxxer.hikari.HikariDataSource - HikariCP pool HikariPool-4 is starting.
2022-04-24 11:45:03.282 [main] INFO  com.zaxxer.hikari.pool.HikariPool - HikariCP pool HikariPool-4 is shutting down.
2022-04-24 11:45:03.286 [main] INFO  com.github.davidmoten.rx.jdbc.DatabaseTestBase - committed 1
2022-04-24 11:45:03.286 [main] INFO  com.github.davidmoten.rx.jdbc.DatabaseTestBase - gets ok
2022-04-24 11:45:03.286 [main] INFO  com.github.davidmoten.rx.jdbc.DatabaseTestBase - closes ok
2022-04-24 11:45:03.287 [main] INFO  com.github.davidmoten.rx.RxUtil - rx.Observable@2235eaab
2022-04-24 11:45:03.288 [main] INFO  com.github.davidmoten.rx.RxUtil - rx.Observable@2235eaab
2022-04-24 11:45:03.288 [main] INFO  com.github.davidmoten.rx.RxUtil - rx.Observable@17503f6b
2022-04-24 11:45:03.288 [main] INFO  com.github.davidmoten.rx.RxUtil - rx.Observable@3b6d844d
2022-04-24 11:45:03.288 [main] INFO  com.github.davidmoten.rx.RxUtil - rx.Observable@3b6d844d
2022-04-24 11:45:03.288 [main] INFO  com.github.davidmoten.rx.RxUtil - rx.Observable@36804139
2022-04-24 11:45:03.303 [main] INFO  com.github.davidmoten.rx.RxUtil - 99
2022-04-24 11:45:03.304 [main] INFO  com.github.davidmoten.rx.RxUtil - 88
2022-04-24 11:45:03.406 [RxComputationThreadPool-9] INFO  com.github.davidmoten.rx.RxUtil - 0
2022-04-24 11:45:03.407 [RxComputationThreadPool-9] INFO  com.github.davidmoten.rx.RxUtil - 21
threads=[main]
2022-04-24 11:45:03.419 [main] INFO  com.zaxxer.hikari.HikariDataSource - HikariCP pool HikariPool-5 is starting.
[MARMADUKE, JOSEPH, MARMADUKE, JOSEPH, MARMADUKE, MARMADUKE, MARMADUKE, JOSEPH, MARMADUKE, JOSEPH, MARMADUKE, MARMADUKE]
2022-04-24 11:45:03.441 [main] INFO  com.github.davidmoten.rx.RxUtil - 99
2022-04-24 11:45:03.442 [main] INFO  com.github.davidmoten.rx.RxUtil - 88
2022-04-24 11:45:03.456 [main] INFO  com.github.davidmoten.rx.RxUtil - 3
Column "NAMEZ" not found; SQL statement:
select namez from person where name=? [42122-178]
Column "NAMEZ" not found; SQL statement:
select namez from person where name=? [42122-178]
Tests run: 113, Failures: 0, Errors: 0, Skipped: 0, Time elapsed: 0.507 sec
Running com.github.davidmoten.rx.jdbc.DatabaseViaDataSourceTest
2022-04-24 11:45:03.826 [main] INFO  com.github.davidmoten.rx.RxUtil - 1
2022-04-24 11:45:03.827 [main] INFO  com.github.davidmoten.rx.RxUtil - 2
2022-04-24 11:45:03.827 [main] INFO  com.github.davidmoten.rx.RxUtil - 3
2022-04-24 11:45:03.941 [RxComputationThreadPool-11] INFO  com.github.davidmoten.rx.RxUtil - 0
2022-04-24 11:45:03.943 [RxComputationThreadPool-11] INFO  com.github.davidmoten.rx.RxUtil - 21
[FRED, JOSEPH, MARMADUKE]
2022-04-24 11:45:03.953 [main] INFO  com.zaxxer.hikari.HikariDataSource - HikariCP pool HikariPool-6 is starting.
2022-04-24 11:45:03.976 [main] INFO  com.github.davidmoten.rx.RxUtil - 21
2022-04-24 11:45:03.976 [main] INFO  com.github.davidmoten.rx.RxUtil - 34
2022-04-24 11:45:04.002 [main] INFO  com.github.davidmoten.rx.RxUtil - rx.Observable@35399441
2022-04-24 11:45:04.003 [main] INFO  com.github.davidmoten.rx.RxUtil - rx.Observable@35399441
2022-04-24 11:45:04.003 [main] INFO  com.github.davidmoten.rx.RxUtil - rx.Observable@4b7dc788
2022-04-24 11:45:04.003 [main] INFO  com.github.davidmoten.rx.RxUtil - rx.Observable@5170bcf4
2022-04-24 11:45:04.003 [main] INFO  com.github.davidmoten.rx.RxUtil - rx.Observable@5170bcf4
2022-04-24 11:45:04.004 [main] INFO  com.github.davidmoten.rx.RxUtil - rx.Observable@2812b107
2022-04-24 11:45:04.007 [main] INFO  com.github.davidmoten.rx.jdbc.DatabaseTestBase - committed 1
2022-04-24 11:45:04.007 [main] INFO  com.github.davidmoten.rx.jdbc.DatabaseTestBase - gets ok
2022-04-24 11:45:04.007 [main] INFO  com.github.davidmoten.rx.jdbc.DatabaseTestBase - closes ok
Syntax error in SQL statement "ZZZ[*] "; SQL statement:
zzz [42000-178]
Syntax error in SQL statement "ZZZ[*] "; SQL statement:
zzz [42000-178]
2022-04-24 11:45:04.021 [main] INFO  com.zaxxer.hikari.HikariDataSource - HikariCP pool HikariPool-7 is starting.
2022-04-24 11:45:04.025 [main] INFO  com.zaxxer.hikari.pool.HikariPool - HikariCP pool HikariPool-7 is shutting down.
2022-04-24 11:45:04.096 [main] INFO  com.github.davidmoten.rx.jdbc.DatabaseTestBase - committed 1
2022-04-24 11:45:04.096 [main] INFO  com.github.davidmoten.rx.jdbc.DatabaseTestBase - gets ok
2022-04-24 11:45:04.096 [main] INFO  com.github.davidmoten.rx.jdbc.DatabaseTestBase - closes ok
2022-04-24 11:45:04.103 [main] INFO  com.github.davidmoten.rx.RxUtil - rx.Observable@53251a66
2022-04-24 11:45:04.103 [main] INFO  com.github.davidmoten.rx.RxUtil - rx.Observable@53251a66
2022-04-24 11:45:04.103 [main] INFO  com.github.davidmoten.rx.RxUtil - rx.Observable@6853425f
2022-04-24 11:45:04.104 [main] INFO  com.github.davidmoten.rx.RxUtil - rx.Observable@5a9f4771
2022-04-24 11:45:04.105 [main] INFO  com.github.davidmoten.rx.RxUtil - rx.Observable@5a9f4771
2022-04-24 11:45:04.105 [main] INFO  com.github.davidmoten.rx.RxUtil - rx.Observable@282cb7c7
2022-04-24 11:45:04.143 [main] INFO  com.github.davidmoten.rx.RxUtil - 99
2022-04-24 11:45:04.144 [main] INFO  com.github.davidmoten.rx.RxUtil - 88
2022-04-24 11:45:04.248 [RxComputationThreadPool-12] INFO  com.github.davidmoten.rx.RxUtil - 0
2022-04-24 11:45:04.250 [RxComputationThreadPool-12] INFO  com.github.davidmoten.rx.RxUtil - 21
threads=[main]
2022-04-24 11:45:04.278 [main] INFO  com.zaxxer.hikari.HikariDataSource - HikariCP pool HikariPool-8 is starting.
[MARMADUKE, JOSEPH, MARMADUKE, JOSEPH, MARMADUKE, MARMADUKE, MARMADUKE, JOSEPH, MARMADUKE, JOSEPH, MARMADUKE, MARMADUKE]
2022-04-24 11:45:04.328 [main] INFO  com.github.davidmoten.rx.RxUtil - 99
2022-04-24 11:45:04.328 [main] INFO  com.github.davidmoten.rx.RxUtil - 88
2022-04-24 11:45:04.347 [main] INFO  com.github.davidmoten.rx.RxUtil - 3
Column "NAMEZ" not found; SQL statement:
select namez from person where name=? [42122-178]
Column "NAMEZ" not found; SQL statement:
select namez from person where name=? [42122-178]
Tests run: 113, Failures: 0, Errors: 0, Skipped: 0, Time elapsed: 0.891 sec
Running com.github.davidmoten.rx.jdbc.NamedParametersTest
Tests run: 4, Failures: 0, Errors: 0, Skipped: 0, Time elapsed: 0 sec
Running com.github.davidmoten.rx.jdbc.QueriesTest
Tests run: 1, Failures: 0, Errors: 0, Skipped: 0, Time elapsed: 0 sec
Running com.github.davidmoten.rx.jdbc.UtilTest
Tests run: 60, Failures: 0, Errors: 0, Skipped: 0, Time elapsed: 0.671 sec
Running com.github.davidmoten.rx.jdbc.tuple.TuplesTest
Tests run: 1, Failures: 0, Errors: 0, Skipped: 0, Time elapsed: 0 sec

Results :

Tests run: 424, Failures: 0, Errors: 0, Skipped: 1

[INFO] ------------------------------------------------------------------------
[INFO] BUILD SUCCESS
[INFO] ------------------------------------------------------------------------
[INFO] Total time: 20.484 s
[INFO] Finished at: 2022-04-24T11:45:05+00:00
[INFO] Final Memory: 18M/370M
[INFO] ------------------------------------------------------------------------

travis_time:end:01ed12ba:start=1650800683600458292,finish=1650800705364529935,duration=21764071643[0K
[32;1mThe command "mvn test -Dhttps.protocols=TLSv1.2 -B" exited with 0.[0m

Done. Your build exited with 0.
