travis_fold:start:system_info[0K[33;1mBuild system information[0m
Build language: java
Build id: ''
Job id: ''
[34m[1mBuild image provisioning date and time[0m
Thu Feb  5 15:09:33 UTC 2015
[34m[1mOperating System Details[0m
Distributor ID:	Ubuntu
Description:	Ubuntu 12.04.5 LTS
Release:	12.04
Codename:	precise
[34m[1mLinux Version[0m
3.13.0-29-generic
[34m[1mCookbooks Version[0m
a68419e https://github.com/travis-ci/travis-cookbooks/tree/a68419e
[34m[1mGCC version[0m
gcc (Ubuntu/Linaro 4.6.3-1ubuntu5) 4.6.3
Copyright (C) 2011 Free Software Foundation, Inc.
This is free software; see the source for copying conditions.  There is NO
warranty; not even for MERCHANTABILITY or FITNESS FOR A PARTICULAR PURPOSE.

[34m[1mLLVM version[0m
clang version 3.4 (tags/RELEASE_34/final)
Target: x86_64-unknown-linux-gnu
Thread model: posix
[34m[1mPre-installed Ruby versions[0m
ruby-1.9.3-p551
[34m[1mPre-installed Node.js versions[0m
v0.10.36
[34m[1mPre-installed Go versions[0m
1.4.1
[34m[1mRedis version[0m
redis-server 2.8.19
[34m[1mriak version[0m
2.0.2
[34m[1mMongoDB version[0m
MongoDB 2.4.12
[34m[1mCouchDB version[0m
couchdb 1.6.1
[34m[1mNeo4j version[0m
1.9.4
[34m[1mRabbitMQ Version[0m
3.4.3
[34m[1mElasticSearch version[0m
1.4.0
[34m[1mInstalled Sphinx versions[0m
2.0.10
2.1.9
2.2.6
[34m[1mDefault Sphinx version[0m
2.2.6
[34m[1mInstalled Firefox version[0m
firefox 31.0esr
[34m[1mPhantomJS version[0m
1.9.8
[34m[1mant -version[0m
Apache Ant(TM) version 1.8.2 compiled on December 3 2011
[34m[1mmvn -version[0m
Apache Maven 3.2.5 (12a6b3acb947671f09b81f49094c53f426d8cea1; 2014-12-14T17:29:23+00:00)
Maven home: /usr/local/maven
Java version: 1.7.0_76, vendor: Oracle Corporation
Java home: /usr/lib/jvm/java-7-oracle/jre
Default locale: en_US, platform encoding: ANSI_X3.4-1968
OS name: "linux", version: "3.13.0-29-generic", arch: "amd64", family: "unix"
travis_fold:end:system_info[0K
W: Failed to fetch http://apt.postgresql.org/pub/repos/apt/dists/precise-pgdg/main/binary-amd64/Packages  404  Not Found [IP: 72.32.157.246 80]

W: Failed to fetch http://apt.postgresql.org/pub/repos/apt/dists/precise-pgdg/main/binary-i386/Packages  404  Not Found [IP: 72.32.157.246 80]

W: Failed to fetch http://security.ubuntu.com/ubuntu/dists/precise-security/main/source/Sources  404  Not Found [IP: 91.189.91.38 80]

W: Failed to fetch http://security.ubuntu.com/ubuntu/dists/precise-security/restricted/source/Sources  404  Not Found [IP: 91.189.91.38 80]

W: Failed to fetch http://security.ubuntu.com/ubuntu/dists/precise-security/universe/source/Sources  404  Not Found [IP: 91.189.91.38 80]

W: Failed to fetch http://security.ubuntu.com/ubuntu/dists/precise-security/multiverse/source/Sources  404  Not Found [IP: 91.189.91.38 80]

W: Failed to fetch http://security.ubuntu.com/ubuntu/dists/precise-security/main/binary-amd64/Packages  404  Not Found [IP: 91.189.91.38 80]

W: Failed to fetch http://security.ubuntu.com/ubuntu/dists/precise-security/restricted/binary-amd64/Packages  404  Not Found [IP: 91.189.91.38 80]

W: Failed to fetch http://security.ubuntu.com/ubuntu/dists/precise-security/universe/binary-amd64/Packages  404  Not Found [IP: 91.189.91.38 80]

W: Failed to fetch http://security.ubuntu.com/ubuntu/dists/precise-security/multiverse/binary-amd64/Packages  404  Not Found [IP: 91.189.91.38 80]

W: Failed to fetch http://security.ubuntu.com/ubuntu/dists/precise-security/main/binary-i386/Packages  404  Not Found [IP: 91.189.91.38 80]

W: Failed to fetch http://security.ubuntu.com/ubuntu/dists/precise-security/restricted/binary-i386/Packages  404  Not Found [IP: 91.189.91.38 80]

W: Failed to fetch http://security.ubuntu.com/ubuntu/dists/precise-security/universe/binary-i386/Packages  404  Not Found [IP: 91.189.91.38 80]

W: Failed to fetch http://security.ubuntu.com/ubuntu/dists/precise-security/multiverse/binary-i386/Packages  404  Not Found [IP: 91.189.91.38 80]

W: Failed to fetch http://us.archive.ubuntu.com/ubuntu/dists/precise/main/source/Sources  404  Not Found [IP: 91.189.91.39 80]

W: Failed to fetch http://us.archive.ubuntu.com/ubuntu/dists/precise/restricted/source/Sources  404  Not Found [IP: 91.189.91.39 80]

W: Failed to fetch http://us.archive.ubuntu.com/ubuntu/dists/precise/universe/source/Sources  404  Not Found [IP: 91.189.91.39 80]

W: Failed to fetch http://us.archive.ubuntu.com/ubuntu/dists/precise/multiverse/source/Sources  404  Not Found [IP: 91.189.91.39 80]

W: Failed to fetch http://us.archive.ubuntu.com/ubuntu/dists/precise/main/binary-amd64/Packages  404  Not Found [IP: 91.189.91.39 80]

W: Failed to fetch http://us.archive.ubuntu.com/ubuntu/dists/precise/restricted/binary-amd64/Packages  404  Not Found [IP: 91.189.91.39 80]

W: Failed to fetch http://us.archive.ubuntu.com/ubuntu/dists/precise/universe/binary-amd64/Packages  404  Not Found [IP: 91.189.91.39 80]

W: Failed to fetch http://us.archive.ubuntu.com/ubuntu/dists/precise/multiverse/binary-amd64/Packages  404  Not Found [IP: 91.189.91.39 80]

W: Failed to fetch http://us.archive.ubuntu.com/ubuntu/dists/precise/main/binary-i386/Packages  404  Not Found [IP: 91.189.91.39 80]

W: Failed to fetch http://us.archive.ubuntu.com/ubuntu/dists/precise/restricted/binary-i386/Packages  404  Not Found [IP: 91.189.91.39 80]

W: Failed to fetch http://us.archive.ubuntu.com/ubuntu/dists/precise/universe/binary-i386/Packages  404  Not Found [IP: 91.189.91.39 80]

W: Failed to fetch http://us.archive.ubuntu.com/ubuntu/dists/precise/multiverse/binary-i386/Packages  404  Not Found [IP: 91.189.91.39 80]

W: Failed to fetch http://us.archive.ubuntu.com/ubuntu/dists/precise-updates/main/source/Sources  404  Not Found [IP: 91.189.91.39 80]

W: Failed to fetch http://us.archive.ubuntu.com/ubuntu/dists/precise-updates/restricted/source/Sources  404  Not Found [IP: 91.189.91.39 80]

W: Failed to fetch http://us.archive.ubuntu.com/ubuntu/dists/precise-updates/universe/source/Sources  404  Not Found [IP: 91.189.91.39 80]

W: Failed to fetch http://us.archive.ubuntu.com/ubuntu/dists/precise-updates/multiverse/source/Sources  404  Not Found [IP: 91.189.91.39 80]

W: Failed to fetch http://us.archive.ubuntu.com/ubuntu/dists/precise-updates/main/binary-amd64/Packages  404  Not Found [IP: 91.189.91.39 80]

W: Failed to fetch http://us.archive.ubuntu.com/ubuntu/dists/precise-updates/restricted/binary-amd64/Packages  404  Not Found [IP: 91.189.91.39 80]

W: Failed to fetch http://us.archive.ubuntu.com/ubuntu/dists/precise-updates/universe/binary-amd64/Packages  404  Not Found [IP: 91.189.91.39 80]

W: Failed to fetch http://us.archive.ubuntu.com/ubuntu/dists/precise-updates/multiverse/binary-amd64/Packages  404  Not Found [IP: 91.189.91.39 80]

W: Failed to fetch http://us.archive.ubuntu.com/ubuntu/dists/precise-updates/main/binary-i386/Packages  404  Not Found [IP: 91.189.91.39 80]

W: Failed to fetch http://us.archive.ubuntu.com/ubuntu/dists/precise-updates/restricted/binary-i386/Packages  404  Not Found [IP: 91.189.91.39 80]

W: Failed to fetch http://us.archive.ubuntu.com/ubuntu/dists/precise-updates/universe/binary-i386/Packages  404  Not Found [IP: 91.189.91.39 80]

W: Failed to fetch http://us.archive.ubuntu.com/ubuntu/dists/precise-updates/multiverse/binary-i386/Packages  404  Not Found [IP: 91.189.91.39 80]

W: Failed to fetch http://us.archive.ubuntu.com/ubuntu/dists/precise-backports/main/source/Sources  404  Not Found [IP: 91.189.91.39 80]

W: Failed to fetch http://us.archive.ubuntu.com/ubuntu/dists/precise-backports/restricted/source/Sources  404  Not Found [IP: 91.189.91.39 80]

W: Failed to fetch http://us.archive.ubuntu.com/ubuntu/dists/precise-backports/universe/source/Sources  404  Not Found [IP: 91.189.91.39 80]

W: Failed to fetch http://us.archive.ubuntu.com/ubuntu/dists/precise-backports/multiverse/source/Sources  404  Not Found [IP: 91.189.91.39 80]

W: Failed to fetch http://us.archive.ubuntu.com/ubuntu/dists/precise-backports/main/binary-amd64/Packages  404  Not Found [IP: 91.189.91.39 80]

W: Failed to fetch http://us.archive.ubuntu.com/ubuntu/dists/precise-backports/restricted/binary-amd64/Packages  404  Not Found [IP: 91.189.91.39 80]

W: Failed to fetch http://us.archive.ubuntu.com/ubuntu/dists/precise-backports/universe/binary-amd64/Packages  404  Not Found [IP: 91.189.91.39 80]

W: Failed to fetch http://us.archive.ubuntu.com/ubuntu/dists/precise-backports/multiverse/binary-amd64/Packages  404  Not Found [IP: 91.189.91.39 80]

W: Failed to fetch http://us.archive.ubuntu.com/ubuntu/dists/precise-backports/main/binary-i386/Packages  404  Not Found [IP: 91.189.91.39 80]

W: Failed to fetch http://us.archive.ubuntu.com/ubuntu/dists/precise-backports/restricted/binary-i386/Packages  404  Not Found [IP: 91.189.91.39 80]

W: Failed to fetch http://us.archive.ubuntu.com/ubuntu/dists/precise-backports/universe/binary-i386/Packages  404  Not Found [IP: 91.189.91.39 80]

W: Failed to fetch http://us.archive.ubuntu.com/ubuntu/dists/precise-backports/multiverse/binary-i386/Packages  404  Not Found [IP: 91.189.91.39 80]

W: Failed to fetch http://ppa.launchpad.net/rwky/ppa/ubuntu/dists/precise/main/binary-amd64/Packages  403  Forbidden

W: Failed to fetch http://ppa.launchpad.net/rwky/ppa/ubuntu/dists/precise/main/binary-i386/Packages  403  Forbidden

W: Failed to fetch http://ppa.launchpad.net/travis-ci/zero-mq/ubuntu/dists/precise/main/binary-amd64/Packages  403  Forbidden

W: Failed to fetch http://ppa.launchpad.net/travis-ci/zero-mq/ubuntu/dists/precise/main/binary-i386/Packages  403  Forbidden

W: Failed to fetch http://downloads-distro.mongodb.org/repo/debian-sysvinit/dists/dist/10gen/binary-amd64/Packages  Undetermined Error [IP: 52.206.222.245 80]

W: Failed to fetch http://downloads-distro.mongodb.org/repo/debian-sysvinit/dists/dist/10gen/binary-i386/Packages  Undetermined Error [IP: 52.206.222.245 80]

E: Some index files failed to download. They have been ignored, or old ones used instead.
sed: cannot rename /etc/hosts: Device or resource busy
sed: cannot rename /etc/hosts: Device or resource busy
$ jdk_switcher use oraclejdk7
Switching to Oracle JDK7 (java-7-oracle), JAVA_HOME will be set to /usr/lib/jvm/java-7-oracle
$ cd passed/davidmoten/rxjava-jdbc
$ java -Xmx32m -version
java version "1.7.0_76"
Java(TM) SE Runtime Environment (build 1.7.0_76-b13)
Java HotSpot(TM) 64-Bit Server VM (build 24.76-b04, mixed mode)
$ javac -J-Xmx32m -version
javac 1.7.0_76
travis_fold:start:install[0Ktravis_time:start:053cb2c0[0K$ mvn -o install -Dhttps.protocols=TLSv1.2 -Dhttps.protocols=TLSv1.2 -DskipTests=true -Dmaven.javadoc.skip=true -B -V
Apache Maven 3.2.5 (12a6b3acb947671f09b81f49094c53f426d8cea1; 2014-12-14T17:29:23+00:00)
Maven home: /usr/local/maven
Java version: 1.7.0_76, vendor: Oracle Corporation
Java home: /usr/lib/jvm/java-7-oracle/jre
Default locale: en_US, platform encoding: UTF-8
OS name: "linux", version: "4.15.0-109-generic", arch: "amd64", family: "unix"
[INFO] Scanning for projects...
[INFO] Inspecting build with total of 1 modules...
[INFO] Installing Nexus Staging features:
[INFO]   ... total of 1 executions of maven-deploy-plugin replaced with nexus-staging-maven-plugin
[INFO]                                                                         
[INFO] ------------------------------------------------------------------------
[INFO] Building rxjava-jdbc 0.6.6-SNAPSHOT
[INFO] ------------------------------------------------------------------------
[INFO] 
[INFO] --- maven-resources-plugin:2.6:resources (default-resources) @ rxjava-jdbc ---
[INFO] Using 'UTF-8' encoding to copy filtered resources.
[INFO] skip non existing resourceDirectory /home/travis/build/passed/davidmoten/rxjava-jdbc/src/main/resources
[INFO] 
[INFO] --- maven-compiler-plugin:3.1:compile (default-compile) @ rxjava-jdbc ---
[INFO] Changes detected - recompiling the module!
[INFO] Compiling 48 source files to /home/travis/build/passed/davidmoten/rxjava-jdbc/target/classes
[INFO] 
[INFO] --- maven-resources-plugin:2.6:testResources (default-testResources) @ rxjava-jdbc ---
[INFO] Using 'UTF-8' encoding to copy filtered resources.
[INFO] Copying 4 resources
[INFO] 
[INFO] --- maven-compiler-plugin:3.1:testCompile (default-testCompile) @ rxjava-jdbc ---
[INFO] Nothing to compile - all classes are up to date
[INFO] 
[INFO] --- maven-surefire-plugin:2.12.4:test (default-test) @ rxjava-jdbc ---
[INFO] Tests are skipped.
[INFO] 
[INFO] --- maven-jar-plugin:2.4:jar (default-jar) @ rxjava-jdbc ---
[INFO] Building jar: /home/travis/build/passed/davidmoten/rxjava-jdbc/target/rxjava-jdbc-0.6.6-SNAPSHOT.jar
[INFO] 
[INFO] --- maven-javadoc-plugin:2.10.3:jar (attach-javadocs) @ rxjava-jdbc ---
[INFO] Skipping javadoc generation
[INFO] 
[INFO] --- maven-site-plugin:3.4:attach-descriptor (attach-descriptor) @ rxjava-jdbc ---
[INFO] 
[INFO] --- maven-install-plugin:2.4:install (default-install) @ rxjava-jdbc ---
[INFO] Installing /home/travis/build/passed/davidmoten/rxjava-jdbc/target/rxjava-jdbc-0.6.6-SNAPSHOT.jar to /home/travis/.m2/repository/com/github/davidmoten/rxjava-jdbc/0.6.6-SNAPSHOT/rxjava-jdbc-0.6.6-SNAPSHOT.jar
[INFO] Installing /home/travis/build/passed/davidmoten/rxjava-jdbc/pom.xml to /home/travis/.m2/repository/com/github/davidmoten/rxjava-jdbc/0.6.6-SNAPSHOT/rxjava-jdbc-0.6.6-SNAPSHOT.pom
[INFO] ------------------------------------------------------------------------
[INFO] BUILD SUCCESS
[INFO] ------------------------------------------------------------------------
[INFO] Total time: 7.313 s
[INFO] Finished at: 2022-05-21T18:25:33+00:00
[INFO] Final Memory: 25M/491M
[INFO] ------------------------------------------------------------------------

travis_time:end:053cb2c0:start=1653157524866593768,finish=1653157533770762872,duration=8904169104[0Ktravis_fold:end:install[0Ktravis_time:start:013939c2[0K$ mvn test -Dhttps.protocols=TLSv1.2 -Dhttps.protocols=TLSv1.2 -B
[INFO] Scanning for projects...
[INFO] Inspecting build with total of 1 modules...
[INFO] Installing Nexus Staging features:
[INFO]   ... total of 1 executions of maven-deploy-plugin replaced with nexus-staging-maven-plugin
[INFO]                                                                         
[INFO] ------------------------------------------------------------------------
[INFO] Building rxjava-jdbc 0.6.6-SNAPSHOT
[INFO] ------------------------------------------------------------------------
[INFO] 
[INFO] --- maven-resources-plugin:2.6:resources (default-resources) @ rxjava-jdbc ---
[INFO] Using 'UTF-8' encoding to copy filtered resources.
[INFO] skip non existing resourceDirectory /home/travis/build/passed/davidmoten/rxjava-jdbc/src/main/resources
[INFO] 
[INFO] --- maven-compiler-plugin:3.1:compile (default-compile) @ rxjava-jdbc ---
[INFO] Changes detected - recompiling the module!
[INFO] Compiling 48 source files to /home/travis/build/passed/davidmoten/rxjava-jdbc/target/classes
[INFO] 
[INFO] --- maven-resources-plugin:2.6:testResources (default-testResources) @ rxjava-jdbc ---
[INFO] Using 'UTF-8' encoding to copy filtered resources.
[INFO] Copying 4 resources
[INFO] 
[INFO] --- maven-compiler-plugin:3.1:testCompile (default-testCompile) @ rxjava-jdbc ---
[INFO] Nothing to compile - all classes are up to date
[INFO] 
[INFO] --- maven-surefire-plugin:2.12.4:test (default-test) @ rxjava-jdbc ---
[INFO] Surefire report directory: /home/travis/build/passed/davidmoten/rxjava-jdbc/target/surefire-reports

-------------------------------------------------------
 T E S T S
-------------------------------------------------------
Running com.github.davidmoten.rx.DynamicProxyTest
Tests run: 2, Failures: 0, Errors: 0, Skipped: 0, Time elapsed: 0.714 sec
Running com.github.davidmoten.rx.RetryTest
Tests run: 1, Failures: 0, Errors: 0, Skipped: 0, Time elapsed: 1.237 sec
Running com.github.davidmoten.rx.jdbc.ColumnNotFoundTest
Tests run: 1, Failures: 0, Errors: 0, Skipped: 0, Time elapsed: 0.506 sec
Running com.github.davidmoten.rx.jdbc.ConditionsTest
Tests run: 7, Failures: 0, Errors: 0, Skipped: 0, Time elapsed: 0.002 sec
Running com.github.davidmoten.rx.jdbc.ConnectionDemoTest
Tests run: 1, Failures: 0, Errors: 0, Skipped: 0, Time elapsed: 0.005 sec
Running com.github.davidmoten.rx.jdbc.ConnectionNonClosingTest
Tests run: 1, Failures: 0, Errors: 0, Skipped: 0, Time elapsed: 0.047 sec
Running com.github.davidmoten.rx.jdbc.ConnectionProviderAutoCommittingTest
Tests run: 1, Failures: 0, Errors: 0, Skipped: 0, Time elapsed: 0.029 sec
Running com.github.davidmoten.rx.jdbc.ConnectionProviderFromUrlTest
Tests run: 1, Failures: 0, Errors: 0, Skipped: 0, Time elapsed: 0.004 sec
Running com.github.davidmoten.rx.jdbc.DatabaseAsyncTest
2022-05-21 18:25:47.244 [main] INFO  com.github.davidmoten.rx.RxUtil - 1
2022-05-21 18:25:47.245 [main] INFO  com.github.davidmoten.rx.RxUtil - 2
2022-05-21 18:25:47.245 [main] INFO  com.github.davidmoten.rx.RxUtil - 3
2022-05-21 18:25:47.425 [RxComputationThreadPool-5] INFO  com.github.davidmoten.rx.RxUtil - 0
2022-05-21 18:25:47.428 [RxCachedThreadScheduler-2] INFO  com.github.davidmoten.rx.RxUtil - 21
[FRED, JOSEPH, MARMADUKE]
2022-05-21 18:25:48.207 [main] INFO  com.zaxxer.hikari.HikariDataSource - HikariCP pool HikariPool-0 is starting.
2022-05-21 18:25:48.381 [RxCachedThreadScheduler-1] INFO  com.github.davidmoten.rx.RxUtil - 21
2022-05-21 18:25:48.383 [RxCachedThreadScheduler-2] INFO  com.github.davidmoten.rx.RxUtil - 34
2022-05-21 18:25:48.676 [main] INFO  com.github.davidmoten.rx.RxUtil - rx.Observable@1af5458a
2022-05-21 18:25:48.676 [main] INFO  com.github.davidmoten.rx.RxUtil - rx.Observable@1af5458a
2022-05-21 18:25:48.676 [main] INFO  com.github.davidmoten.rx.RxUtil - rx.Observable@5ca874d9
2022-05-21 18:25:48.678 [main] INFO  com.github.davidmoten.rx.RxUtil - rx.Observable@2ea54d32
2022-05-21 18:25:48.678 [main] INFO  com.github.davidmoten.rx.RxUtil - rx.Observable@2ea54d32
2022-05-21 18:25:48.678 [main] INFO  com.github.davidmoten.rx.RxUtil - rx.Observable@666f258a
2022-05-21 18:25:48.696 [main] INFO  com.github.davidmoten.rx.jdbc.DatabaseTestBase - committed 1
2022-05-21 18:25:48.696 [main] INFO  com.github.davidmoten.rx.jdbc.DatabaseTestBase - gets ok
2022-05-21 18:25:48.696 [main] INFO  com.github.davidmoten.rx.jdbc.DatabaseTestBase - closes ok
Syntax error in SQL statement "ZZZ[*] "; SQL statement:
zzz [42000-178]
Syntax error in SQL statement "ZZZ[*] "; SQL statement:
zzz [42000-178]
2022-05-21 18:25:48.813 [main] INFO  com.zaxxer.hikari.HikariDataSource - HikariCP pool HikariPool-1 is starting.
2022-05-21 18:25:48.822 [main] INFO  com.zaxxer.hikari.pool.HikariPool - HikariCP pool HikariPool-1 is shutting down.
2022-05-21 18:25:48.892 [main] INFO  com.github.davidmoten.rx.jdbc.DatabaseTestBase - committed 1
2022-05-21 18:25:48.892 [main] INFO  com.github.davidmoten.rx.jdbc.DatabaseTestBase - gets ok
2022-05-21 18:25:48.892 [main] INFO  com.github.davidmoten.rx.jdbc.DatabaseTestBase - closes ok
2022-05-21 18:25:48.897 [main] INFO  com.github.davidmoten.rx.RxUtil - rx.Observable@7999f3da
2022-05-21 18:25:48.898 [main] INFO  com.github.davidmoten.rx.RxUtil - rx.Observable@7999f3da
2022-05-21 18:25:48.898 [main] INFO  com.github.davidmoten.rx.RxUtil - rx.Observable@6a58ab94
2022-05-21 18:25:48.900 [main] INFO  com.github.davidmoten.rx.RxUtil - rx.Observable@700e20fd
2022-05-21 18:25:48.900 [main] INFO  com.github.davidmoten.rx.RxUtil - rx.Observable@700e20fd
2022-05-21 18:25:48.900 [main] INFO  com.github.davidmoten.rx.RxUtil - rx.Observable@2f97fb84
2022-05-21 18:25:48.987 [main] INFO  com.github.davidmoten.rx.RxUtil - 99
2022-05-21 18:25:48.988 [main] INFO  com.github.davidmoten.rx.RxUtil - 88
2022-05-21 18:25:49.099 [RxComputationThreadPool-6] INFO  com.github.davidmoten.rx.RxUtil - 0
2022-05-21 18:25:49.101 [RxCachedThreadScheduler-2] INFO  com.github.davidmoten.rx.RxUtil - 21
threads=[main]
2022-05-21 18:25:49.173 [main] INFO  com.zaxxer.hikari.HikariDataSource - HikariCP pool HikariPool-2 is starting.
[MARMADUKE, JOSEPH, MARMADUKE, JOSEPH, MARMADUKE, MARMADUKE, MARMADUKE, JOSEPH, MARMADUKE, JOSEPH, MARMADUKE, MARMADUKE]
2022-05-21 18:25:49.297 [main] INFO  com.github.davidmoten.rx.RxUtil - 99
2022-05-21 18:25:49.299 [main] INFO  com.github.davidmoten.rx.RxUtil - 88
2022-05-21 18:25:49.432 [RxCachedThreadScheduler-2] INFO  com.github.davidmoten.rx.RxUtil - 3
Column "NAMEZ" not found; SQL statement:
select namez from person where name=? [42122-178]
Column "NAMEZ" not found; SQL statement:
select namez from person where name=? [42122-178]
Tests run: 114, Failures: 0, Errors: 0, Skipped: 0, Time elapsed: 2.617 sec
Running com.github.davidmoten.rx.jdbc.DatabaseDerbyTest
Tests run: 1, Failures: 0, Errors: 0, Skipped: 1, Time elapsed: 0 sec
Running com.github.davidmoten.rx.jdbc.DatabaseExampleTest
FRED has score 21
JOE has score 34
Tests run: 2, Failures: 0, Errors: 0, Skipped: 0, Time elapsed: 0.007 sec
Running com.github.davidmoten.rx.jdbc.DatabaseMasterDetailTest
MasterAndDetails [id=1, name=FRED, details=[Detail [id=10, description=a good fellow], Detail [id=11, description=rides his bike]]]
MasterAndDetails [id=2, name=JOHN, details=[Detail [id=20, description=a bit of a bore], Detail [id=21, description=is a good cook]]]
Tests run: 2, Failures: 0, Errors: 0, Skipped: 0, Time elapsed: 0.015 sec
Running com.github.davidmoten.rx.jdbc.DatabaseSyncTest
2022-05-21 18:25:49.662 [main] INFO  com.github.davidmoten.rx.RxUtil - 1
2022-05-21 18:25:49.662 [main] INFO  com.github.davidmoten.rx.RxUtil - 2
2022-05-21 18:25:49.663 [main] INFO  com.github.davidmoten.rx.RxUtil - 3
2022-05-21 18:25:49.806 [RxComputationThreadPool-8] INFO  com.github.davidmoten.rx.RxUtil - 0
2022-05-21 18:25:49.808 [RxComputationThreadPool-8] INFO  com.github.davidmoten.rx.RxUtil - 21
[FRED, JOSEPH, MARMADUKE]
2022-05-21 18:25:49.843 [main] INFO  com.zaxxer.hikari.HikariDataSource - HikariCP pool HikariPool-3 is starting.
2022-05-21 18:25:49.904 [main] INFO  com.github.davidmoten.rx.RxUtil - 21
2022-05-21 18:25:49.905 [main] INFO  com.github.davidmoten.rx.RxUtil - 34
2022-05-21 18:25:49.982 [main] INFO  com.github.davidmoten.rx.RxUtil - rx.Observable@a49582b
2022-05-21 18:25:49.982 [main] INFO  com.github.davidmoten.rx.RxUtil - rx.Observable@a49582b
2022-05-21 18:25:49.982 [main] INFO  com.github.davidmoten.rx.RxUtil - rx.Observable@553b7453
2022-05-21 18:25:49.984 [main] INFO  com.github.davidmoten.rx.RxUtil - rx.Observable@2deb6553
2022-05-21 18:25:49.984 [main] INFO  com.github.davidmoten.rx.RxUtil - rx.Observable@2deb6553
2022-05-21 18:25:49.984 [main] INFO  com.github.davidmoten.rx.RxUtil - rx.Observable@394943b2
2022-05-21 18:25:49.996 [main] INFO  com.github.davidmoten.rx.jdbc.DatabaseTestBase - committed 1
2022-05-21 18:25:49.996 [main] INFO  com.github.davidmoten.rx.jdbc.DatabaseTestBase - gets ok
2022-05-21 18:25:49.996 [main] INFO  com.github.davidmoten.rx.jdbc.DatabaseTestBase - closes ok
Syntax error in SQL statement "ZZZ[*] "; SQL statement:
zzz [42000-178]
Syntax error in SQL statement "ZZZ[*] "; SQL statement:
zzz [42000-178]
2022-05-21 18:25:50.039 [main] INFO  com.zaxxer.hikari.HikariDataSource - HikariCP pool HikariPool-4 is starting.
2022-05-21 18:25:50.045 [main] INFO  com.zaxxer.hikari.pool.HikariPool - HikariCP pool HikariPool-4 is shutting down.
2022-05-21 18:25:50.061 [main] INFO  com.github.davidmoten.rx.jdbc.DatabaseTestBase - committed 1
2022-05-21 18:25:50.061 [main] INFO  com.github.davidmoten.rx.jdbc.DatabaseTestBase - gets ok
2022-05-21 18:25:50.061 [main] INFO  com.github.davidmoten.rx.jdbc.DatabaseTestBase - closes ok
2022-05-21 18:25:50.066 [main] INFO  com.github.davidmoten.rx.RxUtil - rx.Observable@52dc5605
2022-05-21 18:25:50.067 [main] INFO  com.github.davidmoten.rx.RxUtil - rx.Observable@52dc5605
2022-05-21 18:25:50.067 [main] INFO  com.github.davidmoten.rx.RxUtil - rx.Observable@7f938cc2
2022-05-21 18:25:50.069 [main] INFO  com.github.davidmoten.rx.RxUtil - rx.Observable@62bf6da8
2022-05-21 18:25:50.069 [main] INFO  com.github.davidmoten.rx.RxUtil - rx.Observable@62bf6da8
2022-05-21 18:25:50.070 [main] INFO  com.github.davidmoten.rx.RxUtil - rx.Observable@5b8633e
2022-05-21 18:25:50.141 [main] INFO  com.github.davidmoten.rx.RxUtil - 99
2022-05-21 18:25:50.143 [main] INFO  com.github.davidmoten.rx.RxUtil - 88
2022-05-21 18:25:50.251 [RxComputationThreadPool-9] INFO  com.github.davidmoten.rx.RxUtil - 0
2022-05-21 18:25:50.252 [RxComputationThreadPool-9] INFO  com.github.davidmoten.rx.RxUtil - 21
threads=[main]
2022-05-21 18:25:50.295 [main] INFO  com.zaxxer.hikari.HikariDataSource - HikariCP pool HikariPool-5 is starting.
[MARMADUKE, JOSEPH, MARMADUKE, JOSEPH, MARMADUKE, MARMADUKE, MARMADUKE, JOSEPH, MARMADUKE, JOSEPH, MARMADUKE, MARMADUKE]
2022-05-21 18:25:50.357 [main] INFO  com.github.davidmoten.rx.RxUtil - 99
2022-05-21 18:25:50.358 [main] INFO  com.github.davidmoten.rx.RxUtil - 88
2022-05-21 18:25:50.409 [main] INFO  com.github.davidmoten.rx.RxUtil - 3
Column "NAMEZ" not found; SQL statement:
select namez from person where name=? [42122-178]
Column "NAMEZ" not found; SQL statement:
select namez from person where name=? [42122-178]
Tests run: 113, Failures: 0, Errors: 0, Skipped: 0, Time elapsed: 0.934 sec
Running com.github.davidmoten.rx.jdbc.DatabaseViaDataSourceTest
2022-05-21 18:25:50.695 [main] INFO  com.github.davidmoten.rx.RxUtil - 1
2022-05-21 18:25:50.696 [main] INFO  com.github.davidmoten.rx.RxUtil - 2
2022-05-21 18:25:50.696 [main] INFO  com.github.davidmoten.rx.RxUtil - 3
2022-05-21 18:25:50.836 [RxComputationThreadPool-11] INFO  com.github.davidmoten.rx.RxUtil - 0
2022-05-21 18:25:50.838 [RxComputationThreadPool-11] INFO  com.github.davidmoten.rx.RxUtil - 21
[FRED, JOSEPH, MARMADUKE]
2022-05-21 18:25:50.868 [main] INFO  com.zaxxer.hikari.HikariDataSource - HikariCP pool HikariPool-6 is starting.
2022-05-21 18:25:50.945 [main] INFO  com.github.davidmoten.rx.RxUtil - 21
2022-05-21 18:25:50.946 [main] INFO  com.github.davidmoten.rx.RxUtil - 34
2022-05-21 18:25:51.026 [main] INFO  com.github.davidmoten.rx.RxUtil - rx.Observable@263e2b1
2022-05-21 18:25:51.027 [main] INFO  com.github.davidmoten.rx.RxUtil - rx.Observable@263e2b1
2022-05-21 18:25:51.027 [main] INFO  com.github.davidmoten.rx.RxUtil - rx.Observable@6bb7d3b0
2022-05-21 18:25:51.029 [main] INFO  com.github.davidmoten.rx.RxUtil - rx.Observable@114f6c16
2022-05-21 18:25:51.029 [main] INFO  com.github.davidmoten.rx.RxUtil - rx.Observable@114f6c16
2022-05-21 18:25:51.029 [main] INFO  com.github.davidmoten.rx.RxUtil - rx.Observable@7541213a
2022-05-21 18:25:51.041 [main] INFO  com.github.davidmoten.rx.jdbc.DatabaseTestBase - committed 1
2022-05-21 18:25:51.042 [main] INFO  com.github.davidmoten.rx.jdbc.DatabaseTestBase - gets ok
2022-05-21 18:25:51.042 [main] INFO  com.github.davidmoten.rx.jdbc.DatabaseTestBase - closes ok
Syntax error in SQL statement "ZZZ[*] "; SQL statement:
zzz [42000-178]
Syntax error in SQL statement "ZZZ[*] "; SQL statement:
zzz [42000-178]
2022-05-21 18:25:51.088 [main] INFO  com.zaxxer.hikari.HikariDataSource - HikariCP pool HikariPool-7 is starting.
2022-05-21 18:25:51.095 [main] INFO  com.zaxxer.hikari.pool.HikariPool - HikariCP pool HikariPool-7 is shutting down.
2022-05-21 18:25:51.108 [main] INFO  com.github.davidmoten.rx.jdbc.DatabaseTestBase - committed 1
2022-05-21 18:25:51.108 [main] INFO  com.github.davidmoten.rx.jdbc.DatabaseTestBase - gets ok
2022-05-21 18:25:51.109 [main] INFO  com.github.davidmoten.rx.jdbc.DatabaseTestBase - closes ok
2022-05-21 18:25:51.113 [main] INFO  com.github.davidmoten.rx.RxUtil - rx.Observable@53e9296a
2022-05-21 18:25:51.114 [main] INFO  com.github.davidmoten.rx.RxUtil - rx.Observable@53e9296a
2022-05-21 18:25:51.114 [main] INFO  com.github.davidmoten.rx.RxUtil - rx.Observable@709e192f
2022-05-21 18:25:51.116 [main] INFO  com.github.davidmoten.rx.RxUtil - rx.Observable@62a49a92
2022-05-21 18:25:51.117 [main] INFO  com.github.davidmoten.rx.RxUtil - rx.Observable@62a49a92
2022-05-21 18:25:51.117 [main] INFO  com.github.davidmoten.rx.RxUtil - rx.Observable@24a019d6
2022-05-21 18:25:51.177 [main] INFO  com.github.davidmoten.rx.RxUtil - 99
2022-05-21 18:25:51.178 [main] INFO  com.github.davidmoten.rx.RxUtil - 88
2022-05-21 18:25:51.285 [RxComputationThreadPool-12] INFO  com.github.davidmoten.rx.RxUtil - 0
2022-05-21 18:25:51.287 [RxComputationThreadPool-12] INFO  com.github.davidmoten.rx.RxUtil - 21
threads=[main]
2022-05-21 18:25:51.324 [main] INFO  com.zaxxer.hikari.HikariDataSource - HikariCP pool HikariPool-8 is starting.
[MARMADUKE, JOSEPH, MARMADUKE, JOSEPH, MARMADUKE, MARMADUKE, MARMADUKE, JOSEPH, MARMADUKE, JOSEPH, MARMADUKE, MARMADUKE]
2022-05-21 18:25:51.390 [main] INFO  com.github.davidmoten.rx.RxUtil - 99
2022-05-21 18:25:51.391 [main] INFO  com.github.davidmoten.rx.RxUtil - 88
2022-05-21 18:25:51.439 [main] INFO  com.github.davidmoten.rx.RxUtil - 3
Column "NAMEZ" not found; SQL statement:
select namez from person where name=? [42122-178]
Column "NAMEZ" not found; SQL statement:
select namez from person where name=? [42122-178]
Tests run: 113, Failures: 0, Errors: 0, Skipped: 0, Time elapsed: 1.024 sec
Running com.github.davidmoten.rx.jdbc.NamedParametersTest
Tests run: 4, Failures: 0, Errors: 0, Skipped: 0, Time elapsed: 0 sec
Running com.github.davidmoten.rx.jdbc.QueriesTest
Tests run: 1, Failures: 0, Errors: 0, Skipped: 0, Time elapsed: 0 sec
Running com.github.davidmoten.rx.jdbc.UtilTest
Tests run: 60, Failures: 0, Errors: 0, Skipped: 0, Time elapsed: 0.858 sec
Running com.github.davidmoten.rx.jdbc.tuple.TuplesTest
Tests run: 1, Failures: 0, Errors: 0, Skipped: 0, Time elapsed: 0.001 sec

Results :

Tests run: 426, Failures: 0, Errors: 0, Skipped: 1

[INFO] ------------------------------------------------------------------------
[INFO] BUILD SUCCESS
[INFO] ------------------------------------------------------------------------
[INFO] Total time: 17.179 s
[INFO] Finished at: 2022-05-21T18:25:52+00:00
[INFO] Final Memory: 19M/491M
[INFO] ------------------------------------------------------------------------

travis_time:end:013939c2:start=1653157533781368780,finish=1653157552761897895,duration=18980529115[0K
[32;1mThe command "mvn test -Dhttps.protocols=TLSv1.2 -Dhttps.protocols=TLSv1.2 -B" exited with 0.[0m

Done. Your build exited with 0.
