travis_time:start:000c15e0[0Ktravis_time:end:000c15e0:start=1653077624983005815,finish=1653077625142020689,duration=159014874,event=no_world_writable_dirs[0Ktravis_time:start:0fabca66[0Ktravis_time:end:0fabca66:start=1653077625148386117,finish=1653077625152270212,duration=3884095,event=check_unsupported[0Ktravis_time:start:0c255b40[0Ktravis_fold:start:system_info[0K[33;1mBuild system information[0m
Build language: java
Build group: stable
Build dist: precise
Build id: ''
Job id: ''
Runtime kernel version: 4.15.0-109-generic
[34m[1mBuild image provisioning date and time[0m
Thu Feb  5 15:09:33 UTC 2015
[34m[1mOperating System Details[0m
Distributor ID:	Ubuntu
Description:	Ubuntu 12.04.5 LTS
Release:	12.04
Codename:	precise
[34m[1mLinux Version[0m
3.13.0-29-generic
[34m[1mCookbooks Version[0m
a68419e https://github.com/travis-ci/travis-cookbooks/tree/a68419e
[34m[1mGCC version[0m
gcc (Ubuntu/Linaro 4.6.3-1ubuntu5) 4.6.3
Copyright (C) 2011 Free Software Foundation, Inc.
This is free software; see the source for copying conditions.  There is NO
warranty; not even for MERCHANTABILITY or FITNESS FOR A PARTICULAR PURPOSE.

[34m[1mLLVM version[0m
clang version 3.4 (tags/RELEASE_34/final)
Target: x86_64-unknown-linux-gnu
Thread model: posix
[34m[1mPre-installed Ruby versions[0m
ruby-1.9.3-p551
[34m[1mPre-installed Node.js versions[0m
v0.10.36
[34m[1mPre-installed Go versions[0m
1.4.1
[34m[1mRedis version[0m
redis-server 2.8.19
[34m[1mriak version[0m
2.0.2
[34m[1mMongoDB version[0m
MongoDB 2.4.12
[34m[1mCouchDB version[0m
couchdb 1.6.1
[34m[1mNeo4j version[0m
1.9.4
[34m[1mRabbitMQ Version[0m
3.4.3
[34m[1mElasticSearch version[0m
1.4.0
[34m[1mInstalled Sphinx versions[0m
2.0.10
2.1.9
2.2.6
[34m[1mDefault Sphinx version[0m
2.2.6
[34m[1mInstalled Firefox version[0m
firefox 31.0esr
[34m[1mPhantomJS version[0m
1.9.8
[34m[1mant -version[0m
Apache Ant(TM) version 1.8.2 compiled on December 3 2011
[34m[1mmvn -version[0m
Apache Maven 3.2.5 (12a6b3acb947671f09b81f49094c53f426d8cea1; 2014-12-14T17:29:23+00:00)
Maven home: /usr/local/maven
Java version: 1.7.0_76, vendor: Oracle Corporation
Java home: /usr/lib/jvm/java-7-oracle/jre
Default locale: en_US, platform encoding: ANSI_X3.4-1968
OS name: "linux", version: "3.13.0-29-generic", arch: "amd64", family: "unix"
travis_fold:end:system_info[0K
travis_time:end:0c255b40:start=1653077625157566763,finish=1653077625164431645,duration=6864882,event=show_system_info[0Ktravis_time:start:00e857c0[0Ktravis_time:end:00e857c0:start=1653077625170049169,finish=1653077625186904132,duration=16854963,event=rm_riak_source[0Ktravis_time:start:3534eb50[0Ktravis_time:end:3534eb50:start=1653077625192756578,finish=1653077625202282025,duration=9525447,event=fix_rwky_redis[0Ktravis_time:start:0d22602e[0K[31;1mTimeout waiting for network availability.[0m
travis_time:end:0d22602e:start=1653077625207579424,finish=1653077645914601015,duration=20707021591,event=wait_for_network[0Ktravis_time:start:2443ea92[0Ktravis_time:end:2443ea92:start=1653077645920868249,finish=1653077740805966626,duration=94885098377,event=update_apt_keys[0Ktravis_time:start:03be2564[0Ktravis_time:end:03be2564:start=1653077740811538050,finish=1653077740877790785,duration=66252735,event=fix_hhvm_source[0Ktravis_time:start:19c00d82[0Ktravis_time:end:19c00d82:start=1653077740883912631,finish=1653077740888679639,duration=4767008,event=update_mongo_arch[0Ktravis_time:start:092d3440[0Ktravis_time:end:092d3440:start=1653077740894074927,finish=1653077740933212603,duration=39137676,event=fix_sudo_enabled_trusty[0Ktravis_time:start:0c948d2c[0Ktravis_time:end:0c948d2c:start=1653077740938787410,finish=1653077740954072676,duration=15285266,event=clean_up_path[0Ktravis_time:start:004219a4[0Ktravis_time:end:004219a4:start=1653077740959968763,finish=1653077740975100386,duration=15131623,event=fix_resolv_conf[0Ktravis_time:start:039e682c[0Ktravis_time:end:039e682c:start=1653077740980602045,finish=1653077740998486979,duration=17884934,event=fix_etc_hosts[0Ktravis_time:start:1439246f[0Ktravis_time:start:12275fe9[0Ktravis_time:end:12275fe9:start=1653077741023163605,finish=1653077741040181717,duration=17018112,event=no_ipv6_localhost[0Ktravis_time:start:25f0e864[0Ktravis_time:end:25f0e864:start=1653077741046767378,finish=1653077741306405263,duration=259637885,event=fix_etc_mavenrc[0Ktravis_time:start:0a992fb4[0Ktravis_time:end:0a992fb4:start=1653077741314124985,finish=1653077741321310314,duration=7185329,event=fix_wwdr_certificate[0Ktravis_time:start:07d7840c[0Ktravis_time:end:07d7840c:start=1653077741328076930,finish=1653077741366845362,duration=38768432,event=put_localhost_first[0Ktravis_time:start:119e19c8[0Ktravis_time:end:119e19c8:start=1653077741373421638,finish=1653077741377913424,duration=4491786,event=home_paths[0Ktravis_time:start:075a56ea[0Ktravis_time:end:075a56ea:start=1653077741384030872,finish=1653077741564317038,duration=180286166,event=disable_initramfs[0Ktravis_time:start:18411f98[0Ktravis_time:end:18411f98:start=1653077741571434681,finish=1653077741702007064,duration=130572383,event=disable_ssh_roaming[0Ktravis_time:start:10138f1a[0Ktravis_time:end:10138f1a:start=1653077741708260967,finish=1653077741712680034,duration=4419067,event=debug_tools[0Ktravis_time:start:286080d0[0Ktravis_time:end:286080d0:start=1653077741718517467,finish=1653077741723907608,duration=5390141,event=uninstall_oclint[0Ktravis_time:start:0b255ee6[0Ktravis_time:end:0b255ee6:start=1653077741729166390,finish=1653077741734289951,duration=5123561,event=rvm_use[0Ktravis_time:start:000e118a[0Ktravis_time:end:000e118a:start=1653077741739762597,finish=1653077741751461223,duration=11698626,event=rm_etc_boto_cfg[0Ktravis_time:start:0f9e509d[0Ktravis_time:end:0f9e509d:start=1653077741757340616,finish=1653077741761197162,duration=3856546,event=rm_oraclejdk8_symlink[0Ktravis_time:start:26985eb9[0Ktravis_time:end:26985eb9:start=1653077741766648275,finish=1653077741812974669,duration=46326394,event=enable_i386[0Ktravis_time:start:34845092[0Ktravis_time:end:34845092:start=1653077741818012950,finish=1653077741824190070,duration=6177120,event=update_rubygems[0Ktravis_time:start:1c18c23c[0Ktravis_time:end:1c18c23c:start=1653077741830123988,finish=1653077741836750886,duration=6626898,event=ensure_path_components[0Ktravis_time:start:1cad47c8[0Ktravis_time:end:1cad47c8:start=1653077741841694390,finish=1653077741845339103,duration=3644713,event=redefine_curl[0Ktravis_time:start:1d862e88[0Ktravis_time:end:1d862e88:start=1653077741851544663,finish=1653077741856163997,duration=4619334,event=nonblock_pipe[0Ktravis_time:start:0a8b13d6[0Ktravis_time:end:0a8b13d6:start=1653077741862286401,finish=1653077744844019629,duration=2981733228,event=apt_get_update[0Ktravis_time:start:0437d4b8[0Ktravis_time:end:0437d4b8:start=1653077744850820362,finish=1653077744855558789,duration=4738427,event=deprecate_xcode_64[0Ktravis_time:start:168d88ca[0Ktravis_time:end:168d88ca:start=1653077744861710230,finish=1653077744869415319,duration=7705089,event=update_heroku[0Ktravis_time:start:00b324e4[0Ktravis_time:end:00b324e4:start=1653077744875427087,finish=1653077744879820082,duration=4392995,event=shell_session_update[0Ktravis_time:start:27058418[0Ktravis_fold:start:docker_mtu[0Ktee: /etc/docker/daemon.json: No such file or directory
docker: unrecognized service
travis_fold:end:docker_mtu[0Ktravis_time:end:27058418:start=1653077744885522176,finish=1653077744919912796,duration=34390620,event=set_docker_mtu[0Ktravis_time:start:22306396[0Ktravis_time:end:22306396:start=1653077744925610161,finish=1653077744939344151,duration=13733990,event=resolvconf[0K
travis_fold:start:install_jdk[0K[33;1mInstalling openjdk7[0m
$ jdk_switcher use "openjdk7"
Switching to OpenJDK7 (java-1.7.0-openjdk-amd64), JAVA_HOME will be set to /usr/lib/jvm/java-7-openjdk-amd64
travis_fold:end:install_jdk[0Ktravis_fold:start:apt[0Ktravis_time:start:0b29ab20[0K$ travis_apt_get_update
travis_time:end:0b29ab20:start=1653077744963534822,finish=1653077747857203330,duration=2893668508,event=prepare[0K[33;1mInstalling APT Packages[0m
travis_time:start:22557635[0K$ sudo -E apt-get -yq --no-install-suggests --no-install-recommends $(travis_apt_get_options) install git
Reading package lists...
Building dependency tree...
Reading state information...
git is already the newest version.
0 upgraded, 0 newly installed, 0 to remove and 0 not upgraded.
travis_time:end:22557635:start=1653077747863839670,finish=1653077747946565546,duration=82725876,event=prepare[0Ktravis_fold:end:apt[0Ktravis_time:start:0ed15660[0Ktravis_time:end:0ed15660:start=1653077747953346259,finish=1653077747958255819,duration=4909560,event=fix_ps4[0Ktravis_time:start:006abb2c[0K
$ cd passed/ome/bioformats

travis_time:end:006abb2c:start=1653077747964960880,finish=1653077747970709017,duration=5748137,event=checkout[0Ktravis_time:start:07035602[0K
[33;1mSetting environment variables from .travis.yml[0m
$ export BUILD=maven

travis_time:end:07035602:start=1653077747976367253,finish=1653077748263277794,duration=286910541,event=env[0Ktravis_fold:start:cache.1[0KSetting up build cache
$ export CASHER_DIR=${TRAVIS_HOME}/.casher
travis_time:start:1bc70ce0[0K$ Installing caching utilities

[31;1mThe command "eval curl -sf  -o $CASHER_DIR/bin/casher https:///files/casher " failed. Retrying, 2 of 3.[0m


[31;1mThe command "eval curl -sf  -o $CASHER_DIR/bin/casher https:///files/casher " failed. Retrying, 3 of 3.[0m


[31;1mThe command "eval curl -sf  -o $CASHER_DIR/bin/casher https:///files/casher " failed 3 times.[0m

travis_time:end:1bc70ce0:start=1653077749023377186,finish=1653077752100146399,duration=3076769213,event=setup_casher[0Ktravis_time:start:1a869b2c[0K$ Installing caching utilities from the Travis CI server (https:///files/casher) failed, failing over to using GitHub (https://raw.githubusercontent.com/travis-ci/casher/bash/bin/casher)
travis_time:end:1a869b2c:start=1653077752108407465,finish=1653077752312276142,duration=203868677,event=setup_casher[0Ktravis_time:start:29f262d6[0Ktravis_time:end:29f262d6:start=1653077752323477231,finish=1653077752328387285,duration=4910054,event=setup_casher[0Ktravis_time:start:06a508f1[0KYAML safe loading is not available. Please upgrade psych to a version that supports safe loading (>= 2.0).
attempting to download cache archive[0m
[31;1mcould not download cache[0m
travis_time:end:06a508f1:start=1653077752334564524,finish=1653077753724433621,duration=1389869097,event=setup_casher[0Ktravis_time:start:131a1087[0Ktravis_time:end:131a1087:start=1653077753732110869,finish=1653077753737664613,duration=5553744,event=setup_casher[0Ktravis_time:start:1cb80b52[0KYAML safe loading is not available. Please upgrade psych to a version that supports safe loading (>= 2.0).
adding /home/travis/.m2 to cache[0m
travis_time:end:1cb80b52:start=1653077753745040975,finish=1653077755596059970,duration=1851018995,event=setup_casher[0Ktravis_fold:end:cache.1[0K
$ java -Xmx32m -version
java version "1.7.0_75"
OpenJDK Runtime Environment (IcedTea 2.5.4) (7u75-2.5.4-1~precise1)
OpenJDK 64-Bit Server VM (build 24.75-b04, mixed mode)
$ javac -J-Xmx32m -version
javac 1.7.0_75
travis_fold:start:before_install[0Ktravis_time:start:244f6293[0K$ if [[ $BUILD == 'ant' ]]; then pip install --user flake8 Sphinx; fi
travis_time:end:244f6293:start=1653077755904489717,finish=1653077755909529667,duration=5039950,event=before_install[0Ktravis_fold:end:before_install[0Ktravis_fold:start:install[0Ktravis_time:start:07d6a600[0K$ mvn -o install -Dhttps.protocols=TLSv1.2 -Dhttps.protocols=TLSv1.2 -DskipTests=true -Dmaven.javadoc.skip=true -B -V
Apache Maven 3.2.5 (12a6b3acb947671f09b81f49094c53f426d8cea1; 2014-12-14T17:29:23+00:00)
Maven home: /usr/local/maven
Java version: 1.7.0_75, vendor: Oracle Corporation
Java home: /usr/lib/jvm/java-7-openjdk-amd64/jre
Default locale: en_US, platform encoding: UTF-8
OS name: "linux", version: "4.15.0-109-generic", arch: "amd64", family: "unix"
[INFO] Scanning for projects...
[INFO] ------------------------------------------------------------------------
[INFO] Reactor Build Order:
[INFO] 
[INFO] Bio-Formats projects
[INFO] JAI Image I/O Tools
[INFO] libjpeg-turbo Java bindings
[INFO] Bio-Formats API
[INFO] BSD Bio-Formats readers and writers
[INFO] Bio-Formats library
[INFO] Bio-Formats code generator
[INFO] Bio-Formats Plugins for ImageJ
[INFO] Bio-Formats command line tools
[INFO] bioformats_package bundle
[INFO] LOCI Tools bundle
[INFO] Bio-Formats testing framework
[INFO] Bio-Formats Sphinx documentation
[INFO]                                                                         
[INFO] ------------------------------------------------------------------------
[INFO] Building Bio-Formats projects 5.6.0-SNAPSHOT
[INFO] ------------------------------------------------------------------------
[INFO] 
[INFO] --- buildnumber-maven-plugin:1.2:create (default) @ pom-bio-formats ---
[INFO] Checking for local modifications: skipped.
[INFO] maven is executed in offline mode, Updating project files from SCM: skipped.
[INFO] Executing: /bin/sh -c cd /home/travis/build/passed/ome/bioformats && git rev-parse --verify HEAD
[INFO] Working directory: /home/travis/build/passed/ome/bioformats
[INFO] Storing buildNumber: a759a3a870d7270c4d3a033624391108b94cf792 at timestamp: 1653077759590
[INFO] Executing: /bin/sh -c cd /home/travis/build/passed/ome/bioformats && git rev-parse --verify HEAD
[INFO] Working directory: /home/travis/build/passed/ome/bioformats
[INFO] Storing buildScmBranch: UNKNOWN
[INFO] 
[INFO] >>> maven-source-plugin:2.2.1:jar (default) > generate-sources @ pom-bio-formats >>>
[INFO] 
[INFO] --- buildnumber-maven-plugin:1.2:create (default) @ pom-bio-formats ---
[INFO] 
[INFO] <<< maven-source-plugin:2.2.1:jar (default) < generate-sources @ pom-bio-formats <<<
[INFO] 
[INFO] --- maven-source-plugin:2.2.1:jar (default) @ pom-bio-formats ---
[INFO] 
[INFO] --- maven-install-plugin:2.5.1:install (default-install) @ pom-bio-formats ---
[INFO] Installing /home/travis/build/passed/ome/bioformats/pom.xml to /home/travis/.m2/repository/ome/pom-bio-formats/5.6.0-SNAPSHOT/pom-bio-formats-5.6.0-SNAPSHOT.pom
[INFO]                                                                         
[INFO] ------------------------------------------------------------------------
[INFO] Building JAI Image I/O Tools 5.6.0-SNAPSHOT
[INFO] ------------------------------------------------------------------------
[INFO] 
[INFO] --- buildnumber-maven-plugin:1.2:create (default) @ jai_imageio ---
[INFO] 
[INFO] --- maven-resources-plugin:2.6:resources (default-resources) @ jai_imageio ---
[INFO] Using 'UTF-8' encoding to copy filtered resources.
[INFO] Copying 14 resources
[INFO] skip non existing resourceDirectory /home/travis/build/passed/ome/bioformats/components/forks/jai/lib
[INFO] Copying 0 resource
[INFO] Copying 0 resource
[INFO] 
[INFO] --- maven-compiler-plugin:3.1:compile (default-compile) @ jai_imageio ---
[INFO] Nothing to compile - all classes are up to date
[INFO] 
[INFO] --- maven-resources-plugin:2.6:testResources (default-testResources) @ jai_imageio ---
[INFO] Using 'UTF-8' encoding to copy filtered resources.
[INFO] skip non existing resourceDirectory /home/travis/build/passed/ome/bioformats/components/forks/jai/test
[INFO] 
[INFO] --- maven-compiler-plugin:3.1:testCompile (default-testCompile) @ jai_imageio ---
[INFO] No sources to compile
[INFO] 
[INFO] --- maven-surefire-plugin:2.16:test (default-test) @ jai_imageio ---
[INFO] Tests are skipped.
[INFO] 
[INFO] --- maven-jar-plugin:2.4:jar (default-jar) @ jai_imageio ---
[INFO] 
[INFO] >>> maven-source-plugin:2.2.1:jar (default) > generate-sources @ jai_imageio >>>
[INFO] 
[INFO] --- buildnumber-maven-plugin:1.2:create (default) @ jai_imageio ---
[INFO] 
[INFO] <<< maven-source-plugin:2.2.1:jar (default) < generate-sources @ jai_imageio <<<
[INFO] 
[INFO] --- maven-source-plugin:2.2.1:jar (default) @ jai_imageio ---
[INFO] Building jar: /home/travis/build/passed/ome/bioformats/components/forks/jai/target/jai_imageio-5.6.0-SNAPSHOT-sources.jar
[INFO] 
[INFO] --- maven-jar-plugin:2.4:test-jar (default) @ jai_imageio ---
[INFO] Skipping packaging of the test-jar
[INFO] 
[INFO] --- maven-install-plugin:2.5.1:install (default-install) @ jai_imageio ---
[INFO] Installing /home/travis/build/passed/ome/bioformats/components/forks/jai/target/jai_imageio-5.6.0-SNAPSHOT.jar to /home/travis/.m2/repository/ome/jai_imageio/5.6.0-SNAPSHOT/jai_imageio-5.6.0-SNAPSHOT.jar
[INFO] Installing /home/travis/build/passed/ome/bioformats/components/forks/jai/pom.xml to /home/travis/.m2/repository/ome/jai_imageio/5.6.0-SNAPSHOT/jai_imageio-5.6.0-SNAPSHOT.pom
[INFO] Installing /home/travis/build/passed/ome/bioformats/components/forks/jai/target/jai_imageio-5.6.0-SNAPSHOT-sources.jar to /home/travis/.m2/repository/ome/jai_imageio/5.6.0-SNAPSHOT/jai_imageio-5.6.0-SNAPSHOT-sources.jar
[INFO]                                                                         
[INFO] ------------------------------------------------------------------------
[INFO] Building libjpeg-turbo Java bindings 5.6.0-SNAPSHOT
[INFO] ------------------------------------------------------------------------
[INFO] 
[INFO] --- buildnumber-maven-plugin:1.2:create (default) @ turbojpeg ---
[INFO] 
[INFO] --- maven-resources-plugin:2.6:resources (default-resources) @ turbojpeg ---
[INFO] Using 'UTF-8' encoding to copy filtered resources.
[INFO] Copying 0 resource
[INFO] Copying 7 resources to META-INF/lib
[INFO] Copying 0 resource
[INFO] Copying 0 resource
[INFO] 
[INFO] --- maven-compiler-plugin:3.1:compile (default-compile) @ turbojpeg ---
[INFO] Nothing to compile - all classes are up to date
[INFO] 
[INFO] --- maven-resources-plugin:2.6:testResources (default-testResources) @ turbojpeg ---
[INFO] Using 'UTF-8' encoding to copy filtered resources.
[INFO] skip non existing resourceDirectory /home/travis/build/passed/ome/bioformats/components/forks/turbojpeg/test
[INFO] 
[INFO] --- maven-compiler-plugin:3.1:testCompile (default-testCompile) @ turbojpeg ---
[INFO] No sources to compile
[INFO] 
[INFO] --- maven-surefire-plugin:2.16:test (default-test) @ turbojpeg ---
[INFO] Tests are skipped.
[INFO] 
[INFO] --- maven-jar-plugin:2.4:jar (default-jar) @ turbojpeg ---
[INFO] 
[INFO] >>> maven-source-plugin:2.2.1:jar (default) > generate-sources @ turbojpeg >>>
[INFO] 
[INFO] --- buildnumber-maven-plugin:1.2:create (default) @ turbojpeg ---
[INFO] 
[INFO] <<< maven-source-plugin:2.2.1:jar (default) < generate-sources @ turbojpeg <<<
[INFO] 
[INFO] --- maven-source-plugin:2.2.1:jar (default) @ turbojpeg ---
[INFO] Building jar: /home/travis/build/passed/ome/bioformats/components/forks/turbojpeg/target/turbojpeg-5.6.0-SNAPSHOT-sources.jar
[INFO] 
[INFO] --- maven-jar-plugin:2.4:test-jar (default) @ turbojpeg ---
[INFO] Skipping packaging of the test-jar
[INFO] 
[INFO] --- maven-install-plugin:2.5.1:install (default-install) @ turbojpeg ---
[INFO] Installing /home/travis/build/passed/ome/bioformats/components/forks/turbojpeg/target/turbojpeg-5.6.0-SNAPSHOT.jar to /home/travis/.m2/repository/ome/turbojpeg/5.6.0-SNAPSHOT/turbojpeg-5.6.0-SNAPSHOT.jar
[INFO] Installing /home/travis/build/passed/ome/bioformats/components/forks/turbojpeg/pom.xml to /home/travis/.m2/repository/ome/turbojpeg/5.6.0-SNAPSHOT/turbojpeg-5.6.0-SNAPSHOT.pom
[INFO] Installing /home/travis/build/passed/ome/bioformats/components/forks/turbojpeg/target/turbojpeg-5.6.0-SNAPSHOT-sources.jar to /home/travis/.m2/repository/ome/turbojpeg/5.6.0-SNAPSHOT/turbojpeg-5.6.0-SNAPSHOT-sources.jar
[INFO]                                                                         
[INFO] ------------------------------------------------------------------------
[INFO] Building Bio-Formats API 5.6.0-SNAPSHOT
[INFO] ------------------------------------------------------------------------
[INFO] 
[INFO] --- buildnumber-maven-plugin:1.2:create (default) @ formats-api ---
[INFO] 
[INFO] --- maven-resources-plugin:2.6:resources (default-resources) @ formats-api ---
[INFO] Using 'UTF-8' encoding to copy filtered resources.
[INFO] Copying 2 resources
[INFO] Copying 0 resource
[INFO] Copying 0 resource
[INFO] 
[INFO] --- maven-compiler-plugin:3.1:compile (default-compile) @ formats-api ---
[INFO] Nothing to compile - all classes are up to date
[INFO] 
[INFO] --- maven-resources-plugin:2.6:testResources (default-testResources) @ formats-api ---
[INFO] Using 'UTF-8' encoding to copy filtered resources.
[INFO] Copying 2 resources
[INFO] 
[INFO] --- maven-compiler-plugin:3.1:testCompile (default-testCompile) @ formats-api ---
[INFO] Nothing to compile - all classes are up to date
[INFO] 
[INFO] --- maven-surefire-plugin:2.16:test (default-test) @ formats-api ---
[INFO] Tests are skipped.
[INFO] 
[INFO] --- maven-jar-plugin:2.4:jar (default-jar) @ formats-api ---
[INFO] 
[INFO] >>> maven-source-plugin:2.2.1:jar (default) > generate-sources @ formats-api >>>
[INFO] 
[INFO] --- buildnumber-maven-plugin:1.2:create (default) @ formats-api ---
[INFO] 
[INFO] <<< maven-source-plugin:2.2.1:jar (default) < generate-sources @ formats-api <<<
[INFO] 
[INFO] --- maven-source-plugin:2.2.1:jar (default) @ formats-api ---
[INFO] Building jar: /home/travis/build/passed/ome/bioformats/components/formats-api/target/formats-api-5.6.0-SNAPSHOT-sources.jar
[INFO] 
[INFO] --- maven-jar-plugin:2.4:test-jar (default) @ formats-api ---
[INFO] 
[INFO] --- maven-install-plugin:2.5.1:install (default-install) @ formats-api ---
[INFO] Installing /home/travis/build/passed/ome/bioformats/components/formats-api/target/formats-api-5.6.0-SNAPSHOT.jar to /home/travis/.m2/repository/ome/formats-api/5.6.0-SNAPSHOT/formats-api-5.6.0-SNAPSHOT.jar
[INFO] Installing /home/travis/build/passed/ome/bioformats/components/formats-api/pom.xml to /home/travis/.m2/repository/ome/formats-api/5.6.0-SNAPSHOT/formats-api-5.6.0-SNAPSHOT.pom
[INFO] Installing /home/travis/build/passed/ome/bioformats/components/formats-api/target/formats-api-5.6.0-SNAPSHOT-sources.jar to /home/travis/.m2/repository/ome/formats-api/5.6.0-SNAPSHOT/formats-api-5.6.0-SNAPSHOT-sources.jar
[INFO] Installing /home/travis/build/passed/ome/bioformats/components/formats-api/target/formats-api-5.6.0-SNAPSHOT-tests.jar to /home/travis/.m2/repository/ome/formats-api/5.6.0-SNAPSHOT/formats-api-5.6.0-SNAPSHOT-tests.jar
[INFO]                                                                         
[INFO] ------------------------------------------------------------------------
[INFO] Building BSD Bio-Formats readers and writers 5.6.0-SNAPSHOT
[INFO] ------------------------------------------------------------------------
[INFO] 
[INFO] --- buildnumber-maven-plugin:1.2:create (default) @ formats-bsd ---
[INFO] 
[INFO] --- maven-resources-plugin:2.6:resources (default-resources) @ formats-bsd ---
[INFO] Using 'UTF-8' encoding to copy filtered resources.
[INFO] Copying 0 resource
[INFO] Copying 0 resource
[INFO] 
[INFO] --- maven-compiler-plugin:3.1:compile (default-compile) @ formats-bsd ---
[INFO] Nothing to compile - all classes are up to date
[INFO] 
[INFO] --- maven-resources-plugin:2.6:testResources (default-testResources) @ formats-bsd ---
[INFO] Using 'UTF-8' encoding to copy filtered resources.
[INFO] Copying 11 resources
[INFO] 
[INFO] --- maven-compiler-plugin:3.1:testCompile (default-testCompile) @ formats-bsd ---
[INFO] Nothing to compile - all classes are up to date
[INFO] 
[INFO] --- maven-surefire-plugin:2.16:test (default-test) @ formats-bsd ---
[INFO] Tests are skipped.
[INFO] 
[INFO] --- maven-jar-plugin:2.4:jar (default-jar) @ formats-bsd ---
[INFO] 
[INFO] >>> maven-source-plugin:2.2.1:jar (default) > generate-sources @ formats-bsd >>>
[INFO] 
[INFO] --- buildnumber-maven-plugin:1.2:create (default) @ formats-bsd ---
[INFO] 
[INFO] <<< maven-source-plugin:2.2.1:jar (default) < generate-sources @ formats-bsd <<<
[INFO] 
[INFO] --- maven-source-plugin:2.2.1:jar (default) @ formats-bsd ---
[INFO] Building jar: /home/travis/build/passed/ome/bioformats/components/formats-bsd/target/formats-bsd-5.6.0-SNAPSHOT-sources.jar
[INFO] 
[INFO] --- maven-jar-plugin:2.4:test-jar (default) @ formats-bsd ---
[INFO] 
[INFO] --- maven-install-plugin:2.5.1:install (default-install) @ formats-bsd ---
[INFO] Installing /home/travis/build/passed/ome/bioformats/components/formats-bsd/target/formats-bsd-5.6.0-SNAPSHOT.jar to /home/travis/.m2/repository/ome/formats-bsd/5.6.0-SNAPSHOT/formats-bsd-5.6.0-SNAPSHOT.jar
[INFO] Installing /home/travis/build/passed/ome/bioformats/components/formats-bsd/pom.xml to /home/travis/.m2/repository/ome/formats-bsd/5.6.0-SNAPSHOT/formats-bsd-5.6.0-SNAPSHOT.pom
[INFO] Installing /home/travis/build/passed/ome/bioformats/components/formats-bsd/target/formats-bsd-5.6.0-SNAPSHOT-sources.jar to /home/travis/.m2/repository/ome/formats-bsd/5.6.0-SNAPSHOT/formats-bsd-5.6.0-SNAPSHOT-sources.jar
[INFO] Installing /home/travis/build/passed/ome/bioformats/components/formats-bsd/target/formats-bsd-5.6.0-SNAPSHOT-tests.jar to /home/travis/.m2/repository/ome/formats-bsd/5.6.0-SNAPSHOT/formats-bsd-5.6.0-SNAPSHOT-tests.jar
[INFO]                                                                         
[INFO] ------------------------------------------------------------------------
[INFO] Building Bio-Formats library 5.6.0-SNAPSHOT
[INFO] ------------------------------------------------------------------------
[INFO] 
[INFO] --- buildnumber-maven-plugin:1.2:create (default) @ formats-gpl ---
[INFO] 
[INFO] --- maven-resources-plugin:2.6:resources (default-resources) @ formats-gpl ---
[INFO] Using 'UTF-8' encoding to copy filtered resources.
[INFO] Copying 3 resources
[INFO] skip non existing resourceDirectory /home/travis/build/passed/ome/bioformats/components/formats-gpl/lib
[INFO] Copying 1 resource
[INFO] Copying 1 resource
[INFO] 
[INFO] --- maven-compiler-plugin:3.1:compile (default-compile) @ formats-gpl ---
[INFO] Nothing to compile - all classes are up to date
[INFO] 
[INFO] --- maven-resources-plugin:2.6:testResources (default-testResources) @ formats-gpl ---
[INFO] Using 'UTF-8' encoding to copy filtered resources.
[INFO] Copying 26 resources
[INFO] 
[INFO] --- maven-compiler-plugin:3.1:testCompile (default-testCompile) @ formats-gpl ---
[INFO] Nothing to compile - all classes are up to date
[INFO] 
[INFO] --- maven-surefire-plugin:2.16:test (default-test) @ formats-gpl ---
[INFO] Tests are skipped.
[INFO] 
[INFO] --- maven-surefire-plugin:2.16:test (missing-mdb-test) @ formats-gpl ---
[INFO] Tests are skipped.
[INFO] 
[INFO] --- maven-surefire-plugin:2.16:test (missing-poi-test) @ formats-gpl ---
[INFO] Tests are skipped.
[INFO] 
[INFO] --- maven-surefire-plugin:2.16:test (missing-netcdf-test) @ formats-gpl ---
[INFO] Tests are skipped.
[INFO] 
[INFO] --- maven-jar-plugin:2.4:jar (default-jar) @ formats-gpl ---
[INFO] 
[INFO] >>> maven-source-plugin:2.2.1:jar (default) > generate-sources @ formats-gpl >>>
[INFO] 
[INFO] --- buildnumber-maven-plugin:1.2:create (default) @ formats-gpl ---
[INFO] 
[INFO] <<< maven-source-plugin:2.2.1:jar (default) < generate-sources @ formats-gpl <<<
[INFO] 
[INFO] --- maven-source-plugin:2.2.1:jar (default) @ formats-gpl ---
[INFO] 
[INFO] --- maven-jar-plugin:2.4:test-jar (default) @ formats-gpl ---
[INFO] 
[INFO] --- maven-install-plugin:2.5.1:install (default-install) @ formats-gpl ---
[INFO] Installing /home/travis/build/passed/ome/bioformats/components/formats-gpl/target/formats-gpl-5.6.0-SNAPSHOT.jar to /home/travis/.m2/repository/ome/formats-gpl/5.6.0-SNAPSHOT/formats-gpl-5.6.0-SNAPSHOT.jar
[INFO] Installing /home/travis/build/passed/ome/bioformats/components/formats-gpl/pom.xml to /home/travis/.m2/repository/ome/formats-gpl/5.6.0-SNAPSHOT/formats-gpl-5.6.0-SNAPSHOT.pom
[INFO] Installing /home/travis/build/passed/ome/bioformats/components/formats-gpl/target/formats-gpl-5.6.0-SNAPSHOT-sources.jar to /home/travis/.m2/repository/ome/formats-gpl/5.6.0-SNAPSHOT/formats-gpl-5.6.0-SNAPSHOT-sources.jar
[INFO] Installing /home/travis/build/passed/ome/bioformats/components/formats-gpl/target/formats-gpl-5.6.0-SNAPSHOT-tests.jar to /home/travis/.m2/repository/ome/formats-gpl/5.6.0-SNAPSHOT/formats-gpl-5.6.0-SNAPSHOT-tests.jar
[INFO]                                                                         
[INFO] ------------------------------------------------------------------------
[INFO] Building Bio-Formats code generator 5.6.0-SNAPSHOT
[INFO] ------------------------------------------------------------------------
[INFO] 
[INFO] --- buildnumber-maven-plugin:1.2:create (default) @ bf-autogen ---
[INFO] 
[INFO] --- maven-resources-plugin:2.6:resources (default-resources) @ bf-autogen ---
[INFO] Using 'UTF-8' encoding to copy filtered resources.
[INFO] Copying 11 resources
[INFO] skip non existing resourceDirectory /home/travis/build/passed/ome/bioformats/components/autogen/lib
[INFO] Copying 0 resource
[INFO] Copying 0 resource
[INFO] 
[INFO] --- maven-compiler-plugin:3.1:compile (default-compile) @ bf-autogen ---
[INFO] Nothing to compile - all classes are up to date
[INFO] 
[INFO] --- maven-resources-plugin:2.6:testResources (default-testResources) @ bf-autogen ---
[INFO] Using 'UTF-8' encoding to copy filtered resources.
[INFO] skip non existing resourceDirectory /home/travis/build/passed/ome/bioformats/components/autogen/test
[INFO] 
[INFO] --- maven-compiler-plugin:3.1:testCompile (default-testCompile) @ bf-autogen ---
[INFO] No sources to compile
[INFO] 
[INFO] --- maven-surefire-plugin:2.16:test (default-test) @ bf-autogen ---
[INFO] Tests are skipped.
[INFO] 
[INFO] --- maven-jar-plugin:2.4:jar (default-jar) @ bf-autogen ---
[INFO] 
[INFO] >>> maven-source-plugin:2.2.1:jar (default) > generate-sources @ bf-autogen >>>
[INFO] 
[INFO] --- buildnumber-maven-plugin:1.2:create (default) @ bf-autogen ---
[INFO] 
[INFO] <<< maven-source-plugin:2.2.1:jar (default) < generate-sources @ bf-autogen <<<
[INFO] 
[INFO] --- maven-source-plugin:2.2.1:jar (default) @ bf-autogen ---
[INFO] Building jar: /home/travis/build/passed/ome/bioformats/components/autogen/target/bf-autogen-5.6.0-SNAPSHOT-sources.jar
[INFO] 
[INFO] --- maven-jar-plugin:2.4:test-jar (default) @ bf-autogen ---
[INFO] Skipping packaging of the test-jar
[INFO] 
[INFO] --- maven-install-plugin:2.5.1:install (default-install) @ bf-autogen ---
[INFO] Installing /home/travis/build/passed/ome/bioformats/components/autogen/target/bf-autogen-5.6.0-SNAPSHOT.jar to /home/travis/.m2/repository/ome/bf-autogen/5.6.0-SNAPSHOT/bf-autogen-5.6.0-SNAPSHOT.jar
[INFO] Installing /home/travis/build/passed/ome/bioformats/components/autogen/pom.xml to /home/travis/.m2/repository/ome/bf-autogen/5.6.0-SNAPSHOT/bf-autogen-5.6.0-SNAPSHOT.pom
[INFO] Installing /home/travis/build/passed/ome/bioformats/components/autogen/target/bf-autogen-5.6.0-SNAPSHOT-sources.jar to /home/travis/.m2/repository/ome/bf-autogen/5.6.0-SNAPSHOT/bf-autogen-5.6.0-SNAPSHOT-sources.jar
[INFO]                                                                         
[INFO] ------------------------------------------------------------------------
[INFO] Building Bio-Formats Plugins for ImageJ 5.6.0-SNAPSHOT
[INFO] ------------------------------------------------------------------------
[INFO] 
[INFO] --- buildnumber-maven-plugin:1.2:create (default) @ bio-formats_plugins ---
[INFO] 
[INFO] --- maven-resources-plugin:2.6:resources (default-resources) @ bio-formats_plugins ---
[INFO] Using 'UTF-8' encoding to copy filtered resources.
[INFO] Copying 3 resources
[INFO] skip non existing resourceDirectory /home/travis/build/passed/ome/bioformats/components/bio-formats-plugins/lib
[INFO] Copying 0 resource
[INFO] Copying 0 resource
[INFO] 
[INFO] --- maven-compiler-plugin:3.1:compile (default-compile) @ bio-formats_plugins ---
[INFO] Nothing to compile - all classes are up to date
[INFO] 
[INFO] --- maven-resources-plugin:2.6:testResources (default-testResources) @ bio-formats_plugins ---
[INFO] Using 'UTF-8' encoding to copy filtered resources.
[INFO] Copying 1 resource
[INFO] 
[INFO] --- maven-compiler-plugin:3.1:testCompile (default-testCompile) @ bio-formats_plugins ---
[INFO] Nothing to compile - all classes are up to date
[INFO] 
[INFO] --- maven-surefire-plugin:2.16:test (default-test) @ bio-formats_plugins ---
[INFO] Tests are skipped.
[INFO] 
[INFO] --- maven-jar-plugin:2.4:jar (default-jar) @ bio-formats_plugins ---
[INFO] 
[INFO] >>> maven-source-plugin:2.2.1:jar (default) > generate-sources @ bio-formats_plugins >>>
[INFO] 
[INFO] --- buildnumber-maven-plugin:1.2:create (default) @ bio-formats_plugins ---
[INFO] 
[INFO] <<< maven-source-plugin:2.2.1:jar (default) < generate-sources @ bio-formats_plugins <<<
[INFO] 
[INFO] --- maven-source-plugin:2.2.1:jar (default) @ bio-formats_plugins ---
[INFO] Building jar: /home/travis/build/passed/ome/bioformats/components/bio-formats-plugins/target/bio-formats_plugins-5.6.0-SNAPSHOT-sources.jar
[INFO] 
[INFO] --- maven-jar-plugin:2.4:test-jar (default) @ bio-formats_plugins ---
[INFO] 
[INFO] --- maven-install-plugin:2.5.1:install (default-install) @ bio-formats_plugins ---
[INFO] Installing /home/travis/build/passed/ome/bioformats/components/bio-formats-plugins/target/bio-formats_plugins-5.6.0-SNAPSHOT.jar to /home/travis/.m2/repository/ome/bio-formats_plugins/5.6.0-SNAPSHOT/bio-formats_plugins-5.6.0-SNAPSHOT.jar
[INFO] Installing /home/travis/build/passed/ome/bioformats/components/bio-formats-plugins/pom.xml to /home/travis/.m2/repository/ome/bio-formats_plugins/5.6.0-SNAPSHOT/bio-formats_plugins-5.6.0-SNAPSHOT.pom
[INFO] Installing /home/travis/build/passed/ome/bioformats/components/bio-formats-plugins/target/bio-formats_plugins-5.6.0-SNAPSHOT-sources.jar to /home/travis/.m2/repository/ome/bio-formats_plugins/5.6.0-SNAPSHOT/bio-formats_plugins-5.6.0-SNAPSHOT-sources.jar
[INFO] Installing /home/travis/build/passed/ome/bioformats/components/bio-formats-plugins/target/bio-formats_plugins-5.6.0-SNAPSHOT-tests.jar to /home/travis/.m2/repository/ome/bio-formats_plugins/5.6.0-SNAPSHOT/bio-formats_plugins-5.6.0-SNAPSHOT-tests.jar
[INFO]                                                                         
[INFO] ------------------------------------------------------------------------
[INFO] Building Bio-Formats command line tools 5.6.0-SNAPSHOT
[INFO] ------------------------------------------------------------------------
[INFO] 
[INFO] --- buildnumber-maven-plugin:1.2:create (default) @ bio-formats-tools ---
[INFO] 
[INFO] --- maven-resources-plugin:2.6:resources (default-resources) @ bio-formats-tools ---
[INFO] Using 'UTF-8' encoding to copy filtered resources.
[INFO] Copying 0 resource
[INFO] skip non existing resourceDirectory /home/travis/build/passed/ome/bioformats/components/bio-formats-tools/lib
[INFO] Copying 0 resource
[INFO] Copying 0 resource
[INFO] 
[INFO] --- maven-compiler-plugin:3.1:compile (default-compile) @ bio-formats-tools ---
[INFO] Nothing to compile - all classes are up to date
[INFO] 
[INFO] --- maven-resources-plugin:2.6:testResources (default-testResources) @ bio-formats-tools ---
[INFO] Using 'UTF-8' encoding to copy filtered resources.
[INFO] Copying 1 resource
[INFO] 
[INFO] --- maven-compiler-plugin:3.1:testCompile (default-testCompile) @ bio-formats-tools ---
[INFO] Nothing to compile - all classes are up to date
[INFO] 
[INFO] --- maven-surefire-plugin:2.16:test (default-test) @ bio-formats-tools ---
[INFO] Tests are skipped.
[INFO] 
[INFO] --- maven-jar-plugin:2.4:jar (default-jar) @ bio-formats-tools ---
[INFO] 
[INFO] >>> maven-source-plugin:2.2.1:jar (default) > generate-sources @ bio-formats-tools >>>
[INFO] 
[INFO] --- buildnumber-maven-plugin:1.2:create (default) @ bio-formats-tools ---
[INFO] 
[INFO] <<< maven-source-plugin:2.2.1:jar (default) < generate-sources @ bio-formats-tools <<<
[INFO] 
[INFO] --- maven-source-plugin:2.2.1:jar (default) @ bio-formats-tools ---
[INFO] Building jar: /home/travis/build/passed/ome/bioformats/components/bio-formats-tools/target/bio-formats-tools-5.6.0-SNAPSHOT-sources.jar
[INFO] 
[INFO] --- maven-jar-plugin:2.4:test-jar (default) @ bio-formats-tools ---
[INFO] 
[INFO] --- maven-install-plugin:2.5.1:install (default-install) @ bio-formats-tools ---
[INFO] Installing /home/travis/build/passed/ome/bioformats/components/bio-formats-tools/target/bio-formats-tools-5.6.0-SNAPSHOT.jar to /home/travis/.m2/repository/ome/bio-formats-tools/5.6.0-SNAPSHOT/bio-formats-tools-5.6.0-SNAPSHOT.jar
[INFO] Installing /home/travis/build/passed/ome/bioformats/components/bio-formats-tools/pom.xml to /home/travis/.m2/repository/ome/bio-formats-tools/5.6.0-SNAPSHOT/bio-formats-tools-5.6.0-SNAPSHOT.pom
[INFO] Installing /home/travis/build/passed/ome/bioformats/components/bio-formats-tools/target/bio-formats-tools-5.6.0-SNAPSHOT-sources.jar to /home/travis/.m2/repository/ome/bio-formats-tools/5.6.0-SNAPSHOT/bio-formats-tools-5.6.0-SNAPSHOT-sources.jar
[INFO] Installing /home/travis/build/passed/ome/bioformats/components/bio-formats-tools/target/bio-formats-tools-5.6.0-SNAPSHOT-tests.jar to /home/travis/.m2/repository/ome/bio-formats-tools/5.6.0-SNAPSHOT/bio-formats-tools-5.6.0-SNAPSHOT-tests.jar
[INFO]                                                                         
[INFO] ------------------------------------------------------------------------
[INFO] Building bioformats_package bundle 5.6.0-SNAPSHOT
[INFO] ------------------------------------------------------------------------
[INFO] 
[INFO] --- buildnumber-maven-plugin:1.2:create (default) @ bioformats_package ---
[INFO] 
[INFO] >>> maven-source-plugin:2.2.1:jar (default) > generate-sources @ bioformats_package >>>
[INFO] 
[INFO] --- buildnumber-maven-plugin:1.2:create (default) @ bioformats_package ---
[INFO] 
[INFO] <<< maven-source-plugin:2.2.1:jar (default) < generate-sources @ bioformats_package <<<
[INFO] 
[INFO] --- maven-source-plugin:2.2.1:jar (default) @ bioformats_package ---
[INFO] 
[INFO] --- maven-assembly-plugin:2.4:single (make-assembly) @ bioformats_package ---
[INFO] Reading assembly descriptor: assembly.xml
[WARNING] The following patterns were never triggered in this artifact exclusion filter:
o  'gov.nih.imagej:imagej'
o  'net.imagej:ij'
o  'org.springframework:spring*'
o  'aopalliance:aopalliance'
o  'org.aspectj:aspectj*'
o  'org.slf4j:slf4j-log4j12'
o  'log4j:log4j'
o  'org.testng:testng'
o  'com.beust:jcommander'
o  'org.yaml:snakeyaml'
o  'org.beanshell:bsh'
o  'edu.princeton.cup:java-cup'
o  'org.apache.bcel:bcel'
o  'commons-codec:commons-codec'
o  'regexp:regexp'
o  'org.apache.ant:ant-trax'
o  'edu.ucar:udunits'
o  'javax.servlet:servlet-api'

[INFO] Building jar: /home/travis/build/passed/ome/bioformats/components/bundles/bioformats_package/target/bioformats_package-5.6.0-SNAPSHOT.jar
[INFO] 
[INFO] --- maven-install-plugin:2.5.1:install (default-install) @ bioformats_package ---
[INFO] Installing /home/travis/build/passed/ome/bioformats/components/bundles/bioformats_package/pom.xml to /home/travis/.m2/repository/ome/bioformats_package/5.6.0-SNAPSHOT/bioformats_package-5.6.0-SNAPSHOT.pom
[INFO] Installing /home/travis/build/passed/ome/bioformats/components/bundles/bioformats_package/target/bioformats_package-5.6.0-SNAPSHOT.jar to /home/travis/.m2/repository/ome/bioformats_package/5.6.0-SNAPSHOT/bioformats_package-5.6.0-SNAPSHOT.jar
[INFO]                                                                         
[INFO] ------------------------------------------------------------------------
[INFO] Building LOCI Tools bundle 5.6.0-SNAPSHOT
[INFO] ------------------------------------------------------------------------
[INFO] 
[INFO] --- buildnumber-maven-plugin:1.2:create (default) @ loci_tools ---
[INFO] 
[INFO] >>> maven-source-plugin:2.2.1:jar (default) > generate-sources @ loci_tools >>>
[INFO] 
[INFO] --- buildnumber-maven-plugin:1.2:create (default) @ loci_tools ---
[INFO] 
[INFO] <<< maven-source-plugin:2.2.1:jar (default) < generate-sources @ loci_tools <<<
[INFO] 
[INFO] --- maven-source-plugin:2.2.1:jar (default) @ loci_tools ---
[INFO] 
[INFO] --- maven-assembly-plugin:2.4:single (make-assembly) @ loci_tools ---
[INFO] Reading assembly descriptor: assembly.xml
[WARNING] The following patterns were never triggered in this artifact exclusion filter:
o  'gov.nih.imagej:imagej'
o  'net.imagej:ij'
o  'org.testng:testng'
o  'com.beust:jcommander'
o  'org.yaml:snakeyaml'
o  'org.beanshell:bsh'
o  'edu.princeton.cup:java-cup'
o  'org.apache.bcel:bcel'
o  'commons-codec:commons-codec'
o  'regexp:regexp'
o  'org.apache.ant:ant-trax'
o  'edu.ucar:udunits'
o  'javax.servlet:servlet-api'

[INFO] Building jar: /home/travis/build/passed/ome/bioformats/components/bundles/loci_tools/target/loci_tools-5.6.0-SNAPSHOT.jar
[INFO] 
[INFO] --- maven-install-plugin:2.5.1:install (default-install) @ loci_tools ---
[INFO] Installing /home/travis/build/passed/ome/bioformats/components/bundles/loci_tools/pom.xml to /home/travis/.m2/repository/ome/loci_tools/5.6.0-SNAPSHOT/loci_tools-5.6.0-SNAPSHOT.pom
[INFO] Installing /home/travis/build/passed/ome/bioformats/components/bundles/loci_tools/target/loci_tools-5.6.0-SNAPSHOT.jar to /home/travis/.m2/repository/ome/loci_tools/5.6.0-SNAPSHOT/loci_tools-5.6.0-SNAPSHOT.jar
[INFO]                                                                         
[INFO] ------------------------------------------------------------------------
[INFO] Building Bio-Formats testing framework 5.6.0-SNAPSHOT
[INFO] ------------------------------------------------------------------------
[INFO] 
[INFO] --- buildnumber-maven-plugin:1.2:create (default) @ test-suite ---
[INFO] 
[INFO] --- maven-resources-plugin:2.6:resources (default-resources) @ test-suite ---
[INFO] Using 'UTF-8' encoding to copy filtered resources.
[INFO] Copying 0 resource
[INFO] skip non existing resourceDirectory /home/travis/build/passed/ome/bioformats/components/test-suite/lib
[INFO] Copying 0 resource
[INFO] Copying 0 resource
[INFO] 
[INFO] --- maven-compiler-plugin:3.1:compile (default-compile) @ test-suite ---
[INFO] Nothing to compile - all classes are up to date
[INFO] 
[INFO] --- maven-resources-plugin:2.6:testResources (default-testResources) @ test-suite ---
[INFO] Using 'UTF-8' encoding to copy filtered resources.
[INFO] skip non existing resourceDirectory /home/travis/build/passed/ome/bioformats/components/test-suite/test
[INFO] 
[INFO] --- maven-compiler-plugin:3.1:testCompile (default-testCompile) @ test-suite ---
[INFO] No sources to compile
[INFO] 
[INFO] --- maven-surefire-plugin:2.16:test (default-test) @ test-suite ---
[INFO] Tests are skipped.
[INFO] 
[INFO] --- maven-jar-plugin:2.4:jar (default-jar) @ test-suite ---
[INFO] 
[INFO] >>> maven-source-plugin:2.2.1:jar (default) > generate-sources @ test-suite >>>
[INFO] 
[INFO] --- buildnumber-maven-plugin:1.2:create (default) @ test-suite ---
[INFO] 
[INFO] <<< maven-source-plugin:2.2.1:jar (default) < generate-sources @ test-suite <<<
[INFO] 
[INFO] --- maven-source-plugin:2.2.1:jar (default) @ test-suite ---
[INFO] Building jar: /home/travis/build/passed/ome/bioformats/components/test-suite/target/test-suite-5.6.0-SNAPSHOT-sources.jar
[INFO] 
[INFO] --- maven-jar-plugin:2.4:test-jar (default) @ test-suite ---
[INFO] Skipping packaging of the test-jar
[INFO] 
[INFO] --- maven-install-plugin:2.5.1:install (default-install) @ test-suite ---
[INFO] Installing /home/travis/build/passed/ome/bioformats/components/test-suite/target/test-suite-5.6.0-SNAPSHOT.jar to /home/travis/.m2/repository/ome/test-suite/5.6.0-SNAPSHOT/test-suite-5.6.0-SNAPSHOT.jar
[INFO] Installing /home/travis/build/passed/ome/bioformats/components/test-suite/pom.xml to /home/travis/.m2/repository/ome/test-suite/5.6.0-SNAPSHOT/test-suite-5.6.0-SNAPSHOT.pom
[INFO] Installing /home/travis/build/passed/ome/bioformats/components/test-suite/target/test-suite-5.6.0-SNAPSHOT-sources.jar to /home/travis/.m2/repository/ome/test-suite/5.6.0-SNAPSHOT/test-suite-5.6.0-SNAPSHOT-sources.jar
[INFO]                                                                         
[INFO] ------------------------------------------------------------------------
[INFO] Building Bio-Formats Sphinx documentation 5.6.0-SNAPSHOT
[INFO] ------------------------------------------------------------------------
[INFO] 
[INFO] --- buildnumber-maven-plugin:1.2:create (default) @ formats-docs ---
[INFO] 
[INFO] --- maven-resources-plugin:2.6:resources (default-resources) @ formats-docs ---
[INFO] Using 'UTF-8' encoding to copy filtered resources.
[INFO] Copying 4 resources
[INFO] 
[INFO] --- maven-compiler-plugin:3.1:compile (default-compile) @ formats-docs ---
[INFO] Nothing to compile - all classes are up to date
[INFO] 
[INFO] --- maven-resources-plugin:2.6:testResources (default-testResources) @ formats-docs ---
[INFO] Using 'UTF-8' encoding to copy filtered resources.
[INFO] skip non existing resourceDirectory /home/travis/build/passed/ome/bioformats/docs/sphinx/test
[INFO] 
[INFO] --- maven-compiler-plugin:3.1:testCompile (default-testCompile) @ formats-docs ---
[INFO] No sources to compile
[INFO] 
[INFO] --- maven-surefire-plugin:2.16:test (default-test) @ formats-docs ---
[INFO] Tests are skipped.
[INFO] 
[INFO] >>> exec-maven-plugin:1.2.1:java (default) > validate @ formats-docs >>>
[INFO] 
[INFO] --- buildnumber-maven-plugin:1.2:create (default) @ formats-docs ---
[INFO] 
[INFO] <<< exec-maven-plugin:1.2.1:java (default) < validate @ formats-docs <<<
[INFO] 
[INFO] --- exec-maven-plugin:1.2.1:java (default) @ formats-docs ---
Executing ReadPhysicalSize
Physical calibration - Image: 0
	X = 1.0 nm = 0.001 Âµm
	Y = 0.1 Âµm = 0.1 Âµm
Success
Executing FileConvert
Success
Executing FileExport
Success
Executing FileExportSPW
Success
Executing SimpleTiledWriter
Success
Executing TiledReaderWriter
Success
Executing TiledReaderWriter
Success
Executing OverlappedTiledWriter
Success
Executing OverlappedTiledWriter
Success
Executing ReadWriteInMemory
Reading file into memory from disk...
0 bytes read.

Reading image data from memory...
Series count: 1
First series:
	Image count = 1
	SizeX = 512
	SizeY = 512
	SizeZ = 1
	SizeC = 1
	SizeT = 1

Writing planes to destination in memory: .

Flushing image data to disk...
Success
Executing OrthogonalReader
2022-05-20 20:16:59,610 [ExampleSuite.main()] INFO  loci.formats.ImageReader - FakeReader initializing /home/travis/build/passed/ome/bioformats/docs/sphinx/target/classes/test.fake
Success
[INFO] 
[INFO] --- maven-jar-plugin:2.4:jar (default-jar) @ formats-docs ---
[INFO] Building jar: /home/travis/build/passed/ome/bioformats/docs/sphinx/target/formats-docs-5.6.0-SNAPSHOT.jar
[INFO] 
[INFO] >>> maven-source-plugin:2.2.1:jar (default) > generate-sources @ formats-docs >>>
[INFO] 
[INFO] --- buildnumber-maven-plugin:1.2:create (default) @ formats-docs ---
[INFO] 
[INFO] <<< maven-source-plugin:2.2.1:jar (default) < generate-sources @ formats-docs <<<
[INFO] 
[INFO] --- maven-source-plugin:2.2.1:jar (default) @ formats-docs ---
[INFO] 
[INFO] --- maven-jar-plugin:2.4:test-jar (default) @ formats-docs ---
[INFO] Skipping packaging of the test-jar
[INFO] 
[INFO] --- maven-install-plugin:2.5.1:install (default-install) @ formats-docs ---
[INFO] Skipping artifact installation
[INFO] ------------------------------------------------------------------------
[INFO] Reactor Summary:
[INFO] 
[INFO] Bio-Formats projects ............................... SUCCESS [  1.008 s]
[INFO] JAI Image I/O Tools ................................ SUCCESS [ 12.849 s]
[INFO] libjpeg-turbo Java bindings ........................ SUCCESS [  2.146 s]
[INFO] Bio-Formats API .................................... SUCCESS [  1.931 s]
[INFO] BSD Bio-Formats readers and writers ................ SUCCESS [  4.153 s]
[INFO] Bio-Formats library ................................ SUCCESS [  3.120 s]
[INFO] Bio-Formats code generator ......................... SUCCESS [  0.879 s]
[INFO] Bio-Formats Plugins for ImageJ ..................... SUCCESS [  2.605 s]
[INFO] Bio-Formats command line tools ..................... SUCCESS [  0.789 s]
[INFO] bioformats_package bundle .......................... SUCCESS [ 12.569 s]
[INFO] LOCI Tools bundle .................................. SUCCESS [  7.985 s]
[INFO] Bio-Formats testing framework ...................... SUCCESS [  1.330 s]
[INFO] Bio-Formats Sphinx documentation ................... SUCCESS [01:10 min]
[INFO] ------------------------------------------------------------------------
[INFO] BUILD SUCCESS
[INFO] ------------------------------------------------------------------------
[INFO] Total time: 02:03 min
[INFO] Finished at: 2022-05-20T20:18:00+00:00
[INFO] Final Memory: 19M/497M
[INFO] ------------------------------------------------------------------------
travis_time:end:07d6a600:start=1653077755918206436,finish=1653077881392731891,duration=125474525455,event=install[0Ktravis_fold:end:install[0Ktravis_time:start:12f84db3[0K$ ./tools/test-build $BUILD
+maven
+mvn
[INFO] Scanning for projects...
[INFO] ------------------------------------------------------------------------
[INFO] Reactor Build Order:
[INFO] 
[INFO] Bio-Formats projects
[INFO] JAI Image I/O Tools
[INFO] libjpeg-turbo Java bindings
[INFO] Bio-Formats API
[INFO] BSD Bio-Formats readers and writers
[INFO] Bio-Formats library
[INFO] Bio-Formats code generator
[INFO] Bio-Formats Plugins for ImageJ
[INFO] Bio-Formats command line tools
[INFO] bioformats_package bundle
[INFO] LOCI Tools bundle
[INFO] Bio-Formats testing framework
[INFO] Bio-Formats Sphinx documentation
[INFO]                                                                         
[INFO] ------------------------------------------------------------------------
[INFO] Building Bio-Formats projects 5.6.0-SNAPSHOT
[INFO] ------------------------------------------------------------------------
[INFO] 
[INFO] --- buildnumber-maven-plugin:1.2:create (default) @ pom-bio-formats ---
[INFO] Checking for local modifications: skipped.
[INFO] Updating project files from SCM: skipped.
[INFO] Executing: /bin/sh -c cd /home/travis/build/passed/ome/bioformats && git rev-parse --verify HEAD
[INFO] Working directory: /home/travis/build/passed/ome/bioformats
[INFO] Storing buildNumber: a759a3a870d7270c4d3a033624391108b94cf792 at timestamp: 1653077884163
[INFO] Executing: /bin/sh -c cd /home/travis/build/passed/ome/bioformats && git rev-parse --verify HEAD
[INFO] Working directory: /home/travis/build/passed/ome/bioformats
[INFO] Storing buildScmBranch: UNKNOWN
[INFO] 
[INFO] >>> maven-source-plugin:2.2.1:jar (default) > generate-sources @ pom-bio-formats >>>
[INFO] 
[INFO] --- buildnumber-maven-plugin:1.2:create (default) @ pom-bio-formats ---
[INFO] 
[INFO] <<< maven-source-plugin:2.2.1:jar (default) < generate-sources @ pom-bio-formats <<<
[INFO] 
[INFO] --- maven-source-plugin:2.2.1:jar (default) @ pom-bio-formats ---
[INFO] 
[INFO] --- maven-install-plugin:2.5.1:install (default-install) @ pom-bio-formats ---
[INFO] Installing /home/travis/build/passed/ome/bioformats/pom.xml to /home/travis/.m2/repository/ome/pom-bio-formats/5.6.0-SNAPSHOT/pom-bio-formats-5.6.0-SNAPSHOT.pom
[INFO]                                                                         
[INFO] ------------------------------------------------------------------------
[INFO] Building JAI Image I/O Tools 5.6.0-SNAPSHOT
[INFO] ------------------------------------------------------------------------
[INFO] 
[INFO] --- buildnumber-maven-plugin:1.2:create (default) @ jai_imageio ---
[INFO] 
[INFO] --- maven-resources-plugin:2.6:resources (default-resources) @ jai_imageio ---
[INFO] Using 'UTF-8' encoding to copy filtered resources.
[INFO] Copying 14 resources
[INFO] skip non existing resourceDirectory /home/travis/build/passed/ome/bioformats/components/forks/jai/lib
[INFO] Copying 0 resource
[INFO] Copying 0 resource
[INFO] 
[INFO] --- maven-compiler-plugin:3.1:compile (default-compile) @ jai_imageio ---
[INFO] Nothing to compile - all classes are up to date
[INFO] 
[INFO] --- maven-resources-plugin:2.6:testResources (default-testResources) @ jai_imageio ---
[INFO] Using 'UTF-8' encoding to copy filtered resources.
[INFO] skip non existing resourceDirectory /home/travis/build/passed/ome/bioformats/components/forks/jai/test
[INFO] 
[INFO] --- maven-compiler-plugin:3.1:testCompile (default-testCompile) @ jai_imageio ---
[INFO] No sources to compile
[INFO] 
[INFO] --- maven-surefire-plugin:2.16:test (default-test) @ jai_imageio ---
[INFO] No tests to run.
[INFO] 
[INFO] --- maven-jar-plugin:2.4:jar (default-jar) @ jai_imageio ---
[INFO] 
[INFO] >>> maven-source-plugin:2.2.1:jar (default) > generate-sources @ jai_imageio >>>
[INFO] 
[INFO] --- buildnumber-maven-plugin:1.2:create (default) @ jai_imageio ---
[INFO] 
[INFO] <<< maven-source-plugin:2.2.1:jar (default) < generate-sources @ jai_imageio <<<
[INFO] 
[INFO] --- maven-source-plugin:2.2.1:jar (default) @ jai_imageio ---
[INFO] Building jar: /home/travis/build/passed/ome/bioformats/components/forks/jai/target/jai_imageio-5.6.0-SNAPSHOT-sources.jar
[INFO] 
[INFO] --- maven-jar-plugin:2.4:test-jar (default) @ jai_imageio ---
[INFO] Skipping packaging of the test-jar
[INFO] 
[INFO] --- maven-install-plugin:2.5.1:install (default-install) @ jai_imageio ---
[INFO] Installing /home/travis/build/passed/ome/bioformats/components/forks/jai/target/jai_imageio-5.6.0-SNAPSHOT.jar to /home/travis/.m2/repository/ome/jai_imageio/5.6.0-SNAPSHOT/jai_imageio-5.6.0-SNAPSHOT.jar
[INFO] Installing /home/travis/build/passed/ome/bioformats/components/forks/jai/pom.xml to /home/travis/.m2/repository/ome/jai_imageio/5.6.0-SNAPSHOT/jai_imageio-5.6.0-SNAPSHOT.pom
[INFO] Installing /home/travis/build/passed/ome/bioformats/components/forks/jai/target/jai_imageio-5.6.0-SNAPSHOT-sources.jar to /home/travis/.m2/repository/ome/jai_imageio/5.6.0-SNAPSHOT/jai_imageio-5.6.0-SNAPSHOT-sources.jar
[INFO]                                                                         
[INFO] ------------------------------------------------------------------------
[INFO] Building libjpeg-turbo Java bindings 5.6.0-SNAPSHOT
[INFO] ------------------------------------------------------------------------
[INFO] 
[INFO] --- buildnumber-maven-plugin:1.2:create (default) @ turbojpeg ---
[INFO] 
[INFO] --- maven-resources-plugin:2.6:resources (default-resources) @ turbojpeg ---
[INFO] Using 'UTF-8' encoding to copy filtered resources.
[INFO] Copying 0 resource
[INFO] Copying 7 resources to META-INF/lib
[INFO] Copying 0 resource
[INFO] Copying 0 resource
[INFO] 
[INFO] --- maven-compiler-plugin:3.1:compile (default-compile) @ turbojpeg ---
[INFO] Nothing to compile - all classes are up to date
[INFO] 
[INFO] --- maven-resources-plugin:2.6:testResources (default-testResources) @ turbojpeg ---
[INFO] Using 'UTF-8' encoding to copy filtered resources.
[INFO] skip non existing resourceDirectory /home/travis/build/passed/ome/bioformats/components/forks/turbojpeg/test
[INFO] 
[INFO] --- maven-compiler-plugin:3.1:testCompile (default-testCompile) @ turbojpeg ---
[INFO] No sources to compile
[INFO] 
[INFO] --- maven-surefire-plugin:2.16:test (default-test) @ turbojpeg ---
[INFO] No tests to run.
[INFO] 
[INFO] --- maven-jar-plugin:2.4:jar (default-jar) @ turbojpeg ---
[INFO] 
[INFO] >>> maven-source-plugin:2.2.1:jar (default) > generate-sources @ turbojpeg >>>
[INFO] 
[INFO] --- buildnumber-maven-plugin:1.2:create (default) @ turbojpeg ---
[INFO] 
[INFO] <<< maven-source-plugin:2.2.1:jar (default) < generate-sources @ turbojpeg <<<
[INFO] 
[INFO] --- maven-source-plugin:2.2.1:jar (default) @ turbojpeg ---
[INFO] Building jar: /home/travis/build/passed/ome/bioformats/components/forks/turbojpeg/target/turbojpeg-5.6.0-SNAPSHOT-sources.jar
[INFO] 
[INFO] --- maven-jar-plugin:2.4:test-jar (default) @ turbojpeg ---
[INFO] Skipping packaging of the test-jar
[INFO] 
[INFO] --- maven-install-plugin:2.5.1:install (default-install) @ turbojpeg ---
[INFO] Installing /home/travis/build/passed/ome/bioformats/components/forks/turbojpeg/target/turbojpeg-5.6.0-SNAPSHOT.jar to /home/travis/.m2/repository/ome/turbojpeg/5.6.0-SNAPSHOT/turbojpeg-5.6.0-SNAPSHOT.jar
[INFO] Installing /home/travis/build/passed/ome/bioformats/components/forks/turbojpeg/pom.xml to /home/travis/.m2/repository/ome/turbojpeg/5.6.0-SNAPSHOT/turbojpeg-5.6.0-SNAPSHOT.pom
[INFO] Installing /home/travis/build/passed/ome/bioformats/components/forks/turbojpeg/target/turbojpeg-5.6.0-SNAPSHOT-sources.jar to /home/travis/.m2/repository/ome/turbojpeg/5.6.0-SNAPSHOT/turbojpeg-5.6.0-SNAPSHOT-sources.jar
[INFO]                                                                         
[INFO] ------------------------------------------------------------------------
[INFO] Building Bio-Formats API 5.6.0-SNAPSHOT
[INFO] ------------------------------------------------------------------------
[INFO] 
[INFO] --- buildnumber-maven-plugin:1.2:create (default) @ formats-api ---
[INFO] 
[INFO] --- maven-resources-plugin:2.6:resources (default-resources) @ formats-api ---
[INFO] Using 'UTF-8' encoding to copy filtered resources.
[INFO] Copying 2 resources
[INFO] Copying 0 resource
[INFO] Copying 0 resource
[INFO] 
[INFO] --- maven-compiler-plugin:3.1:compile (default-compile) @ formats-api ---
[INFO] Nothing to compile - all classes are up to date
[INFO] 
[INFO] --- maven-resources-plugin:2.6:testResources (default-testResources) @ formats-api ---
[INFO] Using 'UTF-8' encoding to copy filtered resources.
[INFO] Copying 2 resources
[INFO] 
[INFO] --- maven-compiler-plugin:3.1:testCompile (default-testCompile) @ formats-api ---
[INFO] Nothing to compile - all classes are up to date
[INFO] 
[INFO] --- maven-surefire-plugin:2.16:test (default-test) @ formats-api ---
[INFO] Surefire report directory: /home/travis/build/passed/ome/bioformats/components/formats-api/target/surefire-reports

-------------------------------------------------------
 T E S T S
-------------------------------------------------------
Running TestSuite
Configuring TestNG with: TestNG652Configurator
2022-05-20 20:18:08,467 [main] WARN  loci.formats.ClassList - Could not find invalid
2022-05-20 20:18:08,472 [main] WARN  loci.formats.ClassList - Could not find invalid
2022-05-20 20:18:08,642 [main] WARN  loci.formats.FormatTools - Invalid base unit: using default reference frame unit
2022-05-20 20:18:08,643 [main] WARN  loci.formats.FormatTools - Invalid base unit: using default reference frame unit
2022-05-20 20:18:08,643 [main] WARN  loci.formats.FormatTools - Invalid base unit: using default reference frame unit
2022-05-20 20:18:08,643 [main] WARN  loci.formats.FormatTools - Invalid base unit: using default reference frame unit
Tests run: 123, Failures: 0, Errors: 0, Skipped: 0, Time elapsed: 1.434 sec - in TestSuite

Results :

Tests run: 123, Failures: 0, Errors: 0, Skipped: 0

[INFO] 
[INFO] --- maven-jar-plugin:2.4:jar (default-jar) @ formats-api ---
[INFO] 
[INFO] >>> maven-source-plugin:2.2.1:jar (default) > generate-sources @ formats-api >>>
[INFO] 
[INFO] --- buildnumber-maven-plugin:1.2:create (default) @ formats-api ---
[INFO] 
[INFO] <<< maven-source-plugin:2.2.1:jar (default) < generate-sources @ formats-api <<<
[INFO] 
[INFO] --- maven-source-plugin:2.2.1:jar (default) @ formats-api ---
[INFO] Building jar: /home/travis/build/passed/ome/bioformats/components/formats-api/target/formats-api-5.6.0-SNAPSHOT-sources.jar
[INFO] 
[INFO] --- maven-jar-plugin:2.4:test-jar (default) @ formats-api ---
[INFO] 
[INFO] --- maven-install-plugin:2.5.1:install (default-install) @ formats-api ---
[INFO] Installing /home/travis/build/passed/ome/bioformats/components/formats-api/target/formats-api-5.6.0-SNAPSHOT.jar to /home/travis/.m2/repository/ome/formats-api/5.6.0-SNAPSHOT/formats-api-5.6.0-SNAPSHOT.jar
[INFO] Installing /home/travis/build/passed/ome/bioformats/components/formats-api/pom.xml to /home/travis/.m2/repository/ome/formats-api/5.6.0-SNAPSHOT/formats-api-5.6.0-SNAPSHOT.pom
[INFO] Installing /home/travis/build/passed/ome/bioformats/components/formats-api/target/formats-api-5.6.0-SNAPSHOT-sources.jar to /home/travis/.m2/repository/ome/formats-api/5.6.0-SNAPSHOT/formats-api-5.6.0-SNAPSHOT-sources.jar
[INFO] Installing /home/travis/build/passed/ome/bioformats/components/formats-api/target/formats-api-5.6.0-SNAPSHOT-tests.jar to /home/travis/.m2/repository/ome/formats-api/5.6.0-SNAPSHOT/formats-api-5.6.0-SNAPSHOT-tests.jar
[INFO]                                                                         
[INFO] ------------------------------------------------------------------------
[INFO] Building BSD Bio-Formats readers and writers 5.6.0-SNAPSHOT
[INFO] ------------------------------------------------------------------------
[INFO] 
[INFO] --- buildnumber-maven-plugin:1.2:create (default) @ formats-bsd ---
[INFO] 
[INFO] --- maven-resources-plugin:2.6:resources (default-resources) @ formats-bsd ---
[INFO] Using 'UTF-8' encoding to copy filtered resources.
[INFO] Copying 0 resource
[INFO] Copying 0 resource
[INFO] 
[INFO] --- maven-compiler-plugin:3.1:compile (default-compile) @ formats-bsd ---
[INFO] Nothing to compile - all classes are up to date
[INFO] 
[INFO] --- maven-resources-plugin:2.6:testResources (default-testResources) @ formats-bsd ---
[INFO] Using 'UTF-8' encoding to copy filtered resources.
[INFO] Copying 11 resources
[INFO] 
[INFO] --- maven-compiler-plugin:3.1:testCompile (default-testCompile) @ formats-bsd ---
[INFO] Nothing to compile - all classes are up to date
[INFO] 
[INFO] --- maven-surefire-plugin:2.16:test (default-test) @ formats-bsd ---
[INFO] Surefire report directory: /home/travis/build/passed/ome/bioformats/components/formats-bsd/target/surefire-reports

-------------------------------------------------------
 T E S T S
-------------------------------------------------------
Running TestSuite
2022-05-20 20:18:14,116 [main] ERROR loci.formats.ClassList - "loci.formats.out.WlzWriter" is not valid.
2022-05-20 20:18:14,122 [main] ERROR loci.formats.ClassList - "loci.formats.out.CellH5Writer" is not valid.
2022-05-20 20:18:14,575 [main] ERROR loci.formats.ClassList - "loci.formats.in.IPLabReader" is not valid.
2022-05-20 20:18:14,575 [main] ERROR loci.formats.ClassList - "loci.formats.in.IvisionReader" is not valid.
2022-05-20 20:18:14,576 [main] ERROR loci.formats.ClassList - "loci.formats.in.DeltavisionReader" is not valid.
2022-05-20 20:18:14,576 [main] ERROR loci.formats.ClassList - "loci.formats.in.MRCReader" is not valid.
2022-05-20 20:18:14,576 [main] ERROR loci.formats.ClassList - "loci.formats.in.GatanReader" is not valid.
2022-05-20 20:18:14,576 [main] ERROR loci.formats.ClassList - "loci.formats.in.GatanDM2Reader" is not valid.
2022-05-20 20:18:14,577 [main] ERROR loci.formats.ClassList - "loci.formats.in.ImarisReader" is not valid.
2022-05-20 20:18:14,577 [main] ERROR loci.formats.ClassList - "loci.formats.in.OpenlabRawReader" is not valid.
2022-05-20 20:18:14,579 [main] ERROR loci.formats.ClassList - "loci.formats.in.LIFReader" is not valid.
2022-05-20 20:18:14,584 [main] ERROR loci.formats.ClassList - "loci.formats.in.SDTReader" is not valid.
2022-05-20 20:18:14,584 [main] ERROR loci.formats.ClassList - "loci.formats.in.SPCReader" is not valid.
2022-05-20 20:18:14,585 [main] ERROR loci.formats.ClassList - "loci.formats.in.SlidebookReader" is not valid.
2022-05-20 20:18:14,586 [main] ERROR loci.formats.ClassList - "loci.formats.in.AliconaReader" is not valid.
2022-05-20 20:18:14,587 [main] ERROR loci.formats.ClassList - "loci.formats.in.KhorosReader" is not valid.
2022-05-20 20:18:14,587 [main] ERROR loci.formats.ClassList - "loci.formats.in.VisitechReader" is not valid.
2022-05-20 20:18:14,588 [main] ERROR loci.formats.ClassList - "loci.formats.in.LIMReader" is not valid.
2022-05-20 20:18:14,588 [main] ERROR loci.formats.ClassList - "loci.formats.in.PSDReader" is not valid.
2022-05-20 20:18:14,588 [main] ERROR loci.formats.ClassList - "loci.formats.in.InCellReader" is not valid.
2022-05-20 20:18:14,589 [main] ERROR loci.formats.ClassList - "loci.formats.in.L2DReader" is not valid.
2022-05-20 20:18:14,589 [main] ERROR loci.formats.ClassList - "loci.formats.in.FEIReader" is not valid.
2022-05-20 20:18:14,589 [main] ERROR loci.formats.ClassList - "loci.formats.in.NAFReader" is not valid.
2022-05-20 20:18:14,589 [main] ERROR loci.formats.ClassList - "loci.formats.in.MINCReader" is not valid.
2022-05-20 20:18:14,590 [main] ERROR loci.formats.ClassList - "loci.formats.in.MRWReader" is not valid.
2022-05-20 20:18:14,590 [main] ERROR loci.formats.ClassList - "loci.formats.in.TillVisionReader" is not valid.
2022-05-20 20:18:14,590 [main] ERROR loci.formats.ClassList - "loci.formats.in.ARFReader" is not valid.
2022-05-20 20:18:14,591 [main] ERROR loci.formats.ClassList - "loci.formats.in.CellomicsReader" is not valid.
2022-05-20 20:18:14,591 [main] ERROR loci.formats.ClassList - "loci.formats.in.LiFlimReader" is not valid.
2022-05-20 20:18:14,591 [main] ERROR loci.formats.ClassList - "loci.formats.in.TargaReader" is not valid.
2022-05-20 20:18:14,591 [main] ERROR loci.formats.ClassList - "loci.formats.in.OxfordInstrumentsReader" is not valid.
2022-05-20 20:18:14,592 [main] ERROR loci.formats.ClassList - "loci.formats.in.VGSAMReader" is not valid.
2022-05-20 20:18:14,592 [main] ERROR loci.formats.ClassList - "loci.formats.in.HISReader" is not valid.
2022-05-20 20:18:14,592 [main] ERROR loci.formats.ClassList - "loci.formats.in.WATOPReader" is not valid.
2022-05-20 20:18:14,592 [main] ERROR loci.formats.ClassList - "loci.formats.in.SeikoReader" is not valid.
2022-05-20 20:18:14,592 [main] ERROR loci.formats.ClassList - "loci.formats.in.TopometrixReader" is not valid.
2022-05-20 20:18:14,593 [main] ERROR loci.formats.ClassList - "loci.formats.in.UBMReader" is not valid.
2022-05-20 20:18:14,593 [main] ERROR loci.formats.ClassList - "loci.formats.in.QuesantReader" is not valid.
2022-05-20 20:18:14,593 [main] ERROR loci.formats.ClassList - "loci.formats.in.BioRadGelReader" is not valid.
2022-05-20 20:18:14,593 [main] ERROR loci.formats.ClassList - "loci.formats.in.RHKReader" is not valid.
2022-05-20 20:18:14,593 [main] ERROR loci.formats.ClassList - "loci.formats.in.MolecularImagingReader" is not valid.
2022-05-20 20:18:14,594 [main] ERROR loci.formats.ClassList - "loci.formats.in.CellWorxReader" is not valid.
2022-05-20 20:18:14,594 [main] ERROR loci.formats.ClassList - "loci.formats.in.Ecat7Reader" is not valid.
2022-05-20 20:18:14,594 [main] ERROR loci.formats.ClassList - "loci.formats.in.VarianFDFReader" is not valid.
2022-05-20 20:18:14,594 [main] ERROR loci.formats.ClassList - "loci.formats.in.AIMReader" is not valid.
2022-05-20 20:18:14,595 [main] ERROR loci.formats.ClassList - "loci.formats.in.InCell3000Reader" is not valid.
2022-05-20 20:18:14,595 [main] ERROR loci.formats.ClassList - "loci.formats.in.SpiderReader" is not valid.
2022-05-20 20:18:14,595 [main] ERROR loci.formats.ClassList - "loci.formats.in.VolocityReader" is not valid.
2022-05-20 20:18:14,595 [main] ERROR loci.formats.ClassList - "loci.formats.in.ImagicReader" is not valid.
2022-05-20 20:18:14,595 [main] ERROR loci.formats.ClassList - "loci.formats.in.HamamatsuVMSReader" is not valid.
2022-05-20 20:18:14,596 [main] ERROR loci.formats.ClassList - "loci.formats.in.CellSensReader" is not valid.
2022-05-20 20:18:14,596 [main] ERROR loci.formats.ClassList - "loci.formats.in.INRReader" is not valid.
2022-05-20 20:18:14,596 [main] ERROR loci.formats.ClassList - "loci.formats.in.KodakReader" is not valid.
2022-05-20 20:18:14,596 [main] ERROR loci.formats.ClassList - "loci.formats.in.VolocityClippingReader" is not valid.
2022-05-20 20:18:14,597 [main] ERROR loci.formats.ClassList - "loci.formats.in.ZeissCZIReader" is not valid.
2022-05-20 20:18:14,597 [main] ERROR loci.formats.ClassList - "loci.formats.in.SIFReader" is not valid.
2022-05-20 20:18:14,597 [main] ERROR loci.formats.ClassList - "loci.formats.in.NDPISReader" is not valid.
2022-05-20 20:18:14,597 [main] ERROR loci.formats.ClassList - "loci.formats.in.PovrayReader" is not valid.
2022-05-20 20:18:14,597 [main] ERROR loci.formats.ClassList - "loci.formats.in.IMODReader" is not valid.
2022-05-20 20:18:14,660 [main] ERROR loci.formats.ClassList - "loci.formats.in.AFIReader" is not valid.
2022-05-20 20:18:14,660 [main] ERROR loci.formats.ClassList - "loci.formats.in.ImspectorReader" is not valid.
2022-05-20 20:18:14,660 [main] ERROR loci.formats.ClassList - "loci.formats.in.BioRadSCNReader" is not valid.
2022-05-20 20:18:14,660 [main] ERROR loci.formats.ClassList - "loci.formats.in.ZeissLMSReader" is not valid.
2022-05-20 20:18:14,661 [main] ERROR loci.formats.ClassList - "loci.formats.in.PQBinReader" is not valid.
2022-05-20 20:18:14,664 [main] ERROR loci.formats.ClassList - "loci.formats.in.I2IReader" is not valid.
2022-05-20 20:18:14,665 [main] ERROR loci.formats.ClassList - "loci.formats.in.SPEReader" is not valid.
2022-05-20 20:18:14,665 [main] ERROR loci.formats.ClassList - "loci.formats.in.OIRReader" is not valid.
2022-05-20 20:18:14,665 [main] ERROR loci.formats.ClassList - "loci.formats.in.JEOLReader" is not valid.
2022-05-20 20:18:14,665 [main] ERROR loci.formats.ClassList - "loci.formats.in.NiftiReader" is not valid.
2022-05-20 20:18:14,666 [main] ERROR loci.formats.ClassList - "loci.formats.in.AnalyzeReader" is not valid.
2022-05-20 20:18:14,666 [main] ERROR loci.formats.ClassList - "loci.formats.in.APLReader" is not valid.
2022-05-20 20:18:14,670 [main] ERROR loci.formats.ClassList - "loci.formats.in.PerkinElmerReader" is not valid.
2022-05-20 20:18:14,670 [main] ERROR loci.formats.ClassList - "loci.formats.in.AmiraReader" is not valid.
2022-05-20 20:18:14,671 [main] ERROR loci.formats.ClassList - "loci.formats.in.ScanrReader" is not valid.
2022-05-20 20:18:14,671 [main] ERROR loci.formats.ClassList - "loci.formats.in.BDReader" is not valid.
2022-05-20 20:18:14,671 [main] ERROR loci.formats.ClassList - "loci.formats.in.UnisokuReader" is not valid.
2022-05-20 20:18:14,671 [main] ERROR loci.formats.ClassList - "loci.formats.in.PDSReader" is not valid.
2022-05-20 20:18:14,671 [main] ERROR loci.formats.ClassList - "loci.formats.in.FujiReader" is not valid.
2022-05-20 20:18:14,672 [main] ERROR loci.formats.ClassList - "loci.formats.in.OperettaReader" is not valid.
2022-05-20 20:18:14,672 [main] ERROR loci.formats.ClassList - "loci.formats.in.InveonReader" is not valid.
2022-05-20 20:18:14,672 [main] ERROR loci.formats.ClassList - "loci.formats.in.CellVoyagerReader" is not valid.
2022-05-20 20:18:14,672 [main] ERROR loci.formats.ClassList - "loci.formats.in.ColumbusReader" is not valid.
2022-05-20 20:18:14,673 [main] ERROR loci.formats.ClassList - "loci.formats.in.BioRadReader" is not valid.
2022-05-20 20:18:14,673 [main] ERROR loci.formats.ClassList - "loci.formats.in.FV1000Reader" is not valid.
2022-05-20 20:18:14,673 [main] ERROR loci.formats.ClassList - "loci.formats.in.ZeissZVIReader" is not valid.
2022-05-20 20:18:14,673 [main] ERROR loci.formats.ClassList - "loci.formats.in.IPWReader" is not valid.
2022-05-20 20:18:14,674 [main] ERROR loci.formats.ClassList - "loci.formats.in.JPXReader" is not valid.
2022-05-20 20:18:14,674 [main] ERROR loci.formats.ClassList - "loci.formats.in.ND2Reader" is not valid.
2022-05-20 20:18:14,675 [main] ERROR loci.formats.ClassList - "loci.formats.in.PCIReader" is not valid.
2022-05-20 20:18:14,675 [main] ERROR loci.formats.ClassList - "loci.formats.in.ImarisHDFReader" is not valid.
2022-05-20 20:18:14,675 [main] ERROR loci.formats.ClassList - "loci.formats.in.CellH5Reader" is not valid.
2022-05-20 20:18:14,675 [main] ERROR loci.formats.ClassList - "loci.formats.in.WlzReader" is not valid.
2022-05-20 20:18:14,675 [main] ERROR loci.formats.ClassList - "loci.formats.in.VeecoReader" is not valid.
2022-05-20 20:18:14,676 [main] ERROR loci.formats.ClassList - "loci.formats.in.ZeissLSMReader" is not valid.
2022-05-20 20:18:14,676 [main] ERROR loci.formats.ClassList - "loci.formats.in.SEQReader" is not valid.
2022-05-20 20:18:14,676 [main] ERROR loci.formats.ClassList - "loci.formats.in.GelReader" is not valid.
2022-05-20 20:18:14,676 [main] ERROR loci.formats.ClassList - "loci.formats.in.ImarisTiffReader" is not valid.
2022-05-20 20:18:14,677 [main] ERROR loci.formats.ClassList - "loci.formats.in.FlexReader" is not valid.
2022-05-20 20:18:14,677 [main] ERROR loci.formats.ClassList - "loci.formats.in.SVSReader" is not valid.
2022-05-20 20:18:14,677 [main] ERROR loci.formats.ClassList - "loci.formats.in.ImaconReader" is not valid.
2022-05-20 20:18:14,677 [main] ERROR loci.formats.ClassList - "loci.formats.in.LEOReader" is not valid.
2022-05-20 20:18:14,677 [main] ERROR loci.formats.ClassList - "loci.formats.in.JPKReader" is not valid.
2022-05-20 20:18:14,678 [main] ERROR loci.formats.ClassList - "loci.formats.in.NDPIReader" is not valid.
2022-05-20 20:18:14,678 [main] ERROR loci.formats.ClassList - "loci.formats.in.PCORAWReader" is not valid.
2022-05-20 20:18:14,680 [main] ERROR loci.formats.ClassList - "loci.formats.in.PyramidTiffReader" is not valid.
2022-05-20 20:18:14,681 [main] ERROR loci.formats.ClassList - "loci.formats.in.MIASReader" is not valid.
2022-05-20 20:18:14,681 [main] ERROR loci.formats.ClassList - "loci.formats.in.TCSReader" is not valid.
2022-05-20 20:18:14,681 [main] ERROR loci.formats.ClassList - "loci.formats.in.LeicaReader" is not valid.
2022-05-20 20:18:14,681 [main] ERROR loci.formats.ClassList - "loci.formats.in.NikonReader" is not valid.
2022-05-20 20:18:14,681 [main] ERROR loci.formats.ClassList - "loci.formats.in.FluoviewReader" is not valid.
2022-05-20 20:18:14,682 [main] ERROR loci.formats.ClassList - "loci.formats.in.PrairieReader" is not valid.
2022-05-20 20:18:14,682 [main] ERROR loci.formats.ClassList - "loci.formats.in.MetamorphReader" is not valid.
2022-05-20 20:18:14,684 [main] ERROR loci.formats.ClassList - "loci.formats.in.ImprovisionTiffReader" is not valid.
2022-05-20 20:18:14,684 [main] ERROR loci.formats.ClassList - "loci.formats.in.MetamorphTiffReader" is not valid.
2022-05-20 20:18:14,685 [main] ERROR loci.formats.ClassList - "loci.formats.in.NikonTiffReader" is not valid.
2022-05-20 20:18:14,685 [main] ERROR loci.formats.ClassList - "loci.formats.in.PhotoshopTiffReader" is not valid.
2022-05-20 20:18:14,685 [main] ERROR loci.formats.ClassList - "loci.formats.in.FEITiffReader" is not valid.
2022-05-20 20:18:14,685 [main] ERROR loci.formats.ClassList - "loci.formats.in.SimplePCITiffReader" is not valid.
2022-05-20 20:18:14,685 [main] ERROR loci.formats.ClassList - "loci.formats.in.NikonElementsTiffReader" is not valid.
2022-05-20 20:18:14,686 [main] ERROR loci.formats.ClassList - "loci.formats.in.TrestleReader" is not valid.
2022-05-20 20:18:14,686 [main] ERROR loci.formats.ClassList - "loci.formats.in.SISReader" is not valid.
2022-05-20 20:18:14,686 [main] ERROR loci.formats.ClassList - "loci.formats.in.DNGReader" is not valid.
2022-05-20 20:18:14,686 [main] ERROR loci.formats.ClassList - "loci.formats.in.ZeissTIFFReader" is not valid.
2022-05-20 20:18:14,686 [main] ERROR loci.formats.ClassList - "loci.formats.in.LeicaSCNReader" is not valid.
2022-05-20 20:18:14,687 [main] ERROR loci.formats.ClassList - "loci.formats.in.SlidebookTiffReader" is not valid.
2022-05-20 20:18:14,688 [main] ERROR loci.formats.ClassList - "loci.formats.in.BurleighReader" is not valid.
2022-05-20 20:18:14,688 [main] ERROR loci.formats.ClassList - "loci.formats.in.OpenlabReader" is not valid.
2022-05-20 20:18:14,703 [main] ERROR loci.formats.ClassList - "loci.formats.in.SMCameraReader" is not valid.
2022-05-20 20:18:14,703 [main] ERROR loci.formats.ClassList - "loci.formats.in.SBIGReader" is not valid.
2022-05-20 20:18:14,703 [main] ERROR loci.formats.ClassList - "loci.formats.in.HRDGDFReader" is not valid.
2022-05-20 20:18:14,704 [main] ERROR loci.formats.ClassList - "loci.formats.in.HitachiReader" is not valid.
2022-05-20 20:18:14,704 [main] ERROR loci.formats.ClassList - "loci.formats.in.BrukerReader" is not valid.
2022-05-20 20:18:14,704 [main] ERROR loci.formats.ClassList - "loci.formats.in.CanonRawReader" is not valid.
2022-05-20 20:18:14,746 [main] WARN  loci.formats.FormatHandler - Image ID 'Image:1': missing plane #1.  Using TiffReader to determine the number of planes.
2022-05-20 20:28:10,247 [main] WARN  loci.formats.Memoizer - skipping memo: directory not writeable - /tmp/loci.formats.utests.MemoizerTest.2555186992957526707
2022-05-20 20:28:10,347 [main] WARN  loci.formats.Memoizer - skipping memo: directory not writeable - /tmp/loci.formats.utests.MemoizerTest.7156712474742800386
2022-05-20 20:28:10,404 [main] WARN  loci.formats.Memoizer - skipping memo: directory not writeable - /tmp/loci.formats.utests.MemoizerTest.7523485609169927848
2022-05-20 20:28:10,404 [main] WARN  loci.formats.Memoizer - skipping memo: directory not writeable - /tmp/loci.formats.utests.MemoizerTest.7924227799629123761
2022-05-20 20:28:10,405 [main] WARN  loci.formats.Memoizer - skipping memo: directory not writeable - /tmp/loci.formats.utests.MemoizerTest.3872185797883524170
2022-05-20 20:28:18,940 [main] WARN  ome.xml.model.enums.handlers.ExperimentTypeEnumHandler - Unknown ExperimentType value 'null' will be stored as "Other"
2022-05-20 20:28:18,964 [main] WARN  ome.xml.model.enums.handlers.ExperimentTypeEnumHandler - Unknown ExperimentType value 'null' will be stored as "Other"
2022-05-20 20:28:19,017 [main] WARN  ome.xml.model.enums.handlers.ExperimentTypeEnumHandler - Unknown ExperimentType value 'null' will be stored as "Other"
2022-05-20 20:28:19,062 [main] WARN  ome.xml.model.enums.handlers.ExperimentTypeEnumHandler - Unknown ExperimentType value 'null' will be stored as "Other"
2022-05-20 20:28:19,087 [main] WARN  ome.xml.model.enums.handlers.ExperimentTypeEnumHandler - Unknown ExperimentType value 'null' will be stored as "Other"
2022-05-20 20:28:19,112 [main] WARN  ome.xml.model.enums.handlers.ExperimentTypeEnumHandler - Unknown ExperimentType value 'null' will be stored as "Other"
2022-05-20 20:28:19,199 [main] WARN  ome.xml.model.enums.handlers.ExperimentTypeEnumHandler - Unknown ExperimentType value 'null' will be stored as "Other"
2022-05-20 20:28:19,303 [main] WARN  ome.xml.model.enums.handlers.ExperimentTypeEnumHandler - Unknown ExperimentType value 'null' will be stored as "Other"
2022-05-20 20:28:19,324 [main] WARN  ome.xml.model.enums.handlers.ExperimentTypeEnumHandler - Unknown ExperimentType value 'null' will be stored as "Other"
2022-05-20 20:28:19,370 [main] WARN  ome.xml.model.enums.handlers.ExperimentTypeEnumHandler - Unknown ExperimentType value 'null' will be stored as "Other"
2022-05-20 20:28:19,460 [main] WARN  ome.xml.model.enums.handlers.ExperimentTypeEnumHandler - Unknown ExperimentType value 'null' will be stored as "Other"
2022-05-20 20:28:19,686 [main] WARN  ome.xml.model.enums.handlers.ExperimentTypeEnumHandler - Unknown ExperimentType value 'null' will be stored as "Other"
2022-05-20 20:28:19,779 [main] WARN  ome.xml.model.enums.handlers.ExperimentTypeEnumHandler - Unknown ExperimentType value 'null' will be stored as "Other"
2022-05-20 20:28:19,798 [main] WARN  ome.xml.model.enums.handlers.ExperimentTypeEnumHandler - Unknown ExperimentType value 'null' will be stored as "Other"
2022-05-20 20:28:19,856 [main] WARN  ome.xml.model.enums.handlers.ExperimentTypeEnumHandler - Unknown ExperimentType value 'null' will be stored as "Other"
2022-05-20 20:28:19,918 [main] WARN  ome.xml.model.enums.handlers.ExperimentTypeEnumHandler - Unknown ExperimentType value 'null' will be stored as "Other"
2022-05-20 20:28:20,057 [main] WARN  ome.xml.model.enums.handlers.ExperimentTypeEnumHandler - Unknown ExperimentType value 'null' will be stored as "Other"
2022-05-20 20:28:20,095 [main] WARN  ome.xml.model.enums.handlers.ExperimentTypeEnumHandler - Unknown ExperimentType value 'null' will be stored as "Other"
2022-05-20 20:28:20,207 [main] WARN  ome.xml.model.enums.handlers.ExperimentTypeEnumHandler - Unknown ExperimentType value 'null' will be stored as "Other"
2022-05-20 20:28:20,319 [main] WARN  ome.xml.model.enums.handlers.ExperimentTypeEnumHandler - Unknown ExperimentType value 'null' will be stored as "Other"
2022-05-20 20:28:20,445 [main] WARN  ome.xml.model.enums.handlers.ExperimentTypeEnumHandler - Unknown ExperimentType value 'null' will be stored as "Other"
2022-05-20 20:28:20,506 [main] WARN  ome.xml.model.enums.handlers.ExperimentTypeEnumHandler - Unknown ExperimentType value 'null' will be stored as "Other"
2022-05-20 20:28:20,607 [main] WARN  ome.xml.model.enums.handlers.ExperimentTypeEnumHandler - Unknown ExperimentType value 'null' will be stored as "Other"
2022-05-20 20:28:20,747 [main] WARN  ome.xml.model.enums.handlers.ExperimentTypeEnumHandler - Unknown ExperimentType value 'null' will be stored as "Other"
2022-05-20 20:28:20,800 [main] WARN  ome.xml.model.enums.handlers.ExperimentTypeEnumHandler - Unknown ExperimentType value 'null' will be stored as "Other"
2022-05-20 20:28:20,876 [main] WARN  ome.xml.model.enums.handlers.ExperimentTypeEnumHandler - Unknown ExperimentType value 'null' will be stored as "Other"
2022-05-20 20:28:20,992 [main] WARN  ome.xml.model.enums.handlers.ExperimentTypeEnumHandler - Unknown ExperimentType value 'null' will be stored as "Other"
2022-05-20 20:28:21,090 [main] WARN  ome.xml.model.enums.handlers.ExperimentTypeEnumHandler - Unknown ExperimentType value 'null' will be stored as "Other"
Tests run: 1383, Failures: 0, Errors: 0, Skipped: 0, Time elapsed: 692.745 sec - in TestSuite

Results :

Tests run: 1383, Failures: 0, Errors: 0, Skipped: 0

[INFO] 
[INFO] --- maven-jar-plugin:2.4:jar (default-jar) @ formats-bsd ---
[INFO] 
[INFO] >>> maven-source-plugin:2.2.1:jar (default) > generate-sources @ formats-bsd >>>
[INFO] 
[INFO] --- buildnumber-maven-plugin:1.2:create (default) @ formats-bsd ---
[INFO] 
[INFO] <<< maven-source-plugin:2.2.1:jar (default) < generate-sources @ formats-bsd <<<
[INFO] 
[INFO] --- maven-source-plugin:2.2.1:jar (default) @ formats-bsd ---
[INFO] Building jar: /home/travis/build/passed/ome/bioformats/components/formats-bsd/target/formats-bsd-5.6.0-SNAPSHOT-sources.jar
[INFO] 
[INFO] --- maven-jar-plugin:2.4:test-jar (default) @ formats-bsd ---
[INFO] 
[INFO] --- maven-install-plugin:2.5.1:install (default-install) @ formats-bsd ---
[INFO] Installing /home/travis/build/passed/ome/bioformats/components/formats-bsd/target/formats-bsd-5.6.0-SNAPSHOT.jar to /home/travis/.m2/repository/ome/formats-bsd/5.6.0-SNAPSHOT/formats-bsd-5.6.0-SNAPSHOT.jar
[INFO] Installing /home/travis/build/passed/ome/bioformats/components/formats-bsd/pom.xml to /home/travis/.m2/repository/ome/formats-bsd/5.6.0-SNAPSHOT/formats-bsd-5.6.0-SNAPSHOT.pom
[INFO] Installing /home/travis/build/passed/ome/bioformats/components/formats-bsd/target/formats-bsd-5.6.0-SNAPSHOT-sources.jar to /home/travis/.m2/repository/ome/formats-bsd/5.6.0-SNAPSHOT/formats-bsd-5.6.0-SNAPSHOT-sources.jar
[INFO] Installing /home/travis/build/passed/ome/bioformats/components/formats-bsd/target/formats-bsd-5.6.0-SNAPSHOT-tests.jar to /home/travis/.m2/repository/ome/formats-bsd/5.6.0-SNAPSHOT/formats-bsd-5.6.0-SNAPSHOT-tests.jar
[INFO]                                                                         
[INFO] ------------------------------------------------------------------------
[INFO] Building Bio-Formats library 5.6.0-SNAPSHOT
[INFO] ------------------------------------------------------------------------
[INFO] 
[INFO] --- buildnumber-maven-plugin:1.2:create (default) @ formats-gpl ---
[INFO] 
[INFO] --- maven-resources-plugin:2.6:resources (default-resources) @ formats-gpl ---
[INFO] Using 'UTF-8' encoding to copy filtered resources.
[INFO] Copying 3 resources
[INFO] skip non existing resourceDirectory /home/travis/build/passed/ome/bioformats/components/formats-gpl/lib
[INFO] Copying 1 resource
[INFO] Copying 1 resource
[INFO] 
[INFO] --- maven-compiler-plugin:3.1:compile (default-compile) @ formats-gpl ---
[INFO] Nothing to compile - all classes are up to date
[INFO] 
[INFO] --- maven-resources-plugin:2.6:testResources (default-testResources) @ formats-gpl ---
[INFO] Using 'UTF-8' encoding to copy filtered resources.
[INFO] Copying 26 resources
[INFO] 
[INFO] --- maven-compiler-plugin:3.1:testCompile (default-testCompile) @ formats-gpl ---
[INFO] Nothing to compile - all classes are up to date
[INFO] 
[INFO] --- maven-surefire-plugin:2.16:test (default-test) @ formats-gpl ---
[INFO] Surefire report directory: /home/travis/build/passed/ome/bioformats/components/formats-gpl/target/surefire-reports

-------------------------------------------------------
 T E S T S
-------------------------------------------------------
Running TestSuite
2022-05-20 20:29:46,104 [main] WARN  ome.xml.model.OMEModelImpl - ome.xml.model.FilterSet@56153406 reference to urn:lsid:foo.bar.com:Dichroic:123456 missing from object hierarchy.
2022-05-20 20:29:46,108 [main] WARN  ome.xml.model.OMEModelImpl - ome.xml.model.Laser@67e8ce84 reference to urn:lsid:foo.bar.com:LightSource:123789 missing from object hierarchy.
2022-05-20 20:29:46,312 [main] WARN  ome.xml.model.OMEModelImpl - ome.xml.model.FilterSet@4bada6c3 reference to urn:lsid:foo.bar.com:Dichroic:123456 missing from object hierarchy.
2022-05-20 20:29:46,312 [main] WARN  ome.xml.model.OMEModelImpl - ome.xml.model.Laser@1aa2def reference to urn:lsid:foo.bar.com:LightSource:123789 missing from object hierarchy.
2022-05-20 20:29:46,470 [main] WARN  ome.xml.model.OMEModelImpl - ome.xml.model.FilterSet@4072e154 reference to urn:lsid:foo.bar.com:Dichroic:123456 missing from object hierarchy.
2022-05-20 20:29:46,470 [main] WARN  ome.xml.model.OMEModelImpl - ome.xml.model.Laser@1b1ce9a reference to urn:lsid:foo.bar.com:LightSource:123789 missing from object hierarchy.
2022-05-20 20:29:46,647 [main] WARN  ome.xml.model.OMEModelImpl - ome.xml.model.Laser@42a6f5df reference to urn:lsid:foo.bar.com:LightSource:123789 missing from object hierarchy.
2022-05-20 20:29:46,647 [main] WARN  ome.xml.model.OMEModelImpl - ome.xml.model.FilterSet@5f5825a8 reference to urn:lsid:foo.bar.com:Dichroic:123456 missing from object hierarchy.
2022-05-20 20:29:47,121 [main] WARN  ome.xml.model.OMEModelImpl - ome.xml.model.Laser@e79e97c reference to urn:lsid:foo.bar.com:LightSource:123789 missing from object hierarchy.
2022-05-20 20:29:47,121 [main] WARN  ome.xml.model.OMEModelImpl - ome.xml.model.FilterSet@65cfd350 reference to urn:lsid:foo.bar.com:Dichroic:123456 missing from object hierarchy.
2022-05-20 20:29:47,235 [main] WARN  ome.xml.model.OMEModelImpl - ome.xml.model.FilterSet@2a3ebfa9 reference to urn:lsid:foo.bar.com:Dichroic:123456 missing from object hierarchy.
2022-05-20 20:29:47,236 [main] WARN  ome.xml.model.OMEModelImpl - ome.xml.model.Laser@2b2f3cc5 reference to urn:lsid:foo.bar.com:LightSource:123789 missing from object hierarchy.
2022-05-20 20:29:47,336 [main] WARN  ome.xml.model.OMEModelImpl - ome.xml.model.Laser@3648044d reference to urn:lsid:foo.bar.com:LightSource:123789 missing from object hierarchy.
2022-05-20 20:29:47,336 [main] WARN  ome.xml.model.OMEModelImpl - ome.xml.model.FilterSet@32127712 reference to urn:lsid:foo.bar.com:Dichroic:123456 missing from object hierarchy.
Tests run: 107, Failures: 0, Errors: 0, Skipped: 0, Time elapsed: 4.293 sec - in TestSuite

Results :

Tests run: 107, Failures: 0, Errors: 0, Skipped: 0

[INFO] 
[INFO] --- maven-surefire-plugin:2.16:test (missing-mdb-test) @ formats-gpl ---
[INFO] Surefire report directory: /home/travis/build/passed/ome/bioformats/components/formats-gpl/target/surefire-reports

-------------------------------------------------------
 T E S T S
-------------------------------------------------------
Running TestSuite
Tests run: 1, Failures: 0, Errors: 0, Skipped: 0, Time elapsed: 0.795 sec - in TestSuite

Results :

Tests run: 1, Failures: 0, Errors: 0, Skipped: 0

[INFO] 
[INFO] --- maven-surefire-plugin:2.16:test (missing-poi-test) @ formats-gpl ---
[INFO] Surefire report directory: /home/travis/build/passed/ome/bioformats/components/formats-gpl/target/surefire-reports

-------------------------------------------------------
 T E S T S
-------------------------------------------------------
Running TestSuite
Tests run: 1, Failures: 0, Errors: 0, Skipped: 0, Time elapsed: 0.796 sec - in TestSuite

Results :

Tests run: 1, Failures: 0, Errors: 0, Skipped: 0

[INFO] 
[INFO] --- maven-surefire-plugin:2.16:test (missing-netcdf-test) @ formats-gpl ---
[INFO] Surefire report directory: /home/travis/build/passed/ome/bioformats/components/formats-gpl/target/surefire-reports

-------------------------------------------------------
 T E S T S
-------------------------------------------------------
Running TestSuite
Tests run: 1, Failures: 0, Errors: 0, Skipped: 0, Time elapsed: 0.701 sec - in TestSuite

Results :

Tests run: 1, Failures: 0, Errors: 0, Skipped: 0

[INFO] 
[INFO] --- maven-jar-plugin:2.4:jar (default-jar) @ formats-gpl ---
[INFO] 
[INFO] >>> maven-source-plugin:2.2.1:jar (default) > generate-sources @ formats-gpl >>>
[INFO] 
[INFO] --- buildnumber-maven-plugin:1.2:create (default) @ formats-gpl ---
[INFO] 
[INFO] <<< maven-source-plugin:2.2.1:jar (default) < generate-sources @ formats-gpl <<<
[INFO] 
[INFO] --- maven-source-plugin:2.2.1:jar (default) @ formats-gpl ---
[INFO] 
[INFO] --- maven-jar-plugin:2.4:test-jar (default) @ formats-gpl ---
[INFO] 
[INFO] --- maven-install-plugin:2.5.1:install (default-install) @ formats-gpl ---
[INFO] Installing /home/travis/build/passed/ome/bioformats/components/formats-gpl/target/formats-gpl-5.6.0-SNAPSHOT.jar to /home/travis/.m2/repository/ome/formats-gpl/5.6.0-SNAPSHOT/formats-gpl-5.6.0-SNAPSHOT.jar
[INFO] Installing /home/travis/build/passed/ome/bioformats/components/formats-gpl/pom.xml to /home/travis/.m2/repository/ome/formats-gpl/5.6.0-SNAPSHOT/formats-gpl-5.6.0-SNAPSHOT.pom
[INFO] Installing /home/travis/build/passed/ome/bioformats/components/formats-gpl/target/formats-gpl-5.6.0-SNAPSHOT-sources.jar to /home/travis/.m2/repository/ome/formats-gpl/5.6.0-SNAPSHOT/formats-gpl-5.6.0-SNAPSHOT-sources.jar
[INFO] Installing /home/travis/build/passed/ome/bioformats/components/formats-gpl/target/formats-gpl-5.6.0-SNAPSHOT-tests.jar to /home/travis/.m2/repository/ome/formats-gpl/5.6.0-SNAPSHOT/formats-gpl-5.6.0-SNAPSHOT-tests.jar
[INFO]                                                                         
[INFO] ------------------------------------------------------------------------
[INFO] Building Bio-Formats code generator 5.6.0-SNAPSHOT
[INFO] ------------------------------------------------------------------------
[INFO] 
[INFO] --- buildnumber-maven-plugin:1.2:create (default) @ bf-autogen ---
[INFO] 
[INFO] --- maven-resources-plugin:2.6:resources (default-resources) @ bf-autogen ---
[INFO] Using 'UTF-8' encoding to copy filtered resources.
[INFO] Copying 11 resources
[INFO] skip non existing resourceDirectory /home/travis/build/passed/ome/bioformats/components/autogen/lib
[INFO] Copying 0 resource
[INFO] Copying 0 resource
[INFO] 
[INFO] --- maven-compiler-plugin:3.1:compile (default-compile) @ bf-autogen ---
[INFO] Nothing to compile - all classes are up to date
[INFO] 
[INFO] --- maven-resources-plugin:2.6:testResources (default-testResources) @ bf-autogen ---
[INFO] Using 'UTF-8' encoding to copy filtered resources.
[INFO] skip non existing resourceDirectory /home/travis/build/passed/ome/bioformats/components/autogen/test
[INFO] 
[INFO] --- maven-compiler-plugin:3.1:testCompile (default-testCompile) @ bf-autogen ---
[INFO] No sources to compile
[INFO] 
[INFO] --- maven-surefire-plugin:2.16:test (default-test) @ bf-autogen ---
[INFO] No tests to run.
[INFO] 
[INFO] --- maven-jar-plugin:2.4:jar (default-jar) @ bf-autogen ---
[INFO] 
[INFO] >>> maven-source-plugin:2.2.1:jar (default) > generate-sources @ bf-autogen >>>
[INFO] 
[INFO] --- buildnumber-maven-plugin:1.2:create (default) @ bf-autogen ---
[INFO] 
[INFO] <<< maven-source-plugin:2.2.1:jar (default) < generate-sources @ bf-autogen <<<
[INFO] 
[INFO] --- maven-source-plugin:2.2.1:jar (default) @ bf-autogen ---
[INFO] Building jar: /home/travis/build/passed/ome/bioformats/components/autogen/target/bf-autogen-5.6.0-SNAPSHOT-sources.jar
[INFO] 
[INFO] --- maven-jar-plugin:2.4:test-jar (default) @ bf-autogen ---
[INFO] Skipping packaging of the test-jar
[INFO] 
[INFO] --- maven-install-plugin:2.5.1:install (default-install) @ bf-autogen ---
[INFO] Installing /home/travis/build/passed/ome/bioformats/components/autogen/target/bf-autogen-5.6.0-SNAPSHOT.jar to /home/travis/.m2/repository/ome/bf-autogen/5.6.0-SNAPSHOT/bf-autogen-5.6.0-SNAPSHOT.jar
[INFO] Installing /home/travis/build/passed/ome/bioformats/components/autogen/pom.xml to /home/travis/.m2/repository/ome/bf-autogen/5.6.0-SNAPSHOT/bf-autogen-5.6.0-SNAPSHOT.pom
[INFO] Installing /home/travis/build/passed/ome/bioformats/components/autogen/target/bf-autogen-5.6.0-SNAPSHOT-sources.jar to /home/travis/.m2/repository/ome/bf-autogen/5.6.0-SNAPSHOT/bf-autogen-5.6.0-SNAPSHOT-sources.jar
[INFO]                                                                         
[INFO] ------------------------------------------------------------------------
[INFO] Building Bio-Formats Plugins for ImageJ 5.6.0-SNAPSHOT
[INFO] ------------------------------------------------------------------------
[INFO] 
[INFO] --- buildnumber-maven-plugin:1.2:create (default) @ bio-formats_plugins ---
[INFO] 
[INFO] --- maven-resources-plugin:2.6:resources (default-resources) @ bio-formats_plugins ---
[INFO] Using 'UTF-8' encoding to copy filtered resources.
[INFO] Copying 3 resources
[INFO] skip non existing resourceDirectory /home/travis/build/passed/ome/bioformats/components/bio-formats-plugins/lib
[INFO] Copying 0 resource
[INFO] Copying 0 resource
[INFO] 
[INFO] --- maven-compiler-plugin:3.1:compile (default-compile) @ bio-formats_plugins ---
[INFO] Nothing to compile - all classes are up to date
[INFO] 
[INFO] --- maven-resources-plugin:2.6:testResources (default-testResources) @ bio-formats_plugins ---
[INFO] Using 'UTF-8' encoding to copy filtered resources.
[INFO] Copying 1 resource
[INFO] 
[INFO] --- maven-compiler-plugin:3.1:testCompile (default-testCompile) @ bio-formats_plugins ---
[INFO] Nothing to compile - all classes are up to date
[INFO] 
[INFO] --- maven-surefire-plugin:2.16:test (default-test) @ bio-formats_plugins ---
[INFO] Surefire report directory: /home/travis/build/passed/ome/bioformats/components/bio-formats-plugins/target/surefire-reports

-------------------------------------------------------
 T E S T S
-------------------------------------------------------
Running TestSuite
Warning: Data has too many channels for Colorized color mode
Warning: Data has too many channels for Colorized color mode
Warning: Data has too many channels for Colorized color mode
Warning: Data has too many channels for Colorized color mode
Warning: Data has too many channels for Colorized color mode
Warning: Data has too many channels for Colorized color mode
Warning: Data has too many channels for Colorized color mode
Warning: Data has too many channels for Colorized color mode
Warning: Data has too many channels for Composite color mode
Warning: Data has too many channels for Composite color mode
Warning: Data has too many channels for Composite color mode
Warning: Data has too many channels for Composite color mode
Warning: Data has too many channels for Composite color mode
Warning: Data has too many channels for Composite color mode
Warning: Data has too many channels for Composite color mode
Warning: Data has too many channels for Composite color mode
Warning: Data has too many channels for Composite color mode
Warning: Data has too many channels for Composite color mode
Warning: Data has too many channels for Composite color mode
Warning: Data has too many channels for Composite color mode
Warning: Data has too many channels for Composite color mode
Warning: Data has too many channels for Composite color mode
Warning: Data has too many channels for Composite color mode
Warning: Data has too many channels for Composite color mode
Warning: Data has too many channels for Composite color mode
Warning: Data has too many channels for Composite color mode
Warning: Data has too many channels for Composite color mode
Warning: Data has too many channels for Composite color mode
Warning: Data has too many channels for Composite color mode
Warning: Data has too many channels for Composite color mode
Warning: Data has too many channels for Composite color mode
Warning: Data has too many channels for Composite color mode
Warning: Data has too many channels for Composite color mode
Warning: Data has too many channels for Composite color mode
Warning: Data has too many channels for Composite color mode
Warning: Data has too many channels for Composite color mode
Warning: Data has too many channels for Composite color mode
Warning: Data has too many channels for Composite color mode
Warning: Data has too many channels for Composite color mode
Warning: Data has too many channels for Composite color mode
Warning: Data has too many channels for Composite color mode
Warning: Data has too many channels for Composite color mode
Warning: Data has too many channels for Composite color mode
Warning: Data has too many channels for Composite color mode
Warning: Data has too many channels for Composite color mode
Warning: Data has too many channels for Composite color mode
Warning: Data has too many channels for Composite color mode
Warning: Data has too many channels for Composite color mode
Warning: Data has too many channels for Composite color mode
Warning: Data has too many channels for Composite color mode
Warning: Data has too many channels for Composite color mode
Warning: Data has too many channels for Composite color mode
Warning: Data has too many channels for Composite color mode
Warning: Data has too many channels for Composite color mode
Warning: Data has too many channels for Composite color mode
Warning: Data has too many channels for Composite color mode
Warning: Data has too many channels for Composite color mode
Warning: Data has too many channels for Composite color mode
Warning: Data has too many channels for Composite color mode
Warning: Data has too many channels for Composite color mode
Warning: Data has too many channels for Composite color mode
Warning: Data has too many channels for Composite color mode
Warning: Data has too many channels for Composite color mode
Warning: Data has too many channels for Composite color mode
Warning: Data has too many channels for Composite color mode
Warning: Data has too many channels for Composite color mode
Warning: Data has too many channels for Composite color mode
Warning: Data has too many channels for Composite color mode
Warning: Data has too many channels for Composite color mode
Warning: Data has too many channels for Composite color mode
Warning: Data has too many channels for Composite color mode
Warning: Data has too many channels for Composite color mode
Warning: Data has too many channels for Composite color mode
Warning: Data has too many channels for Composite color mode
Warning: Data has too many channels for Composite color mode
Warning: Data has too many channels for Composite color mode
Warning: Data has too many channels for Custom color mode
Warning: Data has too many channels for Custom color mode
Warning: Data has too many channels for Custom color mode
Warning: Data has too many channels for Custom color mode
Warning: Data has too many channels for Custom color mode
Warning: Data has too many channels for Custom color mode
Warning: Data has too many channels for Custom color mode
Warning: Data has too many channels for Custom color mode
Warning: Data has too many channels for Default color mode
Warning: Data has too many channels for Default color mode
Warning: Data has too many channels for Default color mode
Warning: Data has too many channels for Default color mode
Warning: Data has too many channels for Default color mode
Warning: Data has too many channels for Default color mode
Warning: Data has too many channels for Default color mode
Warning: Data has too many channels for Default color mode
Warning: Data has too many channels for Default color mode
Warning: Data has too many channels for Default color mode
Warning: Data has too many channels for Default color mode
Warning: Data has too many channels for Default color mode
Warning: Data has too many channels for Default color mode
Warning: Data has too many channels for Default color mode
Warning: Data has too many channels for Default color mode
Warning: Data has too many channels for Default color mode
Warning: Data has too many channels for Grayscale color mode
Warning: Data has too many channels for Grayscale color mode
Warning: Data has too many channels for Grayscale color mode
Warning: Data has too many channels for Grayscale color mode
Warning: Data has too many channels for Grayscale color mode
Warning: Data has too many channels for Grayscale color mode
Warning: Data has too many channels for Grayscale color mode
Warning: Data has too many channels for Grayscale color mode
Warning: Data has too many channels for Colorized color mode
Warning: Data has too many channels for Colorized color mode
Warning: Data has too many channels for Colorized color mode
Warning: Data has too many channels for Default color mode
Tests run: 30, Failures: 0, Errors: 0, Skipped: 0, Time elapsed: 10.368 sec - in TestSuite

Results :

Tests run: 30, Failures: 0, Errors: 0, Skipped: 0

[INFO] 
[INFO] --- maven-jar-plugin:2.4:jar (default-jar) @ bio-formats_plugins ---
[INFO] 
[INFO] >>> maven-source-plugin:2.2.1:jar (default) > generate-sources @ bio-formats_plugins >>>
[INFO] 
[INFO] --- buildnumber-maven-plugin:1.2:create (default) @ bio-formats_plugins ---
[INFO] 
[INFO] <<< maven-source-plugin:2.2.1:jar (default) < generate-sources @ bio-formats_plugins <<<
[INFO] 
[INFO] --- maven-source-plugin:2.2.1:jar (default) @ bio-formats_plugins ---
[INFO] Building jar: /home/travis/build/passed/ome/bioformats/components/bio-formats-plugins/target/bio-formats_plugins-5.6.0-SNAPSHOT-sources.jar
[INFO] 
[INFO] --- maven-jar-plugin:2.4:test-jar (default) @ bio-formats_plugins ---
[INFO] 
[INFO] --- maven-install-plugin:2.5.1:install (default-install) @ bio-formats_plugins ---
[INFO] Installing /home/travis/build/passed/ome/bioformats/components/bio-formats-plugins/target/bio-formats_plugins-5.6.0-SNAPSHOT.jar to /home/travis/.m2/repository/ome/bio-formats_plugins/5.6.0-SNAPSHOT/bio-formats_plugins-5.6.0-SNAPSHOT.jar
[INFO] Installing /home/travis/build/passed/ome/bioformats/components/bio-formats-plugins/pom.xml to /home/travis/.m2/repository/ome/bio-formats_plugins/5.6.0-SNAPSHOT/bio-formats_plugins-5.6.0-SNAPSHOT.pom
[INFO] Installing /home/travis/build/passed/ome/bioformats/components/bio-formats-plugins/target/bio-formats_plugins-5.6.0-SNAPSHOT-sources.jar to /home/travis/.m2/repository/ome/bio-formats_plugins/5.6.0-SNAPSHOT/bio-formats_plugins-5.6.0-SNAPSHOT-sources.jar
[INFO] Installing /home/travis/build/passed/ome/bioformats/components/bio-formats-plugins/target/bio-formats_plugins-5.6.0-SNAPSHOT-tests.jar to /home/travis/.m2/repository/ome/bio-formats_plugins/5.6.0-SNAPSHOT/bio-formats_plugins-5.6.0-SNAPSHOT-tests.jar
[INFO]                                                                         
[INFO] ------------------------------------------------------------------------
[INFO] Building Bio-Formats command line tools 5.6.0-SNAPSHOT
[INFO] ------------------------------------------------------------------------
[INFO] 
[INFO] --- buildnumber-maven-plugin:1.2:create (default) @ bio-formats-tools ---
[INFO] 
[INFO] --- maven-resources-plugin:2.6:resources (default-resources) @ bio-formats-tools ---
[INFO] Using 'UTF-8' encoding to copy filtered resources.
[INFO] Copying 0 resource
[INFO] skip non existing resourceDirectory /home/travis/build/passed/ome/bioformats/components/bio-formats-tools/lib
[INFO] Copying 0 resource
[INFO] Copying 0 resource
[INFO] 
[INFO] --- maven-compiler-plugin:3.1:compile (default-compile) @ bio-formats-tools ---
[INFO] Nothing to compile - all classes are up to date
[INFO] 
[INFO] --- maven-resources-plugin:2.6:testResources (default-testResources) @ bio-formats-tools ---
[INFO] Using 'UTF-8' encoding to copy filtered resources.
[INFO] Copying 1 resource
[INFO] 
[INFO] --- maven-compiler-plugin:3.1:testCompile (default-testCompile) @ bio-formats-tools ---
[INFO] Nothing to compile - all classes are up to date
[INFO] 
[INFO] --- maven-surefire-plugin:2.16:test (default-test) @ bio-formats-tools ---
[INFO] Surefire report directory: /home/travis/build/passed/ome/bioformats/components/bio-formats-tools/target/surefire-reports

-------------------------------------------------------
 T E S T S
-------------------------------------------------------
Running loci.formats.tools.ImageConverterTest
Configuring TestNG with: TestNG652Configurator
Tests run: 14, Failures: 0, Errors: 0, Skipped: 0, Time elapsed: 41.873 sec - in loci.formats.tools.ImageConverterTest

Results :

Tests run: 14, Failures: 0, Errors: 0, Skipped: 0

[INFO] 
[INFO] --- maven-jar-plugin:2.4:jar (default-jar) @ bio-formats-tools ---
[INFO] 
[INFO] >>> maven-source-plugin:2.2.1:jar (default) > generate-sources @ bio-formats-tools >>>
[INFO] 
[INFO] --- buildnumber-maven-plugin:1.2:create (default) @ bio-formats-tools ---
[INFO] 
[INFO] <<< maven-source-plugin:2.2.1:jar (default) < generate-sources @ bio-formats-tools <<<
[INFO] 
[INFO] --- maven-source-plugin:2.2.1:jar (default) @ bio-formats-tools ---
[INFO] Building jar: /home/travis/build/passed/ome/bioformats/components/bio-formats-tools/target/bio-formats-tools-5.6.0-SNAPSHOT-sources.jar
[INFO] 
[INFO] --- maven-jar-plugin:2.4:test-jar (default) @ bio-formats-tools ---
[INFO] 
[INFO] --- maven-install-plugin:2.5.1:install (default-install) @ bio-formats-tools ---
[INFO] Installing /home/travis/build/passed/ome/bioformats/components/bio-formats-tools/target/bio-formats-tools-5.6.0-SNAPSHOT.jar to /home/travis/.m2/repository/ome/bio-formats-tools/5.6.0-SNAPSHOT/bio-formats-tools-5.6.0-SNAPSHOT.jar
[INFO] Installing /home/travis/build/passed/ome/bioformats/components/bio-formats-tools/pom.xml to /home/travis/.m2/repository/ome/bio-formats-tools/5.6.0-SNAPSHOT/bio-formats-tools-5.6.0-SNAPSHOT.pom
[INFO] Installing /home/travis/build/passed/ome/bioformats/components/bio-formats-tools/target/bio-formats-tools-5.6.0-SNAPSHOT-sources.jar to /home/travis/.m2/repository/ome/bio-formats-tools/5.6.0-SNAPSHOT/bio-formats-tools-5.6.0-SNAPSHOT-sources.jar
[INFO] Installing /home/travis/build/passed/ome/bioformats/components/bio-formats-tools/target/bio-formats-tools-5.6.0-SNAPSHOT-tests.jar to /home/travis/.m2/repository/ome/bio-formats-tools/5.6.0-SNAPSHOT/bio-formats-tools-5.6.0-SNAPSHOT-tests.jar
[INFO]                                                                         
[INFO] ------------------------------------------------------------------------
[INFO] Building bioformats_package bundle 5.6.0-SNAPSHOT
[INFO] ------------------------------------------------------------------------
[INFO] 
[INFO] --- buildnumber-maven-plugin:1.2:create (default) @ bioformats_package ---
[INFO] 
[INFO] >>> maven-source-plugin:2.2.1:jar (default) > generate-sources @ bioformats_package >>>
[INFO] 
[INFO] --- buildnumber-maven-plugin:1.2:create (default) @ bioformats_package ---
[INFO] 
[INFO] <<< maven-source-plugin:2.2.1:jar (default) < generate-sources @ bioformats_package <<<
[INFO] 
[INFO] --- maven-source-plugin:2.2.1:jar (default) @ bioformats_package ---
[INFO] 
[INFO] --- maven-assembly-plugin:2.4:single (make-assembly) @ bioformats_package ---
[INFO] Reading assembly descriptor: assembly.xml
[WARNING] The following patterns were never triggered in this artifact exclusion filter:
o  'gov.nih.imagej:imagej'
o  'net.imagej:ij'
o  'org.springframework:spring*'
o  'aopalliance:aopalliance'
o  'org.aspectj:aspectj*'
o  'org.slf4j:slf4j-log4j12'
o  'log4j:log4j'
o  'org.testng:testng'
o  'com.beust:jcommander'
o  'org.yaml:snakeyaml'
o  'org.beanshell:bsh'
o  'edu.princeton.cup:java-cup'
o  'org.apache.bcel:bcel'
o  'commons-codec:commons-codec'
o  'regexp:regexp'
o  'org.apache.ant:ant-trax'
o  'edu.ucar:udunits'
o  'javax.servlet:servlet-api'

[INFO] Building jar: /home/travis/build/passed/ome/bioformats/components/bundles/bioformats_package/target/bioformats_package-5.6.0-SNAPSHOT.jar
[INFO] 
[INFO] --- maven-install-plugin:2.5.1:install (default-install) @ bioformats_package ---
[INFO] Installing /home/travis/build/passed/ome/bioformats/components/bundles/bioformats_package/pom.xml to /home/travis/.m2/repository/ome/bioformats_package/5.6.0-SNAPSHOT/bioformats_package-5.6.0-SNAPSHOT.pom
[INFO] Installing /home/travis/build/passed/ome/bioformats/components/bundles/bioformats_package/target/bioformats_package-5.6.0-SNAPSHOT.jar to /home/travis/.m2/repository/ome/bioformats_package/5.6.0-SNAPSHOT/bioformats_package-5.6.0-SNAPSHOT.jar
[INFO]                                                                         
[INFO] ------------------------------------------------------------------------
[INFO] Building LOCI Tools bundle 5.6.0-SNAPSHOT
[INFO] ------------------------------------------------------------------------
[INFO] 
[INFO] --- buildnumber-maven-plugin:1.2:create (default) @ loci_tools ---
[INFO] 
[INFO] >>> maven-source-plugin:2.2.1:jar (default) > generate-sources @ loci_tools >>>
[INFO] 
[INFO] --- buildnumber-maven-plugin:1.2:create (default) @ loci_tools ---
[INFO] 
[INFO] <<< maven-source-plugin:2.2.1:jar (default) < generate-sources @ loci_tools <<<
[INFO] 
[INFO] --- maven-source-plugin:2.2.1:jar (default) @ loci_tools ---
[INFO] 
[INFO] --- maven-assembly-plugin:2.4:single (make-assembly) @ loci_tools ---
[INFO] Reading assembly descriptor: assembly.xml
[WARNING] The following patterns were never triggered in this artifact exclusion filter:
o  'gov.nih.imagej:imagej'
o  'net.imagej:ij'
o  'org.testng:testng'
o  'com.beust:jcommander'
o  'org.yaml:snakeyaml'
o  'org.beanshell:bsh'
o  'edu.princeton.cup:java-cup'
o  'org.apache.bcel:bcel'
o  'commons-codec:commons-codec'
o  'regexp:regexp'
o  'org.apache.ant:ant-trax'
o  'edu.ucar:udunits'
o  'javax.servlet:servlet-api'

[INFO] Building jar: /home/travis/build/passed/ome/bioformats/components/bundles/loci_tools/target/loci_tools-5.6.0-SNAPSHOT.jar
[INFO] 
[INFO] --- maven-install-plugin:2.5.1:install (default-install) @ loci_tools ---
[INFO] Installing /home/travis/build/passed/ome/bioformats/components/bundles/loci_tools/pom.xml to /home/travis/.m2/repository/ome/loci_tools/5.6.0-SNAPSHOT/loci_tools-5.6.0-SNAPSHOT.pom
[INFO] Installing /home/travis/build/passed/ome/bioformats/components/bundles/loci_tools/target/loci_tools-5.6.0-SNAPSHOT.jar to /home/travis/.m2/repository/ome/loci_tools/5.6.0-SNAPSHOT/loci_tools-5.6.0-SNAPSHOT.jar
[INFO]                                                                         
[INFO] ------------------------------------------------------------------------
[INFO] Building Bio-Formats testing framework 5.6.0-SNAPSHOT
[INFO] ------------------------------------------------------------------------
[INFO] 
[INFO] --- buildnumber-maven-plugin:1.2:create (default) @ test-suite ---
[INFO] 
[INFO] --- maven-resources-plugin:2.6:resources (default-resources) @ test-suite ---
[INFO] Using 'UTF-8' encoding to copy filtered resources.
[INFO] Copying 0 resource
[INFO] skip non existing resourceDirectory /home/travis/build/passed/ome/bioformats/components/test-suite/lib
[INFO] Copying 0 resource
[INFO] Copying 0 resource
[INFO] 
[INFO] --- maven-compiler-plugin:3.1:compile (default-compile) @ test-suite ---
[INFO] Nothing to compile - all classes are up to date
[INFO] 
[INFO] --- maven-resources-plugin:2.6:testResources (default-testResources) @ test-suite ---
[INFO] Using 'UTF-8' encoding to copy filtered resources.
[INFO] skip non existing resourceDirectory /home/travis/build/passed/ome/bioformats/components/test-suite/test
[INFO] 
[INFO] --- maven-compiler-plugin:3.1:testCompile (default-testCompile) @ test-suite ---
[INFO] No sources to compile
[INFO] 
[INFO] --- maven-surefire-plugin:2.16:test (default-test) @ test-suite ---
[INFO] No tests to run.
[INFO] 
[INFO] --- maven-jar-plugin:2.4:jar (default-jar) @ test-suite ---
[INFO] 
[INFO] >>> maven-source-plugin:2.2.1:jar (default) > generate-sources @ test-suite >>>
[INFO] 
[INFO] --- buildnumber-maven-plugin:1.2:create (default) @ test-suite ---
[INFO] 
[INFO] <<< maven-source-plugin:2.2.1:jar (default) < generate-sources @ test-suite <<<
[INFO] 
[INFO] --- maven-source-plugin:2.2.1:jar (default) @ test-suite ---
[INFO] Building jar: /home/travis/build/passed/ome/bioformats/components/test-suite/target/test-suite-5.6.0-SNAPSHOT-sources.jar
[INFO] 
[INFO] --- maven-jar-plugin:2.4:test-jar (default) @ test-suite ---
[INFO] Skipping packaging of the test-jar
[INFO] 
[INFO] --- maven-install-plugin:2.5.1:install (default-install) @ test-suite ---
[INFO] Installing /home/travis/build/passed/ome/bioformats/components/test-suite/target/test-suite-5.6.0-SNAPSHOT.jar to /home/travis/.m2/repository/ome/test-suite/5.6.0-SNAPSHOT/test-suite-5.6.0-SNAPSHOT.jar
[INFO] Installing /home/travis/build/passed/ome/bioformats/components/test-suite/pom.xml to /home/travis/.m2/repository/ome/test-suite/5.6.0-SNAPSHOT/test-suite-5.6.0-SNAPSHOT.pom
[INFO] Installing /home/travis/build/passed/ome/bioformats/components/test-suite/target/test-suite-5.6.0-SNAPSHOT-sources.jar to /home/travis/.m2/repository/ome/test-suite/5.6.0-SNAPSHOT/test-suite-5.6.0-SNAPSHOT-sources.jar
[INFO]                                                                         
[INFO] ------------------------------------------------------------------------
[INFO] Building Bio-Formats Sphinx documentation 5.6.0-SNAPSHOT
[INFO] ------------------------------------------------------------------------
[INFO] 
[INFO] --- buildnumber-maven-plugin:1.2:create (default) @ formats-docs ---
[INFO] 
[INFO] --- maven-resources-plugin:2.6:resources (default-resources) @ formats-docs ---
[INFO] Using 'UTF-8' encoding to copy filtered resources.
[INFO] Copying 4 resources
[INFO] 
[INFO] --- maven-compiler-plugin:3.1:compile (default-compile) @ formats-docs ---
[INFO] Nothing to compile - all classes are up to date
[INFO] 
[INFO] --- maven-resources-plugin:2.6:testResources (default-testResources) @ formats-docs ---
[INFO] Using 'UTF-8' encoding to copy filtered resources.
[INFO] skip non existing resourceDirectory /home/travis/build/passed/ome/bioformats/docs/sphinx/test
[INFO] 
[INFO] --- maven-compiler-plugin:3.1:testCompile (default-testCompile) @ formats-docs ---
[INFO] No sources to compile
[INFO] 
[INFO] --- maven-surefire-plugin:2.16:test (default-test) @ formats-docs ---
[INFO] No tests to run.
[INFO] 
[INFO] >>> exec-maven-plugin:1.2.1:java (default) > validate @ formats-docs >>>
[INFO] 
[INFO] --- buildnumber-maven-plugin:1.2:create (default) @ formats-docs ---
[INFO] 
[INFO] <<< exec-maven-plugin:1.2.1:java (default) < validate @ formats-docs <<<
[INFO] 
[INFO] --- exec-maven-plugin:1.2.1:java (default) @ formats-docs ---
Executing ReadPhysicalSize
Physical calibration - Image: 0
	X = 1.0 nm = 0.001 Âµm
	Y = 0.1 Âµm = 0.1 Âµm
Success
Executing FileConvert
Success
Executing FileExport
Success
Executing FileExportSPW
Success
Executing SimpleTiledWriter
Success
Executing TiledReaderWriter
Success
Executing TiledReaderWriter
Success
Executing OverlappedTiledWriter
Success
Executing OverlappedTiledWriter
Success
Executing ReadWriteInMemory
Reading file into memory from disk...
0 bytes read.

Reading image data from memory...
Series count: 1
First series:
	Image count = 1
	SizeX = 512
	SizeY = 512
	SizeZ = 1
	SizeC = 1
	SizeT = 1

Writing planes to destination in memory: .

Flushing image data to disk...
Success
Executing OrthogonalReader
2022-05-20 20:31:14,562 [ExampleSuite.main()] INFO  loci.formats.ImageReader - FakeReader initializing /home/travis/build/passed/ome/bioformats/docs/sphinx/target/classes/test.fake
Success
[INFO] 
[INFO] --- maven-jar-plugin:2.4:jar (default-jar) @ formats-docs ---
[INFO] Building jar: /home/travis/build/passed/ome/bioformats/docs/sphinx/target/formats-docs-5.6.0-SNAPSHOT.jar
[INFO] 
[INFO] >>> maven-source-plugin:2.2.1:jar (default) > generate-sources @ formats-docs >>>
[INFO] 
[INFO] --- buildnumber-maven-plugin:1.2:create (default) @ formats-docs ---
[INFO] 
[INFO] <<< maven-source-plugin:2.2.1:jar (default) < generate-sources @ formats-docs <<<
[INFO] 
[INFO] --- maven-source-plugin:2.2.1:jar (default) @ formats-docs ---
[INFO] 
[INFO] --- maven-jar-plugin:2.4:test-jar (default) @ formats-docs ---
[INFO] Skipping packaging of the test-jar
[INFO] 
[INFO] --- maven-install-plugin:2.5.1:install (default-install) @ formats-docs ---
[INFO] Skipping artifact installation
[INFO] ------------------------------------------------------------------------
[INFO] Reactor Summary:
[INFO] 
[INFO] Bio-Formats projects ............................... SUCCESS [  0.750 s]
[INFO] JAI Image I/O Tools ................................ SUCCESS [  2.015 s]
[INFO] libjpeg-turbo Java bindings ........................ SUCCESS [  0.579 s]
[INFO] Bio-Formats API .................................... SUCCESS [  2.450 s]
[INFO] BSD Bio-Formats readers and writers ................ SUCCESS [11:34 min]
[INFO] Bio-Formats library ................................ SUCCESS [  8.178 s]
[INFO] Bio-Formats code generator ......................... SUCCESS [  0.216 s]
[INFO] Bio-Formats Plugins for ImageJ ..................... SUCCESS [ 11.090 s]
[INFO] Bio-Formats command line tools ..................... SUCCESS [ 42.585 s]
[INFO] bioformats_package bundle .......................... SUCCESS [  8.635 s]
[INFO] LOCI Tools bundle .................................. SUCCESS [  6.349 s]
[INFO] Bio-Formats testing framework ...................... SUCCESS [  0.424 s]
[INFO] Bio-Formats Sphinx documentation ................... SUCCESS [01:32 min]
[INFO] ------------------------------------------------------------------------
[INFO] BUILD SUCCESS
[INFO] ------------------------------------------------------------------------
[INFO] Total time: 14:29 min
[INFO] Finished at: 2022-05-20T20:32:33+00:00
[INFO] Final Memory: 17M/418M
[INFO] ------------------------------------------------------------------------
+exit 0
travis_time:end:12f84db3:start=1653077881400805771,finish=1653078753494927170,duration=872094121399,event=script[0K[32;1mThe command "./tools/test-build $BUILD" exited with 0.[0m
travis_fold:start:cache.2[0Kstore build cache
travis_time:start:29288400[0Ktravis_time:end:29288400:start=1653078753502343841,finish=1653078753507470594,duration=5126753,event=cache[0Ktravis_time:start:008f4d62[0KYAML safe loading is not available. Please upgrade psych to a version that supports safe loading (>= 2.0).
[32;1mchanges detected, packing new archive[0m
[32;1muploading /[0m
[31;1mfailed to upload cache[0m
travis_time:end:008f4d62:start=1653078753513289884,finish=1653078760045275929,duration=6531986045,event=cache[0Ktravis_fold:end:cache.2[0K

Done. Your build exited with 0.
