travis_fold:start:system_info[0K[33;1mBuild system information[0m
Build language: java
Build group: stable
Build dist: precise
Build id: ''
Job id: ''
[34m[1mBuild image provisioning date and time[0m
Thu Feb  5 15:09:33 UTC 2015
[34m[1mOperating System Details[0m
Distributor ID:	Ubuntu
Description:	Ubuntu 12.04.5 LTS
Release:	12.04
Codename:	precise
[34m[1mLinux Version[0m
3.13.0-29-generic
[34m[1mCookbooks Version[0m
a68419e https://github.com/travis-ci/travis-cookbooks/tree/a68419e
[34m[1mGCC version[0m
gcc (Ubuntu/Linaro 4.6.3-1ubuntu5) 4.6.3
Copyright (C) 2011 Free Software Foundation, Inc.
This is free software; see the source for copying conditions.  There is NO
warranty; not even for MERCHANTABILITY or FITNESS FOR A PARTICULAR PURPOSE.

[34m[1mLLVM version[0m
clang version 3.4 (tags/RELEASE_34/final)
Target: x86_64-unknown-linux-gnu
Thread model: posix
[34m[1mPre-installed Ruby versions[0m
ruby-1.9.3-p551
[34m[1mPre-installed Node.js versions[0m
v0.10.36
[34m[1mPre-installed Go versions[0m
1.4.1
[34m[1mRedis version[0m
redis-server 2.8.19
[34m[1mriak version[0m
2.0.2
[34m[1mMongoDB version[0m
MongoDB 2.4.12
[34m[1mCouchDB version[0m
couchdb 1.6.1
[34m[1mNeo4j version[0m
1.9.4
[34m[1mRabbitMQ Version[0m
3.4.3
[34m[1mElasticSearch version[0m
1.4.0
[34m[1mInstalled Sphinx versions[0m
2.0.10
2.1.9
2.2.6
[34m[1mDefault Sphinx version[0m
2.2.6
[34m[1mInstalled Firefox version[0m
firefox 31.0esr
[34m[1mPhantomJS version[0m
1.9.8
[34m[1mant -version[0m
Apache Ant(TM) version 1.8.2 compiled on December 3 2011
[34m[1mmvn -version[0m
Apache Maven 3.2.5 (12a6b3acb947671f09b81f49094c53f426d8cea1; 2014-12-14T17:29:23+00:00)
Maven home: /usr/local/maven
Java version: 1.7.0_76, vendor: Oracle Corporation
Java home: /usr/lib/jvm/java-7-oracle/jre
Default locale: en_US, platform encoding: ANSI_X3.4-1968
OS name: "linux", version: "3.13.0-29-generic", arch: "amd64", family: "unix"
travis_fold:end:system_info[0K
W: Failed to fetch http://apt.postgresql.org/pub/repos/apt/dists/precise-pgdg/main/binary-amd64/Packages  404  Not Found [IP: 72.32.157.246 80]

W: Failed to fetch http://apt.postgresql.org/pub/repos/apt/dists/precise-pgdg/main/binary-i386/Packages  404  Not Found [IP: 72.32.157.246 80]

W: Failed to fetch http://us.archive.ubuntu.com/ubuntu/dists/precise/main/source/Sources  404  Not Found [IP: 91.189.91.39 80]

W: Failed to fetch http://us.archive.ubuntu.com/ubuntu/dists/precise/restricted/source/Sources  404  Not Found [IP: 91.189.91.39 80]

W: Failed to fetch http://us.archive.ubuntu.com/ubuntu/dists/precise/universe/source/Sources  404  Not Found [IP: 91.189.91.39 80]

W: Failed to fetch http://us.archive.ubuntu.com/ubuntu/dists/precise/multiverse/source/Sources  404  Not Found [IP: 91.189.91.39 80]

W: Failed to fetch http://us.archive.ubuntu.com/ubuntu/dists/precise/main/binary-amd64/Packages  404  Not Found [IP: 91.189.91.39 80]

W: Failed to fetch http://us.archive.ubuntu.com/ubuntu/dists/precise/restricted/binary-amd64/Packages  404  Not Found [IP: 91.189.91.39 80]

W: Failed to fetch http://us.archive.ubuntu.com/ubuntu/dists/precise/universe/binary-amd64/Packages  404  Not Found [IP: 91.189.91.39 80]

W: Failed to fetch http://us.archive.ubuntu.com/ubuntu/dists/precise/multiverse/binary-amd64/Packages  404  Not Found [IP: 91.189.91.39 80]

W: Failed to fetch http://us.archive.ubuntu.com/ubuntu/dists/precise/main/binary-i386/Packages  404  Not Found [IP: 91.189.91.39 80]

W: Failed to fetch http://us.archive.ubuntu.com/ubuntu/dists/precise/restricted/binary-i386/Packages  404  Not Found [IP: 91.189.91.39 80]

W: Failed to fetch http://us.archive.ubuntu.com/ubuntu/dists/precise/universe/binary-i386/Packages  404  Not Found [IP: 91.189.91.39 80]

W: Failed to fetch http://us.archive.ubuntu.com/ubuntu/dists/precise/multiverse/binary-i386/Packages  404  Not Found [IP: 91.189.91.39 80]

W: Failed to fetch http://us.archive.ubuntu.com/ubuntu/dists/precise-updates/main/source/Sources  404  Not Found [IP: 91.189.91.39 80]

W: Failed to fetch http://us.archive.ubuntu.com/ubuntu/dists/precise-updates/restricted/source/Sources  404  Not Found [IP: 91.189.91.39 80]

W: Failed to fetch http://us.archive.ubuntu.com/ubuntu/dists/precise-updates/universe/source/Sources  404  Not Found [IP: 91.189.91.39 80]

W: Failed to fetch http://us.archive.ubuntu.com/ubuntu/dists/precise-updates/multiverse/source/Sources  404  Not Found [IP: 91.189.91.39 80]

W: Failed to fetch http://us.archive.ubuntu.com/ubuntu/dists/precise-updates/main/binary-amd64/Packages  404  Not Found [IP: 91.189.91.39 80]

W: Failed to fetch http://us.archive.ubuntu.com/ubuntu/dists/precise-updates/restricted/binary-amd64/Packages  404  Not Found [IP: 91.189.91.39 80]

W: Failed to fetch http://us.archive.ubuntu.com/ubuntu/dists/precise-updates/universe/binary-amd64/Packages  404  Not Found [IP: 91.189.91.39 80]

W: Failed to fetch http://us.archive.ubuntu.com/ubuntu/dists/precise-updates/multiverse/binary-amd64/Packages  404  Not Found [IP: 91.189.91.39 80]

W: Failed to fetch http://us.archive.ubuntu.com/ubuntu/dists/precise-updates/main/binary-i386/Packages  404  Not Found [IP: 91.189.91.39 80]

W: Failed to fetch http://us.archive.ubuntu.com/ubuntu/dists/precise-updates/restricted/binary-i386/Packages  404  Not Found [IP: 91.189.91.39 80]

W: Failed to fetch http://us.archive.ubuntu.com/ubuntu/dists/precise-updates/universe/binary-i386/Packages  404  Not Found [IP: 91.189.91.39 80]

W: Failed to fetch http://us.archive.ubuntu.com/ubuntu/dists/precise-updates/multiverse/binary-i386/Packages  404  Not Found [IP: 91.189.91.39 80]

W: Failed to fetch http://us.archive.ubuntu.com/ubuntu/dists/precise-backports/main/source/Sources  404  Not Found [IP: 91.189.91.39 80]

W: Failed to fetch http://us.archive.ubuntu.com/ubuntu/dists/precise-backports/restricted/source/Sources  404  Not Found [IP: 91.189.91.39 80]

W: Failed to fetch http://us.archive.ubuntu.com/ubuntu/dists/precise-backports/universe/source/Sources  404  Not Found [IP: 91.189.91.39 80]

W: Failed to fetch http://us.archive.ubuntu.com/ubuntu/dists/precise-backports/multiverse/source/Sources  404  Not Found [IP: 91.189.91.39 80]

W: Failed to fetch http://us.archive.ubuntu.com/ubuntu/dists/precise-backports/main/binary-amd64/Packages  404  Not Found [IP: 91.189.91.39 80]

W: Failed to fetch http://us.archive.ubuntu.com/ubuntu/dists/precise-backports/restricted/binary-amd64/Packages  404  Not Found [IP: 91.189.91.39 80]

W: Failed to fetch http://us.archive.ubuntu.com/ubuntu/dists/precise-backports/universe/binary-amd64/Packages  404  Not Found [IP: 91.189.91.39 80]

W: Failed to fetch http://us.archive.ubuntu.com/ubuntu/dists/precise-backports/multiverse/binary-amd64/Packages  404  Not Found [IP: 91.189.91.39 80]

W: Failed to fetch http://us.archive.ubuntu.com/ubuntu/dists/precise-backports/main/binary-i386/Packages  404  Not Found [IP: 91.189.91.39 80]

W: Failed to fetch http://us.archive.ubuntu.com/ubuntu/dists/precise-backports/restricted/binary-i386/Packages  404  Not Found [IP: 91.189.91.39 80]

W: Failed to fetch http://us.archive.ubuntu.com/ubuntu/dists/precise-backports/universe/binary-i386/Packages  404  Not Found [IP: 91.189.91.39 80]

W: Failed to fetch http://us.archive.ubuntu.com/ubuntu/dists/precise-backports/multiverse/binary-i386/Packages  404  Not Found [IP: 91.189.91.39 80]

W: Failed to fetch http://security.ubuntu.com/ubuntu/dists/precise-security/main/source/Sources  404  Not Found [IP: 91.189.88.152 80]

W: Failed to fetch http://security.ubuntu.com/ubuntu/dists/precise-security/restricted/source/Sources  404  Not Found [IP: 91.189.88.152 80]

W: Failed to fetch http://security.ubuntu.com/ubuntu/dists/precise-security/universe/source/Sources  404  Not Found [IP: 91.189.88.152 80]

W: Failed to fetch http://security.ubuntu.com/ubuntu/dists/precise-security/multiverse/source/Sources  404  Not Found [IP: 91.189.88.152 80]

W: Failed to fetch http://security.ubuntu.com/ubuntu/dists/precise-security/main/binary-amd64/Packages  404  Not Found [IP: 91.189.88.152 80]

W: Failed to fetch http://security.ubuntu.com/ubuntu/dists/precise-security/restricted/binary-amd64/Packages  404  Not Found [IP: 91.189.88.152 80]

W: Failed to fetch http://security.ubuntu.com/ubuntu/dists/precise-security/universe/binary-amd64/Packages  404  Not Found [IP: 91.189.88.152 80]

W: Failed to fetch http://security.ubuntu.com/ubuntu/dists/precise-security/multiverse/binary-amd64/Packages  404  Not Found [IP: 91.189.88.152 80]

W: Failed to fetch http://security.ubuntu.com/ubuntu/dists/precise-security/main/binary-i386/Packages  404  Not Found [IP: 91.189.88.152 80]

W: Failed to fetch http://security.ubuntu.com/ubuntu/dists/precise-security/restricted/binary-i386/Packages  404  Not Found [IP: 91.189.88.152 80]

W: Failed to fetch http://security.ubuntu.com/ubuntu/dists/precise-security/universe/binary-i386/Packages  404  Not Found [IP: 91.189.88.152 80]

W: Failed to fetch http://security.ubuntu.com/ubuntu/dists/precise-security/multiverse/binary-i386/Packages  404  Not Found [IP: 91.189.88.152 80]

W: Failed to fetch http://ppa.launchpad.net/travis-ci/zero-mq/ubuntu/dists/precise/main/binary-amd64/Packages  403  Forbidden

W: Failed to fetch http://ppa.launchpad.net/travis-ci/zero-mq/ubuntu/dists/precise/main/binary-i386/Packages  403  Forbidden

W: Failed to fetch http://downloads-distro.mongodb.org/repo/debian-sysvinit/dists/dist/10gen/binary-amd64/Packages  Undetermined Error [IP: 52.206.222.245 80]

W: Failed to fetch http://downloads-distro.mongodb.org/repo/debian-sysvinit/dists/dist/10gen/binary-i386/Packages  Undetermined Error [IP: 52.206.222.245 80]

E: Some index files failed to download. They have been ignored, or old ones used instead.
sed: cannot rename /etc/hosts: Device or resource busy
sed: cannot rename /etc/hosts: Device or resource busy
$ jdk_switcher use oraclejdk7
Switching to Oracle JDK7 (java-7-oracle), JAVA_HOME will be set to /usr/lib/jvm/java-7-oracle
$ cd passed/davidmoten/rxjava-jdbc
$ java -Xmx32m -version
java version "1.7.0_76"
Java(TM) SE Runtime Environment (build 1.7.0_76-b13)
Java HotSpot(TM) 64-Bit Server VM (build 24.76-b04, mixed mode)
$ javac -J-Xmx32m -version
javac 1.7.0_76
travis_fold:start:install[0Ktravis_time:start:0afac208[0K$ mvn -o install -Dhttps.protocols=TLSv1.2 -Dhttps.protocols=TLSv1.2 -Dhttps.protocols=TLSv1.2 -DskipTests=true -Dmaven.javadoc.skip=true -B -V
Apache Maven 3.2.5 (12a6b3acb947671f09b81f49094c53f426d8cea1; 2014-12-14T17:29:23+00:00)
Maven home: /usr/local/maven
Java version: 1.7.0_76, vendor: Oracle Corporation
Java home: /usr/lib/jvm/java-7-oracle/jre
Default locale: en_US, platform encoding: UTF-8
OS name: "linux", version: "4.15.0-109-generic", arch: "amd64", family: "unix"
[INFO] Scanning for projects...
[INFO] Inspecting build with total of 1 modules...
[INFO] Installing Nexus Staging features:
[INFO]   ... total of 1 executions of maven-deploy-plugin replaced with nexus-staging-maven-plugin
[INFO]                                                                         
[INFO] ------------------------------------------------------------------------
[INFO] Building rxjava-jdbc 0.7.3-RC3-SNAPSHOT
[INFO] ------------------------------------------------------------------------
[INFO] 
[INFO] --- maven-resources-plugin:2.6:resources (default-resources) @ rxjava-jdbc ---
[INFO] Using 'UTF-8' encoding to copy filtered resources.
[INFO] skip non existing resourceDirectory /home/travis/build/passed/davidmoten/rxjava-jdbc/src/main/resources
[INFO] 
[INFO] --- maven-compiler-plugin:3.5.1:compile (default-compile) @ rxjava-jdbc ---
[INFO] Changes detected - recompiling the module!
[INFO] Compiling 52 source files to /home/travis/build/passed/davidmoten/rxjava-jdbc/target/classes
[INFO] 
[INFO] --- maven-resources-plugin:2.6:testResources (default-testResources) @ rxjava-jdbc ---
[INFO] Using 'UTF-8' encoding to copy filtered resources.
[INFO] Copying 4 resources
[INFO] 
[INFO] --- maven-compiler-plugin:3.5.1:testCompile (default-testCompile) @ rxjava-jdbc ---
[INFO] Nothing to compile - all classes are up to date
[INFO] 
[INFO] --- maven-surefire-plugin:2.12.4:test (default-test) @ rxjava-jdbc ---
[INFO] Tests are skipped.
[INFO] 
[INFO] --- maven-jar-plugin:2.4:jar (default-jar) @ rxjava-jdbc ---
[INFO] Building jar: /home/travis/build/passed/davidmoten/rxjava-jdbc/target/rxjava-jdbc-0.7.3-RC3-SNAPSHOT.jar
[INFO] 
[INFO] --- maven-javadoc-plugin:2.10.3:jar (attach-javadocs) @ rxjava-jdbc ---
[INFO] Skipping javadoc generation
[INFO] 
[INFO] --- maven-site-plugin:3.4:attach-descriptor (attach-descriptor) @ rxjava-jdbc ---
[INFO] 
[INFO] --- maven-install-plugin:2.4:install (default-install) @ rxjava-jdbc ---
[INFO] Installing /home/travis/build/passed/davidmoten/rxjava-jdbc/target/rxjava-jdbc-0.7.3-RC3-SNAPSHOT.jar to /home/travis/.m2/repository/com/github/davidmoten/rxjava-jdbc/0.7.3-RC3-SNAPSHOT/rxjava-jdbc-0.7.3-RC3-SNAPSHOT.jar
[INFO] Installing /home/travis/build/passed/davidmoten/rxjava-jdbc/pom.xml to /home/travis/.m2/repository/com/github/davidmoten/rxjava-jdbc/0.7.3-RC3-SNAPSHOT/rxjava-jdbc-0.7.3-RC3-SNAPSHOT.pom
[INFO] ------------------------------------------------------------------------
[INFO] BUILD SUCCESS
[INFO] ------------------------------------------------------------------------
[INFO] Total time: 9.631 s
[INFO] Finished at: 2022-01-08T05:36:43+00:00
[INFO] Final Memory: 25M/491M
[INFO] ------------------------------------------------------------------------

travis_time:end:0afac208:start=1641620193076654967,finish=1641620204203623804,duration=11126968837[0Ktravis_fold:end:install[0Ktravis_time:start:079d3d36[0K$ mvn test -Dhttps.protocols=TLSv1.2 -Dhttps.protocols=TLSv1.2 -Dhttps.protocols=TLSv1.2 -B
[INFO] Scanning for projects...
[INFO] Inspecting build with total of 1 modules...
[INFO] Installing Nexus Staging features:
[INFO]   ... total of 1 executions of maven-deploy-plugin replaced with nexus-staging-maven-plugin
[INFO]                                                                         
[INFO] ------------------------------------------------------------------------
[INFO] Building rxjava-jdbc 0.7.3-RC3-SNAPSHOT
[INFO] ------------------------------------------------------------------------
[INFO] 
[INFO] --- maven-resources-plugin:2.6:resources (default-resources) @ rxjava-jdbc ---
[INFO] Using 'UTF-8' encoding to copy filtered resources.
[INFO] skip non existing resourceDirectory /home/travis/build/passed/davidmoten/rxjava-jdbc/src/main/resources
[INFO] 
[INFO] --- maven-compiler-plugin:3.5.1:compile (default-compile) @ rxjava-jdbc ---
[INFO] Changes detected - recompiling the module!
[INFO] Compiling 52 source files to /home/travis/build/passed/davidmoten/rxjava-jdbc/target/classes
[INFO] 
[INFO] --- maven-resources-plugin:2.6:testResources (default-testResources) @ rxjava-jdbc ---
[INFO] Using 'UTF-8' encoding to copy filtered resources.
[INFO] Copying 4 resources
[INFO] 
[INFO] --- maven-compiler-plugin:3.5.1:testCompile (default-testCompile) @ rxjava-jdbc ---
[INFO] Nothing to compile - all classes are up to date
[INFO] 
[INFO] --- maven-surefire-plugin:2.12.4:test (default-test) @ rxjava-jdbc ---
[INFO] Surefire report directory: /home/travis/build/passed/davidmoten/rxjava-jdbc/target/surefire-reports

-------------------------------------------------------
 T E S T S
-------------------------------------------------------
Running com.github.davidmoten.rx.DynamicProxyTest
Tests run: 2, Failures: 0, Errors: 0, Skipped: 0, Time elapsed: 0.165 sec
Running com.github.davidmoten.rx.RetryTest
Tests run: 1, Failures: 0, Errors: 0, Skipped: 0, Time elapsed: 0.399 sec
Running com.github.davidmoten.rx.jdbc.BatchingTest
Tests run: 4, Failures: 0, Errors: 0, Skipped: 0, Time elapsed: 0.87 sec
Running com.github.davidmoten.rx.jdbc.ColumnNotFoundTest
Tests run: 1, Failures: 0, Errors: 0, Skipped: 0, Time elapsed: 0.128 sec
Running com.github.davidmoten.rx.jdbc.ConditionsTest
Tests run: 7, Failures: 0, Errors: 0, Skipped: 0, Time elapsed: 0.002 sec
Running com.github.davidmoten.rx.jdbc.ConnectionDemoTest
Tests run: 1, Failures: 0, Errors: 0, Skipped: 0, Time elapsed: 0.007 sec
Running com.github.davidmoten.rx.jdbc.ConnectionNonClosingTest
Tests run: 1, Failures: 0, Errors: 0, Skipped: 0, Time elapsed: 0.026 sec
Running com.github.davidmoten.rx.jdbc.ConnectionProviderAutoCommittingTest
Tests run: 1, Failures: 0, Errors: 0, Skipped: 0, Time elapsed: 0.037 sec
Running com.github.davidmoten.rx.jdbc.ConnectionProviderFromUrlTest
Tests run: 1, Failures: 0, Errors: 0, Skipped: 0, Time elapsed: 0.005 sec
Running com.github.davidmoten.rx.jdbc.DatabaseAsyncTest
2022-01-08 05:36:53.879 [RxComputationScheduler-3] INFO  com.github.davidmoten.rx.RxUtil - 0
2022-01-08 05:36:53.882 [RxIoScheduler-2] INFO  com.github.davidmoten.rx.RxUtil - 21
[FRED, JOSEPH, MARMADUKE]
2022-01-08 05:36:53.934 [main] INFO  com.zaxxer.hikari.HikariDataSource - HikariCP pool HikariPool-0 is starting.
2022-01-08 05:36:54.186 [RxIoScheduler-2] INFO  com.github.davidmoten.rx.RxUtil - 21
2022-01-08 05:36:54.188 [RxIoScheduler-3] INFO  com.github.davidmoten.rx.RxUtil - 34
2022-01-08 05:36:54.580 [main] INFO  com.github.davidmoten.rx.RxUtil - rx.internal.util.ScalarSynchronousObservable@49176e7
2022-01-08 05:36:54.580 [main] INFO  com.github.davidmoten.rx.RxUtil - rx.internal.util.ScalarSynchronousObservable@49176e7
2022-01-08 05:36:54.580 [main] INFO  com.github.davidmoten.rx.RxUtil - rx.Observable@6a153a08
2022-01-08 05:36:54.582 [main] INFO  com.github.davidmoten.rx.RxUtil - rx.internal.util.ScalarSynchronousObservable@3dc5a51f
2022-01-08 05:36:54.583 [main] INFO  com.github.davidmoten.rx.RxUtil - rx.internal.util.ScalarSynchronousObservable@3dc5a51f
2022-01-08 05:36:54.583 [main] INFO  com.github.davidmoten.rx.RxUtil - rx.Observable@7adbb5e7
2022-01-08 05:36:54.594 [main] INFO  com.github.davidmoten.rx.jdbc.DatabaseTestBase - committed 1
2022-01-08 05:36:54.595 [main] INFO  com.github.davidmoten.rx.jdbc.DatabaseTestBase - gets ok
2022-01-08 05:36:54.595 [main] INFO  com.github.davidmoten.rx.jdbc.DatabaseTestBase - closes ok
2022-01-08 05:36:54.659 [main] INFO  com.github.davidmoten.rx.RxUtil - 1
2022-01-08 05:36:54.659 [main] INFO  com.github.davidmoten.rx.RxUtil - 2
2022-01-08 05:36:54.659 [main] INFO  com.github.davidmoten.rx.RxUtil - 3
Syntax error in SQL statement "ZZZ[*] "; SQL statement:
zzz [42000-192]
Syntax error in SQL statement "ZZZ[*] "; SQL statement:
zzz [42000-192]
2022-01-08 05:36:54.831 [RxComputationScheduler-4] INFO  com.github.davidmoten.rx.RxUtil - 0
2022-01-08 05:36:54.834 [RxIoScheduler-2] INFO  com.github.davidmoten.rx.RxUtil - 21
2022-01-08 05:36:54.852 [main] INFO  com.zaxxer.hikari.HikariDataSource - HikariCP pool HikariPool-1 is starting.
2022-01-08 05:36:54.865 [main] INFO  com.zaxxer.hikari.pool.HikariPool - HikariCP pool HikariPool-1 is shutting down.
2022-01-08 05:36:54.904 [main] INFO  com.github.davidmoten.rx.jdbc.DatabaseTestBase - committed 1
2022-01-08 05:36:54.904 [main] INFO  com.github.davidmoten.rx.jdbc.DatabaseTestBase - gets ok
2022-01-08 05:36:54.904 [main] INFO  com.github.davidmoten.rx.jdbc.DatabaseTestBase - closes ok
2022-01-08 05:36:54.913 [main] INFO  com.github.davidmoten.rx.RxUtil - rx.Observable@23724a1a
2022-01-08 05:36:54.914 [main] INFO  com.github.davidmoten.rx.RxUtil - rx.Observable@23724a1a
2022-01-08 05:36:54.914 [main] INFO  com.github.davidmoten.rx.RxUtil - rx.Observable@245f0324
2022-01-08 05:36:54.916 [main] INFO  com.github.davidmoten.rx.RxUtil - rx.Observable@2908dce1
2022-01-08 05:36:54.917 [main] INFO  com.github.davidmoten.rx.RxUtil - rx.Observable@2908dce1
2022-01-08 05:36:54.917 [main] INFO  com.github.davidmoten.rx.RxUtil - rx.Observable@4dd4cd3
2022-01-08 05:36:55.061 [main] INFO  com.github.davidmoten.rx.RxUtil - 99
2022-01-08 05:36:55.062 [main] INFO  com.github.davidmoten.rx.RxUtil - 88
threads=[main]
2022-01-08 05:36:55.394 [main] INFO  com.zaxxer.hikari.HikariDataSource - HikariCP pool HikariPool-2 is starting.
[MARMADUKE, JOSEPH, MARMADUKE, JOSEPH, MARMADUKE, MARMADUKE, MARMADUKE, JOSEPH, MARMADUKE, JOSEPH, MARMADUKE, MARMADUKE]
2022-01-08 05:36:55.708 [main] INFO  com.github.davidmoten.rx.RxUtil - 99
2022-01-08 05:36:55.709 [main] INFO  com.github.davidmoten.rx.RxUtil - 88
2022-01-08 05:36:55.866 [RxIoScheduler-5] INFO  com.github.davidmoten.rx.RxUtil - 3
Column "NAMEZ" not found; SQL statement:
select namez from person where name=? [42122-192]
Column "NAMEZ" not found; SQL statement:
select namez from person where name=? [42122-192]
Tests run: 114, Failures: 0, Errors: 0, Skipped: 0, Time elapsed: 3.231 sec
Running com.github.davidmoten.rx.jdbc.DatabaseDerbyTest
Tests run: 1, Failures: 0, Errors: 0, Skipped: 1, Time elapsed: 0 sec
Running com.github.davidmoten.rx.jdbc.DatabaseExampleTest
FRED has score 21
JOE has score 34
Tests run: 5, Failures: 0, Errors: 0, Skipped: 1, Time elapsed: 0.034 sec
Running com.github.davidmoten.rx.jdbc.DatabaseMasterDetailTest
MasterAndDetails [id=1, name=FRED, details=[Detail [id=10, description=a good fellow], Detail [id=11, description=rides his bike]]]
MasterAndDetails [id=2, name=JOHN, details=[Detail [id=20, description=a bit of a bore], Detail [id=21, description=is a good cook]]]
Tests run: 2, Failures: 0, Errors: 0, Skipped: 0, Time elapsed: 0.061 sec
Running com.github.davidmoten.rx.jdbc.DatabaseSyncTest
2022-01-08 05:36:56.342 [RxComputationScheduler-6] INFO  com.github.davidmoten.rx.RxUtil - 0
2022-01-08 05:36:56.344 [RxComputationScheduler-6] INFO  com.github.davidmoten.rx.RxUtil - 21
[FRED, JOSEPH, MARMADUKE]
2022-01-08 05:36:56.422 [main] INFO  com.zaxxer.hikari.HikariDataSource - HikariCP pool HikariPool-3 is starting.
2022-01-08 05:36:56.515 [main] INFO  com.github.davidmoten.rx.RxUtil - 21
2022-01-08 05:36:56.517 [main] INFO  com.github.davidmoten.rx.RxUtil - 34
2022-01-08 05:36:56.649 [main] INFO  com.github.davidmoten.rx.RxUtil - rx.internal.util.ScalarSynchronousObservable@4c1070d2
2022-01-08 05:36:56.649 [main] INFO  com.github.davidmoten.rx.RxUtil - rx.internal.util.ScalarSynchronousObservable@4c1070d2
2022-01-08 05:36:56.649 [main] INFO  com.github.davidmoten.rx.RxUtil - rx.Observable@4b5f1201
2022-01-08 05:36:56.652 [main] INFO  com.github.davidmoten.rx.RxUtil - rx.internal.util.ScalarSynchronousObservable@3b59640d
2022-01-08 05:36:56.652 [main] INFO  com.github.davidmoten.rx.RxUtil - rx.internal.util.ScalarSynchronousObservable@3b59640d
2022-01-08 05:36:56.652 [main] INFO  com.github.davidmoten.rx.RxUtil - rx.Observable@69b7afeb
2022-01-08 05:36:56.662 [main] INFO  com.github.davidmoten.rx.jdbc.DatabaseTestBase - committed 1
2022-01-08 05:36:56.662 [main] INFO  com.github.davidmoten.rx.jdbc.DatabaseTestBase - gets ok
2022-01-08 05:36:56.662 [main] INFO  com.github.davidmoten.rx.jdbc.DatabaseTestBase - closes ok
2022-01-08 05:36:56.696 [main] INFO  com.github.davidmoten.rx.RxUtil - 1
2022-01-08 05:36:56.698 [main] INFO  com.github.davidmoten.rx.RxUtil - 2
2022-01-08 05:36:56.699 [main] INFO  com.github.davidmoten.rx.RxUtil - 3
Syntax error in SQL statement "ZZZ[*] "; SQL statement:
zzz [42000-192]
Syntax error in SQL statement "ZZZ[*] "; SQL statement:
zzz [42000-192]
2022-01-08 05:36:56.836 [RxComputationScheduler-7] INFO  com.github.davidmoten.rx.RxUtil - 0
2022-01-08 05:36:56.838 [RxComputationScheduler-7] INFO  com.github.davidmoten.rx.RxUtil - 21
2022-01-08 05:36:56.851 [main] INFO  com.zaxxer.hikari.HikariDataSource - HikariCP pool HikariPool-4 is starting.
2022-01-08 05:36:56.859 [main] INFO  com.zaxxer.hikari.pool.HikariPool - HikariCP pool HikariPool-4 is shutting down.
2022-01-08 05:36:56.874 [main] INFO  com.github.davidmoten.rx.jdbc.DatabaseTestBase - committed 1
2022-01-08 05:36:56.874 [main] INFO  com.github.davidmoten.rx.jdbc.DatabaseTestBase - gets ok
2022-01-08 05:36:56.874 [main] INFO  com.github.davidmoten.rx.jdbc.DatabaseTestBase - closes ok
2022-01-08 05:36:56.878 [main] INFO  com.github.davidmoten.rx.RxUtil - rx.Observable@3fb97458
2022-01-08 05:36:56.878 [main] INFO  com.github.davidmoten.rx.RxUtil - rx.Observable@3fb97458
2022-01-08 05:36:56.879 [main] INFO  com.github.davidmoten.rx.RxUtil - rx.Observable@28855e17
2022-01-08 05:36:56.880 [main] INFO  com.github.davidmoten.rx.RxUtil - rx.Observable@75536174
2022-01-08 05:36:56.881 [main] INFO  com.github.davidmoten.rx.RxUtil - rx.Observable@75536174
2022-01-08 05:36:56.881 [main] INFO  com.github.davidmoten.rx.RxUtil - rx.Observable@352342d9
2022-01-08 05:36:56.947 [main] INFO  com.github.davidmoten.rx.RxUtil - 99
2022-01-08 05:36:56.948 [main] INFO  com.github.davidmoten.rx.RxUtil - 88
threads=[main]
2022-01-08 05:36:57.019 [main] INFO  com.zaxxer.hikari.HikariDataSource - HikariCP pool HikariPool-5 is starting.
[MARMADUKE, JOSEPH, MARMADUKE, JOSEPH, MARMADUKE, MARMADUKE, MARMADUKE, JOSEPH, MARMADUKE, JOSEPH, MARMADUKE, MARMADUKE]
2022-01-08 05:36:57.109 [main] INFO  com.github.davidmoten.rx.RxUtil - 99
2022-01-08 05:36:57.110 [main] INFO  com.github.davidmoten.rx.RxUtil - 88
2022-01-08 05:36:57.161 [main] INFO  com.github.davidmoten.rx.RxUtil - 3
Column "NAMEZ" not found; SQL statement:
select namez from person where name=? [42122-192]
Column "NAMEZ" not found; SQL statement:
select namez from person where name=? [42122-192]
Tests run: 113, Failures: 0, Errors: 0, Skipped: 0, Time elapsed: 1.149 sec
Running com.github.davidmoten.rx.jdbc.DatabaseViaDataSourceTest
2022-01-08 05:36:57.520 [RxComputationScheduler-9] INFO  com.github.davidmoten.rx.RxUtil - 0
2022-01-08 05:36:57.521 [RxComputationScheduler-9] INFO  com.github.davidmoten.rx.RxUtil - 21
[FRED, JOSEPH, MARMADUKE]
2022-01-08 05:36:57.562 [main] INFO  com.zaxxer.hikari.HikariDataSource - HikariCP pool HikariPool-6 is starting.
2022-01-08 05:36:57.628 [main] INFO  com.github.davidmoten.rx.RxUtil - 21
2022-01-08 05:36:57.629 [main] INFO  com.github.davidmoten.rx.RxUtil - 34
2022-01-08 05:36:57.719 [main] INFO  com.github.davidmoten.rx.RxUtil - rx.internal.util.ScalarSynchronousObservable@63c1edd9
2022-01-08 05:36:57.719 [main] INFO  com.github.davidmoten.rx.RxUtil - rx.internal.util.ScalarSynchronousObservable@63c1edd9
2022-01-08 05:36:57.719 [main] INFO  com.github.davidmoten.rx.RxUtil - rx.Observable@50e674b9
2022-01-08 05:36:57.721 [main] INFO  com.github.davidmoten.rx.RxUtil - rx.internal.util.ScalarSynchronousObservable@77252b15
2022-01-08 05:36:57.721 [main] INFO  com.github.davidmoten.rx.RxUtil - rx.internal.util.ScalarSynchronousObservable@77252b15
2022-01-08 05:36:57.721 [main] INFO  com.github.davidmoten.rx.RxUtil - rx.Observable@292faccf
2022-01-08 05:36:57.728 [main] INFO  com.github.davidmoten.rx.jdbc.DatabaseTestBase - committed 1
2022-01-08 05:36:57.728 [main] INFO  com.github.davidmoten.rx.jdbc.DatabaseTestBase - gets ok
2022-01-08 05:36:57.728 [main] INFO  com.github.davidmoten.rx.jdbc.DatabaseTestBase - closes ok
2022-01-08 05:36:57.756 [main] INFO  com.github.davidmoten.rx.RxUtil - 1
2022-01-08 05:36:57.757 [main] INFO  com.github.davidmoten.rx.RxUtil - 2
2022-01-08 05:36:57.758 [main] INFO  com.github.davidmoten.rx.RxUtil - 3
Syntax error in SQL statement "ZZZ[*] "; SQL statement:
zzz [42000-192]
Syntax error in SQL statement "ZZZ[*] "; SQL statement:
zzz [42000-192]
2022-01-08 05:36:57.888 [RxComputationScheduler-10] INFO  com.github.davidmoten.rx.RxUtil - 0
2022-01-08 05:36:57.890 [RxComputationScheduler-10] INFO  com.github.davidmoten.rx.RxUtil - 21
2022-01-08 05:36:57.901 [main] INFO  com.zaxxer.hikari.HikariDataSource - HikariCP pool HikariPool-7 is starting.
2022-01-08 05:36:57.910 [main] INFO  com.zaxxer.hikari.pool.HikariPool - HikariCP pool HikariPool-7 is shutting down.
2022-01-08 05:36:57.920 [main] INFO  com.github.davidmoten.rx.jdbc.DatabaseTestBase - committed 1
2022-01-08 05:36:57.920 [main] INFO  com.github.davidmoten.rx.jdbc.DatabaseTestBase - gets ok
2022-01-08 05:36:57.920 [main] INFO  com.github.davidmoten.rx.jdbc.DatabaseTestBase - closes ok
2022-01-08 05:36:57.923 [main] INFO  com.github.davidmoten.rx.RxUtil - rx.Observable@5a91f5a1
2022-01-08 05:36:57.924 [main] INFO  com.github.davidmoten.rx.RxUtil - rx.Observable@5a91f5a1
2022-01-08 05:36:57.924 [main] INFO  com.github.davidmoten.rx.RxUtil - rx.Observable@24954b7b
2022-01-08 05:36:57.925 [main] INFO  com.github.davidmoten.rx.RxUtil - rx.Observable@1d516b8
2022-01-08 05:36:57.926 [main] INFO  com.github.davidmoten.rx.RxUtil - rx.Observable@1d516b8
2022-01-08 05:36:57.926 [main] INFO  com.github.davidmoten.rx.RxUtil - rx.Observable@4cc68af8
2022-01-08 05:36:57.979 [main] INFO  com.github.davidmoten.rx.RxUtil - 99
2022-01-08 05:36:57.981 [main] INFO  com.github.davidmoten.rx.RxUtil - 88
threads=[main]
2022-01-08 05:36:58.037 [main] INFO  com.zaxxer.hikari.HikariDataSource - HikariCP pool HikariPool-8 is starting.
[MARMADUKE, JOSEPH, MARMADUKE, JOSEPH, MARMADUKE, MARMADUKE, MARMADUKE, JOSEPH, MARMADUKE, JOSEPH, MARMADUKE, MARMADUKE]
2022-01-08 05:36:58.124 [main] INFO  com.github.davidmoten.rx.RxUtil - 99
2022-01-08 05:36:58.125 [main] INFO  com.github.davidmoten.rx.RxUtil - 88
2022-01-08 05:36:58.167 [main] INFO  com.github.davidmoten.rx.RxUtil - 3
Column "NAMEZ" not found; SQL statement:
select namez from person where name=? [42122-192]
Column "NAMEZ" not found; SQL statement:
select namez from person where name=? [42122-192]
Tests run: 113, Failures: 0, Errors: 0, Skipped: 0, Time elapsed: 1 sec
Running com.github.davidmoten.rx.jdbc.ExceptionsTest
FRED
Tests run: 2, Failures: 0, Errors: 0, Skipped: 0, Time elapsed: 0.068 sec
Running com.github.davidmoten.rx.jdbc.NamedParametersTest
Tests run: 12, Failures: 0, Errors: 0, Skipped: 0, Time elapsed: 0.005 sec
Running com.github.davidmoten.rx.jdbc.QueriesTest
Tests run: 1, Failures: 0, Errors: 0, Skipped: 0, Time elapsed: 0 sec
Running com.github.davidmoten.rx.jdbc.TransactionOnNextOperatorTest
Tests run: 1, Failures: 0, Errors: 0, Skipped: 0, Time elapsed: 0.007 sec
Running com.github.davidmoten.rx.jdbc.UtilTest
Tests run: 60, Failures: 0, Errors: 0, Skipped: 0, Time elapsed: 1.106 sec
Running com.github.davidmoten.rx.jdbc.tuple.TuplesTest
Tests run: 1, Failures: 0, Errors: 0, Skipped: 0, Time elapsed: 0 sec

Results :

Tests run: 444, Failures: 0, Errors: 0, Skipped: 2

[INFO] ------------------------------------------------------------------------
[INFO] BUILD SUCCESS
[INFO] ------------------------------------------------------------------------
[INFO] Total time: 14.051 s
[INFO] Finished at: 2022-01-08T05:36:59+00:00
[INFO] Final Memory: 19M/491M
[INFO] ------------------------------------------------------------------------

travis_time:end:079d3d36:start=1641620204214451400,finish=1641620219681554322,duration=15467102922[0K
[32;1mThe command "mvn test -Dhttps.protocols=TLSv1.2 -Dhttps.protocols=TLSv1.2 -Dhttps.protocols=TLSv1.2 -B" exited with 0.[0m

Done. Your build exited with 0.
