travis_fold:start:system_info[0K[33;1mBuild system information[0m
Build language: java
Build group: stable
Build dist: precise
Build id: ''
Job id: ''
Runtime kernel version: 4.15.0-109-generic
[34m[1mBuild image provisioning date and time[0m
Thu Feb  5 15:09:33 UTC 2015
[34m[1mOperating System Details[0m
Distributor ID:	Ubuntu
Description:	Ubuntu 12.04.5 LTS
Release:	12.04
Codename:	precise
[34m[1mLinux Version[0m
3.13.0-29-generic
[34m[1mCookbooks Version[0m
a68419e https://github.com/travis-ci/travis-cookbooks/tree/a68419e
[34m[1mGCC version[0m
gcc (Ubuntu/Linaro 4.6.3-1ubuntu5) 4.6.3
Copyright (C) 2011 Free Software Foundation, Inc.
This is free software; see the source for copying conditions.  There is NO
warranty; not even for MERCHANTABILITY or FITNESS FOR A PARTICULAR PURPOSE.

[34m[1mLLVM version[0m
clang version 3.4 (tags/RELEASE_34/final)
Target: x86_64-unknown-linux-gnu
Thread model: posix
[34m[1mPre-installed Ruby versions[0m
ruby-1.9.3-p551
[34m[1mPre-installed Node.js versions[0m
v0.10.36
[34m[1mPre-installed Go versions[0m
1.4.1
[34m[1mRedis version[0m
redis-server 2.8.19
[34m[1mriak version[0m
2.0.2
[34m[1mMongoDB version[0m
MongoDB 2.4.12
[34m[1mCouchDB version[0m
couchdb 1.6.1
[34m[1mNeo4j version[0m
1.9.4
[34m[1mRabbitMQ Version[0m
3.4.3
[34m[1mElasticSearch version[0m
1.4.0
[34m[1mInstalled Sphinx versions[0m
2.0.10
2.1.9
2.2.6
[34m[1mDefault Sphinx version[0m
2.2.6
[34m[1mInstalled Firefox version[0m
firefox 31.0esr
[34m[1mPhantomJS version[0m
1.9.8
[34m[1mant -version[0m
Apache Ant(TM) version 1.8.2 compiled on December 3 2011
[34m[1mmvn -version[0m
Apache Maven 3.2.5 (12a6b3acb947671f09b81f49094c53f426d8cea1; 2014-12-14T17:29:23+00:00)
Maven home: /usr/local/maven
Java version: 1.7.0_76, vendor: Oracle Corporation
Java home: /usr/lib/jvm/java-7-oracle/jre
Default locale: en_US, platform encoding: ANSI_X3.4-1968
OS name: "linux", version: "3.13.0-29-generic", arch: "amd64", family: "unix"
travis_fold:end:system_info[0K
[31;1mTimeout waiting for network availability.[0m
sed: cannot rename /etc/hosts: Device or resource busy
travis_fold:start:docker_mtu[0Ktee: /etc/docker/daemon.json: No such file or directory
docker: unrecognized service
travis_fold:end:docker_mtu[0K
travis_fold:start:install_jdk[0K[33;1mInstalling oraclejdk8[0m
$ jdk_switcher use "oraclejdk8"
Switching to Oracle JDK8 (java-8-oracle), JAVA_HOME will be set to /usr/lib/jvm/java-8-oracle
travis_fold:end:install_jdk[0K
$ cd passed/graphhopper/graphhopper


[33;1mSetting environment variables from .travis.yml[0m
$ export BASEURL=https://www-eu.apache.org/dist/maven/maven-3/VERSION/binaries/apache-maven-VERSION-bin.zip
$ export FILE=apache-maven-VERSION-bin.zip
$ export DIR=apache-maven-VERSION
$ export VERSION=3.3.9
$ export CI_DEPLOY_USERNAME=[secure]
$ export CI_DEPLOY_PASSWORD=[secure]

travis_fold:start:cache.1[0KSetting up build cache
$ export CASHER_DIR=${TRAVIS_HOME}/.casher
travis_time:start:0b9d3700[0K$ Installing caching utilities

[31;1mThe command "eval curl -sf  -o $CASHER_DIR/bin/casher https:///files/casher " failed. Retrying, 2 of 3.[0m


[31;1mThe command "eval curl -sf  -o $CASHER_DIR/bin/casher https:///files/casher " failed. Retrying, 3 of 3.[0m


[31;1mThe command "eval curl -sf  -o $CASHER_DIR/bin/casher https:///files/casher " failed 3 times.[0m

travis_time:end:0b9d3700:start=1639261636451341680,finish=1639261639530784814,duration=3079443134[0Ktravis_time:start:320b49c0[0K$ Installing caching utilities from the Travis CI server (https:///files/casher) failed, failing over to using GitHub (https://raw.githubusercontent.com/travis-ci/casher/bash/bin/casher)
travis_time:end:320b49c0:start=1639261639537326428,finish=1639261639611028955,duration=73702527[0Ktravis_time:start:14c6981a[0Ktravis_time:end:14c6981a:start=1639261639619711437,finish=1639261639624961378,duration=5249941[0Ktravis_time:start:008fd630[0KYAML safe loading is not available. Please upgrade psych to a version that supports safe loading (>= 2.0).
attempting to download cache archive[0m
[31;1mcould not download cache[0m
travis_time:end:008fd630:start=1639261639630858858,finish=1639261640919174402,duration=1288315544[0Ktravis_time:start:03f760ca[0Ktravis_time:end:03f760ca:start=1639261640925790185,finish=1639261640929960993,duration=4170808[0Ktravis_time:start:11ca4108[0KYAML safe loading is not available. Please upgrade psych to a version that supports safe loading (>= 2.0).
adding /home/travis/.m2 to cache[0m
travis_time:end:11ca4108:start=1639261640935886290,finish=1639261642507988345,duration=1572102055[0Ktravis_fold:end:cache.1[0K
$ java -Xmx32m -version
java version "1.8.0_31"
Java(TM) SE Runtime Environment (build 1.8.0_31-b13)
Java HotSpot(TM) 64-Bit Server VM (build 25.31-b07, mixed mode)
$ javac -J-Xmx32m -version
javac 1.8.0_31
travis_fold:start:before_install.1[0Ktravis_time:start:07483fa4[0K$ if [ "$TRAVIS_OS_NAME" == "linux" ]; then wget --no-check-certificate $(echo -n $BASEURL | sed -e 's#VERSION#'$VERSION'#g'); unzip -qq $(echo -n $FILE | sed -e 's#VERSION#'$VERSION'#'); export M2_HOME=$PWD/$(echo -n $DIR | sed -e 's#VERSION#'$VERSION'#'); export PATH=$M2_HOME/bin:$PATH; fi
--2021-12-11 22:27:22--  https://www-eu.apache.org/dist/maven/maven-3/3.3.9/binaries/apache-maven-3.3.9-bin.zip
Resolving www-eu.apache.org (www-eu.apache.org)... 95.216.26.30, 2a01:4f9:2a:1a61::2
Connecting to www-eu.apache.org (www-eu.apache.org)|95.216.26.30|:443... connected.
WARNING: no certificate subject alternative name matches
	requested host name `www-eu.apache.org'.
HTTP request sent, awaiting response... 302 Found
Location: https://downloads.apache.org/maven/maven-3/3.3.9/binaries/apache-maven-3.3.9-bin.zip [following]
--2021-12-11 22:27:23--  https://downloads.apache.org/maven/maven-3/3.3.9/binaries/apache-maven-3.3.9-bin.zip
Resolving downloads.apache.org (downloads.apache.org)... 135.181.214.104, 88.99.95.219, 2a01:4f9:3a:2c57::2, ...
Connecting to downloads.apache.org (downloads.apache.org)|135.181.214.104|:443... connected.
HTTP request sent, awaiting response... 200 OK
Length: 8617253 (8.2M) [application/zip]
Saving to: `apache-maven-3.3.9-bin.zip'

     0K .......... .......... .......... .......... ..........  0% 92.0K 91s
    50K .......... .......... .......... .......... ..........  1% 22.4M 45s
   100K .......... .......... .......... .......... ..........  1%  278K 40s
   150K .......... .......... .......... .......... ..........  2% 16.4M 30s
   200K .......... .......... .......... .......... ..........  2% 20.5M 24s
   250K .......... .......... .......... .......... ..........  3%  285K 25s
   300K .......... .......... .......... .......... ..........  4% 20.1M 21s
   350K .......... .......... .......... .......... ..........  4% 19.8M 18s
   400K .......... .......... .......... .......... ..........  5% 15.1M 16s
   450K .......... .......... .......... .......... ..........  5% 19.2M 15s
   500K .......... .......... .......... .......... ..........  6%  296K 16s
   550K .......... .......... .......... .......... ..........  7% 20.8M 14s
   600K .......... .......... .......... .......... ..........  7% 20.2M 13s
   650K .......... .......... .......... .......... ..........  8% 33.2M 12s
   700K .......... .......... .......... .......... ..........  8% 28.6M 11s
   750K .......... .......... .......... .......... ..........  9% 28.9M 10s
   800K .......... .......... .......... .......... .......... 10% 22.7M 10s
   850K .......... .......... .......... .......... .......... 10% 26.6M 9s
   900K .......... .......... .......... .......... .......... 11% 30.6M 9s
   950K .......... .......... .......... .......... .......... 11% 28.3M 8s
  1000K .......... .......... .......... .......... .......... 12%  309K 9s
  1050K .......... .......... .......... .......... .......... 13% 38.1M 8s
  1100K .......... .......... .......... .......... .......... 13% 40.0M 8s
  1150K .......... .......... .......... .......... .......... 14% 38.5M 8s
  1200K .......... .......... .......... .......... .......... 14% 34.1M 7s
  1250K .......... .......... .......... .......... .......... 15% 47.0M 7s
  1300K .......... .......... .......... .......... .......... 16% 45.2M 7s
  1350K .......... .......... .......... .......... .......... 16% 60.4M 6s
  1400K .......... .......... .......... .......... .......... 17% 50.5M 6s
  1450K .......... .......... .......... .......... .......... 17% 42.7M 6s
  1500K .......... .......... .......... .......... .......... 18% 62.3M 6s
  1550K .......... .......... .......... .......... .......... 19% 51.2M 5s
  1600K .......... .......... .......... .......... .......... 19% 53.3M 5s
  1650K .......... .......... .......... .......... .......... 20% 50.2M 5s
  1700K .......... .......... .......... .......... .......... 20% 62.5M 5s
  1750K .......... .......... .......... .......... .......... 21% 60.7M 5s
  1800K .......... .......... .......... .......... .......... 21% 78.6M 5s
  1850K .......... .......... .......... .......... .......... 22% 53.5M 4s
  1900K .......... .......... .......... .......... .......... 23% 67.0M 4s
  1950K .......... .......... .......... .......... .......... 23% 56.0M 4s
  2000K .......... .......... .......... .......... .......... 24%  699K 4s
  2050K .......... .......... .......... .......... .......... 24%  551K 4s
  2100K .......... .......... .......... .......... .......... 25% 42.8M 4s
  2150K .......... .......... .......... .......... .......... 26% 56.4M 4s
  2200K .......... .......... .......... .......... .......... 26% 56.3M 4s
  2250K .......... .......... .......... .......... .......... 27% 59.6M 4s
  2300K .......... .......... .......... .......... .......... 27% 54.2M 4s
  2350K .......... .......... .......... .......... .......... 28% 56.7M 4s
  2400K .......... .......... .......... .......... .......... 29% 43.6M 4s
  2450K .......... .......... .......... .......... .......... 29% 60.7M 3s
  2500K .......... .......... .......... .......... .......... 30% 60.9M 3s
  2550K .......... .......... .......... .......... .......... 30% 55.4M 3s
  2600K .......... .......... .......... .......... .......... 31% 50.0M 3s
  2650K .......... .......... .......... .......... .......... 32% 58.6M 3s
  2700K .......... .......... .......... .......... .......... 32% 53.8M 3s
  2750K .......... .......... .......... .......... .......... 33% 62.5M 3s
  2800K .......... .......... .......... .......... .......... 33% 44.8M 3s
  2850K .......... .......... .......... .......... .......... 34% 52.4M 3s
  2900K .......... .......... .......... .......... .......... 35% 56.0M 3s
  2950K .......... .......... .......... .......... .......... 35% 59.0M 3s
  3000K .......... .......... .......... .......... .......... 36% 50.7M 3s
  3050K .......... .......... .......... .......... .......... 36% 62.6M 3s
  3100K .......... .......... .......... .......... .......... 37% 56.0M 2s
  3150K .......... .......... .......... .......... .......... 38% 55.0M 2s
  3200K .......... .......... .......... .......... .......... 38% 44.8M 2s
  3250K .......... .......... .......... .......... .......... 39% 22.2M 2s
  3300K .......... .......... .......... .......... .......... 39% 31.1M 2s
  3350K .......... .......... .......... .......... .......... 40% 30.7M 2s
  3400K .......... .......... .......... .......... .......... 40% 58.6M 2s
  3450K .......... .......... .......... .......... .......... 41% 59.1M 2s
  3500K .......... .......... .......... .......... .......... 42% 59.3M 2s
  3550K .......... .......... .......... .......... .......... 42% 57.0M 2s
  3600K .......... .......... .......... .......... .......... 43% 47.5M 2s
  3650K .......... .......... .......... .......... .......... 43% 56.3M 2s
  3700K .......... .......... .......... .......... .......... 44% 60.1M 2s
  3750K .......... .......... .......... .......... .......... 45% 59.1M 2s
  3800K .......... .......... .......... .......... .......... 45% 57.8M 2s
  3850K .......... .......... .......... .......... .......... 46% 56.1M 2s
  3900K .......... .......... .......... .......... .......... 46% 61.5M 2s
  3950K .......... .......... .......... .......... .......... 47% 57.2M 2s
  4000K .......... .......... .......... .......... .......... 48% 44.3M 2s
  4050K .......... .......... .......... .......... .......... 48% 5.63M 2s
  4100K .......... .......... .......... .......... .......... 49%  374K 2s
  4150K .......... .......... .......... .......... .......... 49%  101M 2s
  4200K .......... .......... .......... .......... .......... 50% 77.0M 2s
  4250K .......... .......... .......... .......... .......... 51%  155M 2s
  4300K .......... .......... .......... .......... .......... 51% 95.9M 2s
  4350K .......... .......... .......... .......... .......... 52% 56.2M 1s
  4400K .......... .......... .......... .......... .......... 52% 92.7M 1s
  4450K .......... .......... .......... .......... .......... 53%  141M 1s
  4500K .......... .......... .......... .......... .......... 54%  146M 1s
  4550K .......... .......... .......... .......... .......... 54%  143M 1s
  4600K .......... .......... .......... .......... .......... 55%  125M 1s
  4650K .......... .......... .......... .......... .......... 55%  106M 1s
  4700K .......... .......... .......... .......... .......... 56%  135M 1s
  4750K .......... .......... .......... .......... .......... 57%  128M 1s
  4800K .......... .......... .......... .......... .......... 57% 91.7M 1s
  4850K .......... .......... .......... .......... .......... 58%  113M 1s
  4900K .......... .......... .......... .......... .......... 58%  117M 1s
  4950K .......... .......... .......... .......... .......... 59% 94.7M 1s
  5000K .......... .......... .......... .......... .......... 60% 91.1M 1s
  5050K .......... .......... .......... .......... .......... 60%  112M 1s
  5100K .......... .......... .......... .......... .......... 61% 93.3M 1s
  5150K .......... .......... .......... .......... .......... 61% 94.5M 1s
  5200K .......... .......... .......... .......... .......... 62% 89.3M 1s
  5250K .......... .......... .......... .......... .......... 62%  124M 1s
  5300K .......... .......... .......... .......... .......... 63%  108M 1s
  5350K .......... .......... .......... .......... .......... 64%  121M 1s
  5400K .......... .......... .......... .......... .......... 64%  109M 1s
  5450K .......... .......... .......... .......... .......... 65%  111M 1s
  5500K .......... .......... .......... .......... .......... 65%  118M 1s
  5550K .......... .......... .......... .......... .......... 66%  123M 1s
  5600K .......... .......... .......... .......... .......... 67% 86.6M 1s
  5650K .......... .......... .......... .......... .......... 67% 95.2M 1s
  5700K .......... .......... .......... .......... .......... 68% 87.4M 1s
  5750K .......... .......... .......... .......... .......... 68%  121M 1s
  5800K .......... .......... .......... .......... .......... 69%  112M 1s
  5850K .......... .......... .......... .......... .......... 70% 96.4M 1s
  5900K .......... .......... .......... .......... .......... 70%  124M 1s
  5950K .......... .......... .......... .......... .......... 71%  108M 1s
  6000K .......... .......... .......... .......... .......... 71% 4.77M 1s
  6050K .......... .......... .......... .......... .......... 72%  117M 1s
  6100K .......... .......... .......... .......... .......... 73%  123M 1s
  6150K .......... .......... .......... .......... .......... 73%  107M 1s
  6200K .......... .......... .......... .......... .......... 74%  108M 1s
  6250K .......... .......... .......... .......... .......... 74%  122M 1s
  6300K .......... .......... .......... .......... .......... 75%  111M 1s
  6350K .......... .......... .......... .......... .......... 76%  121M 1s
  6400K .......... .......... .......... .......... .......... 76% 95.5M 1s
  6450K .......... .......... .......... .......... .......... 77%  120M 0s
  6500K .......... .......... .......... .......... .......... 77%  109M 0s
  6550K .......... .......... .......... .......... .......... 78%  117M 0s
  6600K .......... .......... .......... .......... .......... 79%  101M 0s
  6650K .......... .......... .......... .......... .......... 79%  107M 0s
  6700K .......... .......... .......... .......... .......... 80%  117M 0s
  6750K .......... .......... .......... .......... .......... 80%  123M 0s
  6800K .......... .......... .......... .......... .......... 81% 91.8M 0s
  6850K .......... .......... .......... .......... .......... 81% 89.9M 0s
  6900K .......... .......... .......... .......... .......... 82%  115M 0s
  6950K .......... .......... .......... .......... .......... 83% 38.3M 0s
  7000K .......... .......... .......... .......... .......... 83%  143M 0s
  7050K .......... .......... .......... .......... .......... 84% 59.1M 0s
  7100K .......... .......... .......... .......... .......... 84% 5.51M 0s
  7150K .......... .......... .......... .......... .......... 85%  375K 0s
  7200K .......... .......... .......... .......... .......... 86% 47.6M 0s
  7250K .......... .......... .......... .......... .......... 86% 87.9M 0s
  7300K .......... .......... .......... .......... .......... 87%  133M 0s
  7350K .......... .......... .......... .......... .......... 87% 90.5M 0s
  7400K .......... .......... .......... .......... .......... 88% 11.8M 0s
  7450K .......... .......... .......... .......... .......... 89%  129M 0s
  7500K .......... .......... .......... .......... .......... 89%  122M 0s
  7550K .......... .......... .......... .......... .......... 90%  112M 0s
  7600K .......... .......... .......... .......... .......... 90% 93.2M 0s
  7650K .......... .......... .......... .......... .......... 91%  117M 0s
  7700K .......... .......... .......... .......... .......... 92%  114M 0s
  7750K .......... .......... .......... .......... .......... 92%  116M 0s
  7800K .......... .......... .......... .......... .......... 93%  112M 0s
  7850K .......... .......... .......... .......... .......... 93%  108M 0s
  7900K .......... .......... .......... .......... .......... 94%  109M 0s
  7950K .......... .......... .......... .......... .......... 95%  113M 0s
  8000K .......... .......... .......... .......... .......... 95% 90.7M 0s
  8050K .......... .......... .......... .......... .......... 96%  107M 0s
  8100K .......... .......... .......... .......... .......... 96%  145M 0s
  8150K .......... .......... .......... .......... .......... 97%  113M 0s
  8200K .......... .......... .......... .......... .......... 98%  115M 0s
  8250K .......... .......... .......... .......... .......... 98% 97.5M 0s
  8300K .......... .......... .......... .......... .......... 99%  108M 0s
  8350K .......... .......... .......... .......... .......... 99%  120M 0s
  8400K .......... .....                                      100%  106M=1.8s

2021-12-11 22:27:26 (4.51 MB/s) - `apache-maven-3.3.9-bin.zip' saved [8617253/8617253]

travis_time:end:07483fa4:start=1639261642847991569,finish=1639261646333839745,duration=3485848176[0Ktravis_fold:end:before_install.1[0Ktravis_fold:start:before_install.2[0Ktravis_time:start:1f6bcd5c[0K$ if [ "$TRAVIS_OS_NAME" == "linux" ] && [ "$JVM" == "latest" ]; then sudo apt-get update -qq; sudo /bin/echo -e oracle-java9-installer shared/accepted-oracle-license-v1-1 select true | sudo debconf-set-selections; sudo apt-get -o Dpkg::Options::="--force-confnew" install -y oracle-java9-installer oracle-java9-set-default oracle-java9-unlimited-jce-policy; sudo update-java-alternatives -s java-9-oracle; fi
travis_time:end:1f6bcd5c:start=1639261646340485173,finish=1639261646344888730,duration=4403557[0Ktravis_fold:end:before_install.2[0Ktravis_fold:start:install[0Ktravis_time:start:03f5c960[0K$ true
travis_time:end:03f5c960:start=1639261646351126387,finish=1639261646355659648,duration=4533261[0Ktravis_fold:end:install[0Ktravis_time:start:01bfbbc8[0K$ mvn clean test verify -Dhttps.protocols=TLSv1.2 -B
Java HotSpot(TM) 64-Bit Server VM warning: ignoring option MaxPermSize=192m; support was removed in 8.0
[INFO] Scanning for projects...
[INFO] ------------------------------------------------------------------------
[INFO] Reactor Build Order:
[INFO] 
[INFO] GraphHopper Parent Project
[INFO] GraphHopper Core
[INFO] GraphHopper Reader for OpenStreetMap Data
[INFO] GraphHopper Reader JSON
[INFO] GraphHopper Tools
[INFO] GraphHopper Web
[INFO] GraphHopper Reader for Shapefile Data
[INFO]                                                                         
[INFO] ------------------------------------------------------------------------
[INFO] Building GraphHopper Parent Project 0.9-SNAPSHOT
[INFO] ------------------------------------------------------------------------
[INFO] 
[INFO] --- maven-clean-plugin:2.5:clean (default-clean) @ graphhopper-parent ---
[INFO] 
[INFO] --- maven-failsafe-plugin:2.19.1:integration-test (default) @ graphhopper-parent ---
[INFO] No tests to run.
[INFO] 
[INFO] --- maven-failsafe-plugin:2.19.1:verify (default) @ graphhopper-parent ---
[INFO]                                                                         
[INFO] ------------------------------------------------------------------------
[INFO] Building GraphHopper Core 0.9-SNAPSHOT
[INFO] ------------------------------------------------------------------------
[INFO] 
[INFO] --- maven-clean-plugin:2.5:clean (default-clean) @ graphhopper-core ---
[INFO] 
[INFO] --- maven-resources-plugin:2.6:resources (default-resources) @ graphhopper-core ---
[INFO] Using 'UTF-8' encoding to copy filtered resources.
[INFO] Copying 2 resources
[INFO] Copying 46 resources
[INFO] 
[INFO] --- maven-compiler-plugin:3.5.1:compile (default-compile) @ graphhopper-core ---
[INFO] Changes detected - recompiling the module!
[INFO] Compiling 260 source files to /home/travis/build/passed/graphhopper/graphhopper/core/target/classes
[INFO] 
[INFO] --- maven-resources-plugin:2.6:testResources (default-testResources) @ graphhopper-core ---
[INFO] Using 'UTF-8' encoding to copy filtered resources.
[INFO] Copying 11 resources
[INFO] 
[INFO] --- maven-compiler-plugin:3.5.1:testCompile (default-testCompile) @ graphhopper-core ---
[INFO] Changes detected - recompiling the module!
[INFO] Compiling 130 source files to /home/travis/build/passed/graphhopper/graphhopper/core/target/test-classes
[INFO] 
[INFO] --- maven-surefire-plugin:2.19.1:test (default-test) @ graphhopper-core ---

-------------------------------------------------------
 T E S T S
-------------------------------------------------------
Running com.graphhopper.reader.dem.SRTMProviderTest
Tests run: 4, Failures: 0, Errors: 0, Skipped: 0, Time elapsed: 9.3 sec - in com.graphhopper.reader.dem.SRTMProviderTest
Running com.graphhopper.reader.dem.HeightTileTest
Tests run: 3, Failures: 0, Errors: 0, Skipped: 0, Time elapsed: 0.001 sec - in com.graphhopper.reader.dem.HeightTileTest
Running com.graphhopper.reader.dem.TunnelElevationInterpolatorTest
Tests run: 5, Failures: 0, Errors: 0, Skipped: 0, Time elapsed: 0.067 sec - in com.graphhopper.reader.dem.TunnelElevationInterpolatorTest
Running com.graphhopper.reader.dem.ElevationInterpolatorTest
Tests run: 3, Failures: 0, Errors: 0, Skipped: 0, Time elapsed: 0.001 sec - in com.graphhopper.reader.dem.ElevationInterpolatorTest
Running com.graphhopper.reader.dem.BridgeElevationInterpolatorTest
Tests run: 1, Failures: 0, Errors: 0, Skipped: 0, Time elapsed: 0.003 sec - in com.graphhopper.reader.dem.BridgeElevationInterpolatorTest
Running com.graphhopper.reader.dem.CGIARProviderTest
Tests run: 3, Failures: 0, Errors: 0, Skipped: 0, Time elapsed: 0.423 sec - in com.graphhopper.reader.dem.CGIARProviderTest
Running com.graphhopper.reader.osm.conditional.DateRangeParserTest
Tests run: 18, Failures: 0, Errors: 0, Skipped: 0, Time elapsed: 0.044 sec - in com.graphhopper.reader.osm.conditional.DateRangeParserTest
Running com.graphhopper.reader.osm.conditional.ConditionalOSMTagInspectorTest
Tests run: 7, Failures: 0, Errors: 0, Skipped: 0, Time elapsed: 0.008 sec - in com.graphhopper.reader.osm.conditional.ConditionalOSMTagInspectorTest
Running com.graphhopper.reader.osm.conditional.ConditionalParserTest
Tests run: 5, Failures: 0, Errors: 0, Skipped: 0, Time elapsed: 0.003 sec - in com.graphhopper.reader.osm.conditional.ConditionalParserTest
Running com.graphhopper.reader.PrinctonReaderTest
Tests run: 2, Failures: 0, Errors: 0, Skipped: 0, Time elapsed: 0.043 sec - in com.graphhopper.reader.PrinctonReaderTest
Running com.graphhopper.reader.OSMNodeTest
Tests run: 1, Failures: 0, Errors: 0, Skipped: 0, Time elapsed: 0.001 sec - in com.graphhopper.reader.OSMNodeTest
Running com.graphhopper.reader.OSMElementTest
Tests run: 2, Failures: 0, Errors: 0, Skipped: 0, Time elapsed: 0.001 sec - in com.graphhopper.reader.OSMElementTest
Running com.graphhopper.routing.ch.PrepareEncoderTest
Tests run: 1, Failures: 0, Errors: 0, Skipped: 0, Time elapsed: 0.002 sec - in com.graphhopper.routing.ch.PrepareEncoderTest
Running com.graphhopper.routing.ch.CHAlgoFactoryDecoratorTest
Tests run: 1, Failures: 0, Errors: 0, Skipped: 0, Time elapsed: 0.001 sec - in com.graphhopper.routing.ch.CHAlgoFactoryDecoratorTest
Running com.graphhopper.routing.ch.PrepareContractionHierarchiesTest
Tests run: 18, Failures: 0, Errors: 0, Skipped: 0, Time elapsed: 0.208 sec - in com.graphhopper.routing.ch.PrepareContractionHierarchiesTest
Running com.graphhopper.routing.ch.DijkstraBidirectionCHTest
Tests run: 27, Failures: 0, Errors: 0, Skipped: 0, Time elapsed: 0.532 sec - in com.graphhopper.routing.ch.DijkstraBidirectionCHTest
Running com.graphhopper.routing.DijkstraBidirectionRefTest
Tests run: 96, Failures: 0, Errors: 0, Skipped: 0, Time elapsed: 0.548 sec - in com.graphhopper.routing.DijkstraBidirectionRefTest
Running com.graphhopper.routing.weighting.FastestWeightingTest
Tests run: 4, Failures: 0, Errors: 0, Skipped: 0, Time elapsed: 0.005 sec - in com.graphhopper.routing.weighting.FastestWeightingTest
Running com.graphhopper.routing.weighting.ShortFastestWeightingTest
Tests run: 2, Failures: 0, Errors: 0, Skipped: 0, Time elapsed: 0.001 sec - in com.graphhopper.routing.weighting.ShortFastestWeightingTest
Running com.graphhopper.routing.weighting.AbstractWeightingTest
Tests run: 1, Failures: 0, Errors: 0, Skipped: 0, Time elapsed: 0 sec - in com.graphhopper.routing.weighting.AbstractWeightingTest
Running com.graphhopper.routing.weighting.GenericWeightingTest
Tests run: 6, Failures: 0, Errors: 0, Skipped: 0, Time elapsed: 0.047 sec - in com.graphhopper.routing.weighting.GenericWeightingTest
Running com.graphhopper.routing.util.EncodedDoubleValueTest
Tests run: 4, Failures: 0, Errors: 0, Skipped: 0, Time elapsed: 0 sec - in com.graphhopper.routing.util.EncodedDoubleValueTest
Running com.graphhopper.routing.util.HikeFlagEncoderTest
Tests run: 1, Failures: 0, Errors: 0, Skipped: 0, Time elapsed: 0 sec - in com.graphhopper.routing.util.HikeFlagEncoderTest
Running com.graphhopper.routing.util.AbstractFlagEncoderTest
Tests run: 1, Failures: 0, Errors: 0, Skipped: 0, Time elapsed: 0 sec - in com.graphhopper.routing.util.AbstractFlagEncoderTest
Running com.graphhopper.routing.util.NameSimilarityEdgeFilterTest
Tests run: 4, Failures: 0, Errors: 0, Skipped: 0, Time elapsed: 0.007 sec - in com.graphhopper.routing.util.NameSimilarityEdgeFilterTest
Running com.graphhopper.routing.util.MountainBikeFlagEncoderTest
Tests run: 17, Failures: 0, Errors: 0, Skipped: 0, Time elapsed: 0.041 sec - in com.graphhopper.routing.util.MountainBikeFlagEncoderTest
Running com.graphhopper.routing.util.EncodingManagerTest
Tests run: 10, Failures: 0, Errors: 0, Skipped: 0, Time elapsed: 0.017 sec - in com.graphhopper.routing.util.EncodingManagerTest
Running com.graphhopper.routing.util.RacingBikeFlagEncoderTest
Tests run: 18, Failures: 0, Errors: 0, Skipped: 0, Time elapsed: 0.009 sec - in com.graphhopper.routing.util.RacingBikeFlagEncoderTest
Running com.graphhopper.routing.util.DataFlagEncoderTest
Tests run: 17, Failures: 0, Errors: 0, Skipped: 0, Time elapsed: 0.03 sec - in com.graphhopper.routing.util.DataFlagEncoderTest
Running com.graphhopper.routing.util.BikeFlagEncoderTest
Tests run: 25, Failures: 0, Errors: 0, Skipped: 0, Time elapsed: 0.009 sec - in com.graphhopper.routing.util.BikeFlagEncoderTest
Running com.graphhopper.routing.util.tour.SinglePointTourTest
Tests run: 1, Failures: 0, Errors: 0, Skipped: 0, Time elapsed: 0 sec - in com.graphhopper.routing.util.tour.SinglePointTourTest
Running com.graphhopper.routing.util.CarFlagEncoderTest
Tests run: 21, Failures: 0, Errors: 0, Skipped: 0, Time elapsed: 0.008 sec - in com.graphhopper.routing.util.CarFlagEncoderTest
Running com.graphhopper.routing.util.spatialrules.PolygonTest
Tests run: 1, Failures: 0, Errors: 0, Skipped: 0, Time elapsed: 0.008 sec - in com.graphhopper.routing.util.spatialrules.PolygonTest
Running com.graphhopper.routing.util.Bike2WeightFlagEncoderTest
Tests run: 29, Failures: 0, Errors: 0, Skipped: 0, Time elapsed: 0.014 sec - in com.graphhopper.routing.util.Bike2WeightFlagEncoderTest
Running com.graphhopper.routing.util.FootFlagEncoderTest
Tests run: 12, Failures: 0, Errors: 0, Skipped: 0, Time elapsed: 0.013 sec - in com.graphhopper.routing.util.FootFlagEncoderTest
Running com.graphhopper.routing.util.EncodedValueTest
Tests run: 2, Failures: 0, Errors: 0, Skipped: 0, Time elapsed: 0 sec - in com.graphhopper.routing.util.EncodedValueTest
Running com.graphhopper.routing.util.MotorcycleFlagEncoderTest
Tests run: 4, Failures: 0, Errors: 0, Skipped: 0, Time elapsed: 0.004 sec - in com.graphhopper.routing.util.MotorcycleFlagEncoderTest
Running com.graphhopper.routing.util.Car4WDFlagEncoderTest
Tests run: 21, Failures: 0, Errors: 0, Skipped: 0, Time elapsed: 0.011 sec - in com.graphhopper.routing.util.Car4WDFlagEncoderTest
Running com.graphhopper.routing.QueryGraphTest
Tests run: 17, Failures: 0, Errors: 0, Skipped: 0, Time elapsed: 0.058 sec - in com.graphhopper.routing.QueryGraphTest
Running com.graphhopper.routing.subnetwork.SubnetworkStorageTest
Tests run: 1, Failures: 0, Errors: 0, Skipped: 0, Time elapsed: 0 sec - in com.graphhopper.routing.subnetwork.SubnetworkStorageTest
Running com.graphhopper.routing.subnetwork.PrepareRoutingSubnetworksTest
Tests run: 9, Failures: 0, Errors: 0, Skipped: 0, Time elapsed: 0.039 sec - in com.graphhopper.routing.subnetwork.PrepareRoutingSubnetworksTest
Running com.graphhopper.routing.DijkstraTest
Tests run: 96, Failures: 0, Errors: 0, Skipped: 0, Time elapsed: 0.312 sec - in com.graphhopper.routing.DijkstraTest
Running com.graphhopper.routing.template.RoundTripRoutingTemplateTest
Tests run: 1, Failures: 0, Errors: 0, Skipped: 0, Time elapsed: 0.007 sec - in com.graphhopper.routing.template.RoundTripRoutingTemplateTest
Running com.graphhopper.routing.AlternativeRouteTest
Tests run: 6, Failures: 0, Errors: 0, Skipped: 0, Time elapsed: 0.016 sec - in com.graphhopper.routing.AlternativeRouteTest
Running com.graphhopper.routing.AStarBidirectionTest
Tests run: 100, Failures: 0, Errors: 0, Skipped: 0, Time elapsed: 0.282 sec - in com.graphhopper.routing.AStarBidirectionTest
Running com.graphhopper.routing.EdgeBasedRoutingAlgorithmTest
Tests run: 12, Failures: 0, Errors: 0, Skipped: 0, Time elapsed: 0.026 sec - in com.graphhopper.routing.EdgeBasedRoutingAlgorithmTest
Running com.graphhopper.routing.PathBidirRefTest
Tests run: 2, Failures: 0, Errors: 0, Skipped: 0, Time elapsed: 0.004 sec - in com.graphhopper.routing.PathBidirRefTest
Running com.graphhopper.routing.lm.LMAlgoFactoryDecoratorTest
Tests run: 1, Failures: 0, Errors: 0, Skipped: 0, Time elapsed: 0.005 sec - in com.graphhopper.routing.lm.LMAlgoFactoryDecoratorTest
Running com.graphhopper.routing.lm.LandmarkStorageTest
2021-12-11 22:28:08,485 [main] WARN  com.graphhopper.routing.lm.LandmarkStorage - next start node not found in big enough network of size 2, first element is 5, 0.0,0.0
Tests run: 7, Failures: 0, Errors: 0, Skipped: 0, Time elapsed: 0.024 sec - in com.graphhopper.routing.lm.LandmarkStorageTest
Running com.graphhopper.routing.lm.PrepareLandmarksTest
Tests run: 2, Failures: 0, Errors: 0, Skipped: 0, Time elapsed: 0.041 sec - in com.graphhopper.routing.lm.PrepareLandmarksTest
Running com.graphhopper.routing.AStarTest
Tests run: 96, Failures: 0, Errors: 0, Skipped: 0, Time elapsed: 0.378 sec - in com.graphhopper.routing.AStarTest
Running com.graphhopper.routing.DijkstraOneToManyTest
Tests run: 30, Failures: 0, Errors: 0, Skipped: 0, Time elapsed: 0.083 sec - in com.graphhopper.routing.DijkstraOneToManyTest
Running com.graphhopper.routing.PathTest
Tests run: 8, Failures: 0, Errors: 0, Skipped: 0, Time elapsed: 0.036 sec - in com.graphhopper.routing.PathTest
Running com.graphhopper.storage.index.BresenhamLineTest
Tests run: 9, Failures: 0, Errors: 0, Skipped: 0, Time elapsed: 0.001 sec - in com.graphhopper.storage.index.BresenhamLineTest
Running com.graphhopper.storage.index.Location2IDQuadtreeTest
Tests run: 8, Failures: 0, Errors: 0, Skipped: 0, Time elapsed: 5.495 sec - in com.graphhopper.storage.index.Location2IDQuadtreeTest
Running com.graphhopper.storage.index.Location2IDFullWithEdgesIndexTest
Tests run: 8, Failures: 0, Errors: 0, Skipped: 0, Time elapsed: 0.736 sec - in com.graphhopper.storage.index.Location2IDFullWithEdgesIndexTest
Running com.graphhopper.storage.index.Location2IDFullIndexTest
Tests run: 8, Failures: 0, Errors: 0, Skipped: 0, Time elapsed: 0.556 sec - in com.graphhopper.storage.index.Location2IDFullIndexTest
Running com.graphhopper.storage.index.LocationIndexTreeCHTest
Tests run: 22, Failures: 0, Errors: 0, Skipped: 0, Time elapsed: 2.519 sec - in com.graphhopper.storage.index.LocationIndexTreeCHTest
Running com.graphhopper.storage.index.LocationIndexTreeTest
Tests run: 19, Failures: 0, Errors: 0, Skipped: 0, Time elapsed: 2.019 sec - in com.graphhopper.storage.index.LocationIndexTreeTest
Running com.graphhopper.storage.GraphHopperStorageWithTurnCostsTest
Tests run: 48, Failures: 0, Errors: 0, Skipped: 0, Time elapsed: 3.306 sec - in com.graphhopper.storage.GraphHopperStorageWithTurnCostsTest
Running com.graphhopper.storage.GraphHopperStorageTest
Tests run: 47, Failures: 0, Errors: 0, Skipped: 0, Time elapsed: 2.203 sec - in com.graphhopper.storage.GraphHopperStorageTest
Running com.graphhopper.storage.MMapDirectoryTest
Tests run: 4, Failures: 0, Errors: 0, Skipped: 0, Time elapsed: 0.672 sec - in com.graphhopper.storage.MMapDirectoryTest
Running com.graphhopper.storage.RAMIntDataAccessTest
Tests run: 14, Failures: 0, Errors: 0, Skipped: 0, Time elapsed: 0.006 sec - in com.graphhopper.storage.RAMIntDataAccessTest
Running com.graphhopper.storage.MMapDataAccessTest
Tests run: 16, Failures: 0, Errors: 0, Skipped: 0, Time elapsed: 5.38 sec - in com.graphhopper.storage.MMapDataAccessTest
Running com.graphhopper.storage.UnsafeDataAccessTest
Tests run: 15, Failures: 0, Errors: 0, Skipped: 0, Time elapsed: 0.012 sec - in com.graphhopper.storage.UnsafeDataAccessTest
Running com.graphhopper.storage.StorablePropertiesTest
Tests run: 3, Failures: 0, Errors: 0, Skipped: 0, Time elapsed: 0.001 sec - in com.graphhopper.storage.StorablePropertiesTest
Running com.graphhopper.storage.NativeFSLockFactoryTest
Tests run: 3, Failures: 0, Errors: 0, Skipped: 0, Time elapsed: 0.004 sec - in com.graphhopper.storage.NativeFSLockFactoryTest
Running com.graphhopper.storage.RAMDataAccessTest
Tests run: 14, Failures: 0, Errors: 0, Skipped: 0, Time elapsed: 0.009 sec - in com.graphhopper.storage.RAMDataAccessTest
Running com.graphhopper.storage.GraphHopperStorageForDataFlagEncoderTest
Tests run: 1, Failures: 0, Errors: 0, Skipped: 0, Time elapsed: 0.064 sec - in com.graphhopper.storage.GraphHopperStorageForDataFlagEncoderTest
Running com.graphhopper.storage.SimpleFSLockFactoryTest
Tests run: 2, Failures: 0, Errors: 0, Skipped: 0, Time elapsed: 0.001 sec - in com.graphhopper.storage.SimpleFSLockFactoryTest
Running com.graphhopper.storage.GraphHopperStorageCHTest
Tests run: 56, Failures: 0, Errors: 0, Skipped: 0, Time elapsed: 1.04 sec - in com.graphhopper.storage.GraphHopperStorageCHTest
Running com.graphhopper.storage.SynchedDAWrapperTest
Tests run: 14, Failures: 0, Errors: 0, Skipped: 0, Time elapsed: 0.008 sec - in com.graphhopper.storage.SynchedDAWrapperTest
Running com.graphhopper.storage.VLongStorageTest
Tests run: 2, Failures: 0, Errors: 0, Skipped: 0, Time elapsed: 0 sec - in com.graphhopper.storage.VLongStorageTest
Running com.graphhopper.storage.GraphEdgeIdFinderTest
Tests run: 1, Failures: 0, Errors: 0, Skipped: 0, Time elapsed: 0.003 sec - in com.graphhopper.storage.GraphEdgeIdFinderTest
Running com.graphhopper.storage.GraphStorageViaMMapTest
Tests run: 39, Failures: 0, Errors: 0, Skipped: 0, Time elapsed: 31.416 sec - in com.graphhopper.storage.GraphStorageViaMMapTest
Running com.graphhopper.storage.RAMDirectoryTest
Tests run: 4, Failures: 0, Errors: 0, Skipped: 0, Time elapsed: 0.002 sec - in com.graphhopper.storage.RAMDirectoryTest
Running com.graphhopper.storage.EdgeTest
Tests run: 1, Failures: 0, Errors: 0, Skipped: 0, Time elapsed: 0 sec - in com.graphhopper.storage.EdgeTest
Running com.graphhopper.util.shapes.CircleTest
Tests run: 5, Failures: 0, Errors: 0, Skipped: 0, Time elapsed: 0 sec - in com.graphhopper.util.shapes.CircleTest
Running com.graphhopper.util.shapes.GHPointTest
Tests run: 1, Failures: 0, Errors: 0, Skipped: 0, Time elapsed: 0.001 sec - in com.graphhopper.util.shapes.GHPointTest
Running com.graphhopper.util.shapes.BBoxTest
Tests run: 8, Failures: 0, Errors: 0, Skipped: 0, Time elapsed: 0 sec - in com.graphhopper.util.shapes.BBoxTest
Running com.graphhopper.util.shapes.GHPoint3DTest
Tests run: 1, Failures: 0, Errors: 0, Skipped: 0, Time elapsed: 0 sec - in com.graphhopper.util.shapes.GHPoint3DTest
Running com.graphhopper.util.SimpleIntDequeTest
Tests run: 3, Failures: 0, Errors: 0, Skipped: 0, Time elapsed: 0 sec - in com.graphhopper.util.SimpleIntDequeTest
Running com.graphhopper.util.BitUtilBigTest
Tests run: 10, Failures: 0, Errors: 0, Skipped: 0, Time elapsed: 0 sec - in com.graphhopper.util.BitUtilBigTest
Running com.graphhopper.util.ConfigMapTest
Tests run: 1, Failures: 0, Errors: 0, Skipped: 0, Time elapsed: 0 sec - in com.graphhopper.util.ConfigMapTest
Running com.graphhopper.util.HelperTest
Tests run: 9, Failures: 0, Errors: 0, Skipped: 0, Time elapsed: 0 sec - in com.graphhopper.util.HelperTest
Running com.graphhopper.util.PointListTest
Tests run: 4, Failures: 0, Errors: 0, Skipped: 0, Time elapsed: 0 sec - in com.graphhopper.util.PointListTest
Running com.graphhopper.util.TranslationMapTest
Tests run: 2, Failures: 0, Errors: 0, Skipped: 0, Time elapsed: 0 sec - in com.graphhopper.util.TranslationMapTest
Running com.graphhopper.util.BitUtilLittleTest
Tests run: 10, Failures: 0, Errors: 0, Skipped: 0, Time elapsed: 0 sec - in com.graphhopper.util.BitUtilLittleTest
Running com.graphhopper.util.GHUtilityTest
Tests run: 7, Failures: 0, Errors: 0, Skipped: 0, Time elapsed: 0.049 sec - in com.graphhopper.util.GHUtilityTest
Running com.graphhopper.util.InstructionTest
Tests run: 1, Failures: 0, Errors: 0, Skipped: 0, Time elapsed: 0 sec - in com.graphhopper.util.InstructionTest
Running com.graphhopper.util.CHEdgeIteratorTest
Tests run: 1, Failures: 0, Errors: 0, Skipped: 0, Time elapsed: 0.001 sec - in com.graphhopper.util.CHEdgeIteratorTest
Running com.graphhopper.util.PMapTest
Tests run: 6, Failures: 0, Errors: 0, Skipped: 0, Time elapsed: 0 sec - in com.graphhopper.util.PMapTest
Running com.graphhopper.util.DistanceCalcEarthTest
Tests run: 6, Failures: 0, Errors: 0, Skipped: 0, Time elapsed: 0 sec - in com.graphhopper.util.DistanceCalcEarthTest
Running com.graphhopper.util.InstructionListTest
Tests run: 11, Failures: 0, Errors: 0, Skipped: 0, Time elapsed: 0.229 sec - in com.graphhopper.util.InstructionListTest
Running com.graphhopper.util.FinishInstructionTest
Tests run: 1, Failures: 0, Errors: 0, Skipped: 0, Time elapsed: 0 sec - in com.graphhopper.util.FinishInstructionTest
Running com.graphhopper.util.AngleCalcTest
Tests run: 8, Failures: 0, Errors: 0, Skipped: 0, Time elapsed: 0 sec - in com.graphhopper.util.AngleCalcTest
Running com.graphhopper.util.DouglasPeuckerTest
Tests run: 4, Failures: 0, Errors: 0, Skipped: 0, Time elapsed: 0.003 sec - in com.graphhopper.util.DouglasPeuckerTest
Running com.graphhopper.util.BreadthFirstSearchTest
Tests run: 2, Failures: 0, Errors: 0, Skipped: 0, Time elapsed: 0.003 sec - in com.graphhopper.util.BreadthFirstSearchTest
Running com.graphhopper.util.DepthFirstSearchTest
Tests run: 2, Failures: 0, Errors: 0, Skipped: 0, Time elapsed: 0.002 sec - in com.graphhopper.util.DepthFirstSearchTest
Running com.graphhopper.coll.OSMIDMapTest
Tests run: 5, Failures: 0, Errors: 0, Skipped: 0, Time elapsed: 0.004 sec - in com.graphhopper.coll.OSMIDMapTest
Running com.graphhopper.coll.CompressedArrayTest
Tests run: 2, Failures: 0, Errors: 0, Skipped: 0, Time elapsed: 0.024 sec - in com.graphhopper.coll.CompressedArrayTest
Running com.graphhopper.coll.GHTreeMapComposedTest
Tests run: 1, Failures: 0, Errors: 0, Skipped: 0, Time elapsed: 0.001 sec - in com.graphhopper.coll.GHTreeMapComposedTest
Running com.graphhopper.coll.GHIntArrayListTest
Tests run: 3, Failures: 0, Errors: 0, Skipped: 0, Time elapsed: 0 sec - in com.graphhopper.coll.GHIntArrayListTest
Running com.graphhopper.coll.GHTBitSetTest
Tests run: 5, Failures: 0, Errors: 0, Skipped: 0, Time elapsed: 0 sec - in com.graphhopper.coll.GHTBitSetTest
Running com.graphhopper.coll.GHLongIntBTreeTest
Tests run: 6, Failures: 0, Errors: 0, Skipped: 0, Time elapsed: 0.047 sec - in com.graphhopper.coll.GHLongIntBTreeTest
Running com.graphhopper.coll.BitSetImplTest
Tests run: 5, Failures: 0, Errors: 0, Skipped: 0, Time elapsed: 0 sec - in com.graphhopper.coll.BitSetImplTest
Running com.graphhopper.coll.GHSortedCollectionTest
Tests run: 3, Failures: 0, Errors: 0, Skipped: 0, Time elapsed: 0.001 sec - in com.graphhopper.coll.GHSortedCollectionTest
Running com.graphhopper.geohash.SpatialKeyAlgoTest
Tests run: 10, Failures: 0, Errors: 0, Skipped: 0, Time elapsed: 0 sec - in com.graphhopper.geohash.SpatialKeyAlgoTest
Running com.graphhopper.geohash.LinearKeyAlgoTest
Tests run: 3, Failures: 0, Errors: 0, Skipped: 0, Time elapsed: 0 sec - in com.graphhopper.geohash.LinearKeyAlgoTest
Running com.graphhopper.GHResponseTest
Tests run: 2, Failures: 0, Errors: 0, Skipped: 0, Time elapsed: 0 sec - in com.graphhopper.GHResponseTest
Running com.graphhopper.apache.commons.lang3.StringUtilsTest
Tests run: 3, Failures: 0, Errors: 0, Skipped: 0, Time elapsed: 0 sec - in com.graphhopper.apache.commons.lang3.StringUtilsTest
Running com.graphhopper.apache.commons.collections.IntDoubleBinaryHeapTest
Tests run: 6, Failures: 0, Errors: 0, Skipped: 0, Time elapsed: 0.001 sec - in com.graphhopper.apache.commons.collections.IntDoubleBinaryHeapTest
Running com.graphhopper.search.NameIndexTest
Tests run: 5, Failures: 0, Errors: 0, Skipped: 0, Time elapsed: 0.005 sec - in com.graphhopper.search.NameIndexTest
Running com.graphhopper.GraphHopperAPITest
Tests run: 4, Failures: 0, Errors: 0, Skipped: 0, Time elapsed: 0.518 sec - in com.graphhopper.GraphHopperAPITest
Running com.graphhopper.GHRequestTest
Tests run: 2, Failures: 0, Errors: 0, Skipped: 0, Time elapsed: 0.001 sec - in com.graphhopper.GHRequestTest

Results :

Tests run: 1312, Failures: 0, Errors: 0, Skipped: 0

[INFO] 
[INFO] --- maven-resources-plugin:2.6:resources (default-resources) @ graphhopper-core ---
[INFO] Using 'UTF-8' encoding to copy filtered resources.
[INFO] Copying 2 resources
[INFO] Copying 46 resources
[INFO] 
[INFO] --- maven-compiler-plugin:3.5.1:compile (default-compile) @ graphhopper-core ---
[INFO] Nothing to compile - all classes are up to date
[INFO] 
[INFO] --- maven-resources-plugin:2.6:testResources (default-testResources) @ graphhopper-core ---
[INFO] Using 'UTF-8' encoding to copy filtered resources.
[INFO] Copying 11 resources
[INFO] 
[INFO] --- maven-compiler-plugin:3.5.1:testCompile (default-testCompile) @ graphhopper-core ---
[INFO] Nothing to compile - all classes are up to date
[INFO] 
[INFO] --- maven-surefire-plugin:2.19.1:test (default-test) @ graphhopper-core ---
[INFO] Skipping execution of surefire because it has already been run for this configuration
[INFO] 
[INFO] --- maven-jar-plugin:3.0.2:jar (default-jar) @ graphhopper-core ---
[INFO] Building jar: /home/travis/build/passed/graphhopper/graphhopper/core/target/graphhopper-core-0.9-SNAPSHOT.jar
[INFO] 
[INFO] --- maven-jar-plugin:3.0.2:test-jar (default) @ graphhopper-core ---
[INFO] Building jar: /home/travis/build/passed/graphhopper/graphhopper/core/target/graphhopper-core-0.9-SNAPSHOT-tests.jar
[INFO] 
[INFO] --- maven-failsafe-plugin:2.19.1:integration-test (default) @ graphhopper-core ---

-------------------------------------------------------
 T E S T S
-------------------------------------------------------
Running com.graphhopper.routing.RoutingAlgorithmIT
# RoutingAlgorithmIT algoEntry(astar):0.21449436, per run:0.026811795
# RoutingAlgorithmIT algoEntry(dijkstra):0.17655638, per run:0.022069547
# RoutingAlgorithmIT algoEntry(astarbi):0.12719607, per run:0.01589951
# RoutingAlgorithmIT algoEntry(dijkstrabi):0.09074949, per run:0.011343686
Tests run: 1, Failures: 0, Errors: 0, Skipped: 0, Time elapsed: 1.506 sec - in com.graphhopper.routing.RoutingAlgorithmIT

Results :

Tests run: 1, Failures: 0, Errors: 0, Skipped: 0

[INFO] 
[INFO] --- maven-failsafe-plugin:2.19.1:verify (default) @ graphhopper-core ---
[INFO]                                                                         
[INFO] ------------------------------------------------------------------------
[INFO] Building GraphHopper Reader for OpenStreetMap Data 0.9-SNAPSHOT
[INFO] ------------------------------------------------------------------------
[INFO] 
[INFO] --- maven-clean-plugin:2.5:clean (default-clean) @ graphhopper-reader-osm ---
[INFO] 
[INFO] --- maven-resources-plugin:2.6:resources (default-resources) @ graphhopper-reader-osm ---
[INFO] Using 'UTF-8' encoding to copy filtered resources.
[INFO] skip non existing resourceDirectory /home/travis/build/passed/graphhopper/graphhopper/reader-osm/src/main/resources
[INFO] 
[INFO] --- maven-compiler-plugin:3.5.1:compile (default-compile) @ graphhopper-reader-osm ---
[INFO] Changes detected - recompiling the module!
[INFO] Compiling 16 source files to /home/travis/build/passed/graphhopper/graphhopper/reader-osm/target/classes
[INFO] 
[INFO] --- maven-resources-plugin:2.6:testResources (default-testResources) @ graphhopper-reader-osm ---
[INFO] Using 'UTF-8' encoding to copy filtered resources.
[INFO] Copying 14 resources
[INFO] 
[INFO] --- maven-compiler-plugin:3.5.1:testCompile (default-testCompile) @ graphhopper-reader-osm ---
[INFO] Changes detected - recompiling the module!
[INFO] Compiling 6 source files to /home/travis/build/passed/graphhopper/graphhopper/reader-osm/target/test-classes
[INFO] 
[INFO] --- maven-surefire-plugin:2.19.1:test (default-test) @ graphhopper-reader-osm ---

-------------------------------------------------------
 T E S T S
-------------------------------------------------------
Running com.graphhopper.reader.osm.OSMReaderTest
2021-12-11 22:29:20,031 [main] WARN  com.graphhopper.reader.osm.OSMReader - Parsing error in way with OSMID=17 : Cannot parse duration tag value: P01:10
2021-12-11 22:29:20,036 [main] WARN  com.graphhopper.routing.util.AbstractFlagEncoder - Unrealistic long duration ignored in way with way ID=18 : Duration tag value=P1M (=44640 minutes)
2021-12-11 22:29:20,036 [main] WARN  com.graphhopper.routing.util.AbstractFlagEncoder - Unrealistic long duration ignored in way with way ID=18 : Duration tag value=P1M (=44640 minutes)
2021-12-11 22:29:20,036 [main] WARN  com.graphhopper.routing.util.AbstractFlagEncoder - Unrealistic long duration ignored in way with way ID=18 : Duration tag value=P1M (=44640 minutes)
2021-12-11 22:29:21,788 [main] WARN  com.graphhopper.reader.osm.OSMReader - Parsing error in way with OSMID=17 : Cannot parse duration tag value: P01:10
2021-12-11 22:29:21,788 [main] WARN  com.graphhopper.routing.util.AbstractFlagEncoder - Unrealistic long duration ignored in way with way ID=18 : Duration tag value=P1M (=44640 minutes)
2021-12-11 22:29:21,788 [main] WARN  com.graphhopper.routing.util.AbstractFlagEncoder - Unrealistic long duration ignored in way with way ID=18 : Duration tag value=P1M (=44640 minutes)
2021-12-11 22:29:21,788 [main] WARN  com.graphhopper.routing.util.AbstractFlagEncoder - Unrealistic long duration ignored in way with way ID=18 : Duration tag value=P1M (=44640 minutes)
2021-12-11 22:29:21,859 [main] WARN  com.graphhopper.reader.osm.OSMReader - Parsing error in way with OSMID=17 : Cannot parse duration tag value: P01:10
2021-12-11 22:29:21,859 [main] WARN  com.graphhopper.routing.util.AbstractFlagEncoder - Unrealistic long duration ignored in way with way ID=18 : Duration tag value=P1M (=44640 minutes)
2021-12-11 22:29:21,860 [main] WARN  com.graphhopper.routing.util.AbstractFlagEncoder - Unrealistic long duration ignored in way with way ID=18 : Duration tag value=P1M (=44640 minutes)
2021-12-11 22:29:21,860 [main] WARN  com.graphhopper.routing.util.AbstractFlagEncoder - Unrealistic long duration ignored in way with way ID=18 : Duration tag value=P1M (=44640 minutes)
Tests run: 22, Failures: 0, Errors: 0, Skipped: 0, Time elapsed: 2.491 sec - in com.graphhopper.reader.osm.OSMReaderTest
Running com.graphhopper.reader.osm.OSMTagParserTest
Tests run: 2, Failures: 0, Errors: 0, Skipped: 0, Time elapsed: 0 sec - in com.graphhopper.reader.osm.OSMTagParserTest
Running com.graphhopper.reader.osm.GraphHopperOSMTest
Tests run: 25, Failures: 0, Errors: 0, Skipped: 0, Time elapsed: 1.895 sec - in com.graphhopper.reader.osm.GraphHopperOSMTest
Running com.graphhopper.reader.osm.OSMTurnRelationTest
Tests run: 1, Failures: 0, Errors: 0, Skipped: 0, Time elapsed: 0.014 sec - in com.graphhopper.reader.osm.OSMTurnRelationTest

Results :

Tests run: 50, Failures: 0, Errors: 0, Skipped: 0

[INFO] 
[INFO] --- maven-resources-plugin:2.6:resources (default-resources) @ graphhopper-reader-osm ---
[INFO] Using 'UTF-8' encoding to copy filtered resources.
[INFO] skip non existing resourceDirectory /home/travis/build/passed/graphhopper/graphhopper/reader-osm/src/main/resources
[INFO] 
[INFO] --- maven-compiler-plugin:3.5.1:compile (default-compile) @ graphhopper-reader-osm ---
[INFO] Nothing to compile - all classes are up to date
[INFO] 
[INFO] --- maven-resources-plugin:2.6:testResources (default-testResources) @ graphhopper-reader-osm ---
[INFO] Using 'UTF-8' encoding to copy filtered resources.
[INFO] Copying 14 resources
[INFO] 
[INFO] --- maven-compiler-plugin:3.5.1:testCompile (default-testCompile) @ graphhopper-reader-osm ---
[INFO] Nothing to compile - all classes are up to date
[INFO] 
[INFO] --- maven-surefire-plugin:2.19.1:test (default-test) @ graphhopper-reader-osm ---
[INFO] Skipping execution of surefire because it has already been run for this configuration
[INFO] 
[INFO] --- maven-jar-plugin:3.0.2:jar (default-jar) @ graphhopper-reader-osm ---
[INFO] Building jar: /home/travis/build/passed/graphhopper/graphhopper/reader-osm/target/graphhopper-reader-osm-0.9-SNAPSHOT.jar
[INFO] 
[INFO] --- maven-failsafe-plugin:2.19.1:integration-test (default) @ graphhopper-reader-osm ---

-------------------------------------------------------
 T E S T S
-------------------------------------------------------
Running com.graphhopper.GraphHopperIT
Tests run: 23, Failures: 0, Errors: 0, Skipped: 0, Time elapsed: 12.858 sec - in com.graphhopper.GraphHopperIT
Running com.graphhopper.routing.RoutingAlgorithmWithOSMIT
testMonacoParallel takes a bit time...
Tests run: 27, Failures: 0, Errors: 0, Skipped: 0, Time elapsed: 29.73 sec - in com.graphhopper.routing.RoutingAlgorithmWithOSMIT

Results :

Tests run: 50, Failures: 0, Errors: 0, Skipped: 0

[INFO] 
[INFO] --- maven-failsafe-plugin:2.19.1:verify (default) @ graphhopper-reader-osm ---
[INFO]                                                                         
[INFO] ------------------------------------------------------------------------
[INFO] Building GraphHopper Reader JSON 0.9-SNAPSHOT
[INFO] ------------------------------------------------------------------------
[INFO] 
[INFO] --- maven-clean-plugin:2.5:clean (default-clean) @ graphhopper-reader-json ---
[INFO] 
[INFO] --- maven-resources-plugin:2.6:resources (default-resources) @ graphhopper-reader-json ---
[INFO] Using 'UTF-8' encoding to copy filtered resources.
[INFO] skip non existing resourceDirectory /home/travis/build/passed/graphhopper/graphhopper/reader-json/src/main/resources
[INFO] 
[INFO] --- maven-compiler-plugin:3.5.1:compile (default-compile) @ graphhopper-reader-json ---
[INFO] Changes detected - recompiling the module!
[INFO] Compiling 4 source files to /home/travis/build/passed/graphhopper/graphhopper/reader-json/target/classes
[INFO] 
[INFO] --- maven-resources-plugin:2.6:testResources (default-testResources) @ graphhopper-reader-json ---
[INFO] Using 'UTF-8' encoding to copy filtered resources.
[INFO] Copying 2 resources
[INFO] 
[INFO] --- maven-compiler-plugin:3.5.1:testCompile (default-testCompile) @ graphhopper-reader-json ---
[INFO] Changes detected - recompiling the module!
[INFO] Compiling 2 source files to /home/travis/build/passed/graphhopper/graphhopper/reader-json/target/test-classes
[INFO] 
[INFO] --- maven-surefire-plugin:2.19.1:test (default-test) @ graphhopper-reader-json ---

-------------------------------------------------------
 T E S T S
-------------------------------------------------------
Running com.graphhopper.json.geo.JsonFeatureCollectionTest
Tests run: 1, Failures: 0, Errors: 0, Skipped: 0, Time elapsed: 0.221 sec - in com.graphhopper.json.geo.JsonFeatureCollectionTest
Running com.graphhopper.storage.change.ChangeGraphHelperTest
Tests run: 1, Failures: 0, Errors: 0, Skipped: 0, Time elapsed: 0.095 sec - in com.graphhopper.storage.change.ChangeGraphHelperTest

Results :

Tests run: 2, Failures: 0, Errors: 0, Skipped: 0

[INFO] 
[INFO] --- maven-resources-plugin:2.6:resources (default-resources) @ graphhopper-reader-json ---
[INFO] Using 'UTF-8' encoding to copy filtered resources.
[INFO] skip non existing resourceDirectory /home/travis/build/passed/graphhopper/graphhopper/reader-json/src/main/resources
[INFO] 
[INFO] --- maven-compiler-plugin:3.5.1:compile (default-compile) @ graphhopper-reader-json ---
[INFO] Nothing to compile - all classes are up to date
[INFO] 
[INFO] --- maven-resources-plugin:2.6:testResources (default-testResources) @ graphhopper-reader-json ---
[INFO] Using 'UTF-8' encoding to copy filtered resources.
[INFO] Copying 2 resources
[INFO] 
[INFO] --- maven-compiler-plugin:3.5.1:testCompile (default-testCompile) @ graphhopper-reader-json ---
[INFO] Nothing to compile - all classes are up to date
[INFO] 
[INFO] --- maven-surefire-plugin:2.19.1:test (default-test) @ graphhopper-reader-json ---
[INFO] Skipping execution of surefire because it has already been run for this configuration
[INFO] 
[INFO] --- maven-jar-plugin:3.0.2:jar (default-jar) @ graphhopper-reader-json ---
[INFO] Building jar: /home/travis/build/passed/graphhopper/graphhopper/reader-json/target/graphhopper-reader-json-0.9-SNAPSHOT.jar
[INFO] 
[INFO] --- maven-failsafe-plugin:2.19.1:integration-test (default) @ graphhopper-reader-json ---
[INFO] 
[INFO] --- maven-failsafe-plugin:2.19.1:verify (default) @ graphhopper-reader-json ---
[INFO]                                                                         
[INFO] ------------------------------------------------------------------------
[INFO] Building GraphHopper Tools 0.9-SNAPSHOT
[INFO] ------------------------------------------------------------------------
[INFO] 
[INFO] --- maven-clean-plugin:2.5:clean (default-clean) @ graphhopper-tools ---
[INFO] 
[INFO] --- maven-resources-plugin:2.6:resources (default-resources) @ graphhopper-tools ---
[INFO] Using 'UTF-8' encoding to copy filtered resources.
[INFO] Copying 1 resource
[INFO] 
[INFO] --- maven-compiler-plugin:3.5.1:compile (default-compile) @ graphhopper-tools ---
[INFO] Changes detected - recompiling the module!
[INFO] Compiling 14 source files to /home/travis/build/passed/graphhopper/graphhopper/tools/target/classes
[INFO] 
[INFO] --- maven-resources-plugin:2.6:testResources (default-testResources) @ graphhopper-tools ---
[INFO] Using 'UTF-8' encoding to copy filtered resources.
[INFO] skip non existing resourceDirectory /home/travis/build/passed/graphhopper/graphhopper/tools/src/test/resources
[INFO] 
[INFO] --- maven-compiler-plugin:3.5.1:testCompile (default-testCompile) @ graphhopper-tools ---
[INFO] Changes detected - recompiling the module!
[INFO] Compiling 1 source file to /home/travis/build/passed/graphhopper/graphhopper/tools/target/test-classes
[INFO] 
[INFO] --- maven-surefire-plugin:2.19.1:test (default-test) @ graphhopper-tools ---

-------------------------------------------------------
 T E S T S
-------------------------------------------------------
Running com.graphhopper.tools.QueryTortureTest
Tests run: 1, Failures: 0, Errors: 0, Skipped: 0, Time elapsed: 0.052 sec - in com.graphhopper.tools.QueryTortureTest

Results :

Tests run: 1, Failures: 0, Errors: 0, Skipped: 0

[INFO] 
[INFO] --- maven-resources-plugin:2.6:resources (default-resources) @ graphhopper-tools ---
[INFO] Using 'UTF-8' encoding to copy filtered resources.
[INFO] Copying 1 resource
[INFO] 
[INFO] --- maven-compiler-plugin:3.5.1:compile (default-compile) @ graphhopper-tools ---
[INFO] Nothing to compile - all classes are up to date
[INFO] 
[INFO] --- maven-resources-plugin:2.6:testResources (default-testResources) @ graphhopper-tools ---
[INFO] Using 'UTF-8' encoding to copy filtered resources.
[INFO] skip non existing resourceDirectory /home/travis/build/passed/graphhopper/graphhopper/tools/src/test/resources
[INFO] 
[INFO] --- maven-compiler-plugin:3.5.1:testCompile (default-testCompile) @ graphhopper-tools ---
[INFO] Nothing to compile - all classes are up to date
[INFO] 
[INFO] --- maven-surefire-plugin:2.19.1:test (default-test) @ graphhopper-tools ---
[INFO] Skipping execution of surefire because it has already been run for this configuration
[INFO] 
[INFO] --- maven-jar-plugin:3.0.2:jar (default-jar) @ graphhopper-tools ---
[INFO] Building jar: /home/travis/build/passed/graphhopper/graphhopper/tools/target/graphhopper-tools-0.9-SNAPSHOT.jar
[INFO] 
[INFO] --- maven-failsafe-plugin:2.19.1:integration-test (default) @ graphhopper-tools ---
[INFO] 
[INFO] --- maven-failsafe-plugin:2.19.1:verify (default) @ graphhopper-tools ---
[INFO]                                                                         
[INFO] ------------------------------------------------------------------------
[INFO] Building GraphHopper Web 0.9-SNAPSHOT
[INFO] ------------------------------------------------------------------------
[INFO] 
[INFO] --- maven-clean-plugin:2.5:clean (default-clean) @ graphhopper-web ---
[INFO] 
[INFO] --- maven-resources-plugin:2.6:resources (default-resources) @ graphhopper-web ---
[INFO] Using 'UTF-8' encoding to copy filtered resources.
[INFO] Copying 3 resources
[INFO] 
[INFO] --- maven-compiler-plugin:3.5.1:compile (default-compile) @ graphhopper-web ---
[INFO] Changes detected - recompiling the module!
[INFO] Compiling 25 source files to /home/travis/build/passed/graphhopper/graphhopper/web/target/classes
[INFO] 
[INFO] --- maven-resources-plugin:2.6:testResources (default-testResources) @ graphhopper-web ---
[INFO] Using 'UTF-8' encoding to copy filtered resources.
[INFO] Copying 1 resource
[INFO] 
[INFO] --- maven-compiler-plugin:3.5.1:testCompile (default-testCompile) @ graphhopper-web ---
[INFO] Changes detected - recompiling the module!
[INFO] Compiling 11 source files to /home/travis/build/passed/graphhopper/graphhopper/web/target/test-classes
[INFO] 
[INFO] --- maven-surefire-plugin:2.19.1:test (default-test) @ graphhopper-web ---

-------------------------------------------------------
 T E S T S
-------------------------------------------------------
Running com.graphhopper.http.GraphHopperWebTest
Tests run: 3, Failures: 0, Errors: 0, Skipped: 0, Time elapsed: 0.543 sec - in com.graphhopper.http.GraphHopperWebTest
Running com.graphhopper.http.WebHelperTest
Tests run: 5, Failures: 0, Errors: 0, Skipped: 0, Time elapsed: 0.013 sec - in com.graphhopper.http.WebHelperTest
Running com.graphhopper.http.IPFilterTest
Tests run: 3, Failures: 0, Errors: 0, Skipped: 0, Time elapsed: 0 sec - in com.graphhopper.http.IPFilterTest
Running com.graphhopper.srlarray.SpatialRuleLookupBuilderTest
Tests run: 1, Failures: 0, Errors: 0, Skipped: 0, Time elapsed: 0.696 sec - in com.graphhopper.srlarray.SpatialRuleLookupBuilderTest
Running com.graphhopper.srlarray.SpatialRuleLookupArrayTest
2021-12-11 22:30:22,647 [main] INFO  com.graphhopper.srlarray.SpatialRuleLookupBuilder - Created the SpatialRuleLookup with the following rules: [AUT, DEU]
Tests run: 5, Failures: 0, Errors: 0, Skipped: 0, Time elapsed: 0.028 sec - in com.graphhopper.srlarray.SpatialRuleLookupArrayTest

Results :

Tests run: 17, Failures: 0, Errors: 0, Skipped: 0

[INFO] 
[INFO] --- maven-resources-plugin:2.6:resources (default-resources) @ graphhopper-web ---
[INFO] Using 'UTF-8' encoding to copy filtered resources.
[INFO] Copying 3 resources
[INFO] 
[INFO] --- maven-compiler-plugin:3.5.1:compile (default-compile) @ graphhopper-web ---
[INFO] Nothing to compile - all classes are up to date
[INFO] 
[INFO] --- maven-resources-plugin:2.6:testResources (default-testResources) @ graphhopper-web ---
[INFO] Using 'UTF-8' encoding to copy filtered resources.
[INFO] Copying 1 resource
[INFO] 
[INFO] --- maven-compiler-plugin:3.5.1:testCompile (default-testCompile) @ graphhopper-web ---
[INFO] Nothing to compile - all classes are up to date
[INFO] 
[INFO] --- maven-surefire-plugin:2.19.1:test (default-test) @ graphhopper-web ---
[INFO] Skipping execution of surefire because it has already been run for this configuration
[INFO] 
[INFO] --- maven-jar-plugin:3.0.2:jar (default-jar) @ graphhopper-web ---
[INFO] Building jar: /home/travis/build/passed/graphhopper/graphhopper/web/target/graphhopper-web-0.9-SNAPSHOT.jar
[INFO] 
[INFO] --- maven-failsafe-plugin:2.19.1:integration-test (default) @ graphhopper-web ---

-------------------------------------------------------
 T E S T S
-------------------------------------------------------
Running com.graphhopper.http.ChangeGraphServletIT
2021-12-11 22:30:24,418 [main] INFO  com.graphhopper.http.DefaultModule$1 - version 0.9|2021-12-11T22:27:27Z (5,14,4,3,3,2)
2021-12-11 22:30:24,425 [main] INFO  com.graphhopper.http.DefaultModule$1 - graph car|RAM_STORE|2D|NoExt|,,,,, details:edges:0(0MB), nodes:0(0MB), name:(0MB), geo:0(0MB), bounds:1.7976931348623157E308,-1.7976931348623157E308,1.7976931348623157E308,-1.7976931348623157E308
2021-12-11 22:30:24,457 [main] INFO  com.graphhopper.http.DefaultModule$1 - start creating graph from ../core/files/andorra.osm.pbf
2021-12-11 22:30:24,458 [main] INFO  com.graphhopper.http.DefaultModule$1 - using car|RAM_STORE|2D|NoExt|,,,,, memory:totalMB:1963, usedMB:133
2021-12-11 22:30:24,766 [main] INFO  com.graphhopper.reader.osm.OSMReader - creating graph. Found nodes (pillar+tower):20 917, totalMB:1963, usedMB:215
2021-12-11 22:30:25,166 [main] INFO  com.graphhopper.reader.osm.OSMReader - 69 646, now parsing ways
2021-12-11 22:30:25,272 [main] INFO  com.graphhopper.reader.osm.OSMReader - 72 371, now parsing relations
2021-12-11 22:30:25,273 [main] INFO  com.graphhopper.reader.osm.OSMReader - finished way processing. nodes: 1933, osmIdMap.size:20919, osmIdMap:0MB, nodeFlagsMap.size:2, relFlagsMap.size:0, zeroCounter:2 totalMB:1963, usedMB:311
2021-12-11 22:30:25,274 [main] INFO  com.graphhopper.reader.osm.OSMReader - time pass1:0s, pass2:0s, total:0s
2021-12-11 22:30:25,276 [main] INFO  com.graphhopper.http.DefaultModule$1 - start finding subnetworks, totalMB:1963, usedMB:311
2021-12-11 22:30:25,296 [main] INFO  com.graphhopper.routing.subnetwork.PrepareRoutingSubnetworks - 16 subnetworks found for car, totalMB:1963, usedMB:311
2021-12-11 22:30:25,298 [main] INFO  com.graphhopper.routing.subnetwork.PrepareRoutingSubnetworks - optimize to remove subnetworks (16), unvisited-dead-end-nodes (0), maxEdges/node (4)
2021-12-11 22:30:25,317 [main] INFO  com.graphhopper.http.DefaultModule$1 - edges: 2261, nodes 1889, there were 16 subnetworks. removed them => 44 less nodes
2021-12-11 22:30:25,384 [main] INFO  com.graphhopper.storage.index.LocationIndexTree - location index created in 0.063155085s, size:2 485, leafs:748, precision:300, depth:3, checksum:1889, entries:[64, 16, 4], entriesPerLeaf:3.3221924
2021-12-11 22:30:25,385 [main] INFO  com.graphhopper.http.DefaultModule$1 - flushing graph car|RAM_STORE|2D|NoExt|5,14,4,3,3, details:edges:2 261(1MB), nodes:1 889(1MB), name:(1MB), geo:31 061(1MB), bounds:1.419350909129178,1.7338322863094275,42.433747107544846,42.6330408, totalMB:1963, usedMB:312)
2021-12-11 22:30:25,406 [main] INFO  com.graphhopper.http.DefaultModule$1 - flushed graph totalMB:1963, usedMB:314)
2021-12-11 22:30:25,407 [main] INFO  com.graphhopper.http.DefaultModule - loaded graph at:./target/andorra-gh/, data_reader_file:../core/files/andorra.osm.pbf, flag_encoders:car, edges:2 261(1MB), nodes:1 889(1MB), name:(1MB), geo:31 061(1MB), bounds:1.419350909129178,1.7338322863094275,42.433747107544846,42.6330408
2021-12-11 22:30:25,766 [main] INFO  com.graphhopper.http.BaseServletTester - Trying to start jetty at port 18080
2021-12-11 22:30:25,976 [main] INFO  com.graphhopper.http.GHServer - Started server at HTTP :18080
2021-12-11 22:30:26,191 [qtp1813666644-40] INFO  com.graphhopper.http.GHBaseServlet - point=42.531453%2C1.518946&point=42.511178%2C1.54006& 127.0.0.1 en_US web integration tester [42.531453,1.518946, 42.511178,1.54006], took:0.054744083, , fastest, car, alternatives: 1, distance0: 3179.891259948685, time0: 3min, points0: 89, debugInfo: idLookup:0.012479437s; tmode:NODE_BASED; , algoInit:0.011688305s, astarbi|beeline-routing:0.006277087s, extract time:8.32971E-4;, algoInit:0.011688305s, astarbi|beeline-routing:0.006277087s, extract time:8.32971E-4, simplify (105->89)
2021-12-11 22:30:26,397 [qtp1813666644-31] INFO  com.graphhopper.http.GHBaseServlet - 127.0.0.1 null null 0.13482246
2021-12-11 22:30:26,418 [qtp1813666644-41] INFO  com.graphhopper.http.GHBaseServlet - point=42.531453%2C1.518946&point=42.511178%2C1.54006& 127.0.0.1 en_US web integration tester [42.531453,1.518946, 42.511178,1.54006], took:0.010495938, , fastest, car, alternatives: 1, distance0: 5532.769259948686, time0: 6min, points0: 85, debugInfo: idLookup:0.003401492s; tmode:NODE_BASED; , algoInit:1.99791E-4s, astarbi|beeline-routing:0.004834994s, extract time:1.58625E-4;, algoInit:1.99791E-4s, astarbi|beeline-routing:0.004834994s, extract time:1.58625E-4, simplify (105->85)
Tests run: 1, Failures: 0, Errors: 0, Skipped: 0, Time elapsed: 2.741 sec - in com.graphhopper.http.ChangeGraphServletIT
Running com.graphhopper.http.NearestServletWithEleIT
2021-12-11 22:30:26,556 [main] INFO  com.graphhopper.http.DefaultModule$1 - version 0.9|2021-12-11T22:27:27Z (5,14,4,3,3,2)
2021-12-11 22:30:26,557 [main] INFO  com.graphhopper.http.DefaultModule$1 - graph car|RAM_STORE|3D|NoExt|,,,,, details:edges:0(0MB), nodes:0(0MB), name:(0MB), geo:0(0MB), bounds:1.7976931348623157E308,-1.7976931348623157E308,1.7976931348623157E308,-1.7976931348623157E308,1.7976931348623157E308,-1.7976931348623157E308
2021-12-11 22:30:26,558 [main] INFO  com.graphhopper.http.DefaultModule$1 - start creating graph from ../core/files/monaco.osm.gz
2021-12-11 22:30:26,558 [main] INFO  com.graphhopper.http.DefaultModule$1 - using car|RAM_STORE|3D|NoExt|,,,,, memory:totalMB:1482, usedMB:140
2021-12-11 22:30:26,784 [main] INFO  com.graphhopper.reader.osm.OSMReader - creating graph. Found nodes (pillar+tower):3 020, totalMB:1482, usedMB:152
2021-12-11 22:30:26,792 [main] INFO  com.graphhopper.reader.dem.SRTMProvider - SRTM Elevation Provider, from: https://srtm.kurviger.de/SRTM3/, to: /home/travis/build/passed/graphhopper/graphhopper/core/files, as: MMAP_STORE
2021-12-11 22:30:27,497 [main] INFO  com.graphhopper.reader.osm.OSMReader - 13 740, now parsing ways
2021-12-11 22:30:27,548 [main] INFO  com.graphhopper.reader.osm.OSMReader - 15 684, now parsing relations
2021-12-11 22:30:27,558 [main] INFO  com.graphhopper.reader.osm.OSMReader - finished way processing. nodes: 576, osmIdMap.size:3021, osmIdMap:0MB, nodeFlagsMap.size:1, relFlagsMap.size:0, zeroCounter:1 totalMB:1482, usedMB:178
2021-12-11 22:30:27,648 [main] INFO  com.graphhopper.reader.osm.OSMReader - time pass1:0s, pass2:0s, total:1s
2021-12-11 22:30:27,648 [main] INFO  com.graphhopper.http.DefaultModule$1 - start finding subnetworks, totalMB:1564, usedMB:31
2021-12-11 22:30:27,649 [main] INFO  com.graphhopper.routing.subnetwork.PrepareRoutingSubnetworks - 5 subnetworks found for car, totalMB:1564, usedMB:31
2021-12-11 22:30:27,650 [main] INFO  com.graphhopper.routing.subnetwork.PrepareRoutingSubnetworks - optimize to remove subnetworks (5), unvisited-dead-end-nodes (0), maxEdges/node (5)
2021-12-11 22:30:27,652 [main] INFO  com.graphhopper.http.DefaultModule$1 - edges: 724, nodes 567, there were 5 subnetworks. removed them => 9 less nodes
2021-12-11 22:30:27,664 [main] INFO  com.graphhopper.storage.index.LocationIndexTree - location index created in 0.011270158s, size:562, leafs:35, precision:300, depth:2, checksum:567, entries:[16, 4], entriesPerLeaf:16.057142
2021-12-11 22:30:27,664 [main] INFO  com.graphhopper.http.DefaultModule$1 - flushing graph car|RAM_STORE|3D|NoExt|5,14,4,3,3, details:edges:724(1MB), nodes:567(1MB), name:(1MB), geo:5 993(1MB), bounds:7.404341341652155,7.439277859910082,43.72177128616954,43.75196271580374,-2.0,189.0, totalMB:1564, usedMB:31)
2021-12-11 22:30:27,681 [main] INFO  com.graphhopper.http.DefaultModule$1 - flushed graph totalMB:1564, usedMB:45)
2021-12-11 22:30:27,681 [main] INFO  com.graphhopper.http.DefaultModule - loaded graph at:./target/monaco-gh/, data_reader_file:../core/files/monaco.osm.gz, flag_encoders:car, edges:724(1MB), nodes:567(1MB), name:(1MB), geo:5 993(1MB), bounds:7.404341341652155,7.439277859910082,43.72177128616954,43.75196271580374,-2.0,189.0
2021-12-11 22:30:27,705 [main] INFO  com.graphhopper.http.BaseServletTester - Trying to start jetty at port 18080
2021-12-11 22:30:27,712 [main] INFO  com.graphhopper.http.GHServer - Started server at HTTP :18080
Tests run: 2, Failures: 0, Errors: 0, Skipped: 0, Time elapsed: 1.303 sec - in com.graphhopper.http.NearestServletWithEleIT
Running com.graphhopper.http.GraphHopperServletIT
2021-12-11 22:30:27,795 [main] INFO  com.graphhopper.http.DefaultModule$1 - version 0.9|2021-12-11T22:27:27Z (5,14,4,3,3,2)
2021-12-11 22:30:27,795 [main] INFO  com.graphhopper.http.DefaultModule$1 - graph CH|car|RAM_STORE|2D|NoExt|,,,,, details:edges:0(0MB), nodes:0(0MB), name:(0MB), geo:0(0MB), bounds:1.7976931348623157E308,-1.7976931348623157E308,1.7976931348623157E308,-1.7976931348623157E308, CHGraph|fastest|car, shortcuts:0, nodesCH:(0MB)
2021-12-11 22:30:27,941 [main] INFO  com.graphhopper.http.DefaultModule$1 - start creating graph from ../core/files/andorra.osm.pbf
2021-12-11 22:30:27,941 [main] INFO  com.graphhopper.http.DefaultModule$1 - using CH|car|RAM_STORE|2D|NoExt|,,,,, memory:totalMB:1564, usedMB:96
2021-12-11 22:30:28,041 [main] INFO  com.graphhopper.reader.osm.OSMReader - creating graph. Found nodes (pillar+tower):20 917, totalMB:1564, usedMB:163
2021-12-11 22:30:28,143 [main] INFO  com.graphhopper.reader.osm.OSMReader - 69 646, now parsing ways
2021-12-11 22:30:28,208 [main] INFO  com.graphhopper.reader.osm.OSMReader - 72 371, now parsing relations
2021-12-11 22:30:28,209 [main] INFO  com.graphhopper.reader.osm.OSMReader - finished way processing. nodes: 1933, osmIdMap.size:20919, osmIdMap:0MB, nodeFlagsMap.size:2, relFlagsMap.size:0, zeroCounter:2 totalMB:1564, usedMB:231
2021-12-11 22:30:28,209 [main] INFO  com.graphhopper.reader.osm.OSMReader - time pass1:0s, pass2:0s, total:0s
2021-12-11 22:30:28,209 [main] INFO  com.graphhopper.http.DefaultModule$1 - start finding subnetworks, totalMB:1564, usedMB:231
2021-12-11 22:30:28,228 [main] INFO  com.graphhopper.routing.subnetwork.PrepareRoutingSubnetworks - car findComponents time:0.018163912, size:30
2021-12-11 22:30:28,235 [main] INFO  com.graphhopper.routing.subnetwork.PrepareRoutingSubnetworks - 59 subnetworks found for car, totalMB:1564, usedMB:231
2021-12-11 22:30:28,237 [main] INFO  com.graphhopper.routing.subnetwork.PrepareRoutingSubnetworks - optimize to remove subnetworks (59), unvisited-dead-end-nodes (48), maxEdges/node (4)
2021-12-11 22:30:28,244 [main] INFO  com.graphhopper.http.DefaultModule$1 - edges: 2261, nodes 1875, there were 59 subnetworks. removed them => 58 less nodes
2021-12-11 22:30:28,253 [main] INFO  com.graphhopper.storage.index.LocationIndexTree - location index created in 0.008593779s, size:2 475, leafs:748, precision:300, depth:3, checksum:1875, entries:[64, 16, 4], entriesPerLeaf:3.3088236
2021-12-11 22:30:28,259 [main] INFO  com.graphhopper.routing.ch.CHAlgoFactoryDecorator - 1/1 calling CH prepare.doWork for fastest|car ... (totalMB:1564, usedMB:233)
2021-12-11 22:30:28,295 [fastest_car] INFO  com.graphhopper.routing.ch.PrepareContractionHierarchies - 0, updates:0, nodes: 1 875, shortcuts:0, dijkstras:5 636, t(dijk):0.01, t(period):0.0, t(lazy):0.0, t(neighbor):0.0, meanDegree:1, algo:0MB, totalMB:1564, usedMB:241
2021-12-11 22:30:28,305 [fastest_car] INFO  com.graphhopper.routing.ch.PrepareContractionHierarchies - 360, updates:0, nodes: 1 515, shortcuts:1, dijkstras:5 738, t(dijk):0.01, t(period):0.0, t(lazy):0.0, t(neighbor):0.0, meanDegree:1, algo:0MB, totalMB:1564, usedMB:241
2021-12-11 22:30:28,355 [fastest_car] INFO  com.graphhopper.routing.ch.PrepareContractionHierarchies - 720, updates:1, nodes: 1 155, shortcuts:129, dijkstras:10 487, t(dijk):0.05, t(period):0.04, t(lazy):0.0, t(neighbor):0.01, meanDegree:1, algo:0MB, totalMB:1564, usedMB:241
2021-12-11 22:30:28,386 [fastest_car] INFO  com.graphhopper.routing.ch.PrepareContractionHierarchies - 1 080, updates:2, nodes: 795, shortcuts:583, dijkstras:14 900, t(dijk):0.07, t(period):0.06, t(lazy):0.0, t(neighbor):0.01, meanDegree:1, algo:0MB, totalMB:1564, usedMB:241
2021-12-11 22:30:28,412 [fastest_car] INFO  com.graphhopper.routing.ch.PrepareContractionHierarchies - 1 440, updates:3, nodes: 435, shortcuts:899, dijkstras:18 402, t(dijk):0.09, t(period):0.07, t(lazy):0.0, t(neighbor):0.02, meanDegree:1, algo:0MB, totalMB:1564, usedMB:241
2021-12-11 22:30:28,437 [fastest_car] INFO  com.graphhopper.routing.ch.PrepareContractionHierarchies - 1 800, updates:4, nodes: 121, shortcuts:1 291, dijkstras:21 683, t(dijk):0.1, t(period):0.08, t(lazy):0.0, t(neighbor):0.02, meanDegree:1, algo:0MB, totalMB:1564, usedMB:241
2021-12-11 22:30:28,451 [fastest_car] INFO  com.graphhopper.routing.ch.PrepareContractionHierarchies - took:0, new shortcuts: 1 471, prepare|fastest, dijkstras:23920, t(dijk):0.11, t(period):0.08, t(lazy):0.01, t(neighbor):0.02, meanDegree:0, initSize:1875, periodic:20, lazy:10, neighbor:20, totalMB:1564, usedMB:241
2021-12-11 22:30:28,454 [main] INFO  com.graphhopper.http.DefaultModule$1 - flushing graph CH|car|RAM_STORE|2D|NoExt|5,14,4,3,3, details:edges:2 261(1MB), nodes:1 875(1MB), name:(1MB), geo:31 061(1MB), bounds:1.419350909129178,1.7338322863094275,42.433747107544846,42.6330408, CHGraph|fastest|car, shortcuts:1 471, nodesCH:(1MB), totalMB:1564, usedMB:241)
2021-12-11 22:30:28,468 [main] INFO  com.graphhopper.http.DefaultModule$1 - flushed graph totalMB:1564, usedMB:250)
2021-12-11 22:30:28,469 [main] INFO  com.graphhopper.http.DefaultModule - loaded graph at:./target/andorra-gh/, data_reader_file:../core/files/andorra.osm.pbf, flag_encoders:car, edges:2 261(1MB), nodes:1 875(1MB), name:(1MB), geo:31 061(1MB), bounds:1.419350909129178,1.7338322863094275,42.433747107544846,42.6330408, CHGraph|fastest|car, shortcuts:1 471, nodesCH:(1MB)
2021-12-11 22:30:28,487 [main] INFO  com.graphhopper.http.BaseServletTester - Trying to start jetty at port 18080
2021-12-11 22:30:28,493 [main] INFO  com.graphhopper.http.GHServer - Started server at HTTP :18080
2021-12-11 22:30:28,499 [qtp33233312-74] ERROR com.graphhopper.http.GHBaseServlet - point=42.554851%2C1.536198&type=gpx& 127.0.0.1 en_US web integration tester [42.554851,1.536198], took:4.50869E-4, , fastest, car, errors:[java.lang.IllegalArgumentException: At least 2 points have to be specified, but was:1]
2021-12-11 22:30:28,562 [qtp33233312-75] INFO  com.graphhopper.http.GHBaseServlet - point=42.554851%2C1.536198&point=42.510071%2C1.548128& 127.0.0.1 en_US web integration tester [42.554851,1.536198, 42.510071,1.548128], took:0.007849387, , fastest, car, alternatives: 1, distance0: 9204.566083971124, time0: 9min, points0: 199, debugInfo: idLookup:0.001557055s; , algoInit:0.001352024s, dijkstrabi|ch-routing:0.002141541s, extract time:5.37593E-4;, algoInit:0.001352024s, dijkstrabi|ch-routing:0.002141541s, extract time:5.37593E-4, simplify (247->199)
2021-12-11 22:30:28,578 [qtp33233312-65] INFO  com.graphhopper.http.GHBaseServlet - point=42.554851,1.536198&point=42.510071,1.548128&&type=json&instructions=true&points_encoded=true&calc_points=true&algorithm=&locale=en_US&elevation=false 127.0.0.1 en_US GraphHopper Java Client [42.554851,1.536198, 42.510071,1.548128], took:0.003416608, , fastest, car, alternatives: 1, distance0: 9204.566083971124, time0: 9min, points0: 199, debugInfo: idLookup:8.30493E-4s; , algoInit:1.09294E-4s, dijkstrabi|ch-routing:6.20313E-4s, extract time:3.04706E-4;, algoInit:1.09294E-4s, dijkstrabi|ch-routing:6.20313E-4s, extract time:3.04706E-4, simplify (247->199)
2021-12-11 22:30:28,590 [qtp33233312-74] INFO  com.graphhopper.http.GHBaseServlet - point=42.554851,1.536198&point=42.510071,1.548128&&type=json&instructions=true&points_encoded=true&calc_points=true&algorithm=&locale=en_US&elevation=false&turn_description=false 127.0.0.1 en_US GraphHopper Java Client [42.554851,1.536198, 42.510071,1.548128], took:0.005365431, , fastest, car, alternatives: 1, distance0: 9204.566083971124, time0: 9min, points0: 199, debugInfo: idLookup:0.001664977s; , algoInit:2.5895E-4s, dijkstrabi|ch-routing:9.50009E-4s, extract time:4.30419E-4;, algoInit:2.5895E-4s, dijkstrabi|ch-routing:9.50009E-4s, extract time:4.30419E-4, simplify (247->199)
2021-12-11 22:30:28,603 [qtp33233312-75] INFO  com.graphhopper.http.GHBaseServlet - point=42.554851%2C1.536198&point=42.510071%2C1.548128&type=gpx& 127.0.0.1 en_US web integration tester [42.554851,1.536198, 42.510071,1.548128], took:0.003301657, , fastest, car, alternatives: 1, distance0: 9204.566083971124, time0: 9min, points0: 199, debugInfo: idLookup:7.90888E-4s; , algoInit:1.76152E-4s, dijkstrabi|ch-routing:3.89184E-4s, extract time:9.9272E-5;, algoInit:1.76152E-4s, dijkstrabi|ch-routing:3.89184E-4s, extract time:9.9272E-5, simplify (247->199)
2021-12-11 22:30:28,622 [qtp33233312-65] ERROR com.graphhopper.http.GHBaseServlet - point=42.554851234%2C1.536198&point=42.510071%2C1.548128&points_encoded=false&elevation=true& 127.0.0.1 en_US web integration tester [42.554851234,1.536198, 42.510071,1.548128], took:6.6065E-5, , fastest, car, errors:[java.lang.IllegalArgumentException: Elevation not supported!]
2021-12-11 22:30:28,636 [qtp33233312-74] INFO  com.graphhopper.http.GHBaseServlet - point=42.554851,1.536198&point=42.510071,1.548128&&type=json&instructions=true&points_encoded=true&calc_points=true&algorithm=&locale=en_US&elevation=false 127.0.0.1 en_US GraphHopper Java Client [42.554851,1.536198, 42.510071,1.548128], took:0.00408413, , fastest, car, alternatives: 1, distance0: 9204.566083971124, time0: 9min, points0: 199, debugInfo: idLookup:0.001211543s; , algoInit:2.28622E-4s, dijkstrabi|ch-routing:8.12018E-4s, extract time:2.92096E-4;, algoInit:2.28622E-4s, dijkstrabi|ch-routing:8.12018E-4s, extract time:2.92096E-4, simplify (247->199)
2021-12-11 22:30:28,646 [qtp33233312-75] INFO  com.graphhopper.http.GHBaseServlet - point=42.554851,1.536198&point=42.531896,1.553278&point=42.510071,1.548128&&type=json&instructions=true&points_encoded=true&calc_points=true&algorithm=&locale=en_US&elevation=false 127.0.0.1 en_US GraphHopper Java Client [42.554851,1.536198, 42.531896,1.553278, 42.510071,1.548128], took:0.003982567, , fastest, car, alternatives: 1, distance0: 20232.202884241837, time0: 20min, points0: 686, debugInfo: idLookup:0.001292137s; , algoInit:1.11152E-4s, dijkstrabi|ch-routing:4.05641E-4s, extract time:8.9953E-5;, algoInit:6.8972E-5s, dijkstrabi|ch-routing:1.64725E-4s, extract time:2.8332E-5;, algoInit:1.11152E-4s, dijkstrabi|ch-routing:4.05641E-4s, extract time:8.9953E-5;, algoInit:6.8972E-5s, dijkstrabi|ch-routing:1.64725E-4s, extract time:2.8332E-5, simplify (736->686)
2021-12-11 22:30:28,665 [qtp33233312-65] INFO  com.graphhopper.http.GHBaseServlet - point=42.554851234%2C1.536198&point=42.510071%2C1.548128&points_encoded=false& 127.0.0.1 en_US web integration tester [42.554851234,1.536198, 42.510071,1.548128], took:0.002963527, , fastest, car, alternatives: 1, distance0: 9204.540173426134, time0: 9min, points0: 199, debugInfo: idLookup:0.001177394s; , algoInit:1.16782E-4s, dijkstrabi|ch-routing:3.91252E-4s, extract time:1.17061E-4;, algoInit:1.16782E-4s, dijkstrabi|ch-routing:3.91252E-4s, extract time:1.17061E-4, simplify (247->199)
2021-12-11 22:30:28,692 [qtp33233312-74] INFO  com.graphhopper.http.GHBaseServlet - point=42.496696%2C1.499323&point=42.497257%2C1.501501&heading=240&heading=240&ch.force_heading=true& 127.0.0.1 en_US web integration tester [42.496696,1.499323, 42.497257,1.501501], took:0.002019451, , fastest, car, alternatives: 1, distance0: 964.5028937166437, time0: 1min, points0: 33, debugInfo: idLookup:5.94758E-4s; , algoInit:1.5612E-4s, dijkstrabi|ch-routing:2.65312E-4s, extract time:4.3778E-5;, algoInit:1.5612E-4s, dijkstrabi|ch-routing:2.65312E-4s, extract time:4.3778E-5, simplify (38->33)
2021-12-11 22:30:28,703 [qtp33233312-75] ERROR com.graphhopper.http.GHBaseServlet - &type=json&instructions=true&points_encoded=true&calc_points=true&algorithm=&locale=en_US&elevation=false 127.0.0.1 en_US GraphHopper Java Client [], took:2.71701E-4, , fastest, car, errors:[java.lang.IllegalArgumentException: At least 2 points have to be specified, but was:0]
2021-12-11 22:30:28,705 [qtp33233312-65] ERROR com.graphhopper.http.GHBaseServlet - point=0.0,0.0&point=0.0,0.0&&type=json&instructions=true&points_encoded=true&calc_points=true&algorithm=&locale=en_US&elevation=false 127.0.0.1 en_US GraphHopper Java Client [0.0,0.0, 0.0,0.0], took:3.22822E-4, , fastest, car, errors:[com.graphhopper.util.exceptions.PointOutOfBoundsException: Point 0 is ouf of bounds: 0.0,0.0]
2021-12-11 22:30:28,709 [qtp33233312-74] ERROR com.graphhopper.http.GHBaseServlet - point=42.554851,1.536198&point=42.510071,1.548128&&type=json&instructions=true&points_encoded=true&calc_points=true&algorithm=&locale=en_US&elevation=false&vehicle=space-shuttle 127.0.0.1 en_US GraphHopper Java Client [42.554851,1.536198, 42.510071,1.548128], took:4.8684E-5, , fastest, space-shuttle, errors:[java.lang.IllegalArgumentException: Vehicle not supported: space-shuttle]
2021-12-11 22:30:28,724 [qtp33233312-75] INFO  com.graphhopper.http.GHBaseServlet - point=42.534133%2C1.581473&point=42.534781%2C1.582149&point=42.535042%2C1.582514&pass_through=true& 127.0.0.1 en_US web integration tester [42.534133,1.581473, 42.534781,1.582149, 42.535042,1.582514], took:0.005851943, , fastest, car, alternatives: 1, distance0: 320.9521855338318, time0: 1min, points0: 12, debugInfo: idLookup:0.003598867s; , algoInit:3.03128E-4s, dijkstrabi|ch-routing:4.95095E-4s, extract time:1.957E-5;, algoInit:1.4488E-4s, dijkstrabi|ch-routing:2.17038E-4s, extract time:1.5349E-5;, algoInit:3.03128E-4s, dijkstrabi|ch-routing:4.95095E-4s, extract time:1.957E-5;, algoInit:1.4488E-4s, dijkstrabi|ch-routing:2.17038E-4s, extract time:1.5349E-5, simplify (13->12)
2021-12-11 22:30:28,741 [qtp33233312-65] INFO  com.graphhopper.http.GHBaseServlet - point=42.554851%2C1.536198&point=42.510071%2C1.548128&type=gpx&gpx.route=false&gpx.waypoints=false& 127.0.0.1 en_US web integration tester [42.554851,1.536198, 42.510071,1.548128], took:0.003014392, , fastest, car, alternatives: 1, distance0: 9204.566083971124, time0: 9min, points0: 199, debugInfo: idLookup:9.4952E-4s; , algoInit:1.23108E-4s, dijkstrabi|ch-routing:5.10834E-4s, extract time:1.30316E-4;, algoInit:1.23108E-4s, dijkstrabi|ch-routing:5.10834E-4s, extract time:1.30316E-4, simplify (247->199)
2021-12-11 22:30:28,757 [qtp33233312-74] INFO  com.graphhopper.http.GHBaseServlet - point=42.554851%2C1.536198&point=42.510071%2C1.548128&type=gpx&gpx.track=true&gpx.route=false&gpx.waypoints=true& 127.0.0.1 en_US web integration tester [42.554851,1.536198, 42.510071,1.548128], took:0.002477228, , fastest, car, alternatives: 1, distance0: 9204.566083971124, time0: 9min, points0: 199, debugInfo: idLookup:8.90073E-4s; , algoInit:2.97322E-4s, dijkstrabi|ch-routing:3.07195E-4s, extract time:8.4351E-5;, algoInit:2.97322E-4s, dijkstrabi|ch-routing:3.07195E-4s, extract time:8.4351E-5, simplify (247->199)
Tests run: 12, Failures: 0, Errors: 0, Skipped: 0, Time elapsed: 1.011 sec - in com.graphhopper.http.GraphHopperServletIT
Running com.graphhopper.http.GraphHopperServletWithEleIT
2021-12-11 22:30:28,813 [main] INFO  com.graphhopper.http.DefaultModule$1 - version 0.9|2021-12-11T22:27:27Z (5,14,4,3,3,2)
2021-12-11 22:30:28,813 [main] INFO  com.graphhopper.http.DefaultModule$1 - graph car|RAM_STORE|3D|NoExt|,,,,, details:edges:0(0MB), nodes:0(0MB), name:(0MB), geo:0(0MB), bounds:1.7976931348623157E308,-1.7976931348623157E308,1.7976931348623157E308,-1.7976931348623157E308,1.7976931348623157E308,-1.7976931348623157E308
2021-12-11 22:30:29,005 [main] INFO  com.graphhopper.http.DefaultModule$1 - start creating graph from ../core/files/monaco.osm.gz
2021-12-11 22:30:29,005 [main] INFO  com.graphhopper.http.DefaultModule$1 - using car|RAM_STORE|3D|NoExt|,,,,, memory:totalMB:1564, usedMB:295
2021-12-11 22:30:29,102 [main] INFO  com.graphhopper.reader.osm.OSMReader - creating graph. Found nodes (pillar+tower):3 020, totalMB:1564, usedMB:303
2021-12-11 22:30:29,111 [main] INFO  com.graphhopper.reader.dem.SRTMProvider - SRTM Elevation Provider, from: https://srtm.kurviger.de/SRTM3/, to: /home/travis/build/passed/graphhopper/graphhopper/core/files, as: MMAP_STORE
2021-12-11 22:30:30,048 [main] INFO  com.graphhopper.reader.osm.OSMReader - 13 740, now parsing ways
2021-12-11 22:30:30,085 [main] INFO  com.graphhopper.reader.osm.OSMReader - 15 684, now parsing relations
2021-12-11 22:30:30,093 [main] INFO  com.graphhopper.reader.osm.OSMReader - finished way processing. nodes: 576, osmIdMap.size:3021, osmIdMap:0MB, nodeFlagsMap.size:1, relFlagsMap.size:0, zeroCounter:1 totalMB:1564, usedMB:335
2021-12-11 22:30:30,209 [main] INFO  com.graphhopper.reader.osm.OSMReader - time pass1:0s, pass2:1s, total:1s
2021-12-11 22:30:30,209 [main] INFO  com.graphhopper.http.DefaultModule$1 - start finding subnetworks, totalMB:1567, usedMB:33
2021-12-11 22:30:30,210 [main] INFO  com.graphhopper.routing.subnetwork.PrepareRoutingSubnetworks - 5 subnetworks found for car, totalMB:1567, usedMB:33
2021-12-11 22:30:30,210 [main] INFO  com.graphhopper.routing.subnetwork.PrepareRoutingSubnetworks - optimize to remove subnetworks (5), unvisited-dead-end-nodes (0), maxEdges/node (5)
2021-12-11 22:30:30,223 [main] INFO  com.graphhopper.http.DefaultModule$1 - edges: 724, nodes 567, there were 5 subnetworks. removed them => 9 less nodes
2021-12-11 22:30:30,231 [main] INFO  com.graphhopper.storage.index.LocationIndexTree - location index created in 0.007425404s, size:562, leafs:35, precision:300, depth:2, checksum:567, entries:[16, 4], entriesPerLeaf:16.057142
2021-12-11 22:30:30,231 [main] INFO  com.graphhopper.http.DefaultModule$1 - flushing graph car|RAM_STORE|3D|NoExt|5,14,4,3,3, details:edges:724(1MB), nodes:567(1MB), name:(1MB), geo:5 993(1MB), bounds:7.404341341652155,7.439277859910082,43.72177128616954,43.75196271580374,-2.0,189.0, totalMB:1567, usedMB:33)
2021-12-11 22:30:30,244 [main] INFO  com.graphhopper.http.DefaultModule$1 - flushed graph totalMB:1567, usedMB:33)
2021-12-11 22:30:30,244 [main] INFO  com.graphhopper.http.DefaultModule - loaded graph at:./target/monaco-gh/, data_reader_file:../core/files/monaco.osm.gz, flag_encoders:car, edges:724(1MB), nodes:567(1MB), name:(1MB), geo:5 993(1MB), bounds:7.404341341652155,7.439277859910082,43.72177128616954,43.75196271580374,-2.0,189.0
2021-12-11 22:30:30,264 [main] INFO  com.graphhopper.http.BaseServletTester - Trying to start jetty at port 18080
2021-12-11 22:30:30,273 [main] INFO  com.graphhopper.http.GHServer - Started server at HTTP :18080
2021-12-11 22:30:30,281 [qtp460702435-86] INFO  com.graphhopper.http.GHBaseServlet - point=43.730864%2C7.420771&point=43.727687%2C7.418737&points_encoded=false&elevation=true& 127.0.0.1 en_US web integration tester [43.730864,7.420771, 43.727687,7.418737], took:0.004537137, , fastest, car, alternatives: 1, distance0: 2651.202585806163, time0: 5min, points0: 77, debugInfo: idLookup:0.002270709s; tmode:NODE_BASED; , algoInit:1.30218E-4s, astarbi|beeline-routing:8.57737E-4s, extract time:4.4373E-5;, algoInit:1.30218E-4s, astarbi|beeline-routing:8.57737E-4s, extract time:4.4373E-5, simplify (93->77)
2021-12-11 22:30:30,302 [qtp460702435-87] INFO  com.graphhopper.http.GHBaseServlet - point=43.730864%2C7.420771&point=43.727687%2C7.418737&points_encoded=false& 127.0.0.1 en_US web integration tester [43.730864,7.420771, 43.727687,7.418737], took:0.003832199, , fastest, car, alternatives: 1, distance0: 2651.202585806163, time0: 5min, points0: 77, debugInfo: idLookup:0.002216354s; tmode:NODE_BASED; , algoInit:1.14414E-4s, astarbi|beeline-routing:6.7945E-4s, extract time:4.2666E-5;, algoInit:1.14414E-4s, astarbi|beeline-routing:6.7945E-4s, extract time:4.2666E-5, simplify (93->77)
2021-12-11 22:30:30,310 [qtp460702435-77] INFO  com.graphhopper.http.GHBaseServlet - point=43.730864%2C7.420771&point=43.727687%2C7.418737&points_encoded=false&elevation=false& 127.0.0.1 en_US web integration tester [43.730864,7.420771, 43.727687,7.418737], took:0.003063491, , fastest, car, alternatives: 1, distance0: 2651.202585806163, time0: 5min, points0: 77, debugInfo: idLookup:0.00165608s; tmode:NODE_BASED; , algoInit:9.0432E-5s, astarbi|beeline-routing:3.78397E-4s, extract time:7.0018E-5;, algoInit:9.0432E-5s, astarbi|beeline-routing:3.78397E-4s, extract time:7.0018E-5, simplify (93->77)
Tests run: 2, Failures: 0, Errors: 0, Skipped: 0, Time elapsed: 1.549 sec - in com.graphhopper.http.GraphHopperServletWithEleIT
Running com.graphhopper.http.NearestServletIT
2021-12-11 22:30:30,338 [main] INFO  com.graphhopper.http.DefaultModule$1 - version 0.9|2021-12-11T22:27:27Z (5,14,4,3,3,2)
2021-12-11 22:30:30,338 [main] INFO  com.graphhopper.http.DefaultModule$1 - graph CH|car|RAM_STORE|2D|NoExt|,,,,, details:edges:0(0MB), nodes:0(0MB), name:(0MB), geo:0(0MB), bounds:1.7976931348623157E308,-1.7976931348623157E308,1.7976931348623157E308,-1.7976931348623157E308, CHGraph|fastest|car, shortcuts:0, nodesCH:(0MB)
2021-12-11 22:30:30,508 [main] INFO  com.graphhopper.http.DefaultModule$1 - start creating graph from ../core/files/andorra.osm.pbf
2021-12-11 22:30:30,508 [main] INFO  com.graphhopper.http.DefaultModule$1 - using CH|car|RAM_STORE|2D|NoExt|,,,,, memory:totalMB:1567, usedMB:84
2021-12-11 22:30:30,594 [main] INFO  com.graphhopper.reader.osm.OSMReader - creating graph. Found nodes (pillar+tower):20 917, totalMB:1567, usedMB:152
2021-12-11 22:30:30,693 [main] INFO  com.graphhopper.reader.osm.OSMReader - 69 646, now parsing ways
2021-12-11 22:30:30,742 [main] INFO  com.graphhopper.reader.osm.OSMReader - 72 371, now parsing relations
2021-12-11 22:30:30,742 [main] INFO  com.graphhopper.reader.osm.OSMReader - finished way processing. nodes: 1933, osmIdMap.size:20919, osmIdMap:0MB, nodeFlagsMap.size:2, relFlagsMap.size:0, zeroCounter:2 totalMB:1567, usedMB:219
2021-12-11 22:30:30,742 [main] INFO  com.graphhopper.reader.osm.OSMReader - time pass1:0s, pass2:0s, total:0s
2021-12-11 22:30:30,742 [main] INFO  com.graphhopper.http.DefaultModule$1 - start finding subnetworks, totalMB:1567, usedMB:219
2021-12-11 22:30:30,747 [main] INFO  com.graphhopper.routing.subnetwork.PrepareRoutingSubnetworks - car findComponents time:0.005047551, size:30
2021-12-11 22:30:30,748 [main] INFO  com.graphhopper.routing.subnetwork.PrepareRoutingSubnetworks - 59 subnetworks found for car, totalMB:1567, usedMB:219
2021-12-11 22:30:30,749 [main] INFO  com.graphhopper.routing.subnetwork.PrepareRoutingSubnetworks - optimize to remove subnetworks (59), unvisited-dead-end-nodes (48), maxEdges/node (4)
2021-12-11 22:30:30,757 [main] INFO  com.graphhopper.http.DefaultModule$1 - edges: 2261, nodes 1875, there were 59 subnetworks. removed them => 58 less nodes
2021-12-11 22:30:30,769 [main] INFO  com.graphhopper.storage.index.LocationIndexTree - location index created in 0.012250752s, size:2 475, leafs:748, precision:300, depth:3, checksum:1875, entries:[64, 16, 4], entriesPerLeaf:3.3088236
2021-12-11 22:30:30,770 [main] INFO  com.graphhopper.routing.ch.CHAlgoFactoryDecorator - 1/1 calling CH prepare.doWork for fastest|car ... (totalMB:1567, usedMB:221)
2021-12-11 22:30:30,780 [fastest_car] INFO  com.graphhopper.routing.ch.PrepareContractionHierarchies - 0, updates:0, nodes: 1 875, shortcuts:0, dijkstras:5 636, t(dijk):0.0, t(period):0.0, t(lazy):0.0, t(neighbor):0.0, meanDegree:1, algo:0MB, totalMB:1567, usedMB:222
2021-12-11 22:30:30,783 [fastest_car] INFO  com.graphhopper.routing.ch.PrepareContractionHierarchies - 360, updates:0, nodes: 1 515, shortcuts:1, dijkstras:5 738, t(dijk):0.0, t(period):0.0, t(lazy):0.0, t(neighbor):0.0, meanDegree:1, algo:0MB, totalMB:1567, usedMB:222
2021-12-11 22:30:30,805 [fastest_car] INFO  com.graphhopper.routing.ch.PrepareContractionHierarchies - 720, updates:1, nodes: 1 155, shortcuts:129, dijkstras:10 487, t(dijk):0.02, t(period):0.02, t(lazy):0.0, t(neighbor):0.0, meanDegree:1, algo:0MB, totalMB:1567, usedMB:222
2021-12-11 22:30:30,832 [fastest_car] INFO  com.graphhopper.routing.ch.PrepareContractionHierarchies - 1 080, updates:2, nodes: 795, shortcuts:583, dijkstras:14 900, t(dijk):0.04, t(period):0.03, t(lazy):0.0, t(neighbor):0.01, meanDegree:1, algo:0MB, totalMB:1567, usedMB:222
2021-12-11 22:30:30,862 [fastest_car] INFO  com.graphhopper.routing.ch.PrepareContractionHierarchies - 1 440, updates:3, nodes: 435, shortcuts:899, dijkstras:18 402, t(dijk):0.06, t(period):0.05, t(lazy):0.0, t(neighbor):0.01, meanDegree:1, algo:0MB, totalMB:1567, usedMB:222
2021-12-11 22:30:30,892 [fastest_car] INFO  com.graphhopper.routing.ch.PrepareContractionHierarchies - 1 800, updates:4, nodes: 121, shortcuts:1 291, dijkstras:21 683, t(dijk):0.08, t(period):0.06, t(lazy):0.0, t(neighbor):0.02, meanDegree:1, algo:0MB, totalMB:1567, usedMB:222
2021-12-11 22:30:30,904 [fastest_car] INFO  com.graphhopper.routing.ch.PrepareContractionHierarchies - took:0, new shortcuts: 1 471, prepare|fastest, dijkstras:23920, t(dijk):0.09, t(period):0.06, t(lazy):0.01, t(neighbor):0.02, meanDegree:0, initSize:1875, periodic:20, lazy:10, neighbor:20, totalMB:1567, usedMB:222
2021-12-11 22:30:30,905 [main] INFO  com.graphhopper.http.DefaultModule$1 - flushing graph CH|car|RAM_STORE|2D|NoExt|5,14,4,3,3, details:edges:2 261(1MB), nodes:1 875(1MB), name:(1MB), geo:31 061(1MB), bounds:1.419350909129178,1.7338322863094275,42.433747107544846,42.6330408, CHGraph|fastest|car, shortcuts:1 471, nodesCH:(1MB), totalMB:1567, usedMB:222)
2021-12-11 22:30:30,921 [main] INFO  com.graphhopper.http.DefaultModule$1 - flushed graph totalMB:1567, usedMB:231)
2021-12-11 22:30:30,921 [main] INFO  com.graphhopper.http.DefaultModule - loaded graph at:./target/andorra-gh/, data_reader_file:../core/files/andorra.osm.pbf, flag_encoders:car, edges:2 261(1MB), nodes:1 875(1MB), name:(1MB), geo:31 061(1MB), bounds:1.419350909129178,1.7338322863094275,42.433747107544846,42.6330408, CHGraph|fastest|car, shortcuts:1 471, nodesCH:(1MB)
2021-12-11 22:30:30,933 [main] INFO  com.graphhopper.http.BaseServletTester - Trying to start jetty at port 18080
2021-12-11 22:30:30,940 [main] INFO  com.graphhopper.http.GHServer - Started server at HTTP :18080
Tests run: 1, Failures: 0, Errors: 0, Skipped: 0, Time elapsed: 0.631 sec - in com.graphhopper.http.NearestServletIT

Results :

Tests run: 18, Failures: 0, Errors: 0, Skipped: 0

[INFO] 
[INFO] --- maven-assembly-plugin:2.4.1:single (make-assembly) @ graphhopper-web ---
[INFO] Reading assembly descriptor: src/main/assembly/jar.xml
[INFO] Reading assembly descriptor: src/main/assembly/zip.xml
[INFO] Building jar: /home/travis/build/passed/graphhopper/graphhopper/web/target/graphhopper-web-0.9-SNAPSHOT-with-dep.jar
[INFO] Building zip: /home/travis/build/passed/graphhopper/graphhopper/web/target/graphhopper-web-0.9-SNAPSHOT-bin.zip
[INFO] 
[INFO] --- maven-failsafe-plugin:2.19.1:verify (default) @ graphhopper-web ---
[INFO]                                                                         
[INFO] ------------------------------------------------------------------------
[INFO] Building GraphHopper Reader for Shapefile Data 0.9-SNAPSHOT
[INFO] ------------------------------------------------------------------------
[INFO] 
[INFO] --- maven-clean-plugin:2.5:clean (default-clean) @ graphhopper-reader-shp ---
[INFO] 
[INFO] --- maven-resources-plugin:2.6:resources (default-resources) @ graphhopper-reader-shp ---
[INFO] Using 'UTF-8' encoding to copy filtered resources.
[INFO] skip non existing resourceDirectory /home/travis/build/passed/graphhopper/graphhopper/reader-shp/src/main/resources
[INFO] 
[INFO] --- maven-compiler-plugin:3.5.1:compile (default-compile) @ graphhopper-reader-shp ---
[INFO] Changes detected - recompiling the module!
[INFO] Compiling 4 source files to /home/travis/build/passed/graphhopper/graphhopper/reader-shp/target/classes
[INFO] 
[INFO] --- maven-resources-plugin:2.6:testResources (default-testResources) @ graphhopper-reader-shp ---
[INFO] Using 'UTF-8' encoding to copy filtered resources.
[INFO] Copying 7 resources
[INFO] 
[INFO] --- maven-compiler-plugin:3.5.1:testCompile (default-testCompile) @ graphhopper-reader-shp ---
[INFO] Changes detected - recompiling the module!
[INFO] Compiling 1 source file to /home/travis/build/passed/graphhopper/graphhopper/reader-shp/target/test-classes
[INFO] 
[INFO] --- maven-surefire-plugin:2.19.1:test (default-test) @ graphhopper-reader-shp ---

-------------------------------------------------------
 T E S T S
-------------------------------------------------------
Running com.graphhopper.reader.shp.ShapeFileReaderTest
Tests run: 4, Failures: 0, Errors: 0, Skipped: 0, Time elapsed: 6.262 sec - in com.graphhopper.reader.shp.ShapeFileReaderTest

Results :

Tests run: 4, Failures: 0, Errors: 0, Skipped: 0

[INFO] 
[INFO] --- maven-resources-plugin:2.6:resources (default-resources) @ graphhopper-reader-shp ---
[INFO] Using 'UTF-8' encoding to copy filtered resources.
[INFO] skip non existing resourceDirectory /home/travis/build/passed/graphhopper/graphhopper/reader-shp/src/main/resources
[INFO] 
[INFO] --- maven-compiler-plugin:3.5.1:compile (default-compile) @ graphhopper-reader-shp ---
[INFO] Nothing to compile - all classes are up to date
[INFO] 
[INFO] --- maven-resources-plugin:2.6:testResources (default-testResources) @ graphhopper-reader-shp ---
[INFO] Using 'UTF-8' encoding to copy filtered resources.
[INFO] Copying 7 resources
[INFO] 
[INFO] --- maven-compiler-plugin:3.5.1:testCompile (default-testCompile) @ graphhopper-reader-shp ---
[INFO] Nothing to compile - all classes are up to date
[INFO] 
[INFO] --- maven-surefire-plugin:2.19.1:test (default-test) @ graphhopper-reader-shp ---
[INFO] Skipping execution of surefire because it has already been run for this configuration
[INFO] 
[INFO] --- maven-jar-plugin:3.0.2:jar (default-jar) @ graphhopper-reader-shp ---
[INFO] Building jar: /home/travis/build/passed/graphhopper/graphhopper/reader-shp/target/graphhopper-reader-shp-0.9-SNAPSHOT.jar
[INFO] 
[INFO] --- maven-failsafe-plugin:2.19.1:integration-test (default) @ graphhopper-reader-shp ---
[INFO] 
[INFO] --- maven-failsafe-plugin:2.19.1:verify (default) @ graphhopper-reader-shp ---
[INFO] ------------------------------------------------------------------------
[INFO] Reactor Summary:
[INFO] 
[INFO] GraphHopper Parent Project ......................... SUCCESS [  0.462 s]
[INFO] GraphHopper Core ................................... SUCCESS [01:39 min]
[INFO] GraphHopper Reader for OpenStreetMap Data .......... SUCCESS [ 58.382 s]
[INFO] GraphHopper Reader JSON ............................ SUCCESS [  4.012 s]
[INFO] GraphHopper Tools .................................. SUCCESS [  4.975 s]
[INFO] GraphHopper Web .................................... SUCCESS [ 25.587 s]
[INFO] GraphHopper Reader for Shapefile Data .............. SUCCESS [ 18.870 s]
[INFO] ------------------------------------------------------------------------
[INFO] BUILD SUCCESS
[INFO] ------------------------------------------------------------------------
[INFO] Total time: 03:33 min
[INFO] Finished at: 2021-12-11T22:31:01+00:00
[INFO] Final Memory: 16M/293M
[INFO] ------------------------------------------------------------------------
travis_time:end:01bfbbc8:start=1639261646361543551,finish=1639261861427120606,duration=215065577055[0K[32;1mThe command "mvn clean test verify -Dhttps.protocols=TLSv1.2 -B" exited with 0.[0m

travis_fold:start:cache.2[0Kstore build cache
travis_time:start:05684985[0Ktravis_time:end:05684985:start=1639261861434314957,finish=1639261861440523962,duration=6209005[0Ktravis_time:start:080bf6b4[0KYAML safe loading is not available. Please upgrade psych to a version that supports safe loading (>= 2.0).
[32;1mchanges detected, packing new archive[0m
[32;1muploading /[0m
[31;1mfailed to upload cache[0m
travis_time:end:080bf6b4:start=1639261861447406420,finish=1639261864812467233,duration=3365060813[0Ktravis_fold:end:cache.2[0K
travis_fold:start:after_success[0Ktravis_time:start:0394bb02[0K$ if [ "$TRAVIS_JDK_VERSION" == "oraclejdk8" ] && [ "$TRAVIS_BRANCH" == "master" ] && [ "$TRAVIS_PULL_REQUEST" == "false" ]; then travis_wait mvn deploy -Dhttps.protocols=TLSv1.2 --settings core/files/settings.xml -DskipTests=true -B; else echo "Not deploying snapshot artifact for $TRAVIS_BRANCH"; fi
Not deploying snapshot artifact for 
travis_time:end:0394bb02:start=1639261864821134694,finish=1639261864826481126,duration=5346432[0Ktravis_fold:end:after_success[0K
Done. Your build exited with 0.
