travis_time:start:05a83426[0Ktravis_time:end:05a83426:start=1641037956498695234,finish=1641037956825442948,duration=326747714,event=no_world_writable_dirs[0Ktravis_time:start:2056ec7e[0Ktravis_time:end:2056ec7e:start=1641037956831832391,finish=1641037956836884160,duration=5051769,event=check_unsupported[0Ktravis_time:start:13aea586[0Ktravis_fold:start:system_info[0K[33;1mBuild system information[0m
Build language: java
Build group: stable
Build dist: xenial
Build id: ''
Job id: ''
Runtime kernel version: 4.15.0-109-generic
[34m[1mBuild image provisioning date and time[0m
Fri Aug  2 14:20:18 UTC 2019
[34m[1mOperating System Details[0m
Distributor ID:	Ubuntu
Description:	Ubuntu 16.04.6 LTS
Release:	16.04
Codename:	xenial
[34m[1mSystemd Version[0m
systemd 229
[34m[1mCookbooks Version[0m
790f512 https://github.com/travis-ci/travis-cookbooks/tree/790f512
[34m[1mgit version[0m
git version 2.22.0
[34m[1mbash version[0m
GNU bash, version 4.3.48(1)-release (x86_64-pc-linux-gnu)
[34m[1mgcc version[0m
gcc (Ubuntu 5.4.0-6ubuntu1~16.04.11) 5.4.0 20160609
[34m[1mdocker version[0m
Client:
 Version:           18.06.1-ce
 API version:       1.38
 Go version:        go1.10.3
 Git commit:        e68fc7a
 Built:             Tue Aug 21 17:20:43 2018
 OS/Arch:           linux/amd64
 Experimental:      false
[34m[1mclang version[0m
clang version 7.0.0 (tags/RELEASE_700/final)
[34m[1mjq version[0m
jq-1.5
[34m[1mbats version[0m
Bats 0.4.0
[34m[1mshellcheck version[0m
0.6.0
[34m[1mshfmt version[0m
v2.6.3
[34m[1mccache version[0m
3.2.4
[34m[1mcmake version[0m
cmake version 3.12.4
[34m[1mheroku version[0m
heroku/7.27.1 linux-x64 node-v11.14.0
[34m[1mimagemagick version[0m
Version: ImageMagick 6.8.9-9 Q16 x86_64 2019-06-15 http://www.imagemagick.org
[34m[1mmd5deep version[0m
4.4
[34m[1mmercurial version[0m
version 4.8
[34m[1mmysql version[0m
mysql  Ver 14.14 Distrib 5.7.27, for Linux (x86_64) using  EditLine wrapper
[34m[1mopenssl version[0m
OpenSSL 1.0.2g  1 Mar 2016
[34m[1mpacker version[0m
1.3.3
[34m[1mpostgresql client version[0m
psql (PostgreSQL) 10.9 (Ubuntu 10.9-1.pgdg16.04+1)
[34m[1mragel version[0m
Ragel State Machine Compiler version 6.8 Feb 2013
[34m[1msudo version[0m
1.8.16
[34m[1mgzip version[0m
gzip 1.6
[34m[1mzip version[0m
Zip 3.0
[34m[1mvim version[0m
VIM - Vi IMproved 7.4 (2013 Aug 10, compiled Jun 07 2019 15:35:43)
[34m[1miptables version[0m
iptables v1.6.0
[34m[1mcurl version[0m
curl 7.47.0 (x86_64-pc-linux-gnu) libcurl/7.47.0 GnuTLS/3.4.10 zlib/1.2.8 libidn/1.32 librtmp/2.3
[34m[1mwget version[0m
GNU Wget 1.17.1 built on linux-gnu.
[34m[1mrsync version[0m
rsync  version 3.1.1  protocol version 31
[34m[1mgimme version[0m
v1.5.3
[34m[1mnvm version[0m
0.34.0
[34m[1mperlbrew version[0m
/home/travis/perl5/perlbrew/bin/perlbrew  - App::perlbrew/0.86
[34m[1mphpenv version[0m
rbenv 1.1.2-2-g4e92322
[34m[1mrvm version[0m
rvm 1.29.9 (latest) by Michal Papis, Piotr Kuczynski, Wayne E. Seguin [https://rvm.io]
[34m[1mdefault ruby version[0m
ruby 2.5.3p105 (2018-10-18 revision 65156) [x86_64-linux]
[34m[1mCouchDB version[0m
couchdb 1.6.1
[34m[1mElasticSearch version[0m
5.5.0
[34m[1mInstalled Firefox version[0m
firefox 63.0.1
[34m[1mMongoDB version[0m
MongoDB 4.0.11
[34m[1mPhantomJS version[0m
2.1.1
[34m[1mPre-installed PostgreSQL versions[0m
9.4.23
9.5.18
9.6.14
[34m[1mRedis version[0m
redis-server 5.0.5
[34m[1mPre-installed Go versions[0m
1.11.1
[34m[1mant version[0m
Apache Ant(TM) version 1.9.6 compiled on July 20 2018
[34m[1mmvn version[0m
Apache Maven 3.6.0 (97c98ec64a1fdfee7767ce5ffb20918da4f719f3; 2018-10-24T18:41:47Z)
[34m[1mgradle version[0m
Gradle 5.1.1!
[34m[1mlein version[0m
Leiningen 2.9.1 on Java 11.0.2 OpenJDK 64-Bit Server VM
[34m[1mPre-installed Node.js versions[0m
v10.16.1
v11.0.0
v4.9.1
v6.17.1
v8.12.0
v8.16.0
v8.9
[34m[1mphpenv versions[0m
  system
  5.6
  5.6.40
  7.1
  7.1.27
  7.2
* 7.2.15 (set by /home/travis/.phpenv/version)
  hhvm
  hhvm-stable
[34m[1mcomposer --version[0m
Composer version 1.8.4 2019-02-11 10:52:10
[34m[1mPre-installed Ruby versions[0m
ruby-2.3.8
ruby-2.4.5
ruby-2.5.3
travis_fold:end:system_info[0K
travis_time:end:13aea586:start=1641037956843551912,finish=1641037956855006214,duration=11454302,event=show_system_info[0Ktravis_time:start:00c8dc5c[0Ktravis_time:end:00c8dc5c:start=1641037956860988202,finish=1641037956879316430,duration=18328228,event=rm_riak_source[0Ktravis_time:start:1b450b08[0Ktravis_time:end:1b450b08:start=1641037956887839183,finish=1641037956899978526,duration=12139343,event=fix_rwky_redis[0Ktravis_time:start:38cb4ca0[0K[31;1mTimeout waiting for network availability.[0m
travis_time:end:38cb4ca0:start=1641037956907393262,finish=1641037977648110535,duration=20740717273,event=wait_for_network[0Ktravis_time:start:0aa45b3a[0Ktravis_time:end:0aa45b3a:start=1641037977655752944,finish=1641037977979111635,duration=323358691,event=update_apt_keys[0Ktravis_time:start:2720cb60[0Ktravis_time:end:2720cb60:start=1641037977986624913,finish=1641037978086130010,duration=99505097,event=fix_hhvm_source[0Ktravis_time:start:00431d1b[0Ktravis_time:end:00431d1b:start=1641037978091835967,finish=1641037978096764443,duration=4928476,event=update_mongo_arch[0Ktravis_time:start:00527304[0Ktravis_time:end:00527304:start=1641037978102415643,finish=1641037978167354347,duration=64938704,event=fix_sudo_enabled_trusty[0Ktravis_time:start:18fddeb5[0Ktravis_time:end:18fddeb5:start=1641037978174758069,finish=1641037978195488550,duration=20730481,event=clean_up_path[0Ktravis_time:start:00465b66[0Ktravis_time:end:00465b66:start=1641037978201976210,finish=1641037978214004275,duration=12028065,event=fix_resolv_conf[0Ktravis_time:start:25dd87c0[0Ktravis_time:end:25dd87c0:start=1641037978221264740,finish=1641037978240155776,duration=18891036,event=fix_etc_hosts[0Ktravis_time:start:1f30c491[0Ktravis_time:end:1f30c491:start=1641037978247814002,finish=1641037978265729793,duration=17915791,event=fix_mvn_settings_xml[0Ktravis_time:start:07c616ab[0Ktravis_time:end:07c616ab:start=1641037978272976947,finish=1641037978294512217,duration=21535270,event=no_ipv6_localhost[0Ktravis_time:start:013a9d45[0Ktravis_time:end:013a9d45:start=1641037978302304110,finish=1641037978307390910,duration=5086800,event=fix_etc_mavenrc[0Ktravis_time:start:12fc2751[0Ktravis_time:end:12fc2751:start=1641037978315081187,finish=1641037978323502647,duration=8421460,event=fix_wwdr_certificate[0Ktravis_time:start:0cd8e09e[0Ktravis_time:end:0cd8e09e:start=1641037978330996758,finish=1641037978428659313,duration=97662555,event=put_localhost_first[0Ktravis_time:start:06a7df1b[0Ktravis_time:end:06a7df1b:start=1641037978437685557,finish=1641037978443351603,duration=5666046,event=home_paths[0Ktravis_time:start:1639b843[0Ktravis_time:end:1639b843:start=1641037978452313114,finish=1641037979110276995,duration=657963881,event=disable_initramfs[0Ktravis_time:start:0c53d2c4[0Ktravis_time:end:0c53d2c4:start=1641037979116762566,finish=1641037979299087999,duration=182325433,event=disable_ssh_roaming[0Ktravis_time:start:00e5830e[0Ktravis_time:end:00e5830e:start=1641037979308103548,finish=1641037979312899776,duration=4796228,event=debug_tools[0Ktravis_time:start:09f6760c[0Ktravis_time:end:09f6760c:start=1641037979319294468,finish=1641037979324870945,duration=5576477,event=uninstall_oclint[0Ktravis_time:start:125ad515[0Ktravis_time:end:125ad515:start=1641037979331269446,finish=1641037979337399056,duration=6129610,event=rvm_use[0Ktravis_time:start:0430996a[0Ktravis_time:end:0430996a:start=1641037979344234678,finish=1641037979360973657,duration=16738979,event=rm_etc_boto_cfg[0Ktravis_time:start:05ed26df[0Ktravis_time:end:05ed26df:start=1641037979367963485,finish=1641037979373124144,duration=5160659,event=rm_oraclejdk8_symlink[0Ktravis_time:start:1d3f0da2[0Ktravis_time:end:1d3f0da2:start=1641037979380687238,finish=1641037980568490910,duration=1187803672,event=enable_i386[0Ktravis_time:start:0b3a23f4[0Ktravis_time:end:0b3a23f4:start=1641037980576488547,finish=1641037980585044266,duration=8555719,event=update_rubygems[0Ktravis_time:start:02481690[0Ktravis_time:end:02481690:start=1641037980592271962,finish=1641037981621018107,duration=1028746145,event=ensure_path_components[0Ktravis_time:start:05dd3620[0Ktravis_time:end:05dd3620:start=1641037981627710363,finish=1641037981631649584,duration=3939221,event=redefine_curl[0Ktravis_time:start:0cf8f631[0Ktravis_time:end:0cf8f631:start=1641037981638201309,finish=1641037981643093934,duration=4892625,event=nonblock_pipe[0Ktravis_time:start:1b2e080a[0Ktravis_time:end:1b2e080a:start=1641037981649957456,finish=1641037995193126442,duration=13543168986,event=apt_get_update[0Ktravis_time:start:042edab8[0Ktravis_time:end:042edab8:start=1641037995201062262,finish=1641037995206624648,duration=5562386,event=deprecate_xcode_64[0Ktravis_time:start:0dac7b69[0Ktravis_time:end:0dac7b69:start=1641037995214501580,finish=1641038001629844694,duration=6415343114,event=update_heroku[0Ktravis_time:start:0909e382[0Ktravis_time:end:0909e382:start=1641038001635748212,finish=1641038001641237219,duration=5489007,event=shell_session_update[0Ktravis_time:start:0c53149b[0Ktravis_fold:start:docker_mtu[0Ktee: /etc/docker/daemon.json: No such file or directory
docker: unrecognized service
travis_fold:end:docker_mtu[0Ktravis_time:end:0c53149b:start=1641038001648315169,finish=1641038001683403974,duration=35088805,event=set_docker_mtu[0Ktravis_time:start:10346a70[0Ktravis_time:end:10346a70:start=1641038001691057071,finish=1641038001712702736,duration=21645665,event=resolvconf[0Ktravis_time:start:23af5f88[0Ktravis_time:end:23af5f88:start=1641038001720888050,finish=1641038001924519224,duration=203631174,event=maven_https[0K
travis_fold:start:install_jdk[0K[33;1mInstalling openjdk8[0m
travis_fold:end:install_jdk[0Ktravis_time:start:01a5c950[0Ktravis_time:end:01a5c950:start=1641038001942505378,finish=1641038001947419177,duration=4913799,event=fix_ps4[0Ktravis_time:start:1859fa18[0K
$ cd passed/google/guava

travis_time:end:1859fa18:start=1641038001953528023,finish=1641038001958319235,duration=4791212,event=checkout[0Ktravis_time:start:00fd2654[0K
[33;1mSetting environment variables from .travis.yml[0m
$ export ROOT_POM="android/pom.xml"

travis_time:end:00fd2654:start=1641038001964717080,finish=1641038003364245238,duration=1399528158,event=env[0Ktravis_fold:start:cache.1[0KSetting up build cache
$ export CASHER_DIR=${TRAVIS_HOME}/.casher
travis_time:start:3b49fe19[0K$ Installing caching utilities
curl: (6) Could not resolve host: https

[31;1mThe command "eval curl -sf  -o $CASHER_DIR/bin/casher https:///files/casher " failed. Retrying, 2 of 3.[0m

curl: (6) Could not resolve host: https

[31;1mThe command "eval curl -sf  -o $CASHER_DIR/bin/casher https:///files/casher " failed. Retrying, 3 of 3.[0m

curl: (6) Could not resolve host: https

[31;1mThe command "eval curl -sf  -o $CASHER_DIR/bin/casher https:///files/casher " failed 3 times.[0m

travis_time:end:3b49fe19:start=1641038004528802397,finish=1641038016702196123,duration=12173393726,event=setup_casher[0Ktravis_time:start:113190a7[0K$ Installing caching utilities from the Travis CI server (https:///files/casher) failed, failing over to using GitHub (https://raw.githubusercontent.com/travis-ci/casher/bash/bin/casher)
travis_time:end:113190a7:start=1641038016708244154,finish=1641038016979454888,duration=271210734,event=setup_casher[0Ktravis_time:start:1f5a9215[0Ktravis_time:end:1f5a9215:start=1641038016988847998,finish=1641038016995511225,duration=6663227,event=setup_casher[0Ktravis_time:start:062a1d58[0Kattempting to download cache archive[0m
[31;1mcould not download cache[0m
travis_time:end:062a1d58:start=1641038017003395391,finish=1641038018620921930,duration=1617526539,event=setup_casher[0Ktravis_time:start:12fa3440[0Ktravis_time:end:12fa3440:start=1641038018627197252,finish=1641038018632829548,duration=5632296,event=setup_casher[0Ktravis_time:start:0023d9c9[0Kadding /home/travis/.m2 to cache[0m
travis_time:end:0023d9c9:start=1641038018642013374,finish=1641038020382026059,duration=1740012685,event=setup_casher[0Ktravis_fold:end:cache.1[0K
$ java -Xmx32m -version
Picked up _JAVA_OPTIONS: -Xmx2048m -Xms512m
openjdk version "1.8.0_222"
OpenJDK Runtime Environment (build 1.8.0_222-8u222-b10-1ubuntu1~16.04.1-b10)
OpenJDK 64-Bit Server VM (build 25.222-b10, mixed mode)
$ javac -J-Xmx32m -version
Picked up _JAVA_OPTIONS: -Xmx2048m -Xms512m
javac 1.8.0_222
travis_fold:start:install[0Ktravis_time:start:0beb9226[0K$ mvn -B -Dorg.slf4j.simpleLogger.log.org.apache.maven.cli.transfer.Slf4jMavenTransferListener=warn install -U -DskipTests=true -f $ROOT_POM
Picked up _JAVA_OPTIONS: -Xmx2048m -Xms512m
[INFO] Scanning for projects...
[WARNING] 
[WARNING] Some problems were encountered while building the effective model for com.google.guava:guava-bom:pom:HEAD-android-SNAPSHOT
[WARNING] 'parent.relativePath' of POM com.google.guava:guava-bom:HEAD-android-SNAPSHOT (/home/travis/build/passed/google/guava/android/guava-bom/pom.xml) points at com.google.guava:guava-parent instead of org.sonatype.oss:oss-parent, please verify your project structure @ line 14, column 11
[WARNING] 
[WARNING] It is highly recommended to fix these problems because they threaten the stability of your build.
[WARNING] 
[WARNING] For this reason, future Maven versions might no longer support building such malformed projects.
[WARNING] 
[INFO] ------------------------------------------------------------------------
[INFO] Reactor Build Order:
[INFO] 
[INFO] Guava Maven Parent                                                 [pom]
[INFO] Guava: Google Core Libraries for Java                           [bundle]
[INFO] Guava BOM                                                          [pom]
[INFO] Guava Testing Library                                              [jar]
[INFO] Guava Unit Tests                                                   [jar]
[INFO] 
[INFO] -------------------< com.google.guava:guava-parent >--------------------
[INFO] Building Guava Maven Parent HEAD-android-SNAPSHOT                  [1/5]
[INFO] --------------------------------[ pom ]---------------------------------
[INFO] 
[INFO] --- maven-enforcer-plugin:3.0.0-M2:enforce (enforce-versions) @ guava-parent ---
[INFO] 
[INFO] --- maven-javadoc-plugin:3.1.0:jar (attach-docs) @ guava-parent ---
[INFO] 
[INFO] --- maven-install-plugin:2.4:install (default-install) @ guava-parent ---
[INFO] Installing /home/travis/build/passed/google/guava/android/pom.xml to /home/travis/.m2/repository/com/google/guava/guava-parent/HEAD-android-SNAPSHOT/guava-parent-HEAD-android-SNAPSHOT.pom
[INFO] 
[INFO] -----------------------< com.google.guava:guava >-----------------------
[INFO] Building Guava: Google Core Libraries for Java HEAD-android-SNAPSHOT [2/5]
[INFO] -------------------------------[ bundle ]-------------------------------
[INFO] 
[INFO] --- maven-enforcer-plugin:3.0.0-M2:enforce (enforce-versions) @ guava ---
[INFO] 
[INFO] --- maven-dependency-plugin:3.1.1:unpack-dependencies (unpack-jdk-sources) @ guava ---
[INFO] 
[INFO] --- maven-resources-plugin:3.2.0:resources (default-resources) @ guava ---
[INFO] Using 'UTF-8' encoding to copy filtered resources.
[INFO] Using 'UTF-8' encoding to copy filtered properties files.
[INFO] Copying 0 resource
[INFO] 
[INFO] --- maven-compiler-plugin:3.8.1:compile (default-compile) @ guava ---
[INFO] Changes detected - recompiling the module!
[INFO] Compiling 558 source files to /home/travis/build/passed/google/guava/android/guava/target/classes
[WARNING] /home/travis/build/passed/google/guava/android/guava/src/com/google/common/primitives/UnsignedBytes.java:[28,16] sun.misc.Unsafe is internal proprietary API and may be removed in a future release
[WARNING] /home/travis/build/passed/google/guava/android/guava/src/com/google/common/hash/LittleEndianByteArray.java:[19,16] sun.misc.Unsafe is internal proprietary API and may be removed in a future release
[WARNING] /home/travis/build/passed/google/guava/android/guava/src/com/google/common/util/concurrent/AbstractFuture.java:[1201,26] sun.misc.Unsafe is internal proprietary API and may be removed in a future release
[WARNING] /home/travis/build/passed/google/guava/android/guava/src/com/google/common/util/concurrent/AbstractFuture.java:[1209,15] sun.misc.Unsafe is internal proprietary API and may be removed in a future release
[WARNING] /home/travis/build/passed/google/guava/android/guava/src/com/google/common/util/concurrent/AbstractFuture.java:[1211,26] sun.misc.Unsafe is internal proprietary API and may be removed in a future release
[WARNING] /home/travis/build/passed/google/guava/android/guava/src/com/google/common/util/concurrent/AbstractFuture.java:[1216,57] sun.misc.Unsafe is internal proprietary API and may be removed in a future release
[WARNING] /home/travis/build/passed/google/guava/android/guava/src/com/google/common/util/concurrent/AbstractFuture.java:[1218,36] sun.misc.Unsafe is internal proprietary API and may be removed in a future release
[WARNING] /home/travis/build/passed/google/guava/android/guava/src/com/google/common/util/concurrent/AbstractFuture.java:[1219,37] sun.misc.Unsafe is internal proprietary API and may be removed in a future release
[WARNING] /home/travis/build/passed/google/guava/android/guava/src/com/google/common/util/concurrent/AbstractFuture.java:[1219,58] sun.misc.Unsafe is internal proprietary API and may be removed in a future release
[WARNING] /home/travis/build/passed/google/guava/android/guava/src/com/google/common/cache/Striped64.java:[109,34] sun.misc.Unsafe is internal proprietary API and may be removed in a future release
[WARNING] /home/travis/build/passed/google/guava/android/guava/src/com/google/common/cache/Striped64.java:[267,32] sun.misc.Unsafe is internal proprietary API and may be removed in a future release
[WARNING] /home/travis/build/passed/google/guava/android/guava/src/com/google/common/cache/Striped64.java:[288,26] sun.misc.Unsafe is internal proprietary API and may be removed in a future release
[WARNING] /home/travis/build/passed/google/guava/android/guava/src/com/google/common/cache/Striped64.java:[290,22] sun.misc.Unsafe is internal proprietary API and may be removed in a future release
[WARNING] /home/travis/build/passed/google/guava/android/guava/src/com/google/common/cache/Striped64.java:[295,63] sun.misc.Unsafe is internal proprietary API and may be removed in a future release
[WARNING] /home/travis/build/passed/google/guava/android/guava/src/com/google/common/cache/Striped64.java:[297,28] sun.misc.Unsafe is internal proprietary API and may be removed in a future release
[WARNING] /home/travis/build/passed/google/guava/android/guava/src/com/google/common/cache/Striped64.java:[298,29] sun.misc.Unsafe is internal proprietary API and may be removed in a future release
[WARNING] /home/travis/build/passed/google/guava/android/guava/src/com/google/common/cache/Striped64.java:[298,50] sun.misc.Unsafe is internal proprietary API and may be removed in a future release
[WARNING] /home/travis/build/passed/google/guava/android/guava/src/com/google/common/primitives/UnsignedBytes.java:[315,20] sun.misc.Unsafe is internal proprietary API and may be removed in a future release
[WARNING] /home/travis/build/passed/google/guava/android/guava/src/com/google/common/primitives/UnsignedBytes.java:[337,30] sun.misc.Unsafe is internal proprietary API and may be removed in a future release
[WARNING] /home/travis/build/passed/google/guava/android/guava/src/com/google/common/primitives/UnsignedBytes.java:[339,26] sun.misc.Unsafe is internal proprietary API and may be removed in a future release
[WARNING] /home/travis/build/passed/google/guava/android/guava/src/com/google/common/primitives/UnsignedBytes.java:[345,67] sun.misc.Unsafe is internal proprietary API and may be removed in a future release
[WARNING] /home/travis/build/passed/google/guava/android/guava/src/com/google/common/primitives/UnsignedBytes.java:[347,32] sun.misc.Unsafe is internal proprietary API and may be removed in a future release
[WARNING] /home/travis/build/passed/google/guava/android/guava/src/com/google/common/primitives/UnsignedBytes.java:[348,33] sun.misc.Unsafe is internal proprietary API and may be removed in a future release
[WARNING] /home/travis/build/passed/google/guava/android/guava/src/com/google/common/primitives/UnsignedBytes.java:[348,54] sun.misc.Unsafe is internal proprietary API and may be removed in a future release
[WARNING] /home/travis/build/passed/google/guava/android/guava/src/com/google/common/hash/LittleEndianByteArray.java:[156,26] sun.misc.Unsafe is internal proprietary API and may be removed in a future release
[WARNING] /home/travis/build/passed/google/guava/android/guava/src/com/google/common/hash/LittleEndianByteArray.java:[167,28] sun.misc.Unsafe is internal proprietary API and may be removed in a future release
[WARNING] /home/travis/build/passed/google/guava/android/guava/src/com/google/common/hash/LittleEndianByteArray.java:[169,24] sun.misc.Unsafe is internal proprietary API and may be removed in a future release
[WARNING] /home/travis/build/passed/google/guava/android/guava/src/com/google/common/hash/LittleEndianByteArray.java:[175,65] sun.misc.Unsafe is internal proprietary API and may be removed in a future release
[WARNING] /home/travis/build/passed/google/guava/android/guava/src/com/google/common/hash/LittleEndianByteArray.java:[177,30] sun.misc.Unsafe is internal proprietary API and may be removed in a future release
[WARNING] /home/travis/build/passed/google/guava/android/guava/src/com/google/common/hash/LittleEndianByteArray.java:[178,31] sun.misc.Unsafe is internal proprietary API and may be removed in a future release
[WARNING] /home/travis/build/passed/google/guava/android/guava/src/com/google/common/hash/LittleEndianByteArray.java:[178,52] sun.misc.Unsafe is internal proprietary API and may be removed in a future release
[WARNING] /home/travis/build/passed/google/guava/android/guava/src/com/google/common/hash/Striped64.java:[109,34] sun.misc.Unsafe is internal proprietary API and may be removed in a future release
[WARNING] /home/travis/build/passed/google/guava/android/guava/src/com/google/common/hash/Striped64.java:[267,32] sun.misc.Unsafe is internal proprietary API and may be removed in a future release
[WARNING] /home/travis/build/passed/google/guava/android/guava/src/com/google/common/hash/Striped64.java:[288,26] sun.misc.Unsafe is internal proprietary API and may be removed in a future release
[WARNING] /home/travis/build/passed/google/guava/android/guava/src/com/google/common/hash/Striped64.java:[290,22] sun.misc.Unsafe is internal proprietary API and may be removed in a future release
[WARNING] /home/travis/build/passed/google/guava/android/guava/src/com/google/common/hash/Striped64.java:[295,63] sun.misc.Unsafe is internal proprietary API and may be removed in a future release
[WARNING] /home/travis/build/passed/google/guava/android/guava/src/com/google/common/hash/Striped64.java:[297,28] sun.misc.Unsafe is internal proprietary API and may be removed in a future release
[WARNING] /home/travis/build/passed/google/guava/android/guava/src/com/google/common/hash/Striped64.java:[298,29] sun.misc.Unsafe is internal proprietary API and may be removed in a future release
[WARNING] /home/travis/build/passed/google/guava/android/guava/src/com/google/common/hash/Striped64.java:[298,50] sun.misc.Unsafe is internal proprietary API and may be removed in a future release
[INFO] /home/travis/build/passed/google/guava/android/guava/src/com/google/common/io/Files.java: Some input files use or override a deprecated API.
[INFO] /home/travis/build/passed/google/guava/android/guava/src/com/google/common/io/Files.java: Recompile with -Xlint:deprecation for details.
[INFO] /home/travis/build/passed/google/guava/android/guava/src/com/google/common/collect/Sets.java: Some input files use unchecked or unsafe operations.
[INFO] /home/travis/build/passed/google/guava/android/guava/src/com/google/common/collect/Sets.java: Recompile with -Xlint:unchecked for details.
[INFO] 
[INFO] --- maven-bundle-plugin:2.5.0:manifest (bundle-manifest) @ guava ---
[INFO] 
[INFO] --- maven-resources-plugin:3.2.0:testResources (default-testResources) @ guava ---
[INFO] Using 'UTF-8' encoding to copy filtered resources.
[INFO] Using 'UTF-8' encoding to copy filtered properties files.
[INFO] skip non existing resourceDirectory /home/travis/build/passed/google/guava/android/guava/test
[INFO] 
[INFO] --- maven-compiler-plugin:3.8.1:testCompile (default-testCompile) @ guava ---
[INFO] No sources to compile
[INFO] 
[INFO] --- maven-surefire-plugin:2.7.2:test (default-test) @ guava ---
[INFO] Tests are skipped.
[INFO] 
[INFO] --- animal-sniffer-maven-plugin:1.18:check (check-java-version-compatibility) @ guava ---
[INFO] Checking unresolved references to org.codehaus.mojo.signature:java16-sun:1.10
[INFO] 
[INFO] --- maven-bundle-plugin:2.5.0:bundle (default-bundle) @ guava ---
[INFO] 
[INFO] >>> maven-source-plugin:3.2.0:jar (attach-sources) > generate-sources @ guava >>>
[INFO] 
[INFO] --- maven-enforcer-plugin:3.0.0-M2:enforce (enforce-versions) @ guava ---
[INFO] 
[INFO] --- maven-dependency-plugin:3.1.1:unpack-dependencies (unpack-jdk-sources) @ guava ---
[INFO] 
[INFO] <<< maven-source-plugin:3.2.0:jar (attach-sources) < generate-sources @ guava <<<
[INFO] 
[INFO] 
[INFO] --- maven-source-plugin:3.2.0:jar (attach-sources) @ guava ---
[INFO] Building jar: /home/travis/build/passed/google/guava/android/guava/target/guava-HEAD-android-SNAPSHOT-sources.jar
[INFO] 
[INFO] --- maven-javadoc-plugin:3.1.0:jar (attach-docs) @ guava ---
[INFO] 
9 warnings
[WARNING] Javadoc Warnings
[WARNING] javadoc: warning - Error fetching URL: https://errorprone.info/api/latest/
[WARNING] /home/travis/build/passed/google/guava/android/guava/src/com/google/common/graph/ValueGraph.java:319: warning - Tag @link: can't find edgeValue(Object, Object) in com.google.common.graph.ValueGraph
[WARNING] /home/travis/build/passed/google/guava/android/guava/src/com/google/common/graph/ValueGraph.java:329: warning - Tag @link: can't find edgeValue(Object, Object) in com.google.common.graph.ValueGraph
[WARNING] /home/travis/build/passed/google/guava/android/guava/src/com/google/common/collect/FluentIterable.java:619: warning - Tag @link: can't find toImmutableList in com.google.common.collect.ImmutableList
[WARNING] /home/travis/build/passed/google/guava/android/guava/src/com/google/common/collect/FluentIterable.java:681: warning - Tag @link: can't find toImmutableMultiset in com.google.common.collect.ImmutableMultiset
[WARNING] /home/travis/build/passed/google/guava/android/guava/src/com/google/common/collect/FluentIterable.java:650: warning - Tag @link: can't find toImmutableSet in com.google.common.collect.ImmutableSet
[WARNING] /home/travis/build/passed/google/guava/android/guava/src/com/google/common/collect/FluentIterable.java:636: warning - Tag @link: can't find toImmutableList in com.google.common.collect.ImmutableList
[WARNING] /home/travis/build/passed/google/guava/android/guava/src/com/google/common/collect/FluentIterable.java:668: warning - Tag @link: can't find toImmutableSortedSet in com.google.common.collect.ImmutableSortedSet
[WARNING] /home/travis/build/passed/google/guava/android/guava/src/com/google/common/collect/ImmutableTable.java:93: warning - Tag @link: can't find Builder() in com.google.common.collect.ImmutableTable.Builder
[INFO] Building jar: /home/travis/build/passed/google/guava/android/guava/target/guava-HEAD-android-SNAPSHOT-javadoc.jar
[INFO] 
[INFO] --- maven-install-plugin:3.0.0-M1:install (default-install) @ guava ---
[INFO] Installing /home/travis/build/passed/google/guava/android/guava/target/guava-HEAD-android-SNAPSHOT.jar to /home/travis/.m2/repository/com/google/guava/guava/HEAD-android-SNAPSHOT/guava-HEAD-android-SNAPSHOT.jar
[INFO] Installing /home/travis/build/passed/google/guava/android/guava/pom.xml to /home/travis/.m2/repository/com/google/guava/guava/HEAD-android-SNAPSHOT/guava-HEAD-android-SNAPSHOT.pom
[INFO] Installing /home/travis/build/passed/google/guava/android/guava/target/guava-HEAD-android-SNAPSHOT-sources.jar to /home/travis/.m2/repository/com/google/guava/guava/HEAD-android-SNAPSHOT/guava-HEAD-android-SNAPSHOT-sources.jar
[INFO] Installing /home/travis/build/passed/google/guava/android/guava/target/guava-HEAD-android-SNAPSHOT-javadoc.jar to /home/travis/.m2/repository/com/google/guava/guava/HEAD-android-SNAPSHOT/guava-HEAD-android-SNAPSHOT-javadoc.jar
[INFO] 
[INFO] --- maven-bundle-plugin:2.5.0:install (default-install) @ guava ---
[INFO] Installing com/google/guava/guava/HEAD-android-SNAPSHOT/guava-HEAD-android-SNAPSHOT.jar
[INFO] Writing OBR metadata
[INFO] 
[INFO] ---------------------< com.google.guava:guava-bom >---------------------
[INFO] Building Guava BOM HEAD-android-SNAPSHOT                           [3/5]
[INFO] --------------------------------[ pom ]---------------------------------
[INFO] 
[INFO] --- maven-enforcer-plugin:1.2:enforce (enforce-maven) @ guava-bom ---
[INFO] 
[INFO] --- maven-install-plugin:2.4:install (default-install) @ guava-bom ---
[INFO] Installing /home/travis/build/passed/google/guava/android/guava-bom/pom.xml to /home/travis/.m2/repository/com/google/guava/guava-bom/HEAD-android-SNAPSHOT/guava-bom-HEAD-android-SNAPSHOT.pom
[INFO] 
[INFO] -------------------< com.google.guava:guava-testlib >-------------------
[INFO] Building Guava Testing Library HEAD-android-SNAPSHOT               [4/5]
[INFO] --------------------------------[ jar ]---------------------------------
[INFO] 
[INFO] --- maven-enforcer-plugin:3.0.0-M2:enforce (enforce-versions) @ guava-testlib ---
[INFO] 
[INFO] --- maven-resources-plugin:2.6:resources (default-resources) @ guava-testlib ---
[INFO] Using 'UTF-8' encoding to copy filtered resources.
[INFO] Copying 0 resource
[INFO] 
[INFO] --- maven-compiler-plugin:3.8.1:compile (default-compile) @ guava-testlib ---
[INFO] Changes detected - recompiling the module!
[INFO] Compiling 267 source files to /home/travis/build/passed/google/guava/android/guava-testlib/target/classes
[INFO] /home/travis/build/passed/google/guava/android/guava-testlib/src/com/google/common/collect/testing/Helpers.java: Some input files use or override a deprecated API.
[INFO] /home/travis/build/passed/google/guava/android/guava-testlib/src/com/google/common/collect/testing/Helpers.java: Recompile with -Xlint:deprecation for details.
[INFO] /home/travis/build/passed/google/guava/android/guava-testlib/src/com/google/common/collect/testing/AbstractContainerTester.java: Some input files use unchecked or unsafe operations.
[INFO] /home/travis/build/passed/google/guava/android/guava-testlib/src/com/google/common/collect/testing/AbstractContainerTester.java: Recompile with -Xlint:unchecked for details.
[INFO] 
[INFO] --- maven-resources-plugin:2.6:testResources (default-testResources) @ guava-testlib ---
[INFO] Using 'UTF-8' encoding to copy filtered resources.
[INFO] Copying 0 resource
[INFO] 
[INFO] --- maven-compiler-plugin:3.8.1:testCompile (default-testCompile) @ guava-testlib ---
[INFO] Changes detected - recompiling the module!
[INFO] Compiling 35 source files to /home/travis/build/passed/google/guava/android/guava-testlib/target/test-classes
[INFO] 
[INFO] --- maven-surefire-plugin:2.7.2:test (default-test) @ guava-testlib ---
[INFO] Tests are skipped.
[INFO] 
[INFO] --- animal-sniffer-maven-plugin:1.18:check (check-java-version-compatibility) @ guava-testlib ---
[INFO] Checking unresolved references to org.codehaus.mojo.signature:java16-sun:1.10
[INFO] 
[INFO] --- maven-jar-plugin:3.2.0:jar (default-jar) @ guava-testlib ---
[INFO] Building jar: /home/travis/build/passed/google/guava/android/guava-testlib/target/guava-testlib-HEAD-android-SNAPSHOT.jar
[INFO] 
[INFO] --- maven-jar-plugin:3.2.0:test-jar (create-test-jar) @ guava-testlib ---
[INFO] Building jar: /home/travis/build/passed/google/guava/android/guava-testlib/target/guava-testlib-HEAD-android-SNAPSHOT-tests.jar
[INFO] 
[INFO] >>> maven-source-plugin:3.2.0:jar (attach-sources) > generate-sources @ guava-testlib >>>
[INFO] 
[INFO] --- maven-enforcer-plugin:3.0.0-M2:enforce (enforce-versions) @ guava-testlib ---
[INFO] 
[INFO] <<< maven-source-plugin:3.2.0:jar (attach-sources) < generate-sources @ guava-testlib <<<
[INFO] 
[INFO] 
[INFO] --- maven-source-plugin:3.2.0:jar (attach-sources) @ guava-testlib ---
[INFO] Building jar: /home/travis/build/passed/google/guava/android/guava-testlib/target/guava-testlib-HEAD-android-SNAPSHOT-sources.jar
[INFO] 
[INFO] >>> maven-source-plugin:3.2.0:test-jar (attach-test-sources) > generate-sources @ guava-testlib >>>
[INFO] 
[INFO] --- maven-enforcer-plugin:3.0.0-M2:enforce (enforce-versions) @ guava-testlib ---
[INFO] 
[INFO] <<< maven-source-plugin:3.2.0:test-jar (attach-test-sources) < generate-sources @ guava-testlib <<<
[INFO] 
[INFO] 
[INFO] --- maven-source-plugin:3.2.0:test-jar (attach-test-sources) @ guava-testlib ---
[INFO] Building jar: /home/travis/build/passed/google/guava/android/guava-testlib/target/guava-testlib-HEAD-android-SNAPSHOT-test-sources.jar
[INFO] 
[INFO] --- maven-javadoc-plugin:3.1.0:jar (attach-docs) @ guava-testlib ---
[INFO] Building jar: /home/travis/build/passed/google/guava/android/guava-testlib/target/guava-testlib-HEAD-android-SNAPSHOT-javadoc.jar
[INFO] 
[INFO] --- maven-install-plugin:2.4:install (default-install) @ guava-testlib ---
[INFO] Installing /home/travis/build/passed/google/guava/android/guava-testlib/target/guava-testlib-HEAD-android-SNAPSHOT.jar to /home/travis/.m2/repository/com/google/guava/guava-testlib/HEAD-android-SNAPSHOT/guava-testlib-HEAD-android-SNAPSHOT.jar
[INFO] Installing /home/travis/build/passed/google/guava/android/guava-testlib/pom.xml to /home/travis/.m2/repository/com/google/guava/guava-testlib/HEAD-android-SNAPSHOT/guava-testlib-HEAD-android-SNAPSHOT.pom
[INFO] Installing /home/travis/build/passed/google/guava/android/guava-testlib/target/guava-testlib-HEAD-android-SNAPSHOT-tests.jar to /home/travis/.m2/repository/com/google/guava/guava-testlib/HEAD-android-SNAPSHOT/guava-testlib-HEAD-android-SNAPSHOT-tests.jar
[INFO] Installing /home/travis/build/passed/google/guava/android/guava-testlib/target/guava-testlib-HEAD-android-SNAPSHOT-sources.jar to /home/travis/.m2/repository/com/google/guava/guava-testlib/HEAD-android-SNAPSHOT/guava-testlib-HEAD-android-SNAPSHOT-sources.jar
[INFO] Installing /home/travis/build/passed/google/guava/android/guava-testlib/target/guava-testlib-HEAD-android-SNAPSHOT-test-sources.jar to /home/travis/.m2/repository/com/google/guava/guava-testlib/HEAD-android-SNAPSHOT/guava-testlib-HEAD-android-SNAPSHOT-test-sources.jar
[INFO] Installing /home/travis/build/passed/google/guava/android/guava-testlib/target/guava-testlib-HEAD-android-SNAPSHOT-javadoc.jar to /home/travis/.m2/repository/com/google/guava/guava-testlib/HEAD-android-SNAPSHOT/guava-testlib-HEAD-android-SNAPSHOT-javadoc.jar
[INFO] 
[INFO] --------------------< com.google.guava:guava-tests >--------------------
[INFO] Building Guava Unit Tests HEAD-android-SNAPSHOT                    [5/5]
[INFO] --------------------------------[ jar ]---------------------------------
[INFO] 
[INFO] --- maven-enforcer-plugin:3.0.0-M2:enforce (enforce-versions) @ guava-tests ---
[INFO] 
[INFO] --- maven-resources-plugin:2.6:resources (default-resources) @ guava-tests ---
[INFO] Using 'UTF-8' encoding to copy filtered resources.
[INFO] skip non existing resourceDirectory /home/travis/build/passed/google/guava/android/guava-tests/src
[INFO] 
[INFO] --- maven-compiler-plugin:3.8.1:compile (default-compile) @ guava-tests ---
[INFO] No sources to compile
[INFO] 
[INFO] --- build-helper-maven-plugin:1.7:add-test-source (add-benchmark-sources) @ guava-tests ---
[INFO] Test Source directory: /home/travis/build/passed/google/guava/android/guava-tests/benchmark added.
[INFO] 
[INFO] --- maven-resources-plugin:2.6:testResources (default-testResources) @ guava-tests ---
[INFO] Using 'UTF-8' encoding to copy filtered resources.
[INFO] Copying 6 resources
[INFO] 
[INFO] --- maven-compiler-plugin:3.8.1:testCompile (default-testCompile) @ guava-tests ---
[INFO] Changes detected - recompiling the module!
[INFO] Compiling 548 source files to /home/travis/build/passed/google/guava/android/guava-tests/target/test-classes
[WARNING] /home/travis/build/passed/google/guava/android/guava-tests/test/com/google/common/hash/MacHashFunctionTest.java:[32,24] sun.security.jca.ProviderList is internal proprietary API and may be removed in a future release
[WARNING] /home/travis/build/passed/google/guava/android/guava-tests/test/com/google/common/hash/MacHashFunctionTest.java:[33,24] sun.security.jca.Providers is internal proprietary API and may be removed in a future release
[WARNING] /home/travis/build/passed/google/guava/android/guava-tests/test/com/google/common/util/concurrent/AbstractFutureFallbackAtomicHelperTest.java:[57,46] sun.misc.Unsafe is internal proprietary API and may be removed in a future release
[WARNING] /home/travis/build/passed/google/guava/android/guava-tests/test/com/google/common/util/concurrent/AbstractFutureFallbackAtomicHelperTest.java:[66,23] sun.misc.Unsafe is internal proprietary API and may be removed in a future release
[WARNING] /home/travis/build/passed/google/guava/android/guava-tests/benchmark/com/google/common/util/concurrent/ExecutionListBenchmark.java:[579,34] sun.misc.Unsafe is internal proprietary API and may be removed in a future release
[WARNING] /home/travis/build/passed/google/guava/android/guava-tests/benchmark/com/google/common/util/concurrent/ExecutionListBenchmark.java:[598,28] sun.misc.Unsafe is internal proprietary API and may be removed in a future release
[WARNING] /home/travis/build/passed/google/guava/android/guava-tests/benchmark/com/google/common/util/concurrent/ExecutionListBenchmark.java:[600,24] sun.misc.Unsafe is internal proprietary API and may be removed in a future release
[WARNING] /home/travis/build/passed/google/guava/android/guava-tests/benchmark/com/google/common/util/concurrent/ExecutionListBenchmark.java:[605,65] sun.misc.Unsafe is internal proprietary API and may be removed in a future release
[WARNING] /home/travis/build/passed/google/guava/android/guava-tests/benchmark/com/google/common/util/concurrent/ExecutionListBenchmark.java:[607,30] sun.misc.Unsafe is internal proprietary API and may be removed in a future release
[WARNING] /home/travis/build/passed/google/guava/android/guava-tests/benchmark/com/google/common/util/concurrent/ExecutionListBenchmark.java:[608,31] sun.misc.Unsafe is internal proprietary API and may be removed in a future release
[WARNING] /home/travis/build/passed/google/guava/android/guava-tests/benchmark/com/google/common/util/concurrent/ExecutionListBenchmark.java:[608,52] sun.misc.Unsafe is internal proprietary API and may be removed in a future release
[WARNING] /home/travis/build/passed/google/guava/android/guava-tests/test/com/google/common/hash/MacHashFunctionTest.java:[82,5] sun.security.jca.ProviderList is internal proprietary API and may be removed in a future release
[WARNING] /home/travis/build/passed/google/guava/android/guava-tests/test/com/google/common/hash/MacHashFunctionTest.java:[82,30] sun.security.jca.Providers is internal proprietary API and may be removed in a future release
[WARNING] /home/travis/build/passed/google/guava/android/guava-tests/test/com/google/common/hash/MacHashFunctionTest.java:[83,31] sun.security.jca.ProviderList is internal proprietary API and may be removed in a future release
[WARNING] /home/travis/build/passed/google/guava/android/guava-tests/test/com/google/common/hash/MacHashFunctionTest.java:[83,5] sun.security.jca.Providers is internal proprietary API and may be removed in a future release
[WARNING] /home/travis/build/passed/google/guava/android/guava-tests/test/com/google/common/hash/MacHashFunctionTest.java:[89,7] sun.security.jca.Providers is internal proprietary API and may be removed in a future release
[INFO] /home/travis/build/passed/google/guava/android/guava-tests/test/com/google/common/util/concurrent/TestPlatform.java: Some input files use or override a deprecated API.
[INFO] /home/travis/build/passed/google/guava/android/guava-tests/test/com/google/common/util/concurrent/TestPlatform.java: Recompile with -Xlint:deprecation for details.
[INFO] /home/travis/build/passed/google/guava/android/guava-tests/test/com/google/common/collect/ForwardingSortedSetMultimapTest.java: Some input files use unchecked or unsafe operations.
[INFO] /home/travis/build/passed/google/guava/android/guava-tests/test/com/google/common/collect/ForwardingSortedSetMultimapTest.java: Recompile with -Xlint:unchecked for details.
[INFO] 
[INFO] --- maven-surefire-plugin:2.7.2:test (default-test) @ guava-tests ---
[INFO] Tests are skipped.
[INFO] 
[INFO] --- animal-sniffer-maven-plugin:1.18:check (check-java-version-compatibility) @ guava-tests ---
[INFO] Checking unresolved references to org.codehaus.mojo.signature:java16-sun:1.10
[INFO] 
[INFO] --- maven-jar-plugin:3.2.0:jar (default-jar) @ guava-tests ---
[INFO] Skipping packaging of the jar
[INFO] 
[INFO] --- maven-jar-plugin:3.2.0:test-jar (create-test-jar) @ guava-tests ---
[INFO] Building jar: /home/travis/build/passed/google/guava/android/guava-tests/target/guava-tests-HEAD-android-SNAPSHOT-tests.jar
[INFO] 
[INFO] --- maven-javadoc-plugin:3.1.0:jar (attach-docs) @ guava-tests ---
[INFO] 
[INFO] >>> maven-source-plugin:3.2.0:jar (attach-sources) > generate-sources @ guava-tests >>>
[INFO] 
[INFO] --- maven-enforcer-plugin:3.0.0-M2:enforce (enforce-versions) @ guava-tests ---
[INFO] 
[INFO] <<< maven-source-plugin:3.2.0:jar (attach-sources) < generate-sources @ guava-tests <<<
[INFO] 
[INFO] 
[INFO] --- maven-source-plugin:3.2.0:jar (attach-sources) @ guava-tests ---
[INFO] No sources in project. Archive not created.
[INFO] 
[INFO] >>> maven-source-plugin:3.2.0:test-jar (attach-test-sources) > generate-sources @ guava-tests >>>
[INFO] 
[INFO] --- maven-enforcer-plugin:3.0.0-M2:enforce (enforce-versions) @ guava-tests ---
[INFO] 
[INFO] <<< maven-source-plugin:3.2.0:test-jar (attach-test-sources) < generate-sources @ guava-tests <<<
[INFO] 
[INFO] 
[INFO] --- maven-source-plugin:3.2.0:test-jar (attach-test-sources) @ guava-tests ---
[INFO] Building jar: /home/travis/build/passed/google/guava/android/guava-tests/target/guava-tests-HEAD-android-SNAPSHOT-test-sources.jar
[INFO] 
[INFO] --- maven-install-plugin:2.4:install (default-install) @ guava-tests ---
[INFO] No primary artifact to install, installing attached artifacts instead.
[INFO] Installing /home/travis/build/passed/google/guava/android/guava-tests/pom.xml to /home/travis/.m2/repository/com/google/guava/guava-tests/HEAD-android-SNAPSHOT/guava-tests-HEAD-android-SNAPSHOT.pom
[INFO] Installing /home/travis/build/passed/google/guava/android/guava-tests/target/guava-tests-HEAD-android-SNAPSHOT-tests.jar to /home/travis/.m2/repository/com/google/guava/guava-tests/HEAD-android-SNAPSHOT/guava-tests-HEAD-android-SNAPSHOT-tests.jar
[INFO] Installing /home/travis/build/passed/google/guava/android/guava-tests/target/guava-tests-HEAD-android-SNAPSHOT-test-sources.jar to /home/travis/.m2/repository/com/google/guava/guava-tests/HEAD-android-SNAPSHOT/guava-tests-HEAD-android-SNAPSHOT-test-sources.jar
[INFO] ------------------------------------------------------------------------
[INFO] Reactor Summary for Guava Maven Parent HEAD-android-SNAPSHOT:
[INFO] 
[INFO] Guava Maven Parent ................................. SUCCESS [  1.125 s]
[INFO] Guava: Google Core Libraries for Java .............. SUCCESS [ 45.172 s]
[INFO] Guava BOM .......................................... SUCCESS [  0.130 s]
[INFO] Guava Testing Library .............................. SUCCESS [ 20.527 s]
[INFO] Guava Unit Tests ................................... SUCCESS [ 29.056 s]
[INFO] ------------------------------------------------------------------------
[INFO] BUILD SUCCESS
[INFO] ------------------------------------------------------------------------
[INFO] Total time:  01:37 min
[INFO] Finished at: 2022-01-01T11:55:19Z
[INFO] ------------------------------------------------------------------------
travis_time:end:0beb9226:start=1641038020618307159,finish=1641038119554720570,duration=98936413411,event=install[0Ktravis_fold:end:install[0Ktravis_time:start:0c9399c6[0K$ travis_wait 60 mvn -B -Dorg.slf4j.simpleLogger.log.org.apache.maven.cli.transfer.Slf4jMavenTransferListener=warn verify -U -Dmaven.javadoc.skip=true -f $ROOT_POM


Still running (1 of 60): mvn -B -Dorg.slf4j.simpleLogger.log.org.apache.maven.cli.transfer.Slf4jMavenTransferListener=warn verify -U -Dmaven.javadoc.skip=true -f android/pom.xmlStill running (2 of 60): mvn -B -Dorg.slf4j.simpleLogger.log.org.apache.maven.cli.transfer.Slf4jMavenTransferListener=warn verify -U -Dmaven.javadoc.skip=true -f android/pom.xmlStill running (3 of 60): mvn -B -Dorg.slf4j.simpleLogger.log.org.apache.maven.cli.transfer.Slf4jMavenTransferListener=warn verify -U -Dmaven.javadoc.skip=true -f android/pom.xmlStill running (4 of 60): mvn -B -Dorg.slf4j.simpleLogger.log.org.apache.maven.cli.transfer.Slf4jMavenTransferListener=warn verify -U -Dmaven.javadoc.skip=true -f android/pom.xmlStill running (5 of 60): mvn -B -Dorg.slf4j.simpleLogger.log.org.apache.maven.cli.transfer.Slf4jMavenTransferListener=warn verify -U -Dmaven.javadoc.skip=true -f android/pom.xmlStill running (6 of 60): mvn -B -Dorg.slf4j.simpleLogger.log.org.apache.maven.cli.transfer.Slf4jMavenTransferListener=warn verify -U -Dmaven.javadoc.skip=true -f android/pom.xmlStill running (7 of 60): mvn -B -Dorg.slf4j.simpleLogger.log.org.apache.maven.cli.transfer.Slf4jMavenTransferListener=warn verify -U -Dmaven.javadoc.skip=true -f android/pom.xmlStill running (8 of 60): mvn -B -Dorg.slf4j.simpleLogger.log.org.apache.maven.cli.transfer.Slf4jMavenTransferListener=warn verify -U -Dmaven.javadoc.skip=true -f android/pom.xmlStill running (9 of 60): mvn -B -Dorg.slf4j.simpleLogger.log.org.apache.maven.cli.transfer.Slf4jMavenTransferListener=warn verify -U -Dmaven.javadoc.skip=true -f android/pom.xml
[32;1mThe command mvn -B -Dorg.slf4j.simpleLogger.log.org.apache.maven.cli.transfer.Slf4jMavenTransferListener=warn verify -U -Dmaven.javadoc.skip=true -f android/pom.xml exited with 0.[0m

[32;1mLog:[0m

Picked up _JAVA_OPTIONS: -Xmx2048m -Xms512m
[INFO] Scanning for projects...
[WARNING] 
[WARNING] Some problems were encountered while building the effective model for com.google.guava:guava-bom:pom:HEAD-android-SNAPSHOT
[WARNING] 'parent.relativePath' of POM com.google.guava:guava-bom:HEAD-android-SNAPSHOT (/home/travis/build/passed/google/guava/android/guava-bom/pom.xml) points at com.google.guava:guava-parent instead of org.sonatype.oss:oss-parent, please verify your project structure @ line 14, column 11
[WARNING] 
[WARNING] It is highly recommended to fix these problems because they threaten the stability of your build.
[WARNING] 
[WARNING] For this reason, future Maven versions might no longer support building such malformed projects.
[WARNING] 
[INFO] ------------------------------------------------------------------------
[INFO] Reactor Build Order:
[INFO] 
[INFO] Guava Maven Parent                                                 [pom]
[INFO] Guava: Google Core Libraries for Java                           [bundle]
[INFO] Guava BOM                                                          [pom]
[INFO] Guava Testing Library                                              [jar]
[INFO] Guava Unit Tests                                                   [jar]
[INFO] 
[INFO] -------------------< com.google.guava:guava-parent >--------------------
[INFO] Building Guava Maven Parent HEAD-android-SNAPSHOT                  [1/5]
[INFO] --------------------------------[ pom ]---------------------------------
[INFO] 
[INFO] --- maven-enforcer-plugin:3.0.0-M2:enforce (enforce-versions) @ guava-parent ---
[INFO] 
[INFO] --- maven-javadoc-plugin:3.1.0:jar (attach-docs) @ guava-parent ---
[INFO] Skipping javadoc generation
[INFO] 
[INFO] -----------------------< com.google.guava:guava >-----------------------
[INFO] Building Guava: Google Core Libraries for Java HEAD-android-SNAPSHOT [2/5]
[INFO] -------------------------------[ bundle ]-------------------------------
[INFO] 
[INFO] --- maven-enforcer-plugin:3.0.0-M2:enforce (enforce-versions) @ guava ---
[INFO] 
[INFO] --- maven-dependency-plugin:3.1.1:unpack-dependencies (unpack-jdk-sources) @ guava ---
[INFO] 
[INFO] --- maven-resources-plugin:3.2.0:resources (default-resources) @ guava ---
[INFO] Using 'UTF-8' encoding to copy filtered resources.
[INFO] Using 'UTF-8' encoding to copy filtered properties files.
[INFO] Copying 0 resource
[INFO] 
[INFO] --- maven-compiler-plugin:3.8.1:compile (default-compile) @ guava ---
[INFO] Changes detected - recompiling the module!
[INFO] Compiling 558 source files to /home/travis/build/passed/google/guava/android/guava/target/classes
[WARNING] /home/travis/build/passed/google/guava/android/guava/src/com/google/common/primitives/UnsignedBytes.java:[28,16] sun.misc.Unsafe is internal proprietary API and may be removed in a future release
[WARNING] /home/travis/build/passed/google/guava/android/guava/src/com/google/common/hash/LittleEndianByteArray.java:[19,16] sun.misc.Unsafe is internal proprietary API and may be removed in a future release
[WARNING] /home/travis/build/passed/google/guava/android/guava/src/com/google/common/util/concurrent/AbstractFuture.java:[1201,26] sun.misc.Unsafe is internal proprietary API and may be removed in a future release
[WARNING] /home/travis/build/passed/google/guava/android/guava/src/com/google/common/util/concurrent/AbstractFuture.java:[1209,15] sun.misc.Unsafe is internal proprietary API and may be removed in a future release
[WARNING] /home/travis/build/passed/google/guava/android/guava/src/com/google/common/util/concurrent/AbstractFuture.java:[1211,26] sun.misc.Unsafe is internal proprietary API and may be removed in a future release
[WARNING] /home/travis/build/passed/google/guava/android/guava/src/com/google/common/util/concurrent/AbstractFuture.java:[1216,57] sun.misc.Unsafe is internal proprietary API and may be removed in a future release
[WARNING] /home/travis/build/passed/google/guava/android/guava/src/com/google/common/util/concurrent/AbstractFuture.java:[1218,36] sun.misc.Unsafe is internal proprietary API and may be removed in a future release
[WARNING] /home/travis/build/passed/google/guava/android/guava/src/com/google/common/util/concurrent/AbstractFuture.java:[1219,37] sun.misc.Unsafe is internal proprietary API and may be removed in a future release
[WARNING] /home/travis/build/passed/google/guava/android/guava/src/com/google/common/util/concurrent/AbstractFuture.java:[1219,58] sun.misc.Unsafe is internal proprietary API and may be removed in a future release
[WARNING] /home/travis/build/passed/google/guava/android/guava/src/com/google/common/cache/Striped64.java:[109,34] sun.misc.Unsafe is internal proprietary API and may be removed in a future release
[WARNING] /home/travis/build/passed/google/guava/android/guava/src/com/google/common/cache/Striped64.java:[267,32] sun.misc.Unsafe is internal proprietary API and may be removed in a future release
[WARNING] /home/travis/build/passed/google/guava/android/guava/src/com/google/common/cache/Striped64.java:[288,26] sun.misc.Unsafe is internal proprietary API and may be removed in a future release
[WARNING] /home/travis/build/passed/google/guava/android/guava/src/com/google/common/cache/Striped64.java:[290,22] sun.misc.Unsafe is internal proprietary API and may be removed in a future release
[WARNING] /home/travis/build/passed/google/guava/android/guava/src/com/google/common/cache/Striped64.java:[295,63] sun.misc.Unsafe is internal proprietary API and may be removed in a future release
[WARNING] /home/travis/build/passed/google/guava/android/guava/src/com/google/common/cache/Striped64.java:[297,28] sun.misc.Unsafe is internal proprietary API and may be removed in a future release
[WARNING] /home/travis/build/passed/google/guava/android/guava/src/com/google/common/cache/Striped64.java:[298,29] sun.misc.Unsafe is internal proprietary API and may be removed in a future release
[WARNING] /home/travis/build/passed/google/guava/android/guava/src/com/google/common/cache/Striped64.java:[298,50] sun.misc.Unsafe is internal proprietary API and may be removed in a future release
[WARNING] /home/travis/build/passed/google/guava/android/guava/src/com/google/common/primitives/UnsignedBytes.java:[315,20] sun.misc.Unsafe is internal proprietary API and may be removed in a future release
[WARNING] /home/travis/build/passed/google/guava/android/guava/src/com/google/common/primitives/UnsignedBytes.java:[337,30] sun.misc.Unsafe is internal proprietary API and may be removed in a future release
[WARNING] /home/travis/build/passed/google/guava/android/guava/src/com/google/common/primitives/UnsignedBytes.java:[339,26] sun.misc.Unsafe is internal proprietary API and may be removed in a future release
[WARNING] /home/travis/build/passed/google/guava/android/guava/src/com/google/common/primitives/UnsignedBytes.java:[345,67] sun.misc.Unsafe is internal proprietary API and may be removed in a future release
[WARNING] /home/travis/build/passed/google/guava/android/guava/src/com/google/common/primitives/UnsignedBytes.java:[347,32] sun.misc.Unsafe is internal proprietary API and may be removed in a future release
[WARNING] /home/travis/build/passed/google/guava/android/guava/src/com/google/common/primitives/UnsignedBytes.java:[348,33] sun.misc.Unsafe is internal proprietary API and may be removed in a future release
[WARNING] /home/travis/build/passed/google/guava/android/guava/src/com/google/common/primitives/UnsignedBytes.java:[348,54] sun.misc.Unsafe is internal proprietary API and may be removed in a future release
[WARNING] /home/travis/build/passed/google/guava/android/guava/src/com/google/common/hash/LittleEndianByteArray.java:[156,26] sun.misc.Unsafe is internal proprietary API and may be removed in a future release
[WARNING] /home/travis/build/passed/google/guava/android/guava/src/com/google/common/hash/LittleEndianByteArray.java:[167,28] sun.misc.Unsafe is internal proprietary API and may be removed in a future release
[WARNING] /home/travis/build/passed/google/guava/android/guava/src/com/google/common/hash/LittleEndianByteArray.java:[169,24] sun.misc.Unsafe is internal proprietary API and may be removed in a future release
[WARNING] /home/travis/build/passed/google/guava/android/guava/src/com/google/common/hash/LittleEndianByteArray.java:[175,65] sun.misc.Unsafe is internal proprietary API and may be removed in a future release
[WARNING] /home/travis/build/passed/google/guava/android/guava/src/com/google/common/hash/LittleEndianByteArray.java:[177,30] sun.misc.Unsafe is internal proprietary API and may be removed in a future release
[WARNING] /home/travis/build/passed/google/guava/android/guava/src/com/google/common/hash/LittleEndianByteArray.java:[178,31] sun.misc.Unsafe is internal proprietary API and may be removed in a future release
[WARNING] /home/travis/build/passed/google/guava/android/guava/src/com/google/common/hash/LittleEndianByteArray.java:[178,52] sun.misc.Unsafe is internal proprietary API and may be removed in a future release
[WARNING] /home/travis/build/passed/google/guava/android/guava/src/com/google/common/hash/Striped64.java:[109,34] sun.misc.Unsafe is internal proprietary API and may be removed in a future release
[WARNING] /home/travis/build/passed/google/guava/android/guava/src/com/google/common/hash/Striped64.java:[267,32] sun.misc.Unsafe is internal proprietary API and may be removed in a future release
[WARNING] /home/travis/build/passed/google/guava/android/guava/src/com/google/common/hash/Striped64.java:[288,26] sun.misc.Unsafe is internal proprietary API and may be removed in a future release
[WARNING] /home/travis/build/passed/google/guava/android/guava/src/com/google/common/hash/Striped64.java:[290,22] sun.misc.Unsafe is internal proprietary API and may be removed in a future release
[WARNING] /home/travis/build/passed/google/guava/android/guava/src/com/google/common/hash/Striped64.java:[295,63] sun.misc.Unsafe is internal proprietary API and may be removed in a future release
[WARNING] /home/travis/build/passed/google/guava/android/guava/src/com/google/common/hash/Striped64.java:[297,28] sun.misc.Unsafe is internal proprietary API and may be removed in a future release
[WARNING] /home/travis/build/passed/google/guava/android/guava/src/com/google/common/hash/Striped64.java:[298,29] sun.misc.Unsafe is internal proprietary API and may be removed in a future release
[WARNING] /home/travis/build/passed/google/guava/android/guava/src/com/google/common/hash/Striped64.java:[298,50] sun.misc.Unsafe is internal proprietary API and may be removed in a future release
[INFO] /home/travis/build/passed/google/guava/android/guava/src/com/google/common/io/Files.java: Some input files use or override a deprecated API.
[INFO] /home/travis/build/passed/google/guava/android/guava/src/com/google/common/io/Files.java: Recompile with -Xlint:deprecation for details.
[INFO] /home/travis/build/passed/google/guava/android/guava/src/com/google/common/collect/Sets.java: Some input files use unchecked or unsafe operations.
[INFO] /home/travis/build/passed/google/guava/android/guava/src/com/google/common/collect/Sets.java: Recompile with -Xlint:unchecked for details.
[INFO] 
[INFO] --- maven-bundle-plugin:2.5.0:manifest (bundle-manifest) @ guava ---
[INFO] 
[INFO] --- maven-resources-plugin:3.2.0:testResources (default-testResources) @ guava ---
[INFO] Using 'UTF-8' encoding to copy filtered resources.
[INFO] Using 'UTF-8' encoding to copy filtered properties files.
[INFO] skip non existing resourceDirectory /home/travis/build/passed/google/guava/android/guava/test
[INFO] 
[INFO] --- maven-compiler-plugin:3.8.1:testCompile (default-testCompile) @ guava ---
[INFO] No sources to compile
[INFO] 
[INFO] --- maven-surefire-plugin:2.7.2:test (default-test) @ guava ---
[INFO] No tests to run.
[INFO] Surefire report directory: /home/travis/build/passed/google/guava/android/guava/target/surefire-reports

-------------------------------------------------------
 T E S T S
-------------------------------------------------------
There are no tests to run.

Results :

Tests run: 0, Failures: 0, Errors: 0, Skipped: 0

[INFO] 
[INFO] --- animal-sniffer-maven-plugin:1.18:check (check-java-version-compatibility) @ guava ---
[INFO] Checking unresolved references to org.codehaus.mojo.signature:java16-sun:1.10
[INFO] 
[INFO] --- maven-bundle-plugin:2.5.0:bundle (default-bundle) @ guava ---
[INFO] 
[INFO] >>> maven-source-plugin:3.2.0:jar (attach-sources) > generate-sources @ guava >>>
[INFO] 
[INFO] --- maven-enforcer-plugin:3.0.0-M2:enforce (enforce-versions) @ guava ---
[INFO] 
[INFO] --- maven-dependency-plugin:3.1.1:unpack-dependencies (unpack-jdk-sources) @ guava ---
[INFO] 
[INFO] <<< maven-source-plugin:3.2.0:jar (attach-sources) < generate-sources @ guava <<<
[INFO] 
[INFO] 
[INFO] --- maven-source-plugin:3.2.0:jar (attach-sources) @ guava ---
[INFO] Building jar: /home/travis/build/passed/google/guava/android/guava/target/guava-HEAD-android-SNAPSHOT-sources.jar
[INFO] 
[INFO] --- maven-javadoc-plugin:3.1.0:jar (attach-docs) @ guava ---
[INFO] Skipping javadoc generation
[INFO] 
[INFO] ---------------------< com.google.guava:guava-bom >---------------------
[INFO] Building Guava BOM HEAD-android-SNAPSHOT                           [3/5]
[INFO] --------------------------------[ pom ]---------------------------------
[INFO] 
[INFO] --- maven-enforcer-plugin:1.2:enforce (enforce-maven) @ guava-bom ---
[INFO] 
[INFO] -------------------< com.google.guava:guava-testlib >-------------------
[INFO] Building Guava Testing Library HEAD-android-SNAPSHOT               [4/5]
[INFO] --------------------------------[ jar ]---------------------------------
[INFO] 
[INFO] --- maven-enforcer-plugin:3.0.0-M2:enforce (enforce-versions) @ guava-testlib ---
[INFO] 
[INFO] --- maven-resources-plugin:2.6:resources (default-resources) @ guava-testlib ---
[INFO] Using 'UTF-8' encoding to copy filtered resources.
[INFO] Copying 0 resource
[INFO] 
[INFO] --- maven-compiler-plugin:3.8.1:compile (default-compile) @ guava-testlib ---
[INFO] Nothing to compile - all classes are up to date
[INFO] 
[INFO] --- maven-resources-plugin:2.6:testResources (default-testResources) @ guava-testlib ---
[INFO] Using 'UTF-8' encoding to copy filtered resources.
[INFO] Copying 0 resource
[INFO] 
[INFO] --- maven-compiler-plugin:3.8.1:testCompile (default-testCompile) @ guava-testlib ---
[INFO] Nothing to compile - all classes are up to date
[INFO] 
[INFO] --- maven-surefire-plugin:2.7.2:test (default-test) @ guava-testlib ---
[INFO] Surefire report directory: /home/travis/build/passed/google/guava/android/guava-testlib/target/surefire-reports

-------------------------------------------------------
 T E S T S
-------------------------------------------------------
Running com.google.common.collect.testing.FeatureSpecificTestSuiteBuilderTest
Tests run: 1, Failures: 0, Errors: 0, Skipped: 0, Time elapsed: 0.043 sec
Running com.google.common.collect.testing.HelpersTest
Tests run: 7, Failures: 0, Errors: 0, Skipped: 0, Time elapsed: 0.006 sec
Running com.google.common.collect.testing.IteratorTesterTest
Tests run: 12, Failures: 0, Errors: 0, Skipped: 0, Time elapsed: 0.028 sec
Running com.google.common.collect.testing.MapTestSuiteBuilderTests
Tests run: 1400, Failures: 0, Errors: 0, Skipped: 0, Time elapsed: 0.542 sec
Running com.google.common.collect.testing.MinimalCollectionTest
Tests run: 136, Failures: 0, Errors: 0, Skipped: 0, Time elapsed: 0.041 sec
Running com.google.common.collect.testing.MinimalIterableTest
Tests run: 4, Failures: 0, Errors: 0, Skipped: 0, Time elapsed: 0.002 sec
Running com.google.common.collect.testing.MinimalSetTest
Tests run: 170, Failures: 0, Errors: 0, Skipped: 0, Time elapsed: 0.034 sec
Running com.google.common.collect.testing.OpenJdk6ListTests
Tests run: 6361, Failures: 0, Errors: 0, Skipped: 0, Time elapsed: 5.526 sec
Running com.google.common.collect.testing.OpenJdk6MapTests
Tests run: 205028, Failures: 0, Errors: 0, Skipped: 0, Time elapsed: 26.889 sec
Running com.google.common.collect.testing.OpenJdk6QueueTests
Tests run: 1388, Failures: 0, Errors: 0, Skipped: 0, Time elapsed: 0.142 sec
Running com.google.common.collect.testing.OpenJdk6SetTests
Tests run: 21982, Failures: 0, Errors: 0, Skipped: 0, Time elapsed: 2.652 sec
Running com.google.common.collect.testing.OpenJdk6Tests
Tests run: 234759, Failures: 0, Errors: 0, Skipped: 0, Time elapsed: 32.245 sec
Running com.google.common.collect.testing.SafeTreeMapTest
Tests run: 94927, Failures: 0, Errors: 0, Skipped: 0, Time elapsed: 15.379 sec
Running com.google.common.collect.testing.SafeTreeMapTest$ReserializedMapTests
Tests run: 59, Failures: 0, Errors: 0, Skipped: 0, Time elapsed: 0.014 sec
Running com.google.common.collect.testing.SafeTreeSetTest
Tests run: 457, Failures: 0, Errors: 0, Skipped: 0, Time elapsed: 0.069 sec
Running com.google.common.collect.testing.features.FeatureEnumTest
Tests run: 1, Failures: 0, Errors: 0, Skipped: 0, Time elapsed: 0.002 sec
Running com.google.common.collect.testing.features.FeatureUtilTest
Tests run: 10, Failures: 0, Errors: 0, Skipped: 0, Time elapsed: 0.022 sec
Running com.google.common.testing.ArbitraryInstancesTest
Tests run: 25, Failures: 0, Errors: 0, Skipped: 0, Time elapsed: 0.101 sec
Running com.google.common.testing.ClassSanityTesterTest
Tests run: 70, Failures: 0, Errors: 0, Skipped: 0, Time elapsed: 0.112 sec
Running com.google.common.testing.EqualsTesterTest
Tests run: 18, Failures: 0, Errors: 0, Skipped: 0, Time elapsed: 0.004 sec
Running com.google.common.testing.EquivalenceTesterTest
Tests run: 7, Failures: 0, Errors: 0, Skipped: 0, Time elapsed: 0.01 sec
Running com.google.common.testing.FakeTickerTest
Tests run: 10, Failures: 0, Errors: 0, Skipped: 0, Time elapsed: 0.065 sec
Running com.google.common.testing.FreshValueGeneratorTest
Tests run: 60, Failures: 0, Errors: 0, Skipped: 0, Time elapsed: 0.188 sec
Running com.google.common.testing.GcFinalizationTest
Tests run: 10, Failures: 0, Errors: 0, Skipped: 0, Time elapsed: 0.947 sec
Running com.google.common.testing.NullPointerTesterTest
Tests run: 65, Failures: 0, Errors: 0, Skipped: 0, Time elapsed: 0.086 sec
Running com.google.common.testing.RelationshipTesterTest
Tests run: 1, Failures: 0, Errors: 0, Skipped: 0, Time elapsed: 0.002 sec
Running com.google.common.testing.SerializableTesterTest
Tests run: 4, Failures: 0, Errors: 0, Skipped: 0, Time elapsed: 0.004 sec
Running com.google.common.testing.TearDownStackTest
Tests run: 3, Failures: 0, Errors: 0, Skipped: 0, Time elapsed: 0.003 sec
Running com.google.common.testing.TestLogHandlerTest
Tests run: 2, Failures: 0, Errors: 0, Skipped: 0, Time elapsed: 0.001 sec
Running com.google.common.testing.anotherpackage.ForwardingWrapperTesterTest
Tests run: 19, Failures: 0, Errors: 0, Skipped: 0, Time elapsed: 0.027 sec
Running com.google.common.util.concurrent.testing.TestingExecutorsTest
Tests run: 5, Failures: 0, Errors: 0, Skipped: 0, Time elapsed: 0.045 sec

Results :

Tests run: 567001, Failures: 0, Errors: 0, Skipped: 0

[INFO] 
[INFO] --- animal-sniffer-maven-plugin:1.18:check (check-java-version-compatibility) @ guava-testlib ---
[INFO] Checking unresolved references to org.codehaus.mojo.signature:java16-sun:1.10
[INFO] 
[INFO] --- maven-jar-plugin:3.2.0:jar (default-jar) @ guava-testlib ---
[INFO] 
[INFO] --- maven-jar-plugin:3.2.0:test-jar (create-test-jar) @ guava-testlib ---
[INFO] 
[INFO] >>> maven-source-plugin:3.2.0:jar (attach-sources) > generate-sources @ guava-testlib >>>
[INFO] 
[INFO] --- maven-enforcer-plugin:3.0.0-M2:enforce (enforce-versions) @ guava-testlib ---
[INFO] 
[INFO] <<< maven-source-plugin:3.2.0:jar (attach-sources) < generate-sources @ guava-testlib <<<
[INFO] 
[INFO] 
[INFO] --- maven-source-plugin:3.2.0:jar (attach-sources) @ guava-testlib ---
[INFO] 
[INFO] >>> maven-source-plugin:3.2.0:test-jar (attach-test-sources) > generate-sources @ guava-testlib >>>
[INFO] 
[INFO] --- maven-enforcer-plugin:3.0.0-M2:enforce (enforce-versions) @ guava-testlib ---
[INFO] 
[INFO] <<< maven-source-plugin:3.2.0:test-jar (attach-test-sources) < generate-sources @ guava-testlib <<<
[INFO] 
[INFO] 
[INFO] --- maven-source-plugin:3.2.0:test-jar (attach-test-sources) @ guava-testlib ---
[INFO] 
[INFO] --- maven-javadoc-plugin:3.1.0:jar (attach-docs) @ guava-testlib ---
[INFO] Skipping javadoc generation
[INFO] 
[INFO] --------------------< com.google.guava:guava-tests >--------------------
[INFO] Building Guava Unit Tests HEAD-android-SNAPSHOT                    [5/5]
[INFO] --------------------------------[ jar ]---------------------------------
[INFO] 
[INFO] --- maven-enforcer-plugin:3.0.0-M2:enforce (enforce-versions) @ guava-tests ---
[INFO] 
[INFO] --- maven-resources-plugin:2.6:resources (default-resources) @ guava-tests ---
[INFO] Using 'UTF-8' encoding to copy filtered resources.
[INFO] skip non existing resourceDirectory /home/travis/build/passed/google/guava/android/guava-tests/src
[INFO] 
[INFO] --- maven-compiler-plugin:3.8.1:compile (default-compile) @ guava-tests ---
[INFO] No sources to compile
[INFO] 
[INFO] --- build-helper-maven-plugin:1.7:add-test-source (add-benchmark-sources) @ guava-tests ---
[INFO] Test Source directory: /home/travis/build/passed/google/guava/android/guava-tests/benchmark added.
[INFO] 
[INFO] --- maven-resources-plugin:2.6:testResources (default-testResources) @ guava-tests ---
[INFO] Using 'UTF-8' encoding to copy filtered resources.
[INFO] Copying 6 resources
[INFO] 
[INFO] --- maven-compiler-plugin:3.8.1:testCompile (default-testCompile) @ guava-tests ---
[INFO] Nothing to compile - all classes are up to date
[INFO] 
[INFO] --- maven-surefire-plugin:2.7.2:test (default-test) @ guava-tests ---
[INFO] Surefire report directory: /home/travis/build/passed/google/guava/android/guava-tests/target/surefire-reports

-------------------------------------------------------
 T E S T S
-------------------------------------------------------
Running com.google.common.base.AbstractIteratorTest
Tests run: 7, Failures: 0, Errors: 0, Skipped: 0, Time elapsed: 0.11 sec
Running com.google.common.base.AsciiTest
Tests run: 9, Failures: 0, Errors: 0, Skipped: 0, Time elapsed: 0.006 sec
Running com.google.common.base.CaseFormatTest
Tests run: 32, Failures: 0, Errors: 0, Skipped: 0, Time elapsed: 0.242 sec
Running com.google.common.base.CharMatcherTest
Tests run: 20, Failures: 0, Errors: 0, Skipped: 0, Time elapsed: 0.395 sec
Running com.google.common.base.CharsetsTest
Tests run: 7, Failures: 0, Errors: 0, Skipped: 0, Time elapsed: 0.005 sec
Running com.google.common.base.ConverterTest
Tests run: 14, Failures: 0, Errors: 0, Skipped: 0, Time elapsed: 0.019 sec
Running com.google.common.base.DefaultsTest
Tests run: 1, Failures: 0, Errors: 0, Skipped: 0, Time elapsed: 0.001 sec
Running com.google.common.base.EnumsTest
Tests run: 13, Failures: 0, Errors: 0, Skipped: 0, Time elapsed: 0.103 sec
Running com.google.common.base.EquivalenceTest
Tests run: 12, Failures: 0, Errors: 0, Skipped: 0, Time elapsed: 0.011 sec
Running com.google.common.base.FinalizableReferenceQueueClassLoaderUnloadingTest
Tests run: 3, Failures: 0, Errors: 0, Skipped: 0, Time elapsed: 0.3 sec
Running com.google.common.base.FinalizableReferenceQueueTest
Tests run: 5, Failures: 0, Errors: 0, Skipped: 0, Time elapsed: 0.12 sec
Running com.google.common.base.FunctionsTest
Tests run: 27, Failures: 0, Errors: 0, Skipped: 0, Time elapsed: 0.072 sec
Running com.google.common.base.JoinerTest
Tests run: 12, Failures: 0, Errors: 0, Skipped: 0, Time elapsed: 0.017 sec
Running com.google.common.base.ObjectsTest
Tests run: 3, Failures: 0, Errors: 0, Skipped: 0, Time elapsed: 0.001 sec
Running com.google.common.base.OptionalTest
Tests run: 41, Failures: 0, Errors: 0, Skipped: 0, Time elapsed: 0.013 sec
Running com.google.common.base.PreconditionsTest
Tests run: 47, Failures: 0, Errors: 0, Skipped: 0, Time elapsed: 0.024 sec
Running com.google.common.base.PredicatesTest
Tests run: 87, Failures: 0, Errors: 0, Skipped: 0, Time elapsed: 0.063 sec
Running com.google.common.base.SplitterTest
Tests run: 103, Failures: 0, Errors: 0, Skipped: 0, Time elapsed: 0.015 sec
Running com.google.common.base.StandardSystemPropertyTest
Tests run: 4, Failures: 0, Errors: 0, Skipped: 0, Time elapsed: 0.002 sec
Running com.google.common.base.StopwatchTest
Tests run: 16, Failures: 0, Errors: 0, Skipped: 0, Time elapsed: 0.005 sec
Running com.google.common.base.StringsTest
Tests run: 20, Failures: 0, Errors: 0, Skipped: 0, Time elapsed: 0.016 sec
Running com.google.common.base.SuppliersTest
Tests run: 20, Failures: 0, Errors: 0, Skipped: 0, Time elapsed: 0.357 sec
Running com.google.common.base.ThrowablesTest
Tests run: 44, Failures: 0, Errors: 0, Skipped: 0, Time elapsed: 0.017 sec
Running com.google.common.base.ToStringHelperTest
Tests run: 40, Failures: 0, Errors: 0, Skipped: 0, Time elapsed: 0.008 sec
Running com.google.common.base.Utf8Test
Tests run: 9, Failures: 0, Errors: 0, Skipped: 0, Time elapsed: 2.762 sec
Running com.google.common.base.VerifyTest
Tests run: 10, Failures: 0, Errors: 0, Skipped: 0, Time elapsed: 0.003 sec
Running com.google.common.cache.AbstractCacheTest
Tests run: 8, Failures: 0, Errors: 0, Skipped: 0, Time elapsed: 0.007 sec
Running com.google.common.cache.AbstractLoadingCacheTest
Tests run: 4, Failures: 0, Errors: 0, Skipped: 0, Time elapsed: 0.003 sec
Running com.google.common.cache.CacheBuilderGwtTest
Tests run: 18, Failures: 0, Errors: 0, Skipped: 0, Time elapsed: 0.027 sec
Running com.google.common.cache.CacheBuilderSpecTest
Tests run: 43, Failures: 0, Errors: 0, Skipped: 0, Time elapsed: 0.022 sec
Running com.google.common.cache.CacheBuilderTest
Tests run: 39, Failures: 0, Errors: 0, Skipped: 0, Time elapsed: 9.404 sec
Running com.google.common.cache.CacheEvictionTest
Tests run: 15, Failures: 0, Errors: 0, Skipped: 0, Time elapsed: 0.041 sec
Running com.google.common.cache.CacheExpirationTest
Tests run: 12, Failures: 0, Errors: 0, Skipped: 0, Time elapsed: 0.01 sec
Running com.google.common.cache.CacheLoaderTest
Tests run: 1, Failures: 0, Errors: 0, Skipped: 0, Time elapsed: 0.007 sec
Running com.google.common.cache.CacheLoadingTest
Tests run: 46, Failures: 0, Errors: 0, Skipped: 0, Time elapsed: 1.105 sec
Running com.google.common.cache.CacheManualTest
Tests run: 2, Failures: 0, Errors: 0, Skipped: 0, Time elapsed: 0.002 sec
Running com.google.common.cache.CacheReferencesTest
Tests run: 4, Failures: 0, Errors: 0, Skipped: 0, Time elapsed: 0.01 sec
Running com.google.common.cache.CacheRefreshTest
Tests run: 1, Failures: 0, Errors: 0, Skipped: 0, Time elapsed: 0.001 sec
Running com.google.common.cache.CacheStatsTest
Tests run: 5, Failures: 0, Errors: 0, Skipped: 0, Time elapsed: 0.001 sec
Running com.google.common.cache.EmptyCachesTest
Tests run: 22, Failures: 0, Errors: 0, Skipped: 0, Time elapsed: 8.033 sec
Running com.google.common.cache.ForwardingCacheTest
Tests run: 9, Failures: 0, Errors: 0, Skipped: 0, Time elapsed: 0.319 sec
Running com.google.common.cache.ForwardingLoadingCacheTest
Tests run: 11, Failures: 0, Errors: 0, Skipped: 0, Time elapsed: 0.05 sec
Running com.google.common.cache.LocalCacheTest
Tests run: 8013, Failures: 0, Errors: 0, Skipped: 0, Time elapsed: 1.517 sec
Running com.google.common.cache.LocalLoadingCacheTest
Tests run: 9, Failures: 0, Errors: 0, Skipped: 0, Time elapsed: 0.01 sec
Running com.google.common.cache.LongAdderTest
Tests run: 2, Failures: 0, Errors: 0, Skipped: 0, Time elapsed: 0.001 sec
Running com.google.common.cache.NullCacheTest
Tests run: 5, Failures: 0, Errors: 0, Skipped: 0, Time elapsed: 0.002 sec
Running com.google.common.cache.PopulatedCachesTest
Tests run: 12, Failures: 0, Errors: 0, Skipped: 0, Time elapsed: 2.402 sec
Running com.google.common.cache.RemovalNotificationTest
Tests run: 1, Failures: 0, Errors: 0, Skipped: 0, Time elapsed: 0.001 sec
Running com.google.common.collect.AbstractBiMapTest
Tests run: 2, Failures: 0, Errors: 0, Skipped: 0, Time elapsed: 0.008 sec
Running com.google.common.collect.AbstractIteratorTest
Tests run: 9, Failures: 0, Errors: 0, Skipped: 0, Time elapsed: 0.13 sec
Running com.google.common.collect.AbstractMapEntryTest
Tests run: 6, Failures: 0, Errors: 0, Skipped: 0, Time elapsed: 0.002 sec
Running com.google.common.collect.AbstractSequentialIteratorTest
Tests run: 5, Failures: 0, Errors: 0, Skipped: 0, Time elapsed: 0.005 sec
Running com.google.common.collect.ArrayListMultimapTest
Tests run: 5382, Failures: 0, Errors: 0, Skipped: 0, Time elapsed: 1.554 sec
Running com.google.common.collect.ArrayTableTest
Tests run: 56, Failures: 0, Errors: 0, Skipped: 0, Time elapsed: 0.042 sec
Running com.google.common.collect.Collections2Test
Tests run: 1164, Failures: 0, Errors: 0, Skipped: 0, Time elapsed: 0.158 sec
Running com.google.common.collect.CompactHashMapTest
Tests run: 1501, Failures: 0, Errors: 0, Skipped: 0, Time elapsed: 0.219 sec
Running com.google.common.collect.CompactHashSetTest
Tests run: 934, Failures: 0, Errors: 0, Skipped: 0, Time elapsed: 0.136 sec
Running com.google.common.collect.CompactLinkedHashMapTest
Tests run: 1601, Failures: 0, Errors: 0, Skipped: 0, Time elapsed: 0.187 sec
Running com.google.common.collect.CompactLinkedHashSetTest
Tests run: 500, Failures: 0, Errors: 0, Skipped: 0, Time elapsed: 0.068 sec
Running com.google.common.collect.ComparatorsTest
Tests run: 3, Failures: 0, Errors: 0, Skipped: 0, Time elapsed: 0.001 sec
Running com.google.common.collect.ComparisonChainTest
Tests run: 10, Failures: 0, Errors: 0, Skipped: 0, Time elapsed: 0.002 sec
Running com.google.common.collect.ConcurrentHashMultisetBasherTest
Tests run: 3, Failures: 0, Errors: 0, Skipped: 0, Time elapsed: 13.464 sec
Running com.google.common.collect.ConcurrentHashMultisetTest
Tests run: 3039, Failures: 0, Errors: 0, Skipped: 0, Time elapsed: 1.314 sec
Running com.google.common.collect.ContiguousSetTest
Tests run: 24, Failures: 0, Errors: 0, Skipped: 0, Time elapsed: 0.048 sec
Running com.google.common.collect.ContiguousSetTest$BuiltTests
Tests run: 830, Failures: 0, Errors: 0, Skipped: 0, Time elapsed: 0.218 sec
Running com.google.common.collect.CountTest
Tests run: 5, Failures: 0, Errors: 0, Skipped: 0, Time elapsed: 0.002 sec
Running com.google.common.collect.DiscreteDomainTest
Tests run: 7, Failures: 0, Errors: 0, Skipped: 0, Time elapsed: 0.003 sec
Running com.google.common.collect.EmptyImmutableTableTest
Tests run: 25, Failures: 0, Errors: 0, Skipped: 0, Time elapsed: 0.016 sec
Running com.google.common.collect.EnumBiMapTest
Tests run: 3214, Failures: 0, Errors: 0, Skipped: 0, Time elapsed: 0.845 sec
Running com.google.common.collect.EnumHashBiMapTest
Tests run: 3378, Failures: 0, Errors: 0, Skipped: 0, Time elapsed: 0.695 sec
Running com.google.common.collect.EnumMultisetTest
Tests run: 792, Failures: 0, Errors: 0, Skipped: 0, Time elapsed: 0.081 sec
Running com.google.common.collect.EvictingQueueTest
Tests run: 11, Failures: 0, Errors: 0, Skipped: 0, Time elapsed: 0.005 sec
Running com.google.common.collect.FauxveridesTest
Tests run: 9, Failures: 0, Errors: 0, Skipped: 0, Time elapsed: 0.025 sec
Running com.google.common.collect.FilteredCollectionsTest
Tests run: 1, Failures: 0, Errors: 0, Skipped: 0, Time elapsed: 0.001 sec
Running com.google.common.collect.FilteredCollectionsTest$Collections2FilterArrayListTest
Tests run: 9, Failures: 0, Errors: 0, Skipped: 0, Time elapsed: 0.003 sec
Running com.google.common.collect.FilteredCollectionsTest$IterablesFilterArrayListTest
Tests run: 1, Failures: 0, Errors: 0, Skipped: 0, Time elapsed: 0 sec
Running com.google.common.collect.FilteredCollectionsTest$SetsFilterHashSetTest
Tests run: 10, Failures: 0, Errors: 0, Skipped: 0, Time elapsed: 0.013 sec
Running com.google.common.collect.FilteredCollectionsTest$SetsFilterNavigableSetTest
Tests run: 22, Failures: 0, Errors: 0, Skipped: 0, Time elapsed: 0.029 sec
Running com.google.common.collect.FilteredCollectionsTest$SetsFilterSortedSetTest
Tests run: 15, Failures: 0, Errors: 0, Skipped: 0, Time elapsed: 0.008 sec
Running com.google.common.collect.FilteredMultimapTest
Tests run: 3, Failures: 0, Errors: 0, Skipped: 0, Time elapsed: 0.026 sec
Running com.google.common.collect.FluentIterableTest
Tests run: 104, Failures: 0, Errors: 0, Skipped: 0, Time elapsed: 0.03 sec
Running com.google.common.collect.ForMapMultimapAsMapImplementsMapTest
Tests run: 56, Failures: 0, Errors: 0, Skipped: 0, Time elapsed: 0.012 sec
Running com.google.common.collect.ForwardingCollectionTest
Tests run: 333, Failures: 0, Errors: 0, Skipped: 0, Time elapsed: 0.066 sec
Running com.google.common.collect.ForwardingConcurrentMapTest
Tests run: 4, Failures: 0, Errors: 0, Skipped: 0, Time elapsed: 0.001 sec
Running com.google.common.collect.ForwardingDequeTest
Tests run: 1, Failures: 0, Errors: 0, Skipped: 0, Time elapsed: 0.009 sec
Running com.google.common.collect.ForwardingListIteratorTest
Tests run: 1, Failures: 0, Errors: 0, Skipped: 0, Time elapsed: 0.012 sec
Running com.google.common.collect.ForwardingListMultimapTest
Tests run: 2, Failures: 0, Errors: 0, Skipped: 0, Time elapsed: 0.009 sec
Running com.google.common.collect.ForwardingListTest
Tests run: 671, Failures: 0, Errors: 0, Skipped: 0, Time elapsed: 0.57 sec
Running com.google.common.collect.ForwardingMapTest
Tests run: 1393, Failures: 0, Errors: 0, Skipped: 0, Time elapsed: 0.244 sec
Running com.google.common.collect.ForwardingMultimapTest
Tests run: 2, Failures: 0, Errors: 0, Skipped: 0, Time elapsed: 0.005 sec
Running com.google.common.collect.ForwardingMultisetTest
Tests run: 1564, Failures: 0, Errors: 0, Skipped: 0, Time elapsed: 0.286 sec
Running com.google.common.collect.ForwardingNavigableMapTest
Tests run: 26367, Failures: 0, Errors: 0, Skipped: 0, Time elapsed: 3.245 sec
Running com.google.common.collect.ForwardingNavigableSetTest
Tests run: 455, Failures: 0, Errors: 0, Skipped: 0, Time elapsed: 0.083 sec
Running com.google.common.collect.ForwardingObjectTest
Tests run: 2, Failures: 0, Errors: 0, Skipped: 0, Time elapsed: 0.001 sec
Running com.google.common.collect.ForwardingQueueTest
Tests run: 201, Failures: 0, Errors: 0, Skipped: 0, Time elapsed: 0.025 sec
Running com.google.common.collect.ForwardingSetMultimapTest
Tests run: 2, Failures: 0, Errors: 0, Skipped: 0, Time elapsed: 0.005 sec
Running com.google.common.collect.ForwardingSetTest
Tests run: 395, Failures: 0, Errors: 0, Skipped: 0, Time elapsed: 0.048 sec
Running com.google.common.collect.ForwardingSortedMapImplementsMapTest
Tests run: 59, Failures: 0, Errors: 0, Skipped: 0, Time elapsed: 0.006 sec
Running com.google.common.collect.ForwardingSortedMapTest
Tests run: 8854, Failures: 0, Errors: 0, Skipped: 0, Time elapsed: 0.906 sec
Running com.google.common.collect.ForwardingSortedMultisetTest
Tests run: 22128, Failures: 0, Errors: 0, Skipped: 0, Time elapsed: 2.353 sec
Running com.google.common.collect.ForwardingSortedSetMultimapTest
Tests run: 2, Failures: 0, Errors: 0, Skipped: 0, Time elapsed: 0.021 sec
Running com.google.common.collect.ForwardingSortedSetTest
Tests run: 882, Failures: 0, Errors: 0, Skipped: 0, Time elapsed: 0.12 sec
Running com.google.common.collect.ForwardingTableTest
Tests run: 2, Failures: 0, Errors: 0, Skipped: 0, Time elapsed: 0.005 sec
Running com.google.common.collect.GeneralRangeTest
Tests run: 19, Failures: 0, Errors: 0, Skipped: 0, Time elapsed: 0.002 sec
Running com.google.common.collect.HashBasedTableTest
Tests run: 29, Failures: 0, Errors: 0, Skipped: 0, Time elapsed: 0.011 sec
Running com.google.common.collect.HashBiMapTest
Tests run: 3611, Failures: 0, Errors: 0, Skipped: 0, Time elapsed: 0.516 sec
Running com.google.common.collect.HashMultimapTest
Tests run: 5063, Failures: 0, Errors: 0, Skipped: 0, Time elapsed: 0.669 sec
Running com.google.common.collect.HashMultisetTest
Tests run: 1699, Failures: 0, Errors: 0, Skipped: 0, Time elapsed: 0.257 sec
Running com.google.common.collect.HashingTest
Tests run: 1, Failures: 0, Errors: 0, Skipped: 0, Time elapsed: 0.001 sec
Running com.google.common.collect.ImmutableBiMapTest
Tests run: 7946, Failures: 0, Errors: 0, Skipped: 0, Time elapsed: 1.103 sec
Running com.google.common.collect.ImmutableBiMapTest$BiMapSpecificTests
Tests run: 7, Failures: 0, Errors: 0, Skipped: 0, Time elapsed: 0.002 sec
Running com.google.common.collect.ImmutableBiMapTest$CreationTests
Tests run: 27, Failures: 0, Errors: 0, Skipped: 0, Time elapsed: 0.002 sec
Running com.google.common.collect.ImmutableBiMapTest$InverseMapTests
Tests run: 56, Failures: 0, Errors: 0, Skipped: 0, Time elapsed: 0.004 sec
Running com.google.common.collect.ImmutableBiMapTest$MapTests
Tests run: 56, Failures: 0, Errors: 0, Skipped: 0, Time elapsed: 0.003 sec
Running com.google.common.collect.ImmutableClassToInstanceMapTest
Tests run: 1198, Failures: 0, Errors: 0, Skipped: 0, Time elapsed: 0.176 sec
Running com.google.common.collect.ImmutableCollectionTest
Tests run: 1, Failures: 0, Errors: 0, Skipped: 0, Time elapsed: 0.001 sec
Running com.google.common.collect.ImmutableEnumMapTest
Tests run: 1092, Failures: 0, Errors: 0, Skipped: 0, Time elapsed: 0.283 sec
Running com.google.common.collect.ImmutableListMultimapTest
Tests run: 7933, Failures: 0, Errors: 0, Skipped: 0, Time elapsed: 2.083 sec
Running com.google.common.collect.ImmutableListTest
Tests run: 3999, Failures: 0, Errors: 0, Skipped: 0, Time elapsed: 5.455 sec
Running com.google.common.collect.ImmutableListTest$BasicTests
Tests run: 16, Failures: 0, Errors: 0, Skipped: 0, Time elapsed: 0.01 sec
Running com.google.common.collect.ImmutableListTest$ConcurrentTests
Tests run: 2, Failures: 0, Errors: 0, Skipped: 0, Time elapsed: 0.007 sec
Running com.google.common.collect.ImmutableListTest$CreationTests
Tests run: 48, Failures: 0, Errors: 0, Skipped: 0, Time elapsed: 0.013 sec
Running com.google.common.collect.ImmutableMapTest
Tests run: 9091, Failures: 0, Errors: 0, Skipped: 0, Time elapsed: 4.253 sec
Running com.google.common.collect.ImmutableMapTest$CreationTests
Tests run: 31, Failures: 0, Errors: 0, Skipped: 0, Time elapsed: 0.036 sec
Running com.google.common.collect.ImmutableMapTest$MapTests
Tests run: 56, Failures: 0, Errors: 0, Skipped: 0, Time elapsed: 0.006 sec
Running com.google.common.collect.ImmutableMapTest$MapTestsWithBadHashes
Tests run: 56, Failures: 0, Errors: 0, Skipped: 0, Time elapsed: 0.006 sec
Running com.google.common.collect.ImmutableMapTest$MapTestsWithSingletonUnhashableValue
Tests run: 56, Failures: 0, Errors: 0, Skipped: 0, Time elapsed: 0.004 sec
Running com.google.common.collect.ImmutableMapTest$MapTestsWithUnhashableValues
Tests run: 56, Failures: 0, Errors: 0, Skipped: 0, Time elapsed: 0.005 sec
Running com.google.common.collect.ImmutableMapTest$ReserializedMapTests
Tests run: 56, Failures: 0, Errors: 0, Skipped: 0, Time elapsed: 0.015 sec
Running com.google.common.collect.ImmutableMapTest$SingletonMapTests
Tests run: 56, Failures: 0, Errors: 0, Skipped: 0, Time elapsed: 0.004 sec
Running com.google.common.collect.ImmutableMultimapAsMapImplementsMapTest
Tests run: 56, Failures: 0, Errors: 0, Skipped: 0, Time elapsed: 0.004 sec
Running com.google.common.collect.ImmutableMultimapTest
Tests run: 7, Failures: 0, Errors: 0, Skipped: 0, Time elapsed: 0.002 sec
Running com.google.common.collect.ImmutableMultisetTest
Tests run: 2864, Failures: 0, Errors: 0, Skipped: 0, Time elapsed: 1.959 sec
Running com.google.common.collect.ImmutableRangeMapTest
Tests run: 11, Failures: 0, Errors: 0, Skipped: 0, Time elapsed: 12.342 sec
Running com.google.common.collect.ImmutableRangeSetTest
Tests run: 697, Failures: 0, Errors: 0, Skipped: 0, Time elapsed: 0.874 sec
Running com.google.common.collect.ImmutableSetMultimapAsMapImplementsMapTest
Tests run: 56, Failures: 0, Errors: 0, Skipped: 0, Time elapsed: 0.003 sec
Running com.google.common.collect.ImmutableSetMultimapTest
Tests run: 7636, Failures: 0, Errors: 0, Skipped: 0, Time elapsed: 1.329 sec
Running com.google.common.collect.ImmutableSetTest
Tests run: 2533, Failures: 0, Errors: 0, Skipped: 0, Time elapsed: 1.328 sec
Running com.google.common.collect.ImmutableSortedMapTest
Tests run: 58126, Failures: 0, Errors: 0, Skipped: 0, Time elapsed: 11.364 sec
Running com.google.common.collect.ImmutableSortedMapTest$CreationTests
Tests run: 30, Failures: 0, Errors: 0, Skipped: 0, Time elapsed: 0.004 sec
Running com.google.common.collect.ImmutableSortedMapTest$HeadMapInclusiveTests
Tests run: 59, Failures: 0, Errors: 0, Skipped: 0, Time elapsed: 0.006 sec
Running com.google.common.collect.ImmutableSortedMapTest$HeadMapTests
Tests run: 59, Failures: 0, Errors: 0, Skipped: 0, Time elapsed: 0.014 sec
Running com.google.common.collect.ImmutableSortedMapTest$MapTests
Tests run: 59, Failures: 0, Errors: 0, Skipped: 0, Time elapsed: 0.006 sec
Running com.google.common.collect.ImmutableSortedMapTest$ReserializedMapTests
Tests run: 59, Failures: 0, Errors: 0, Skipped: 0, Time elapsed: 0.009 sec
Running com.google.common.collect.ImmutableSortedMapTest$SingletonMapTests
Tests run: 59, Failures: 0, Errors: 0, Skipped: 0, Time elapsed: 0.004 sec
Running com.google.common.collect.ImmutableSortedMapTest$SubMapTests
Tests run: 59, Failures: 0, Errors: 0, Skipped: 0, Time elapsed: 0.003 sec
Running com.google.common.collect.ImmutableSortedMapTest$TailExclusiveMapTests
Tests run: 59, Failures: 0, Errors: 0, Skipped: 0, Time elapsed: 0.005 sec
Running com.google.common.collect.ImmutableSortedMapTest$TailMapTests
Tests run: 59, Failures: 0, Errors: 0, Skipped: 0, Time elapsed: 0.005 sec
Running com.google.common.collect.ImmutableSortedMultisetTest
Tests run: 19055, Failures: 0, Errors: 0, Skipped: 0, Time elapsed: 3.785 sec
Running com.google.common.collect.ImmutableSortedSetTest
Tests run: 15770, Failures: 0, Errors: 0, Skipped: 0, Time elapsed: 4.832 sec
Running com.google.common.collect.ImmutableTableTest
Tests run: 43, Failures: 0, Errors: 0, Skipped: 0, Time elapsed: 0.247 sec
Running com.google.common.collect.InternersTest
Tests run: 11, Failures: 0, Errors: 0, Skipped: 0, Time elapsed: 0.506 sec
Running com.google.common.collect.IterablesTest
Tests run: 129, Failures: 0, Errors: 0, Skipped: 0, Time elapsed: 0.062 sec
Running com.google.common.collect.IteratorsTest
Tests run: 549, Failures: 0, Errors: 0, Skipped: 0, Time elapsed: 0.314 sec
Running com.google.common.collect.LinkedHashMultimapTest
Tests run: 5395, Failures: 0, Errors: 0, Skipped: 0, Time elapsed: 1.006 sec
Running com.google.common.collect.LinkedHashMultisetTest
Tests run: 1795, Failures: 0, Errors: 0, Skipped: 0, Time elapsed: 0.232 sec
Running com.google.common.collect.LinkedListMultimapTest
Tests run: 5618, Failures: 0, Errors: 0, Skipped: 0, Time elapsed: 1.287 sec
Running com.google.common.collect.ListsImplTest
Tests run: 42, Failures: 0, Errors: 0, Skipped: 0, Time elapsed: 0.004 sec
Running com.google.common.collect.ListsTest
Tests run: 5533, Failures: 0, Errors: 0, Skipped: 0, Time elapsed: 3.156 sec
Running com.google.common.collect.MapMakerInternalMapTest
Tests run: 28, Failures: 0, Errors: 0, Skipped: 0, Time elapsed: 0.09 sec
Running com.google.common.collect.MapMakerTest
Tests run: 1, Failures: 0, Errors: 0, Skipped: 0, Time elapsed: 0.001 sec
Running com.google.common.collect.MapMakerTest$MakerTest
Tests run: 2, Failures: 0, Errors: 0, Skipped: 0, Time elapsed: 0.001 sec
Running com.google.common.collect.MapsCollectionTest
Tests run: 197523, Failures: 0, Errors: 0, Skipped: 0, Time elapsed: 26.324 sec
Running com.google.common.collect.MapsSortedTransformValuesTest
Tests run: 66, Failures: 0, Errors: 0, Skipped: 0, Time elapsed: 0.007 sec
Running com.google.common.collect.MapsTest
Tests run: 92, Failures: 0, Errors: 0, Skipped: 0, Time elapsed: 0.124 sec
Running com.google.common.collect.MapsTest$FilteredBiMapTest
Tests run: 11, Failures: 0, Errors: 0, Skipped: 0, Time elapsed: 0.002 sec
Running com.google.common.collect.MapsTest$FilteredMapTest
Tests run: 11, Failures: 0, Errors: 0, Skipped: 0, Time elapsed: 0 sec
Running com.google.common.collect.MapsTest$FilteredSortedMapTest
Tests run: 13, Failures: 0, Errors: 0, Skipped: 0, Time elapsed: 0.001 sec
Running com.google.common.collect.MapsTransformValuesTest
Tests run: 66, Failures: 0, Errors: 0, Skipped: 0, Time elapsed: 0.003 sec
Running com.google.common.collect.MapsTransformValuesUnmodifiableIteratorTest
Tests run: 66, Failures: 0, Errors: 0, Skipped: 0, Time elapsed: 0.009 sec
Running com.google.common.collect.MinMaxPriorityQueueTest
Tests run: 228, Failures: 0, Errors: 0, Skipped: 0, Time elapsed: 1.658 sec
Running com.google.common.collect.MultimapBuilderTest
Tests run: 5, Failures: 0, Errors: 0, Skipped: 0, Time elapsed: 0.035 sec
Running com.google.common.collect.MultimapsCollectionTest
Tests run: 34111, Failures: 0, Errors: 0, Skipped: 0, Time elapsed: 4.809 sec
Running com.google.common.collect.MultimapsFilterEntriesAsMapTest
Tests run: 56, Failures: 0, Errors: 0, Skipped: 0, Time elapsed: 0.015 sec
Running com.google.common.collect.MultimapsTest
Tests run: 55, Failures: 0, Errors: 0, Skipped: 0, Time elapsed: 0.085 sec
Running com.google.common.collect.MultimapsTransformValuesAsMapTest
Tests run: 56, Failures: 0, Errors: 0, Skipped: 0, Time elapsed: 0.006 sec
Running com.google.common.collect.MultisetsCollectionTest
Tests run: 21504, Failures: 0, Errors: 0, Skipped: 0, Time elapsed: 2.141 sec
Running com.google.common.collect.MultisetsImmutableEntryTest
Tests run: 7, Failures: 0, Errors: 0, Skipped: 0, Time elapsed: 0.001 sec
Running com.google.common.collect.MultisetsTest
Tests run: 31, Failures: 0, Errors: 0, Skipped: 0, Time elapsed: 0.004 sec
Running com.google.common.collect.MutableClassToInstanceMapTest
Tests run: 1379, Failures: 0, Errors: 0, Skipped: 0, Time elapsed: 0.235 sec
Running com.google.common.collect.NewCustomTableTest
Tests run: 25, Failures: 0, Errors: 0, Skipped: 0, Time elapsed: 0.004 sec
Running com.google.common.collect.ObjectArraysTest
Tests run: 25, Failures: 0, Errors: 0, Skipped: 0, Time elapsed: 0.003 sec
Running com.google.common.collect.OrderingTest
Tests run: 69, Failures: 0, Errors: 0, Skipped: 0, Time elapsed: 2.383 sec
Running com.google.common.collect.PeekingIteratorTest
Tests run: 8, Failures: 0, Errors: 0, Skipped: 0, Time elapsed: 0.034 sec
Running com.google.common.collect.QueuesTest
Tests run: 9, Failures: 0, Errors: 0, Skipped: 0, Time elapsed: 5.94 sec
Running com.google.common.collect.RangeNonGwtTest
Tests run: 1, Failures: 0, Errors: 0, Skipped: 0, Time elapsed: 0.007 sec
Running com.google.common.collect.RangeTest
Tests run: 36, Failures: 0, Errors: 0, Skipped: 0, Time elapsed: 0.007 sec
Running com.google.common.collect.RegularImmutableAsListTest
Tests run: 1, Failures: 0, Errors: 0, Skipped: 0, Time elapsed: 0.012 sec
Running com.google.common.collect.RegularImmutableTableTest
Tests run: 22, Failures: 0, Errors: 0, Skipped: 0, Time elapsed: 0.004 sec
Running com.google.common.collect.SetOperationsTest
Tests run: 1472, Failures: 0, Errors: 0, Skipped: 0, Time elapsed: 0.189 sec
Running com.google.common.collect.SetOperationsTest$MoreTests
Tests run: 4, Failures: 0, Errors: 0, Skipped: 0, Time elapsed: 0.001 sec
Running com.google.common.collect.SetsTest
Tests run: 2089, Failures: 0, Errors: 0, Skipped: 0, Time elapsed: 0.292 sec
Running com.google.common.collect.SimpleAbstractMultisetTest
Tests run: 641, Failures: 0, Errors: 0, Skipped: 0, Time elapsed: 0.095 sec
Running com.google.common.collect.SingletonImmutableTableTest
Tests run: 25, Failures: 0, Errors: 0, Skipped: 0, Time elapsed: 0.002 sec
Running com.google.common.collect.SortedIterablesTest
Tests run: 2, Failures: 0, Errors: 0, Skipped: 0, Time elapsed: 0.001 sec
Running com.google.common.collect.SortedListsTest
Tests run: 3, Failures: 0, Errors: 0, Skipped: 0, Time elapsed: 0.003 sec
Running com.google.common.collect.SubMapMultimapAsMapImplementsMapTest
Tests run: 56, Failures: 0, Errors: 0, Skipped: 0, Time elapsed: 0.008 sec
Running com.google.common.collect.SynchronizedBiMapTest
Tests run: 5488, Failures: 0, Errors: 0, Skipped: 0, Time elapsed: 0.951 sec
Running com.google.common.collect.SynchronizedDequeTest
Tests run: 1, Failures: 0, Errors: 0, Skipped: 0, Time elapsed: 0.021 sec
Running com.google.common.collect.SynchronizedMapTest
Tests run: 16, Failures: 0, Errors: 0, Skipped: 0, Time elapsed: 0.003 sec
Running com.google.common.collect.SynchronizedMultimapTest
Tests run: 5004, Failures: 0, Errors: 0, Skipped: 0, Time elapsed: 1.082 sec
Running com.google.common.collect.SynchronizedNavigableMapTest
Tests run: 26508, Failures: 0, Errors: 0, Skipped: 0, Time elapsed: 3.013 sec
Running com.google.common.collect.SynchronizedNavigableSetTest
Tests run: 8053, Failures: 0, Errors: 0, Skipped: 0, Time elapsed: 1.597 sec
Running com.google.common.collect.SynchronizedQueueTest
Tests run: 1, Failures: 0, Errors: 0, Skipped: 0, Time elapsed: 0.001 sec
Running com.google.common.collect.SynchronizedSetTest
Tests run: 452, Failures: 0, Errors: 0, Skipped: 0, Time elapsed: 0.066 sec
Running com.google.common.collect.SynchronizedTableTest
Tests run: 23, Failures: 0, Errors: 0, Skipped: 0, Time elapsed: 0.005 sec
Running com.google.common.collect.TableCollectionTest
Tests run: 6939, Failures: 0, Errors: 0, Skipped: 0, Time elapsed: 0.816 sec
Running com.google.common.collect.TableCollectionTest$ArrayColumnMapTests
Tests run: 56, Failures: 0, Errors: 0, Skipped: 0, Time elapsed: 0.003 sec
Running com.google.common.collect.TableCollectionTest$ArrayColumnTests
Tests run: 56, Failures: 0, Errors: 0, Skipped: 0, Time elapsed: 0.002 sec
Running com.google.common.collect.TableCollectionTest$ArrayRowMapTests
Tests run: 56, Failures: 0, Errors: 0, Skipped: 0, Time elapsed: 0.002 sec
Running com.google.common.collect.TableCollectionTest$ArrayRowTests
Tests run: 56, Failures: 0, Errors: 0, Skipped: 0, Time elapsed: 0.002 sec
Running com.google.common.collect.TableCollectionTest$HashColumnMapTests
Tests run: 56, Failures: 0, Errors: 0, Skipped: 0, Time elapsed: 0.011 sec
Running com.google.common.collect.TableCollectionTest$HashColumnTests
Tests run: 56, Failures: 0, Errors: 0, Skipped: 0, Time elapsed: 0.002 sec
Running com.google.common.collect.TableCollectionTest$HashRowMapTests
Tests run: 56, Failures: 0, Errors: 0, Skipped: 0, Time elapsed: 0.002 sec
Running com.google.common.collect.TableCollectionTest$HashRowTests
Tests run: 56, Failures: 0, Errors: 0, Skipped: 0, Time elapsed: 0.002 sec
Running com.google.common.collect.TableCollectionTest$TransformValueColumnMapTests
Tests run: 56, Failures: 0, Errors: 0, Skipped: 0, Time elapsed: 0.003 sec
Running com.google.common.collect.TableCollectionTest$TransformValueColumnTests
Tests run: 56, Failures: 0, Errors: 0, Skipped: 0, Time elapsed: 0.003 sec
Running com.google.common.collect.TableCollectionTest$TransformValueRowMapTests
Tests run: 56, Failures: 0, Errors: 0, Skipped: 0, Time elapsed: 0.002 sec
Running com.google.common.collect.TableCollectionTest$TransformValueRowTests
Tests run: 56, Failures: 0, Errors: 0, Skipped: 0, Time elapsed: 0.002 sec
Running com.google.common.collect.TableCollectionTest$TransposeColumnTests
Tests run: 56, Failures: 0, Errors: 0, Skipped: 0, Time elapsed: 0.002 sec
Running com.google.common.collect.TableCollectionTest$TransposeRowTests
Tests run: 56, Failures: 0, Errors: 0, Skipped: 0, Time elapsed: 0.002 sec
Running com.google.common.collect.TableCollectionTest$TreeColumnMapTests
Tests run: 56, Failures: 0, Errors: 0, Skipped: 0, Time elapsed: 0.003 sec
Running com.google.common.collect.TableCollectionTest$TreeColumnTests
Tests run: 56, Failures: 0, Errors: 0, Skipped: 0, Time elapsed: 0.002 sec
Running com.google.common.collect.TableCollectionTest$TreeRowMapHeadMapTests
Tests run: 56, Failures: 0, Errors: 0, Skipped: 0, Time elapsed: 0.002 sec
Running com.google.common.collect.TableCollectionTest$TreeRowMapSubMapTests
Tests run: 56, Failures: 0, Errors: 0, Skipped: 0, Time elapsed: 0.002 sec
Running com.google.common.collect.TableCollectionTest$TreeRowMapTailMapTests
Tests run: 56, Failures: 0, Errors: 0, Skipped: 0, Time elapsed: 0.002 sec
Running com.google.common.collect.TableCollectionTest$TreeRowMapTests
Tests run: 56, Failures: 0, Errors: 0, Skipped: 0, Time elapsed: 0.002 sec
Running com.google.common.collect.TableCollectionTest$TreeRowTests
Tests run: 56, Failures: 0, Errors: 0, Skipped: 0, Time elapsed: 0.002 sec
Running com.google.common.collect.TableCollectionTest$UnmodifiableHashColumnMapTests
Tests run: 56, Failures: 0, Errors: 0, Skipped: 0, Time elapsed: 0.004 sec
Running com.google.common.collect.TableCollectionTest$UnmodifiableHashColumnTests
Tests run: 56, Failures: 0, Errors: 0, Skipped: 0, Time elapsed: 0.002 sec
Running com.google.common.collect.TableCollectionTest$UnmodifiableHashRowMapTests
Tests run: 56, Failures: 0, Errors: 0, Skipped: 0, Time elapsed: 0.002 sec
Running com.google.common.collect.TableCollectionTest$UnmodifiableHashRowTests
Tests run: 56, Failures: 0, Errors: 0, Skipped: 0, Time elapsed: 0.002 sec
Running com.google.common.collect.TableCollectionTest$UnmodifiableTreeColumnMapTests
Tests run: 56, Failures: 0, Errors: 0, Skipped: 0, Time elapsed: 0.003 sec
Running com.google.common.collect.TableCollectionTest$UnmodifiableTreeColumnTests
Tests run: 56, Failures: 0, Errors: 0, Skipped: 0, Time elapsed: 0.002 sec
Running com.google.common.collect.TableCollectionTest$UnmodifiableTreeRowMapTests
Tests run: 56, Failures: 0, Errors: 0, Skipped: 0, Time elapsed: 0.002 sec
Running com.google.common.collect.TableCollectionTest$UnmodifiableTreeRowTests
Tests run: 56, Failures: 0, Errors: 0, Skipped: 0, Time elapsed: 0.002 sec
Running com.google.common.collect.TablesTest
Tests run: 4, Failures: 0, Errors: 0, Skipped: 0, Time elapsed: 0.001 sec
Running com.google.common.collect.TablesTransformValuesTest
Tests run: 23, Failures: 0, Errors: 0, Skipped: 0, Time elapsed: 0.002 sec
Running com.google.common.collect.TopKSelectorTest
Tests run: 8, Failures: 0, Errors: 0, Skipped: 0, Time elapsed: 0.238 sec
Running com.google.common.collect.TransposedTableTest
Tests run: 27, Failures: 0, Errors: 0, Skipped: 0, Time elapsed: 0.003 sec
Running com.google.common.collect.TreeBasedTableTest
Tests run: 3051, Failures: 0, Errors: 0, Skipped: 0, Time elapsed: 0.339 sec
Running com.google.common.collect.TreeBasedTableTest$TreeRowTest
Tests run: 60, Failures: 0, Errors: 0, Skipped: 0, Time elapsed: 0.002 sec
Running com.google.common.collect.TreeMultimapExplicitTest
Tests run: 12, Failures: 0, Errors: 0, Skipped: 0, Time elapsed: 0.002 sec
Running com.google.common.collect.TreeMultimapNaturalTest
Tests run: 34715, Failures: 0, Errors: 0, Skipped: 0, Time elapsed: 5.095 sec
Running com.google.common.collect.TreeMultisetTest
Tests run: 94613, Failures: 0, Errors: 0, Skipped: 0, Time elapsed: 13.534 sec
Running com.google.common.collect.TreeRangeMapTest
Tests run: 2744, Failures: 0, Errors: 0, Skipped: 0, Time elapsed: 1.163 sec
Running com.google.common.collect.TreeRangeSetTest
Tests run: 43, Failures: 0, Errors: 0, Skipped: 0, Time elapsed: 34.319 sec
Running com.google.common.collect.TreeTraverserTest
Tests run: 5, Failures: 0, Errors: 0, Skipped: 0, Time elapsed: 0.005 sec
Running com.google.common.collect.UnmodifiableIteratorTest
Tests run: 1, Failures: 0, Errors: 0, Skipped: 0, Time elapsed: 0.001 sec
Running com.google.common.collect.UnmodifiableListIteratorTest
Tests run: 3, Failures: 0, Errors: 0, Skipped: 0, Time elapsed: 0.012 sec
Running com.google.common.collect.UnmodifiableMultimapAsMapImplementsMapTest
Tests run: 56, Failures: 0, Errors: 0, Skipped: 0, Time elapsed: 0.009 sec
Running com.google.common.escape.ArrayBasedCharEscaperTest
Tests run: 4, Failures: 0, Errors: 0, Skipped: 0, Time elapsed: 0.005 sec
Running com.google.common.escape.ArrayBasedEscaperMapTest
Tests run: 4, Failures: 0, Errors: 0, Skipped: 0, Time elapsed: 0.014 sec
Running com.google.common.escape.ArrayBasedUnicodeEscaperTest
Tests run: 5, Failures: 0, Errors: 0, Skipped: 0, Time elapsed: 0.004 sec
Running com.google.common.escape.CharEscaperBuilderTest
Tests run: 1, Failures: 0, Errors: 0, Skipped: 0, Time elapsed: 0.001 sec
Running com.google.common.escape.EscapersTest
Tests run: 6, Failures: 0, Errors: 0, Skipped: 0, Time elapsed: 0.004 sec
Running com.google.common.escape.UnicodeEscaperTest
Tests run: 9, Failures: 0, Errors: 0, Skipped: 0, Time elapsed: 0.005 sec
Running com.google.common.eventbus.AsyncEventBusTest
Tests run: 1, Failures: 0, Errors: 0, Skipped: 0, Time elapsed: 0.008 sec
Running com.google.common.eventbus.DispatcherTest
Tests run: 3, Failures: 0, Errors: 0, Skipped: 0, Time elapsed: 0.023 sec
Running com.google.common.eventbus.EventBusTest
Tests run: 11, Failures: 0, Errors: 0, Skipped: 0, Time elapsed: 0.939 sec
Running com.google.common.eventbus.ReentrantEventsTest
Tests run: 2, Failures: 0, Errors: 0, Skipped: 0, Time elapsed: 0.002 sec
Running com.google.common.eventbus.SubscriberRegistryTest
Tests run: 6, Failures: 0, Errors: 0, Skipped: 0, Time elapsed: 0.001 sec
Running com.google.common.eventbus.SubscriberTest
Tests run: 5, Failures: 0, Errors: 0, Skipped: 0, Time elapsed: 0.002 sec
Running com.google.common.eventbus.outside.AnnotatedSubscriberFinderTests$AbstractNotAnnotatedInSuperclassTest
Tests run: 2, Failures: 0, Errors: 0, Skipped: 0, Time elapsed: 0.001 sec
Running com.google.common.eventbus.outside.AnnotatedSubscriberFinderTests$AnnotatedAndAbstractInSuperclassTest
Tests run: 2, Failures: 0, Errors: 0, Skipped: 0, Time elapsed: 0.001 sec
Running com.google.common.eventbus.outside.AnnotatedSubscriberFinderTests$AnnotatedNotAbstractInSuperclassTest
Tests run: 5, Failures: 0, Errors: 0, Skipped: 0, Time elapsed: 0.001 sec
Running com.google.common.eventbus.outside.AnnotatedSubscriberFinderTests$BaseSubscriberFinderTest
Tests run: 2, Failures: 0, Errors: 0, Skipped: 0, Time elapsed: 0.001 sec
Running com.google.common.eventbus.outside.AnnotatedSubscriberFinderTests$DeepInterfaceTest
Tests run: 8, Failures: 0, Errors: 0, Skipped: 0, Time elapsed: 0.002 sec
Running com.google.common.eventbus.outside.AnnotatedSubscriberFinderTests$NeitherAbstractNorAnnotatedInSuperclassTest
Tests run: 3, Failures: 0, Errors: 0, Skipped: 0, Time elapsed: 0.001 sec
Running com.google.common.eventbus.outside.OutsideEventBusTest
Tests run: 1, Failures: 0, Errors: 0, Skipped: 0, Time elapsed: 0.001 sec
Running com.google.common.graph.ConfigurableDirectedGraphTest
Tests run: 57, Failures: 0, Errors: 0, Skipped: 0, Time elapsed: 0.078 sec
Running com.google.common.graph.ConfigurableDirectedGraphWithStableOrderTest
Tests run: 52, Failures: 0, Errors: 0, Skipped: 0, Time elapsed: 0.022 sec
Running com.google.common.graph.ConfigurableDirectedMultiNetworkTest
Tests run: 91, Failures: 0, Errors: 0, Skipped: 0, Time elapsed: 0.083 sec
Running com.google.common.graph.ConfigurableDirectedNetworkTest
Tests run: 86, Failures: 0, Errors: 0, Skipped: 0, Time elapsed: 0.065 sec
Running com.google.common.graph.ConfigurableSimpleDirectedGraphTest
Tests run: 47, Failures: 0, Errors: 0, Skipped: 0, Time elapsed: 0.008 sec
Running com.google.common.graph.ConfigurableSimpleDirectedNetworkTest
Tests run: 66, Failures: 0, Errors: 0, Skipped: 0, Time elapsed: 0.092 sec
Running com.google.common.graph.ConfigurableSimpleDirectedSortedNetworkTest
Tests run: 66, Failures: 0, Errors: 0, Skipped: 0, Time elapsed: 0.081 sec
Running com.google.common.graph.ConfigurableSimpleUndirectedGraphTest
Tests run: 45, Failures: 0, Errors: 0, Skipped: 0, Time elapsed: 0.028 sec
Running com.google.common.graph.ConfigurableSimpleUndirectedNetworkTest
Tests run: 62, Failures: 0, Errors: 0, Skipped: 0, Time elapsed: 0.045 sec
Running com.google.common.graph.ConfigurableUndirectedGraphTest
Tests run: 55, Failures: 0, Errors: 0, Skipped: 0, Time elapsed: 0.012 sec
Running com.google.common.graph.ConfigurableUndirectedMultiNetworkTest
Tests run: 85, Failures: 0, Errors: 0, Skipped: 0, Time elapsed: 0.059 sec
Running com.google.common.graph.ConfigurableUndirectedNetworkTest
Tests run: 80, Failures: 0, Errors: 0, Skipped: 0, Time elapsed: 0.039 sec
Running com.google.common.graph.DefaultNetworkImplementationsTest
Tests run: 14, Failures: 0, Errors: 0, Skipped: 0, Time elapsed: 0.02 sec
Running com.google.common.graph.ElementOrderTest
Tests run: 13, Failures: 0, Errors: 0, Skipped: 0, Time elapsed: 0.002 sec
Running com.google.common.graph.EndpointPairTest
Tests run: 12, Failures: 0, Errors: 0, Skipped: 0, Time elapsed: 0.002 sec
Running com.google.common.graph.GraphEquivalenceTest
Tests run: 12, Failures: 0, Errors: 0, Skipped: 0, Time elapsed: 0.001 sec
Running com.google.common.graph.GraphMutationTest
Tests run: 2, Failures: 0, Errors: 0, Skipped: 0, Time elapsed: 2.677 sec
Running com.google.common.graph.GraphPropertiesTest
Tests run: 12, Failures: 0, Errors: 0, Skipped: 0, Time elapsed: 0.002 sec
Running com.google.common.graph.GraphsTest
Tests run: 33, Failures: 0, Errors: 0, Skipped: 0, Time elapsed: 0.069 sec
Running com.google.common.graph.ImmutableGraphTest
Tests run: 7, Failures: 0, Errors: 0, Skipped: 0, Time elapsed: 0.003 sec
Running com.google.common.graph.ImmutableNetworkTest
Tests run: 9, Failures: 0, Errors: 0, Skipped: 0, Time elapsed: 0.004 sec
Running com.google.common.graph.ImmutableValueGraphTest
Tests run: 7, Failures: 0, Errors: 0, Skipped: 0, Time elapsed: 0.003 sec
Running com.google.common.graph.MapCacheTest
Tests run: 16, Failures: 0, Errors: 0, Skipped: 0, Time elapsed: 0.003 sec
Running com.google.common.graph.NetworkEquivalenceTest
Tests run: 16, Failures: 0, Errors: 0, Skipped: 0, Time elapsed: 0.002 sec
Running com.google.common.graph.NetworkMutationTest
Tests run: 2, Failures: 0, Errors: 0, Skipped: 0, Time elapsed: 13.484 sec
Running com.google.common.graph.TraverserTest
Tests run: 108, Failures: 0, Errors: 0, Skipped: 0, Time elapsed: 0.026 sec
Running com.google.common.graph.ValueGraphTest
Tests run: 25, Failures: 0, Errors: 0, Skipped: 0, Time elapsed: 0.057 sec
Running com.google.common.hash.AbstractByteHasherTest
Tests run: 9, Failures: 0, Errors: 0, Skipped: 0, Time elapsed: 0.044 sec
Running com.google.common.hash.AbstractNonStreamingHashFunctionTest
Tests run: 5, Failures: 0, Errors: 0, Skipped: 0, Time elapsed: 0.025 sec
Running com.google.common.hash.AbstractStreamingHasherTest
Tests run: 10, Failures: 0, Errors: 0, Skipped: 0, Time elapsed: 1.087 sec
Running com.google.common.hash.BloomFilterTest
Tests run: 28, Failures: 0, Errors: 0, Skipped: 0, Time elapsed: 5.246 sec
Running com.google.common.hash.ChecksumHashFunctionTest
Tests run: 4, Failures: 0, Errors: 0, Skipped: 0, Time elapsed: 0.004 sec
Running com.google.common.hash.Crc32cHashFunctionTest
Tests run: 7, Failures: 0, Errors: 0, Skipped: 0, Time elapsed: 0.002 sec
Running com.google.common.hash.FarmHashFingerprint64Test
Tests run: 6, Failures: 0, Errors: 0, Skipped: 0, Time elapsed: 0.021 sec
Running com.google.common.hash.FunnelsTest
Tests run: 14, Failures: 0, Errors: 0, Skipped: 0, Time elapsed: 0.158 sec
Running com.google.common.hash.HashCodeTest
Tests run: 31, Failures: 0, Errors: 0, Skipped: 0, Time elapsed: 0.009 sec
Running com.google.common.hash.HashingInputStreamTest
Tests run: 8, Failures: 0, Errors: 0, Skipped: 0, Time elapsed: 0.129 sec
Running com.google.common.hash.HashingOutputStreamTest
Tests run: 5, Failures: 0, Errors: 0, Skipped: 0, Time elapsed: 0.004 sec
Running com.google.common.hash.HashingTest
Tests run: 39, Failures: 0, Errors: 0, Skipped: 0, Time elapsed: 6.482 sec
Running com.google.common.hash.MacHashFunctionTest
Tests run: 28, Failures: 0, Errors: 0, Skipped: 0, Time elapsed: 0.078 sec
Running com.google.common.hash.MessageDigestHashFunctionTest
Tests run: 4, Failures: 0, Errors: 0, Skipped: 0, Time elapsed: 0.013 sec
Running com.google.common.hash.Murmur3Hash128Test
Tests run: 3, Failures: 0, Errors: 0, Skipped: 0, Time elapsed: 0.129 sec
Running com.google.common.hash.Murmur3Hash32Test
Tests run: 11, Failures: 0, Errors: 0, Skipped: 0, Time elapsed: 0.15 sec
Running com.google.common.hash.SipHashFunctionTest
Tests run: 5, Failures: 0, Errors: 0, Skipped: 0, Time elapsed: 0.011 sec
Running com.google.common.html.HtmlEscapersTest
Tests run: 1, Failures: 0, Errors: 0, Skipped: 0, Time elapsed: 0.001 sec
Running com.google.common.io.AppendableWriterTest
Tests run: 4, Failures: 0, Errors: 0, Skipped: 0, Time elapsed: 0.002 sec
Running com.google.common.io.BaseEncodingTest
Tests run: 31, Failures: 0, Errors: 0, Skipped: 0, Time elapsed: 0.048 sec
Running com.google.common.io.ByteSinkTest
Tests run: 7, Failures: 0, Errors: 0, Skipped: 0, Time elapsed: 0.008 sec
Running com.google.common.io.ByteSourceTest
Tests run: 2182, Failures: 0, Errors: 0, Skipped: 0, Time elapsed: 0.088 sec
Running com.google.common.io.ByteStreamsTest
Tests run: 56, Failures: 0, Errors: 0, Skipped: 0, Time elapsed: 0.082 sec
Running com.google.common.io.CharSequenceReaderTest
Tests run: 5, Failures: 0, Errors: 0, Skipped: 0, Time elapsed: 0.002 sec
Running com.google.common.io.CharSinkTest
Tests run: 9, Failures: 0, Errors: 0, Skipped: 0, Time elapsed: 0.01 sec
Running com.google.common.io.CharSourceTest
Tests run: 1457, Failures: 0, Errors: 0, Skipped: 0, Time elapsed: 0.074 sec
Running com.google.common.io.CharStreamsTest
Tests run: 15, Failures: 0, Errors: 0, Skipped: 0, Time elapsed: 0.014 sec
Running com.google.common.io.CloseablesTest
Tests run: 8, Failures: 0, Errors: 0, Skipped: 0, Time elapsed: 0.017 sec
Running com.google.common.io.CloserTest
Tests run: 13, Failures: 0, Errors: 0, Skipped: 0, Time elapsed: 0.003 sec
Running com.google.common.io.CountingInputStreamTest
Tests run: 9, Failures: 0, Errors: 0, Skipped: 0, Time elapsed: 0.002 sec
Running com.google.common.io.CountingOutputStreamTest
Tests run: 1, Failures: 0, Errors: 0, Skipped: 0, Time elapsed: 0.009 sec
Running com.google.common.io.FileBackedOutputStreamTest
Tests run: 5, Failures: 0, Errors: 0, Skipped: 0, Time elapsed: 0.295 sec
Running com.google.common.io.FilesFileTraverserTest
Tests run: 8, Failures: 0, Errors: 0, Skipped: 0, Time elapsed: 0.013 sec
Running com.google.common.io.FilesSimplifyPathTest
Tests run: 34, Failures: 0, Errors: 0, Skipped: 0, Time elapsed: 0.299 sec
Running com.google.common.io.FilesTest
Tests run: 1041, Failures: 0, Errors: 0, Skipped: 0, Time elapsed: 1.565 sec
Running com.google.common.io.FlushablesTest
Tests run: 4, Failures: 0, Errors: 0, Skipped: 0, Time elapsed: 0.011 sec
Running com.google.common.io.LineBufferTest
Tests run: 1, Failures: 0, Errors: 0, Skipped: 0, Time elapsed: 0.046 sec
Running com.google.common.io.LittleEndianDataInputStreamTest
Tests run: 6, Failures: 0, Errors: 0, Skipped: 0, Time elapsed: 0.002 sec
Running com.google.common.io.LittleEndianDataOutputStreamTest
Tests run: 4, Failures: 0, Errors: 0, Skipped: 0, Time elapsed: 0.001 sec
Running com.google.common.io.MultiInputStreamTest
Tests run: 6, Failures: 0, Errors: 0, Skipped: 0, Time elapsed: 0.992 sec
Running com.google.common.io.MultiReaderTest
Tests run: 5, Failures: 0, Errors: 0, Skipped: 0, Time elapsed: 0.002 sec
Running com.google.common.io.PatternFilenameFilterTest
Tests run: 2, Failures: 0, Errors: 0, Skipped: 0, Time elapsed: 0.002 sec
Running com.google.common.io.ResourcesTest
Tests run: 733, Failures: 0, Errors: 0, Skipped: 0, Time elapsed: 0.162 sec
Running com.google.common.math.BigIntegerMathTest
Tests run: 44, Failures: 0, Errors: 0, Skipped: 0, Time elapsed: 1.132 sec
Running com.google.common.math.DoubleMathTest
Tests run: 68, Failures: 0, Errors: 0, Skipped: 0, Time elapsed: 2.924 sec
Running com.google.common.math.DoubleUtilsTest
Tests run: 4, Failures: 0, Errors: 0, Skipped: 0, Time elapsed: 0.005 sec
Running com.google.common.math.IntMathTest
Tests run: 56, Failures: 0, Errors: 0, Skipped: 0, Time elapsed: 0.426 sec
Running com.google.common.math.LinearTransformationTest
Tests run: 25, Failures: 0, Errors: 0, Skipped: 0, Time elapsed: 0.005 sec
Running com.google.common.math.LongMathTest
Tests run: 67, Failures: 0, Errors: 0, Skipped: 0, Time elapsed: 29.634 sec
Running com.google.common.math.MathPreconditionsTest
Tests run: 44, Failures: 0, Errors: 0, Skipped: 0, Time elapsed: 0.002 sec
Running com.google.common.math.PairedStatsAccumulatorTest
Tests run: 8, Failures: 0, Errors: 0, Skipped: 0, Time elapsed: 0.015 sec
Running com.google.common.math.PairedStatsTest
Tests run: 15, Failures: 0, Errors: 0, Skipped: 0, Time elapsed: 0.012 sec
Running com.google.common.math.QuantilesAlgorithmTest
Tests run: 3, Failures: 0, Errors: 0, Skipped: 0, Time elapsed: 0.007 sec
Running com.google.common.math.QuantilesTest
Tests run: 58, Failures: 0, Errors: 0, Skipped: 0, Time elapsed: 4.411 sec
Running com.google.common.math.StatsAccumulatorTest
Tests run: 10, Failures: 0, Errors: 0, Skipped: 0, Time elapsed: 0.005 sec
Running com.google.common.math.StatsTest
Tests run: 18, Failures: 0, Errors: 0, Skipped: 0, Time elapsed: 0.005 sec
Running com.google.common.net.HostAndPortTest
Tests run: 13, Failures: 0, Errors: 0, Skipped: 0, Time elapsed: 0.004 sec
Running com.google.common.net.HostSpecifierTest
Tests run: 6, Failures: 0, Errors: 0, Skipped: 0, Time elapsed: 0.023 sec
Running com.google.common.net.HttpHeadersTest
Tests run: 1, Failures: 0, Errors: 0, Skipped: 0, Time elapsed: 0.003 sec
Running com.google.common.net.InetAddressesTest
Tests run: 41, Failures: 0, Errors: 0, Skipped: 0, Time elapsed: 0.017 sec
Running com.google.common.net.InternetDomainNameTest
Tests run: 23, Failures: 0, Errors: 0, Skipped: 0, Time elapsed: 0.013 sec
Running com.google.common.net.MediaTypeTest
Tests run: 48, Failures: 0, Errors: 0, Skipped: 0, Time elapsed: 0.024 sec
Running com.google.common.net.PercentEscaperTest
Tests run: 7, Failures: 0, Errors: 0, Skipped: 0, Time elapsed: 0.002 sec
Running com.google.common.net.UrlEscapersTest
Tests run: 3, Failures: 0, Errors: 0, Skipped: 0, Time elapsed: 0.001 sec
Running com.google.common.primitives.BooleansTest
Tests run: 30, Failures: 0, Errors: 0, Skipped: 0, Time elapsed: 0.006 sec
Running com.google.common.primitives.ByteArrayAsListTest
Tests run: 840, Failures: 0, Errors: 0, Skipped: 0, Time elapsed: 0.092 sec
Running com.google.common.primitives.BytesTest
Tests run: 19, Failures: 0, Errors: 0, Skipped: 0, Time elapsed: 0.003 sec
Running com.google.common.primitives.CharArrayAsListTest
Tests run: 840, Failures: 0, Errors: 0, Skipped: 0, Time elapsed: 0.089 sec
Running com.google.common.primitives.CharsTest
Tests run: 36, Failures: 0, Errors: 0, Skipped: 0, Time elapsed: 0.232 sec
Running com.google.common.primitives.DoubleArrayAsListTest
Tests run: 840, Failures: 0, Errors: 0, Skipped: 0, Time elapsed: 0.081 sec
Running com.google.common.primitives.DoublesTest
Tests run: 46, Failures: 0, Errors: 0, Skipped: 0, Time elapsed: 3.817 sec
Running com.google.common.primitives.FloatArrayAsListTest
Tests run: 840, Failures: 0, Errors: 0, Skipped: 0, Time elapsed: 0.102 sec
Running com.google.common.primitives.FloatsTest
Tests run: 45, Failures: 0, Errors: 0, Skipped: 0, Time elapsed: 3.203 sec
Running com.google.common.primitives.ImmutableDoubleArrayTest
Tests run: 2195, Failures: 0, Errors: 0, Skipped: 0, Time elapsed: 3.538 sec
Running com.google.common.primitives.ImmutableIntArrayTest
Tests run: 2194, Failures: 0, Errors: 0, Skipped: 0, Time elapsed: 3.784 sec
Running com.google.common.primitives.ImmutableLongArrayTest
Tests run: 2194, Failures: 0, Errors: 0, Skipped: 0, Time elapsed: 4.078 sec
Running com.google.common.primitives.IntArrayAsListTest
Tests run: 840, Failures: 0, Errors: 0, Skipped: 0, Time elapsed: 0.062 sec
Running com.google.common.primitives.IntsTest
Tests run: 48, Failures: 0, Errors: 0, Skipped: 0, Time elapsed: 0.009 sec
Running com.google.common.primitives.LongArrayAsListTest
Tests run: 840, Failures: 0, Errors: 0, Skipped: 0, Time elapsed: 0.073 sec
Running com.google.common.primitives.LongsTest
Tests run: 46, Failures: 0, Errors: 0, Skipped: 0, Time elapsed: 0.005 sec
Running com.google.common.primitives.PrimitivesTest
Tests run: 6, Failures: 0, Errors: 0, Skipped: 0, Time elapsed: 0.001 sec
Running com.google.common.primitives.ShortArrayAsListTest
Tests run: 840, Failures: 0, Errors: 0, Skipped: 0, Time elapsed: 0.06 sec
Running com.google.common.primitives.ShortsTest
Tests run: 43, Failures: 0, Errors: 0, Skipped: 0, Time elapsed: 0.009 sec
Running com.google.common.primitives.SignedBytesTest
Tests run: 13, Failures: 0, Errors: 0, Skipped: 0, Time elapsed: 0.002 sec
Running com.google.common.primitives.UnsignedBytesTest
Tests run: 23, Failures: 0, Errors: 0, Skipped: 0, Time elapsed: 0.012 sec
Running com.google.common.primitives.UnsignedIntegerTest
Tests run: 21, Failures: 0, Errors: 0, Skipped: 0, Time elapsed: 0.006 sec
Running com.google.common.primitives.UnsignedIntsTest
Tests run: 26, Failures: 0, Errors: 0, Skipped: 0, Time elapsed: 0.059 sec
Running com.google.common.primitives.UnsignedLongTest
Tests run: 21, Failures: 0, Errors: 0, Skipped: 0, Time elapsed: 0.018 sec
Running com.google.common.primitives.UnsignedLongsTest
Tests run: 24, Failures: 0, Errors: 0, Skipped: 0, Time elapsed: 0.083 sec
Running com.google.common.reflect.AbstractInvocationHandlerTest
Tests run: 3, Failures: 0, Errors: 0, Skipped: 0, Time elapsed: 0.009 sec
Running com.google.common.reflect.ClassPathTest
Tests run: 39, Failures: 0, Errors: 0, Skipped: 0, Time elapsed: 0.496 sec
Running com.google.common.reflect.ElementTest
Tests run: 19, Failures: 0, Errors: 0, Skipped: 0, Time elapsed: 0.004 sec
Running com.google.common.reflect.ImmutableTypeToInstanceMapTest
Tests run: 600, Failures: 0, Errors: 0, Skipped: 0, Time elapsed: 0.083 sec
Running com.google.common.reflect.InvokableTest
Tests run: 52, Failures: 0, Errors: 0, Skipped: 0, Time elapsed: 0.012 sec
Running com.google.common.reflect.MutableTypeToInstanceMapTest
Tests run: 684, Failures: 0, Errors: 0, Skipped: 0, Time elapsed: 0.094 sec
Running com.google.common.reflect.ParameterTest
Tests run: 2, Failures: 0, Errors: 0, Skipped: 0, Time elapsed: 0.003 sec
Running com.google.common.reflect.ReflectionTest
Tests run: 5, Failures: 0, Errors: 0, Skipped: 0, Time elapsed: 0.003 sec
Running com.google.common.reflect.TypeParameterTest
Tests run: 4, Failures: 0, Errors: 0, Skipped: 0, Time elapsed: 0.002 sec
Running com.google.common.reflect.TypeResolverTest
Tests run: 27, Failures: 0, Errors: 0, Skipped: 0, Time elapsed: 0.016 sec
Running com.google.common.reflect.TypeTokenResolutionTest
Tests run: 36, Failures: 0, Errors: 0, Skipped: 0, Time elapsed: 0.019 sec
Running com.google.common.reflect.TypeTokenSubtypeTest
Tests run: 10, Failures: 0, Errors: 0, Skipped: 0, Time elapsed: 0.031 sec
Running com.google.common.reflect.TypeTokenTest
Tests run: 172, Failures: 0, Errors: 0, Skipped: 0, Time elapsed: 0.131 sec
Running com.google.common.reflect.TypeVisitorTest
Tests run: 7, Failures: 0, Errors: 0, Skipped: 0, Time elapsed: 0.004 sec
Running com.google.common.reflect.TypesTest
Tests run: 26, Failures: 0, Errors: 0, Skipped: 0, Time elapsed: 0.012 sec
Running com.google.common.util.concurrent.AbstractExecutionThreadServiceTest
Tests run: 12, Failures: 0, Errors: 0, Skipped: 0, Time elapsed: 0.102 sec
Running com.google.common.util.concurrent.AbstractFutureCancellationCauseTest
Tests run: 3, Failures: 0, Errors: 0, Skipped: 0, Time elapsed: 0.028 sec
Running com.google.common.util.concurrent.AbstractFutureFallbackAtomicHelperTest
Tests run: 42, Failures: 0, Errors: 0, Skipped: 0, Time elapsed: 27.781 sec
Running com.google.common.util.concurrent.AbstractFutureTest
Tests run: 42, Failures: 0, Errors: 0, Skipped: 0, Time elapsed: 14.054 sec
Running com.google.common.util.concurrent.AbstractIdleServiceTest
Tests run: 7, Failures: 0, Errors: 0, Skipped: 0, Time elapsed: 0.007 sec
Running com.google.common.util.concurrent.AbstractIdleServiceTest$FunctionalTest
Tests run: 3, Failures: 0, Errors: 0, Skipped: 0, Time elapsed: 0.027 sec
Running com.google.common.util.concurrent.AbstractListeningExecutorServiceTest
Tests run: 1, Failures: 0, Errors: 0, Skipped: 0, Time elapsed: 0.015 sec
Running com.google.common.util.concurrent.AbstractScheduledServiceTest
Tests run: 11, Failures: 0, Errors: 0, Skipped: 0, Time elapsed: 0.447 sec
Running com.google.common.util.concurrent.AbstractScheduledServiceTest$SchedulerTest
Tests run: 9, Failures: 0, Errors: 0, Skipped: 0, Time elapsed: 12.256 sec
Running com.google.common.util.concurrent.AbstractServiceTest
Tests run: 38, Failures: 0, Errors: 0, Skipped: 0, Time elapsed: 0.068 sec
Running com.google.common.util.concurrent.AggregateFutureStateFallbackAtomicHelperTest
Tests run: 159, Failures: 0, Errors: 0, Skipped: 0, Time elapsed: 5.266 sec
Running com.google.common.util.concurrent.AtomicDoubleArrayTest
Tests run: 18, Failures: 0, Errors: 0, Skipped: 0, Time elapsed: 0.21 sec
Running com.google.common.util.concurrent.AtomicDoubleTest
Tests run: 17, Failures: 0, Errors: 0, Skipped: 0, Time elapsed: 0.01 sec
Running com.google.common.util.concurrent.AtomicLongMapBasherTest
Tests run: 1, Failures: 0, Errors: 0, Skipped: 0, Time elapsed: 1.285 sec
Running com.google.common.util.concurrent.AtomicLongMapTest
Tests run: 31, Failures: 0, Errors: 0, Skipped: 0, Time elapsed: 0.009 sec
Running com.google.common.util.concurrent.AtomicsTest
Tests run: 7, Failures: 0, Errors: 0, Skipped: 0, Time elapsed: 0.002 sec
Running com.google.common.util.concurrent.CallablesTest
Tests run: 6, Failures: 0, Errors: 0, Skipped: 0, Time elapsed: 0.025 sec
Running com.google.common.util.concurrent.CycleDetectingLockFactoryTest
Tests run: 23, Failures: 0, Errors: 0, Skipped: 0, Time elapsed: 0.152 sec
Running com.google.common.util.concurrent.ExecutionListTest
Tests run: 7, Failures: 0, Errors: 0, Skipped: 0, Time elapsed: 0.106 sec
Running com.google.common.util.concurrent.ExecutionSequencerTest
Tests run: 6, Failures: 0, Errors: 0, Skipped: 0, Time elapsed: 0.011 sec
Running com.google.common.util.concurrent.FakeTimeLimiterTest
Tests run: 7, Failures: 0, Errors: 0, Skipped: 0, Time elapsed: 0.003 sec
Running com.google.common.util.concurrent.FluentFutureTest
Tests run: 9, Failures: 0, Errors: 0, Skipped: 0, Time elapsed: 0.013 sec
Running com.google.common.util.concurrent.ForwardingBlockingDequeTest
Tests run: 1, Failures: 0, Errors: 0, Skipped: 0, Time elapsed: 0.386 sec
Running com.google.common.util.concurrent.ForwardingBlockingQueueTest
Tests run: 1, Failures: 0, Errors: 0, Skipped: 0, Time elapsed: 0.158 sec
Running com.google.common.util.concurrent.ForwardingExecutorServiceTest
Tests run: 1, Failures: 0, Errors: 0, Skipped: 0, Time elapsed: 0.078 sec
Running com.google.common.util.concurrent.ForwardingFutureTest
Tests run: 1, Failures: 0, Errors: 0, Skipped: 0, Time elapsed: 0.019 sec
Running com.google.common.util.concurrent.ForwardingListenableFutureTest
Tests run: 1, Failures: 0, Errors: 0, Skipped: 0, Time elapsed: 0.022 sec
Running com.google.common.util.concurrent.ForwardingListeningExecutorServiceTest
Tests run: 1, Failures: 0, Errors: 0, Skipped: 0, Time elapsed: 0.046 sec
Running com.google.common.util.concurrent.ForwardingObjectTesterTest
Tests run: 2, Failures: 0, Errors: 0, Skipped: 0, Time elapsed: 0.017 sec
Running com.google.common.util.concurrent.FutureCallbackTest
Tests run: 9, Failures: 0, Errors: 0, Skipped: 0, Time elapsed: 0.019 sec
Running com.google.common.util.concurrent.FuturesGetCheckedTest
Tests run: 32, Failures: 0, Errors: 0, Skipped: 0, Time elapsed: 0.414 sec
Running com.google.common.util.concurrent.FuturesGetDoneTest
Tests run: 5, Failures: 0, Errors: 0, Skipped: 0, Time elapsed: 0.001 sec
Running com.google.common.util.concurrent.FuturesGetUncheckedTest
Tests run: 9, Failures: 0, Errors: 0, Skipped: 0, Time elapsed: 0.001 sec
Running com.google.common.util.concurrent.FuturesTest
Tests run: 159, Failures: 0, Errors: 0, Skipped: 0, Time elapsed: 5.037 sec
Running com.google.common.util.concurrent.FuturesTransformAsyncTest
Tests run: 15, Failures: 0, Errors: 0, Skipped: 0, Time elapsed: 0.016 sec
Running com.google.common.util.concurrent.FuturesTransformTest
Tests run: 7, Failures: 0, Errors: 0, Skipped: 0, Time elapsed: 0.002 sec
Running com.google.common.util.concurrent.GeneratedMonitorTest
Tests run: 548, Failures: 0, Errors: 0, Skipped: 0, Time elapsed: 5.767 sec
Running com.google.common.util.concurrent.InterruptibleMonitorTest
Tests run: 16, Failures: 0, Errors: 0, Skipped: 0, Time elapsed: 1.037 sec
Running com.google.common.util.concurrent.InterruptibleTaskTest
Tests run: 2, Failures: 0, Errors: 0, Skipped: 0, Time elapsed: 0.027 sec
Running com.google.common.util.concurrent.JdkFutureAdaptersTest
Tests run: 6, Failures: 0, Errors: 0, Skipped: 0, Time elapsed: 0.047 sec
Running com.google.common.util.concurrent.ListenableFutureTaskTest
Tests run: 4, Failures: 0, Errors: 0, Skipped: 0, Time elapsed: 0.021 sec
Running com.google.common.util.concurrent.ListenerCallQueueTest
Tests run: 6, Failures: 0, Errors: 0, Skipped: 0, Time elapsed: 0.017 sec
Running com.google.common.util.concurrent.MoreExecutorsTest
Tests run: 34, Failures: 0, Errors: 0, Skipped: 0, Time elapsed: 0.42 sec
Running com.google.common.util.concurrent.RateLimiterTest
Tests run: 31, Failures: 0, Errors: 0, Skipped: 0, Time elapsed: 0.158 sec
Running com.google.common.util.concurrent.RunnablesTest
Tests run: 1, Failures: 0, Errors: 0, Skipped: 0, Time elapsed: 0.001 sec
Running com.google.common.util.concurrent.SequentialExecutorTest
Tests run: 10, Failures: 0, Errors: 0, Skipped: 0, Time elapsed: 0.027 sec
Running com.google.common.util.concurrent.ServiceManagerTest
Tests run: 19, Failures: 0, Errors: 0, Skipped: 0, Time elapsed: 4.677 sec
Running com.google.common.util.concurrent.ServiceTest
Tests run: 1, Failures: 0, Errors: 0, Skipped: 0, Time elapsed: 0.001 sec
Running com.google.common.util.concurrent.SettableFutureTest
Tests run: 16, Failures: 0, Errors: 0, Skipped: 0, Time elapsed: 0.035 sec
Running com.google.common.util.concurrent.SimpleTimeLimiterTest
Tests run: 16, Failures: 0, Errors: 0, Skipped: 0, Time elapsed: 10.551 sec
Running com.google.common.util.concurrent.StripedTest
Tests run: 9, Failures: 0, Errors: 0, Skipped: 0, Time elapsed: 3.643 sec
Running com.google.common.util.concurrent.SupplementalMonitorTest
Tests run: 6, Failures: 0, Errors: 0, Skipped: 0, Time elapsed: 0.002 sec
Running com.google.common.util.concurrent.ThreadFactoryBuilderTest
Tests run: 14, Failures: 0, Errors: 0, Skipped: 0, Time elapsed: 0.003 sec
Running com.google.common.util.concurrent.TrustedInputFutureTest
Tests run: 35, Failures: 0, Errors: 0, Skipped: 0, Time elapsed: 0.036 sec
Running com.google.common.util.concurrent.TrustedListenableFutureTaskTest
Tests run: 6, Failures: 0, Errors: 0, Skipped: 0, Time elapsed: 0.21 sec
Running com.google.common.util.concurrent.UncaughtExceptionHandlersTest
Tests run: 1, Failures: 0, Errors: 0, Skipped: 0, Time elapsed: 0.043 sec
Running com.google.common.util.concurrent.UninterruptibleFutureTest
Tests run: 11, Failures: 0, Errors: 0, Skipped: 0, Time elapsed: 2.009 sec
Running com.google.common.util.concurrent.UninterruptibleMonitorTest
Tests run: 16, Failures: 0, Errors: 0, Skipped: 0, Time elapsed: 1.01 sec
Running com.google.common.util.concurrent.UninterruptiblesTest
Tests run: 40, Failures: 0, Errors: 0, Skipped: 0, Time elapsed: 4.677 sec
Running com.google.common.util.concurrent.UntrustedInputFutureTest
Tests run: 35, Failures: 0, Errors: 0, Skipped: 0, Time elapsed: 0.036 sec
Running com.google.common.util.concurrent.WrappingExecutorServiceTest
Tests run: 5, Failures: 0, Errors: 0, Skipped: 0, Time elapsed: 0.002 sec
Running com.google.common.util.concurrent.WrappingScheduledExecutorServiceTest
Tests run: 2, Failures: 0, Errors: 0, Skipped: 0, Time elapsed: 0.001 sec
Running com.google.common.xml.XmlEscapersTest
Tests run: 2, Failures: 0, Errors: 0, Skipped: 0, Time elapsed: 0.071 sec

Results :

Tests run: 736678, Failures: 0, Errors: 0, Skipped: 0

[INFO] 
[INFO] --- animal-sniffer-maven-plugin:1.18:check (check-java-version-compatibility) @ guava-tests ---
[INFO] Checking unresolved references to org.codehaus.mojo.signature:java16-sun:1.10
[INFO] 
[INFO] --- maven-jar-plugin:3.2.0:jar (default-jar) @ guava-tests ---
[INFO] Skipping packaging of the jar
[INFO] 
[INFO] --- maven-jar-plugin:3.2.0:test-jar (create-test-jar) @ guava-tests ---
[INFO] Building jar: /home/travis/build/passed/google/guava/android/guava-tests/target/guava-tests-HEAD-android-SNAPSHOT-tests.jar
[INFO] 
[INFO] --- maven-javadoc-plugin:3.1.0:jar (attach-docs) @ guava-tests ---
[INFO] Skipping javadoc generation
[INFO] 
[INFO] >>> maven-source-plugin:3.2.0:jar (attach-sources) > generate-sources @ guava-tests >>>
[INFO] 
[INFO] --- maven-enforcer-plugin:3.0.0-M2:enforce (enforce-versions) @ guava-tests ---
[INFO] 
[INFO] <<< maven-source-plugin:3.2.0:jar (attach-sources) < generate-sources @ guava-tests <<<
[INFO] 
[INFO] 
[INFO] --- maven-source-plugin:3.2.0:jar (attach-sources) @ guava-tests ---
[INFO] No sources in project. Archive not created.
[INFO] 
[INFO] >>> maven-source-plugin:3.2.0:test-jar (attach-test-sources) > generate-sources @ guava-tests >>>
[INFO] 
[INFO] --- maven-enforcer-plugin:3.0.0-M2:enforce (enforce-versions) @ guava-tests ---
[INFO] 
[INFO] <<< maven-source-plugin:3.2.0:test-jar (attach-test-sources) < generate-sources @ guava-tests <<<
[INFO] 
[INFO] 
[INFO] --- maven-source-plugin:3.2.0:test-jar (attach-test-sources) @ guava-tests ---
[INFO] ------------------------------------------------------------------------
[INFO] Reactor Summary for Guava Maven Parent HEAD-android-SNAPSHOT:
[INFO] 
[INFO] Guava Maven Parent ................................. SUCCESS [  0.995 s]
[INFO] Guava: Google Core Libraries for Java .............. SUCCESS [ 15.907 s]
[INFO] Guava BOM .......................................... SUCCESS [  0.061 s]
[INFO] Guava Testing Library .............................. SUCCESS [01:30 min]
[INFO] Guava Unit Tests ................................... SUCCESS [07:04 min]
[INFO] ------------------------------------------------------------------------
[INFO] BUILD SUCCESS
[INFO] ------------------------------------------------------------------------
[INFO] Total time:  08:53 min
[INFO] Finished at: 2022-01-01T12:04:14Z
[INFO] ------------------------------------------------------------------------
/home/travis/.travis/functions: line 607:  3217 Terminated              travis_jigger "${!}" "${timeout}" "${cmd[@]}"
travis_time:end:0c9399c6:start=1641038119563876746,finish=1641038654350375204,duration=534786498458,event=script[0K[32;1mThe command "travis_wait 60 mvn -B -Dorg.slf4j.simpleLogger.log.org.apache.maven.cli.transfer.Slf4jMavenTransferListener=warn verify -U -Dmaven.javadoc.skip=true -f $ROOT_POM" exited with 0.[0m
travis_fold:start:cache.2[0Kstore build cache
travis_time:start:09de2087[0Ktravis_time:end:09de2087:start=1641038654359201117,finish=1641038654364483900,duration=5282783,event=cache[0Ktravis_time:start:01a906d6[0K[32;1mchanges detected, packing new archive[0m
[32;1muploading /[0m
[31;1mfailed to upload cache[0m
travis_time:end:01a906d6:start=1641038654371865681,finish=1641038658768968298,duration=4397102617,event=cache[0Ktravis_fold:end:cache.2[0K
travis_fold:start:after_success.1[0Ktravis_time:start:08eec411[0K$ util/deploy_snapshot.sh
travis_time:end:08eec411:start=1641038658775637596,finish=1641038658819667013,duration=44029417,event=after_success[0Ktravis_fold:end:after_success.1[0Ktravis_fold:start:after_success.2[0Ktravis_time:start:058baf74[0K$ util/update_snapshot_docs.sh
travis_time:end:058baf74:start=1641038658828327706,finish=1641038658863917901,duration=35590195,event=after_success[0Ktravis_fold:end:after_success.2[0K
Done. Your build exited with 0.
