travis_fold:start:system_info[0K[33;1mBuild system information[0m
Build language: java
Build group: stable
Build dist: precise
Build id: ''
Job id: ''
[34m[1mBuild image provisioning date and time[0m
Thu Feb  5 15:09:33 UTC 2015
[34m[1mOperating System Details[0m
Distributor ID:	Ubuntu
Description:	Ubuntu 12.04.5 LTS
Release:	12.04
Codename:	precise
[34m[1mLinux Version[0m
3.13.0-29-generic
[34m[1mCookbooks Version[0m
a68419e https://github.com/travis-ci/travis-cookbooks/tree/a68419e
[34m[1mGCC version[0m
gcc (Ubuntu/Linaro 4.6.3-1ubuntu5) 4.6.3
Copyright (C) 2011 Free Software Foundation, Inc.
This is free software; see the source for copying conditions.  There is NO
warranty; not even for MERCHANTABILITY or FITNESS FOR A PARTICULAR PURPOSE.

[34m[1mLLVM version[0m
clang version 3.4 (tags/RELEASE_34/final)
Target: x86_64-unknown-linux-gnu
Thread model: posix
[34m[1mPre-installed Ruby versions[0m
ruby-1.9.3-p551
[34m[1mPre-installed Node.js versions[0m
v0.10.36
[34m[1mPre-installed Go versions[0m
1.4.1
[34m[1mRedis version[0m
redis-server 2.8.19
[34m[1mriak version[0m
2.0.2
[34m[1mMongoDB version[0m
MongoDB 2.4.12
[34m[1mCouchDB version[0m
couchdb 1.6.1
[34m[1mNeo4j version[0m
1.9.4
[34m[1mRabbitMQ Version[0m
3.4.3
[34m[1mElasticSearch version[0m
1.4.0
[34m[1mInstalled Sphinx versions[0m
2.0.10
2.1.9
2.2.6
[34m[1mDefault Sphinx version[0m
2.2.6
[34m[1mInstalled Firefox version[0m
firefox 31.0esr
[34m[1mPhantomJS version[0m
1.9.8
[34m[1mant -version[0m
Apache Ant(TM) version 1.8.2 compiled on December 3 2011
[34m[1mmvn -version[0m
Apache Maven 3.2.5 (12a6b3acb947671f09b81f49094c53f426d8cea1; 2014-12-14T17:29:23+00:00)
Maven home: /usr/local/maven
Java version: 1.7.0_76, vendor: Oracle Corporation
Java home: /usr/lib/jvm/java-7-oracle/jre
Default locale: en_US, platform encoding: ANSI_X3.4-1968
OS name: "linux", version: "3.13.0-29-generic", arch: "amd64", family: "unix"
travis_fold:end:system_info[0K
W: Failed to fetch http://us.archive.ubuntu.com/ubuntu/dists/precise/main/source/Sources  404  Not Found [IP: 91.189.91.39 80]

W: Failed to fetch http://us.archive.ubuntu.com/ubuntu/dists/precise/restricted/source/Sources  404  Not Found [IP: 91.189.91.39 80]

W: Failed to fetch http://us.archive.ubuntu.com/ubuntu/dists/precise/universe/source/Sources  404  Not Found [IP: 91.189.91.39 80]

W: Failed to fetch http://us.archive.ubuntu.com/ubuntu/dists/precise/multiverse/source/Sources  404  Not Found [IP: 91.189.91.39 80]

W: Failed to fetch http://us.archive.ubuntu.com/ubuntu/dists/precise/main/binary-amd64/Packages  404  Not Found [IP: 91.189.91.39 80]

W: Failed to fetch http://us.archive.ubuntu.com/ubuntu/dists/precise/restricted/binary-amd64/Packages  404  Not Found [IP: 91.189.91.39 80]

W: Failed to fetch http://us.archive.ubuntu.com/ubuntu/dists/precise/universe/binary-amd64/Packages  404  Not Found [IP: 91.189.91.39 80]

W: Failed to fetch http://us.archive.ubuntu.com/ubuntu/dists/precise/multiverse/binary-amd64/Packages  404  Not Found [IP: 91.189.91.39 80]

W: Failed to fetch http://us.archive.ubuntu.com/ubuntu/dists/precise/main/binary-i386/Packages  404  Not Found [IP: 91.189.91.39 80]

W: Failed to fetch http://us.archive.ubuntu.com/ubuntu/dists/precise/restricted/binary-i386/Packages  404  Not Found [IP: 91.189.91.39 80]

W: Failed to fetch http://us.archive.ubuntu.com/ubuntu/dists/precise/universe/binary-i386/Packages  404  Not Found [IP: 91.189.91.39 80]

W: Failed to fetch http://us.archive.ubuntu.com/ubuntu/dists/precise/multiverse/binary-i386/Packages  404  Not Found [IP: 91.189.91.39 80]

W: Failed to fetch http://us.archive.ubuntu.com/ubuntu/dists/precise-updates/main/source/Sources  404  Not Found [IP: 91.189.91.39 80]

W: Failed to fetch http://us.archive.ubuntu.com/ubuntu/dists/precise-updates/restricted/source/Sources  404  Not Found [IP: 91.189.91.39 80]

W: Failed to fetch http://us.archive.ubuntu.com/ubuntu/dists/precise-updates/universe/source/Sources  404  Not Found [IP: 91.189.91.39 80]

W: Failed to fetch http://us.archive.ubuntu.com/ubuntu/dists/precise-updates/multiverse/source/Sources  404  Not Found [IP: 91.189.91.39 80]

W: Failed to fetch http://us.archive.ubuntu.com/ubuntu/dists/precise-updates/main/binary-amd64/Packages  404  Not Found [IP: 91.189.91.39 80]

W: Failed to fetch http://us.archive.ubuntu.com/ubuntu/dists/precise-updates/restricted/binary-amd64/Packages  404  Not Found [IP: 91.189.91.39 80]

W: Failed to fetch http://us.archive.ubuntu.com/ubuntu/dists/precise-updates/universe/binary-amd64/Packages  404  Not Found [IP: 91.189.91.39 80]

W: Failed to fetch http://us.archive.ubuntu.com/ubuntu/dists/precise-updates/multiverse/binary-amd64/Packages  404  Not Found [IP: 91.189.91.39 80]

W: Failed to fetch http://us.archive.ubuntu.com/ubuntu/dists/precise-updates/main/binary-i386/Packages  404  Not Found [IP: 91.189.91.39 80]

W: Failed to fetch http://us.archive.ubuntu.com/ubuntu/dists/precise-updates/restricted/binary-i386/Packages  404  Not Found [IP: 91.189.91.39 80]

W: Failed to fetch http://us.archive.ubuntu.com/ubuntu/dists/precise-updates/universe/binary-i386/Packages  404  Not Found [IP: 91.189.91.39 80]

W: Failed to fetch http://us.archive.ubuntu.com/ubuntu/dists/precise-updates/multiverse/binary-i386/Packages  404  Not Found [IP: 91.189.91.39 80]

W: Failed to fetch http://us.archive.ubuntu.com/ubuntu/dists/precise-backports/main/source/Sources  404  Not Found [IP: 91.189.91.39 80]

W: Failed to fetch http://us.archive.ubuntu.com/ubuntu/dists/precise-backports/restricted/source/Sources  404  Not Found [IP: 91.189.91.39 80]

W: Failed to fetch http://us.archive.ubuntu.com/ubuntu/dists/precise-backports/universe/source/Sources  404  Not Found [IP: 91.189.91.39 80]

W: Failed to fetch http://us.archive.ubuntu.com/ubuntu/dists/precise-backports/multiverse/source/Sources  404  Not Found [IP: 91.189.91.39 80]

W: Failed to fetch http://us.archive.ubuntu.com/ubuntu/dists/precise-backports/main/binary-amd64/Packages  404  Not Found [IP: 91.189.91.39 80]

W: Failed to fetch http://us.archive.ubuntu.com/ubuntu/dists/precise-backports/restricted/binary-amd64/Packages  404  Not Found [IP: 91.189.91.39 80]

W: Failed to fetch http://us.archive.ubuntu.com/ubuntu/dists/precise-backports/universe/binary-amd64/Packages  404  Not Found [IP: 91.189.91.39 80]

W: Failed to fetch http://us.archive.ubuntu.com/ubuntu/dists/precise-backports/multiverse/binary-amd64/Packages  404  Not Found [IP: 91.189.91.39 80]

W: Failed to fetch http://us.archive.ubuntu.com/ubuntu/dists/precise-backports/main/binary-i386/Packages  404  Not Found [IP: 91.189.91.39 80]

W: Failed to fetch http://us.archive.ubuntu.com/ubuntu/dists/precise-backports/restricted/binary-i386/Packages  404  Not Found [IP: 91.189.91.39 80]

W: Failed to fetch http://us.archive.ubuntu.com/ubuntu/dists/precise-backports/universe/binary-i386/Packages  404  Not Found [IP: 91.189.91.39 80]

W: Failed to fetch http://us.archive.ubuntu.com/ubuntu/dists/precise-backports/multiverse/binary-i386/Packages  404  Not Found [IP: 91.189.91.39 80]

W: Failed to fetch http://security.ubuntu.com/ubuntu/dists/precise-security/main/source/Sources  404  Not Found [IP: 91.189.88.152 80]

W: Failed to fetch http://security.ubuntu.com/ubuntu/dists/precise-security/restricted/source/Sources  404  Not Found [IP: 91.189.88.152 80]

W: Failed to fetch http://security.ubuntu.com/ubuntu/dists/precise-security/universe/source/Sources  404  Not Found [IP: 91.189.88.152 80]

W: Failed to fetch http://security.ubuntu.com/ubuntu/dists/precise-security/multiverse/source/Sources  404  Not Found [IP: 91.189.88.152 80]

W: Failed to fetch http://security.ubuntu.com/ubuntu/dists/precise-security/main/binary-amd64/Packages  404  Not Found [IP: 91.189.88.152 80]

W: Failed to fetch http://security.ubuntu.com/ubuntu/dists/precise-security/restricted/binary-amd64/Packages  404  Not Found [IP: 91.189.88.152 80]

W: Failed to fetch http://security.ubuntu.com/ubuntu/dists/precise-security/universe/binary-amd64/Packages  404  Not Found [IP: 91.189.88.152 80]

W: Failed to fetch http://security.ubuntu.com/ubuntu/dists/precise-security/multiverse/binary-amd64/Packages  404  Not Found [IP: 91.189.88.152 80]

W: Failed to fetch http://security.ubuntu.com/ubuntu/dists/precise-security/main/binary-i386/Packages  404  Not Found [IP: 91.189.88.152 80]

W: Failed to fetch http://security.ubuntu.com/ubuntu/dists/precise-security/restricted/binary-i386/Packages  404  Not Found [IP: 91.189.88.152 80]

W: Failed to fetch http://security.ubuntu.com/ubuntu/dists/precise-security/universe/binary-i386/Packages  404  Not Found [IP: 91.189.88.152 80]

W: Failed to fetch http://security.ubuntu.com/ubuntu/dists/precise-security/multiverse/binary-i386/Packages  404  Not Found [IP: 91.189.88.152 80]

W: Failed to fetch http://apt.postgresql.org/pub/repos/apt/dists/precise-pgdg/main/binary-amd64/Packages  404  Not Found [IP: 217.196.149.55 80]

W: Failed to fetch http://apt.postgresql.org/pub/repos/apt/dists/precise-pgdg/main/binary-i386/Packages  404  Not Found [IP: 217.196.149.55 80]

W: Failed to fetch http://ppa.launchpad.net/travis-ci/zero-mq/ubuntu/dists/precise/main/binary-amd64/Packages  403  Forbidden

W: Failed to fetch http://ppa.launchpad.net/travis-ci/zero-mq/ubuntu/dists/precise/main/binary-i386/Packages  403  Forbidden

W: Failed to fetch http://downloads-distro.mongodb.org/repo/debian-sysvinit/dists/dist/10gen/binary-amd64/Packages  Undetermined Error [IP: 54.175.147.155 80]

W: Failed to fetch http://downloads-distro.mongodb.org/repo/debian-sysvinit/dists/dist/10gen/binary-i386/Packages  Undetermined Error [IP: 54.175.147.155 80]

E: Some index files failed to download. They have been ignored, or old ones used instead.
sed: cannot rename /etc/hosts: Device or resource busy
sed: cannot rename /etc/hosts: Device or resource busy
$ jdk_switcher use oraclejdk8
Switching to Oracle JDK8 (java-8-oracle), JAVA_HOME will be set to /usr/lib/jvm/java-8-oracle
$ cd passed/openpnp/openpnp

[33;1mSetting environment variables from .travis.yml[0m
$ export INSTALL4J_LICENSE_KEY=[secure]

$ java -Xmx32m -version
java version "1.8.0_31"
Java(TM) SE Runtime Environment (build 1.8.0_31-b13)
Java HotSpot(TM) 64-Bit Server VM (build 25.31-b07, mixed mode)
$ javac -J-Xmx32m -version
javac 1.8.0_31
travis_fold:start:install[0Ktravis_time:start:02594de0[0K$ mvn -o install -Dhttps.protocols=TLSv1.2 -Dhttps.protocols=TLSv1.2 -DskipTests=true -Dmaven.javadoc.skip=true -B -V
Java HotSpot(TM) 64-Bit Server VM warning: ignoring option MaxPermSize=192m; support was removed in 8.0
Apache Maven 3.2.5 (12a6b3acb947671f09b81f49094c53f426d8cea1; 2014-12-14T17:29:23+00:00)
Maven home: /usr/local/maven
Java version: 1.8.0_31, vendor: Oracle Corporation
Java home: /usr/lib/jvm/java-8-oracle/jre
Default locale: en_US, platform encoding: UTF-8
OS name: "linux", version: "4.15.0-109-generic", arch: "amd64", family: "unix"
[INFO] Scanning for projects...
[INFO]                                                                         
[INFO] ------------------------------------------------------------------------
[INFO] Building openpnp-gui 0.0.1-alpha-SNAPSHOT
[INFO] ------------------------------------------------------------------------
[INFO] 
[INFO] --- buildnumber-maven-plugin:1.3:create (default) @ openpnp-gui ---
[INFO] maven is executed in offline mode, Updating project files from SCM: skipped.
[INFO] ShortRevision tag detected. The value is '6'.
[INFO] Executing: /bin/sh -c cd /home/travis/build/passed/openpnp/openpnp && git rev-parse --verify --short=6 HEAD
[INFO] Working directory: /home/travis/build/passed/openpnp/openpnp
[INFO] Storing buildNumber: 26f9bd at timestamp: 1641096256655
[INFO] Storing buildScmBranch: develop
[INFO] 
[INFO] --- maven-resources-plugin:2.6:resources (default-resources) @ openpnp-gui ---
[INFO] Using 'UTF-8' encoding to copy filtered resources.
[INFO] Copying 52 resources
[INFO] 
[INFO] --- maven-compiler-plugin:3.1:compile (default-compile) @ openpnp-gui ---
[INFO] Nothing to compile - all classes are up to date
[INFO] 
[INFO] --- maven-resources-plugin:2.6:testResources (default-testResources) @ openpnp-gui ---
[INFO] Using 'UTF-8' encoding to copy filtered resources.
[INFO] Copying 6 resources
[INFO] 
[INFO] --- maven-compiler-plugin:3.1:testCompile (default-testCompile) @ openpnp-gui ---
[INFO] Nothing to compile - all classes are up to date
[INFO] 
[INFO] --- maven-surefire-plugin:2.12.4:test (default-test) @ openpnp-gui ---
[INFO] Tests are skipped.
[INFO] 
[INFO] --- maven-jar-plugin:2.5:jar (default-jar) @ openpnp-gui ---
[INFO] 
[INFO] --- maven-dependency-plugin:2.8:copy-dependencies (copy-dependencies) @ openpnp-gui ---
[INFO] Copying batik-svggen-1.7.jar to /home/travis/build/passed/openpnp/openpnp/target/lib/batik-svggen-1.7.jar
[INFO] Copying lti-civil-20070920-1721.jar to /home/travis/build/passed/openpnp/openpnp/target/lib/lti-civil-20070920-1721.jar
[INFO] Copying xmlgraphics-commons-1.2.jar to /home/travis/build/passed/openpnp/openpnp/target/lib/xmlgraphics-commons-1.2.jar
[INFO] Copying batik-gvt-1.7.jar to /home/travis/build/passed/openpnp/openpnp/target/lib/batik-gvt-1.7.jar
[INFO] Copying batik-util-1.7.jar to /home/travis/build/passed/openpnp/openpnp/target/lib/batik-util-1.7.jar
[INFO] Copying avalon-framework-impl-4.3.1.jar to /home/travis/build/passed/openpnp/openpnp/target/lib/avalon-framework-impl-4.3.1.jar
[INFO] Copying slf4j-api-1.6.4.jar to /home/travis/build/passed/openpnp/openpnp/target/lib/slf4j-api-1.6.4.jar
[INFO] Copying batik-parser-1.7.jar to /home/travis/build/passed/openpnp/openpnp/target/lib/batik-parser-1.7.jar
[INFO] Copying jgoodies-common-1.8.0.jar to /home/travis/build/passed/openpnp/openpnp/target/lib/jgoodies-common-1.8.0.jar
[INFO] Copying batik-script-1.7.jar to /home/travis/build/passed/openpnp/openpnp/target/lib/batik-script-1.7.jar
[INFO] Copying xml-apis-ext-1.3.04.jar to /home/travis/build/passed/openpnp/openpnp/target/lib/xml-apis-ext-1.3.04.jar
[INFO] Copying batik-bridge-1.7.jar to /home/travis/build/passed/openpnp/openpnp/target/lib/batik-bridge-1.7.jar
[INFO] Copying gson-2.2.3.jar to /home/travis/build/passed/openpnp/openpnp/target/lib/gson-2.2.3.jar
[INFO] Copying avalon-framework-api-4.3.1.jar to /home/travis/build/passed/openpnp/openpnp/target/lib/avalon-framework-api-4.3.1.jar
[INFO] Copying batik-svg-dom-1.7.jar to /home/travis/build/passed/openpnp/openpnp/target/lib/batik-svg-dom-1.7.jar
[INFO] Copying batik-js-1.7.jar to /home/travis/build/passed/openpnp/openpnp/target/lib/batik-js-1.7.jar
[INFO] Copying hamcrest-core-1.3.jar to /home/travis/build/passed/openpnp/openpnp/target/lib/hamcrest-core-1.3.jar
[INFO] Copying core-2.2.jar to /home/travis/build/passed/openpnp/openpnp/target/lib/core-2.2.jar
[INFO] Copying webcam-capture-0.3.10.jar to /home/travis/build/passed/openpnp/openpnp/target/lib/webcam-capture-0.3.10.jar
[INFO] Copying opencv-2.4.11-2.jar to /home/travis/build/passed/openpnp/openpnp/target/lib/opencv-2.4.11-2.jar
[INFO] Copying bridj-0.6.2.jar to /home/travis/build/passed/openpnp/openpnp/target/lib/bridj-0.6.2.jar
[INFO] Copying xpp3-1.1.3.3.jar to /home/travis/build/passed/openpnp/openpnp/target/lib/xpp3-1.1.3.3.jar
[INFO] Copying xml-apis-1.3.04.jar to /home/travis/build/passed/openpnp/openpnp/target/lib/xml-apis-1.3.04.jar
[INFO] Copying fop-0.94.jar to /home/travis/build/passed/openpnp/openpnp/target/lib/fop-0.94.jar
[INFO] Copying batik-dom-1.7.jar to /home/travis/build/passed/openpnp/openpnp/target/lib/batik-dom-1.7.jar
[INFO] Copying commons-codec-1.6.jar to /home/travis/build/passed/openpnp/openpnp/target/lib/commons-codec-1.6.jar
[INFO] Copying javase-2.2.jar to /home/travis/build/passed/openpnp/openpnp/target/lib/javase-2.2.jar
[INFO] Copying jssc-2.8.0.jar to /home/travis/build/passed/openpnp/openpnp/target/lib/jssc-2.8.0.jar
[INFO] Copying stax-1.2.0.jar to /home/travis/build/passed/openpnp/openpnp/target/lib/stax-1.2.0.jar
[INFO] Copying beansbinding-1.2.1.jar to /home/travis/build/passed/openpnp/openpnp/target/lib/beansbinding-1.2.1.jar
[INFO] Copying jgoodies-forms-1.8.0.jar to /home/travis/build/passed/openpnp/openpnp/target/lib/jgoodies-forms-1.8.0.jar
[INFO] Copying batik-css-1.7.jar to /home/travis/build/passed/openpnp/openpnp/target/lib/batik-css-1.7.jar
[INFO] Copying batik-awt-util-1.7.jar to /home/travis/build/passed/openpnp/openpnp/target/lib/batik-awt-util-1.7.jar
[INFO] Copying commons-logging-1.0.4.jar to /home/travis/build/passed/openpnp/openpnp/target/lib/commons-logging-1.0.4.jar
[INFO] Copying batik-xml-1.7.jar to /home/travis/build/passed/openpnp/openpnp/target/lib/batik-xml-1.7.jar
[INFO] Copying l2fprod-common-annotations-1.0.3.jar to /home/travis/build/passed/openpnp/openpnp/target/lib/l2fprod-common-annotations-1.0.3.jar
[INFO] Copying junit-4.11.jar to /home/travis/build/passed/openpnp/openpnp/target/lib/junit-4.11.jar
[INFO] Copying jcodec-javase-0.1.9.jar to /home/travis/build/passed/openpnp/openpnp/target/lib/jcodec-javase-0.1.9.jar
[INFO] Copying commons-io-2.1.jar to /home/travis/build/passed/openpnp/openpnp/target/lib/commons-io-2.1.jar
[INFO] Copying simple-xml-2.7.1.jar to /home/travis/build/passed/openpnp/openpnp/target/lib/simple-xml-2.7.1.jar
[INFO] Copying swingx-all-1.6.4.jar to /home/travis/build/passed/openpnp/openpnp/target/lib/swingx-all-1.6.4.jar
[INFO] Copying slf4j-log4j12-1.6.4.jar to /home/travis/build/passed/openpnp/openpnp/target/lib/slf4j-log4j12-1.6.4.jar
[INFO] Copying guava-14.0.1.jar to /home/travis/build/passed/openpnp/openpnp/target/lib/guava-14.0.1.jar
[INFO] Copying log4j-1.2.16.jar to /home/travis/build/passed/openpnp/openpnp/target/lib/log4j-1.2.16.jar
[INFO] Copying xalan-2.6.0.jar to /home/travis/build/passed/openpnp/openpnp/target/lib/xalan-2.6.0.jar
[INFO] Copying l2fprod-properties-editor-1.0.3.jar to /home/travis/build/passed/openpnp/openpnp/target/lib/l2fprod-properties-editor-1.0.3.jar
[INFO] Copying jvfw-0.0.2.jar to /home/travis/build/passed/openpnp/openpnp/target/lib/jvfw-0.0.2.jar
[INFO] Copying utils-1.07.00.jar to /home/travis/build/passed/openpnp/openpnp/target/lib/utils-1.07.00.jar
[INFO] Copying batik-transcoder-1.7.jar to /home/travis/build/passed/openpnp/openpnp/target/lib/batik-transcoder-1.7.jar
[INFO] Copying batik-anim-1.7.jar to /home/travis/build/passed/openpnp/openpnp/target/lib/batik-anim-1.7.jar
[INFO] Copying batik-ext-1.7.jar to /home/travis/build/passed/openpnp/openpnp/target/lib/batik-ext-1.7.jar
[INFO] Copying jcodec-0.1.9.jar to /home/travis/build/passed/openpnp/openpnp/target/lib/jcodec-0.1.9.jar
[INFO] Copying stax-api-1.0.1.jar to /home/travis/build/passed/openpnp/openpnp/target/lib/stax-api-1.0.1.jar
[INFO] 
[INFO] --- maven-install-plugin:2.4:install (default-install) @ openpnp-gui ---
[INFO] Installing /home/travis/build/passed/openpnp/openpnp/target/openpnp-gui-0.0.1-alpha-SNAPSHOT.jar to /home/travis/.m2/repository/org/openpnp/openpnp-gui/0.0.1-alpha-SNAPSHOT/openpnp-gui-0.0.1-alpha-SNAPSHOT.jar
[INFO] Installing /home/travis/build/passed/openpnp/openpnp/pom.xml to /home/travis/.m2/repository/org/openpnp/openpnp-gui/0.0.1-alpha-SNAPSHOT/openpnp-gui-0.0.1-alpha-SNAPSHOT.pom
[INFO] ------------------------------------------------------------------------
[INFO] BUILD SUCCESS
[INFO] ------------------------------------------------------------------------
[INFO] Total time: 5.146 s
[INFO] Finished at: 2022-01-02T04:04:20+00:00
[INFO] Final Memory: 16M/491M
[INFO] ------------------------------------------------------------------------

travis_time:end:02594de0:start=1641096254270289898,finish=1641096270650135587,duration=16379845689[0Ktravis_fold:end:install[0Ktravis_time:start:25ff51c0[0K$ mvn test -Dhttps.protocols=TLSv1.2 -Dhttps.protocols=TLSv1.2 -B
Java HotSpot(TM) 64-Bit Server VM warning: ignoring option MaxPermSize=192m; support was removed in 8.0
[INFO] Scanning for projects...
[INFO]                                                                         
[INFO] ------------------------------------------------------------------------
[INFO] Building openpnp-gui 0.0.1-alpha-SNAPSHOT
[INFO] ------------------------------------------------------------------------
[INFO] 
[INFO] --- buildnumber-maven-plugin:1.3:create (default) @ openpnp-gui ---
[INFO] ShortRevision tag detected. The value is '6'.
[INFO] Executing: /bin/sh -c cd /home/travis/build/passed/openpnp/openpnp && git rev-parse --verify --short=6 HEAD
[INFO] Working directory: /home/travis/build/passed/openpnp/openpnp
[INFO] Storing buildNumber: 26f9bd at timestamp: 1641096272375
[INFO] Storing buildScmBranch: develop
[INFO] 
[INFO] --- maven-resources-plugin:2.6:resources (default-resources) @ openpnp-gui ---
[INFO] Using 'UTF-8' encoding to copy filtered resources.
[INFO] Copying 52 resources
[INFO] 
[INFO] --- maven-compiler-plugin:3.1:compile (default-compile) @ openpnp-gui ---
[INFO] Nothing to compile - all classes are up to date
[INFO] 
[INFO] --- maven-resources-plugin:2.6:testResources (default-testResources) @ openpnp-gui ---
[INFO] Using 'UTF-8' encoding to copy filtered resources.
[INFO] Copying 6 resources
[INFO] 
[INFO] --- maven-compiler-plugin:3.1:testCompile (default-testCompile) @ openpnp-gui ---
[INFO] Nothing to compile - all classes are up to date
[INFO] 
[INFO] --- maven-surefire-plugin:2.12.4:test (default-test) @ openpnp-gui ---
[INFO] Surefire report directory: /home/travis/build/passed/openpnp/openpnp/target/surefire-reports

-------------------------------------------------------
 T E S T S
-------------------------------------------------------
Running BasicJobTest
Configuration directory: /tmp/1641096275838-0/.openpnp
04:04:42,390 setEnabled(true)
planned [ReferenceNozzle -> R1, ReferenceNozzle -> R2]
04:04:42,530 moveTo(ReferenceNozzle, (-10.000000, 0.000000, 0.000000, 0.000000 mm), 1.0)
04:04:42,532 Attempt Feed R-0805-10K from ReferenceTubeFeeder with ReferenceNozzle.
04:04:42,532 Fed R-0805-10K from ReferenceTubeFeeder with ReferenceNozzle.
04:04:42,532 pick(ReferenceNozzle ReferenceNozzleTip)
04:04:42,532 Pick R-0805-10K from ReferenceTubeFeeder with ReferenceNozzle
04:04:42,533 Attempt Feed R-0805-10K from ReferenceTubeFeeder with ReferenceNozzle.
04:04:42,533 Fed R-0805-10K from ReferenceTubeFeeder with ReferenceNozzle.
04:04:42,533 moveTo(ReferenceNozzle, (-20.000000, 0.000000, 0.000000, 0.000000 mm), 1.0)
04:04:42,533 pick(ReferenceNozzle ReferenceNozzleTip)
04:04:42,533 Pick R-0805-10K from ReferenceTubeFeeder with ReferenceNozzle
04:04:42,599 Align R-0805-10K with ReferenceNozzle
04:04:42,599 Align R-0805-10K with ReferenceNozzle
04:04:42,740 moveTo(ReferenceNozzle, (0.000000, 10.000000, 0.000000, 45.000000 mm), 1.0)
04:04:42,740 moveTo(ReferenceNozzle, (0.000000, 10.000000, 0.825500, 45.000000 mm), 1.0)
04:04:42,740 place(ReferenceNozzle ReferenceNozzleTip)
04:04:42,740 moveTo(ReferenceNozzle, (0.000000, 10.000000, 0.000000, 45.000000 mm), 1.0)
04:04:42,740 Place R-0805-10K with ReferenceNozzle
04:04:42,741 moveTo(ReferenceNozzle, (0.000000, 20.000000, 0.000000, 90.000000 mm), 1.0)
04:04:42,741 moveTo(ReferenceNozzle, (0.000000, 20.000000, 0.825500, 90.000000 mm), 1.0)
04:04:42,741 place(ReferenceNozzle ReferenceNozzleTip)
04:04:42,741 moveTo(ReferenceNozzle, (0.000000, 20.000000, 0.000000, 90.000000 mm), 1.0)
04:04:42,741 Place R-0805-10K with ReferenceNozzle
04:04:42,742 home()
Tests run: 1, Failures: 0, Errors: 0, Skipped: 0, Time elapsed: 7.12 sec
Running EagleLoaderTest
Tests run: 2, Failures: 0, Errors: 0, Skipped: 0, Time elapsed: 1.838 sec
Running OpenCvTest
Tests run: 1, Failures: 0, Errors: 0, Skipped: 0, Time elapsed: 0.055 sec
Running SampleJobTest
Configuration directory: /tmp/1641096284882-0/.openpnp
04:04:44,882 No packages.xml found in configuration directory, loading defaults.
04:04:44,988 No parts.xml found in configuration directory, loading defaults.
04:04:45,119 No machine.xml found in configuration directory, loading defaults.
04:04:46,759 Defaults were loaded. Saving to configuration directory.
04:04:49,550 Fiducial check for board (pnp-test.board.xml), location ((3.994595, 4.413185, 0.000000, 0.007895 mm)), side (Top)
04:04:51,486 Fiducial check for board (pnp-test.board.xml), location ((5.138645, 62.743655, 0.000000, -19.947362 mm)), side (Top)
04:04:53,460 Fiducial check for board (pnp-test.board.xml), location ((64.489808, 7.248273, 0.000000, 0.604803 mm)), side (Bottom)
04:04:55,428 Fiducial check for board (pnp-test.board.xml), location ((84.336372, 46.650270, 0.000000, 36.608756 mm)), side (Bottom)
04:04:57,429 Fiducial check for board (pnp-test.board.xml), location ((59.177394, 120.838635, 0.000000, -28.179275 mm)), side (Bottom)
04:04:59,402 Fiducial check for board (pnp-test.board.xml), location ((155.017595, 151.331550, 0.000000, 157.092969 mm)), side (Top)
04:05:01,409 Fiducial check for board (pnp-test.board.xml), location ((183.954660, 146.597000, 0.000000, -140.606916 mm)), side (Bottom)
04:05:03,417 Fiducial check for board (pnp-test.board.xml), location ((38.020443, 100.912063, 0.000000, 76.646032 mm)), side (Top)
planned [N1 -> R8]
04:05:03,419 Attempt Feed R0201-1K from R0201 with N1.
04:05:04,475 Fed R0201-1K from R0201 with N1.
04:05:04,475 Pick R0201-1K from R0201 with N1
04:05:04,494 Align R0201-1K with N1
04:05:04,498 Place R0201-1K with N1
planned [N1 -> R8]
04:05:04,503 Attempt Feed R0201-1K from R0201 with N1.
04:05:04,771 Fed R0201-1K from R0201 with N1.
04:05:04,771 Pick R0201-1K from R0201 with N1
04:05:04,771 Align R0201-1K with N1
04:05:04,771 Place R0201-1K with N1
planned [N1 -> R14]
04:05:04,773 Attempt Feed R0201-1K from R0201 with N1.
04:05:05,067 Fed R0201-1K from R0201 with N1.
04:05:05,067 Pick R0201-1K from R0201 with N1
04:05:05,067 Align R0201-1K with N1
04:05:05,067 Place R0201-1K with N1
planned [N1 -> R14]
04:05:05,070 Attempt Feed R0201-1K from R0201 with N1.
04:05:05,335 Fed R0201-1K from R0201 with N1.
04:05:05,336 Pick R0201-1K from R0201 with N1
04:05:05,336 Align R0201-1K with N1
04:05:05,336 Place R0201-1K with N1
planned [N1 -> R14]
04:05:05,338 Attempt Feed R0201-1K from R0201 with N1.
04:05:05,605 Fed R0201-1K from R0201 with N1.
04:05:05,606 Pick R0201-1K from R0201 with N1
04:05:05,606 Align R0201-1K with N1
04:05:05,606 Place R0201-1K with N1
planned [N1 -> R8]
04:05:05,607 Attempt Feed R0201-1K from R0201 with N1.
04:05:05,876 Fed R0201-1K from R0201 with N1.
04:05:05,877 Pick R0201-1K from R0201 with N1
04:05:05,877 Align R0201-1K with N1
04:05:05,877 Place R0201-1K with N1
planned [N1 -> R14]
04:05:05,878 Attempt Feed R0201-1K from R0201 with N1.
04:05:06,140 Fed R0201-1K from R0201 with N1.
04:05:06,141 Pick R0201-1K from R0201 with N1
04:05:06,141 Align R0201-1K with N1
04:05:06,141 Place R0201-1K with N1
planned [N1 -> R8]
04:05:06,142 Attempt Feed R0201-1K from R0201 with N1.
Warning: Could not get charToByteConverterClass!
04:05:06,402 Fed R0201-1K from R0201 with N1.
04:05:06,402 Pick R0201-1K from R0201 with N1
04:05:06,402 Align R0201-1K with N1
04:05:06,403 Place R0201-1K with N1
planned [N1 -> R6]
04:05:06,403 Attempt Feed R0402-1K from R0402 with N1.
04:05:06,663 Fed R0402-1K from R0402 with N1.
04:05:06,664 Pick R0402-1K from R0402 with N1
04:05:06,673 Align R0402-1K with N1
04:05:06,673 Place R0402-1K with N1
planned [N1 -> R6]
04:05:06,673 Attempt Feed R0402-1K from R0402 with N1.
04:05:06,936 Fed R0402-1K from R0402 with N1.
04:05:06,936 Pick R0402-1K from R0402 with N1
04:05:06,936 Align R0402-1K with N1
04:05:06,936 Place R0402-1K with N1
planned [N1 -> R18]
04:05:06,937 Attempt Feed R0402-1K from R0402 with N1.
04:05:07,205 Fed R0402-1K from R0402 with N1.
04:05:07,205 Pick R0402-1K from R0402 with N1
04:05:07,205 Align R0402-1K with N1
04:05:07,206 Place R0402-1K with N1
planned [N1 -> R18]
04:05:07,206 Attempt Feed R0402-1K from R0402 with N1.
04:05:07,469 Fed R0402-1K from R0402 with N1.
04:05:07,469 Pick R0402-1K from R0402 with N1
04:05:07,469 Align R0402-1K with N1
04:05:07,469 Place R0402-1K with N1
planned [N1 -> R18]
04:05:07,470 Attempt Feed R0402-1K from R0402 with N1.
04:05:07,731 Fed R0402-1K from R0402 with N1.
04:05:07,731 Pick R0402-1K from R0402 with N1
04:05:07,731 Align R0402-1K with N1
04:05:07,731 Place R0402-1K with N1
planned [N1 -> R6]
04:05:07,732 Attempt Feed R0402-1K from R0402 with N1.
04:05:07,998 Fed R0402-1K from R0402 with N1.
04:05:07,998 Pick R0402-1K from R0402 with N1
04:05:07,998 Align R0402-1K with N1
04:05:07,998 Place R0402-1K with N1
planned [N1 -> R18]
04:05:07,999 Attempt Feed R0402-1K from R0402 with N1.
04:05:08,262 Fed R0402-1K from R0402 with N1.
04:05:08,262 Pick R0402-1K from R0402 with N1
04:05:08,262 Align R0402-1K with N1
04:05:08,262 Place R0402-1K with N1
planned [N1 -> R6]
04:05:08,263 Attempt Feed R0402-1K from R0402 with N1.
04:05:08,533 Fed R0402-1K from R0402 with N1.
04:05:08,533 Pick R0402-1K from R0402 with N1
04:05:08,533 Align R0402-1K with N1
04:05:08,533 Place R0402-1K with N1
planned [N1 -> R10]
04:05:08,534 Attempt Feed R0603-1K from R0603 with N1.
04:05:08,800 Fed R0603-1K from R0603 with N1.
04:05:08,801 Pick R0603-1K from R0603 with N1
04:05:08,809 Align R0603-1K with N1
04:05:08,809 Place R0603-1K with N1
planned [N1 -> R10]
04:05:08,810 Attempt Feed R0603-1K from R0603 with N1.
04:05:09,078 Fed R0603-1K from R0603 with N1.
04:05:09,078 Pick R0603-1K from R0603 with N1
04:05:09,078 Align R0603-1K with N1
04:05:09,078 Place R0603-1K with N1
planned [N1 -> R20]
04:05:09,079 Attempt Feed R0603-1K from R0603 with N1.
04:05:09,349 Fed R0603-1K from R0603 with N1.
04:05:09,349 Pick R0603-1K from R0603 with N1
04:05:09,349 Align R0603-1K with N1
04:05:09,349 Place R0603-1K with N1
planned [N1 -> R20]
04:05:09,350 Attempt Feed R0603-1K from R0603 with N1.
04:05:09,617 Fed R0603-1K from R0603 with N1.
04:05:09,617 Pick R0603-1K from R0603 with N1
04:05:09,617 Align R0603-1K with N1
04:05:09,617 Place R0603-1K with N1
planned [N1 -> R20]
04:05:09,618 Attempt Feed R0603-1K from R0603 with N1.
04:05:09,884 Fed R0603-1K from R0603 with N1.
04:05:09,884 Pick R0603-1K from R0603 with N1
04:05:09,884 Align R0603-1K with N1
04:05:09,884 Place R0603-1K with N1
planned [N1 -> R10]
04:05:09,885 Attempt Feed R0603-1K from R0603 with N1.
04:05:10,148 Fed R0603-1K from R0603 with N1.
04:05:10,148 Pick R0603-1K from R0603 with N1
04:05:10,148 Align R0603-1K with N1
04:05:10,148 Place R0603-1K with N1
planned [N1 -> R20]
04:05:10,148 Attempt Feed R0603-1K from R0603 with N1.
04:05:10,413 Fed R0603-1K from R0603 with N1.
04:05:10,414 Pick R0603-1K from R0603 with N1
04:05:10,414 Align R0603-1K with N1
04:05:10,414 Place R0603-1K with N1
planned [N1 -> R10]
04:05:10,414 Attempt Feed R0603-1K from R0603 with N1.
04:05:10,682 Fed R0603-1K from R0603 with N1.
04:05:10,682 Pick R0603-1K from R0603 with N1
04:05:10,682 Align R0603-1K with N1
04:05:10,682 Place R0603-1K with N1
planned [N1 -> R1]
04:05:10,683 Attempt Feed R0805-1K from R0805 with N1.
04:05:10,947 Fed R0805-1K from R0805 with N1.
04:05:10,947 Pick R0805-1K from R0805 with N1
04:05:10,955 Align R0805-1K with N1
04:05:10,955 Place R0805-1K with N1
planned [N1 -> R1]
04:05:10,956 Attempt Feed R0805-1K from R0805 with N1.
04:05:11,222 Fed R0805-1K from R0805 with N1.
04:05:11,222 Pick R0805-1K from R0805 with N1
04:05:11,222 Align R0805-1K with N1
04:05:11,223 Place R0805-1K with N1
planned [N1 -> R13]
04:05:11,223 Attempt Feed R0805-1K from R0805 with N1.
04:05:11,488 Fed R0805-1K from R0805 with N1.
04:05:11,488 Pick R0805-1K from R0805 with N1
04:05:11,489 Align R0805-1K with N1
04:05:11,489 Place R0805-1K with N1
planned [N1 -> R13]
04:05:11,489 Attempt Feed R0805-1K from R0805 with N1.
04:05:11,761 Fed R0805-1K from R0805 with N1.
04:05:11,761 Pick R0805-1K from R0805 with N1
04:05:11,761 Align R0805-1K with N1
04:05:11,761 Place R0805-1K with N1
planned [N1 -> R13]
04:05:11,762 Attempt Feed R0805-1K from R0805 with N1.
04:05:12,025 Fed R0805-1K from R0805 with N1.
04:05:12,025 Pick R0805-1K from R0805 with N1
04:05:12,025 Align R0805-1K with N1
04:05:12,025 Place R0805-1K with N1
planned [N1 -> R1]
04:05:12,026 Attempt Feed R0805-1K from R0805 with N1.
04:05:12,291 Fed R0805-1K from R0805 with N1.
04:05:12,291 Pick R0805-1K from R0805 with N1
04:05:12,291 Align R0805-1K with N1
04:05:12,291 Place R0805-1K with N1
planned [N1 -> R13]
04:05:12,292 Attempt Feed R0805-1K from R0805 with N1.
04:05:12,559 Fed R0805-1K from R0805 with N1.
04:05:12,559 Pick R0805-1K from R0805 with N1
04:05:12,559 Align R0805-1K with N1
04:05:12,560 Place R0805-1K with N1
planned [N1 -> R1]
04:05:12,560 Attempt Feed R0805-1K from R0805 with N1.
04:05:12,820 Fed R0805-1K from R0805 with N1.
04:05:12,820 Pick R0805-1K from R0805 with N1
04:05:12,820 Align R0805-1K with N1
04:05:12,820 Place R0805-1K with N1
Tests run: 1, Failures: 0, Errors: 0, Skipped: 0, Time elapsed: 27.938 sec
Running Utils2DTest
test1
board: (5.000000, 15.000000, -8.000000, 0.000000 mm) 100mm
place: (55.000000, 5.000000, 0.000000, 0.000000 mm)
results (60.000000, 20.000000, -8.000000, 0.000000 mm)
test2
results (45.580602, 17.699407, -8.000000, 0.000000 mm)
test3
results (70.497539, 1.865309, -8.000000, 0.000000 mm)
test4
test5
results (69.142136, 12.071068, -8.000000, 0.000000 mm)
test6
board: (30.004000, 31.386000, -8.000000, 74.646000 mm) 100mm
place: (31.000000, 6.000000, 0.000000, 0.000000 mm)
results (32.426392, 62.868249, -8.000000, 74.646000 mm)
inverse: (31.000000, 6.000000, 0.000000, 0.000000 mm)
results (32.426392, 62.868249, -8.000000, 74.646000 mm)
test7
test8
board: (5.000000, 15.000000, -8.000000, 0.000000 mm) Width=100.0
place: (55.000000, 5.000000, 0.000000, 0.000000 mm)
results (50.000000, 20.000000, -8.000000, 0.000000 mm)
test9
results (35.580602, 17.699407, -8.000000, 0.000000 mm)
test10
results (60.497539, 1.865309, -8.000000, 0.000000 mm)
test11
test12
results (59.142136, 12.071068, -8.000000, 0.000000 mm)
test13
idealA (3.846353, 39.336512, 0.000000, 10.000000 mm)
idealB (58.296186, 18.474689, 0.000000, 10.000000 mm)
offset (10.000000, 10.000000, 0.000000, -3.000000 mm)
actualA (15.697304, 49.348462, 0.000000, 7.000000 mm)
actualB (68.980692, 25.665545, 0.000000, 7.000000 mm)
results (9.797509, 10.267162, 0.000000, -3.000000 mm)
results (9.797509, 10.267162, 0.000000, -3.000000 mm)
results (9.588165, 10.272644, 0.000000, -3.000000 mm)
Tests run: 2, Failures: 0, Errors: 0, Skipped: 0, Time elapsed: 0.003 sec
Running VisionUtilsTest
Tests run: 1, Failures: 0, Errors: 0, Skipped: 0, Time elapsed: 0.236 sec

Results :

Tests run: 8, Failures: 0, Errors: 0, Skipped: 0

[INFO] ------------------------------------------------------------------------
[INFO] BUILD SUCCESS
[INFO] ------------------------------------------------------------------------
[INFO] Total time: 41.426 s
[INFO] Finished at: 2022-01-02T04:05:13+00:00
[INFO] Final Memory: 10M/491M
[INFO] ------------------------------------------------------------------------

travis_time:end:25ff51c0:start=1641096270662164568,finish=1641096313282729197,duration=42620564629[0K
[32;1mThe command "mvn test -Dhttps.protocols=TLSv1.2 -Dhttps.protocols=TLSv1.2 -B" exited with 0.[0m

Done. Your build exited with 0.
