travis_fold:start:system_info[0K[33;1mBuild system information[0m
Build language: java
Build id: ''
Job id: ''
[34m[1mBuild image provisioning date and time[0m
Thu Feb  5 15:09:33 UTC 2015
[34m[1mOperating System Details[0m
Distributor ID:	Ubuntu
Description:	Ubuntu 12.04.5 LTS
Release:	12.04
Codename:	precise
[34m[1mLinux Version[0m
3.13.0-29-generic
[34m[1mCookbooks Version[0m
a68419e https://github.com/travis-ci/travis-cookbooks/tree/a68419e
[34m[1mGCC version[0m
gcc (Ubuntu/Linaro 4.6.3-1ubuntu5) 4.6.3
Copyright (C) 2011 Free Software Foundation, Inc.
This is free software; see the source for copying conditions.  There is NO
warranty; not even for MERCHANTABILITY or FITNESS FOR A PARTICULAR PURPOSE.

[34m[1mLLVM version[0m
clang version 3.4 (tags/RELEASE_34/final)
Target: x86_64-unknown-linux-gnu
Thread model: posix
[34m[1mPre-installed Ruby versions[0m
ruby-1.9.3-p551
[34m[1mPre-installed Node.js versions[0m
v0.10.36
[34m[1mPre-installed Go versions[0m
1.4.1
[34m[1mRedis version[0m
redis-server 2.8.19
[34m[1mriak version[0m
2.0.2
[34m[1mMongoDB version[0m
MongoDB 2.4.12
[34m[1mCouchDB version[0m
couchdb 1.6.1
[34m[1mNeo4j version[0m
1.9.4
[34m[1mRabbitMQ Version[0m
3.4.3
[34m[1mElasticSearch version[0m
1.4.0
[34m[1mInstalled Sphinx versions[0m
2.0.10
2.1.9
2.2.6
[34m[1mDefault Sphinx version[0m
2.2.6
[34m[1mInstalled Firefox version[0m
firefox 31.0esr
[34m[1mPhantomJS version[0m
1.9.8
[34m[1mant -version[0m
Apache Ant(TM) version 1.8.2 compiled on December 3 2011
[34m[1mmvn -version[0m
Apache Maven 3.2.5 (12a6b3acb947671f09b81f49094c53f426d8cea1; 2014-12-14T17:29:23+00:00)
Maven home: /usr/local/maven
Java version: 1.7.0_76, vendor: Oracle Corporation
Java home: /usr/lib/jvm/java-7-oracle/jre
Default locale: en_US, platform encoding: ANSI_X3.4-1968
OS name: "linux", version: "3.13.0-29-generic", arch: "amd64", family: "unix"
travis_fold:end:system_info[0K
W: Failed to fetch http://us.archive.ubuntu.com/ubuntu/dists/precise/main/source/Sources  404  Not Found [IP: 91.189.91.38 80]

W: Failed to fetch http://us.archive.ubuntu.com/ubuntu/dists/precise/restricted/source/Sources  404  Not Found [IP: 91.189.91.38 80]

W: Failed to fetch http://us.archive.ubuntu.com/ubuntu/dists/precise/universe/source/Sources  404  Not Found [IP: 91.189.91.38 80]

W: Failed to fetch http://us.archive.ubuntu.com/ubuntu/dists/precise/multiverse/source/Sources  404  Not Found [IP: 91.189.91.38 80]

W: Failed to fetch http://us.archive.ubuntu.com/ubuntu/dists/precise/main/binary-amd64/Packages  404  Not Found [IP: 91.189.91.38 80]

W: Failed to fetch http://us.archive.ubuntu.com/ubuntu/dists/precise/restricted/binary-amd64/Packages  404  Not Found [IP: 91.189.91.38 80]

W: Failed to fetch http://us.archive.ubuntu.com/ubuntu/dists/precise/universe/binary-amd64/Packages  404  Not Found [IP: 91.189.91.38 80]

W: Failed to fetch http://us.archive.ubuntu.com/ubuntu/dists/precise/multiverse/binary-amd64/Packages  404  Not Found [IP: 91.189.91.38 80]

W: Failed to fetch http://us.archive.ubuntu.com/ubuntu/dists/precise/main/binary-i386/Packages  404  Not Found [IP: 91.189.91.38 80]

W: Failed to fetch http://us.archive.ubuntu.com/ubuntu/dists/precise/restricted/binary-i386/Packages  404  Not Found [IP: 91.189.91.38 80]

W: Failed to fetch http://us.archive.ubuntu.com/ubuntu/dists/precise/universe/binary-i386/Packages  404  Not Found [IP: 91.189.91.38 80]

W: Failed to fetch http://us.archive.ubuntu.com/ubuntu/dists/precise/multiverse/binary-i386/Packages  404  Not Found [IP: 91.189.91.38 80]

W: Failed to fetch http://us.archive.ubuntu.com/ubuntu/dists/precise-updates/main/source/Sources  404  Not Found [IP: 91.189.91.38 80]

W: Failed to fetch http://us.archive.ubuntu.com/ubuntu/dists/precise-updates/restricted/source/Sources  404  Not Found [IP: 91.189.91.38 80]

W: Failed to fetch http://us.archive.ubuntu.com/ubuntu/dists/precise-updates/universe/source/Sources  404  Not Found [IP: 91.189.91.38 80]

W: Failed to fetch http://us.archive.ubuntu.com/ubuntu/dists/precise-updates/multiverse/source/Sources  404  Not Found [IP: 91.189.91.38 80]

W: Failed to fetch http://us.archive.ubuntu.com/ubuntu/dists/precise-updates/main/binary-amd64/Packages  404  Not Found [IP: 91.189.91.38 80]

W: Failed to fetch http://us.archive.ubuntu.com/ubuntu/dists/precise-updates/restricted/binary-amd64/Packages  404  Not Found [IP: 91.189.91.38 80]

W: Failed to fetch http://us.archive.ubuntu.com/ubuntu/dists/precise-updates/universe/binary-amd64/Packages  404  Not Found [IP: 91.189.91.38 80]

W: Failed to fetch http://us.archive.ubuntu.com/ubuntu/dists/precise-updates/multiverse/binary-amd64/Packages  404  Not Found [IP: 91.189.91.38 80]

W: Failed to fetch http://us.archive.ubuntu.com/ubuntu/dists/precise-updates/main/binary-i386/Packages  404  Not Found [IP: 91.189.91.38 80]

W: Failed to fetch http://us.archive.ubuntu.com/ubuntu/dists/precise-updates/restricted/binary-i386/Packages  404  Not Found [IP: 91.189.91.38 80]

W: Failed to fetch http://us.archive.ubuntu.com/ubuntu/dists/precise-updates/universe/binary-i386/Packages  404  Not Found [IP: 91.189.91.38 80]

W: Failed to fetch http://us.archive.ubuntu.com/ubuntu/dists/precise-updates/multiverse/binary-i386/Packages  404  Not Found [IP: 91.189.91.38 80]

W: Failed to fetch http://security.ubuntu.com/ubuntu/dists/precise-security/main/source/Sources  404  Not Found [IP: 91.189.91.39 80]

W: Failed to fetch http://security.ubuntu.com/ubuntu/dists/precise-security/restricted/source/Sources  404  Not Found [IP: 91.189.91.39 80]

W: Failed to fetch http://security.ubuntu.com/ubuntu/dists/precise-security/universe/source/Sources  404  Not Found [IP: 91.189.91.39 80]

W: Failed to fetch http://security.ubuntu.com/ubuntu/dists/precise-security/multiverse/source/Sources  404  Not Found [IP: 91.189.91.39 80]

W: Failed to fetch http://security.ubuntu.com/ubuntu/dists/precise-security/main/binary-amd64/Packages  404  Not Found [IP: 91.189.91.39 80]

W: Failed to fetch http://security.ubuntu.com/ubuntu/dists/precise-security/restricted/binary-amd64/Packages  404  Not Found [IP: 91.189.91.39 80]

W: Failed to fetch http://security.ubuntu.com/ubuntu/dists/precise-security/universe/binary-amd64/Packages  404  Not Found [IP: 91.189.91.39 80]

W: Failed to fetch http://security.ubuntu.com/ubuntu/dists/precise-security/multiverse/binary-amd64/Packages  404  Not Found [IP: 91.189.91.39 80]

W: Failed to fetch http://security.ubuntu.com/ubuntu/dists/precise-security/main/binary-i386/Packages  404  Not Found [IP: 91.189.91.39 80]

W: Failed to fetch http://security.ubuntu.com/ubuntu/dists/precise-security/restricted/binary-i386/Packages  404  Not Found [IP: 91.189.91.39 80]

W: Failed to fetch http://security.ubuntu.com/ubuntu/dists/precise-security/universe/binary-i386/Packages  404  Not Found [IP: 91.189.91.39 80]

W: Failed to fetch http://security.ubuntu.com/ubuntu/dists/precise-security/multiverse/binary-i386/Packages  404  Not Found [IP: 91.189.91.39 80]

W: Failed to fetch http://us.archive.ubuntu.com/ubuntu/dists/precise-backports/main/source/Sources  404  Not Found [IP: 91.189.91.38 80]

W: Failed to fetch http://us.archive.ubuntu.com/ubuntu/dists/precise-backports/restricted/source/Sources  404  Not Found [IP: 91.189.91.38 80]

W: Failed to fetch http://us.archive.ubuntu.com/ubuntu/dists/precise-backports/universe/source/Sources  404  Not Found [IP: 91.189.91.38 80]

W: Failed to fetch http://us.archive.ubuntu.com/ubuntu/dists/precise-backports/multiverse/source/Sources  404  Not Found [IP: 91.189.91.38 80]

W: Failed to fetch http://us.archive.ubuntu.com/ubuntu/dists/precise-backports/main/binary-amd64/Packages  404  Not Found [IP: 91.189.91.38 80]

W: Failed to fetch http://us.archive.ubuntu.com/ubuntu/dists/precise-backports/restricted/binary-amd64/Packages  404  Not Found [IP: 91.189.91.38 80]

W: Failed to fetch http://us.archive.ubuntu.com/ubuntu/dists/precise-backports/universe/binary-amd64/Packages  404  Not Found [IP: 91.189.91.38 80]

W: Failed to fetch http://us.archive.ubuntu.com/ubuntu/dists/precise-backports/multiverse/binary-amd64/Packages  404  Not Found [IP: 91.189.91.38 80]

W: Failed to fetch http://us.archive.ubuntu.com/ubuntu/dists/precise-backports/main/binary-i386/Packages  404  Not Found [IP: 91.189.91.38 80]

W: Failed to fetch http://us.archive.ubuntu.com/ubuntu/dists/precise-backports/restricted/binary-i386/Packages  404  Not Found [IP: 91.189.91.38 80]

W: Failed to fetch http://us.archive.ubuntu.com/ubuntu/dists/precise-backports/universe/binary-i386/Packages  404  Not Found [IP: 91.189.91.38 80]

W: Failed to fetch http://us.archive.ubuntu.com/ubuntu/dists/precise-backports/multiverse/binary-i386/Packages  404  Not Found [IP: 91.189.91.38 80]

W: Failed to fetch http://apt.postgresql.org/pub/repos/apt/dists/precise-pgdg/main/binary-amd64/Packages  404  Not Found [IP: 147.75.85.69 80]

W: Failed to fetch http://apt.postgresql.org/pub/repos/apt/dists/precise-pgdg/main/binary-i386/Packages  404  Not Found [IP: 147.75.85.69 80]

W: Failed to fetch http://ppa.launchpad.net/rwky/ppa/ubuntu/dists/precise/main/binary-amd64/Packages  403  Forbidden

W: Failed to fetch http://ppa.launchpad.net/rwky/ppa/ubuntu/dists/precise/main/binary-i386/Packages  403  Forbidden

W: Failed to fetch http://ppa.launchpad.net/travis-ci/zero-mq/ubuntu/dists/precise/main/binary-amd64/Packages  403  Forbidden

W: Failed to fetch http://ppa.launchpad.net/travis-ci/zero-mq/ubuntu/dists/precise/main/binary-i386/Packages  403  Forbidden

W: Failed to fetch http://downloads-distro.mongodb.org/repo/debian-sysvinit/dists/dist/10gen/binary-amd64/Packages  Undetermined Error [IP: 54.175.147.155 80]

W: Failed to fetch http://downloads-distro.mongodb.org/repo/debian-sysvinit/dists/dist/10gen/binary-i386/Packages  Undetermined Error [IP: 54.175.147.155 80]

E: Some index files failed to download. They have been ignored, or old ones used instead.
sed: cannot rename /etc/hosts: Device or resource busy
sed: cannot rename /etc/hosts: Device or resource busy
$ jdk_switcher use openjdk7
Switching to OpenJDK7 (java-1.7.0-openjdk-amd64), JAVA_HOME will be set to /usr/lib/jvm/java-7-openjdk-amd64
$ cd passed/davidmoten/rxjava-jdbc
$ java -Xmx32m -version
java version "1.7.0_75"
OpenJDK Runtime Environment (IcedTea 2.5.4) (7u75-2.5.4-1~precise1)
OpenJDK 64-Bit Server VM (build 24.75-b04, mixed mode)
$ javac -J-Xmx32m -version
javac 1.7.0_75
travis_fold:start:install[0Ktravis_time:start:01b6c630[0K$ mvn -o install -Dhttps.protocols=TLSv1.2 -Dhttps.protocols=TLSv1.2 -DskipTests=true -Dmaven.javadoc.skip=true -B -V
Apache Maven 3.2.5 (12a6b3acb947671f09b81f49094c53f426d8cea1; 2014-12-14T17:29:23+00:00)
Maven home: /usr/local/maven
Java version: 1.7.0_75, vendor: Oracle Corporation
Java home: /usr/lib/jvm/java-7-openjdk-amd64/jre
Default locale: en_US, platform encoding: UTF-8
OS name: "linux", version: "4.15.0-109-generic", arch: "amd64", family: "unix"
[INFO] Scanning for projects...
[INFO] Inspecting build with total of 1 modules...
[INFO] Installing Nexus Staging features:
[INFO]   ... total of 1 executions of maven-deploy-plugin replaced with nexus-staging-maven-plugin
[INFO]                                                                         
[INFO] ------------------------------------------------------------------------
[INFO] Building rxjava-jdbc 0.6.4-SNAPSHOT
[INFO] ------------------------------------------------------------------------
[INFO] 
[INFO] --- maven-resources-plugin:2.6:resources (default-resources) @ rxjava-jdbc ---
[INFO] Using 'UTF-8' encoding to copy filtered resources.
[INFO] skip non existing resourceDirectory /home/travis/build/passed/davidmoten/rxjava-jdbc/src/main/resources
[INFO] 
[INFO] --- maven-compiler-plugin:3.1:compile (default-compile) @ rxjava-jdbc ---
[INFO] Changes detected - recompiling the module!
[INFO] Compiling 48 source files to /home/travis/build/passed/davidmoten/rxjava-jdbc/target/classes
[INFO] 
[INFO] --- maven-resources-plugin:2.6:testResources (default-testResources) @ rxjava-jdbc ---
[INFO] Using 'UTF-8' encoding to copy filtered resources.
[INFO] Copying 4 resources
[INFO] 
[INFO] --- maven-compiler-plugin:3.1:testCompile (default-testCompile) @ rxjava-jdbc ---
[INFO] Nothing to compile - all classes are up to date
[INFO] 
[INFO] --- maven-surefire-plugin:2.12.4:test (default-test) @ rxjava-jdbc ---
[INFO] Tests are skipped.
[INFO] 
[INFO] --- maven-jar-plugin:2.4:jar (default-jar) @ rxjava-jdbc ---
[INFO] Building jar: /home/travis/build/passed/davidmoten/rxjava-jdbc/target/rxjava-jdbc-0.6.4-SNAPSHOT.jar
[INFO] 
[INFO] --- maven-site-plugin:3.4:attach-descriptor (attach-descriptor) @ rxjava-jdbc ---
[INFO] 
[INFO] --- maven-install-plugin:2.4:install (default-install) @ rxjava-jdbc ---
[INFO] Installing /home/travis/build/passed/davidmoten/rxjava-jdbc/target/rxjava-jdbc-0.6.4-SNAPSHOT.jar to /home/travis/.m2/repository/com/github/davidmoten/rxjava-jdbc/0.6.4-SNAPSHOT/rxjava-jdbc-0.6.4-SNAPSHOT.jar
[INFO] Installing /home/travis/build/passed/davidmoten/rxjava-jdbc/pom.xml to /home/travis/.m2/repository/com/github/davidmoten/rxjava-jdbc/0.6.4-SNAPSHOT/rxjava-jdbc-0.6.4-SNAPSHOT.pom
[INFO] ------------------------------------------------------------------------
[INFO] BUILD SUCCESS
[INFO] ------------------------------------------------------------------------
[INFO] Total time: 14.988 s
[INFO] Finished at: 2022-02-27T04:01:21+00:00
[INFO] Final Memory: 22M/491M
[INFO] ------------------------------------------------------------------------

travis_time:end:01b6c630:start=1645934465679020418,finish=1645934482030088172,duration=16351067754[0Ktravis_fold:end:install[0Ktravis_time:start:034fc4d0[0K$ mvn test -Dhttps.protocols=TLSv1.2 -Dhttps.protocols=TLSv1.2 -B
[INFO] Scanning for projects...
[INFO] Inspecting build with total of 1 modules...
[INFO] Installing Nexus Staging features:
[INFO]   ... total of 1 executions of maven-deploy-plugin replaced with nexus-staging-maven-plugin
[INFO]                                                                         
[INFO] ------------------------------------------------------------------------
[INFO] Building rxjava-jdbc 0.6.4-SNAPSHOT
[INFO] ------------------------------------------------------------------------
[INFO] 
[INFO] --- maven-resources-plugin:2.6:resources (default-resources) @ rxjava-jdbc ---
[INFO] Using 'UTF-8' encoding to copy filtered resources.
[INFO] skip non existing resourceDirectory /home/travis/build/passed/davidmoten/rxjava-jdbc/src/main/resources
[INFO] 
[INFO] --- maven-compiler-plugin:3.1:compile (default-compile) @ rxjava-jdbc ---
[INFO] Changes detected - recompiling the module!
[INFO] Compiling 48 source files to /home/travis/build/passed/davidmoten/rxjava-jdbc/target/classes
[INFO] 
[INFO] --- maven-resources-plugin:2.6:testResources (default-testResources) @ rxjava-jdbc ---
[INFO] Using 'UTF-8' encoding to copy filtered resources.
[INFO] Copying 4 resources
[INFO] 
[INFO] --- maven-compiler-plugin:3.1:testCompile (default-testCompile) @ rxjava-jdbc ---
[INFO] Nothing to compile - all classes are up to date
[INFO] 
[INFO] --- maven-surefire-plugin:2.12.4:test (default-test) @ rxjava-jdbc ---
[INFO] Surefire report directory: /home/travis/build/passed/davidmoten/rxjava-jdbc/target/surefire-reports

-------------------------------------------------------
 T E S T S
-------------------------------------------------------
Running com.github.davidmoten.rx.DynamicProxyTest
Tests run: 2, Failures: 0, Errors: 0, Skipped: 0, Time elapsed: 0.608 sec
Running com.github.davidmoten.rx.RetryTest
Tests run: 1, Failures: 0, Errors: 0, Skipped: 0, Time elapsed: 1.262 sec
Running com.github.davidmoten.rx.jdbc.ColumnNotFoundTest
Tests run: 1, Failures: 0, Errors: 0, Skipped: 0, Time elapsed: 2.038 sec
Running com.github.davidmoten.rx.jdbc.ConditionsTest
Tests run: 7, Failures: 0, Errors: 0, Skipped: 0, Time elapsed: 0.003 sec
Running com.github.davidmoten.rx.jdbc.ConnectionDemoTest
Tests run: 1, Failures: 0, Errors: 0, Skipped: 0, Time elapsed: 0.01 sec
Running com.github.davidmoten.rx.jdbc.ConnectionNonClosingTest
Tests run: 1, Failures: 0, Errors: 0, Skipped: 0, Time elapsed: 0.053 sec
Running com.github.davidmoten.rx.jdbc.ConnectionProviderAutoCommittingTest
Tests run: 1, Failures: 0, Errors: 0, Skipped: 0, Time elapsed: 0.032 sec
Running com.github.davidmoten.rx.jdbc.ConnectionProviderFromUrlTest
Tests run: 1, Failures: 0, Errors: 0, Skipped: 0, Time elapsed: 0.06 sec
Running com.github.davidmoten.rx.jdbc.DatabaseAsyncTest
2022-02-27 04:01:31.999 [main] INFO  com.github.davidmoten.rx.RxUtil - 1
2022-02-27 04:01:32.000 [main] INFO  com.github.davidmoten.rx.RxUtil - 2
2022-02-27 04:01:32.000 [main] INFO  com.github.davidmoten.rx.RxUtil - 3
2022-02-27 04:01:32.207 [RxComputationThreadPool-5] INFO  com.github.davidmoten.rx.RxUtil - 0
2022-02-27 04:01:32.210 [RxCachedThreadScheduler-2] INFO  com.github.davidmoten.rx.RxUtil - 21
[FRED, JOSEPH, MARMADUKE]
2022-02-27 04:01:33.151 [main] INFO  com.zaxxer.hikari.HikariDataSource - HikariCP pool HikariPool-0 is starting.
2022-02-27 04:01:33.333 [RxCachedThreadScheduler-1] INFO  com.github.davidmoten.rx.RxUtil - 21
2022-02-27 04:01:33.334 [RxCachedThreadScheduler-2] INFO  com.github.davidmoten.rx.RxUtil - 34
2022-02-27 04:01:33.723 [main] INFO  com.github.davidmoten.rx.RxUtil - rx.Observable@504fbd34
2022-02-27 04:01:33.724 [main] INFO  com.github.davidmoten.rx.RxUtil - rx.Observable@504fbd34
2022-02-27 04:01:33.724 [main] INFO  com.github.davidmoten.rx.RxUtil - rx.Observable@230eca1d
2022-02-27 04:01:33.726 [main] INFO  com.github.davidmoten.rx.RxUtil - rx.Observable@23915d6f
2022-02-27 04:01:33.726 [main] INFO  com.github.davidmoten.rx.RxUtil - rx.Observable@23915d6f
2022-02-27 04:01:33.726 [main] INFO  com.github.davidmoten.rx.RxUtil - rx.Observable@1c8d34a7
2022-02-27 04:01:33.744 [main] INFO  com.github.davidmoten.rx.jdbc.DatabaseTestBase - committed 1
2022-02-27 04:01:33.744 [main] INFO  com.github.davidmoten.rx.jdbc.DatabaseTestBase - gets ok
2022-02-27 04:01:33.744 [main] INFO  com.github.davidmoten.rx.jdbc.DatabaseTestBase - closes ok
Syntax error in SQL statement "ZZZ[*] "; SQL statement:
zzz [42000-178]
Syntax error in SQL statement "ZZZ[*] "; SQL statement:
zzz [42000-178]
2022-02-27 04:01:34.687 [main] INFO  com.zaxxer.hikari.HikariDataSource - HikariCP pool HikariPool-1 is starting.
2022-02-27 04:01:34.695 [main] INFO  com.zaxxer.hikari.pool.HikariPool - HikariCP pool HikariPool-1 is shutting down.
2022-02-27 04:01:34.914 [main] INFO  com.github.davidmoten.rx.jdbc.DatabaseTestBase - committed 1
2022-02-27 04:01:34.914 [main] INFO  com.github.davidmoten.rx.jdbc.DatabaseTestBase - gets ok
2022-02-27 04:01:34.914 [main] INFO  com.github.davidmoten.rx.jdbc.DatabaseTestBase - closes ok
2022-02-27 04:01:34.918 [main] INFO  com.github.davidmoten.rx.RxUtil - rx.Observable@43e3cae
2022-02-27 04:01:34.918 [main] INFO  com.github.davidmoten.rx.RxUtil - rx.Observable@43e3cae
2022-02-27 04:01:34.918 [main] INFO  com.github.davidmoten.rx.RxUtil - rx.Observable@1201c5af
2022-02-27 04:01:34.919 [main] INFO  com.github.davidmoten.rx.RxUtil - rx.Observable@d1d1bb6
2022-02-27 04:01:34.920 [main] INFO  com.github.davidmoten.rx.RxUtil - rx.Observable@d1d1bb6
2022-02-27 04:01:34.920 [main] INFO  com.github.davidmoten.rx.RxUtil - rx.Observable@72065073
2022-02-27 04:01:35.230 [main] INFO  com.github.davidmoten.rx.RxUtil - 99
2022-02-27 04:01:35.231 [main] INFO  com.github.davidmoten.rx.RxUtil - 88
2022-02-27 04:01:35.338 [RxComputationThreadPool-6] INFO  com.github.davidmoten.rx.RxUtil - 0
2022-02-27 04:01:35.340 [RxCachedThreadScheduler-2] INFO  com.github.davidmoten.rx.RxUtil - 21
threads=[main]
2022-02-27 04:01:35.805 [main] INFO  com.zaxxer.hikari.HikariDataSource - HikariCP pool HikariPool-2 is starting.
[MARMADUKE, JOSEPH, MARMADUKE, JOSEPH, MARMADUKE, MARMADUKE, MARMADUKE, JOSEPH, MARMADUKE, JOSEPH, MARMADUKE, MARMADUKE]
2022-02-27 04:01:36.310 [main] INFO  com.github.davidmoten.rx.RxUtil - 99
2022-02-27 04:01:36.310 [main] INFO  com.github.davidmoten.rx.RxUtil - 88
2022-02-27 04:01:36.518 [RxCachedThreadScheduler-2] INFO  com.github.davidmoten.rx.RxUtil - 3
Column "NAMEZ" not found; SQL statement:
select namez from person where name=? [42122-178]
Column "NAMEZ" not found; SQL statement:
select namez from person where name=? [42122-178]
Tests run: 114, Failures: 0, Errors: 0, Skipped: 0, Time elapsed: 5.008 sec
Running com.github.davidmoten.rx.jdbc.DatabaseDerbyTest
Tests run: 1, Failures: 0, Errors: 0, Skipped: 1, Time elapsed: 0 sec
Running com.github.davidmoten.rx.jdbc.DatabaseMasterDetailTest
MasterAndDetails [id=1, name=FRED, details=[Detail [id=10, description=a good fellow], Detail [id=11, description=rides his bike]]]
MasterAndDetails [id=2, name=JOHN, details=[Detail [id=20, description=a bit of a bore], Detail [id=21, description=is a good cook]]]
Tests run: 2, Failures: 0, Errors: 0, Skipped: 0, Time elapsed: 0.433 sec
Running com.github.davidmoten.rx.jdbc.DatabaseSyncTest
2022-02-27 04:01:37.184 [main] INFO  com.github.davidmoten.rx.RxUtil - 1
2022-02-27 04:01:37.185 [main] INFO  com.github.davidmoten.rx.RxUtil - 2
2022-02-27 04:01:37.186 [main] INFO  com.github.davidmoten.rx.RxUtil - 3
2022-02-27 04:01:37.311 [RxComputationThreadPool-8] INFO  com.github.davidmoten.rx.RxUtil - 0
2022-02-27 04:01:37.312 [RxComputationThreadPool-8] INFO  com.github.davidmoten.rx.RxUtil - 21
[FRED, JOSEPH, MARMADUKE]
2022-02-27 04:01:37.334 [main] INFO  com.zaxxer.hikari.HikariDataSource - HikariCP pool HikariPool-3 is starting.
2022-02-27 04:01:37.383 [main] INFO  com.github.davidmoten.rx.RxUtil - 21
2022-02-27 04:01:37.383 [main] INFO  com.github.davidmoten.rx.RxUtil - 34
2022-02-27 04:01:37.446 [main] INFO  com.github.davidmoten.rx.RxUtil - rx.Observable@43b17f94
2022-02-27 04:01:37.446 [main] INFO  com.github.davidmoten.rx.RxUtil - rx.Observable@43b17f94
2022-02-27 04:01:37.447 [main] INFO  com.github.davidmoten.rx.RxUtil - rx.Observable@3a2ef044
2022-02-27 04:01:37.448 [main] INFO  com.github.davidmoten.rx.RxUtil - rx.Observable@91ed751
2022-02-27 04:01:37.448 [main] INFO  com.github.davidmoten.rx.RxUtil - rx.Observable@91ed751
2022-02-27 04:01:37.448 [main] INFO  com.github.davidmoten.rx.RxUtil - rx.Observable@47ca0b84
2022-02-27 04:01:37.458 [main] INFO  com.github.davidmoten.rx.jdbc.DatabaseTestBase - committed 1
2022-02-27 04:01:37.458 [main] INFO  com.github.davidmoten.rx.jdbc.DatabaseTestBase - gets ok
2022-02-27 04:01:37.458 [main] INFO  com.github.davidmoten.rx.jdbc.DatabaseTestBase - closes ok
Syntax error in SQL statement "ZZZ[*] "; SQL statement:
zzz [42000-178]
Syntax error in SQL statement "ZZZ[*] "; SQL statement:
zzz [42000-178]
2022-02-27 04:01:37.491 [main] INFO  com.zaxxer.hikari.HikariDataSource - HikariCP pool HikariPool-4 is starting.
2022-02-27 04:01:37.495 [main] INFO  com.zaxxer.hikari.pool.HikariPool - HikariCP pool HikariPool-4 is shutting down.
2022-02-27 04:01:37.504 [main] INFO  com.github.davidmoten.rx.jdbc.DatabaseTestBase - committed 1
2022-02-27 04:01:37.504 [main] INFO  com.github.davidmoten.rx.jdbc.DatabaseTestBase - gets ok
2022-02-27 04:01:37.504 [main] INFO  com.github.davidmoten.rx.jdbc.DatabaseTestBase - closes ok
2022-02-27 04:01:37.507 [main] INFO  com.github.davidmoten.rx.RxUtil - rx.Observable@5901d513
2022-02-27 04:01:37.507 [main] INFO  com.github.davidmoten.rx.RxUtil - rx.Observable@5901d513
2022-02-27 04:01:37.507 [main] INFO  com.github.davidmoten.rx.RxUtil - rx.Observable@74c000c
2022-02-27 04:01:37.508 [main] INFO  com.github.davidmoten.rx.RxUtil - rx.Observable@618c79b9
2022-02-27 04:01:37.508 [main] INFO  com.github.davidmoten.rx.RxUtil - rx.Observable@618c79b9
2022-02-27 04:01:37.509 [main] INFO  com.github.davidmoten.rx.RxUtil - rx.Observable@4d8b92b7
2022-02-27 04:01:37.548 [main] INFO  com.github.davidmoten.rx.RxUtil - 99
2022-02-27 04:01:37.549 [main] INFO  com.github.davidmoten.rx.RxUtil - 88
2022-02-27 04:01:37.654 [RxComputationThreadPool-9] INFO  com.github.davidmoten.rx.RxUtil - 0
2022-02-27 04:01:37.655 [RxComputationThreadPool-9] INFO  com.github.davidmoten.rx.RxUtil - 21
threads=[main]
2022-02-27 04:01:37.680 [main] INFO  com.zaxxer.hikari.HikariDataSource - HikariCP pool HikariPool-5 is starting.
[MARMADUKE, JOSEPH, MARMADUKE, JOSEPH, MARMADUKE, MARMADUKE, MARMADUKE, JOSEPH, MARMADUKE, JOSEPH, MARMADUKE, MARMADUKE]
2022-02-27 04:01:37.723 [main] INFO  com.github.davidmoten.rx.RxUtil - 99
2022-02-27 04:01:37.724 [main] INFO  com.github.davidmoten.rx.RxUtil - 88
2022-02-27 04:01:37.752 [main] INFO  com.github.davidmoten.rx.RxUtil - 3
Column "NAMEZ" not found; SQL statement:
select namez from person where name=? [42122-178]
Column "NAMEZ" not found; SQL statement:
select namez from person where name=? [42122-178]
Tests run: 113, Failures: 0, Errors: 0, Skipped: 0, Time elapsed: 0.729 sec
Running com.github.davidmoten.rx.jdbc.DatabaseViaDataSourceTest
2022-02-27 04:01:38.101 [main] INFO  com.github.davidmoten.rx.RxUtil - 1
2022-02-27 04:01:38.102 [main] INFO  com.github.davidmoten.rx.RxUtil - 2
2022-02-27 04:01:38.103 [main] INFO  com.github.davidmoten.rx.RxUtil - 3
2022-02-27 04:01:38.223 [RxComputationThreadPool-11] INFO  com.github.davidmoten.rx.RxUtil - 0
2022-02-27 04:01:38.224 [RxComputationThreadPool-11] INFO  com.github.davidmoten.rx.RxUtil - 21
[FRED, JOSEPH, MARMADUKE]
2022-02-27 04:01:38.240 [main] INFO  com.zaxxer.hikari.HikariDataSource - HikariCP pool HikariPool-6 is starting.
2022-02-27 04:01:38.276 [main] INFO  com.github.davidmoten.rx.RxUtil - 21
2022-02-27 04:01:38.276 [main] INFO  com.github.davidmoten.rx.RxUtil - 34
2022-02-27 04:01:38.324 [main] INFO  com.github.davidmoten.rx.RxUtil - rx.Observable@da915ec
2022-02-27 04:01:38.324 [main] INFO  com.github.davidmoten.rx.RxUtil - rx.Observable@da915ec
2022-02-27 04:01:38.324 [main] INFO  com.github.davidmoten.rx.RxUtil - rx.Observable@57de3ff5
2022-02-27 04:01:38.325 [main] INFO  com.github.davidmoten.rx.RxUtil - rx.Observable@65148fac
2022-02-27 04:01:38.325 [main] INFO  com.github.davidmoten.rx.RxUtil - rx.Observable@65148fac
2022-02-27 04:01:38.326 [main] INFO  com.github.davidmoten.rx.RxUtil - rx.Observable@28e4990c
2022-02-27 04:01:38.333 [main] INFO  com.github.davidmoten.rx.jdbc.DatabaseTestBase - committed 1
2022-02-27 04:01:38.333 [main] INFO  com.github.davidmoten.rx.jdbc.DatabaseTestBase - gets ok
2022-02-27 04:01:38.333 [main] INFO  com.github.davidmoten.rx.jdbc.DatabaseTestBase - closes ok
Syntax error in SQL statement "ZZZ[*] "; SQL statement:
zzz [42000-178]
Syntax error in SQL statement "ZZZ[*] "; SQL statement:
zzz [42000-178]
2022-02-27 04:01:38.359 [main] INFO  com.zaxxer.hikari.HikariDataSource - HikariCP pool HikariPool-7 is starting.
2022-02-27 04:01:38.363 [main] INFO  com.zaxxer.hikari.pool.HikariPool - HikariCP pool HikariPool-7 is shutting down.
2022-02-27 04:01:38.370 [main] INFO  com.github.davidmoten.rx.jdbc.DatabaseTestBase - committed 1
2022-02-27 04:01:38.370 [main] INFO  com.github.davidmoten.rx.jdbc.DatabaseTestBase - gets ok
2022-02-27 04:01:38.370 [main] INFO  com.github.davidmoten.rx.jdbc.DatabaseTestBase - closes ok
2022-02-27 04:01:38.372 [main] INFO  com.github.davidmoten.rx.RxUtil - rx.Observable@2291bc33
2022-02-27 04:01:38.373 [main] INFO  com.github.davidmoten.rx.RxUtil - rx.Observable@2291bc33
2022-02-27 04:01:38.373 [main] INFO  com.github.davidmoten.rx.RxUtil - rx.Observable@ddaca00
2022-02-27 04:01:38.374 [main] INFO  com.github.davidmoten.rx.RxUtil - rx.Observable@7a8eb36a
2022-02-27 04:01:38.374 [main] INFO  com.github.davidmoten.rx.RxUtil - rx.Observable@7a8eb36a
2022-02-27 04:01:38.374 [main] INFO  com.github.davidmoten.rx.RxUtil - rx.Observable@2ea53302
2022-02-27 04:01:38.406 [main] INFO  com.github.davidmoten.rx.RxUtil - 99
2022-02-27 04:01:38.407 [main] INFO  com.github.davidmoten.rx.RxUtil - 88
2022-02-27 04:01:38.511 [RxComputationThreadPool-12] INFO  com.github.davidmoten.rx.RxUtil - 0
2022-02-27 04:01:38.513 [RxComputationThreadPool-12] INFO  com.github.davidmoten.rx.RxUtil - 21
threads=[main]
2022-02-27 04:01:38.536 [main] INFO  com.zaxxer.hikari.HikariDataSource - HikariCP pool HikariPool-8 is starting.
[MARMADUKE, JOSEPH, MARMADUKE, JOSEPH, MARMADUKE, MARMADUKE, MARMADUKE, JOSEPH, MARMADUKE, JOSEPH, MARMADUKE, MARMADUKE]
2022-02-27 04:01:38.578 [main] INFO  com.github.davidmoten.rx.RxUtil - 99
2022-02-27 04:01:38.579 [main] INFO  com.github.davidmoten.rx.RxUtil - 88
2022-02-27 04:01:38.607 [main] INFO  com.github.davidmoten.rx.RxUtil - 3
Column "NAMEZ" not found; SQL statement:
select namez from person where name=? [42122-178]
Column "NAMEZ" not found; SQL statement:
select namez from person where name=? [42122-178]
Tests run: 113, Failures: 0, Errors: 0, Skipped: 0, Time elapsed: 0.85 sec
Running com.github.davidmoten.rx.jdbc.NamedParametersTest
Tests run: 4, Failures: 0, Errors: 0, Skipped: 0, Time elapsed: 0 sec
Running com.github.davidmoten.rx.jdbc.QueriesTest
Tests run: 1, Failures: 0, Errors: 0, Skipped: 0, Time elapsed: 0 sec
Running com.github.davidmoten.rx.jdbc.UtilTest
Tests run: 60, Failures: 0, Errors: 0, Skipped: 0, Time elapsed: 0.355 sec
Running com.github.davidmoten.rx.jdbc.tuple.TuplesTest
Tests run: 1, Failures: 0, Errors: 0, Skipped: 0, Time elapsed: 0.001 sec

Results :

Tests run: 424, Failures: 0, Errors: 0, Skipped: 1

[INFO] ------------------------------------------------------------------------
[INFO] BUILD SUCCESS
[INFO] ------------------------------------------------------------------------
[INFO] Total time: 15.747 s
[INFO] Finished at: 2022-02-27T04:01:39+00:00
[INFO] Final Memory: 17M/491M
[INFO] ------------------------------------------------------------------------

travis_time:end:034fc4d0:start=1645934482041002329,finish=1645934499254151532,duration=17213149203[0K
[32;1mThe command "mvn test -Dhttps.protocols=TLSv1.2 -Dhttps.protocols=TLSv1.2 -B" exited with 0.[0m

Done. Your build exited with 0.
