travis_time:start:12b507c2[0Ktravis_time:end:12b507c2:start=1645887451186629396,finish=1645887451494364561,duration=307735165,event=no_world_writable_dirs[0Ktravis_time:start:0756a723[0Ktravis_time:end:0756a723:start=1645887451501858782,finish=1645887451506441263,duration=4582481,event=check_unsupported[0Ktravis_time:start:2ae36c76[0Ktravis_fold:start:system_info[0K[33;1mBuild system information[0m
Build language: java
Build group: stable
Build dist: xenial
Build id: ''
Job id: ''
Runtime kernel version: 4.15.0-109-generic
[34m[1mBuild image provisioning date and time[0m
Fri Aug  2 14:20:18 UTC 2019
[34m[1mOperating System Details[0m
Distributor ID:	Ubuntu
Description:	Ubuntu 16.04.6 LTS
Release:	16.04
Codename:	xenial
[34m[1mSystemd Version[0m
systemd 229
[34m[1mCookbooks Version[0m
790f512 https://github.com/travis-ci/travis-cookbooks/tree/790f512
[34m[1mgit version[0m
git version 2.22.0
[34m[1mbash version[0m
GNU bash, version 4.3.48(1)-release (x86_64-pc-linux-gnu)
[34m[1mgcc version[0m
gcc (Ubuntu 5.4.0-6ubuntu1~16.04.11) 5.4.0 20160609
[34m[1mdocker version[0m
Client:
 Version:           18.06.1-ce
 API version:       1.38
 Go version:        go1.10.3
 Git commit:        e68fc7a
 Built:             Tue Aug 21 17:20:43 2018
 OS/Arch:           linux/amd64
 Experimental:      false
[34m[1mclang version[0m
clang version 7.0.0 (tags/RELEASE_700/final)
[34m[1mjq version[0m
jq-1.5
[34m[1mbats version[0m
Bats 0.4.0
[34m[1mshellcheck version[0m
0.6.0
[34m[1mshfmt version[0m
v2.6.3
[34m[1mccache version[0m
3.2.4
[34m[1mcmake version[0m
cmake version 3.12.4
[34m[1mheroku version[0m
heroku/7.27.1 linux-x64 node-v11.14.0
[34m[1mimagemagick version[0m
Version: ImageMagick 6.8.9-9 Q16 x86_64 2019-06-15 http://www.imagemagick.org
[34m[1mmd5deep version[0m
4.4
[34m[1mmercurial version[0m
version 4.8
[34m[1mmysql version[0m
mysql  Ver 14.14 Distrib 5.7.27, for Linux (x86_64) using  EditLine wrapper
[34m[1mopenssl version[0m
OpenSSL 1.0.2g  1 Mar 2016
[34m[1mpacker version[0m
1.3.3
[34m[1mpostgresql client version[0m
psql (PostgreSQL) 10.9 (Ubuntu 10.9-1.pgdg16.04+1)
[34m[1mragel version[0m
Ragel State Machine Compiler version 6.8 Feb 2013
[34m[1msudo version[0m
1.8.16
[34m[1mgzip version[0m
gzip 1.6
[34m[1mzip version[0m
Zip 3.0
[34m[1mvim version[0m
VIM - Vi IMproved 7.4 (2013 Aug 10, compiled Jun 07 2019 15:35:43)
[34m[1miptables version[0m
iptables v1.6.0
[34m[1mcurl version[0m
curl 7.47.0 (x86_64-pc-linux-gnu) libcurl/7.47.0 GnuTLS/3.4.10 zlib/1.2.8 libidn/1.32 librtmp/2.3
[34m[1mwget version[0m
GNU Wget 1.17.1 built on linux-gnu.
[34m[1mrsync version[0m
rsync  version 3.1.1  protocol version 31
[34m[1mgimme version[0m
v1.5.3
[34m[1mnvm version[0m
0.34.0
[34m[1mperlbrew version[0m
/home/travis/perl5/perlbrew/bin/perlbrew  - App::perlbrew/0.86
[34m[1mphpenv version[0m
rbenv 1.1.2-2-g4e92322
[34m[1mrvm version[0m
rvm 1.29.9 (latest) by Michal Papis, Piotr Kuczynski, Wayne E. Seguin [https://rvm.io]
[34m[1mdefault ruby version[0m
ruby 2.5.3p105 (2018-10-18 revision 65156) [x86_64-linux]
[34m[1mCouchDB version[0m
couchdb 1.6.1
[34m[1mElasticSearch version[0m
5.5.0
[34m[1mInstalled Firefox version[0m
firefox 63.0.1
[34m[1mMongoDB version[0m
MongoDB 4.0.11
[34m[1mPhantomJS version[0m
2.1.1
[34m[1mPre-installed PostgreSQL versions[0m
9.4.23
9.5.18
9.6.14
[34m[1mRedis version[0m
redis-server 5.0.5
[34m[1mPre-installed Go versions[0m
1.11.1
[34m[1mant version[0m
Apache Ant(TM) version 1.9.6 compiled on July 20 2018
[34m[1mmvn version[0m
Apache Maven 3.6.0 (97c98ec64a1fdfee7767ce5ffb20918da4f719f3; 2018-10-24T18:41:47Z)
[34m[1mgradle version[0m
Gradle 5.1.1!
[34m[1mlein version[0m
Leiningen 2.9.1 on Java 11.0.2 OpenJDK 64-Bit Server VM
[34m[1mPre-installed Node.js versions[0m
v10.16.1
v11.0.0
v4.9.1
v6.17.1
v8.12.0
v8.16.0
v8.9
[34m[1mphpenv versions[0m
  system
  5.6
  5.6.40
  7.1
  7.1.27
  7.2
* 7.2.15 (set by /home/travis/.phpenv/version)
  hhvm
  hhvm-stable
[34m[1mcomposer --version[0m
Composer version 1.8.4 2019-02-11 10:52:10
[34m[1mPre-installed Ruby versions[0m
ruby-2.3.8
ruby-2.4.5
ruby-2.5.3
travis_fold:end:system_info[0K
travis_time:end:2ae36c76:start=1645887451512865865,finish=1645887451522875051,duration=10009186,event=show_system_info[0Ktravis_time:start:0781b0c0[0Ktravis_time:end:0781b0c0:start=1645887451530269518,finish=1645887451551760733,duration=21491215,event=rm_riak_source[0Ktravis_time:start:029edf58[0Ktravis_time:end:029edf58:start=1645887451558093658,finish=1645887451570172056,duration=12078398,event=fix_rwky_redis[0Ktravis_time:start:0219c870[0K[31;1mTimeout waiting for network availability.[0m
travis_time:end:0219c870:start=1645887451577118221,finish=1645887472342737285,duration=20765619064,event=wait_for_network[0Ktravis_time:start:047d9ccf[0Ktravis_time:end:047d9ccf:start=1645887472349693984,finish=1645887472653808956,duration=304114972,event=update_apt_keys[0Ktravis_time:start:0d2b66d3[0Ktravis_time:end:0d2b66d3:start=1645887472661284360,finish=1645887472758367600,duration=97083240,event=fix_hhvm_source[0Ktravis_time:start:0448dc0e[0Ktravis_time:end:0448dc0e:start=1645887472764159126,finish=1645887472769291974,duration=5132848,event=update_mongo_arch[0Ktravis_time:start:103cc618[0Ktravis_time:end:103cc618:start=1645887472774241555,finish=1645887472837014197,duration=62772642,event=fix_sudo_enabled_trusty[0Ktravis_time:start:2f71b3ec[0Ktravis_time:end:2f71b3ec:start=1645887472843880300,finish=1645887472860476855,duration=16596555,event=clean_up_path[0Ktravis_time:start:08b8d848[0Ktravis_time:end:08b8d848:start=1645887472867677247,finish=1645887472884422712,duration=16745465,event=fix_resolv_conf[0Ktravis_time:start:02d292b0[0Ktravis_time:end:02d292b0:start=1645887472891188224,finish=1645887472909228911,duration=18040687,event=fix_etc_hosts[0Ktravis_time:start:00d59610[0Ktravis_time:end:00d59610:start=1645887472913991708,finish=1645887472927953417,duration=13961709,event=fix_mvn_settings_xml[0Ktravis_time:start:0225bf60[0Ktravis_time:end:0225bf60:start=1645887472934315444,finish=1645887472951938868,duration=17623424,event=no_ipv6_localhost[0Ktravis_time:start:1d8b7ac3[0Ktravis_time:end:1d8b7ac3:start=1645887472957664358,finish=1645887472961912992,duration=4248634,event=fix_etc_mavenrc[0Ktravis_time:start:0040af7b[0Ktravis_time:end:0040af7b:start=1645887472967698593,finish=1645887472973407134,duration=5708541,event=fix_wwdr_certificate[0Ktravis_time:start:07918f68[0Ktravis_time:end:07918f68:start=1645887472978397604,finish=1645887473262151899,duration=283754295,event=put_localhost_first[0Ktravis_time:start:1f3db1c7[0Ktravis_time:end:1f3db1c7:start=1645887473268828169,finish=1645887473273842381,duration=5014212,event=home_paths[0Ktravis_time:start:050879c3[0Ktravis_time:end:050879c3:start=1645887473279575131,finish=1645887474353147693,duration=1073572562,event=disable_initramfs[0Ktravis_time:start:2805e1b4[0Ktravis_time:end:2805e1b4:start=1645887474359058889,finish=1645887474518506785,duration=159447896,event=disable_ssh_roaming[0Ktravis_time:start:01fd49a8[0Ktravis_time:end:01fd49a8:start=1645887474523892322,finish=1645887474527512364,duration=3620042,event=debug_tools[0Ktravis_time:start:29443ca3[0Ktravis_time:end:29443ca3:start=1645887474533625324,finish=1645887474540208956,duration=6583632,event=uninstall_oclint[0Ktravis_time:start:0ed111c8[0Ktravis_time:end:0ed111c8:start=1645887474546536392,finish=1645887474553700007,duration=7163615,event=rvm_use[0Ktravis_time:start:1e7bc21a[0Ktravis_time:end:1e7bc21a:start=1645887474560149903,finish=1645887474572250132,duration=12100229,event=rm_etc_boto_cfg[0Ktravis_time:start:00aeebec[0Ktravis_time:end:00aeebec:start=1645887474579253404,finish=1645887474583470689,duration=4217285,event=rm_oraclejdk8_symlink[0Ktravis_time:start:0b56affc[0Ktravis_time:end:0b56affc:start=1645887474589693762,finish=1645887476609896420,duration=2020202658,event=enable_i386[0Ktravis_time:start:00cd49ac[0Ktravis_time:end:00cd49ac:start=1645887476617569603,finish=1645887476625109551,duration=7539948,event=update_rubygems[0Ktravis_time:start:1c16df1e[0Ktravis_time:end:1c16df1e:start=1645887476632356097,finish=1645887477768007701,duration=1135651604,event=ensure_path_components[0Ktravis_time:start:150fa59c[0Ktravis_time:end:150fa59c:start=1645887477774480655,finish=1645887477779696174,duration=5215519,event=redefine_curl[0Ktravis_time:start:15fc01e3[0Ktravis_time:end:15fc01e3:start=1645887477786737668,finish=1645887477791978340,duration=5240672,event=nonblock_pipe[0Ktravis_time:start:1e95922f[0Ktravis_time:end:1e95922f:start=1645887477798086375,finish=1645887490606256694,duration=12808170319,event=apt_get_update[0Ktravis_time:start:0196a000[0Ktravis_time:end:0196a000:start=1645887490612836849,finish=1645887490617216805,duration=4379956,event=deprecate_xcode_64[0Ktravis_time:start:1ba1f6e2[0Ktravis_time:end:1ba1f6e2:start=1645887490623984032,finish=1645887499717907726,duration=9093923694,event=update_heroku[0Ktravis_time:start:01f60aa0[0Ktravis_time:end:01f60aa0:start=1645887499725865907,finish=1645887499729909095,duration=4043188,event=shell_session_update[0Ktravis_time:start:1dce7ce2[0Ktravis_fold:start:docker_mtu[0Ktee: /etc/docker/daemon.json: No such file or directory
docker: unrecognized service
travis_fold:end:docker_mtu[0Ktravis_time:end:1dce7ce2:start=1645887499736972439,finish=1645887499779428847,duration=42456408,event=set_docker_mtu[0Ktravis_time:start:06b29f2f[0Ktravis_time:end:06b29f2f:start=1645887499786240681,finish=1645887499805243497,duration=19002816,event=resolvconf[0Ktravis_time:start:04fcec54[0Ktravis_time:end:04fcec54:start=1645887499811487418,finish=1645887499913207432,duration=101720014,event=maven_https[0K
travis_fold:start:install_jdk[0K[33;1mInstalling openjdk8[0m
travis_fold:end:install_jdk[0Ktravis_time:start:20fea523[0Ktravis_time:end:20fea523:start=1645887499927888207,finish=1645887499933945688,duration=6057481,event=fix_ps4[0Ktravis_time:start:1cbf1ce0[0K
$ cd passed/google/guava

travis_time:end:1cbf1ce0:start=1645887499941285746,finish=1645887499946393712,duration=5107966,event=checkout[0Ktravis_time:start:0db9dda1[0K
[33;1mSetting environment variables from .travis.yml[0m
$ export ROOT_POM="android/pom.xml"

travis_time:end:0db9dda1:start=1645887499953734475,finish=1645887502413199721,duration=2459465246,event=env[0Ktravis_fold:start:cache.1[0KSetting up build cache
$ export CASHER_DIR=${TRAVIS_HOME}/.casher
travis_time:start:1a4d20e4[0K$ Installing caching utilities
curl: (6) Could not resolve host: https

[31;1mThe command "eval curl -sf  -o $CASHER_DIR/bin/casher https:///files/casher " failed. Retrying, 2 of 3.[0m

curl: (6) Could not resolve host: https

[31;1mThe command "eval curl -sf  -o $CASHER_DIR/bin/casher https:///files/casher " failed. Retrying, 3 of 3.[0m

curl: (6) Could not resolve host: https

[31;1mThe command "eval curl -sf  -o $CASHER_DIR/bin/casher https:///files/casher " failed 3 times.[0m

travis_time:end:1a4d20e4:start=1645887503575690485,finish=1645887515739127877,duration=12163437392,event=setup_casher[0Ktravis_time:start:008c09b8[0K$ Installing caching utilities from the Travis CI server (https:///files/casher) failed, failing over to using GitHub (https://raw.githubusercontent.com/travis-ci/casher/bash/bin/casher)
travis_time:end:008c09b8:start=1645887515747857713,finish=1645887515879257428,duration=131399715,event=setup_casher[0Ktravis_time:start:00a0e8ee[0Ktravis_time:end:00a0e8ee:start=1645887515889161076,finish=1645887515893926959,duration=4765883,event=setup_casher[0Ktravis_time:start:077a6c59[0Kattempting to download cache archive[0m
[31;1mcould not download cache[0m
travis_time:end:077a6c59:start=1645887515900927669,finish=1645887517354822787,duration=1453895118,event=setup_casher[0Ktravis_time:start:0293d7f8[0Ktravis_time:end:0293d7f8:start=1645887517362224551,finish=1645887517367809509,duration=5584958,event=setup_casher[0Ktravis_time:start:04059f13[0Kadding /home/travis/.m2 to cache[0m
travis_time:end:04059f13:start=1645887517375651784,finish=1645887519100072360,duration=1724420576,event=setup_casher[0Ktravis_fold:end:cache.1[0K
$ java -Xmx32m -version
Picked up _JAVA_OPTIONS: -Xmx2048m -Xms512m
openjdk version "1.8.0_222"
OpenJDK Runtime Environment (build 1.8.0_222-8u222-b10-1ubuntu1~16.04.1-b10)
OpenJDK 64-Bit Server VM (build 25.222-b10, mixed mode)
$ javac -J-Xmx32m -version
Picked up _JAVA_OPTIONS: -Xmx2048m -Xms512m
javac 1.8.0_222
travis_fold:start:install[0Ktravis_time:start:0486acf2[0K$ mvn -B -Dorg.slf4j.simpleLogger.log.org.apache.maven.cli.transfer.Slf4jMavenTransferListener=warn install -U -DskipTests=true -f $ROOT_POM
Picked up _JAVA_OPTIONS: -Xmx2048m -Xms512m
[INFO] Scanning for projects...
[WARNING] 
[WARNING] Some problems were encountered while building the effective model for com.google.guava:guava-bom:pom:HEAD-android-SNAPSHOT
[WARNING] 'parent.relativePath' of POM com.google.guava:guava-bom:HEAD-android-SNAPSHOT (/home/travis/build/passed/google/guava/android/guava-bom/pom.xml) points at com.google.guava:guava-parent instead of org.sonatype.oss:oss-parent, please verify your project structure @ line 14, column 11
[WARNING] 
[WARNING] It is highly recommended to fix these problems because they threaten the stability of your build.
[WARNING] 
[WARNING] For this reason, future Maven versions might no longer support building such malformed projects.
[WARNING] 
[INFO] ------------------------------------------------------------------------
[INFO] Reactor Build Order:
[INFO] 
[INFO] Guava Maven Parent                                                 [pom]
[INFO] Guava: Google Core Libraries for Java                           [bundle]
[INFO] Guava BOM                                                          [pom]
[INFO] Guava Testing Library                                              [jar]
[INFO] Guava Unit Tests                                                   [jar]
[INFO] 
[INFO] -------------------< com.google.guava:guava-parent >--------------------
[INFO] Building Guava Maven Parent HEAD-android-SNAPSHOT                  [1/5]
[INFO] --------------------------------[ pom ]---------------------------------
[INFO] 
[INFO] --- maven-enforcer-plugin:3.0.0-M2:enforce (enforce-versions) @ guava-parent ---
[INFO] 
[INFO] --- maven-javadoc-plugin:3.1.0:jar (attach-docs) @ guava-parent ---
[INFO] 
[INFO] --- maven-install-plugin:2.4:install (default-install) @ guava-parent ---
[INFO] Installing /home/travis/build/passed/google/guava/android/pom.xml to /home/travis/.m2/repository/com/google/guava/guava-parent/HEAD-android-SNAPSHOT/guava-parent-HEAD-android-SNAPSHOT.pom
[INFO] 
[INFO] -----------------------< com.google.guava:guava >-----------------------
[INFO] Building Guava: Google Core Libraries for Java HEAD-android-SNAPSHOT [2/5]
[INFO] -------------------------------[ bundle ]-------------------------------
[INFO] 
[INFO] --- maven-enforcer-plugin:3.0.0-M2:enforce (enforce-versions) @ guava ---
[INFO] 
[INFO] --- maven-dependency-plugin:3.1.1:unpack-dependencies (unpack-jdk-sources) @ guava ---
[INFO] 
[INFO] --- maven-resources-plugin:3.2.0:resources (default-resources) @ guava ---
[INFO] Using 'UTF-8' encoding to copy filtered resources.
[INFO] Using 'UTF-8' encoding to copy filtered properties files.
[INFO] Copying 0 resource
[INFO] 
[INFO] --- maven-compiler-plugin:3.8.1:compile (default-compile) @ guava ---
[INFO] Changes detected - recompiling the module!
[INFO] Compiling 558 source files to /home/travis/build/passed/google/guava/android/guava/target/classes
[WARNING] /home/travis/build/passed/google/guava/android/guava/src/com/google/common/primitives/UnsignedBytes.java:[28,16] sun.misc.Unsafe is internal proprietary API and may be removed in a future release
[WARNING] /home/travis/build/passed/google/guava/android/guava/src/com/google/common/hash/LittleEndianByteArray.java:[19,16] sun.misc.Unsafe is internal proprietary API and may be removed in a future release
[WARNING] /home/travis/build/passed/google/guava/android/guava/src/com/google/common/util/concurrent/AbstractFuture.java:[1201,26] sun.misc.Unsafe is internal proprietary API and may be removed in a future release
[WARNING] /home/travis/build/passed/google/guava/android/guava/src/com/google/common/util/concurrent/AbstractFuture.java:[1209,15] sun.misc.Unsafe is internal proprietary API and may be removed in a future release
[WARNING] /home/travis/build/passed/google/guava/android/guava/src/com/google/common/util/concurrent/AbstractFuture.java:[1211,26] sun.misc.Unsafe is internal proprietary API and may be removed in a future release
[WARNING] /home/travis/build/passed/google/guava/android/guava/src/com/google/common/util/concurrent/AbstractFuture.java:[1216,57] sun.misc.Unsafe is internal proprietary API and may be removed in a future release
[WARNING] /home/travis/build/passed/google/guava/android/guava/src/com/google/common/util/concurrent/AbstractFuture.java:[1218,36] sun.misc.Unsafe is internal proprietary API and may be removed in a future release
[WARNING] /home/travis/build/passed/google/guava/android/guava/src/com/google/common/util/concurrent/AbstractFuture.java:[1219,37] sun.misc.Unsafe is internal proprietary API and may be removed in a future release
[WARNING] /home/travis/build/passed/google/guava/android/guava/src/com/google/common/util/concurrent/AbstractFuture.java:[1219,58] sun.misc.Unsafe is internal proprietary API and may be removed in a future release
[WARNING] /home/travis/build/passed/google/guava/android/guava/src/com/google/common/cache/Striped64.java:[109,34] sun.misc.Unsafe is internal proprietary API and may be removed in a future release
[WARNING] /home/travis/build/passed/google/guava/android/guava/src/com/google/common/cache/Striped64.java:[267,32] sun.misc.Unsafe is internal proprietary API and may be removed in a future release
[WARNING] /home/travis/build/passed/google/guava/android/guava/src/com/google/common/cache/Striped64.java:[288,26] sun.misc.Unsafe is internal proprietary API and may be removed in a future release
[WARNING] /home/travis/build/passed/google/guava/android/guava/src/com/google/common/cache/Striped64.java:[290,22] sun.misc.Unsafe is internal proprietary API and may be removed in a future release
[WARNING] /home/travis/build/passed/google/guava/android/guava/src/com/google/common/cache/Striped64.java:[295,63] sun.misc.Unsafe is internal proprietary API and may be removed in a future release
[WARNING] /home/travis/build/passed/google/guava/android/guava/src/com/google/common/cache/Striped64.java:[297,28] sun.misc.Unsafe is internal proprietary API and may be removed in a future release
[WARNING] /home/travis/build/passed/google/guava/android/guava/src/com/google/common/cache/Striped64.java:[298,29] sun.misc.Unsafe is internal proprietary API and may be removed in a future release
[WARNING] /home/travis/build/passed/google/guava/android/guava/src/com/google/common/cache/Striped64.java:[298,50] sun.misc.Unsafe is internal proprietary API and may be removed in a future release
[WARNING] /home/travis/build/passed/google/guava/android/guava/src/com/google/common/primitives/UnsignedBytes.java:[315,20] sun.misc.Unsafe is internal proprietary API and may be removed in a future release
[WARNING] /home/travis/build/passed/google/guava/android/guava/src/com/google/common/primitives/UnsignedBytes.java:[337,30] sun.misc.Unsafe is internal proprietary API and may be removed in a future release
[WARNING] /home/travis/build/passed/google/guava/android/guava/src/com/google/common/primitives/UnsignedBytes.java:[339,26] sun.misc.Unsafe is internal proprietary API and may be removed in a future release
[WARNING] /home/travis/build/passed/google/guava/android/guava/src/com/google/common/primitives/UnsignedBytes.java:[345,67] sun.misc.Unsafe is internal proprietary API and may be removed in a future release
[WARNING] /home/travis/build/passed/google/guava/android/guava/src/com/google/common/primitives/UnsignedBytes.java:[347,32] sun.misc.Unsafe is internal proprietary API and may be removed in a future release
[WARNING] /home/travis/build/passed/google/guava/android/guava/src/com/google/common/primitives/UnsignedBytes.java:[348,33] sun.misc.Unsafe is internal proprietary API and may be removed in a future release
[WARNING] /home/travis/build/passed/google/guava/android/guava/src/com/google/common/primitives/UnsignedBytes.java:[348,54] sun.misc.Unsafe is internal proprietary API and may be removed in a future release
[WARNING] /home/travis/build/passed/google/guava/android/guava/src/com/google/common/hash/LittleEndianByteArray.java:[156,26] sun.misc.Unsafe is internal proprietary API and may be removed in a future release
[WARNING] /home/travis/build/passed/google/guava/android/guava/src/com/google/common/hash/LittleEndianByteArray.java:[167,28] sun.misc.Unsafe is internal proprietary API and may be removed in a future release
[WARNING] /home/travis/build/passed/google/guava/android/guava/src/com/google/common/hash/LittleEndianByteArray.java:[169,24] sun.misc.Unsafe is internal proprietary API and may be removed in a future release
[WARNING] /home/travis/build/passed/google/guava/android/guava/src/com/google/common/hash/LittleEndianByteArray.java:[175,65] sun.misc.Unsafe is internal proprietary API and may be removed in a future release
[WARNING] /home/travis/build/passed/google/guava/android/guava/src/com/google/common/hash/LittleEndianByteArray.java:[177,30] sun.misc.Unsafe is internal proprietary API and may be removed in a future release
[WARNING] /home/travis/build/passed/google/guava/android/guava/src/com/google/common/hash/LittleEndianByteArray.java:[178,31] sun.misc.Unsafe is internal proprietary API and may be removed in a future release
[WARNING] /home/travis/build/passed/google/guava/android/guava/src/com/google/common/hash/LittleEndianByteArray.java:[178,52] sun.misc.Unsafe is internal proprietary API and may be removed in a future release
[WARNING] /home/travis/build/passed/google/guava/android/guava/src/com/google/common/hash/Striped64.java:[109,34] sun.misc.Unsafe is internal proprietary API and may be removed in a future release
[WARNING] /home/travis/build/passed/google/guava/android/guava/src/com/google/common/hash/Striped64.java:[267,32] sun.misc.Unsafe is internal proprietary API and may be removed in a future release
[WARNING] /home/travis/build/passed/google/guava/android/guava/src/com/google/common/hash/Striped64.java:[288,26] sun.misc.Unsafe is internal proprietary API and may be removed in a future release
[WARNING] /home/travis/build/passed/google/guava/android/guava/src/com/google/common/hash/Striped64.java:[290,22] sun.misc.Unsafe is internal proprietary API and may be removed in a future release
[WARNING] /home/travis/build/passed/google/guava/android/guava/src/com/google/common/hash/Striped64.java:[295,63] sun.misc.Unsafe is internal proprietary API and may be removed in a future release
[WARNING] /home/travis/build/passed/google/guava/android/guava/src/com/google/common/hash/Striped64.java:[297,28] sun.misc.Unsafe is internal proprietary API and may be removed in a future release
[WARNING] /home/travis/build/passed/google/guava/android/guava/src/com/google/common/hash/Striped64.java:[298,29] sun.misc.Unsafe is internal proprietary API and may be removed in a future release
[WARNING] /home/travis/build/passed/google/guava/android/guava/src/com/google/common/hash/Striped64.java:[298,50] sun.misc.Unsafe is internal proprietary API and may be removed in a future release
[INFO] /home/travis/build/passed/google/guava/android/guava/src/com/google/common/io/Files.java: Some input files use or override a deprecated API.
[INFO] /home/travis/build/passed/google/guava/android/guava/src/com/google/common/io/Files.java: Recompile with -Xlint:deprecation for details.
[INFO] /home/travis/build/passed/google/guava/android/guava/src/com/google/common/collect/Sets.java: Some input files use unchecked or unsafe operations.
[INFO] /home/travis/build/passed/google/guava/android/guava/src/com/google/common/collect/Sets.java: Recompile with -Xlint:unchecked for details.
[INFO] 
[INFO] --- maven-bundle-plugin:2.5.0:manifest (bundle-manifest) @ guava ---
[INFO] 
[INFO] --- maven-resources-plugin:3.2.0:testResources (default-testResources) @ guava ---
[INFO] Using 'UTF-8' encoding to copy filtered resources.
[INFO] Using 'UTF-8' encoding to copy filtered properties files.
[INFO] skip non existing resourceDirectory /home/travis/build/passed/google/guava/android/guava/test
[INFO] 
[INFO] --- maven-compiler-plugin:3.8.1:testCompile (default-testCompile) @ guava ---
[INFO] No sources to compile
[INFO] 
[INFO] --- maven-surefire-plugin:2.7.2:test (default-test) @ guava ---
[INFO] Tests are skipped.
[INFO] 
[INFO] --- animal-sniffer-maven-plugin:1.18:check (check-java-version-compatibility) @ guava ---
[INFO] Checking unresolved references to org.codehaus.mojo.signature:java16-sun:1.10
[INFO] 
[INFO] --- maven-bundle-plugin:2.5.0:bundle (default-bundle) @ guava ---
[INFO] 
[INFO] >>> maven-source-plugin:3.2.0:jar (attach-sources) > generate-sources @ guava >>>
[INFO] 
[INFO] --- maven-enforcer-plugin:3.0.0-M2:enforce (enforce-versions) @ guava ---
[INFO] 
[INFO] --- maven-dependency-plugin:3.1.1:unpack-dependencies (unpack-jdk-sources) @ guava ---
[INFO] 
[INFO] <<< maven-source-plugin:3.2.0:jar (attach-sources) < generate-sources @ guava <<<
[INFO] 
[INFO] 
[INFO] --- maven-source-plugin:3.2.0:jar (attach-sources) @ guava ---
[INFO] Building jar: /home/travis/build/passed/google/guava/android/guava/target/guava-HEAD-android-SNAPSHOT-sources.jar
[INFO] 
[INFO] --- maven-javadoc-plugin:3.1.0:jar (attach-docs) @ guava ---
[INFO] 
9 warnings
[WARNING] Javadoc Warnings
[WARNING] javadoc: warning - Error fetching URL: https://errorprone.info/api/latest/
[WARNING] /home/travis/build/passed/google/guava/android/guava/src/com/google/common/graph/ValueGraph.java:319: warning - Tag @link: can't find edgeValue(Object, Object) in com.google.common.graph.ValueGraph
[WARNING] /home/travis/build/passed/google/guava/android/guava/src/com/google/common/graph/ValueGraph.java:329: warning - Tag @link: can't find edgeValue(Object, Object) in com.google.common.graph.ValueGraph
[WARNING] /home/travis/build/passed/google/guava/android/guava/src/com/google/common/collect/FluentIterable.java:619: warning - Tag @link: can't find toImmutableList in com.google.common.collect.ImmutableList
[WARNING] /home/travis/build/passed/google/guava/android/guava/src/com/google/common/collect/FluentIterable.java:681: warning - Tag @link: can't find toImmutableMultiset in com.google.common.collect.ImmutableMultiset
[WARNING] /home/travis/build/passed/google/guava/android/guava/src/com/google/common/collect/FluentIterable.java:650: warning - Tag @link: can't find toImmutableSet in com.google.common.collect.ImmutableSet
[WARNING] /home/travis/build/passed/google/guava/android/guava/src/com/google/common/collect/FluentIterable.java:636: warning - Tag @link: can't find toImmutableList in com.google.common.collect.ImmutableList
[WARNING] /home/travis/build/passed/google/guava/android/guava/src/com/google/common/collect/FluentIterable.java:668: warning - Tag @link: can't find toImmutableSortedSet in com.google.common.collect.ImmutableSortedSet
[WARNING] /home/travis/build/passed/google/guava/android/guava/src/com/google/common/collect/ImmutableTable.java:93: warning - Tag @link: can't find Builder() in com.google.common.collect.ImmutableTable.Builder
[INFO] Building jar: /home/travis/build/passed/google/guava/android/guava/target/guava-HEAD-android-SNAPSHOT-javadoc.jar
[INFO] 
[INFO] --- maven-install-plugin:3.0.0-M1:install (default-install) @ guava ---
[INFO] Installing /home/travis/build/passed/google/guava/android/guava/target/guava-HEAD-android-SNAPSHOT.jar to /home/travis/.m2/repository/com/google/guava/guava/HEAD-android-SNAPSHOT/guava-HEAD-android-SNAPSHOT.jar
[INFO] Installing /home/travis/build/passed/google/guava/android/guava/pom.xml to /home/travis/.m2/repository/com/google/guava/guava/HEAD-android-SNAPSHOT/guava-HEAD-android-SNAPSHOT.pom
[INFO] Installing /home/travis/build/passed/google/guava/android/guava/target/guava-HEAD-android-SNAPSHOT-sources.jar to /home/travis/.m2/repository/com/google/guava/guava/HEAD-android-SNAPSHOT/guava-HEAD-android-SNAPSHOT-sources.jar
[INFO] Installing /home/travis/build/passed/google/guava/android/guava/target/guava-HEAD-android-SNAPSHOT-javadoc.jar to /home/travis/.m2/repository/com/google/guava/guava/HEAD-android-SNAPSHOT/guava-HEAD-android-SNAPSHOT-javadoc.jar
[INFO] 
[INFO] --- maven-bundle-plugin:2.5.0:install (default-install) @ guava ---
[INFO] Installing com/google/guava/guava/HEAD-android-SNAPSHOT/guava-HEAD-android-SNAPSHOT.jar
[INFO] Writing OBR metadata
[INFO] 
[INFO] ---------------------< com.google.guava:guava-bom >---------------------
[INFO] Building Guava BOM HEAD-android-SNAPSHOT                           [3/5]
[INFO] --------------------------------[ pom ]---------------------------------
[INFO] 
[INFO] --- maven-enforcer-plugin:1.2:enforce (enforce-maven) @ guava-bom ---
[INFO] 
[INFO] --- maven-install-plugin:2.4:install (default-install) @ guava-bom ---
[INFO] Installing /home/travis/build/passed/google/guava/android/guava-bom/pom.xml to /home/travis/.m2/repository/com/google/guava/guava-bom/HEAD-android-SNAPSHOT/guava-bom-HEAD-android-SNAPSHOT.pom
[INFO] 
[INFO] -------------------< com.google.guava:guava-testlib >-------------------
[INFO] Building Guava Testing Library HEAD-android-SNAPSHOT               [4/5]
[INFO] --------------------------------[ jar ]---------------------------------
[INFO] 
[INFO] --- maven-enforcer-plugin:3.0.0-M2:enforce (enforce-versions) @ guava-testlib ---
[INFO] 
[INFO] --- maven-resources-plugin:2.6:resources (default-resources) @ guava-testlib ---
[INFO] Using 'UTF-8' encoding to copy filtered resources.
[INFO] Copying 0 resource
[INFO] 
[INFO] --- maven-compiler-plugin:3.8.1:compile (default-compile) @ guava-testlib ---
[INFO] Changes detected - recompiling the module!
[INFO] Compiling 267 source files to /home/travis/build/passed/google/guava/android/guava-testlib/target/classes
[INFO] /home/travis/build/passed/google/guava/android/guava-testlib/src/com/google/common/collect/testing/Helpers.java: Some input files use or override a deprecated API.
[INFO] /home/travis/build/passed/google/guava/android/guava-testlib/src/com/google/common/collect/testing/Helpers.java: Recompile with -Xlint:deprecation for details.
[INFO] /home/travis/build/passed/google/guava/android/guava-testlib/src/com/google/common/collect/testing/AbstractContainerTester.java: Some input files use unchecked or unsafe operations.
[INFO] /home/travis/build/passed/google/guava/android/guava-testlib/src/com/google/common/collect/testing/AbstractContainerTester.java: Recompile with -Xlint:unchecked for details.
[INFO] 
[INFO] --- maven-resources-plugin:2.6:testResources (default-testResources) @ guava-testlib ---
[INFO] Using 'UTF-8' encoding to copy filtered resources.
[INFO] Copying 0 resource
[INFO] 
[INFO] --- maven-compiler-plugin:3.8.1:testCompile (default-testCompile) @ guava-testlib ---
[INFO] Changes detected - recompiling the module!
[INFO] Compiling 35 source files to /home/travis/build/passed/google/guava/android/guava-testlib/target/test-classes
[INFO] 
[INFO] --- maven-surefire-plugin:2.7.2:test (default-test) @ guava-testlib ---
[INFO] Tests are skipped.
[INFO] 
[INFO] --- animal-sniffer-maven-plugin:1.18:check (check-java-version-compatibility) @ guava-testlib ---
[INFO] Checking unresolved references to org.codehaus.mojo.signature:java16-sun:1.10
[INFO] 
[INFO] --- maven-jar-plugin:3.2.0:jar (default-jar) @ guava-testlib ---
[INFO] Building jar: /home/travis/build/passed/google/guava/android/guava-testlib/target/guava-testlib-HEAD-android-SNAPSHOT.jar
[INFO] 
[INFO] --- maven-jar-plugin:3.2.0:test-jar (create-test-jar) @ guava-testlib ---
[INFO] Building jar: /home/travis/build/passed/google/guava/android/guava-testlib/target/guava-testlib-HEAD-android-SNAPSHOT-tests.jar
[INFO] 
[INFO] >>> maven-source-plugin:3.2.0:jar (attach-sources) > generate-sources @ guava-testlib >>>
[INFO] 
[INFO] --- maven-enforcer-plugin:3.0.0-M2:enforce (enforce-versions) @ guava-testlib ---
[INFO] 
[INFO] <<< maven-source-plugin:3.2.0:jar (attach-sources) < generate-sources @ guava-testlib <<<
[INFO] 
[INFO] 
[INFO] --- maven-source-plugin:3.2.0:jar (attach-sources) @ guava-testlib ---
[INFO] Building jar: /home/travis/build/passed/google/guava/android/guava-testlib/target/guava-testlib-HEAD-android-SNAPSHOT-sources.jar
[INFO] 
[INFO] >>> maven-source-plugin:3.2.0:test-jar (attach-test-sources) > generate-sources @ guava-testlib >>>
[INFO] 
[INFO] --- maven-enforcer-plugin:3.0.0-M2:enforce (enforce-versions) @ guava-testlib ---
[INFO] 
[INFO] <<< maven-source-plugin:3.2.0:test-jar (attach-test-sources) < generate-sources @ guava-testlib <<<
[INFO] 
[INFO] 
[INFO] --- maven-source-plugin:3.2.0:test-jar (attach-test-sources) @ guava-testlib ---
[INFO] Building jar: /home/travis/build/passed/google/guava/android/guava-testlib/target/guava-testlib-HEAD-android-SNAPSHOT-test-sources.jar
[INFO] 
[INFO] --- maven-javadoc-plugin:3.1.0:jar (attach-docs) @ guava-testlib ---
[INFO] Building jar: /home/travis/build/passed/google/guava/android/guava-testlib/target/guava-testlib-HEAD-android-SNAPSHOT-javadoc.jar
[INFO] 
[INFO] --- maven-install-plugin:2.4:install (default-install) @ guava-testlib ---
[INFO] Installing /home/travis/build/passed/google/guava/android/guava-testlib/target/guava-testlib-HEAD-android-SNAPSHOT.jar to /home/travis/.m2/repository/com/google/guava/guava-testlib/HEAD-android-SNAPSHOT/guava-testlib-HEAD-android-SNAPSHOT.jar
[INFO] Installing /home/travis/build/passed/google/guava/android/guava-testlib/pom.xml to /home/travis/.m2/repository/com/google/guava/guava-testlib/HEAD-android-SNAPSHOT/guava-testlib-HEAD-android-SNAPSHOT.pom
[INFO] Installing /home/travis/build/passed/google/guava/android/guava-testlib/target/guava-testlib-HEAD-android-SNAPSHOT-tests.jar to /home/travis/.m2/repository/com/google/guava/guava-testlib/HEAD-android-SNAPSHOT/guava-testlib-HEAD-android-SNAPSHOT-tests.jar
[INFO] Installing /home/travis/build/passed/google/guava/android/guava-testlib/target/guava-testlib-HEAD-android-SNAPSHOT-sources.jar to /home/travis/.m2/repository/com/google/guava/guava-testlib/HEAD-android-SNAPSHOT/guava-testlib-HEAD-android-SNAPSHOT-sources.jar
[INFO] Installing /home/travis/build/passed/google/guava/android/guava-testlib/target/guava-testlib-HEAD-android-SNAPSHOT-test-sources.jar to /home/travis/.m2/repository/com/google/guava/guava-testlib/HEAD-android-SNAPSHOT/guava-testlib-HEAD-android-SNAPSHOT-test-sources.jar
[INFO] Installing /home/travis/build/passed/google/guava/android/guava-testlib/target/guava-testlib-HEAD-android-SNAPSHOT-javadoc.jar to /home/travis/.m2/repository/com/google/guava/guava-testlib/HEAD-android-SNAPSHOT/guava-testlib-HEAD-android-SNAPSHOT-javadoc.jar
[INFO] 
[INFO] --------------------< com.google.guava:guava-tests >--------------------
[INFO] Building Guava Unit Tests HEAD-android-SNAPSHOT                    [5/5]
[INFO] --------------------------------[ jar ]---------------------------------
[INFO] 
[INFO] --- maven-enforcer-plugin:3.0.0-M2:enforce (enforce-versions) @ guava-tests ---
[INFO] 
[INFO] --- maven-resources-plugin:2.6:resources (default-resources) @ guava-tests ---
[INFO] Using 'UTF-8' encoding to copy filtered resources.
[INFO] skip non existing resourceDirectory /home/travis/build/passed/google/guava/android/guava-tests/src
[INFO] 
[INFO] --- maven-compiler-plugin:3.8.1:compile (default-compile) @ guava-tests ---
[INFO] No sources to compile
[INFO] 
[INFO] --- build-helper-maven-plugin:1.7:add-test-source (add-benchmark-sources) @ guava-tests ---
[INFO] Test Source directory: /home/travis/build/passed/google/guava/android/guava-tests/benchmark added.
[INFO] 
[INFO] --- maven-resources-plugin:2.6:testResources (default-testResources) @ guava-tests ---
[INFO] Using 'UTF-8' encoding to copy filtered resources.
[INFO] Copying 6 resources
[INFO] 
[INFO] --- maven-compiler-plugin:3.8.1:testCompile (default-testCompile) @ guava-tests ---
[INFO] Changes detected - recompiling the module!
[INFO] Compiling 548 source files to /home/travis/build/passed/google/guava/android/guava-tests/target/test-classes
[WARNING] /home/travis/build/passed/google/guava/android/guava-tests/test/com/google/common/hash/MacHashFunctionTest.java:[32,24] sun.security.jca.ProviderList is internal proprietary API and may be removed in a future release
[WARNING] /home/travis/build/passed/google/guava/android/guava-tests/test/com/google/common/hash/MacHashFunctionTest.java:[33,24] sun.security.jca.Providers is internal proprietary API and may be removed in a future release
[WARNING] /home/travis/build/passed/google/guava/android/guava-tests/test/com/google/common/util/concurrent/AbstractFutureFallbackAtomicHelperTest.java:[57,46] sun.misc.Unsafe is internal proprietary API and may be removed in a future release
[WARNING] /home/travis/build/passed/google/guava/android/guava-tests/test/com/google/common/util/concurrent/AbstractFutureFallbackAtomicHelperTest.java:[66,23] sun.misc.Unsafe is internal proprietary API and may be removed in a future release
[WARNING] /home/travis/build/passed/google/guava/android/guava-tests/benchmark/com/google/common/util/concurrent/ExecutionListBenchmark.java:[579,34] sun.misc.Unsafe is internal proprietary API and may be removed in a future release
[WARNING] /home/travis/build/passed/google/guava/android/guava-tests/benchmark/com/google/common/util/concurrent/ExecutionListBenchmark.java:[598,28] sun.misc.Unsafe is internal proprietary API and may be removed in a future release
[WARNING] /home/travis/build/passed/google/guava/android/guava-tests/benchmark/com/google/common/util/concurrent/ExecutionListBenchmark.java:[600,24] sun.misc.Unsafe is internal proprietary API and may be removed in a future release
[WARNING] /home/travis/build/passed/google/guava/android/guava-tests/benchmark/com/google/common/util/concurrent/ExecutionListBenchmark.java:[605,65] sun.misc.Unsafe is internal proprietary API and may be removed in a future release
[WARNING] /home/travis/build/passed/google/guava/android/guava-tests/benchmark/com/google/common/util/concurrent/ExecutionListBenchmark.java:[607,30] sun.misc.Unsafe is internal proprietary API and may be removed in a future release
[WARNING] /home/travis/build/passed/google/guava/android/guava-tests/benchmark/com/google/common/util/concurrent/ExecutionListBenchmark.java:[608,31] sun.misc.Unsafe is internal proprietary API and may be removed in a future release
[WARNING] /home/travis/build/passed/google/guava/android/guava-tests/benchmark/com/google/common/util/concurrent/ExecutionListBenchmark.java:[608,52] sun.misc.Unsafe is internal proprietary API and may be removed in a future release
[WARNING] /home/travis/build/passed/google/guava/android/guava-tests/test/com/google/common/hash/MacHashFunctionTest.java:[82,5] sun.security.jca.ProviderList is internal proprietary API and may be removed in a future release
[WARNING] /home/travis/build/passed/google/guava/android/guava-tests/test/com/google/common/hash/MacHashFunctionTest.java:[82,30] sun.security.jca.Providers is internal proprietary API and may be removed in a future release
[WARNING] /home/travis/build/passed/google/guava/android/guava-tests/test/com/google/common/hash/MacHashFunctionTest.java:[83,31] sun.security.jca.ProviderList is internal proprietary API and may be removed in a future release
[WARNING] /home/travis/build/passed/google/guava/android/guava-tests/test/com/google/common/hash/MacHashFunctionTest.java:[83,5] sun.security.jca.Providers is internal proprietary API and may be removed in a future release
[WARNING] /home/travis/build/passed/google/guava/android/guava-tests/test/com/google/common/hash/MacHashFunctionTest.java:[89,7] sun.security.jca.Providers is internal proprietary API and may be removed in a future release
[INFO] /home/travis/build/passed/google/guava/android/guava-tests/test/com/google/common/util/concurrent/TestPlatform.java: Some input files use or override a deprecated API.
[INFO] /home/travis/build/passed/google/guava/android/guava-tests/test/com/google/common/util/concurrent/TestPlatform.java: Recompile with -Xlint:deprecation for details.
[INFO] /home/travis/build/passed/google/guava/android/guava-tests/test/com/google/common/collect/ForwardingSortedSetMultimapTest.java: Some input files use unchecked or unsafe operations.
[INFO] /home/travis/build/passed/google/guava/android/guava-tests/test/com/google/common/collect/ForwardingSortedSetMultimapTest.java: Recompile with -Xlint:unchecked for details.
[INFO] 
[INFO] --- maven-surefire-plugin:2.7.2:test (default-test) @ guava-tests ---
[INFO] Tests are skipped.
[INFO] 
[INFO] --- animal-sniffer-maven-plugin:1.18:check (check-java-version-compatibility) @ guava-tests ---
[INFO] Checking unresolved references to org.codehaus.mojo.signature:java16-sun:1.10
[INFO] 
[INFO] --- maven-jar-plugin:3.2.0:jar (default-jar) @ guava-tests ---
[INFO] Skipping packaging of the jar
[INFO] 
[INFO] --- maven-jar-plugin:3.2.0:test-jar (create-test-jar) @ guava-tests ---
[INFO] Building jar: /home/travis/build/passed/google/guava/android/guava-tests/target/guava-tests-HEAD-android-SNAPSHOT-tests.jar
[INFO] 
[INFO] --- maven-javadoc-plugin:3.1.0:jar (attach-docs) @ guava-tests ---
[INFO] 
[INFO] >>> maven-source-plugin:3.2.0:jar (attach-sources) > generate-sources @ guava-tests >>>
[INFO] 
[INFO] --- maven-enforcer-plugin:3.0.0-M2:enforce (enforce-versions) @ guava-tests ---
[INFO] 
[INFO] <<< maven-source-plugin:3.2.0:jar (attach-sources) < generate-sources @ guava-tests <<<
[INFO] 
[INFO] 
[INFO] --- maven-source-plugin:3.2.0:jar (attach-sources) @ guava-tests ---
[INFO] No sources in project. Archive not created.
[INFO] 
[INFO] >>> maven-source-plugin:3.2.0:test-jar (attach-test-sources) > generate-sources @ guava-tests >>>
[INFO] 
[INFO] --- maven-enforcer-plugin:3.0.0-M2:enforce (enforce-versions) @ guava-tests ---
[INFO] 
[INFO] <<< maven-source-plugin:3.2.0:test-jar (attach-test-sources) < generate-sources @ guava-tests <<<
[INFO] 
[INFO] 
[INFO] --- maven-source-plugin:3.2.0:test-jar (attach-test-sources) @ guava-tests ---
[INFO] Building jar: /home/travis/build/passed/google/guava/android/guava-tests/target/guava-tests-HEAD-android-SNAPSHOT-test-sources.jar
[INFO] 
[INFO] --- maven-install-plugin:2.4:install (default-install) @ guava-tests ---
[INFO] No primary artifact to install, installing attached artifacts instead.
[INFO] Installing /home/travis/build/passed/google/guava/android/guava-tests/pom.xml to /home/travis/.m2/repository/com/google/guava/guava-tests/HEAD-android-SNAPSHOT/guava-tests-HEAD-android-SNAPSHOT.pom
[INFO] Installing /home/travis/build/passed/google/guava/android/guava-tests/target/guava-tests-HEAD-android-SNAPSHOT-tests.jar to /home/travis/.m2/repository/com/google/guava/guava-tests/HEAD-android-SNAPSHOT/guava-tests-HEAD-android-SNAPSHOT-tests.jar
[INFO] Installing /home/travis/build/passed/google/guava/android/guava-tests/target/guava-tests-HEAD-android-SNAPSHOT-test-sources.jar to /home/travis/.m2/repository/com/google/guava/guava-tests/HEAD-android-SNAPSHOT/guava-tests-HEAD-android-SNAPSHOT-test-sources.jar
[INFO] ------------------------------------------------------------------------
[INFO] Reactor Summary for Guava Maven Parent HEAD-android-SNAPSHOT:
[INFO] 
[INFO] Guava Maven Parent ................................. SUCCESS [  1.161 s]
[INFO] Guava: Google Core Libraries for Java .............. SUCCESS [01:23 min]
[INFO] Guava BOM .......................................... SUCCESS [  0.150 s]
[INFO] Guava Testing Library .............................. SUCCESS [ 27.412 s]
[INFO] Guava Unit Tests ................................... SUCCESS [ 48.590 s]
[INFO] ------------------------------------------------------------------------
[INFO] BUILD SUCCESS
[INFO] ------------------------------------------------------------------------
[INFO] Total time:  02:42 min
[INFO] Finished at: 2022-02-26T15:01:23Z
[INFO] ------------------------------------------------------------------------
travis_time:end:0486acf2:start=1645887519346141241,finish=1645887683356575088,duration=164010433847,event=install[0Ktravis_fold:end:install[0Ktravis_time:start:036ad08e[0K$ travis_wait 60 mvn -B -Dorg.slf4j.simpleLogger.log.org.apache.maven.cli.transfer.Slf4jMavenTransferListener=warn verify -U -Dmaven.javadoc.skip=true -f $ROOT_POM


Still running (1 of 60): mvn -B -Dorg.slf4j.simpleLogger.log.org.apache.maven.cli.transfer.Slf4jMavenTransferListener=warn verify -U -Dmaven.javadoc.skip=true -f android/pom.xmlStill running (2 of 60): mvn -B -Dorg.slf4j.simpleLogger.log.org.apache.maven.cli.transfer.Slf4jMavenTransferListener=warn verify -U -Dmaven.javadoc.skip=true -f android/pom.xmlStill running (3 of 60): mvn -B -Dorg.slf4j.simpleLogger.log.org.apache.maven.cli.transfer.Slf4jMavenTransferListener=warn verify -U -Dmaven.javadoc.skip=true -f android/pom.xmlStill running (4 of 60): mvn -B -Dorg.slf4j.simpleLogger.log.org.apache.maven.cli.transfer.Slf4jMavenTransferListener=warn verify -U -Dmaven.javadoc.skip=true -f android/pom.xmlStill running (5 of 60): mvn -B -Dorg.slf4j.simpleLogger.log.org.apache.maven.cli.transfer.Slf4jMavenTransferListener=warn verify -U -Dmaven.javadoc.skip=true -f android/pom.xmlStill running (6 of 60): mvn -B -Dorg.slf4j.simpleLogger.log.org.apache.maven.cli.transfer.Slf4jMavenTransferListener=warn verify -U -Dmaven.javadoc.skip=true -f android/pom.xmlStill running (7 of 60): mvn -B -Dorg.slf4j.simpleLogger.log.org.apache.maven.cli.transfer.Slf4jMavenTransferListener=warn verify -U -Dmaven.javadoc.skip=true -f android/pom.xmlStill running (8 of 60): mvn -B -Dorg.slf4j.simpleLogger.log.org.apache.maven.cli.transfer.Slf4jMavenTransferListener=warn verify -U -Dmaven.javadoc.skip=true -f android/pom.xmlStill running (9 of 60): mvn -B -Dorg.slf4j.simpleLogger.log.org.apache.maven.cli.transfer.Slf4jMavenTransferListener=warn verify -U -Dmaven.javadoc.skip=true -f android/pom.xml
[32;1mThe command mvn -B -Dorg.slf4j.simpleLogger.log.org.apache.maven.cli.transfer.Slf4jMavenTransferListener=warn verify -U -Dmaven.javadoc.skip=true -f android/pom.xml exited with 0.[0m

[32;1mLog:[0m

Picked up _JAVA_OPTIONS: -Xmx2048m -Xms512m
[INFO] Scanning for projects...
[WARNING] 
[WARNING] Some problems were encountered while building the effective model for com.google.guava:guava-bom:pom:HEAD-android-SNAPSHOT
[WARNING] 'parent.relativePath' of POM com.google.guava:guava-bom:HEAD-android-SNAPSHOT (/home/travis/build/passed/google/guava/android/guava-bom/pom.xml) points at com.google.guava:guava-parent instead of org.sonatype.oss:oss-parent, please verify your project structure @ line 14, column 11
[WARNING] 
[WARNING] It is highly recommended to fix these problems because they threaten the stability of your build.
[WARNING] 
[WARNING] For this reason, future Maven versions might no longer support building such malformed projects.
[WARNING] 
[INFO] ------------------------------------------------------------------------
[INFO] Reactor Build Order:
[INFO] 
[INFO] Guava Maven Parent                                                 [pom]
[INFO] Guava: Google Core Libraries for Java                           [bundle]
[INFO] Guava BOM                                                          [pom]
[INFO] Guava Testing Library                                              [jar]
[INFO] Guava Unit Tests                                                   [jar]
[INFO] 
[INFO] -------------------< com.google.guava:guava-parent >--------------------
[INFO] Building Guava Maven Parent HEAD-android-SNAPSHOT                  [1/5]
[INFO] --------------------------------[ pom ]---------------------------------
[INFO] 
[INFO] --- maven-enforcer-plugin:3.0.0-M2:enforce (enforce-versions) @ guava-parent ---
[INFO] 
[INFO] --- maven-javadoc-plugin:3.1.0:jar (attach-docs) @ guava-parent ---
[INFO] Skipping javadoc generation
[INFO] 
[INFO] -----------------------< com.google.guava:guava >-----------------------
[INFO] Building Guava: Google Core Libraries for Java HEAD-android-SNAPSHOT [2/5]
[INFO] -------------------------------[ bundle ]-------------------------------
[INFO] 
[INFO] --- maven-enforcer-plugin:3.0.0-M2:enforce (enforce-versions) @ guava ---
[INFO] 
[INFO] --- maven-dependency-plugin:3.1.1:unpack-dependencies (unpack-jdk-sources) @ guava ---
[INFO] 
[INFO] --- maven-resources-plugin:3.2.0:resources (default-resources) @ guava ---
[INFO] Using 'UTF-8' encoding to copy filtered resources.
[INFO] Using 'UTF-8' encoding to copy filtered properties files.
[INFO] Copying 0 resource
[INFO] 
[INFO] --- maven-compiler-plugin:3.8.1:compile (default-compile) @ guava ---
[INFO] Changes detected - recompiling the module!
[INFO] Compiling 558 source files to /home/travis/build/passed/google/guava/android/guava/target/classes
[WARNING] /home/travis/build/passed/google/guava/android/guava/src/com/google/common/primitives/UnsignedBytes.java:[28,16] sun.misc.Unsafe is internal proprietary API and may be removed in a future release
[WARNING] /home/travis/build/passed/google/guava/android/guava/src/com/google/common/hash/LittleEndianByteArray.java:[19,16] sun.misc.Unsafe is internal proprietary API and may be removed in a future release
[WARNING] /home/travis/build/passed/google/guava/android/guava/src/com/google/common/util/concurrent/AbstractFuture.java:[1201,26] sun.misc.Unsafe is internal proprietary API and may be removed in a future release
[WARNING] /home/travis/build/passed/google/guava/android/guava/src/com/google/common/util/concurrent/AbstractFuture.java:[1209,15] sun.misc.Unsafe is internal proprietary API and may be removed in a future release
[WARNING] /home/travis/build/passed/google/guava/android/guava/src/com/google/common/util/concurrent/AbstractFuture.java:[1211,26] sun.misc.Unsafe is internal proprietary API and may be removed in a future release
[WARNING] /home/travis/build/passed/google/guava/android/guava/src/com/google/common/util/concurrent/AbstractFuture.java:[1216,57] sun.misc.Unsafe is internal proprietary API and may be removed in a future release
[WARNING] /home/travis/build/passed/google/guava/android/guava/src/com/google/common/util/concurrent/AbstractFuture.java:[1218,36] sun.misc.Unsafe is internal proprietary API and may be removed in a future release
[WARNING] /home/travis/build/passed/google/guava/android/guava/src/com/google/common/util/concurrent/AbstractFuture.java:[1219,37] sun.misc.Unsafe is internal proprietary API and may be removed in a future release
[WARNING] /home/travis/build/passed/google/guava/android/guava/src/com/google/common/util/concurrent/AbstractFuture.java:[1219,58] sun.misc.Unsafe is internal proprietary API and may be removed in a future release
[WARNING] /home/travis/build/passed/google/guava/android/guava/src/com/google/common/cache/Striped64.java:[109,34] sun.misc.Unsafe is internal proprietary API and may be removed in a future release
[WARNING] /home/travis/build/passed/google/guava/android/guava/src/com/google/common/cache/Striped64.java:[267,32] sun.misc.Unsafe is internal proprietary API and may be removed in a future release
[WARNING] /home/travis/build/passed/google/guava/android/guava/src/com/google/common/cache/Striped64.java:[288,26] sun.misc.Unsafe is internal proprietary API and may be removed in a future release
[WARNING] /home/travis/build/passed/google/guava/android/guava/src/com/google/common/cache/Striped64.java:[290,22] sun.misc.Unsafe is internal proprietary API and may be removed in a future release
[WARNING] /home/travis/build/passed/google/guava/android/guava/src/com/google/common/cache/Striped64.java:[295,63] sun.misc.Unsafe is internal proprietary API and may be removed in a future release
[WARNING] /home/travis/build/passed/google/guava/android/guava/src/com/google/common/cache/Striped64.java:[297,28] sun.misc.Unsafe is internal proprietary API and may be removed in a future release
[WARNING] /home/travis/build/passed/google/guava/android/guava/src/com/google/common/cache/Striped64.java:[298,29] sun.misc.Unsafe is internal proprietary API and may be removed in a future release
[WARNING] /home/travis/build/passed/google/guava/android/guava/src/com/google/common/cache/Striped64.java:[298,50] sun.misc.Unsafe is internal proprietary API and may be removed in a future release
[WARNING] /home/travis/build/passed/google/guava/android/guava/src/com/google/common/primitives/UnsignedBytes.java:[315,20] sun.misc.Unsafe is internal proprietary API and may be removed in a future release
[WARNING] /home/travis/build/passed/google/guava/android/guava/src/com/google/common/primitives/UnsignedBytes.java:[337,30] sun.misc.Unsafe is internal proprietary API and may be removed in a future release
[WARNING] /home/travis/build/passed/google/guava/android/guava/src/com/google/common/primitives/UnsignedBytes.java:[339,26] sun.misc.Unsafe is internal proprietary API and may be removed in a future release
[WARNING] /home/travis/build/passed/google/guava/android/guava/src/com/google/common/primitives/UnsignedBytes.java:[345,67] sun.misc.Unsafe is internal proprietary API and may be removed in a future release
[WARNING] /home/travis/build/passed/google/guava/android/guava/src/com/google/common/primitives/UnsignedBytes.java:[347,32] sun.misc.Unsafe is internal proprietary API and may be removed in a future release
[WARNING] /home/travis/build/passed/google/guava/android/guava/src/com/google/common/primitives/UnsignedBytes.java:[348,33] sun.misc.Unsafe is internal proprietary API and may be removed in a future release
[WARNING] /home/travis/build/passed/google/guava/android/guava/src/com/google/common/primitives/UnsignedBytes.java:[348,54] sun.misc.Unsafe is internal proprietary API and may be removed in a future release
[WARNING] /home/travis/build/passed/google/guava/android/guava/src/com/google/common/hash/LittleEndianByteArray.java:[156,26] sun.misc.Unsafe is internal proprietary API and may be removed in a future release
[WARNING] /home/travis/build/passed/google/guava/android/guava/src/com/google/common/hash/LittleEndianByteArray.java:[167,28] sun.misc.Unsafe is internal proprietary API and may be removed in a future release
[WARNING] /home/travis/build/passed/google/guava/android/guava/src/com/google/common/hash/LittleEndianByteArray.java:[169,24] sun.misc.Unsafe is internal proprietary API and may be removed in a future release
[WARNING] /home/travis/build/passed/google/guava/android/guava/src/com/google/common/hash/LittleEndianByteArray.java:[175,65] sun.misc.Unsafe is internal proprietary API and may be removed in a future release
[WARNING] /home/travis/build/passed/google/guava/android/guava/src/com/google/common/hash/LittleEndianByteArray.java:[177,30] sun.misc.Unsafe is internal proprietary API and may be removed in a future release
[WARNING] /home/travis/build/passed/google/guava/android/guava/src/com/google/common/hash/LittleEndianByteArray.java:[178,31] sun.misc.Unsafe is internal proprietary API and may be removed in a future release
[WARNING] /home/travis/build/passed/google/guava/android/guava/src/com/google/common/hash/LittleEndianByteArray.java:[178,52] sun.misc.Unsafe is internal proprietary API and may be removed in a future release
[WARNING] /home/travis/build/passed/google/guava/android/guava/src/com/google/common/hash/Striped64.java:[109,34] sun.misc.Unsafe is internal proprietary API and may be removed in a future release
[WARNING] /home/travis/build/passed/google/guava/android/guava/src/com/google/common/hash/Striped64.java:[267,32] sun.misc.Unsafe is internal proprietary API and may be removed in a future release
[WARNING] /home/travis/build/passed/google/guava/android/guava/src/com/google/common/hash/Striped64.java:[288,26] sun.misc.Unsafe is internal proprietary API and may be removed in a future release
[WARNING] /home/travis/build/passed/google/guava/android/guava/src/com/google/common/hash/Striped64.java:[290,22] sun.misc.Unsafe is internal proprietary API and may be removed in a future release
[WARNING] /home/travis/build/passed/google/guava/android/guava/src/com/google/common/hash/Striped64.java:[295,63] sun.misc.Unsafe is internal proprietary API and may be removed in a future release
[WARNING] /home/travis/build/passed/google/guava/android/guava/src/com/google/common/hash/Striped64.java:[297,28] sun.misc.Unsafe is internal proprietary API and may be removed in a future release
[WARNING] /home/travis/build/passed/google/guava/android/guava/src/com/google/common/hash/Striped64.java:[298,29] sun.misc.Unsafe is internal proprietary API and may be removed in a future release
[WARNING] /home/travis/build/passed/google/guava/android/guava/src/com/google/common/hash/Striped64.java:[298,50] sun.misc.Unsafe is internal proprietary API and may be removed in a future release
[INFO] /home/travis/build/passed/google/guava/android/guava/src/com/google/common/io/Files.java: Some input files use or override a deprecated API.
[INFO] /home/travis/build/passed/google/guava/android/guava/src/com/google/common/io/Files.java: Recompile with -Xlint:deprecation for details.
[INFO] /home/travis/build/passed/google/guava/android/guava/src/com/google/common/collect/Sets.java: Some input files use unchecked or unsafe operations.
[INFO] /home/travis/build/passed/google/guava/android/guava/src/com/google/common/collect/Sets.java: Recompile with -Xlint:unchecked for details.
[INFO] 
[INFO] --- maven-bundle-plugin:2.5.0:manifest (bundle-manifest) @ guava ---
[INFO] 
[INFO] --- maven-resources-plugin:3.2.0:testResources (default-testResources) @ guava ---
[INFO] Using 'UTF-8' encoding to copy filtered resources.
[INFO] Using 'UTF-8' encoding to copy filtered properties files.
[INFO] skip non existing resourceDirectory /home/travis/build/passed/google/guava/android/guava/test
[INFO] 
[INFO] --- maven-compiler-plugin:3.8.1:testCompile (default-testCompile) @ guava ---
[INFO] No sources to compile
[INFO] 
[INFO] --- maven-surefire-plugin:2.7.2:test (default-test) @ guava ---
[INFO] No tests to run.
[INFO] Surefire report directory: /home/travis/build/passed/google/guava/android/guava/target/surefire-reports

-------------------------------------------------------
 T E S T S
-------------------------------------------------------
There are no tests to run.

Results :

Tests run: 0, Failures: 0, Errors: 0, Skipped: 0

[INFO] 
[INFO] --- animal-sniffer-maven-plugin:1.18:check (check-java-version-compatibility) @ guava ---
[INFO] Checking unresolved references to org.codehaus.mojo.signature:java16-sun:1.10
[INFO] 
[INFO] --- maven-bundle-plugin:2.5.0:bundle (default-bundle) @ guava ---
[INFO] 
[INFO] >>> maven-source-plugin:3.2.0:jar (attach-sources) > generate-sources @ guava >>>
[INFO] 
[INFO] --- maven-enforcer-plugin:3.0.0-M2:enforce (enforce-versions) @ guava ---
[INFO] 
[INFO] --- maven-dependency-plugin:3.1.1:unpack-dependencies (unpack-jdk-sources) @ guava ---
[INFO] 
[INFO] <<< maven-source-plugin:3.2.0:jar (attach-sources) < generate-sources @ guava <<<
[INFO] 
[INFO] 
[INFO] --- maven-source-plugin:3.2.0:jar (attach-sources) @ guava ---
[INFO] Building jar: /home/travis/build/passed/google/guava/android/guava/target/guava-HEAD-android-SNAPSHOT-sources.jar
[INFO] 
[INFO] --- maven-javadoc-plugin:3.1.0:jar (attach-docs) @ guava ---
[INFO] Skipping javadoc generation
[INFO] 
[INFO] ---------------------< com.google.guava:guava-bom >---------------------
[INFO] Building Guava BOM HEAD-android-SNAPSHOT                           [3/5]
[INFO] --------------------------------[ pom ]---------------------------------
[INFO] 
[INFO] --- maven-enforcer-plugin:1.2:enforce (enforce-maven) @ guava-bom ---
[INFO] 
[INFO] -------------------< com.google.guava:guava-testlib >-------------------
[INFO] Building Guava Testing Library HEAD-android-SNAPSHOT               [4/5]
[INFO] --------------------------------[ jar ]---------------------------------
[INFO] 
[INFO] --- maven-enforcer-plugin:3.0.0-M2:enforce (enforce-versions) @ guava-testlib ---
[INFO] 
[INFO] --- maven-resources-plugin:2.6:resources (default-resources) @ guava-testlib ---
[INFO] Using 'UTF-8' encoding to copy filtered resources.
[INFO] Copying 0 resource
[INFO] 
[INFO] --- maven-compiler-plugin:3.8.1:compile (default-compile) @ guava-testlib ---
[INFO] Nothing to compile - all classes are up to date
[INFO] 
[INFO] --- maven-resources-plugin:2.6:testResources (default-testResources) @ guava-testlib ---
[INFO] Using 'UTF-8' encoding to copy filtered resources.
[INFO] Copying 0 resource
[INFO] 
[INFO] --- maven-compiler-plugin:3.8.1:testCompile (default-testCompile) @ guava-testlib ---
[INFO] Nothing to compile - all classes are up to date
[INFO] 
[INFO] --- maven-surefire-plugin:2.7.2:test (default-test) @ guava-testlib ---
[INFO] Surefire report directory: /home/travis/build/passed/google/guava/android/guava-testlib/target/surefire-reports

-------------------------------------------------------
 T E S T S
-------------------------------------------------------
Running com.google.common.collect.testing.FeatureSpecificTestSuiteBuilderTest
Tests run: 1, Failures: 0, Errors: 0, Skipped: 0, Time elapsed: 0.042 sec
Running com.google.common.collect.testing.HelpersTest
Tests run: 7, Failures: 0, Errors: 0, Skipped: 0, Time elapsed: 0.006 sec
Running com.google.common.collect.testing.IteratorTesterTest
Tests run: 12, Failures: 0, Errors: 0, Skipped: 0, Time elapsed: 0.029 sec
Running com.google.common.collect.testing.MapTestSuiteBuilderTests
Tests run: 1400, Failures: 0, Errors: 0, Skipped: 0, Time elapsed: 0.549 sec
Running com.google.common.collect.testing.MinimalCollectionTest
Tests run: 136, Failures: 0, Errors: 0, Skipped: 0, Time elapsed: 0.029 sec
Running com.google.common.collect.testing.MinimalIterableTest
Tests run: 4, Failures: 0, Errors: 0, Skipped: 0, Time elapsed: 0.001 sec
Running com.google.common.collect.testing.MinimalSetTest
Tests run: 170, Failures: 0, Errors: 0, Skipped: 0, Time elapsed: 0.042 sec
Running com.google.common.collect.testing.OpenJdk6ListTests
Tests run: 6361, Failures: 0, Errors: 0, Skipped: 0, Time elapsed: 5.025 sec
Running com.google.common.collect.testing.OpenJdk6MapTests
Tests run: 205028, Failures: 0, Errors: 0, Skipped: 0, Time elapsed: 33.576 sec
Running com.google.common.collect.testing.OpenJdk6QueueTests
Tests run: 1388, Failures: 0, Errors: 0, Skipped: 0, Time elapsed: 0.235 sec
Running com.google.common.collect.testing.OpenJdk6SetTests
Tests run: 21982, Failures: 0, Errors: 0, Skipped: 0, Time elapsed: 3.471 sec
Running com.google.common.collect.testing.OpenJdk6Tests
Tests run: 234759, Failures: 0, Errors: 0, Skipped: 0, Time elapsed: 36.791 sec
Running com.google.common.collect.testing.SafeTreeMapTest
Tests run: 94927, Failures: 0, Errors: 0, Skipped: 0, Time elapsed: 17.082 sec
Running com.google.common.collect.testing.SafeTreeMapTest$ReserializedMapTests
Tests run: 59, Failures: 0, Errors: 0, Skipped: 0, Time elapsed: 0.01 sec
Running com.google.common.collect.testing.SafeTreeSetTest
Tests run: 457, Failures: 0, Errors: 0, Skipped: 0, Time elapsed: 0.069 sec
Running com.google.common.collect.testing.features.FeatureEnumTest
Tests run: 1, Failures: 0, Errors: 0, Skipped: 0, Time elapsed: 0.002 sec
Running com.google.common.collect.testing.features.FeatureUtilTest
Tests run: 10, Failures: 0, Errors: 0, Skipped: 0, Time elapsed: 0.016 sec
Running com.google.common.testing.ArbitraryInstancesTest
Tests run: 25, Failures: 0, Errors: 0, Skipped: 0, Time elapsed: 0.082 sec
Running com.google.common.testing.ClassSanityTesterTest
Tests run: 70, Failures: 0, Errors: 0, Skipped: 0, Time elapsed: 0.097 sec
Running com.google.common.testing.EqualsTesterTest
Tests run: 18, Failures: 0, Errors: 0, Skipped: 0, Time elapsed: 0.004 sec
Running com.google.common.testing.EquivalenceTesterTest
Tests run: 7, Failures: 0, Errors: 0, Skipped: 0, Time elapsed: 0.011 sec
Running com.google.common.testing.FakeTickerTest
Tests run: 10, Failures: 0, Errors: 0, Skipped: 0, Time elapsed: 0.035 sec
Running com.google.common.testing.FreshValueGeneratorTest
Tests run: 60, Failures: 0, Errors: 0, Skipped: 0, Time elapsed: 0.166 sec
Running com.google.common.testing.GcFinalizationTest
Tests run: 10, Failures: 0, Errors: 0, Skipped: 0, Time elapsed: 0.5 sec
Running com.google.common.testing.NullPointerTesterTest
Tests run: 65, Failures: 0, Errors: 0, Skipped: 0, Time elapsed: 0.081 sec
Running com.google.common.testing.RelationshipTesterTest
Tests run: 1, Failures: 0, Errors: 0, Skipped: 0, Time elapsed: 0.002 sec
Running com.google.common.testing.SerializableTesterTest
Tests run: 4, Failures: 0, Errors: 0, Skipped: 0, Time elapsed: 0.003 sec
Running com.google.common.testing.TearDownStackTest
Tests run: 3, Failures: 0, Errors: 0, Skipped: 0, Time elapsed: 0.002 sec
Running com.google.common.testing.TestLogHandlerTest
Tests run: 2, Failures: 0, Errors: 0, Skipped: 0, Time elapsed: 0.001 sec
Running com.google.common.testing.anotherpackage.ForwardingWrapperTesterTest
Tests run: 19, Failures: 0, Errors: 0, Skipped: 0, Time elapsed: 0.022 sec
Running com.google.common.util.concurrent.testing.TestingExecutorsTest
Tests run: 5, Failures: 0, Errors: 0, Skipped: 0, Time elapsed: 0.045 sec

Results :

Tests run: 567001, Failures: 0, Errors: 0, Skipped: 0

[INFO] 
[INFO] --- animal-sniffer-maven-plugin:1.18:check (check-java-version-compatibility) @ guava-testlib ---
[INFO] Checking unresolved references to org.codehaus.mojo.signature:java16-sun:1.10
[INFO] 
[INFO] --- maven-jar-plugin:3.2.0:jar (default-jar) @ guava-testlib ---
[INFO] Building jar: /home/travis/build/passed/google/guava/android/guava-testlib/target/guava-testlib-HEAD-android-SNAPSHOT.jar
[INFO] 
[INFO] --- maven-jar-plugin:3.2.0:test-jar (create-test-jar) @ guava-testlib ---
[INFO] Building jar: /home/travis/build/passed/google/guava/android/guava-testlib/target/guava-testlib-HEAD-android-SNAPSHOT-tests.jar
[INFO] 
[INFO] >>> maven-source-plugin:3.2.0:jar (attach-sources) > generate-sources @ guava-testlib >>>
[INFO] 
[INFO] --- maven-enforcer-plugin:3.0.0-M2:enforce (enforce-versions) @ guava-testlib ---
[INFO] 
[INFO] <<< maven-source-plugin:3.2.0:jar (attach-sources) < generate-sources @ guava-testlib <<<
[INFO] 
[INFO] 
[INFO] --- maven-source-plugin:3.2.0:jar (attach-sources) @ guava-testlib ---
[INFO] 
[INFO] >>> maven-source-plugin:3.2.0:test-jar (attach-test-sources) > generate-sources @ guava-testlib >>>
[INFO] 
[INFO] --- maven-enforcer-plugin:3.0.0-M2:enforce (enforce-versions) @ guava-testlib ---
[INFO] 
[INFO] <<< maven-source-plugin:3.2.0:test-jar (attach-test-sources) < generate-sources @ guava-testlib <<<
[INFO] 
[INFO] 
[INFO] --- maven-source-plugin:3.2.0:test-jar (attach-test-sources) @ guava-testlib ---
[INFO] 
[INFO] --- maven-javadoc-plugin:3.1.0:jar (attach-docs) @ guava-testlib ---
[INFO] Skipping javadoc generation
[INFO] 
[INFO] --------------------< com.google.guava:guava-tests >--------------------
[INFO] Building Guava Unit Tests HEAD-android-SNAPSHOT                    [5/5]
[INFO] --------------------------------[ jar ]---------------------------------
[INFO] 
[INFO] --- maven-enforcer-plugin:3.0.0-M2:enforce (enforce-versions) @ guava-tests ---
[INFO] 
[INFO] --- maven-resources-plugin:2.6:resources (default-resources) @ guava-tests ---
[INFO] Using 'UTF-8' encoding to copy filtered resources.
[INFO] skip non existing resourceDirectory /home/travis/build/passed/google/guava/android/guava-tests/src
[INFO] 
[INFO] --- maven-compiler-plugin:3.8.1:compile (default-compile) @ guava-tests ---
[INFO] No sources to compile
[INFO] 
[INFO] --- build-helper-maven-plugin:1.7:add-test-source (add-benchmark-sources) @ guava-tests ---
[INFO] Test Source directory: /home/travis/build/passed/google/guava/android/guava-tests/benchmark added.
[INFO] 
[INFO] --- maven-resources-plugin:2.6:testResources (default-testResources) @ guava-tests ---
[INFO] Using 'UTF-8' encoding to copy filtered resources.
[INFO] Copying 6 resources
[INFO] 
[INFO] --- maven-compiler-plugin:3.8.1:testCompile (default-testCompile) @ guava-tests ---
[INFO] Nothing to compile - all classes are up to date
[INFO] 
[INFO] --- maven-surefire-plugin:2.7.2:test (default-test) @ guava-tests ---
[INFO] Surefire report directory: /home/travis/build/passed/google/guava/android/guava-tests/target/surefire-reports

-------------------------------------------------------
 T E S T S
-------------------------------------------------------
Running com.google.common.base.AbstractIteratorTest
Tests run: 7, Failures: 0, Errors: 0, Skipped: 0, Time elapsed: 0.101 sec
Running com.google.common.base.AsciiTest
Tests run: 9, Failures: 0, Errors: 0, Skipped: 0, Time elapsed: 0.006 sec
Running com.google.common.base.CaseFormatTest
Tests run: 32, Failures: 0, Errors: 0, Skipped: 0, Time elapsed: 0.231 sec
Running com.google.common.base.CharMatcherTest
Tests run: 20, Failures: 0, Errors: 0, Skipped: 0, Time elapsed: 0.36 sec
Running com.google.common.base.CharsetsTest
Tests run: 7, Failures: 0, Errors: 0, Skipped: 0, Time elapsed: 0.003 sec
Running com.google.common.base.ConverterTest
Tests run: 14, Failures: 0, Errors: 0, Skipped: 0, Time elapsed: 0.013 sec
Running com.google.common.base.DefaultsTest
Tests run: 1, Failures: 0, Errors: 0, Skipped: 0, Time elapsed: 0.001 sec
Running com.google.common.base.EnumsTest
Tests run: 13, Failures: 0, Errors: 0, Skipped: 0, Time elapsed: 0.092 sec
Running com.google.common.base.EquivalenceTest
Tests run: 12, Failures: 0, Errors: 0, Skipped: 0, Time elapsed: 0.011 sec
Running com.google.common.base.FinalizableReferenceQueueClassLoaderUnloadingTest
Tests run: 3, Failures: 0, Errors: 0, Skipped: 0, Time elapsed: 0.273 sec
Running com.google.common.base.FinalizableReferenceQueueTest
Tests run: 5, Failures: 0, Errors: 0, Skipped: 0, Time elapsed: 0.196 sec
Running com.google.common.base.FunctionsTest
Tests run: 27, Failures: 0, Errors: 0, Skipped: 0, Time elapsed: 0.086 sec
Running com.google.common.base.JoinerTest
Tests run: 12, Failures: 0, Errors: 0, Skipped: 0, Time elapsed: 0.021 sec
Running com.google.common.base.ObjectsTest
Tests run: 3, Failures: 0, Errors: 0, Skipped: 0, Time elapsed: 0.001 sec
Running com.google.common.base.OptionalTest
Tests run: 41, Failures: 0, Errors: 0, Skipped: 0, Time elapsed: 0.017 sec
Running com.google.common.base.PreconditionsTest
Tests run: 47, Failures: 0, Errors: 0, Skipped: 0, Time elapsed: 0.035 sec
Running com.google.common.base.PredicatesTest
Tests run: 87, Failures: 0, Errors: 0, Skipped: 0, Time elapsed: 0.067 sec
Running com.google.common.base.SplitterTest
Tests run: 103, Failures: 0, Errors: 0, Skipped: 0, Time elapsed: 0.019 sec
Running com.google.common.base.StandardSystemPropertyTest
Tests run: 4, Failures: 0, Errors: 0, Skipped: 0, Time elapsed: 0.003 sec
Running com.google.common.base.StopwatchTest
Tests run: 16, Failures: 0, Errors: 0, Skipped: 0, Time elapsed: 0.004 sec
Running com.google.common.base.StringsTest
Tests run: 20, Failures: 0, Errors: 0, Skipped: 0, Time elapsed: 0.031 sec
Running com.google.common.base.SuppliersTest
Tests run: 20, Failures: 0, Errors: 0, Skipped: 0, Time elapsed: 0.352 sec
Running com.google.common.base.ThrowablesTest
Tests run: 44, Failures: 0, Errors: 0, Skipped: 0, Time elapsed: 0.02 sec
Running com.google.common.base.ToStringHelperTest
Tests run: 40, Failures: 0, Errors: 0, Skipped: 0, Time elapsed: 0.011 sec
Running com.google.common.base.Utf8Test
Tests run: 9, Failures: 0, Errors: 0, Skipped: 0, Time elapsed: 3.162 sec
Running com.google.common.base.VerifyTest
Tests run: 10, Failures: 0, Errors: 0, Skipped: 0, Time elapsed: 0.002 sec
Running com.google.common.cache.AbstractCacheTest
Tests run: 8, Failures: 0, Errors: 0, Skipped: 0, Time elapsed: 0.007 sec
Running com.google.common.cache.AbstractLoadingCacheTest
Tests run: 4, Failures: 0, Errors: 0, Skipped: 0, Time elapsed: 0.002 sec
Running com.google.common.cache.CacheBuilderGwtTest
Tests run: 18, Failures: 0, Errors: 0, Skipped: 0, Time elapsed: 0.023 sec
Running com.google.common.cache.CacheBuilderSpecTest
Tests run: 43, Failures: 0, Errors: 0, Skipped: 0, Time elapsed: 0.011 sec
Running com.google.common.cache.CacheBuilderTest
Tests run: 39, Failures: 0, Errors: 0, Skipped: 0, Time elapsed: 9.688 sec
Running com.google.common.cache.CacheEvictionTest
Tests run: 15, Failures: 0, Errors: 0, Skipped: 0, Time elapsed: 0.045 sec
Running com.google.common.cache.CacheExpirationTest
Tests run: 12, Failures: 0, Errors: 0, Skipped: 0, Time elapsed: 0.011 sec
Running com.google.common.cache.CacheLoaderTest
Tests run: 1, Failures: 0, Errors: 0, Skipped: 0, Time elapsed: 0.006 sec
Running com.google.common.cache.CacheLoadingTest
Tests run: 46, Failures: 0, Errors: 0, Skipped: 0, Time elapsed: 0.982 sec
Running com.google.common.cache.CacheManualTest
Tests run: 2, Failures: 0, Errors: 0, Skipped: 0, Time elapsed: 0.001 sec
Running com.google.common.cache.CacheReferencesTest
Tests run: 4, Failures: 0, Errors: 0, Skipped: 0, Time elapsed: 0.009 sec
Running com.google.common.cache.CacheRefreshTest
Tests run: 1, Failures: 0, Errors: 0, Skipped: 0, Time elapsed: 0.001 sec
Running com.google.common.cache.CacheStatsTest
Tests run: 5, Failures: 0, Errors: 0, Skipped: 0, Time elapsed: 0.001 sec
Running com.google.common.cache.EmptyCachesTest
Tests run: 22, Failures: 0, Errors: 0, Skipped: 0, Time elapsed: 7.159 sec
Running com.google.common.cache.ForwardingCacheTest
Tests run: 9, Failures: 0, Errors: 0, Skipped: 0, Time elapsed: 0.324 sec
Running com.google.common.cache.ForwardingLoadingCacheTest
Tests run: 11, Failures: 0, Errors: 0, Skipped: 0, Time elapsed: 0.053 sec
Running com.google.common.cache.LocalCacheTest
Tests run: 8013, Failures: 0, Errors: 0, Skipped: 0, Time elapsed: 1.508 sec
Running com.google.common.cache.LocalLoadingCacheTest
Tests run: 9, Failures: 0, Errors: 0, Skipped: 0, Time elapsed: 0.009 sec
Running com.google.common.cache.LongAdderTest
Tests run: 2, Failures: 0, Errors: 0, Skipped: 0, Time elapsed: 0.001 sec
Running com.google.common.cache.NullCacheTest
Tests run: 5, Failures: 0, Errors: 0, Skipped: 0, Time elapsed: 0.011 sec
Running com.google.common.cache.PopulatedCachesTest
Tests run: 12, Failures: 0, Errors: 0, Skipped: 0, Time elapsed: 2.013 sec
Running com.google.common.cache.RemovalNotificationTest
Tests run: 1, Failures: 0, Errors: 0, Skipped: 0, Time elapsed: 0.001 sec
Running com.google.common.collect.AbstractBiMapTest
Tests run: 2, Failures: 0, Errors: 0, Skipped: 0, Time elapsed: 0.006 sec
Running com.google.common.collect.AbstractIteratorTest
Tests run: 9, Failures: 0, Errors: 0, Skipped: 0, Time elapsed: 0.112 sec
Running com.google.common.collect.AbstractMapEntryTest
Tests run: 6, Failures: 0, Errors: 0, Skipped: 0, Time elapsed: 0.001 sec
Running com.google.common.collect.AbstractSequentialIteratorTest
Tests run: 5, Failures: 0, Errors: 0, Skipped: 0, Time elapsed: 0.004 sec
Running com.google.common.collect.ArrayListMultimapTest
Tests run: 5382, Failures: 0, Errors: 0, Skipped: 0, Time elapsed: 1.357 sec
Running com.google.common.collect.ArrayTableTest
Tests run: 56, Failures: 0, Errors: 0, Skipped: 0, Time elapsed: 0.031 sec
Running com.google.common.collect.Collections2Test
Tests run: 1164, Failures: 0, Errors: 0, Skipped: 0, Time elapsed: 0.153 sec
Running com.google.common.collect.CompactHashMapTest
Tests run: 1501, Failures: 0, Errors: 0, Skipped: 0, Time elapsed: 0.234 sec
Running com.google.common.collect.CompactHashSetTest
Tests run: 934, Failures: 0, Errors: 0, Skipped: 0, Time elapsed: 0.141 sec
Running com.google.common.collect.CompactLinkedHashMapTest
Tests run: 1601, Failures: 0, Errors: 0, Skipped: 0, Time elapsed: 0.179 sec
Running com.google.common.collect.CompactLinkedHashSetTest
Tests run: 500, Failures: 0, Errors: 0, Skipped: 0, Time elapsed: 0.071 sec
Running com.google.common.collect.ComparatorsTest
Tests run: 3, Failures: 0, Errors: 0, Skipped: 0, Time elapsed: 0.001 sec
Running com.google.common.collect.ComparisonChainTest
Tests run: 10, Failures: 0, Errors: 0, Skipped: 0, Time elapsed: 0.002 sec
Running com.google.common.collect.ConcurrentHashMultisetBasherTest
Tests run: 3, Failures: 0, Errors: 0, Skipped: 0, Time elapsed: 15.816 sec
Running com.google.common.collect.ConcurrentHashMultisetTest
Tests run: 3039, Failures: 0, Errors: 0, Skipped: 0, Time elapsed: 1.044 sec
Running com.google.common.collect.ContiguousSetTest
Tests run: 24, Failures: 0, Errors: 0, Skipped: 0, Time elapsed: 0.045 sec
Running com.google.common.collect.ContiguousSetTest$BuiltTests
Tests run: 830, Failures: 0, Errors: 0, Skipped: 0, Time elapsed: 0.124 sec
Running com.google.common.collect.CountTest
Tests run: 5, Failures: 0, Errors: 0, Skipped: 0, Time elapsed: 0.001 sec
Running com.google.common.collect.DiscreteDomainTest
Tests run: 7, Failures: 0, Errors: 0, Skipped: 0, Time elapsed: 0.002 sec
Running com.google.common.collect.EmptyImmutableTableTest
Tests run: 25, Failures: 0, Errors: 0, Skipped: 0, Time elapsed: 0.033 sec
Running com.google.common.collect.EnumBiMapTest
Tests run: 3214, Failures: 0, Errors: 0, Skipped: 0, Time elapsed: 0.695 sec
Running com.google.common.collect.EnumHashBiMapTest
Tests run: 3378, Failures: 0, Errors: 0, Skipped: 0, Time elapsed: 0.527 sec
Running com.google.common.collect.EnumMultisetTest
Tests run: 792, Failures: 0, Errors: 0, Skipped: 0, Time elapsed: 0.114 sec
Running com.google.common.collect.EvictingQueueTest
Tests run: 11, Failures: 0, Errors: 0, Skipped: 0, Time elapsed: 0.005 sec
Running com.google.common.collect.FauxveridesTest
Tests run: 9, Failures: 0, Errors: 0, Skipped: 0, Time elapsed: 0.032 sec
Running com.google.common.collect.FilteredCollectionsTest
Tests run: 1, Failures: 0, Errors: 0, Skipped: 0, Time elapsed: 0.002 sec
Running com.google.common.collect.FilteredCollectionsTest$Collections2FilterArrayListTest
Tests run: 9, Failures: 0, Errors: 0, Skipped: 0, Time elapsed: 0.005 sec
Running com.google.common.collect.FilteredCollectionsTest$IterablesFilterArrayListTest
Tests run: 1, Failures: 0, Errors: 0, Skipped: 0, Time elapsed: 0.001 sec
Running com.google.common.collect.FilteredCollectionsTest$SetsFilterHashSetTest
Tests run: 10, Failures: 0, Errors: 0, Skipped: 0, Time elapsed: 0.019 sec
Running com.google.common.collect.FilteredCollectionsTest$SetsFilterNavigableSetTest
Tests run: 22, Failures: 0, Errors: 0, Skipped: 0, Time elapsed: 0.047 sec
Running com.google.common.collect.FilteredCollectionsTest$SetsFilterSortedSetTest
Tests run: 15, Failures: 0, Errors: 0, Skipped: 0, Time elapsed: 0.008 sec
Running com.google.common.collect.FilteredMultimapTest
Tests run: 3, Failures: 0, Errors: 0, Skipped: 0, Time elapsed: 0.039 sec
Running com.google.common.collect.FluentIterableTest
Tests run: 104, Failures: 0, Errors: 0, Skipped: 0, Time elapsed: 0.037 sec
Running com.google.common.collect.ForMapMultimapAsMapImplementsMapTest
Tests run: 56, Failures: 0, Errors: 0, Skipped: 0, Time elapsed: 0.014 sec
Running com.google.common.collect.ForwardingCollectionTest
Tests run: 333, Failures: 0, Errors: 0, Skipped: 0, Time elapsed: 0.072 sec
Running com.google.common.collect.ForwardingConcurrentMapTest
Tests run: 4, Failures: 0, Errors: 0, Skipped: 0, Time elapsed: 0.001 sec
Running com.google.common.collect.ForwardingDequeTest
Tests run: 1, Failures: 0, Errors: 0, Skipped: 0, Time elapsed: 0.011 sec
Running com.google.common.collect.ForwardingListIteratorTest
Tests run: 1, Failures: 0, Errors: 0, Skipped: 0, Time elapsed: 0.019 sec
Running com.google.common.collect.ForwardingListMultimapTest
Tests run: 2, Failures: 0, Errors: 0, Skipped: 0, Time elapsed: 0.011 sec
Running com.google.common.collect.ForwardingListTest
Tests run: 671, Failures: 0, Errors: 0, Skipped: 0, Time elapsed: 0.67 sec
Running com.google.common.collect.ForwardingMapTest
Tests run: 1393, Failures: 0, Errors: 0, Skipped: 0, Time elapsed: 0.202 sec
Running com.google.common.collect.ForwardingMultimapTest
Tests run: 2, Failures: 0, Errors: 0, Skipped: 0, Time elapsed: 0.004 sec
Running com.google.common.collect.ForwardingMultisetTest
Tests run: 1564, Failures: 0, Errors: 0, Skipped: 0, Time elapsed: 0.196 sec
Running com.google.common.collect.ForwardingNavigableMapTest
Tests run: 26367, Failures: 0, Errors: 0, Skipped: 0, Time elapsed: 3.252 sec
Running com.google.common.collect.ForwardingNavigableSetTest
Tests run: 455, Failures: 0, Errors: 0, Skipped: 0, Time elapsed: 0.065 sec
Running com.google.common.collect.ForwardingObjectTest
Tests run: 2, Failures: 0, Errors: 0, Skipped: 0, Time elapsed: 0.001 sec
Running com.google.common.collect.ForwardingQueueTest
Tests run: 201, Failures: 0, Errors: 0, Skipped: 0, Time elapsed: 0.024 sec
Running com.google.common.collect.ForwardingSetMultimapTest
Tests run: 2, Failures: 0, Errors: 0, Skipped: 0, Time elapsed: 0.007 sec
Running com.google.common.collect.ForwardingSetTest
Tests run: 395, Failures: 0, Errors: 0, Skipped: 0, Time elapsed: 0.051 sec
Running com.google.common.collect.ForwardingSortedMapImplementsMapTest
Tests run: 59, Failures: 0, Errors: 0, Skipped: 0, Time elapsed: 0.009 sec
Running com.google.common.collect.ForwardingSortedMapTest
Tests run: 8854, Failures: 0, Errors: 0, Skipped: 0, Time elapsed: 1.105 sec
Running com.google.common.collect.ForwardingSortedMultisetTest
Tests run: 22128, Failures: 0, Errors: 0, Skipped: 0, Time elapsed: 2.718 sec
Running com.google.common.collect.ForwardingSortedSetMultimapTest
Tests run: 2, Failures: 0, Errors: 0, Skipped: 0, Time elapsed: 0.024 sec
Running com.google.common.collect.ForwardingSortedSetTest
Tests run: 882, Failures: 0, Errors: 0, Skipped: 0, Time elapsed: 0.117 sec
Running com.google.common.collect.ForwardingTableTest
Tests run: 2, Failures: 0, Errors: 0, Skipped: 0, Time elapsed: 0.005 sec
Running com.google.common.collect.GeneralRangeTest
Tests run: 19, Failures: 0, Errors: 0, Skipped: 0, Time elapsed: 0.003 sec
Running com.google.common.collect.HashBasedTableTest
Tests run: 29, Failures: 0, Errors: 0, Skipped: 0, Time elapsed: 0.01 sec
Running com.google.common.collect.HashBiMapTest
Tests run: 3611, Failures: 0, Errors: 0, Skipped: 0, Time elapsed: 0.552 sec
Running com.google.common.collect.HashMultimapTest
Tests run: 5063, Failures: 0, Errors: 0, Skipped: 0, Time elapsed: 0.856 sec
Running com.google.common.collect.HashMultisetTest
Tests run: 1699, Failures: 0, Errors: 0, Skipped: 0, Time elapsed: 0.198 sec
Running com.google.common.collect.HashingTest
Tests run: 1, Failures: 0, Errors: 0, Skipped: 0, Time elapsed: 0.001 sec
Running com.google.common.collect.ImmutableBiMapTest
Tests run: 7946, Failures: 0, Errors: 0, Skipped: 0, Time elapsed: 1.034 sec
Running com.google.common.collect.ImmutableBiMapTest$BiMapSpecificTests
Tests run: 7, Failures: 0, Errors: 0, Skipped: 0, Time elapsed: 0.001 sec
Running com.google.common.collect.ImmutableBiMapTest$CreationTests
Tests run: 27, Failures: 0, Errors: 0, Skipped: 0, Time elapsed: 0.001 sec
Running com.google.common.collect.ImmutableBiMapTest$InverseMapTests
Tests run: 56, Failures: 0, Errors: 0, Skipped: 0, Time elapsed: 0.005 sec
Running com.google.common.collect.ImmutableBiMapTest$MapTests
Tests run: 56, Failures: 0, Errors: 0, Skipped: 0, Time elapsed: 0.005 sec
Running com.google.common.collect.ImmutableClassToInstanceMapTest
Tests run: 1198, Failures: 0, Errors: 0, Skipped: 0, Time elapsed: 0.186 sec
Running com.google.common.collect.ImmutableCollectionTest
Tests run: 1, Failures: 0, Errors: 0, Skipped: 0, Time elapsed: 0.001 sec
Running com.google.common.collect.ImmutableEnumMapTest
Tests run: 1092, Failures: 0, Errors: 0, Skipped: 0, Time elapsed: 0.205 sec
Running com.google.common.collect.ImmutableListMultimapTest
Tests run: 7933, Failures: 0, Errors: 0, Skipped: 0, Time elapsed: 1.909 sec
Running com.google.common.collect.ImmutableListTest
Tests run: 3999, Failures: 0, Errors: 0, Skipped: 0, Time elapsed: 4.39 sec
Running com.google.common.collect.ImmutableListTest$BasicTests
Tests run: 16, Failures: 0, Errors: 0, Skipped: 0, Time elapsed: 0.007 sec
Running com.google.common.collect.ImmutableListTest$ConcurrentTests
Tests run: 2, Failures: 0, Errors: 0, Skipped: 0, Time elapsed: 0.005 sec
Running com.google.common.collect.ImmutableListTest$CreationTests
Tests run: 48, Failures: 0, Errors: 0, Skipped: 0, Time elapsed: 0.017 sec
Running com.google.common.collect.ImmutableMapTest
Tests run: 9091, Failures: 0, Errors: 0, Skipped: 0, Time elapsed: 2.888 sec
Running com.google.common.collect.ImmutableMapTest$CreationTests
Tests run: 31, Failures: 0, Errors: 0, Skipped: 0, Time elapsed: 0.035 sec
Running com.google.common.collect.ImmutableMapTest$MapTests
Tests run: 56, Failures: 0, Errors: 0, Skipped: 0, Time elapsed: 0.003 sec
Running com.google.common.collect.ImmutableMapTest$MapTestsWithBadHashes
Tests run: 56, Failures: 0, Errors: 0, Skipped: 0, Time elapsed: 0.004 sec
Running com.google.common.collect.ImmutableMapTest$MapTestsWithSingletonUnhashableValue
Tests run: 56, Failures: 0, Errors: 0, Skipped: 0, Time elapsed: 0.02 sec
Running com.google.common.collect.ImmutableMapTest$MapTestsWithUnhashableValues
Tests run: 56, Failures: 0, Errors: 0, Skipped: 0, Time elapsed: 0.004 sec
Running com.google.common.collect.ImmutableMapTest$ReserializedMapTests
Tests run: 56, Failures: 0, Errors: 0, Skipped: 0, Time elapsed: 0.005 sec
Running com.google.common.collect.ImmutableMapTest$SingletonMapTests
Tests run: 56, Failures: 0, Errors: 0, Skipped: 0, Time elapsed: 0.003 sec
Running com.google.common.collect.ImmutableMultimapAsMapImplementsMapTest
Tests run: 56, Failures: 0, Errors: 0, Skipped: 0, Time elapsed: 0.003 sec
Running com.google.common.collect.ImmutableMultimapTest
Tests run: 7, Failures: 0, Errors: 0, Skipped: 0, Time elapsed: 0.001 sec
Running com.google.common.collect.ImmutableMultisetTest
Tests run: 2864, Failures: 0, Errors: 0, Skipped: 0, Time elapsed: 1.519 sec
Running com.google.common.collect.ImmutableRangeMapTest
Tests run: 11, Failures: 0, Errors: 0, Skipped: 0, Time elapsed: 11.207 sec
Running com.google.common.collect.ImmutableRangeSetTest
Tests run: 697, Failures: 0, Errors: 0, Skipped: 0, Time elapsed: 0.595 sec
Running com.google.common.collect.ImmutableSetMultimapAsMapImplementsMapTest
Tests run: 56, Failures: 0, Errors: 0, Skipped: 0, Time elapsed: 0.004 sec
Running com.google.common.collect.ImmutableSetMultimapTest
Tests run: 7636, Failures: 0, Errors: 0, Skipped: 0, Time elapsed: 1.116 sec
Running com.google.common.collect.ImmutableSetTest
Tests run: 2533, Failures: 0, Errors: 0, Skipped: 0, Time elapsed: 0.787 sec
Running com.google.common.collect.ImmutableSortedMapTest
Tests run: 58126, Failures: 0, Errors: 0, Skipped: 0, Time elapsed: 10.143 sec
Running com.google.common.collect.ImmutableSortedMapTest$CreationTests
Tests run: 30, Failures: 0, Errors: 0, Skipped: 0, Time elapsed: 0.005 sec
Running com.google.common.collect.ImmutableSortedMapTest$HeadMapInclusiveTests
Tests run: 59, Failures: 0, Errors: 0, Skipped: 0, Time elapsed: 0.006 sec
Running com.google.common.collect.ImmutableSortedMapTest$HeadMapTests
Tests run: 59, Failures: 0, Errors: 0, Skipped: 0, Time elapsed: 0.012 sec
Running com.google.common.collect.ImmutableSortedMapTest$MapTests
Tests run: 59, Failures: 0, Errors: 0, Skipped: 0, Time elapsed: 0.005 sec
Running com.google.common.collect.ImmutableSortedMapTest$ReserializedMapTests
Tests run: 59, Failures: 0, Errors: 0, Skipped: 0, Time elapsed: 0.008 sec
Running com.google.common.collect.ImmutableSortedMapTest$SingletonMapTests
Tests run: 59, Failures: 0, Errors: 0, Skipped: 0, Time elapsed: 0.003 sec
Running com.google.common.collect.ImmutableSortedMapTest$SubMapTests
Tests run: 59, Failures: 0, Errors: 0, Skipped: 0, Time elapsed: 0.004 sec
Running com.google.common.collect.ImmutableSortedMapTest$TailExclusiveMapTests
Tests run: 59, Failures: 0, Errors: 0, Skipped: 0, Time elapsed: 0.004 sec
Running com.google.common.collect.ImmutableSortedMapTest$TailMapTests
Tests run: 59, Failures: 0, Errors: 0, Skipped: 0, Time elapsed: 0.004 sec
Running com.google.common.collect.ImmutableSortedMultisetTest
Tests run: 19055, Failures: 0, Errors: 0, Skipped: 0, Time elapsed: 3.251 sec
Running com.google.common.collect.ImmutableSortedSetTest
Tests run: 15770, Failures: 0, Errors: 0, Skipped: 0, Time elapsed: 4.318 sec
Running com.google.common.collect.ImmutableTableTest
Tests run: 43, Failures: 0, Errors: 0, Skipped: 0, Time elapsed: 0.257 sec
Running com.google.common.collect.InternersTest
Tests run: 11, Failures: 0, Errors: 0, Skipped: 0, Time elapsed: 0.238 sec
Running com.google.common.collect.IterablesTest
Tests run: 129, Failures: 0, Errors: 0, Skipped: 0, Time elapsed: 0.049 sec
Running com.google.common.collect.IteratorsTest
Tests run: 549, Failures: 0, Errors: 0, Skipped: 0, Time elapsed: 0.237 sec
Running com.google.common.collect.LinkedHashMultimapTest
Tests run: 5395, Failures: 0, Errors: 0, Skipped: 0, Time elapsed: 0.937 sec
Running com.google.common.collect.LinkedHashMultisetTest
Tests run: 1795, Failures: 0, Errors: 0, Skipped: 0, Time elapsed: 0.263 sec
Running com.google.common.collect.LinkedListMultimapTest
Tests run: 5618, Failures: 0, Errors: 0, Skipped: 0, Time elapsed: 1.033 sec
Running com.google.common.collect.ListsImplTest
Tests run: 42, Failures: 0, Errors: 0, Skipped: 0, Time elapsed: 0.005 sec
Running com.google.common.collect.ListsTest
Tests run: 5533, Failures: 0, Errors: 0, Skipped: 0, Time elapsed: 2.722 sec
Running com.google.common.collect.MapMakerInternalMapTest
Tests run: 28, Failures: 0, Errors: 0, Skipped: 0, Time elapsed: 0.043 sec
Running com.google.common.collect.MapMakerTest
Tests run: 1, Failures: 0, Errors: 0, Skipped: 0, Time elapsed: 0.001 sec
Running com.google.common.collect.MapMakerTest$MakerTest
Tests run: 2, Failures: 0, Errors: 0, Skipped: 0, Time elapsed: 0 sec
Running com.google.common.collect.MapsCollectionTest
Tests run: 197523, Failures: 0, Errors: 0, Skipped: 0, Time elapsed: 24.35 sec
Running com.google.common.collect.MapsSortedTransformValuesTest
Tests run: 66, Failures: 0, Errors: 0, Skipped: 0, Time elapsed: 0.006 sec
Running com.google.common.collect.MapsTest
Tests run: 92, Failures: 0, Errors: 0, Skipped: 0, Time elapsed: 0.076 sec
Running com.google.common.collect.MapsTest$FilteredBiMapTest
Tests run: 11, Failures: 0, Errors: 0, Skipped: 0, Time elapsed: 0.003 sec
Running com.google.common.collect.MapsTest$FilteredMapTest
Tests run: 11, Failures: 0, Errors: 0, Skipped: 0, Time elapsed: 0.001 sec
Running com.google.common.collect.MapsTest$FilteredSortedMapTest
Tests run: 13, Failures: 0, Errors: 0, Skipped: 0, Time elapsed: 0.001 sec
Running com.google.common.collect.MapsTransformValuesTest
Tests run: 66, Failures: 0, Errors: 0, Skipped: 0, Time elapsed: 0.004 sec
Running com.google.common.collect.MapsTransformValuesUnmodifiableIteratorTest
Tests run: 66, Failures: 0, Errors: 0, Skipped: 0, Time elapsed: 0.009 sec
Running com.google.common.collect.MinMaxPriorityQueueTest
Tests run: 228, Failures: 0, Errors: 0, Skipped: 0, Time elapsed: 2.038 sec
Running com.google.common.collect.MultimapBuilderTest
Tests run: 5, Failures: 0, Errors: 0, Skipped: 0, Time elapsed: 0.039 sec
Running com.google.common.collect.MultimapsCollectionTest
Tests run: 34111, Failures: 0, Errors: 0, Skipped: 0, Time elapsed: 5.315 sec
Running com.google.common.collect.MultimapsFilterEntriesAsMapTest
Tests run: 56, Failures: 0, Errors: 0, Skipped: 0, Time elapsed: 0.011 sec
Running com.google.common.collect.MultimapsTest
Tests run: 55, Failures: 0, Errors: 0, Skipped: 0, Time elapsed: 0.107 sec
Running com.google.common.collect.MultimapsTransformValuesAsMapTest
Tests run: 56, Failures: 0, Errors: 0, Skipped: 0, Time elapsed: 0.008 sec
Running com.google.common.collect.MultisetsCollectionTest
Tests run: 21504, Failures: 0, Errors: 0, Skipped: 0, Time elapsed: 2.654 sec
Running com.google.common.collect.MultisetsImmutableEntryTest
Tests run: 7, Failures: 0, Errors: 0, Skipped: 0, Time elapsed: 0.001 sec
Running com.google.common.collect.MultisetsTest
Tests run: 31, Failures: 0, Errors: 0, Skipped: 0, Time elapsed: 0.006 sec
Running com.google.common.collect.MutableClassToInstanceMapTest
Tests run: 1379, Failures: 0, Errors: 0, Skipped: 0, Time elapsed: 0.254 sec
Running com.google.common.collect.NewCustomTableTest
Tests run: 25, Failures: 0, Errors: 0, Skipped: 0, Time elapsed: 0.005 sec
Running com.google.common.collect.ObjectArraysTest
Tests run: 25, Failures: 0, Errors: 0, Skipped: 0, Time elapsed: 0.003 sec
Running com.google.common.collect.OrderingTest
Tests run: 69, Failures: 0, Errors: 0, Skipped: 0, Time elapsed: 3.06 sec
Running com.google.common.collect.PeekingIteratorTest
Tests run: 8, Failures: 0, Errors: 0, Skipped: 0, Time elapsed: 0.035 sec
Running com.google.common.collect.QueuesTest
Tests run: 9, Failures: 0, Errors: 0, Skipped: 0, Time elapsed: 5.918 sec
Running com.google.common.collect.RangeNonGwtTest
Tests run: 1, Failures: 0, Errors: 0, Skipped: 0, Time elapsed: 0.004 sec
Running com.google.common.collect.RangeTest
Tests run: 36, Failures: 0, Errors: 0, Skipped: 0, Time elapsed: 0.005 sec
Running com.google.common.collect.RegularImmutableAsListTest
Tests run: 1, Failures: 0, Errors: 0, Skipped: 0, Time elapsed: 0.021 sec
Running com.google.common.collect.RegularImmutableTableTest
Tests run: 22, Failures: 0, Errors: 0, Skipped: 0, Time elapsed: 0.003 sec
Running com.google.common.collect.SetOperationsTest
Tests run: 1472, Failures: 0, Errors: 0, Skipped: 0, Time elapsed: 0.177 sec
Running com.google.common.collect.SetOperationsTest$MoreTests
Tests run: 4, Failures: 0, Errors: 0, Skipped: 0, Time elapsed: 0 sec
Running com.google.common.collect.SetsTest
Tests run: 2089, Failures: 0, Errors: 0, Skipped: 0, Time elapsed: 0.299 sec
Running com.google.common.collect.SimpleAbstractMultisetTest
Tests run: 641, Failures: 0, Errors: 0, Skipped: 0, Time elapsed: 0.065 sec
Running com.google.common.collect.SingletonImmutableTableTest
Tests run: 25, Failures: 0, Errors: 0, Skipped: 0, Time elapsed: 0.002 sec
Running com.google.common.collect.SortedIterablesTest
Tests run: 2, Failures: 0, Errors: 0, Skipped: 0, Time elapsed: 0 sec
Running com.google.common.collect.SortedListsTest
Tests run: 3, Failures: 0, Errors: 0, Skipped: 0, Time elapsed: 0.009 sec
Running com.google.common.collect.SubMapMultimapAsMapImplementsMapTest
Tests run: 56, Failures: 0, Errors: 0, Skipped: 0, Time elapsed: 0.009 sec
Running com.google.common.collect.SynchronizedBiMapTest
Tests run: 5488, Failures: 0, Errors: 0, Skipped: 0, Time elapsed: 0.961 sec
Running com.google.common.collect.SynchronizedDequeTest
Tests run: 1, Failures: 0, Errors: 0, Skipped: 0, Time elapsed: 0.027 sec
Running com.google.common.collect.SynchronizedMapTest
Tests run: 16, Failures: 0, Errors: 0, Skipped: 0, Time elapsed: 0.002 sec
Running com.google.common.collect.SynchronizedMultimapTest
Tests run: 5004, Failures: 0, Errors: 0, Skipped: 0, Time elapsed: 1.258 sec
Running com.google.common.collect.SynchronizedNavigableMapTest
Tests run: 26508, Failures: 0, Errors: 0, Skipped: 0, Time elapsed: 3.412 sec
Running com.google.common.collect.SynchronizedNavigableSetTest
Tests run: 8053, Failures: 0, Errors: 0, Skipped: 0, Time elapsed: 1.756 sec
Running com.google.common.collect.SynchronizedQueueTest
Tests run: 1, Failures: 0, Errors: 0, Skipped: 0, Time elapsed: 0.001 sec
Running com.google.common.collect.SynchronizedSetTest
Tests run: 452, Failures: 0, Errors: 0, Skipped: 0, Time elapsed: 0.075 sec
Running com.google.common.collect.SynchronizedTableTest
Tests run: 23, Failures: 0, Errors: 0, Skipped: 0, Time elapsed: 0.005 sec
Running com.google.common.collect.TableCollectionTest
Tests run: 6939, Failures: 0, Errors: 0, Skipped: 0, Time elapsed: 1.136 sec
Running com.google.common.collect.TableCollectionTest$ArrayColumnMapTests
Tests run: 56, Failures: 0, Errors: 0, Skipped: 0, Time elapsed: 0.006 sec
Running com.google.common.collect.TableCollectionTest$ArrayColumnTests
Tests run: 56, Failures: 0, Errors: 0, Skipped: 0, Time elapsed: 0.005 sec
Running com.google.common.collect.TableCollectionTest$ArrayRowMapTests
Tests run: 56, Failures: 0, Errors: 0, Skipped: 0, Time elapsed: 0.004 sec
Running com.google.common.collect.TableCollectionTest$ArrayRowTests
Tests run: 56, Failures: 0, Errors: 0, Skipped: 0, Time elapsed: 0.004 sec
Running com.google.common.collect.TableCollectionTest$HashColumnMapTests
Tests run: 56, Failures: 0, Errors: 0, Skipped: 0, Time elapsed: 0.021 sec
Running com.google.common.collect.TableCollectionTest$HashColumnTests
Tests run: 56, Failures: 0, Errors: 0, Skipped: 0, Time elapsed: 0.004 sec
Running com.google.common.collect.TableCollectionTest$HashRowMapTests
Tests run: 56, Failures: 0, Errors: 0, Skipped: 0, Time elapsed: 0.003 sec
Running com.google.common.collect.TableCollectionTest$HashRowTests
Tests run: 56, Failures: 0, Errors: 0, Skipped: 0, Time elapsed: 0.003 sec
Running com.google.common.collect.TableCollectionTest$TransformValueColumnMapTests
Tests run: 56, Failures: 0, Errors: 0, Skipped: 0, Time elapsed: 0.005 sec
Running com.google.common.collect.TableCollectionTest$TransformValueColumnTests
Tests run: 56, Failures: 0, Errors: 0, Skipped: 0, Time elapsed: 0.003 sec
Running com.google.common.collect.TableCollectionTest$TransformValueRowMapTests
Tests run: 56, Failures: 0, Errors: 0, Skipped: 0, Time elapsed: 0.005 sec
Running com.google.common.collect.TableCollectionTest$TransformValueRowTests
Tests run: 56, Failures: 0, Errors: 0, Skipped: 0, Time elapsed: 0.004 sec
Running com.google.common.collect.TableCollectionTest$TransposeColumnTests
Tests run: 56, Failures: 0, Errors: 0, Skipped: 0, Time elapsed: 0.004 sec
Running com.google.common.collect.TableCollectionTest$TransposeRowTests
Tests run: 56, Failures: 0, Errors: 0, Skipped: 0, Time elapsed: 0.004 sec
Running com.google.common.collect.TableCollectionTest$TreeColumnMapTests
Tests run: 56, Failures: 0, Errors: 0, Skipped: 0, Time elapsed: 0.005 sec
Running com.google.common.collect.TableCollectionTest$TreeColumnTests
Tests run: 56, Failures: 0, Errors: 0, Skipped: 0, Time elapsed: 0.004 sec
Running com.google.common.collect.TableCollectionTest$TreeRowMapHeadMapTests
Tests run: 56, Failures: 0, Errors: 0, Skipped: 0, Time elapsed: 0.004 sec
Running com.google.common.collect.TableCollectionTest$TreeRowMapSubMapTests
Tests run: 56, Failures: 0, Errors: 0, Skipped: 0, Time elapsed: 0.004 sec
Running com.google.common.collect.TableCollectionTest$TreeRowMapTailMapTests
Tests run: 56, Failures: 0, Errors: 0, Skipped: 0, Time elapsed: 0.004 sec
Running com.google.common.collect.TableCollectionTest$TreeRowMapTests
Tests run: 56, Failures: 0, Errors: 0, Skipped: 0, Time elapsed: 0.004 sec
Running com.google.common.collect.TableCollectionTest$TreeRowTests
Tests run: 56, Failures: 0, Errors: 0, Skipped: 0, Time elapsed: 0.003 sec
Running com.google.common.collect.TableCollectionTest$UnmodifiableHashColumnMapTests
Tests run: 56, Failures: 0, Errors: 0, Skipped: 0, Time elapsed: 0.006 sec
Running com.google.common.collect.TableCollectionTest$UnmodifiableHashColumnTests
Tests run: 56, Failures: 0, Errors: 0, Skipped: 0, Time elapsed: 0.003 sec
Running com.google.common.collect.TableCollectionTest$UnmodifiableHashRowMapTests
Tests run: 56, Failures: 0, Errors: 0, Skipped: 0, Time elapsed: 0.004 sec
Running com.google.common.collect.TableCollectionTest$UnmodifiableHashRowTests
Tests run: 56, Failures: 0, Errors: 0, Skipped: 0, Time elapsed: 0.003 sec
Running com.google.common.collect.TableCollectionTest$UnmodifiableTreeColumnMapTests
Tests run: 56, Failures: 0, Errors: 0, Skipped: 0, Time elapsed: 0.006 sec
Running com.google.common.collect.TableCollectionTest$UnmodifiableTreeColumnTests
Tests run: 56, Failures: 0, Errors: 0, Skipped: 0, Time elapsed: 0.004 sec
Running com.google.common.collect.TableCollectionTest$UnmodifiableTreeRowMapTests
Tests run: 56, Failures: 0, Errors: 0, Skipped: 0, Time elapsed: 0.004 sec
Running com.google.common.collect.TableCollectionTest$UnmodifiableTreeRowTests
Tests run: 56, Failures: 0, Errors: 0, Skipped: 0, Time elapsed: 0.003 sec
Running com.google.common.collect.TablesTest
Tests run: 4, Failures: 0, Errors: 0, Skipped: 0, Time elapsed: 0.002 sec
Running com.google.common.collect.TablesTransformValuesTest
Tests run: 23, Failures: 0, Errors: 0, Skipped: 0, Time elapsed: 0.003 sec
Running com.google.common.collect.TopKSelectorTest
Tests run: 8, Failures: 0, Errors: 0, Skipped: 0, Time elapsed: 0.399 sec
Running com.google.common.collect.TransposedTableTest
Tests run: 27, Failures: 0, Errors: 0, Skipped: 0, Time elapsed: 0.003 sec
Running com.google.common.collect.TreeBasedTableTest
Tests run: 3051, Failures: 0, Errors: 0, Skipped: 0, Time elapsed: 0.427 sec
Running com.google.common.collect.TreeBasedTableTest$TreeRowTest
Tests run: 60, Failures: 0, Errors: 0, Skipped: 0, Time elapsed: 0.003 sec
Running com.google.common.collect.TreeMultimapExplicitTest
Tests run: 12, Failures: 0, Errors: 0, Skipped: 0, Time elapsed: 0.003 sec
Running com.google.common.collect.TreeMultimapNaturalTest
Tests run: 34715, Failures: 0, Errors: 0, Skipped: 0, Time elapsed: 5.069 sec
Running com.google.common.collect.TreeMultisetTest
Tests run: 94613, Failures: 0, Errors: 0, Skipped: 0, Time elapsed: 12.803 sec
Running com.google.common.collect.TreeRangeMapTest
Tests run: 2744, Failures: 0, Errors: 0, Skipped: 0, Time elapsed: 1.144 sec
Running com.google.common.collect.TreeRangeSetTest
Tests run: 43, Failures: 0, Errors: 0, Skipped: 0, Time elapsed: 31.379 sec
Running com.google.common.collect.TreeTraverserTest
Tests run: 5, Failures: 0, Errors: 0, Skipped: 0, Time elapsed: 0.004 sec
Running com.google.common.collect.UnmodifiableIteratorTest
Tests run: 1, Failures: 0, Errors: 0, Skipped: 0, Time elapsed: 0 sec
Running com.google.common.collect.UnmodifiableListIteratorTest
Tests run: 3, Failures: 0, Errors: 0, Skipped: 0, Time elapsed: 0.016 sec
Running com.google.common.collect.UnmodifiableMultimapAsMapImplementsMapTest
Tests run: 56, Failures: 0, Errors: 0, Skipped: 0, Time elapsed: 0.009 sec
Running com.google.common.escape.ArrayBasedCharEscaperTest
Tests run: 4, Failures: 0, Errors: 0, Skipped: 0, Time elapsed: 0.004 sec
Running com.google.common.escape.ArrayBasedEscaperMapTest
Tests run: 4, Failures: 0, Errors: 0, Skipped: 0, Time elapsed: 0.01 sec
Running com.google.common.escape.ArrayBasedUnicodeEscaperTest
Tests run: 5, Failures: 0, Errors: 0, Skipped: 0, Time elapsed: 0.003 sec
Running com.google.common.escape.CharEscaperBuilderTest
Tests run: 1, Failures: 0, Errors: 0, Skipped: 0, Time elapsed: 0.002 sec
Running com.google.common.escape.EscapersTest
Tests run: 6, Failures: 0, Errors: 0, Skipped: 0, Time elapsed: 0.043 sec
Running com.google.common.escape.UnicodeEscaperTest
Tests run: 9, Failures: 0, Errors: 0, Skipped: 0, Time elapsed: 0.003 sec
Running com.google.common.eventbus.AsyncEventBusTest
Tests run: 1, Failures: 0, Errors: 0, Skipped: 0, Time elapsed: 0.006 sec
Running com.google.common.eventbus.DispatcherTest
Tests run: 3, Failures: 0, Errors: 0, Skipped: 0, Time elapsed: 0.027 sec
Running com.google.common.eventbus.EventBusTest
Tests run: 11, Failures: 0, Errors: 0, Skipped: 0, Time elapsed: 1.013 sec
Running com.google.common.eventbus.ReentrantEventsTest
Tests run: 2, Failures: 0, Errors: 0, Skipped: 0, Time elapsed: 0.002 sec
Running com.google.common.eventbus.SubscriberRegistryTest
Tests run: 6, Failures: 0, Errors: 0, Skipped: 0, Time elapsed: 0.001 sec
Running com.google.common.eventbus.SubscriberTest
Tests run: 5, Failures: 0, Errors: 0, Skipped: 0, Time elapsed: 0.002 sec
Running com.google.common.eventbus.outside.AnnotatedSubscriberFinderTests$AbstractNotAnnotatedInSuperclassTest
Tests run: 2, Failures: 0, Errors: 0, Skipped: 0, Time elapsed: 0.001 sec
Running com.google.common.eventbus.outside.AnnotatedSubscriberFinderTests$AnnotatedAndAbstractInSuperclassTest
Tests run: 2, Failures: 0, Errors: 0, Skipped: 0, Time elapsed: 0.001 sec
Running com.google.common.eventbus.outside.AnnotatedSubscriberFinderTests$AnnotatedNotAbstractInSuperclassTest
Tests run: 5, Failures: 0, Errors: 0, Skipped: 0, Time elapsed: 0.002 sec
Running com.google.common.eventbus.outside.AnnotatedSubscriberFinderTests$BaseSubscriberFinderTest
Tests run: 2, Failures: 0, Errors: 0, Skipped: 0, Time elapsed: 0.001 sec
Running com.google.common.eventbus.outside.AnnotatedSubscriberFinderTests$DeepInterfaceTest
Tests run: 8, Failures: 0, Errors: 0, Skipped: 0, Time elapsed: 0.001 sec
Running com.google.common.eventbus.outside.AnnotatedSubscriberFinderTests$NeitherAbstractNorAnnotatedInSuperclassTest
Tests run: 3, Failures: 0, Errors: 0, Skipped: 0, Time elapsed: 0.001 sec
Running com.google.common.eventbus.outside.OutsideEventBusTest
Tests run: 1, Failures: 0, Errors: 0, Skipped: 0, Time elapsed: 0.001 sec
Running com.google.common.graph.ConfigurableDirectedGraphTest
Tests run: 57, Failures: 0, Errors: 0, Skipped: 0, Time elapsed: 0.065 sec
Running com.google.common.graph.ConfigurableDirectedGraphWithStableOrderTest
Tests run: 52, Failures: 0, Errors: 0, Skipped: 0, Time elapsed: 0.016 sec
Running com.google.common.graph.ConfigurableDirectedMultiNetworkTest
Tests run: 91, Failures: 0, Errors: 0, Skipped: 0, Time elapsed: 0.116 sec
Running com.google.common.graph.ConfigurableDirectedNetworkTest
Tests run: 86, Failures: 0, Errors: 0, Skipped: 0, Time elapsed: 0.058 sec
Running com.google.common.graph.ConfigurableSimpleDirectedGraphTest
Tests run: 47, Failures: 0, Errors: 0, Skipped: 0, Time elapsed: 0.009 sec
Running com.google.common.graph.ConfigurableSimpleDirectedNetworkTest
Tests run: 66, Failures: 0, Errors: 0, Skipped: 0, Time elapsed: 0.045 sec
Running com.google.common.graph.ConfigurableSimpleDirectedSortedNetworkTest
Tests run: 66, Failures: 0, Errors: 0, Skipped: 0, Time elapsed: 0.079 sec
Running com.google.common.graph.ConfigurableSimpleUndirectedGraphTest
Tests run: 45, Failures: 0, Errors: 0, Skipped: 0, Time elapsed: 0.032 sec
Running com.google.common.graph.ConfigurableSimpleUndirectedNetworkTest
Tests run: 62, Failures: 0, Errors: 0, Skipped: 0, Time elapsed: 0.054 sec
Running com.google.common.graph.ConfigurableUndirectedGraphTest
Tests run: 55, Failures: 0, Errors: 0, Skipped: 0, Time elapsed: 0.008 sec
Running com.google.common.graph.ConfigurableUndirectedMultiNetworkTest
Tests run: 85, Failures: 0, Errors: 0, Skipped: 0, Time elapsed: 0.055 sec
Running com.google.common.graph.ConfigurableUndirectedNetworkTest
Tests run: 80, Failures: 0, Errors: 0, Skipped: 0, Time elapsed: 0.035 sec
Running com.google.common.graph.DefaultNetworkImplementationsTest
Tests run: 14, Failures: 0, Errors: 0, Skipped: 0, Time elapsed: 0.025 sec
Running com.google.common.graph.ElementOrderTest
Tests run: 13, Failures: 0, Errors: 0, Skipped: 0, Time elapsed: 0.002 sec
Running com.google.common.graph.EndpointPairTest
Tests run: 12, Failures: 0, Errors: 0, Skipped: 0, Time elapsed: 0.002 sec
Running com.google.common.graph.GraphEquivalenceTest
Tests run: 12, Failures: 0, Errors: 0, Skipped: 0, Time elapsed: 0.001 sec
Running com.google.common.graph.GraphMutationTest
Tests run: 2, Failures: 0, Errors: 0, Skipped: 0, Time elapsed: 2.583 sec
Running com.google.common.graph.GraphPropertiesTest
Tests run: 12, Failures: 0, Errors: 0, Skipped: 0, Time elapsed: 0.002 sec
Running com.google.common.graph.GraphsTest
Tests run: 33, Failures: 0, Errors: 0, Skipped: 0, Time elapsed: 0.064 sec
Running com.google.common.graph.ImmutableGraphTest
Tests run: 7, Failures: 0, Errors: 0, Skipped: 0, Time elapsed: 0.002 sec
Running com.google.common.graph.ImmutableNetworkTest
Tests run: 9, Failures: 0, Errors: 0, Skipped: 0, Time elapsed: 0.002 sec
Running com.google.common.graph.ImmutableValueGraphTest
Tests run: 7, Failures: 0, Errors: 0, Skipped: 0, Time elapsed: 0.002 sec
Running com.google.common.graph.MapCacheTest
Tests run: 16, Failures: 0, Errors: 0, Skipped: 0, Time elapsed: 0.002 sec
Running com.google.common.graph.NetworkEquivalenceTest
Tests run: 16, Failures: 0, Errors: 0, Skipped: 0, Time elapsed: 0.002 sec
Running com.google.common.graph.NetworkMutationTest
Tests run: 2, Failures: 0, Errors: 0, Skipped: 0, Time elapsed: 10.883 sec
Running com.google.common.graph.TraverserTest
Tests run: 108, Failures: 0, Errors: 0, Skipped: 0, Time elapsed: 0.012 sec
Running com.google.common.graph.ValueGraphTest
Tests run: 25, Failures: 0, Errors: 0, Skipped: 0, Time elapsed: 0.038 sec
Running com.google.common.hash.AbstractByteHasherTest
Tests run: 9, Failures: 0, Errors: 0, Skipped: 0, Time elapsed: 0.068 sec
Running com.google.common.hash.AbstractNonStreamingHashFunctionTest
Tests run: 5, Failures: 0, Errors: 0, Skipped: 0, Time elapsed: 0.027 sec
Running com.google.common.hash.AbstractStreamingHasherTest
Tests run: 10, Failures: 0, Errors: 0, Skipped: 0, Time elapsed: 0.793 sec
Running com.google.common.hash.BloomFilterTest
Tests run: 28, Failures: 0, Errors: 0, Skipped: 0, Time elapsed: 5.102 sec
Running com.google.common.hash.ChecksumHashFunctionTest
Tests run: 4, Failures: 0, Errors: 0, Skipped: 0, Time elapsed: 0.003 sec
Running com.google.common.hash.Crc32cHashFunctionTest
Tests run: 7, Failures: 0, Errors: 0, Skipped: 0, Time elapsed: 0.001 sec
Running com.google.common.hash.FarmHashFingerprint64Test
Tests run: 6, Failures: 0, Errors: 0, Skipped: 0, Time elapsed: 0.018 sec
Running com.google.common.hash.FunnelsTest
Tests run: 14, Failures: 0, Errors: 0, Skipped: 0, Time elapsed: 0.168 sec
Running com.google.common.hash.HashCodeTest
Tests run: 31, Failures: 0, Errors: 0, Skipped: 0, Time elapsed: 0.008 sec
Running com.google.common.hash.HashingInputStreamTest
Tests run: 8, Failures: 0, Errors: 0, Skipped: 0, Time elapsed: 0.136 sec
Running com.google.common.hash.HashingOutputStreamTest
Tests run: 5, Failures: 0, Errors: 0, Skipped: 0, Time elapsed: 0.003 sec
Running com.google.common.hash.HashingTest
Tests run: 39, Failures: 0, Errors: 0, Skipped: 0, Time elapsed: 5.677 sec
Running com.google.common.hash.MacHashFunctionTest
Tests run: 28, Failures: 0, Errors: 0, Skipped: 0, Time elapsed: 0.085 sec
Running com.google.common.hash.MessageDigestHashFunctionTest
Tests run: 4, Failures: 0, Errors: 0, Skipped: 0, Time elapsed: 0.009 sec
Running com.google.common.hash.Murmur3Hash128Test
Tests run: 3, Failures: 0, Errors: 0, Skipped: 0, Time elapsed: 0.118 sec
Running com.google.common.hash.Murmur3Hash32Test
Tests run: 11, Failures: 0, Errors: 0, Skipped: 0, Time elapsed: 0.113 sec
Running com.google.common.hash.SipHashFunctionTest
Tests run: 5, Failures: 0, Errors: 0, Skipped: 0, Time elapsed: 0.007 sec
Running com.google.common.html.HtmlEscapersTest
Tests run: 1, Failures: 0, Errors: 0, Skipped: 0, Time elapsed: 0.001 sec
Running com.google.common.io.AppendableWriterTest
Tests run: 4, Failures: 0, Errors: 0, Skipped: 0, Time elapsed: 0.001 sec
Running com.google.common.io.BaseEncodingTest
Tests run: 31, Failures: 0, Errors: 0, Skipped: 0, Time elapsed: 0.031 sec
Running com.google.common.io.ByteSinkTest
Tests run: 7, Failures: 0, Errors: 0, Skipped: 0, Time elapsed: 0.01 sec
Running com.google.common.io.ByteSourceTest
Tests run: 2182, Failures: 0, Errors: 0, Skipped: 0, Time elapsed: 0.085 sec
Running com.google.common.io.ByteStreamsTest
Tests run: 56, Failures: 0, Errors: 0, Skipped: 0, Time elapsed: 0.086 sec
Running com.google.common.io.CharSequenceReaderTest
Tests run: 5, Failures: 0, Errors: 0, Skipped: 0, Time elapsed: 0.001 sec
Running com.google.common.io.CharSinkTest
Tests run: 9, Failures: 0, Errors: 0, Skipped: 0, Time elapsed: 0.015 sec
Running com.google.common.io.CharSourceTest
Tests run: 1457, Failures: 0, Errors: 0, Skipped: 0, Time elapsed: 0.061 sec
Running com.google.common.io.CharStreamsTest
Tests run: 15, Failures: 0, Errors: 0, Skipped: 0, Time elapsed: 0.019 sec
Running com.google.common.io.CloseablesTest
Tests run: 8, Failures: 0, Errors: 0, Skipped: 0, Time elapsed: 0.015 sec
Running com.google.common.io.CloserTest
Tests run: 13, Failures: 0, Errors: 0, Skipped: 0, Time elapsed: 0.003 sec
Running com.google.common.io.CountingInputStreamTest
Tests run: 9, Failures: 0, Errors: 0, Skipped: 0, Time elapsed: 0.001 sec
Running com.google.common.io.CountingOutputStreamTest
Tests run: 1, Failures: 0, Errors: 0, Skipped: 0, Time elapsed: 0.013 sec
Running com.google.common.io.FileBackedOutputStreamTest
Tests run: 5, Failures: 0, Errors: 0, Skipped: 0, Time elapsed: 0.332 sec
Running com.google.common.io.FilesFileTraverserTest
Tests run: 8, Failures: 0, Errors: 0, Skipped: 0, Time elapsed: 0.011 sec
Running com.google.common.io.FilesSimplifyPathTest
Tests run: 34, Failures: 0, Errors: 0, Skipped: 0, Time elapsed: 0.253 sec
Running com.google.common.io.FilesTest
Tests run: 1041, Failures: 0, Errors: 0, Skipped: 0, Time elapsed: 0.358 sec
Running com.google.common.io.FlushablesTest
Tests run: 4, Failures: 0, Errors: 0, Skipped: 0, Time elapsed: 0.011 sec
Running com.google.common.io.LineBufferTest
Tests run: 1, Failures: 0, Errors: 0, Skipped: 0, Time elapsed: 0.032 sec
Running com.google.common.io.LittleEndianDataInputStreamTest
Tests run: 6, Failures: 0, Errors: 0, Skipped: 0, Time elapsed: 0.003 sec
Running com.google.common.io.LittleEndianDataOutputStreamTest
Tests run: 4, Failures: 0, Errors: 0, Skipped: 0, Time elapsed: 0.003 sec
Running com.google.common.io.MultiInputStreamTest
Tests run: 6, Failures: 0, Errors: 0, Skipped: 0, Time elapsed: 1.159 sec
Running com.google.common.io.MultiReaderTest
Tests run: 5, Failures: 0, Errors: 0, Skipped: 0, Time elapsed: 0.002 sec
Running com.google.common.io.PatternFilenameFilterTest
Tests run: 2, Failures: 0, Errors: 0, Skipped: 0, Time elapsed: 0.001 sec
Running com.google.common.io.ResourcesTest
Tests run: 733, Failures: 0, Errors: 0, Skipped: 0, Time elapsed: 0.155 sec
Running com.google.common.math.BigIntegerMathTest
Tests run: 44, Failures: 0, Errors: 0, Skipped: 0, Time elapsed: 1.006 sec
Running com.google.common.math.DoubleMathTest
Tests run: 68, Failures: 0, Errors: 0, Skipped: 0, Time elapsed: 2.648 sec
Running com.google.common.math.DoubleUtilsTest
Tests run: 4, Failures: 0, Errors: 0, Skipped: 0, Time elapsed: 0.004 sec
Running com.google.common.math.IntMathTest
Tests run: 56, Failures: 0, Errors: 0, Skipped: 0, Time elapsed: 0.265 sec
Running com.google.common.math.LinearTransformationTest
Tests run: 25, Failures: 0, Errors: 0, Skipped: 0, Time elapsed: 0.004 sec
Running com.google.common.math.LongMathTest
Tests run: 67, Failures: 0, Errors: 0, Skipped: 0, Time elapsed: 29.627 sec
Running com.google.common.math.MathPreconditionsTest
Tests run: 44, Failures: 0, Errors: 0, Skipped: 0, Time elapsed: 0.026 sec
Running com.google.common.math.PairedStatsAccumulatorTest
Tests run: 8, Failures: 0, Errors: 0, Skipped: 0, Time elapsed: 0.009 sec
Running com.google.common.math.PairedStatsTest
Tests run: 15, Failures: 0, Errors: 0, Skipped: 0, Time elapsed: 0.006 sec
Running com.google.common.math.QuantilesAlgorithmTest
Tests run: 3, Failures: 0, Errors: 0, Skipped: 0, Time elapsed: 0.006 sec
Running com.google.common.math.QuantilesTest
Tests run: 58, Failures: 0, Errors: 0, Skipped: 0, Time elapsed: 4.873 sec
Running com.google.common.math.StatsAccumulatorTest
Tests run: 10, Failures: 0, Errors: 0, Skipped: 0, Time elapsed: 0.004 sec
Running com.google.common.math.StatsTest
Tests run: 18, Failures: 0, Errors: 0, Skipped: 0, Time elapsed: 0.006 sec
Running com.google.common.net.HostAndPortTest
Tests run: 13, Failures: 0, Errors: 0, Skipped: 0, Time elapsed: 0.004 sec
Running com.google.common.net.HostSpecifierTest
Tests run: 6, Failures: 0, Errors: 0, Skipped: 0, Time elapsed: 0.024 sec
Running com.google.common.net.HttpHeadersTest
Tests run: 1, Failures: 0, Errors: 0, Skipped: 0, Time elapsed: 0.003 sec
Running com.google.common.net.InetAddressesTest
Tests run: 41, Failures: 0, Errors: 0, Skipped: 0, Time elapsed: 0.013 sec
Running com.google.common.net.InternetDomainNameTest
Tests run: 23, Failures: 0, Errors: 0, Skipped: 0, Time elapsed: 0.016 sec
Running com.google.common.net.MediaTypeTest
Tests run: 48, Failures: 0, Errors: 0, Skipped: 0, Time elapsed: 0.021 sec
Running com.google.common.net.PercentEscaperTest
Tests run: 7, Failures: 0, Errors: 0, Skipped: 0, Time elapsed: 0.002 sec
Running com.google.common.net.UrlEscapersTest
Tests run: 3, Failures: 0, Errors: 0, Skipped: 0, Time elapsed: 0.001 sec
Running com.google.common.primitives.BooleansTest
Tests run: 30, Failures: 0, Errors: 0, Skipped: 0, Time elapsed: 0.004 sec
Running com.google.common.primitives.ByteArrayAsListTest
Tests run: 840, Failures: 0, Errors: 0, Skipped: 0, Time elapsed: 0.075 sec
Running com.google.common.primitives.BytesTest
Tests run: 19, Failures: 0, Errors: 0, Skipped: 0, Time elapsed: 0.003 sec
Running com.google.common.primitives.CharArrayAsListTest
Tests run: 840, Failures: 0, Errors: 0, Skipped: 0, Time elapsed: 0.118 sec
Running com.google.common.primitives.CharsTest
Tests run: 36, Failures: 0, Errors: 0, Skipped: 0, Time elapsed: 0.188 sec
Running com.google.common.primitives.DoubleArrayAsListTest
Tests run: 840, Failures: 0, Errors: 0, Skipped: 0, Time elapsed: 0.076 sec
Running com.google.common.primitives.DoublesTest
Tests run: 46, Failures: 0, Errors: 0, Skipped: 0, Time elapsed: 3.611 sec
Running com.google.common.primitives.FloatArrayAsListTest
Tests run: 840, Failures: 0, Errors: 0, Skipped: 0, Time elapsed: 0.065 sec
Running com.google.common.primitives.FloatsTest
Tests run: 45, Failures: 0, Errors: 0, Skipped: 0, Time elapsed: 3.766 sec
Running com.google.common.primitives.ImmutableDoubleArrayTest
Tests run: 2195, Failures: 0, Errors: 0, Skipped: 0, Time elapsed: 3.576 sec
Running com.google.common.primitives.ImmutableIntArrayTest
Tests run: 2194, Failures: 0, Errors: 0, Skipped: 0, Time elapsed: 3.427 sec
Running com.google.common.primitives.ImmutableLongArrayTest
Tests run: 2194, Failures: 0, Errors: 0, Skipped: 0, Time elapsed: 3.746 sec
Running com.google.common.primitives.IntArrayAsListTest
Tests run: 840, Failures: 0, Errors: 0, Skipped: 0, Time elapsed: 0.063 sec
Running com.google.common.primitives.IntsTest
Tests run: 48, Failures: 0, Errors: 0, Skipped: 0, Time elapsed: 0.012 sec
Running com.google.common.primitives.LongArrayAsListTest
Tests run: 840, Failures: 0, Errors: 0, Skipped: 0, Time elapsed: 0.069 sec
Running com.google.common.primitives.LongsTest
Tests run: 46, Failures: 0, Errors: 0, Skipped: 0, Time elapsed: 0.005 sec
Running com.google.common.primitives.PrimitivesTest
Tests run: 6, Failures: 0, Errors: 0, Skipped: 0, Time elapsed: 0.001 sec
Running com.google.common.primitives.ShortArrayAsListTest
Tests run: 840, Failures: 0, Errors: 0, Skipped: 0, Time elapsed: 0.074 sec
Running com.google.common.primitives.ShortsTest
Tests run: 43, Failures: 0, Errors: 0, Skipped: 0, Time elapsed: 0.011 sec
Running com.google.common.primitives.SignedBytesTest
Tests run: 13, Failures: 0, Errors: 0, Skipped: 0, Time elapsed: 0.002 sec
Running com.google.common.primitives.UnsignedBytesTest
Tests run: 23, Failures: 0, Errors: 0, Skipped: 0, Time elapsed: 0.034 sec
Running com.google.common.primitives.UnsignedIntegerTest
Tests run: 21, Failures: 0, Errors: 0, Skipped: 0, Time elapsed: 0.01 sec
Running com.google.common.primitives.UnsignedIntsTest
Tests run: 26, Failures: 0, Errors: 0, Skipped: 0, Time elapsed: 0.073 sec
Running com.google.common.primitives.UnsignedLongTest
Tests run: 21, Failures: 0, Errors: 0, Skipped: 0, Time elapsed: 0.023 sec
Running com.google.common.primitives.UnsignedLongsTest
Tests run: 24, Failures: 0, Errors: 0, Skipped: 0, Time elapsed: 0.126 sec
Running com.google.common.reflect.AbstractInvocationHandlerTest
Tests run: 3, Failures: 0, Errors: 0, Skipped: 0, Time elapsed: 0.014 sec
Running com.google.common.reflect.ClassPathTest
Tests run: 39, Failures: 0, Errors: 0, Skipped: 0, Time elapsed: 0.314 sec
Running com.google.common.reflect.ElementTest
Tests run: 19, Failures: 0, Errors: 0, Skipped: 0, Time elapsed: 0.004 sec
Running com.google.common.reflect.ImmutableTypeToInstanceMapTest
Tests run: 600, Failures: 0, Errors: 0, Skipped: 0, Time elapsed: 0.292 sec
Running com.google.common.reflect.InvokableTest
Tests run: 52, Failures: 0, Errors: 0, Skipped: 0, Time elapsed: 0.011 sec
Running com.google.common.reflect.MutableTypeToInstanceMapTest
Tests run: 684, Failures: 0, Errors: 0, Skipped: 0, Time elapsed: 0.07 sec
Running com.google.common.reflect.ParameterTest
Tests run: 2, Failures: 0, Errors: 0, Skipped: 0, Time elapsed: 0.002 sec
Running com.google.common.reflect.ReflectionTest
Tests run: 5, Failures: 0, Errors: 0, Skipped: 0, Time elapsed: 0.002 sec
Running com.google.common.reflect.TypeParameterTest
Tests run: 4, Failures: 0, Errors: 0, Skipped: 0, Time elapsed: 0.001 sec
Running com.google.common.reflect.TypeResolverTest
Tests run: 27, Failures: 0, Errors: 0, Skipped: 0, Time elapsed: 0.013 sec
Running com.google.common.reflect.TypeTokenResolutionTest
Tests run: 36, Failures: 0, Errors: 0, Skipped: 0, Time elapsed: 0.031 sec
Running com.google.common.reflect.TypeTokenSubtypeTest
Tests run: 10, Failures: 0, Errors: 0, Skipped: 0, Time elapsed: 0.037 sec
Running com.google.common.reflect.TypeTokenTest
Tests run: 172, Failures: 0, Errors: 0, Skipped: 0, Time elapsed: 0.145 sec
Running com.google.common.reflect.TypeVisitorTest
Tests run: 7, Failures: 0, Errors: 0, Skipped: 0, Time elapsed: 0.003 sec
Running com.google.common.reflect.TypesTest
Tests run: 26, Failures: 0, Errors: 0, Skipped: 0, Time elapsed: 0.009 sec
Running com.google.common.util.concurrent.AbstractExecutionThreadServiceTest
Tests run: 12, Failures: 0, Errors: 0, Skipped: 0, Time elapsed: 0.139 sec
Running com.google.common.util.concurrent.AbstractFutureCancellationCauseTest
Tests run: 3, Failures: 0, Errors: 0, Skipped: 0, Time elapsed: 0.025 sec
Running com.google.common.util.concurrent.AbstractFutureFallbackAtomicHelperTest
Tests run: 42, Failures: 0, Errors: 0, Skipped: 0, Time elapsed: 25.766 sec
Running com.google.common.util.concurrent.AbstractFutureTest
Tests run: 42, Failures: 0, Errors: 0, Skipped: 0, Time elapsed: 9.501 sec
Running com.google.common.util.concurrent.AbstractIdleServiceTest
Tests run: 7, Failures: 0, Errors: 0, Skipped: 0, Time elapsed: 0.006 sec
Running com.google.common.util.concurrent.AbstractIdleServiceTest$FunctionalTest
Tests run: 3, Failures: 0, Errors: 0, Skipped: 0, Time elapsed: 0.042 sec
Running com.google.common.util.concurrent.AbstractListeningExecutorServiceTest
Tests run: 1, Failures: 0, Errors: 0, Skipped: 0, Time elapsed: 0.032 sec
Running com.google.common.util.concurrent.AbstractScheduledServiceTest
Tests run: 11, Failures: 0, Errors: 0, Skipped: 0, Time elapsed: 0.507 sec
Running com.google.common.util.concurrent.AbstractScheduledServiceTest$SchedulerTest
Tests run: 9, Failures: 0, Errors: 0, Skipped: 0, Time elapsed: 12.246 sec
Running com.google.common.util.concurrent.AbstractServiceTest
Tests run: 38, Failures: 0, Errors: 0, Skipped: 0, Time elapsed: 0.04 sec
Running com.google.common.util.concurrent.AggregateFutureStateFallbackAtomicHelperTest
Tests run: 159, Failures: 0, Errors: 0, Skipped: 0, Time elapsed: 4.517 sec
Running com.google.common.util.concurrent.AtomicDoubleArrayTest
Tests run: 18, Failures: 0, Errors: 0, Skipped: 0, Time elapsed: 0.292 sec
Running com.google.common.util.concurrent.AtomicDoubleTest
Tests run: 17, Failures: 0, Errors: 0, Skipped: 0, Time elapsed: 0.006 sec
Running com.google.common.util.concurrent.AtomicLongMapBasherTest
Tests run: 1, Failures: 0, Errors: 0, Skipped: 0, Time elapsed: 2.886 sec
Running com.google.common.util.concurrent.AtomicLongMapTest
Tests run: 31, Failures: 0, Errors: 0, Skipped: 0, Time elapsed: 0.009 sec
Running com.google.common.util.concurrent.AtomicsTest
Tests run: 7, Failures: 0, Errors: 0, Skipped: 0, Time elapsed: 0.002 sec
Running com.google.common.util.concurrent.CallablesTest
Tests run: 6, Failures: 0, Errors: 0, Skipped: 0, Time elapsed: 0.03 sec
Running com.google.common.util.concurrent.CycleDetectingLockFactoryTest
Tests run: 23, Failures: 0, Errors: 0, Skipped: 0, Time elapsed: 0.125 sec
Running com.google.common.util.concurrent.ExecutionListTest
Tests run: 7, Failures: 0, Errors: 0, Skipped: 0, Time elapsed: 0.022 sec
Running com.google.common.util.concurrent.ExecutionSequencerTest
Tests run: 6, Failures: 0, Errors: 0, Skipped: 0, Time elapsed: 0.008 sec
Running com.google.common.util.concurrent.FakeTimeLimiterTest
Tests run: 7, Failures: 0, Errors: 0, Skipped: 0, Time elapsed: 0.003 sec
Running com.google.common.util.concurrent.FluentFutureTest
Tests run: 9, Failures: 0, Errors: 0, Skipped: 0, Time elapsed: 0.006 sec
Running com.google.common.util.concurrent.ForwardingBlockingDequeTest
Tests run: 1, Failures: 0, Errors: 0, Skipped: 0, Time elapsed: 0.217 sec
Running com.google.common.util.concurrent.ForwardingBlockingQueueTest
Tests run: 1, Failures: 0, Errors: 0, Skipped: 0, Time elapsed: 0.093 sec
Running com.google.common.util.concurrent.ForwardingExecutorServiceTest
Tests run: 1, Failures: 0, Errors: 0, Skipped: 0, Time elapsed: 0.055 sec
Running com.google.common.util.concurrent.ForwardingFutureTest
Tests run: 1, Failures: 0, Errors: 0, Skipped: 0, Time elapsed: 0.014 sec
Running com.google.common.util.concurrent.ForwardingListenableFutureTest
Tests run: 1, Failures: 0, Errors: 0, Skipped: 0, Time elapsed: 0.017 sec
Running com.google.common.util.concurrent.ForwardingListeningExecutorServiceTest
Tests run: 1, Failures: 0, Errors: 0, Skipped: 0, Time elapsed: 0.033 sec
Running com.google.common.util.concurrent.ForwardingObjectTesterTest
Tests run: 2, Failures: 0, Errors: 0, Skipped: 0, Time elapsed: 0.015 sec
Running com.google.common.util.concurrent.FutureCallbackTest
Tests run: 9, Failures: 0, Errors: 0, Skipped: 0, Time elapsed: 0.009 sec
Running com.google.common.util.concurrent.FuturesGetCheckedTest
Tests run: 32, Failures: 0, Errors: 0, Skipped: 0, Time elapsed: 0.324 sec
Running com.google.common.util.concurrent.FuturesGetDoneTest
Tests run: 5, Failures: 0, Errors: 0, Skipped: 0, Time elapsed: 0.002 sec
Running com.google.common.util.concurrent.FuturesGetUncheckedTest
Tests run: 9, Failures: 0, Errors: 0, Skipped: 0, Time elapsed: 0.001 sec
Running com.google.common.util.concurrent.FuturesTest
Tests run: 159, Failures: 0, Errors: 0, Skipped: 0, Time elapsed: 4.173 sec
Running com.google.common.util.concurrent.FuturesTransformAsyncTest
Tests run: 15, Failures: 0, Errors: 0, Skipped: 0, Time elapsed: 0.018 sec
Running com.google.common.util.concurrent.FuturesTransformTest
Tests run: 7, Failures: 0, Errors: 0, Skipped: 0, Time elapsed: 0.002 sec
Running com.google.common.util.concurrent.GeneratedMonitorTest
Tests run: 548, Failures: 0, Errors: 0, Skipped: 0, Time elapsed: 5.549 sec
Running com.google.common.util.concurrent.InterruptibleMonitorTest
Tests run: 16, Failures: 0, Errors: 0, Skipped: 0, Time elapsed: 1.119 sec
Running com.google.common.util.concurrent.InterruptibleTaskTest
Tests run: 2, Failures: 0, Errors: 0, Skipped: 0, Time elapsed: 0.019 sec
Running com.google.common.util.concurrent.JdkFutureAdaptersTest
Tests run: 6, Failures: 0, Errors: 0, Skipped: 0, Time elapsed: 0.059 sec
Running com.google.common.util.concurrent.ListenableFutureTaskTest
Tests run: 4, Failures: 0, Errors: 0, Skipped: 0, Time elapsed: 0.029 sec
Running com.google.common.util.concurrent.ListenerCallQueueTest
Tests run: 6, Failures: 0, Errors: 0, Skipped: 0, Time elapsed: 0.02 sec
Running com.google.common.util.concurrent.MoreExecutorsTest
Tests run: 34, Failures: 0, Errors: 0, Skipped: 0, Time elapsed: 0.446 sec
Running com.google.common.util.concurrent.RateLimiterTest
Tests run: 31, Failures: 0, Errors: 0, Skipped: 0, Time elapsed: 0.153 sec
Running com.google.common.util.concurrent.RunnablesTest
Tests run: 1, Failures: 0, Errors: 0, Skipped: 0, Time elapsed: 0.001 sec
Running com.google.common.util.concurrent.SequentialExecutorTest
Tests run: 10, Failures: 0, Errors: 0, Skipped: 0, Time elapsed: 0.034 sec
Running com.google.common.util.concurrent.ServiceManagerTest
Tests run: 19, Failures: 0, Errors: 0, Skipped: 0, Time elapsed: 2.486 sec
Running com.google.common.util.concurrent.ServiceTest
Tests run: 1, Failures: 0, Errors: 0, Skipped: 0, Time elapsed: 0.001 sec
Running com.google.common.util.concurrent.SettableFutureTest
Tests run: 16, Failures: 0, Errors: 0, Skipped: 0, Time elapsed: 0.01 sec
Running com.google.common.util.concurrent.SimpleTimeLimiterTest
Tests run: 16, Failures: 0, Errors: 0, Skipped: 0, Time elapsed: 10.557 sec
Running com.google.common.util.concurrent.StripedTest
Tests run: 9, Failures: 0, Errors: 0, Skipped: 0, Time elapsed: 3.363 sec
Running com.google.common.util.concurrent.SupplementalMonitorTest
Tests run: 6, Failures: 0, Errors: 0, Skipped: 0, Time elapsed: 0.002 sec
Running com.google.common.util.concurrent.ThreadFactoryBuilderTest
Tests run: 14, Failures: 0, Errors: 0, Skipped: 0, Time elapsed: 0.003 sec
Running com.google.common.util.concurrent.TrustedInputFutureTest
Tests run: 35, Failures: 0, Errors: 0, Skipped: 0, Time elapsed: 0.042 sec
Running com.google.common.util.concurrent.TrustedListenableFutureTaskTest
Tests run: 6, Failures: 0, Errors: 0, Skipped: 0, Time elapsed: 0.193 sec
Running com.google.common.util.concurrent.UncaughtExceptionHandlersTest
Tests run: 1, Failures: 0, Errors: 0, Skipped: 0, Time elapsed: 0.039 sec
Running com.google.common.util.concurrent.UninterruptibleFutureTest
Tests run: 11, Failures: 0, Errors: 0, Skipped: 0, Time elapsed: 2.01 sec
Running com.google.common.util.concurrent.UninterruptibleMonitorTest
Tests run: 16, Failures: 0, Errors: 0, Skipped: 0, Time elapsed: 1.117 sec
Running com.google.common.util.concurrent.UninterruptiblesTest
Tests run: 40, Failures: 0, Errors: 0, Skipped: 0, Time elapsed: 4.683 sec
Running com.google.common.util.concurrent.UntrustedInputFutureTest
Tests run: 35, Failures: 0, Errors: 0, Skipped: 0, Time elapsed: 0.039 sec
Running com.google.common.util.concurrent.WrappingExecutorServiceTest
Tests run: 5, Failures: 0, Errors: 0, Skipped: 0, Time elapsed: 0.002 sec
Running com.google.common.util.concurrent.WrappingScheduledExecutorServiceTest
Tests run: 2, Failures: 0, Errors: 0, Skipped: 0, Time elapsed: 0.001 sec
Running com.google.common.xml.XmlEscapersTest
Tests run: 2, Failures: 0, Errors: 0, Skipped: 0, Time elapsed: 0.082 sec

Results :

Tests run: 736678, Failures: 0, Errors: 0, Skipped: 0

[INFO] 
[INFO] --- animal-sniffer-maven-plugin:1.18:check (check-java-version-compatibility) @ guava-tests ---
[INFO] Checking unresolved references to org.codehaus.mojo.signature:java16-sun:1.10
[INFO] 
[INFO] --- maven-jar-plugin:3.2.0:jar (default-jar) @ guava-tests ---
[INFO] Skipping packaging of the jar
[INFO] 
[INFO] --- maven-jar-plugin:3.2.0:test-jar (create-test-jar) @ guava-tests ---
[INFO] 
[INFO] --- maven-javadoc-plugin:3.1.0:jar (attach-docs) @ guava-tests ---
[INFO] Skipping javadoc generation
[INFO] 
[INFO] >>> maven-source-plugin:3.2.0:jar (attach-sources) > generate-sources @ guava-tests >>>
[INFO] 
[INFO] --- maven-enforcer-plugin:3.0.0-M2:enforce (enforce-versions) @ guava-tests ---
[INFO] 
[INFO] <<< maven-source-plugin:3.2.0:jar (attach-sources) < generate-sources @ guava-tests <<<
[INFO] 
[INFO] 
[INFO] --- maven-source-plugin:3.2.0:jar (attach-sources) @ guava-tests ---
[INFO] No sources in project. Archive not created.
[INFO] 
[INFO] >>> maven-source-plugin:3.2.0:test-jar (attach-test-sources) > generate-sources @ guava-tests >>>
[INFO] 
[INFO] --- maven-enforcer-plugin:3.0.0-M2:enforce (enforce-versions) @ guava-tests ---
[INFO] 
[INFO] <<< maven-source-plugin:3.2.0:test-jar (attach-test-sources) < generate-sources @ guava-tests <<<
[INFO] 
[INFO] 
[INFO] --- maven-source-plugin:3.2.0:test-jar (attach-test-sources) @ guava-tests ---
[INFO] ------------------------------------------------------------------------
[INFO] Reactor Summary for Guava Maven Parent HEAD-android-SNAPSHOT:
[INFO] 
[INFO] Guava Maven Parent ................................. SUCCESS [  0.821 s]
[INFO] Guava: Google Core Libraries for Java .............. SUCCESS [ 14.640 s]
[INFO] Guava BOM .......................................... SUCCESS [  0.051 s]
[INFO] Guava Testing Library .............................. SUCCESS [01:44 min]
[INFO] Guava Unit Tests ................................... SUCCESS [06:40 min]
[INFO] ------------------------------------------------------------------------
[INFO] BUILD SUCCESS
[INFO] ------------------------------------------------------------------------
[INFO] Total time:  08:40 min
[INFO] Finished at: 2022-02-26T15:10:05Z
[INFO] ------------------------------------------------------------------------
/home/travis/.travis/functions: line 607:  3220 Terminated              travis_jigger "${!}" "${timeout}" "${cmd[@]}"
travis_time:end:036ad08e:start=1645887683365078985,finish=1645888205358200929,duration=521993121944,event=script[0K[32;1mThe command "travis_wait 60 mvn -B -Dorg.slf4j.simpleLogger.log.org.apache.maven.cli.transfer.Slf4jMavenTransferListener=warn verify -U -Dmaven.javadoc.skip=true -f $ROOT_POM" exited with 0.[0m
travis_fold:start:cache.2[0Kstore build cache
travis_time:start:000e8592[0Ktravis_time:end:000e8592:start=1645888205366422454,finish=1645888205372685910,duration=6263456,event=cache[0Ktravis_time:start:0278468d[0K[32;1mchanges detected, packing new archive[0m
[32;1muploading /[0m
[31;1mfailed to upload cache[0m
travis_time:end:0278468d:start=1645888205380582845,finish=1645888209802668667,duration=4422085822,event=cache[0Ktravis_fold:end:cache.2[0K
travis_fold:start:after_success.1[0Ktravis_time:start:032cc5ac[0K$ util/deploy_snapshot.sh
travis_time:end:032cc5ac:start=1645888209811569662,finish=1645888210062033051,duration=250463389,event=after_success[0Ktravis_fold:end:after_success.1[0Ktravis_fold:start:after_success.2[0Ktravis_time:start:04f3930e[0K$ util/update_snapshot_docs.sh
travis_time:end:04f3930e:start=1645888210070449354,finish=1645888210504623599,duration=434174245,event=after_success[0Ktravis_fold:end:after_success.2[0K
Done. Your build exited with 0.
