travis_fold:start:system_info[0K[33;1mBuild system information[0m
Build language: java
Build id: ''
Job id: ''
[34m[1mBuild image provisioning date and time[0m
Thu Feb  5 15:09:33 UTC 2015
[34m[1mOperating System Details[0m
Distributor ID:	Ubuntu
Description:	Ubuntu 12.04.5 LTS
Release:	12.04
Codename:	precise
[34m[1mLinux Version[0m
3.13.0-29-generic
[34m[1mCookbooks Version[0m
a68419e https://github.com/travis-ci/travis-cookbooks/tree/a68419e
[34m[1mGCC version[0m
gcc (Ubuntu/Linaro 4.6.3-1ubuntu5) 4.6.3
Copyright (C) 2011 Free Software Foundation, Inc.
This is free software; see the source for copying conditions.  There is NO
warranty; not even for MERCHANTABILITY or FITNESS FOR A PARTICULAR PURPOSE.

[34m[1mLLVM version[0m
clang version 3.4 (tags/RELEASE_34/final)
Target: x86_64-unknown-linux-gnu
Thread model: posix
[34m[1mPre-installed Ruby versions[0m
ruby-1.9.3-p551
[34m[1mPre-installed Node.js versions[0m
v0.10.36
[34m[1mPre-installed Go versions[0m
1.4.1
[34m[1mRedis version[0m
redis-server 2.8.19
[34m[1mriak version[0m
2.0.2
[34m[1mMongoDB version[0m
MongoDB 2.4.12
[34m[1mCouchDB version[0m
couchdb 1.6.1
[34m[1mNeo4j version[0m
1.9.4
[34m[1mRabbitMQ Version[0m
3.4.3
[34m[1mElasticSearch version[0m
1.4.0
[34m[1mInstalled Sphinx versions[0m
2.0.10
2.1.9
2.2.6
[34m[1mDefault Sphinx version[0m
2.2.6
[34m[1mInstalled Firefox version[0m
firefox 31.0esr
[34m[1mPhantomJS version[0m
1.9.8
[34m[1mant -version[0m
Apache Ant(TM) version 1.8.2 compiled on December 3 2011
[34m[1mmvn -version[0m
Apache Maven 3.2.5 (12a6b3acb947671f09b81f49094c53f426d8cea1; 2014-12-14T17:29:23+00:00)
Maven home: /usr/local/maven
Java version: 1.7.0_76, vendor: Oracle Corporation
Java home: /usr/lib/jvm/java-7-oracle/jre
Default locale: en_US, platform encoding: ANSI_X3.4-1968
OS name: "linux", version: "3.13.0-29-generic", arch: "amd64", family: "unix"
travis_fold:end:system_info[0K
W: Failed to fetch http://apt.postgresql.org/pub/repos/apt/dists/precise-pgdg/main/binary-amd64/Packages  404  Not Found [IP: 72.32.157.246 80]

W: Failed to fetch http://apt.postgresql.org/pub/repos/apt/dists/precise-pgdg/main/binary-i386/Packages  404  Not Found [IP: 72.32.157.246 80]

W: Failed to fetch http://us.archive.ubuntu.com/ubuntu/dists/precise/main/source/Sources  404  Not Found [IP: 91.189.91.39 80]

W: Failed to fetch http://us.archive.ubuntu.com/ubuntu/dists/precise/restricted/source/Sources  404  Not Found [IP: 91.189.91.39 80]

W: Failed to fetch http://us.archive.ubuntu.com/ubuntu/dists/precise/universe/source/Sources  404  Not Found [IP: 91.189.91.39 80]

W: Failed to fetch http://us.archive.ubuntu.com/ubuntu/dists/precise/multiverse/source/Sources  404  Not Found [IP: 91.189.91.39 80]

W: Failed to fetch http://us.archive.ubuntu.com/ubuntu/dists/precise/main/binary-amd64/Packages  404  Not Found [IP: 91.189.91.39 80]

W: Failed to fetch http://us.archive.ubuntu.com/ubuntu/dists/precise/restricted/binary-amd64/Packages  404  Not Found [IP: 91.189.91.39 80]

W: Failed to fetch http://us.archive.ubuntu.com/ubuntu/dists/precise/universe/binary-amd64/Packages  404  Not Found [IP: 91.189.91.39 80]

W: Failed to fetch http://us.archive.ubuntu.com/ubuntu/dists/precise/multiverse/binary-amd64/Packages  404  Not Found [IP: 91.189.91.39 80]

W: Failed to fetch http://us.archive.ubuntu.com/ubuntu/dists/precise/main/binary-i386/Packages  404  Not Found [IP: 91.189.91.39 80]

W: Failed to fetch http://us.archive.ubuntu.com/ubuntu/dists/precise/restricted/binary-i386/Packages  404  Not Found [IP: 91.189.91.39 80]

W: Failed to fetch http://us.archive.ubuntu.com/ubuntu/dists/precise/universe/binary-i386/Packages  404  Not Found [IP: 91.189.91.39 80]

W: Failed to fetch http://us.archive.ubuntu.com/ubuntu/dists/precise/multiverse/binary-i386/Packages  404  Not Found [IP: 91.189.91.39 80]

W: Failed to fetch http://us.archive.ubuntu.com/ubuntu/dists/precise-updates/main/source/Sources  404  Not Found [IP: 91.189.91.39 80]

W: Failed to fetch http://us.archive.ubuntu.com/ubuntu/dists/precise-updates/restricted/source/Sources  404  Not Found [IP: 91.189.91.39 80]

W: Failed to fetch http://us.archive.ubuntu.com/ubuntu/dists/precise-updates/universe/source/Sources  404  Not Found [IP: 91.189.91.39 80]

W: Failed to fetch http://us.archive.ubuntu.com/ubuntu/dists/precise-updates/multiverse/source/Sources  404  Not Found [IP: 91.189.91.39 80]

W: Failed to fetch http://us.archive.ubuntu.com/ubuntu/dists/precise-updates/main/binary-amd64/Packages  404  Not Found [IP: 91.189.91.39 80]

W: Failed to fetch http://us.archive.ubuntu.com/ubuntu/dists/precise-updates/restricted/binary-amd64/Packages  404  Not Found [IP: 91.189.91.39 80]

W: Failed to fetch http://us.archive.ubuntu.com/ubuntu/dists/precise-updates/universe/binary-amd64/Packages  404  Not Found [IP: 91.189.91.39 80]

W: Failed to fetch http://us.archive.ubuntu.com/ubuntu/dists/precise-updates/multiverse/binary-amd64/Packages  404  Not Found [IP: 91.189.91.39 80]

W: Failed to fetch http://us.archive.ubuntu.com/ubuntu/dists/precise-updates/main/binary-i386/Packages  404  Not Found [IP: 91.189.91.39 80]

W: Failed to fetch http://us.archive.ubuntu.com/ubuntu/dists/precise-updates/restricted/binary-i386/Packages  404  Not Found [IP: 91.189.91.39 80]

W: Failed to fetch http://us.archive.ubuntu.com/ubuntu/dists/precise-updates/universe/binary-i386/Packages  404  Not Found [IP: 91.189.91.39 80]

W: Failed to fetch http://us.archive.ubuntu.com/ubuntu/dists/precise-updates/multiverse/binary-i386/Packages  404  Not Found [IP: 91.189.91.39 80]

W: Failed to fetch http://security.ubuntu.com/ubuntu/dists/precise-security/main/source/Sources  404  Not Found [IP: 91.189.91.38 80]

W: Failed to fetch http://security.ubuntu.com/ubuntu/dists/precise-security/restricted/source/Sources  404  Not Found [IP: 91.189.91.38 80]

W: Failed to fetch http://security.ubuntu.com/ubuntu/dists/precise-security/universe/source/Sources  404  Not Found [IP: 91.189.91.38 80]

W: Failed to fetch http://security.ubuntu.com/ubuntu/dists/precise-security/multiverse/source/Sources  404  Not Found [IP: 91.189.91.38 80]

W: Failed to fetch http://security.ubuntu.com/ubuntu/dists/precise-security/main/binary-amd64/Packages  404  Not Found [IP: 91.189.91.38 80]

W: Failed to fetch http://security.ubuntu.com/ubuntu/dists/precise-security/restricted/binary-amd64/Packages  404  Not Found [IP: 91.189.91.38 80]

W: Failed to fetch http://security.ubuntu.com/ubuntu/dists/precise-security/universe/binary-amd64/Packages  404  Not Found [IP: 91.189.91.38 80]

W: Failed to fetch http://security.ubuntu.com/ubuntu/dists/precise-security/multiverse/binary-amd64/Packages  404  Not Found [IP: 91.189.91.38 80]

W: Failed to fetch http://security.ubuntu.com/ubuntu/dists/precise-security/main/binary-i386/Packages  404  Not Found [IP: 91.189.91.38 80]

W: Failed to fetch http://security.ubuntu.com/ubuntu/dists/precise-security/restricted/binary-i386/Packages  404  Not Found [IP: 91.189.91.38 80]

W: Failed to fetch http://security.ubuntu.com/ubuntu/dists/precise-security/universe/binary-i386/Packages  404  Not Found [IP: 91.189.91.38 80]

W: Failed to fetch http://security.ubuntu.com/ubuntu/dists/precise-security/multiverse/binary-i386/Packages  404  Not Found [IP: 91.189.91.38 80]

W: Failed to fetch http://us.archive.ubuntu.com/ubuntu/dists/precise-backports/main/source/Sources  404  Not Found [IP: 91.189.91.39 80]

W: Failed to fetch http://us.archive.ubuntu.com/ubuntu/dists/precise-backports/restricted/source/Sources  404  Not Found [IP: 91.189.91.39 80]

W: Failed to fetch http://us.archive.ubuntu.com/ubuntu/dists/precise-backports/universe/source/Sources  404  Not Found [IP: 91.189.91.39 80]

W: Failed to fetch http://us.archive.ubuntu.com/ubuntu/dists/precise-backports/multiverse/source/Sources  404  Not Found [IP: 91.189.91.39 80]

W: Failed to fetch http://us.archive.ubuntu.com/ubuntu/dists/precise-backports/main/binary-amd64/Packages  404  Not Found [IP: 91.189.91.39 80]

W: Failed to fetch http://us.archive.ubuntu.com/ubuntu/dists/precise-backports/restricted/binary-amd64/Packages  404  Not Found [IP: 91.189.91.39 80]

W: Failed to fetch http://us.archive.ubuntu.com/ubuntu/dists/precise-backports/universe/binary-amd64/Packages  404  Not Found [IP: 91.189.91.39 80]

W: Failed to fetch http://us.archive.ubuntu.com/ubuntu/dists/precise-backports/multiverse/binary-amd64/Packages  404  Not Found [IP: 91.189.91.39 80]

W: Failed to fetch http://us.archive.ubuntu.com/ubuntu/dists/precise-backports/main/binary-i386/Packages  404  Not Found [IP: 91.189.91.39 80]

W: Failed to fetch http://us.archive.ubuntu.com/ubuntu/dists/precise-backports/restricted/binary-i386/Packages  404  Not Found [IP: 91.189.91.39 80]

W: Failed to fetch http://us.archive.ubuntu.com/ubuntu/dists/precise-backports/universe/binary-i386/Packages  404  Not Found [IP: 91.189.91.39 80]

W: Failed to fetch http://us.archive.ubuntu.com/ubuntu/dists/precise-backports/multiverse/binary-i386/Packages  404  Not Found [IP: 91.189.91.39 80]

W: Failed to fetch http://ppa.launchpad.net/rwky/ppa/ubuntu/dists/precise/main/binary-amd64/Packages  403  Forbidden

W: Failed to fetch http://ppa.launchpad.net/rwky/ppa/ubuntu/dists/precise/main/binary-i386/Packages  403  Forbidden

W: Failed to fetch http://ppa.launchpad.net/travis-ci/zero-mq/ubuntu/dists/precise/main/binary-amd64/Packages  403  Forbidden

W: Failed to fetch http://ppa.launchpad.net/travis-ci/zero-mq/ubuntu/dists/precise/main/binary-i386/Packages  403  Forbidden

W: Failed to fetch http://downloads-distro.mongodb.org/repo/debian-sysvinit/dists/dist/10gen/binary-amd64/Packages  Undetermined Error [IP: 52.206.222.245 80]

W: Failed to fetch http://downloads-distro.mongodb.org/repo/debian-sysvinit/dists/dist/10gen/binary-i386/Packages  Undetermined Error [IP: 52.206.222.245 80]

E: Some index files failed to download. They have been ignored, or old ones used instead.
sed: cannot rename /etc/hosts: Device or resource busy
sed: cannot rename /etc/hosts: Device or resource busy
$ jdk_switcher use openjdk7
Switching to OpenJDK7 (java-1.7.0-openjdk-amd64), JAVA_HOME will be set to /usr/lib/jvm/java-7-openjdk-amd64
$ cd passed/davidmoten/rxjava-jdbc
$ java -Xmx32m -version
java version "1.7.0_75"
OpenJDK Runtime Environment (IcedTea 2.5.4) (7u75-2.5.4-1~precise1)
OpenJDK 64-Bit Server VM (build 24.75-b04, mixed mode)
$ javac -J-Xmx32m -version
javac 1.7.0_75
travis_fold:start:install[0Ktravis_time:start:0e388474[0K$ mvn -o install -Dhttps.protocols=TLSv1.2 -Dhttps.protocols=TLSv1.2 -DskipTests=true -Dmaven.javadoc.skip=true -B -V
Apache Maven 3.2.5 (12a6b3acb947671f09b81f49094c53f426d8cea1; 2014-12-14T17:29:23+00:00)
Maven home: /usr/local/maven
Java version: 1.7.0_75, vendor: Oracle Corporation
Java home: /usr/lib/jvm/java-7-openjdk-amd64/jre
Default locale: en_US, platform encoding: UTF-8
OS name: "linux", version: "4.15.0-109-generic", arch: "amd64", family: "unix"
[INFO] Scanning for projects...
[INFO] Inspecting build with total of 1 modules...
[INFO] Installing Nexus Staging features:
[INFO]   ... total of 1 executions of maven-deploy-plugin replaced with nexus-staging-maven-plugin
[INFO]                                                                         
[INFO] ------------------------------------------------------------------------
[INFO] Building rxjava-jdbc 0.6.6-SNAPSHOT
[INFO] ------------------------------------------------------------------------
[INFO] 
[INFO] --- maven-resources-plugin:2.6:resources (default-resources) @ rxjava-jdbc ---
[INFO] Using 'UTF-8' encoding to copy filtered resources.
[INFO] skip non existing resourceDirectory /home/travis/build/passed/davidmoten/rxjava-jdbc/src/main/resources
[INFO] 
[INFO] --- maven-compiler-plugin:3.1:compile (default-compile) @ rxjava-jdbc ---
[INFO] Changes detected - recompiling the module!
[INFO] Compiling 48 source files to /home/travis/build/passed/davidmoten/rxjava-jdbc/target/classes
[INFO] 
[INFO] --- maven-resources-plugin:2.6:testResources (default-testResources) @ rxjava-jdbc ---
[INFO] Using 'UTF-8' encoding to copy filtered resources.
[INFO] Copying 4 resources
[INFO] 
[INFO] --- maven-compiler-plugin:3.1:testCompile (default-testCompile) @ rxjava-jdbc ---
[INFO] Nothing to compile - all classes are up to date
[INFO] 
[INFO] --- maven-surefire-plugin:2.12.4:test (default-test) @ rxjava-jdbc ---
[INFO] Tests are skipped.
[INFO] 
[INFO] --- maven-jar-plugin:2.4:jar (default-jar) @ rxjava-jdbc ---
[INFO] Building jar: /home/travis/build/passed/davidmoten/rxjava-jdbc/target/rxjava-jdbc-0.6.6-SNAPSHOT.jar
[INFO] 
[INFO] --- maven-javadoc-plugin:2.10.3:jar (attach-javadocs) @ rxjava-jdbc ---
[INFO] Skipping javadoc generation
[INFO] 
[INFO] --- maven-site-plugin:3.4:attach-descriptor (attach-descriptor) @ rxjava-jdbc ---
[INFO] 
[INFO] --- maven-install-plugin:2.4:install (default-install) @ rxjava-jdbc ---
[INFO] Installing /home/travis/build/passed/davidmoten/rxjava-jdbc/target/rxjava-jdbc-0.6.6-SNAPSHOT.jar to /home/travis/.m2/repository/com/github/davidmoten/rxjava-jdbc/0.6.6-SNAPSHOT/rxjava-jdbc-0.6.6-SNAPSHOT.jar
[INFO] Installing /home/travis/build/passed/davidmoten/rxjava-jdbc/pom.xml to /home/travis/.m2/repository/com/github/davidmoten/rxjava-jdbc/0.6.6-SNAPSHOT/rxjava-jdbc-0.6.6-SNAPSHOT.pom
[INFO] ------------------------------------------------------------------------
[INFO] BUILD SUCCESS
[INFO] ------------------------------------------------------------------------
[INFO] Total time: 5.763 s
[INFO] Finished at: 2022-08-15T18:59:06+00:00
[INFO] Final Memory: 25M/491M
[INFO] ------------------------------------------------------------------------

travis_time:end:0e388474:start=1660589939691853119,finish=1660589947051622587,duration=7359769468[0Ktravis_fold:end:install[0Ktravis_time:start:0b08e608[0K$ mvn test -Dhttps.protocols=TLSv1.2 -Dhttps.protocols=TLSv1.2 -B
[INFO] Scanning for projects...
[INFO] Inspecting build with total of 1 modules...
[INFO] Installing Nexus Staging features:
[INFO]   ... total of 1 executions of maven-deploy-plugin replaced with nexus-staging-maven-plugin
[INFO]                                                                         
[INFO] ------------------------------------------------------------------------
[INFO] Building rxjava-jdbc 0.6.6-SNAPSHOT
[INFO] ------------------------------------------------------------------------
[INFO] 
[INFO] --- maven-resources-plugin:2.6:resources (default-resources) @ rxjava-jdbc ---
[INFO] Using 'UTF-8' encoding to copy filtered resources.
[INFO] skip non existing resourceDirectory /home/travis/build/passed/davidmoten/rxjava-jdbc/src/main/resources
[INFO] 
[INFO] --- maven-compiler-plugin:3.1:compile (default-compile) @ rxjava-jdbc ---
[INFO] Changes detected - recompiling the module!
[INFO] Compiling 48 source files to /home/travis/build/passed/davidmoten/rxjava-jdbc/target/classes
[INFO] 
[INFO] --- maven-resources-plugin:2.6:testResources (default-testResources) @ rxjava-jdbc ---
[INFO] Using 'UTF-8' encoding to copy filtered resources.
[INFO] Copying 4 resources
[INFO] 
[INFO] --- maven-compiler-plugin:3.1:testCompile (default-testCompile) @ rxjava-jdbc ---
[INFO] Nothing to compile - all classes are up to date
[INFO] 
[INFO] --- maven-surefire-plugin:2.12.4:test (default-test) @ rxjava-jdbc ---
[INFO] Surefire report directory: /home/travis/build/passed/davidmoten/rxjava-jdbc/target/surefire-reports

-------------------------------------------------------
 T E S T S
-------------------------------------------------------
Running com.github.davidmoten.rx.DynamicProxyTest
Tests run: 2, Failures: 0, Errors: 0, Skipped: 0, Time elapsed: 0.094 sec
Running com.github.davidmoten.rx.RetryTest
Tests run: 1, Failures: 0, Errors: 0, Skipped: 0, Time elapsed: 0.393 sec
Running com.github.davidmoten.rx.jdbc.ColumnNotFoundTest
Tests run: 1, Failures: 0, Errors: 0, Skipped: 0, Time elapsed: 0.375 sec
Running com.github.davidmoten.rx.jdbc.ConditionsTest
Tests run: 7, Failures: 0, Errors: 0, Skipped: 0, Time elapsed: 0.002 sec
Running com.github.davidmoten.rx.jdbc.ConnectionDemoTest
Tests run: 1, Failures: 0, Errors: 0, Skipped: 0, Time elapsed: 0.004 sec
Running com.github.davidmoten.rx.jdbc.ConnectionNonClosingTest
Tests run: 1, Failures: 0, Errors: 0, Skipped: 0, Time elapsed: 0.048 sec
Running com.github.davidmoten.rx.jdbc.ConnectionProviderAutoCommittingTest
Tests run: 1, Failures: 0, Errors: 0, Skipped: 0, Time elapsed: 0.031 sec
Running com.github.davidmoten.rx.jdbc.ConnectionProviderFromUrlTest
Tests run: 1, Failures: 0, Errors: 0, Skipped: 0, Time elapsed: 0.003 sec
Running com.github.davidmoten.rx.jdbc.DatabaseAsyncTest
2022-08-15 18:59:13.958 [main] INFO  com.github.davidmoten.rx.RxUtil - 1
2022-08-15 18:59:13.959 [main] INFO  com.github.davidmoten.rx.RxUtil - 2
2022-08-15 18:59:13.960 [main] INFO  com.github.davidmoten.rx.RxUtil - 3
2022-08-15 18:59:14.136 [RxComputationThreadPool-5] INFO  com.github.davidmoten.rx.RxUtil - 0
2022-08-15 18:59:14.139 [RxCachedThreadScheduler-2] INFO  com.github.davidmoten.rx.RxUtil - 21
[FRED, JOSEPH, MARMADUKE]
2022-08-15 18:59:14.857 [main] INFO  com.zaxxer.hikari.HikariDataSource - HikariCP pool HikariPool-0 is starting.
2022-08-15 18:59:15.048 [RxCachedThreadScheduler-1] INFO  com.github.davidmoten.rx.RxUtil - 21
2022-08-15 18:59:15.050 [RxCachedThreadScheduler-2] INFO  com.github.davidmoten.rx.RxUtil - 34
2022-08-15 18:59:15.339 [main] INFO  com.github.davidmoten.rx.RxUtil - rx.Observable@71880832
2022-08-15 18:59:15.339 [main] INFO  com.github.davidmoten.rx.RxUtil - rx.Observable@71880832
2022-08-15 18:59:15.340 [main] INFO  com.github.davidmoten.rx.RxUtil - rx.Observable@19d244d9
2022-08-15 18:59:15.342 [main] INFO  com.github.davidmoten.rx.RxUtil - rx.Observable@13577a53
2022-08-15 18:59:15.342 [main] INFO  com.github.davidmoten.rx.RxUtil - rx.Observable@13577a53
2022-08-15 18:59:15.342 [main] INFO  com.github.davidmoten.rx.RxUtil - rx.Observable@541fe910
2022-08-15 18:59:15.366 [main] INFO  com.github.davidmoten.rx.jdbc.DatabaseTestBase - committed 1
2022-08-15 18:59:15.366 [main] INFO  com.github.davidmoten.rx.jdbc.DatabaseTestBase - gets ok
2022-08-15 18:59:15.366 [main] INFO  com.github.davidmoten.rx.jdbc.DatabaseTestBase - closes ok
Syntax error in SQL statement "ZZZ[*] "; SQL statement:
zzz [42000-178]
Syntax error in SQL statement "ZZZ[*] "; SQL statement:
zzz [42000-178]
2022-08-15 18:59:16.198 [main] INFO  com.zaxxer.hikari.HikariDataSource - HikariCP pool HikariPool-1 is starting.
2022-08-15 18:59:16.206 [main] INFO  com.zaxxer.hikari.pool.HikariPool - HikariCP pool HikariPool-1 is shutting down.
2022-08-15 18:59:16.663 [main] INFO  com.github.davidmoten.rx.jdbc.DatabaseTestBase - committed 1
2022-08-15 18:59:16.663 [main] INFO  com.github.davidmoten.rx.jdbc.DatabaseTestBase - gets ok
2022-08-15 18:59:16.663 [main] INFO  com.github.davidmoten.rx.jdbc.DatabaseTestBase - closes ok
2022-08-15 18:59:16.668 [main] INFO  com.github.davidmoten.rx.RxUtil - rx.Observable@1b6301f4
2022-08-15 18:59:16.669 [main] INFO  com.github.davidmoten.rx.RxUtil - rx.Observable@1b6301f4
2022-08-15 18:59:16.669 [main] INFO  com.github.davidmoten.rx.RxUtil - rx.Observable@1154838
2022-08-15 18:59:16.670 [main] INFO  com.github.davidmoten.rx.RxUtil - rx.Observable@365a25d3
2022-08-15 18:59:16.671 [main] INFO  com.github.davidmoten.rx.RxUtil - rx.Observable@365a25d3
2022-08-15 18:59:16.671 [main] INFO  com.github.davidmoten.rx.RxUtil - rx.Observable@58695b85
2022-08-15 18:59:20.071 [main] INFO  com.github.davidmoten.rx.RxUtil - 99
2022-08-15 18:59:20.072 [main] INFO  com.github.davidmoten.rx.RxUtil - 88
2022-08-15 18:59:20.182 [RxComputationThreadPool-6] INFO  com.github.davidmoten.rx.RxUtil - 0
2022-08-15 18:59:20.184 [RxCachedThreadScheduler-2] INFO  com.github.davidmoten.rx.RxUtil - 21
threads=[main]
2022-08-15 18:59:20.446 [main] INFO  com.zaxxer.hikari.HikariDataSource - HikariCP pool HikariPool-2 is starting.
[MARMADUKE, JOSEPH, MARMADUKE, JOSEPH, MARMADUKE, MARMADUKE, MARMADUKE, JOSEPH, MARMADUKE, JOSEPH, MARMADUKE, MARMADUKE]
2022-08-15 18:59:20.577 [main] INFO  com.github.davidmoten.rx.RxUtil - 99
2022-08-15 18:59:20.578 [main] INFO  com.github.davidmoten.rx.RxUtil - 88
2022-08-15 18:59:20.664 [RxCachedThreadScheduler-2] INFO  com.github.davidmoten.rx.RxUtil - 3
Column "NAMEZ" not found; SQL statement:
select namez from person where name=? [42122-178]
Column "NAMEZ" not found; SQL statement:
select namez from person where name=? [42122-178]
Tests run: 114, Failures: 0, Errors: 0, Skipped: 0, Time elapsed: 7.196 sec
Running com.github.davidmoten.rx.jdbc.DatabaseDerbyTest
Tests run: 1, Failures: 0, Errors: 0, Skipped: 1, Time elapsed: 0 sec
Running com.github.davidmoten.rx.jdbc.DatabaseExampleTest
FRED has score 21
JOE has score 34
Tests run: 2, Failures: 0, Errors: 0, Skipped: 0, Time elapsed: 0.029 sec
Running com.github.davidmoten.rx.jdbc.DatabaseMasterDetailTest
MasterAndDetails [id=1, name=FRED, details=[Detail [id=10, description=a good fellow], Detail [id=11, description=rides his bike]]]
MasterAndDetails [id=2, name=JOHN, details=[Detail [id=20, description=a bit of a bore], Detail [id=21, description=is a good cook]]]
Tests run: 2, Failures: 0, Errors: 0, Skipped: 0, Time elapsed: 0.014 sec
Running com.github.davidmoten.rx.jdbc.DatabaseSyncTest
2022-08-15 18:59:20.909 [main] INFO  com.github.davidmoten.rx.RxUtil - 1
2022-08-15 18:59:20.910 [main] INFO  com.github.davidmoten.rx.RxUtil - 2
2022-08-15 18:59:20.911 [main] INFO  com.github.davidmoten.rx.RxUtil - 3
2022-08-15 18:59:21.035 [RxComputationThreadPool-8] INFO  com.github.davidmoten.rx.RxUtil - 0
2022-08-15 18:59:21.037 [RxComputationThreadPool-8] INFO  com.github.davidmoten.rx.RxUtil - 21
[FRED, JOSEPH, MARMADUKE]
2022-08-15 18:59:21.066 [main] INFO  com.zaxxer.hikari.HikariDataSource - HikariCP pool HikariPool-3 is starting.
2022-08-15 18:59:21.118 [main] INFO  com.github.davidmoten.rx.RxUtil - 21
2022-08-15 18:59:21.119 [main] INFO  com.github.davidmoten.rx.RxUtil - 34
2022-08-15 18:59:21.199 [main] INFO  com.github.davidmoten.rx.RxUtil - rx.Observable@612e5caf
2022-08-15 18:59:21.199 [main] INFO  com.github.davidmoten.rx.RxUtil - rx.Observable@612e5caf
2022-08-15 18:59:21.199 [main] INFO  com.github.davidmoten.rx.RxUtil - rx.Observable@2ac71701
2022-08-15 18:59:21.201 [main] INFO  com.github.davidmoten.rx.RxUtil - rx.Observable@31195d5e
2022-08-15 18:59:21.201 [main] INFO  com.github.davidmoten.rx.RxUtil - rx.Observable@31195d5e
2022-08-15 18:59:21.201 [main] INFO  com.github.davidmoten.rx.RxUtil - rx.Observable@7840df80
2022-08-15 18:59:21.212 [main] INFO  com.github.davidmoten.rx.jdbc.DatabaseTestBase - committed 1
2022-08-15 18:59:21.212 [main] INFO  com.github.davidmoten.rx.jdbc.DatabaseTestBase - gets ok
2022-08-15 18:59:21.213 [main] INFO  com.github.davidmoten.rx.jdbc.DatabaseTestBase - closes ok
Syntax error in SQL statement "ZZZ[*] "; SQL statement:
zzz [42000-178]
Syntax error in SQL statement "ZZZ[*] "; SQL statement:
zzz [42000-178]
2022-08-15 18:59:21.253 [main] INFO  com.zaxxer.hikari.HikariDataSource - HikariCP pool HikariPool-4 is starting.
2022-08-15 18:59:21.259 [main] INFO  com.zaxxer.hikari.pool.HikariPool - HikariCP pool HikariPool-4 is shutting down.
2022-08-15 18:59:21.270 [main] INFO  com.github.davidmoten.rx.jdbc.DatabaseTestBase - committed 1
2022-08-15 18:59:21.270 [main] INFO  com.github.davidmoten.rx.jdbc.DatabaseTestBase - gets ok
2022-08-15 18:59:21.270 [main] INFO  com.github.davidmoten.rx.jdbc.DatabaseTestBase - closes ok
2022-08-15 18:59:21.274 [main] INFO  com.github.davidmoten.rx.RxUtil - rx.Observable@38db03b1
2022-08-15 18:59:21.274 [main] INFO  com.github.davidmoten.rx.RxUtil - rx.Observable@38db03b1
2022-08-15 18:59:21.274 [main] INFO  com.github.davidmoten.rx.RxUtil - rx.Observable@32cf76a0
2022-08-15 18:59:21.275 [main] INFO  com.github.davidmoten.rx.RxUtil - rx.Observable@69de5b4
2022-08-15 18:59:21.276 [main] INFO  com.github.davidmoten.rx.RxUtil - rx.Observable@69de5b4
2022-08-15 18:59:21.276 [main] INFO  com.github.davidmoten.rx.RxUtil - rx.Observable@68538fd0
2022-08-15 18:59:21.329 [main] INFO  com.github.davidmoten.rx.RxUtil - 99
2022-08-15 18:59:21.329 [main] INFO  com.github.davidmoten.rx.RxUtil - 88
2022-08-15 18:59:21.435 [RxComputationThreadPool-9] INFO  com.github.davidmoten.rx.RxUtil - 0
2022-08-15 18:59:21.436 [RxComputationThreadPool-9] INFO  com.github.davidmoten.rx.RxUtil - 21
threads=[main]
2022-08-15 18:59:21.475 [main] INFO  com.zaxxer.hikari.HikariDataSource - HikariCP pool HikariPool-5 is starting.
[MARMADUKE, JOSEPH, MARMADUKE, JOSEPH, MARMADUKE, MARMADUKE, MARMADUKE, JOSEPH, MARMADUKE, JOSEPH, MARMADUKE, MARMADUKE]
2022-08-15 18:59:21.533 [main] INFO  com.github.davidmoten.rx.RxUtil - 99
2022-08-15 18:59:21.534 [main] INFO  com.github.davidmoten.rx.RxUtil - 88
2022-08-15 18:59:21.572 [main] INFO  com.github.davidmoten.rx.RxUtil - 3
Column "NAMEZ" not found; SQL statement:
select namez from person where name=? [42122-178]
Column "NAMEZ" not found; SQL statement:
select namez from person where name=? [42122-178]
Tests run: 113, Failures: 0, Errors: 0, Skipped: 0, Time elapsed: 0.84 sec
Running com.github.davidmoten.rx.jdbc.DatabaseViaDataSourceTest
2022-08-15 18:59:21.817 [main] INFO  com.github.davidmoten.rx.RxUtil - 1
2022-08-15 18:59:21.818 [main] INFO  com.github.davidmoten.rx.RxUtil - 2
2022-08-15 18:59:21.819 [main] INFO  com.github.davidmoten.rx.RxUtil - 3
2022-08-15 18:59:21.945 [RxComputationThreadPool-11] INFO  com.github.davidmoten.rx.RxUtil - 0
2022-08-15 18:59:21.946 [RxComputationThreadPool-11] INFO  com.github.davidmoten.rx.RxUtil - 21
[FRED, JOSEPH, MARMADUKE]
2022-08-15 18:59:21.972 [main] INFO  com.zaxxer.hikari.HikariDataSource - HikariCP pool HikariPool-6 is starting.
2022-08-15 18:59:22.021 [main] INFO  com.github.davidmoten.rx.RxUtil - 21
2022-08-15 18:59:22.022 [main] INFO  com.github.davidmoten.rx.RxUtil - 34
2022-08-15 18:59:22.083 [main] INFO  com.github.davidmoten.rx.RxUtil - rx.Observable@1fcc2c70
2022-08-15 18:59:22.084 [main] INFO  com.github.davidmoten.rx.RxUtil - rx.Observable@1fcc2c70
2022-08-15 18:59:22.084 [main] INFO  com.github.davidmoten.rx.RxUtil - rx.Observable@15797d5f
2022-08-15 18:59:22.085 [main] INFO  com.github.davidmoten.rx.RxUtil - rx.Observable@7e03ad1b
2022-08-15 18:59:22.085 [main] INFO  com.github.davidmoten.rx.RxUtil - rx.Observable@7e03ad1b
2022-08-15 18:59:22.085 [main] INFO  com.github.davidmoten.rx.RxUtil - rx.Observable@235a083f
2022-08-15 18:59:22.094 [main] INFO  com.github.davidmoten.rx.jdbc.DatabaseTestBase - committed 1
2022-08-15 18:59:22.094 [main] INFO  com.github.davidmoten.rx.jdbc.DatabaseTestBase - gets ok
2022-08-15 18:59:22.095 [main] INFO  com.github.davidmoten.rx.jdbc.DatabaseTestBase - closes ok
Syntax error in SQL statement "ZZZ[*] "; SQL statement:
zzz [42000-178]
Syntax error in SQL statement "ZZZ[*] "; SQL statement:
zzz [42000-178]
2022-08-15 18:59:22.129 [main] INFO  com.zaxxer.hikari.HikariDataSource - HikariCP pool HikariPool-7 is starting.
2022-08-15 18:59:22.134 [main] INFO  com.zaxxer.hikari.pool.HikariPool - HikariCP pool HikariPool-7 is shutting down.
2022-08-15 18:59:22.146 [main] INFO  com.github.davidmoten.rx.jdbc.DatabaseTestBase - committed 1
2022-08-15 18:59:22.146 [main] INFO  com.github.davidmoten.rx.jdbc.DatabaseTestBase - gets ok
2022-08-15 18:59:22.147 [main] INFO  com.github.davidmoten.rx.jdbc.DatabaseTestBase - closes ok
2022-08-15 18:59:22.151 [main] INFO  com.github.davidmoten.rx.RxUtil - rx.Observable@63e17774
2022-08-15 18:59:22.152 [main] INFO  com.github.davidmoten.rx.RxUtil - rx.Observable@63e17774
2022-08-15 18:59:22.152 [main] INFO  com.github.davidmoten.rx.RxUtil - rx.Observable@676993e6
2022-08-15 18:59:22.153 [main] INFO  com.github.davidmoten.rx.RxUtil - rx.Observable@55c49e24
2022-08-15 18:59:22.154 [main] INFO  com.github.davidmoten.rx.RxUtil - rx.Observable@55c49e24
2022-08-15 18:59:22.154 [main] INFO  com.github.davidmoten.rx.RxUtil - rx.Observable@5f6a7979
2022-08-15 18:59:22.199 [main] INFO  com.github.davidmoten.rx.RxUtil - 99
2022-08-15 18:59:22.199 [main] INFO  com.github.davidmoten.rx.RxUtil - 88
2022-08-15 18:59:22.305 [RxComputationThreadPool-12] INFO  com.github.davidmoten.rx.RxUtil - 0
2022-08-15 18:59:22.306 [RxComputationThreadPool-12] INFO  com.github.davidmoten.rx.RxUtil - 21
threads=[main]
2022-08-15 18:59:22.345 [main] INFO  com.zaxxer.hikari.HikariDataSource - HikariCP pool HikariPool-8 is starting.
[MARMADUKE, JOSEPH, MARMADUKE, JOSEPH, MARMADUKE, MARMADUKE, MARMADUKE, JOSEPH, MARMADUKE, JOSEPH, MARMADUKE, MARMADUKE]
2022-08-15 18:59:22.414 [main] INFO  com.github.davidmoten.rx.RxUtil - 99
2022-08-15 18:59:22.415 [main] INFO  com.github.davidmoten.rx.RxUtil - 88
2022-08-15 18:59:22.463 [main] INFO  com.github.davidmoten.rx.RxUtil - 3
Column "NAMEZ" not found; SQL statement:
select namez from person where name=? [42122-178]
Column "NAMEZ" not found; SQL statement:
select namez from person where name=? [42122-178]
Tests run: 113, Failures: 0, Errors: 0, Skipped: 0, Time elapsed: 0.882 sec
Running com.github.davidmoten.rx.jdbc.NamedParametersTest
Tests run: 4, Failures: 0, Errors: 0, Skipped: 0, Time elapsed: 0 sec
Running com.github.davidmoten.rx.jdbc.QueriesTest
Tests run: 1, Failures: 0, Errors: 0, Skipped: 0, Time elapsed: 0.001 sec
Running com.github.davidmoten.rx.jdbc.UtilTest
Tests run: 60, Failures: 0, Errors: 0, Skipped: 0, Time elapsed: 0.2 sec
Running com.github.davidmoten.rx.jdbc.tuple.TuplesTest
Tests run: 1, Failures: 0, Errors: 0, Skipped: 0, Time elapsed: 0 sec

Results :

Tests run: 426, Failures: 0, Errors: 0, Skipped: 1

[INFO] ------------------------------------------------------------------------
[INFO] BUILD SUCCESS
[INFO] ------------------------------------------------------------------------
[INFO] Total time: 14.287 s
[INFO] Finished at: 2022-08-15T18:59:22+00:00
[INFO] Final Memory: 19M/491M
[INFO] ------------------------------------------------------------------------

travis_time:end:0b08e608:start=1660589947061091060,finish=1660589963011737781,duration=15950646721[0K
[32;1mThe command "mvn test -Dhttps.protocols=TLSv1.2 -Dhttps.protocols=TLSv1.2 -B" exited with 0.[0m

Done. Your build exited with 0.
