travis_fold:start:system_info[0K[33;1mBuild system information[0m
Build language: java
Build id: ''
Job id: ''
[34m[1mBuild image provisioning date and time[0m
Thu Feb  5 15:09:33 UTC 2015
[34m[1mOperating System Details[0m
Distributor ID:	Ubuntu
Description:	Ubuntu 12.04.5 LTS
Release:	12.04
Codename:	precise
[34m[1mLinux Version[0m
3.13.0-29-generic
[34m[1mCookbooks Version[0m
a68419e https://github.com/travis-ci/travis-cookbooks/tree/a68419e
[34m[1mGCC version[0m
gcc (Ubuntu/Linaro 4.6.3-1ubuntu5) 4.6.3
Copyright (C) 2011 Free Software Foundation, Inc.
This is free software; see the source for copying conditions.  There is NO
warranty; not even for MERCHANTABILITY or FITNESS FOR A PARTICULAR PURPOSE.

[34m[1mLLVM version[0m
clang version 3.4 (tags/RELEASE_34/final)
Target: x86_64-unknown-linux-gnu
Thread model: posix
[34m[1mPre-installed Ruby versions[0m
ruby-1.9.3-p551
[34m[1mPre-installed Node.js versions[0m
v0.10.36
[34m[1mPre-installed Go versions[0m
1.4.1
[34m[1mRedis version[0m
redis-server 2.8.19
[34m[1mriak version[0m
2.0.2
[34m[1mMongoDB version[0m
MongoDB 2.4.12
[34m[1mCouchDB version[0m
couchdb 1.6.1
[34m[1mNeo4j version[0m
1.9.4
[34m[1mRabbitMQ Version[0m
3.4.3
[34m[1mElasticSearch version[0m
1.4.0
[34m[1mInstalled Sphinx versions[0m
2.0.10
2.1.9
2.2.6
[34m[1mDefault Sphinx version[0m
2.2.6
[34m[1mInstalled Firefox version[0m
firefox 31.0esr
[34m[1mPhantomJS version[0m
1.9.8
[34m[1mant -version[0m
Apache Ant(TM) version 1.8.2 compiled on December 3 2011
[34m[1mmvn -version[0m
Apache Maven 3.2.5 (12a6b3acb947671f09b81f49094c53f426d8cea1; 2014-12-14T17:29:23+00:00)
Maven home: /usr/local/maven
Java version: 1.7.0_76, vendor: Oracle Corporation
Java home: /usr/lib/jvm/java-7-oracle/jre
Default locale: en_US, platform encoding: ANSI_X3.4-1968
OS name: "linux", version: "3.13.0-29-generic", arch: "amd64", family: "unix"
travis_fold:end:system_info[0K
W: Failed to fetch http://apt.postgresql.org/pub/repos/apt/dists/precise-pgdg/main/binary-amd64/Packages  404  Not Found [IP: 72.32.157.246 80]

W: Failed to fetch http://apt.postgresql.org/pub/repos/apt/dists/precise-pgdg/main/binary-i386/Packages  404  Not Found [IP: 72.32.157.246 80]

W: Failed to fetch http://us.archive.ubuntu.com/ubuntu/dists/precise/main/source/Sources  404  Not Found [IP: 91.189.91.38 80]

W: Failed to fetch http://us.archive.ubuntu.com/ubuntu/dists/precise/restricted/source/Sources  404  Not Found [IP: 91.189.91.38 80]

W: Failed to fetch http://us.archive.ubuntu.com/ubuntu/dists/precise/universe/source/Sources  404  Not Found [IP: 91.189.91.38 80]

W: Failed to fetch http://us.archive.ubuntu.com/ubuntu/dists/precise/multiverse/source/Sources  404  Not Found [IP: 91.189.91.38 80]

W: Failed to fetch http://us.archive.ubuntu.com/ubuntu/dists/precise/main/binary-amd64/Packages  404  Not Found [IP: 91.189.91.38 80]

W: Failed to fetch http://us.archive.ubuntu.com/ubuntu/dists/precise/restricted/binary-amd64/Packages  404  Not Found [IP: 91.189.91.38 80]

W: Failed to fetch http://us.archive.ubuntu.com/ubuntu/dists/precise/universe/binary-amd64/Packages  404  Not Found [IP: 91.189.91.38 80]

W: Failed to fetch http://us.archive.ubuntu.com/ubuntu/dists/precise/multiverse/binary-amd64/Packages  404  Not Found [IP: 91.189.91.38 80]

W: Failed to fetch http://us.archive.ubuntu.com/ubuntu/dists/precise/main/binary-i386/Packages  404  Not Found [IP: 91.189.91.38 80]

W: Failed to fetch http://us.archive.ubuntu.com/ubuntu/dists/precise/restricted/binary-i386/Packages  404  Not Found [IP: 91.189.91.38 80]

W: Failed to fetch http://us.archive.ubuntu.com/ubuntu/dists/precise/universe/binary-i386/Packages  404  Not Found [IP: 91.189.91.38 80]

W: Failed to fetch http://us.archive.ubuntu.com/ubuntu/dists/precise/multiverse/binary-i386/Packages  404  Not Found [IP: 91.189.91.38 80]

W: Failed to fetch http://us.archive.ubuntu.com/ubuntu/dists/precise-updates/main/source/Sources  404  Not Found [IP: 91.189.91.38 80]

W: Failed to fetch http://us.archive.ubuntu.com/ubuntu/dists/precise-updates/restricted/source/Sources  404  Not Found [IP: 91.189.91.38 80]

W: Failed to fetch http://us.archive.ubuntu.com/ubuntu/dists/precise-updates/universe/source/Sources  404  Not Found [IP: 91.189.91.38 80]

W: Failed to fetch http://us.archive.ubuntu.com/ubuntu/dists/precise-updates/multiverse/source/Sources  404  Not Found [IP: 91.189.91.38 80]

W: Failed to fetch http://us.archive.ubuntu.com/ubuntu/dists/precise-updates/main/binary-amd64/Packages  404  Not Found [IP: 91.189.91.38 80]

W: Failed to fetch http://us.archive.ubuntu.com/ubuntu/dists/precise-updates/restricted/binary-amd64/Packages  404  Not Found [IP: 91.189.91.38 80]

W: Failed to fetch http://us.archive.ubuntu.com/ubuntu/dists/precise-updates/universe/binary-amd64/Packages  404  Not Found [IP: 91.189.91.38 80]

W: Failed to fetch http://us.archive.ubuntu.com/ubuntu/dists/precise-updates/multiverse/binary-amd64/Packages  404  Not Found [IP: 91.189.91.38 80]

W: Failed to fetch http://us.archive.ubuntu.com/ubuntu/dists/precise-updates/main/binary-i386/Packages  404  Not Found [IP: 91.189.91.38 80]

W: Failed to fetch http://us.archive.ubuntu.com/ubuntu/dists/precise-updates/restricted/binary-i386/Packages  404  Not Found [IP: 91.189.91.38 80]

W: Failed to fetch http://us.archive.ubuntu.com/ubuntu/dists/precise-updates/universe/binary-i386/Packages  404  Not Found [IP: 91.189.91.38 80]

W: Failed to fetch http://us.archive.ubuntu.com/ubuntu/dists/precise-updates/multiverse/binary-i386/Packages  404  Not Found [IP: 91.189.91.38 80]

W: Failed to fetch http://us.archive.ubuntu.com/ubuntu/dists/precise-backports/main/source/Sources  404  Not Found [IP: 91.189.91.38 80]

W: Failed to fetch http://us.archive.ubuntu.com/ubuntu/dists/precise-backports/restricted/source/Sources  404  Not Found [IP: 91.189.91.38 80]

W: Failed to fetch http://us.archive.ubuntu.com/ubuntu/dists/precise-backports/universe/source/Sources  404  Not Found [IP: 91.189.91.38 80]

W: Failed to fetch http://us.archive.ubuntu.com/ubuntu/dists/precise-backports/multiverse/source/Sources  404  Not Found [IP: 91.189.91.38 80]

W: Failed to fetch http://us.archive.ubuntu.com/ubuntu/dists/precise-backports/main/binary-amd64/Packages  404  Not Found [IP: 91.189.91.38 80]

W: Failed to fetch http://us.archive.ubuntu.com/ubuntu/dists/precise-backports/restricted/binary-amd64/Packages  404  Not Found [IP: 91.189.91.38 80]

W: Failed to fetch http://us.archive.ubuntu.com/ubuntu/dists/precise-backports/universe/binary-amd64/Packages  404  Not Found [IP: 91.189.91.38 80]

W: Failed to fetch http://us.archive.ubuntu.com/ubuntu/dists/precise-backports/multiverse/binary-amd64/Packages  404  Not Found [IP: 91.189.91.38 80]

W: Failed to fetch http://us.archive.ubuntu.com/ubuntu/dists/precise-backports/main/binary-i386/Packages  404  Not Found [IP: 91.189.91.38 80]

W: Failed to fetch http://us.archive.ubuntu.com/ubuntu/dists/precise-backports/restricted/binary-i386/Packages  404  Not Found [IP: 91.189.91.38 80]

W: Failed to fetch http://us.archive.ubuntu.com/ubuntu/dists/precise-backports/universe/binary-i386/Packages  404  Not Found [IP: 91.189.91.38 80]

W: Failed to fetch http://us.archive.ubuntu.com/ubuntu/dists/precise-backports/multiverse/binary-i386/Packages  404  Not Found [IP: 91.189.91.38 80]

W: Failed to fetch http://security.ubuntu.com/ubuntu/dists/precise-security/main/source/Sources  404  Not Found [IP: 185.125.190.36 80]

W: Failed to fetch http://security.ubuntu.com/ubuntu/dists/precise-security/restricted/source/Sources  404  Not Found [IP: 185.125.190.36 80]

W: Failed to fetch http://security.ubuntu.com/ubuntu/dists/precise-security/universe/source/Sources  404  Not Found [IP: 185.125.190.36 80]

W: Failed to fetch http://security.ubuntu.com/ubuntu/dists/precise-security/multiverse/source/Sources  404  Not Found [IP: 185.125.190.36 80]

W: Failed to fetch http://security.ubuntu.com/ubuntu/dists/precise-security/main/binary-amd64/Packages  404  Not Found [IP: 185.125.190.36 80]

W: Failed to fetch http://security.ubuntu.com/ubuntu/dists/precise-security/restricted/binary-amd64/Packages  404  Not Found [IP: 185.125.190.36 80]

W: Failed to fetch http://security.ubuntu.com/ubuntu/dists/precise-security/universe/binary-amd64/Packages  404  Not Found [IP: 185.125.190.36 80]

W: Failed to fetch http://security.ubuntu.com/ubuntu/dists/precise-security/multiverse/binary-amd64/Packages  404  Not Found [IP: 185.125.190.36 80]

W: Failed to fetch http://security.ubuntu.com/ubuntu/dists/precise-security/main/binary-i386/Packages  404  Not Found [IP: 185.125.190.36 80]

W: Failed to fetch http://security.ubuntu.com/ubuntu/dists/precise-security/restricted/binary-i386/Packages  404  Not Found [IP: 185.125.190.36 80]

W: Failed to fetch http://security.ubuntu.com/ubuntu/dists/precise-security/universe/binary-i386/Packages  404  Not Found [IP: 185.125.190.36 80]

W: Failed to fetch http://security.ubuntu.com/ubuntu/dists/precise-security/multiverse/binary-i386/Packages  404  Not Found [IP: 185.125.190.36 80]

W: Failed to fetch http://ppa.launchpad.net/rwky/ppa/ubuntu/dists/precise/main/binary-amd64/Packages  403  Forbidden

W: Failed to fetch http://ppa.launchpad.net/rwky/ppa/ubuntu/dists/precise/main/binary-i386/Packages  403  Forbidden

W: Failed to fetch http://ppa.launchpad.net/travis-ci/zero-mq/ubuntu/dists/precise/main/binary-amd64/Packages  403  Forbidden

W: Failed to fetch http://ppa.launchpad.net/travis-ci/zero-mq/ubuntu/dists/precise/main/binary-i386/Packages  403  Forbidden

W: Failed to fetch http://downloads-distro.mongodb.org/repo/debian-sysvinit/dists/dist/10gen/binary-amd64/Packages  Undetermined Error [IP: 52.206.222.245 80]

W: Failed to fetch http://downloads-distro.mongodb.org/repo/debian-sysvinit/dists/dist/10gen/binary-i386/Packages  Undetermined Error [IP: 52.206.222.245 80]

E: Some index files failed to download. They have been ignored, or old ones used instead.
sed: cannot rename /etc/hosts: Device or resource busy
sed: cannot rename /etc/hosts: Device or resource busy
$ jdk_switcher use oraclejdk7
Switching to Oracle JDK7 (java-7-oracle), JAVA_HOME will be set to /usr/lib/jvm/java-7-oracle
$ cd passed/davidmoten/rxjava-jdbc
$ java -Xmx32m -version
java version "1.7.0_76"
Java(TM) SE Runtime Environment (build 1.7.0_76-b13)
Java HotSpot(TM) 64-Bit Server VM (build 24.76-b04, mixed mode)
$ javac -J-Xmx32m -version
javac 1.7.0_76
travis_fold:start:install[0Ktravis_time:start:03b0ee48[0K$ mvn -o install -Dhttps.protocols=TLSv1.2 -Dhttps.protocols=TLSv1.2 -DskipTests=true -Dmaven.javadoc.skip=true -B -V
Apache Maven 3.2.5 (12a6b3acb947671f09b81f49094c53f426d8cea1; 2014-12-14T17:29:23+00:00)
Maven home: /usr/local/maven
Java version: 1.7.0_76, vendor: Oracle Corporation
Java home: /usr/lib/jvm/java-7-oracle/jre
Default locale: en_US, platform encoding: UTF-8
OS name: "linux", version: "4.15.0-109-generic", arch: "amd64", family: "unix"
[INFO] Scanning for projects...
[INFO] Inspecting build with total of 1 modules...
[INFO] Installing Nexus Staging features:
[INFO]   ... total of 1 executions of maven-deploy-plugin replaced with nexus-staging-maven-plugin
[INFO]                                                                         
[INFO] ------------------------------------------------------------------------
[INFO] Building rxjava-jdbc 0.5.11-SNAPSHOT
[INFO] ------------------------------------------------------------------------
[INFO] 
[INFO] --- maven-resources-plugin:2.6:resources (default-resources) @ rxjava-jdbc ---
[INFO] Using 'UTF-8' encoding to copy filtered resources.
[INFO] skip non existing resourceDirectory /home/travis/build/passed/davidmoten/rxjava-jdbc/src/main/resources
[INFO] 
[INFO] --- maven-compiler-plugin:3.1:compile (default-compile) @ rxjava-jdbc ---
[INFO] Changes detected - recompiling the module!
[INFO] Compiling 46 source files to /home/travis/build/passed/davidmoten/rxjava-jdbc/target/classes
[INFO] 
[INFO] --- maven-resources-plugin:2.6:testResources (default-testResources) @ rxjava-jdbc ---
[INFO] Using 'UTF-8' encoding to copy filtered resources.
[INFO] Copying 4 resources
[INFO] 
[INFO] --- maven-compiler-plugin:3.1:testCompile (default-testCompile) @ rxjava-jdbc ---
[INFO] Nothing to compile - all classes are up to date
[INFO] 
[INFO] --- maven-surefire-plugin:2.12.4:test (default-test) @ rxjava-jdbc ---
[INFO] Tests are skipped.
[INFO] 
[INFO] --- maven-jar-plugin:2.4:jar (default-jar) @ rxjava-jdbc ---
[INFO] Building jar: /home/travis/build/passed/davidmoten/rxjava-jdbc/target/rxjava-jdbc-0.5.11-SNAPSHOT.jar
[INFO] 
[INFO] --- maven-site-plugin:3.4:attach-descriptor (attach-descriptor) @ rxjava-jdbc ---
[INFO] 
[INFO] --- maven-install-plugin:2.4:install (default-install) @ rxjava-jdbc ---
[INFO] Installing /home/travis/build/passed/davidmoten/rxjava-jdbc/target/rxjava-jdbc-0.5.11-SNAPSHOT.jar to /home/travis/.m2/repository/com/github/davidmoten/rxjava-jdbc/0.5.11-SNAPSHOT/rxjava-jdbc-0.5.11-SNAPSHOT.jar
[INFO] Installing /home/travis/build/passed/davidmoten/rxjava-jdbc/pom.xml to /home/travis/.m2/repository/com/github/davidmoten/rxjava-jdbc/0.5.11-SNAPSHOT/rxjava-jdbc-0.5.11-SNAPSHOT.pom
[INFO] ------------------------------------------------------------------------
[INFO] BUILD SUCCESS
[INFO] ------------------------------------------------------------------------
[INFO] Total time: 12.084 s
[INFO] Finished at: 2022-08-15T19:56:22+00:00
[INFO] Final Memory: 22M/491M
[INFO] ------------------------------------------------------------------------

travis_time:end:03b0ee48:start=1660593368696609003,finish=1660593382199080912,duration=13502471909[0Ktravis_fold:end:install[0Ktravis_time:start:2138d3db[0K$ mvn test -Dhttps.protocols=TLSv1.2 -Dhttps.protocols=TLSv1.2 -B
[INFO] Scanning for projects...
[INFO] Inspecting build with total of 1 modules...
[INFO] Installing Nexus Staging features:
[INFO]   ... total of 1 executions of maven-deploy-plugin replaced with nexus-staging-maven-plugin
[INFO]                                                                         
[INFO] ------------------------------------------------------------------------
[INFO] Building rxjava-jdbc 0.5.11-SNAPSHOT
[INFO] ------------------------------------------------------------------------
[INFO] 
[INFO] --- maven-resources-plugin:2.6:resources (default-resources) @ rxjava-jdbc ---
[INFO] Using 'UTF-8' encoding to copy filtered resources.
[INFO] skip non existing resourceDirectory /home/travis/build/passed/davidmoten/rxjava-jdbc/src/main/resources
[INFO] 
[INFO] --- maven-compiler-plugin:3.1:compile (default-compile) @ rxjava-jdbc ---
[INFO] Changes detected - recompiling the module!
[INFO] Compiling 46 source files to /home/travis/build/passed/davidmoten/rxjava-jdbc/target/classes
[INFO] 
[INFO] --- maven-resources-plugin:2.6:testResources (default-testResources) @ rxjava-jdbc ---
[INFO] Using 'UTF-8' encoding to copy filtered resources.
[INFO] Copying 4 resources
[INFO] 
[INFO] --- maven-compiler-plugin:3.1:testCompile (default-testCompile) @ rxjava-jdbc ---
[INFO] Nothing to compile - all classes are up to date
[INFO] 
[INFO] --- maven-surefire-plugin:2.12.4:test (default-test) @ rxjava-jdbc ---
[INFO] Surefire report directory: /home/travis/build/passed/davidmoten/rxjava-jdbc/target/surefire-reports

-------------------------------------------------------
 T E S T S
-------------------------------------------------------
Running com.github.davidmoten.rx.DynamicProxyTest
Tests run: 2, Failures: 0, Errors: 0, Skipped: 0, Time elapsed: 0.073 sec
Running com.github.davidmoten.rx.RetryTest
Tests run: 1, Failures: 0, Errors: 0, Skipped: 0, Time elapsed: 0.398 sec
Running com.github.davidmoten.rx.jdbc.ConditionsTest
Tests run: 7, Failures: 0, Errors: 0, Skipped: 0, Time elapsed: 0.003 sec
Running com.github.davidmoten.rx.jdbc.ConnectionDemoTest
Tests run: 1, Failures: 0, Errors: 0, Skipped: 0, Time elapsed: 0.426 sec
Running com.github.davidmoten.rx.jdbc.ConnectionNonClosingTest
Tests run: 1, Failures: 0, Errors: 0, Skipped: 0, Time elapsed: 0.036 sec
Running com.github.davidmoten.rx.jdbc.ConnectionProviderAutoCommittingTest
Tests run: 1, Failures: 0, Errors: 0, Skipped: 0, Time elapsed: 0.023 sec
Running com.github.davidmoten.rx.jdbc.ConnectionProviderFromUrlTest
Tests run: 1, Failures: 0, Errors: 0, Skipped: 0, Time elapsed: 0 sec
Running com.github.davidmoten.rx.jdbc.DatabaseAsyncTest
2022-08-15 19:56:28.520 [main] INFO  com.github.davidmoten.rx.RxUtil - 1
2022-08-15 19:56:28.521 [main] INFO  com.github.davidmoten.rx.RxUtil - 2
2022-08-15 19:56:28.521 [main] INFO  com.github.davidmoten.rx.RxUtil - 3
2022-08-15 19:56:28.689 [RxComputationThreadPool-6] INFO  com.github.davidmoten.rx.RxUtil - 0
2022-08-15 19:56:28.691 [RxCachedThreadScheduler-1] INFO  com.github.davidmoten.rx.RxUtil - 21
2022-08-15 19:56:29.389 [main] INFO  com.zaxxer.hikari.HikariDataSource - HikariCP pool HikariPool-0 is starting.
2022-08-15 19:56:29.477 [RxCachedThreadScheduler-1] INFO  com.github.davidmoten.rx.RxUtil - 21
2022-08-15 19:56:29.479 [RxCachedThreadScheduler-2] INFO  com.github.davidmoten.rx.RxUtil - 34
2022-08-15 19:56:29.710 [main] INFO  com.github.davidmoten.rx.RxUtil - rx.Observable@4a28a7f7
2022-08-15 19:56:29.711 [main] INFO  com.github.davidmoten.rx.RxUtil - rx.Observable@4a28a7f7
2022-08-15 19:56:29.711 [main] INFO  com.github.davidmoten.rx.RxUtil - rx.Observable@332b6f2a
2022-08-15 19:56:29.713 [main] INFO  com.github.davidmoten.rx.RxUtil - rx.Observable@16ea3c9d
2022-08-15 19:56:29.713 [main] INFO  com.github.davidmoten.rx.RxUtil - rx.Observable@16ea3c9d
2022-08-15 19:56:29.713 [main] INFO  com.github.davidmoten.rx.RxUtil - rx.Observable@6c31732b
2022-08-15 19:56:29.731 [main] INFO  com.github.davidmoten.rx.jdbc.DatabaseTestBase - committed 1
2022-08-15 19:56:29.731 [main] INFO  com.github.davidmoten.rx.jdbc.DatabaseTestBase - gets ok
2022-08-15 19:56:29.731 [main] INFO  com.github.davidmoten.rx.jdbc.DatabaseTestBase - closes ok
Syntax error in SQL statement "ZZZ[*] "; SQL statement:
zzz [42000-178]
Syntax error in SQL statement "ZZZ[*] "; SQL statement:
zzz [42000-178]
2022-08-15 19:56:29.882 [main] INFO  com.zaxxer.hikari.HikariDataSource - HikariCP pool HikariPool-1 is starting.
2022-08-15 19:56:29.889 [main] INFO  com.zaxxer.hikari.pool.HikariPool - HikariCP pool HikariPool-1 is shutting down.
2022-08-15 19:56:30.031 [main] INFO  com.github.davidmoten.rx.jdbc.DatabaseTestBase - committed 1
2022-08-15 19:56:30.031 [main] INFO  com.github.davidmoten.rx.jdbc.DatabaseTestBase - gets ok
2022-08-15 19:56:30.031 [main] INFO  com.github.davidmoten.rx.jdbc.DatabaseTestBase - closes ok
2022-08-15 19:56:30.037 [main] INFO  com.github.davidmoten.rx.RxUtil - rx.Observable@72b2f956
2022-08-15 19:56:30.037 [main] INFO  com.github.davidmoten.rx.RxUtil - rx.Observable@72b2f956
2022-08-15 19:56:30.038 [main] INFO  com.github.davidmoten.rx.RxUtil - rx.Observable@440fb7ee
2022-08-15 19:56:30.039 [main] INFO  com.github.davidmoten.rx.RxUtil - rx.Observable@4c5ff3aa
2022-08-15 19:56:30.040 [main] INFO  com.github.davidmoten.rx.RxUtil - rx.Observable@4c5ff3aa
2022-08-15 19:56:30.040 [main] INFO  com.github.davidmoten.rx.RxUtil - rx.Observable@2f764512
2022-08-15 19:56:30.105 [main] INFO  com.github.davidmoten.rx.RxUtil - 99
2022-08-15 19:56:30.106 [main] INFO  com.github.davidmoten.rx.RxUtil - 88
2022-08-15 19:56:30.216 [RxComputationThreadPool-7] INFO  com.github.davidmoten.rx.RxUtil - 0
2022-08-15 19:56:30.218 [RxCachedThreadScheduler-3] INFO  com.github.davidmoten.rx.RxUtil - 21
threads=[main]
2022-08-15 19:56:30.364 [main] INFO  com.zaxxer.hikari.HikariDataSource - HikariCP pool HikariPool-2 is starting.
[MARMADUKE, JOSEPH, MARMADUKE, JOSEPH, MARMADUKE, MARMADUKE, MARMADUKE, JOSEPH, MARMADUKE, JOSEPH, MARMADUKE, MARMADUKE]
2022-08-15 19:56:30.551 [main] INFO  com.github.davidmoten.rx.RxUtil - 99
2022-08-15 19:56:30.553 [main] INFO  com.github.davidmoten.rx.RxUtil - 88
2022-08-15 19:56:30.619 [RxCachedThreadScheduler-2] INFO  com.github.davidmoten.rx.RxUtil - 3
Column "NAMEZ" not found; SQL statement:
select namez from person where name=? [42122-178]
Column "NAMEZ" not found; SQL statement:
select namez from person where name=? [42122-178]
Tests run: 98, Failures: 0, Errors: 0, Skipped: 0, Time elapsed: 2.57 sec
Running com.github.davidmoten.rx.jdbc.DatabaseMasterDetailTest
MasterAndDetails [id=1, name=FRED, details=[Detail [id=10, description=a good fellow], Detail [id=11, description=rides his bike]]]
MasterAndDetails [id=2, name=JOHN, details=[Detail [id=20, description=a bit of a bore], Detail [id=21, description=is a good cook]]]
Tests run: 2, Failures: 0, Errors: 0, Skipped: 0, Time elapsed: 0.001 sec
Running com.github.davidmoten.rx.jdbc.DatabaseSyncTest
2022-08-15 19:56:30.845 [main] INFO  com.github.davidmoten.rx.RxUtil - 1
2022-08-15 19:56:30.846 [main] INFO  com.github.davidmoten.rx.RxUtil - 2
2022-08-15 19:56:30.847 [main] INFO  com.github.davidmoten.rx.RxUtil - 3
2022-08-15 19:56:30.972 [RxComputationThreadPool-9] INFO  com.github.davidmoten.rx.RxUtil - 0
2022-08-15 19:56:30.974 [RxComputationThreadPool-9] INFO  com.github.davidmoten.rx.RxUtil - 21
2022-08-15 19:56:30.996 [main] INFO  com.zaxxer.hikari.HikariDataSource - HikariCP pool HikariPool-3 is starting.
2022-08-15 19:56:31.041 [main] INFO  com.github.davidmoten.rx.RxUtil - 21
2022-08-15 19:56:31.042 [main] INFO  com.github.davidmoten.rx.RxUtil - 34
2022-08-15 19:56:31.094 [main] INFO  com.github.davidmoten.rx.RxUtil - rx.Observable@294d5a82
2022-08-15 19:56:31.094 [main] INFO  com.github.davidmoten.rx.RxUtil - rx.Observable@294d5a82
2022-08-15 19:56:31.095 [main] INFO  com.github.davidmoten.rx.RxUtil - rx.Observable@157121fd
2022-08-15 19:56:31.096 [main] INFO  com.github.davidmoten.rx.RxUtil - rx.Observable@d845871
2022-08-15 19:56:31.096 [main] INFO  com.github.davidmoten.rx.RxUtil - rx.Observable@d845871
2022-08-15 19:56:31.096 [main] INFO  com.github.davidmoten.rx.RxUtil - rx.Observable@6bca69a5
2022-08-15 19:56:31.107 [main] INFO  com.github.davidmoten.rx.jdbc.DatabaseTestBase - committed 1
2022-08-15 19:56:31.107 [main] INFO  com.github.davidmoten.rx.jdbc.DatabaseTestBase - gets ok
2022-08-15 19:56:31.107 [main] INFO  com.github.davidmoten.rx.jdbc.DatabaseTestBase - closes ok
Syntax error in SQL statement "ZZZ[*] "; SQL statement:
zzz [42000-178]
Syntax error in SQL statement "ZZZ[*] "; SQL statement:
zzz [42000-178]
2022-08-15 19:56:31.140 [main] INFO  com.zaxxer.hikari.HikariDataSource - HikariCP pool HikariPool-4 is starting.
2022-08-15 19:56:31.146 [main] INFO  com.zaxxer.hikari.pool.HikariPool - HikariCP pool HikariPool-4 is shutting down.
2022-08-15 19:56:31.156 [main] INFO  com.github.davidmoten.rx.jdbc.DatabaseTestBase - committed 1
2022-08-15 19:56:31.156 [main] INFO  com.github.davidmoten.rx.jdbc.DatabaseTestBase - gets ok
2022-08-15 19:56:31.156 [main] INFO  com.github.davidmoten.rx.jdbc.DatabaseTestBase - closes ok
2022-08-15 19:56:31.159 [main] INFO  com.github.davidmoten.rx.RxUtil - rx.Observable@1be448e3
2022-08-15 19:56:31.159 [main] INFO  com.github.davidmoten.rx.RxUtil - rx.Observable@1be448e3
2022-08-15 19:56:31.159 [main] INFO  com.github.davidmoten.rx.RxUtil - rx.Observable@286d3d63
2022-08-15 19:56:31.161 [main] INFO  com.github.davidmoten.rx.RxUtil - rx.Observable@54d2891f
2022-08-15 19:56:31.161 [main] INFO  com.github.davidmoten.rx.RxUtil - rx.Observable@54d2891f
2022-08-15 19:56:31.161 [main] INFO  com.github.davidmoten.rx.RxUtil - rx.Observable@4a287dba
2022-08-15 19:56:31.199 [main] INFO  com.github.davidmoten.rx.RxUtil - 99
2022-08-15 19:56:31.199 [main] INFO  com.github.davidmoten.rx.RxUtil - 88
2022-08-15 19:56:31.305 [RxComputationThreadPool-10] INFO  com.github.davidmoten.rx.RxUtil - 0
2022-08-15 19:56:31.308 [RxComputationThreadPool-10] INFO  com.github.davidmoten.rx.RxUtil - 21
threads=[main]
2022-08-15 19:56:31.331 [main] INFO  com.zaxxer.hikari.HikariDataSource - HikariCP pool HikariPool-5 is starting.
[MARMADUKE, JOSEPH, MARMADUKE, JOSEPH, MARMADUKE, MARMADUKE, MARMADUKE, JOSEPH, MARMADUKE, JOSEPH, MARMADUKE, MARMADUKE]
2022-08-15 19:56:31.386 [main] INFO  com.github.davidmoten.rx.RxUtil - 99
2022-08-15 19:56:31.387 [main] INFO  com.github.davidmoten.rx.RxUtil - 88
2022-08-15 19:56:31.416 [main] INFO  com.github.davidmoten.rx.RxUtil - 3
Column "NAMEZ" not found; SQL statement:
select namez from person where name=? [42122-178]
Column "NAMEZ" not found; SQL statement:
select namez from person where name=? [42122-178]
Tests run: 97, Failures: 0, Errors: 0, Skipped: 0, Time elapsed: 0.738 sec
Running com.github.davidmoten.rx.jdbc.DatabaseViaDataSourceTest
2022-08-15 19:56:31.614 [main] INFO  com.github.davidmoten.rx.RxUtil - 1
2022-08-15 19:56:31.614 [main] INFO  com.github.davidmoten.rx.RxUtil - 2
2022-08-15 19:56:31.615 [main] INFO  com.github.davidmoten.rx.RxUtil - 3
2022-08-15 19:56:31.737 [RxComputationThreadPool-12] INFO  com.github.davidmoten.rx.RxUtil - 0
2022-08-15 19:56:31.739 [RxComputationThreadPool-12] INFO  com.github.davidmoten.rx.RxUtil - 21
2022-08-15 19:56:31.758 [main] INFO  com.zaxxer.hikari.HikariDataSource - HikariCP pool HikariPool-6 is starting.
2022-08-15 19:56:31.800 [main] INFO  com.github.davidmoten.rx.RxUtil - 21
2022-08-15 19:56:31.801 [main] INFO  com.github.davidmoten.rx.RxUtil - 34
2022-08-15 19:56:31.849 [main] INFO  com.github.davidmoten.rx.RxUtil - rx.Observable@d898eb2
2022-08-15 19:56:31.849 [main] INFO  com.github.davidmoten.rx.RxUtil - rx.Observable@d898eb2
2022-08-15 19:56:31.849 [main] INFO  com.github.davidmoten.rx.RxUtil - rx.Observable@41f74f0f
2022-08-15 19:56:31.850 [main] INFO  com.github.davidmoten.rx.RxUtil - rx.Observable@30f224d9
2022-08-15 19:56:31.851 [main] INFO  com.github.davidmoten.rx.RxUtil - rx.Observable@30f224d9
2022-08-15 19:56:31.851 [main] INFO  com.github.davidmoten.rx.RxUtil - rx.Observable@69513ba9
2022-08-15 19:56:31.860 [main] INFO  com.github.davidmoten.rx.jdbc.DatabaseTestBase - committed 1
2022-08-15 19:56:31.860 [main] INFO  com.github.davidmoten.rx.jdbc.DatabaseTestBase - gets ok
2022-08-15 19:56:31.860 [main] INFO  com.github.davidmoten.rx.jdbc.DatabaseTestBase - closes ok
Syntax error in SQL statement "ZZZ[*] "; SQL statement:
zzz [42000-178]
Syntax error in SQL statement "ZZZ[*] "; SQL statement:
zzz [42000-178]
2022-08-15 19:56:31.890 [main] INFO  com.zaxxer.hikari.HikariDataSource - HikariCP pool HikariPool-7 is starting.
2022-08-15 19:56:31.896 [main] INFO  com.zaxxer.hikari.pool.HikariPool - HikariCP pool HikariPool-7 is shutting down.
2022-08-15 19:56:31.904 [main] INFO  com.github.davidmoten.rx.jdbc.DatabaseTestBase - committed 1
2022-08-15 19:56:31.905 [main] INFO  com.github.davidmoten.rx.jdbc.DatabaseTestBase - gets ok
2022-08-15 19:56:31.905 [main] INFO  com.github.davidmoten.rx.jdbc.DatabaseTestBase - closes ok
2022-08-15 19:56:31.908 [main] INFO  com.github.davidmoten.rx.RxUtil - rx.Observable@5ddbeafc
2022-08-15 19:56:31.908 [main] INFO  com.github.davidmoten.rx.RxUtil - rx.Observable@5ddbeafc
2022-08-15 19:56:31.908 [main] INFO  com.github.davidmoten.rx.RxUtil - rx.Observable@11207688
2022-08-15 19:56:31.910 [main] INFO  com.github.davidmoten.rx.RxUtil - rx.Observable@125b1f02
2022-08-15 19:56:31.910 [main] INFO  com.github.davidmoten.rx.RxUtil - rx.Observable@125b1f02
2022-08-15 19:56:31.910 [main] INFO  com.github.davidmoten.rx.RxUtil - rx.Observable@1c50c5b8
2022-08-15 19:56:31.943 [main] INFO  com.github.davidmoten.rx.RxUtil - 99
2022-08-15 19:56:31.944 [main] INFO  com.github.davidmoten.rx.RxUtil - 88
2022-08-15 19:56:32.049 [RxComputationThreadPool-13] INFO  com.github.davidmoten.rx.RxUtil - 0
2022-08-15 19:56:32.051 [RxComputationThreadPool-13] INFO  com.github.davidmoten.rx.RxUtil - 21
threads=[main]
2022-08-15 19:56:32.073 [main] INFO  com.zaxxer.hikari.HikariDataSource - HikariCP pool HikariPool-8 is starting.
[MARMADUKE, JOSEPH, MARMADUKE, JOSEPH, MARMADUKE, MARMADUKE, MARMADUKE, JOSEPH, MARMADUKE, JOSEPH, MARMADUKE, MARMADUKE]
2022-08-15 19:56:32.124 [main] INFO  com.github.davidmoten.rx.RxUtil - 99
2022-08-15 19:56:32.124 [main] INFO  com.github.davidmoten.rx.RxUtil - 88
2022-08-15 19:56:32.148 [main] INFO  com.github.davidmoten.rx.RxUtil - 3
Column "NAMEZ" not found; SQL statement:
select namez from person where name=? [42122-178]
Column "NAMEZ" not found; SQL statement:
select namez from person where name=? [42122-178]
Tests run: 97, Failures: 0, Errors: 0, Skipped: 0, Time elapsed: 0.722 sec
Running com.github.davidmoten.rx.jdbc.QueriesTest
Tests run: 1, Failures: 0, Errors: 0, Skipped: 0, Time elapsed: 0 sec
Running com.github.davidmoten.rx.jdbc.UtilTest
Tests run: 55, Failures: 0, Errors: 0, Skipped: 0, Time elapsed: 0.212 sec
Running com.github.davidmoten.rx.jdbc.tuple.TuplesTest
Tests run: 1, Failures: 0, Errors: 0, Skipped: 0, Time elapsed: 0 sec

Results :

Tests run: 365, Failures: 0, Errors: 0, Skipped: 0

[INFO] ------------------------------------------------------------------------
[INFO] BUILD SUCCESS
[INFO] ------------------------------------------------------------------------
[INFO] Total time: 9.082 s
[INFO] Finished at: 2022-08-15T19:56:32+00:00
[INFO] Final Memory: 16M/491M
[INFO] ------------------------------------------------------------------------

travis_time:end:2138d3db:start=1660593382209348192,finish=1660593392654167289,duration=10444819097[0K
[32;1mThe command "mvn test -Dhttps.protocols=TLSv1.2 -Dhttps.protocols=TLSv1.2 -B" exited with 0.[0m

Done. Your build exited with 0.
