travis_fold:start:system_info[0K[33;1mBuild system information[0m
Build language: java
Build id: ''
Job id: ''
[34m[1mBuild image provisioning date and time[0m
Thu Feb  5 15:09:33 UTC 2015
[34m[1mOperating System Details[0m
Distributor ID:	Ubuntu
Description:	Ubuntu 12.04.5 LTS
Release:	12.04
Codename:	precise
[34m[1mLinux Version[0m
3.13.0-29-generic
[34m[1mCookbooks Version[0m
a68419e https://github.com/travis-ci/travis-cookbooks/tree/a68419e
[34m[1mGCC version[0m
gcc (Ubuntu/Linaro 4.6.3-1ubuntu5) 4.6.3
Copyright (C) 2011 Free Software Foundation, Inc.
This is free software; see the source for copying conditions.  There is NO
warranty; not even for MERCHANTABILITY or FITNESS FOR A PARTICULAR PURPOSE.

[34m[1mLLVM version[0m
clang version 3.4 (tags/RELEASE_34/final)
Target: x86_64-unknown-linux-gnu
Thread model: posix
[34m[1mPre-installed Ruby versions[0m
ruby-1.9.3-p551
[34m[1mPre-installed Node.js versions[0m
v0.10.36
[34m[1mPre-installed Go versions[0m
1.4.1
[34m[1mRedis version[0m
redis-server 2.8.19
[34m[1mriak version[0m
2.0.2
[34m[1mMongoDB version[0m
MongoDB 2.4.12
[34m[1mCouchDB version[0m
couchdb 1.6.1
[34m[1mNeo4j version[0m
1.9.4
[34m[1mRabbitMQ Version[0m
3.4.3
[34m[1mElasticSearch version[0m
1.4.0
[34m[1mInstalled Sphinx versions[0m
2.0.10
2.1.9
2.2.6
[34m[1mDefault Sphinx version[0m
2.2.6
[34m[1mInstalled Firefox version[0m
firefox 31.0esr
[34m[1mPhantomJS version[0m
1.9.8
[34m[1mant -version[0m
Apache Ant(TM) version 1.8.2 compiled on December 3 2011
[34m[1mmvn -version[0m
Apache Maven 3.2.5 (12a6b3acb947671f09b81f49094c53f426d8cea1; 2014-12-14T17:29:23+00:00)
Maven home: /usr/local/maven
Java version: 1.7.0_76, vendor: Oracle Corporation
Java home: /usr/lib/jvm/java-7-oracle/jre
Default locale: en_US, platform encoding: ANSI_X3.4-1968
OS name: "linux", version: "3.13.0-29-generic", arch: "amd64", family: "unix"
travis_fold:end:system_info[0K
W: Failed to fetch http://security.ubuntu.com/ubuntu/dists/precise-security/main/source/Sources  404  Not Found [IP: 91.189.91.38 80]

W: Failed to fetch http://security.ubuntu.com/ubuntu/dists/precise-security/restricted/source/Sources  404  Not Found [IP: 91.189.91.38 80]

W: Failed to fetch http://security.ubuntu.com/ubuntu/dists/precise-security/universe/source/Sources  404  Not Found [IP: 91.189.91.38 80]

W: Failed to fetch http://security.ubuntu.com/ubuntu/dists/precise-security/multiverse/source/Sources  404  Not Found [IP: 91.189.91.38 80]

W: Failed to fetch http://security.ubuntu.com/ubuntu/dists/precise-security/main/binary-amd64/Packages  404  Not Found [IP: 91.189.91.38 80]

W: Failed to fetch http://security.ubuntu.com/ubuntu/dists/precise-security/restricted/binary-amd64/Packages  404  Not Found [IP: 91.189.91.38 80]

W: Failed to fetch http://security.ubuntu.com/ubuntu/dists/precise-security/universe/binary-amd64/Packages  404  Not Found [IP: 91.189.91.38 80]

W: Failed to fetch http://security.ubuntu.com/ubuntu/dists/precise-security/multiverse/binary-amd64/Packages  404  Not Found [IP: 91.189.91.38 80]

W: Failed to fetch http://security.ubuntu.com/ubuntu/dists/precise-security/main/binary-i386/Packages  404  Not Found [IP: 91.189.91.38 80]

W: Failed to fetch http://security.ubuntu.com/ubuntu/dists/precise-security/restricted/binary-i386/Packages  404  Not Found [IP: 91.189.91.38 80]

W: Failed to fetch http://security.ubuntu.com/ubuntu/dists/precise-security/universe/binary-i386/Packages  404  Not Found [IP: 91.189.91.38 80]

W: Failed to fetch http://security.ubuntu.com/ubuntu/dists/precise-security/multiverse/binary-i386/Packages  404  Not Found [IP: 91.189.91.38 80]

W: Failed to fetch http://us.archive.ubuntu.com/ubuntu/dists/precise/main/source/Sources  404  Not Found [IP: 91.189.91.38 80]

W: Failed to fetch http://us.archive.ubuntu.com/ubuntu/dists/precise/restricted/source/Sources  404  Not Found [IP: 91.189.91.38 80]

W: Failed to fetch http://us.archive.ubuntu.com/ubuntu/dists/precise/universe/source/Sources  404  Not Found [IP: 91.189.91.38 80]

W: Failed to fetch http://us.archive.ubuntu.com/ubuntu/dists/precise/multiverse/source/Sources  404  Not Found [IP: 91.189.91.38 80]

W: Failed to fetch http://us.archive.ubuntu.com/ubuntu/dists/precise/main/binary-amd64/Packages  404  Not Found [IP: 91.189.91.38 80]

W: Failed to fetch http://us.archive.ubuntu.com/ubuntu/dists/precise/restricted/binary-amd64/Packages  404  Not Found [IP: 91.189.91.38 80]

W: Failed to fetch http://us.archive.ubuntu.com/ubuntu/dists/precise/universe/binary-amd64/Packages  404  Not Found [IP: 91.189.91.38 80]

W: Failed to fetch http://us.archive.ubuntu.com/ubuntu/dists/precise/multiverse/binary-amd64/Packages  404  Not Found [IP: 91.189.91.38 80]

W: Failed to fetch http://us.archive.ubuntu.com/ubuntu/dists/precise/main/binary-i386/Packages  404  Not Found [IP: 91.189.91.38 80]

W: Failed to fetch http://us.archive.ubuntu.com/ubuntu/dists/precise/restricted/binary-i386/Packages  404  Not Found [IP: 91.189.91.38 80]

W: Failed to fetch http://us.archive.ubuntu.com/ubuntu/dists/precise/universe/binary-i386/Packages  404  Not Found [IP: 91.189.91.38 80]

W: Failed to fetch http://us.archive.ubuntu.com/ubuntu/dists/precise/multiverse/binary-i386/Packages  404  Not Found [IP: 91.189.91.38 80]

W: Failed to fetch http://us.archive.ubuntu.com/ubuntu/dists/precise-updates/main/source/Sources  404  Not Found [IP: 91.189.91.38 80]

W: Failed to fetch http://us.archive.ubuntu.com/ubuntu/dists/precise-updates/restricted/source/Sources  404  Not Found [IP: 91.189.91.38 80]

W: Failed to fetch http://us.archive.ubuntu.com/ubuntu/dists/precise-updates/universe/source/Sources  404  Not Found [IP: 91.189.91.38 80]

W: Failed to fetch http://us.archive.ubuntu.com/ubuntu/dists/precise-updates/multiverse/source/Sources  404  Not Found [IP: 91.189.91.38 80]

W: Failed to fetch http://us.archive.ubuntu.com/ubuntu/dists/precise-updates/main/binary-amd64/Packages  404  Not Found [IP: 91.189.91.38 80]

W: Failed to fetch http://us.archive.ubuntu.com/ubuntu/dists/precise-updates/restricted/binary-amd64/Packages  404  Not Found [IP: 91.189.91.38 80]

W: Failed to fetch http://us.archive.ubuntu.com/ubuntu/dists/precise-updates/universe/binary-amd64/Packages  404  Not Found [IP: 91.189.91.38 80]

W: Failed to fetch http://us.archive.ubuntu.com/ubuntu/dists/precise-updates/multiverse/binary-amd64/Packages  404  Not Found [IP: 91.189.91.38 80]

W: Failed to fetch http://us.archive.ubuntu.com/ubuntu/dists/precise-updates/main/binary-i386/Packages  404  Not Found [IP: 91.189.91.38 80]

W: Failed to fetch http://us.archive.ubuntu.com/ubuntu/dists/precise-updates/restricted/binary-i386/Packages  404  Not Found [IP: 91.189.91.38 80]

W: Failed to fetch http://us.archive.ubuntu.com/ubuntu/dists/precise-updates/universe/binary-i386/Packages  404  Not Found [IP: 91.189.91.38 80]

W: Failed to fetch http://us.archive.ubuntu.com/ubuntu/dists/precise-updates/multiverse/binary-i386/Packages  404  Not Found [IP: 91.189.91.38 80]

W: Failed to fetch http://apt.postgresql.org/pub/repos/apt/dists/precise-pgdg/main/binary-amd64/Packages  404  Not Found [IP: 147.75.85.69 80]

W: Failed to fetch http://apt.postgresql.org/pub/repos/apt/dists/precise-pgdg/main/binary-i386/Packages  404  Not Found [IP: 147.75.85.69 80]

W: Failed to fetch http://us.archive.ubuntu.com/ubuntu/dists/precise-backports/main/source/Sources  404  Not Found [IP: 91.189.91.38 80]

W: Failed to fetch http://us.archive.ubuntu.com/ubuntu/dists/precise-backports/restricted/source/Sources  404  Not Found [IP: 91.189.91.38 80]

W: Failed to fetch http://us.archive.ubuntu.com/ubuntu/dists/precise-backports/universe/source/Sources  404  Not Found [IP: 91.189.91.38 80]

W: Failed to fetch http://us.archive.ubuntu.com/ubuntu/dists/precise-backports/multiverse/source/Sources  404  Not Found [IP: 91.189.91.38 80]

W: Failed to fetch http://us.archive.ubuntu.com/ubuntu/dists/precise-backports/main/binary-amd64/Packages  404  Not Found [IP: 91.189.91.38 80]

W: Failed to fetch http://us.archive.ubuntu.com/ubuntu/dists/precise-backports/restricted/binary-amd64/Packages  404  Not Found [IP: 91.189.91.38 80]

W: Failed to fetch http://us.archive.ubuntu.com/ubuntu/dists/precise-backports/universe/binary-amd64/Packages  404  Not Found [IP: 91.189.91.38 80]

W: Failed to fetch http://us.archive.ubuntu.com/ubuntu/dists/precise-backports/multiverse/binary-amd64/Packages  404  Not Found [IP: 91.189.91.38 80]

W: Failed to fetch http://us.archive.ubuntu.com/ubuntu/dists/precise-backports/main/binary-i386/Packages  404  Not Found [IP: 91.189.91.38 80]

W: Failed to fetch http://us.archive.ubuntu.com/ubuntu/dists/precise-backports/restricted/binary-i386/Packages  404  Not Found [IP: 91.189.91.38 80]

W: Failed to fetch http://us.archive.ubuntu.com/ubuntu/dists/precise-backports/universe/binary-i386/Packages  404  Not Found [IP: 91.189.91.38 80]

W: Failed to fetch http://us.archive.ubuntu.com/ubuntu/dists/precise-backports/multiverse/binary-i386/Packages  404  Not Found [IP: 91.189.91.38 80]

W: Failed to fetch http://ppa.launchpad.net/rwky/ppa/ubuntu/dists/precise/main/binary-amd64/Packages  403  Forbidden

W: Failed to fetch http://ppa.launchpad.net/rwky/ppa/ubuntu/dists/precise/main/binary-i386/Packages  403  Forbidden

W: Failed to fetch http://ppa.launchpad.net/travis-ci/zero-mq/ubuntu/dists/precise/main/binary-amd64/Packages  403  Forbidden

W: Failed to fetch http://ppa.launchpad.net/travis-ci/zero-mq/ubuntu/dists/precise/main/binary-i386/Packages  403  Forbidden

W: Failed to fetch http://downloads-distro.mongodb.org/repo/debian-sysvinit/dists/dist/10gen/binary-amd64/Packages  Undetermined Error [IP: 52.21.89.200 80]

W: Failed to fetch http://downloads-distro.mongodb.org/repo/debian-sysvinit/dists/dist/10gen/binary-i386/Packages  Undetermined Error [IP: 52.21.89.200 80]

E: Some index files failed to download. They have been ignored, or old ones used instead.
sed: cannot rename /etc/hosts: Device or resource busy
sed: cannot rename /etc/hosts: Device or resource busy
$ jdk_switcher use openjdk7
Switching to OpenJDK7 (java-1.7.0-openjdk-amd64), JAVA_HOME will be set to /usr/lib/jvm/java-7-openjdk-amd64
$ cd passed/davidmoten/rxjava-jdbc
$ java -Xmx32m -version
java version "1.7.0_75"
OpenJDK Runtime Environment (IcedTea 2.5.4) (7u75-2.5.4-1~precise1)
OpenJDK 64-Bit Server VM (build 24.75-b04, mixed mode)
$ javac -J-Xmx32m -version
javac 1.7.0_75
travis_fold:start:install[0Ktravis_time:start:00da0480[0K$ mvn -o install -Dhttps.protocols=TLSv1.2 -Dhttps.protocols=TLSv1.2 -DskipTests=true -Dmaven.javadoc.skip=true -B -V
Apache Maven 3.2.5 (12a6b3acb947671f09b81f49094c53f426d8cea1; 2014-12-14T17:29:23+00:00)
Maven home: /usr/local/maven
Java version: 1.7.0_75, vendor: Oracle Corporation
Java home: /usr/lib/jvm/java-7-openjdk-amd64/jre
Default locale: en_US, platform encoding: UTF-8
OS name: "linux", version: "4.15.0-109-generic", arch: "amd64", family: "unix"
[INFO] Scanning for projects...
[INFO] Inspecting build with total of 1 modules...
[INFO] Installing Nexus Staging features:
[INFO]   ... total of 1 executions of maven-deploy-plugin replaced with nexus-staging-maven-plugin
[INFO]                                                                         
[INFO] ------------------------------------------------------------------------
[INFO] Building rxjava-jdbc 0.5.11-SNAPSHOT
[INFO] ------------------------------------------------------------------------
[INFO] 
[INFO] --- maven-resources-plugin:2.6:resources (default-resources) @ rxjava-jdbc ---
[INFO] Using 'UTF-8' encoding to copy filtered resources.
[INFO] skip non existing resourceDirectory /home/travis/build/passed/davidmoten/rxjava-jdbc/src/main/resources
[INFO] 
[INFO] --- maven-compiler-plugin:3.1:compile (default-compile) @ rxjava-jdbc ---
[INFO] Changes detected - recompiling the module!
[INFO] Compiling 46 source files to /home/travis/build/passed/davidmoten/rxjava-jdbc/target/classes
[INFO] 
[INFO] --- maven-resources-plugin:2.6:testResources (default-testResources) @ rxjava-jdbc ---
[INFO] Using 'UTF-8' encoding to copy filtered resources.
[INFO] Copying 4 resources
[INFO] 
[INFO] --- maven-compiler-plugin:3.1:testCompile (default-testCompile) @ rxjava-jdbc ---
[INFO] Nothing to compile - all classes are up to date
[INFO] 
[INFO] --- maven-surefire-plugin:2.12.4:test (default-test) @ rxjava-jdbc ---
[INFO] Tests are skipped.
[INFO] 
[INFO] --- maven-jar-plugin:2.4:jar (default-jar) @ rxjava-jdbc ---
[INFO] Building jar: /home/travis/build/passed/davidmoten/rxjava-jdbc/target/rxjava-jdbc-0.5.11-SNAPSHOT.jar
[INFO] 
[INFO] --- maven-site-plugin:3.4:attach-descriptor (attach-descriptor) @ rxjava-jdbc ---
[INFO] 
[INFO] --- maven-install-plugin:2.4:install (default-install) @ rxjava-jdbc ---
[INFO] Installing /home/travis/build/passed/davidmoten/rxjava-jdbc/target/rxjava-jdbc-0.5.11-SNAPSHOT.jar to /home/travis/.m2/repository/com/github/davidmoten/rxjava-jdbc/0.5.11-SNAPSHOT/rxjava-jdbc-0.5.11-SNAPSHOT.jar
[INFO] Installing /home/travis/build/passed/davidmoten/rxjava-jdbc/pom.xml to /home/travis/.m2/repository/com/github/davidmoten/rxjava-jdbc/0.5.11-SNAPSHOT/rxjava-jdbc-0.5.11-SNAPSHOT.pom
[INFO] ------------------------------------------------------------------------
[INFO] BUILD SUCCESS
[INFO] ------------------------------------------------------------------------
[INFO] Total time: 11.032 s
[INFO] Finished at: 2022-07-24T18:29:43+00:00
[INFO] Final Memory: 22M/491M
[INFO] ------------------------------------------------------------------------

travis_time:end:00da0480:start=1658687370806165837,finish=1658687383370638899,duration=12564473062[0Ktravis_fold:end:install[0Ktravis_time:start:0a8eb5ba[0K$ mvn test -Dhttps.protocols=TLSv1.2 -Dhttps.protocols=TLSv1.2 -B
[INFO] Scanning for projects...
[INFO] Inspecting build with total of 1 modules...
[INFO] Installing Nexus Staging features:
[INFO]   ... total of 1 executions of maven-deploy-plugin replaced with nexus-staging-maven-plugin
[INFO]                                                                         
[INFO] ------------------------------------------------------------------------
[INFO] Building rxjava-jdbc 0.5.11-SNAPSHOT
[INFO] ------------------------------------------------------------------------
[INFO] 
[INFO] --- maven-resources-plugin:2.6:resources (default-resources) @ rxjava-jdbc ---
[INFO] Using 'UTF-8' encoding to copy filtered resources.
[INFO] skip non existing resourceDirectory /home/travis/build/passed/davidmoten/rxjava-jdbc/src/main/resources
[INFO] 
[INFO] --- maven-compiler-plugin:3.1:compile (default-compile) @ rxjava-jdbc ---
[INFO] Changes detected - recompiling the module!
[INFO] Compiling 46 source files to /home/travis/build/passed/davidmoten/rxjava-jdbc/target/classes
[INFO] 
[INFO] --- maven-resources-plugin:2.6:testResources (default-testResources) @ rxjava-jdbc ---
[INFO] Using 'UTF-8' encoding to copy filtered resources.
[INFO] Copying 4 resources
[INFO] 
[INFO] --- maven-compiler-plugin:3.1:testCompile (default-testCompile) @ rxjava-jdbc ---
[INFO] Nothing to compile - all classes are up to date
[INFO] 
[INFO] --- maven-surefire-plugin:2.12.4:test (default-test) @ rxjava-jdbc ---
[INFO] Surefire report directory: /home/travis/build/passed/davidmoten/rxjava-jdbc/target/surefire-reports

-------------------------------------------------------
 T E S T S
-------------------------------------------------------
Running com.github.davidmoten.rx.DynamicProxyTest
Tests run: 2, Failures: 0, Errors: 0, Skipped: 0, Time elapsed: 0.071 sec
Running com.github.davidmoten.rx.RetryTest
Tests run: 1, Failures: 0, Errors: 0, Skipped: 0, Time elapsed: 0.352 sec
Running com.github.davidmoten.rx.jdbc.ConditionsTest
Tests run: 7, Failures: 0, Errors: 0, Skipped: 0, Time elapsed: 0.002 sec
Running com.github.davidmoten.rx.jdbc.ConnectionDemoTest
Tests run: 1, Failures: 0, Errors: 0, Skipped: 0, Time elapsed: 0.406 sec
Running com.github.davidmoten.rx.jdbc.ConnectionNonClosingTest
Tests run: 1, Failures: 0, Errors: 0, Skipped: 0, Time elapsed: 0.046 sec
Running com.github.davidmoten.rx.jdbc.ConnectionProviderAutoCommittingTest
Tests run: 1, Failures: 0, Errors: 0, Skipped: 0, Time elapsed: 0.035 sec
Running com.github.davidmoten.rx.jdbc.ConnectionProviderFromUrlTest
Tests run: 1, Failures: 0, Errors: 0, Skipped: 0, Time elapsed: 0 sec
Running com.github.davidmoten.rx.jdbc.DatabaseAsyncTest
2022-07-24 18:29:49.998 [main] INFO  com.github.davidmoten.rx.RxUtil - 1
2022-07-24 18:29:49.999 [main] INFO  com.github.davidmoten.rx.RxUtil - 2
2022-07-24 18:29:49.999 [main] INFO  com.github.davidmoten.rx.RxUtil - 3
2022-07-24 18:29:50.169 [RxComputationThreadPool-6] INFO  com.github.davidmoten.rx.RxUtil - 0
2022-07-24 18:29:50.171 [RxCachedThreadScheduler-2] INFO  com.github.davidmoten.rx.RxUtil - 21
2022-07-24 18:29:50.880 [main] INFO  com.zaxxer.hikari.HikariDataSource - HikariCP pool HikariPool-0 is starting.
2022-07-24 18:29:50.966 [RxCachedThreadScheduler-2] INFO  com.github.davidmoten.rx.RxUtil - 21
2022-07-24 18:29:50.967 [RxCachedThreadScheduler-1] INFO  com.github.davidmoten.rx.RxUtil - 34
2022-07-24 18:29:51.139 [main] INFO  com.github.davidmoten.rx.RxUtil - rx.Observable@3e5e4a4
2022-07-24 18:29:51.140 [main] INFO  com.github.davidmoten.rx.RxUtil - rx.Observable@3e5e4a4
2022-07-24 18:29:51.140 [main] INFO  com.github.davidmoten.rx.RxUtil - rx.Observable@6a05ccfb
2022-07-24 18:29:51.142 [main] INFO  com.github.davidmoten.rx.RxUtil - rx.Observable@37ab026f
2022-07-24 18:29:51.142 [main] INFO  com.github.davidmoten.rx.RxUtil - rx.Observable@37ab026f
2022-07-24 18:29:51.142 [main] INFO  com.github.davidmoten.rx.RxUtil - rx.Observable@3c2ce1f6
2022-07-24 18:29:51.160 [main] INFO  com.github.davidmoten.rx.jdbc.DatabaseTestBase - committed 1
2022-07-24 18:29:51.160 [main] INFO  com.github.davidmoten.rx.jdbc.DatabaseTestBase - gets ok
2022-07-24 18:29:51.160 [main] INFO  com.github.davidmoten.rx.jdbc.DatabaseTestBase - closes ok
Syntax error in SQL statement "ZZZ[*] "; SQL statement:
zzz [42000-178]
Syntax error in SQL statement "ZZZ[*] "; SQL statement:
zzz [42000-178]
2022-07-24 18:29:51.248 [main] INFO  com.zaxxer.hikari.HikariDataSource - HikariCP pool HikariPool-1 is starting.
2022-07-24 18:29:51.257 [main] INFO  com.zaxxer.hikari.pool.HikariPool - HikariCP pool HikariPool-1 is shutting down.
2022-07-24 18:29:51.335 [main] INFO  com.github.davidmoten.rx.jdbc.DatabaseTestBase - committed 1
2022-07-24 18:29:51.335 [main] INFO  com.github.davidmoten.rx.jdbc.DatabaseTestBase - gets ok
2022-07-24 18:29:51.335 [main] INFO  com.github.davidmoten.rx.jdbc.DatabaseTestBase - closes ok
2022-07-24 18:29:51.339 [main] INFO  com.github.davidmoten.rx.RxUtil - rx.Observable@640e0e2f
2022-07-24 18:29:51.340 [main] INFO  com.github.davidmoten.rx.RxUtil - rx.Observable@640e0e2f
2022-07-24 18:29:51.340 [main] INFO  com.github.davidmoten.rx.RxUtil - rx.Observable@56c562fa
2022-07-24 18:29:51.342 [main] INFO  com.github.davidmoten.rx.RxUtil - rx.Observable@50a4b7af
2022-07-24 18:29:51.342 [main] INFO  com.github.davidmoten.rx.RxUtil - rx.Observable@50a4b7af
2022-07-24 18:29:51.342 [main] INFO  com.github.davidmoten.rx.RxUtil - rx.Observable@6e176b85
2022-07-24 18:29:51.402 [main] INFO  com.github.davidmoten.rx.RxUtil - 99
2022-07-24 18:29:51.404 [main] INFO  com.github.davidmoten.rx.RxUtil - 88
2022-07-24 18:29:51.514 [RxComputationThreadPool-7] INFO  com.github.davidmoten.rx.RxUtil - 0
2022-07-24 18:29:51.515 [RxCachedThreadScheduler-3] INFO  com.github.davidmoten.rx.RxUtil - 21
threads=[main]
2022-07-24 18:29:51.557 [main] INFO  com.zaxxer.hikari.HikariDataSource - HikariCP pool HikariPool-2 is starting.
[MARMADUKE, JOSEPH, MARMADUKE, JOSEPH, MARMADUKE, MARMADUKE, MARMADUKE, JOSEPH, MARMADUKE, JOSEPH, MARMADUKE, MARMADUKE]
2022-07-24 18:29:51.653 [main] INFO  com.github.davidmoten.rx.RxUtil - 99
2022-07-24 18:29:51.655 [main] INFO  com.github.davidmoten.rx.RxUtil - 88
2022-07-24 18:29:51.704 [RxCachedThreadScheduler-1] INFO  com.github.davidmoten.rx.RxUtil - 3
Column "NAMEZ" not found; SQL statement:
select namez from person where name=? [42122-178]
Column "NAMEZ" not found; SQL statement:
select namez from person where name=? [42122-178]
Tests run: 98, Failures: 0, Errors: 0, Skipped: 0, Time elapsed: 2.406 sec
Running com.github.davidmoten.rx.jdbc.DatabaseMasterDetailTest
MasterAndDetails [id=1, name=FRED, details=[Detail [id=10, description=a good fellow], Detail [id=11, description=rides his bike]]]
MasterAndDetails [id=2, name=JOHN, details=[Detail [id=20, description=a bit of a bore], Detail [id=21, description=is a good cook]]]
Tests run: 2, Failures: 0, Errors: 0, Skipped: 0, Time elapsed: 0.016 sec
Running com.github.davidmoten.rx.jdbc.DatabaseSyncTest
2022-07-24 18:29:51.894 [main] INFO  com.github.davidmoten.rx.RxUtil - 1
2022-07-24 18:29:51.894 [main] INFO  com.github.davidmoten.rx.RxUtil - 2
2022-07-24 18:29:51.895 [main] INFO  com.github.davidmoten.rx.RxUtil - 3
2022-07-24 18:29:52.015 [RxComputationThreadPool-9] INFO  com.github.davidmoten.rx.RxUtil - 0
2022-07-24 18:29:52.017 [RxComputationThreadPool-9] INFO  com.github.davidmoten.rx.RxUtil - 21
2022-07-24 18:29:52.046 [main] INFO  com.zaxxer.hikari.HikariDataSource - HikariCP pool HikariPool-3 is starting.
2022-07-24 18:29:52.091 [main] INFO  com.github.davidmoten.rx.RxUtil - 21
2022-07-24 18:29:52.092 [main] INFO  com.github.davidmoten.rx.RxUtil - 34
2022-07-24 18:29:52.144 [main] INFO  com.github.davidmoten.rx.RxUtil - rx.Observable@4490cee2
2022-07-24 18:29:52.144 [main] INFO  com.github.davidmoten.rx.RxUtil - rx.Observable@4490cee2
2022-07-24 18:29:52.145 [main] INFO  com.github.davidmoten.rx.RxUtil - rx.Observable@7efe7a98
2022-07-24 18:29:52.146 [main] INFO  com.github.davidmoten.rx.RxUtil - rx.Observable@411c345a
2022-07-24 18:29:52.146 [main] INFO  com.github.davidmoten.rx.RxUtil - rx.Observable@411c345a
2022-07-24 18:29:52.146 [main] INFO  com.github.davidmoten.rx.RxUtil - rx.Observable@22b1221b
2022-07-24 18:29:52.157 [main] INFO  com.github.davidmoten.rx.jdbc.DatabaseTestBase - committed 1
2022-07-24 18:29:52.157 [main] INFO  com.github.davidmoten.rx.jdbc.DatabaseTestBase - gets ok
2022-07-24 18:29:52.157 [main] INFO  com.github.davidmoten.rx.jdbc.DatabaseTestBase - closes ok
Syntax error in SQL statement "ZZZ[*] "; SQL statement:
zzz [42000-178]
Syntax error in SQL statement "ZZZ[*] "; SQL statement:
zzz [42000-178]
2022-07-24 18:29:52.189 [main] INFO  com.zaxxer.hikari.HikariDataSource - HikariCP pool HikariPool-4 is starting.
2022-07-24 18:29:52.195 [main] INFO  com.zaxxer.hikari.pool.HikariPool - HikariCP pool HikariPool-4 is shutting down.
2022-07-24 18:29:52.205 [main] INFO  com.github.davidmoten.rx.jdbc.DatabaseTestBase - committed 1
2022-07-24 18:29:52.205 [main] INFO  com.github.davidmoten.rx.jdbc.DatabaseTestBase - gets ok
2022-07-24 18:29:52.205 [main] INFO  com.github.davidmoten.rx.jdbc.DatabaseTestBase - closes ok
2022-07-24 18:29:52.208 [main] INFO  com.github.davidmoten.rx.RxUtil - rx.Observable@66a62053
2022-07-24 18:29:52.208 [main] INFO  com.github.davidmoten.rx.RxUtil - rx.Observable@66a62053
2022-07-24 18:29:52.209 [main] INFO  com.github.davidmoten.rx.RxUtil - rx.Observable@24945dcb
2022-07-24 18:29:52.210 [main] INFO  com.github.davidmoten.rx.RxUtil - rx.Observable@296e0eb9
2022-07-24 18:29:52.210 [main] INFO  com.github.davidmoten.rx.RxUtil - rx.Observable@296e0eb9
2022-07-24 18:29:52.210 [main] INFO  com.github.davidmoten.rx.RxUtil - rx.Observable@7888a8ee
2022-07-24 18:29:52.248 [main] INFO  com.github.davidmoten.rx.RxUtil - 99
2022-07-24 18:29:52.249 [main] INFO  com.github.davidmoten.rx.RxUtil - 88
2022-07-24 18:29:52.355 [RxComputationThreadPool-10] INFO  com.github.davidmoten.rx.RxUtil - 0
2022-07-24 18:29:52.357 [RxComputationThreadPool-10] INFO  com.github.davidmoten.rx.RxUtil - 21
threads=[main]
2022-07-24 18:29:52.391 [main] INFO  com.zaxxer.hikari.HikariDataSource - HikariCP pool HikariPool-5 is starting.
[MARMADUKE, JOSEPH, MARMADUKE, JOSEPH, MARMADUKE, MARMADUKE, MARMADUKE, JOSEPH, MARMADUKE, JOSEPH, MARMADUKE, MARMADUKE]
2022-07-24 18:29:52.448 [main] INFO  com.github.davidmoten.rx.RxUtil - 99
2022-07-24 18:29:52.449 [main] INFO  com.github.davidmoten.rx.RxUtil - 88
2022-07-24 18:29:52.478 [main] INFO  com.github.davidmoten.rx.RxUtil - 3
Column "NAMEZ" not found; SQL statement:
select namez from person where name=? [42122-178]
Column "NAMEZ" not found; SQL statement:
select namez from person where name=? [42122-178]
Tests run: 97, Failures: 0, Errors: 0, Skipped: 0, Time elapsed: 0.745 sec
Running com.github.davidmoten.rx.jdbc.DatabaseViaDataSourceTest
2022-07-24 18:29:52.675 [main] INFO  com.github.davidmoten.rx.RxUtil - 1
2022-07-24 18:29:52.675 [main] INFO  com.github.davidmoten.rx.RxUtil - 2
2022-07-24 18:29:52.676 [main] INFO  com.github.davidmoten.rx.RxUtil - 3
2022-07-24 18:29:52.798 [RxComputationThreadPool-12] INFO  com.github.davidmoten.rx.RxUtil - 0
2022-07-24 18:29:52.800 [RxComputationThreadPool-12] INFO  com.github.davidmoten.rx.RxUtil - 21
2022-07-24 18:29:52.826 [main] INFO  com.zaxxer.hikari.HikariDataSource - HikariCP pool HikariPool-6 is starting.
2022-07-24 18:29:52.866 [main] INFO  com.github.davidmoten.rx.RxUtil - 21
2022-07-24 18:29:52.867 [main] INFO  com.github.davidmoten.rx.RxUtil - 34
2022-07-24 18:29:52.918 [main] INFO  com.github.davidmoten.rx.RxUtil - rx.Observable@4c843d2b
2022-07-24 18:29:52.918 [main] INFO  com.github.davidmoten.rx.RxUtil - rx.Observable@4c843d2b
2022-07-24 18:29:52.918 [main] INFO  com.github.davidmoten.rx.RxUtil - rx.Observable@7dcbf94b
2022-07-24 18:29:52.919 [main] INFO  com.github.davidmoten.rx.RxUtil - rx.Observable@48beb7b6
2022-07-24 18:29:52.920 [main] INFO  com.github.davidmoten.rx.RxUtil - rx.Observable@48beb7b6
2022-07-24 18:29:52.920 [main] INFO  com.github.davidmoten.rx.RxUtil - rx.Observable@610f3309
2022-07-24 18:29:52.930 [main] INFO  com.github.davidmoten.rx.jdbc.DatabaseTestBase - committed 1
2022-07-24 18:29:52.930 [main] INFO  com.github.davidmoten.rx.jdbc.DatabaseTestBase - gets ok
2022-07-24 18:29:52.930 [main] INFO  com.github.davidmoten.rx.jdbc.DatabaseTestBase - closes ok
Syntax error in SQL statement "ZZZ[*] "; SQL statement:
zzz [42000-178]
Syntax error in SQL statement "ZZZ[*] "; SQL statement:
zzz [42000-178]
2022-07-24 18:29:52.961 [main] INFO  com.zaxxer.hikari.HikariDataSource - HikariCP pool HikariPool-7 is starting.
2022-07-24 18:29:52.966 [main] INFO  com.zaxxer.hikari.pool.HikariPool - HikariCP pool HikariPool-7 is shutting down.
2022-07-24 18:29:52.975 [main] INFO  com.github.davidmoten.rx.jdbc.DatabaseTestBase - committed 1
2022-07-24 18:29:52.975 [main] INFO  com.github.davidmoten.rx.jdbc.DatabaseTestBase - gets ok
2022-07-24 18:29:52.976 [main] INFO  com.github.davidmoten.rx.jdbc.DatabaseTestBase - closes ok
2022-07-24 18:29:52.979 [main] INFO  com.github.davidmoten.rx.RxUtil - rx.Observable@5413556b
2022-07-24 18:29:52.979 [main] INFO  com.github.davidmoten.rx.RxUtil - rx.Observable@5413556b
2022-07-24 18:29:52.979 [main] INFO  com.github.davidmoten.rx.RxUtil - rx.Observable@414d0eec
2022-07-24 18:29:52.981 [main] INFO  com.github.davidmoten.rx.RxUtil - rx.Observable@30cb70f0
2022-07-24 18:29:52.981 [main] INFO  com.github.davidmoten.rx.RxUtil - rx.Observable@30cb70f0
2022-07-24 18:29:52.981 [main] INFO  com.github.davidmoten.rx.RxUtil - rx.Observable@7c63b596
2022-07-24 18:29:53.023 [main] INFO  com.github.davidmoten.rx.RxUtil - 99
2022-07-24 18:29:53.023 [main] INFO  com.github.davidmoten.rx.RxUtil - 88
2022-07-24 18:29:53.128 [RxComputationThreadPool-13] INFO  com.github.davidmoten.rx.RxUtil - 0
2022-07-24 18:29:53.130 [RxComputationThreadPool-13] INFO  com.github.davidmoten.rx.RxUtil - 21
threads=[main]
2022-07-24 18:29:53.158 [main] INFO  com.zaxxer.hikari.HikariDataSource - HikariCP pool HikariPool-8 is starting.
[MARMADUKE, JOSEPH, MARMADUKE, JOSEPH, MARMADUKE, MARMADUKE, MARMADUKE, JOSEPH, MARMADUKE, JOSEPH, MARMADUKE, MARMADUKE]
2022-07-24 18:29:53.211 [main] INFO  com.github.davidmoten.rx.RxUtil - 99
2022-07-24 18:29:53.212 [main] INFO  com.github.davidmoten.rx.RxUtil - 88
2022-07-24 18:29:53.240 [main] INFO  com.github.davidmoten.rx.RxUtil - 3
Column "NAMEZ" not found; SQL statement:
select namez from person where name=? [42122-178]
Column "NAMEZ" not found; SQL statement:
select namez from person where name=? [42122-178]
Tests run: 97, Failures: 0, Errors: 0, Skipped: 0, Time elapsed: 0.754 sec
Running com.github.davidmoten.rx.jdbc.QueriesTest
Tests run: 1, Failures: 0, Errors: 0, Skipped: 0, Time elapsed: 0.001 sec
Running com.github.davidmoten.rx.jdbc.UtilTest
Tests run: 55, Failures: 0, Errors: 0, Skipped: 0, Time elapsed: 0.111 sec
Running com.github.davidmoten.rx.jdbc.tuple.TuplesTest
Tests run: 1, Failures: 0, Errors: 0, Skipped: 0, Time elapsed: 0 sec

Results :

Tests run: 365, Failures: 0, Errors: 0, Skipped: 0

[INFO] ------------------------------------------------------------------------
[INFO] BUILD SUCCESS
[INFO] ------------------------------------------------------------------------
[INFO] Total time: 8.837 s
[INFO] Finished at: 2022-07-24T18:29:53+00:00
[INFO] Final Memory: 16M/491M
[INFO] ------------------------------------------------------------------------

travis_time:end:0a8eb5ba:start=1658687383382153357,finish=1658687393677657303,duration=10295503946[0K
[32;1mThe command "mvn test -Dhttps.protocols=TLSv1.2 -Dhttps.protocols=TLSv1.2 -B" exited with 0.[0m

Done. Your build exited with 0.
