travis_fold:start:system_info[0K[33;1mBuild system information[0m
Build language: java
Build id: ''
Job id: ''
[34m[1mBuild image provisioning date and time[0m
Thu Feb  5 15:09:33 UTC 2015
[34m[1mOperating System Details[0m
Distributor ID:	Ubuntu
Description:	Ubuntu 12.04.5 LTS
Release:	12.04
Codename:	precise
[34m[1mLinux Version[0m
3.13.0-29-generic
[34m[1mCookbooks Version[0m
a68419e https://github.com/travis-ci/travis-cookbooks/tree/a68419e
[34m[1mGCC version[0m
gcc (Ubuntu/Linaro 4.6.3-1ubuntu5) 4.6.3
Copyright (C) 2011 Free Software Foundation, Inc.
This is free software; see the source for copying conditions.  There is NO
warranty; not even for MERCHANTABILITY or FITNESS FOR A PARTICULAR PURPOSE.

[34m[1mLLVM version[0m
clang version 3.4 (tags/RELEASE_34/final)
Target: x86_64-unknown-linux-gnu
Thread model: posix
[34m[1mPre-installed Ruby versions[0m
ruby-1.9.3-p551
[34m[1mPre-installed Node.js versions[0m
v0.10.36
[34m[1mPre-installed Go versions[0m
1.4.1
[34m[1mRedis version[0m
redis-server 2.8.19
[34m[1mriak version[0m
2.0.2
[34m[1mMongoDB version[0m
MongoDB 2.4.12
[34m[1mCouchDB version[0m
couchdb 1.6.1
[34m[1mNeo4j version[0m
1.9.4
[34m[1mRabbitMQ Version[0m
3.4.3
[34m[1mElasticSearch version[0m
1.4.0
[34m[1mInstalled Sphinx versions[0m
2.0.10
2.1.9
2.2.6
[34m[1mDefault Sphinx version[0m
2.2.6
[34m[1mInstalled Firefox version[0m
firefox 31.0esr
[34m[1mPhantomJS version[0m
1.9.8
[34m[1mant -version[0m
Apache Ant(TM) version 1.8.2 compiled on December 3 2011
[34m[1mmvn -version[0m
Apache Maven 3.2.5 (12a6b3acb947671f09b81f49094c53f426d8cea1; 2014-12-14T17:29:23+00:00)
Maven home: /usr/local/maven
Java version: 1.7.0_76, vendor: Oracle Corporation
Java home: /usr/lib/jvm/java-7-oracle/jre
Default locale: en_US, platform encoding: ANSI_X3.4-1968
OS name: "linux", version: "3.13.0-29-generic", arch: "amd64", family: "unix"
travis_fold:end:system_info[0K
W: Failed to fetch http://apt.postgresql.org/pub/repos/apt/dists/precise-pgdg/main/binary-amd64/Packages  404  Not Found [IP: 72.32.157.246 80]

W: Failed to fetch http://apt.postgresql.org/pub/repos/apt/dists/precise-pgdg/main/binary-i386/Packages  404  Not Found [IP: 72.32.157.246 80]

W: Failed to fetch http://us.archive.ubuntu.com/ubuntu/dists/precise/main/source/Sources  404  Not Found [IP: 91.189.91.38 80]

W: Failed to fetch http://us.archive.ubuntu.com/ubuntu/dists/precise/restricted/source/Sources  404  Not Found [IP: 91.189.91.38 80]

W: Failed to fetch http://us.archive.ubuntu.com/ubuntu/dists/precise/universe/source/Sources  404  Not Found [IP: 91.189.91.38 80]

W: Failed to fetch http://us.archive.ubuntu.com/ubuntu/dists/precise/multiverse/source/Sources  404  Not Found [IP: 91.189.91.38 80]

W: Failed to fetch http://us.archive.ubuntu.com/ubuntu/dists/precise/main/binary-amd64/Packages  404  Not Found [IP: 91.189.91.38 80]

W: Failed to fetch http://us.archive.ubuntu.com/ubuntu/dists/precise/restricted/binary-amd64/Packages  404  Not Found [IP: 91.189.91.38 80]

W: Failed to fetch http://us.archive.ubuntu.com/ubuntu/dists/precise/universe/binary-amd64/Packages  404  Not Found [IP: 91.189.91.38 80]

W: Failed to fetch http://us.archive.ubuntu.com/ubuntu/dists/precise/multiverse/binary-amd64/Packages  404  Not Found [IP: 91.189.91.38 80]

W: Failed to fetch http://us.archive.ubuntu.com/ubuntu/dists/precise/main/binary-i386/Packages  404  Not Found [IP: 91.189.91.38 80]

W: Failed to fetch http://us.archive.ubuntu.com/ubuntu/dists/precise/restricted/binary-i386/Packages  404  Not Found [IP: 91.189.91.38 80]

W: Failed to fetch http://us.archive.ubuntu.com/ubuntu/dists/precise/universe/binary-i386/Packages  404  Not Found [IP: 91.189.91.38 80]

W: Failed to fetch http://us.archive.ubuntu.com/ubuntu/dists/precise/multiverse/binary-i386/Packages  404  Not Found [IP: 91.189.91.38 80]

W: Failed to fetch http://us.archive.ubuntu.com/ubuntu/dists/precise-updates/main/source/Sources  404  Not Found [IP: 91.189.91.38 80]

W: Failed to fetch http://us.archive.ubuntu.com/ubuntu/dists/precise-updates/restricted/source/Sources  404  Not Found [IP: 91.189.91.38 80]

W: Failed to fetch http://us.archive.ubuntu.com/ubuntu/dists/precise-updates/universe/source/Sources  404  Not Found [IP: 91.189.91.38 80]

W: Failed to fetch http://us.archive.ubuntu.com/ubuntu/dists/precise-updates/multiverse/source/Sources  404  Not Found [IP: 91.189.91.38 80]

W: Failed to fetch http://us.archive.ubuntu.com/ubuntu/dists/precise-updates/main/binary-amd64/Packages  404  Not Found [IP: 91.189.91.38 80]

W: Failed to fetch http://us.archive.ubuntu.com/ubuntu/dists/precise-updates/restricted/binary-amd64/Packages  404  Not Found [IP: 91.189.91.38 80]

W: Failed to fetch http://us.archive.ubuntu.com/ubuntu/dists/precise-updates/universe/binary-amd64/Packages  404  Not Found [IP: 91.189.91.38 80]

W: Failed to fetch http://us.archive.ubuntu.com/ubuntu/dists/precise-updates/multiverse/binary-amd64/Packages  404  Not Found [IP: 91.189.91.38 80]

W: Failed to fetch http://us.archive.ubuntu.com/ubuntu/dists/precise-updates/main/binary-i386/Packages  404  Not Found [IP: 91.189.91.38 80]

W: Failed to fetch http://us.archive.ubuntu.com/ubuntu/dists/precise-updates/restricted/binary-i386/Packages  404  Not Found [IP: 91.189.91.38 80]

W: Failed to fetch http://us.archive.ubuntu.com/ubuntu/dists/precise-updates/universe/binary-i386/Packages  404  Not Found [IP: 91.189.91.38 80]

W: Failed to fetch http://us.archive.ubuntu.com/ubuntu/dists/precise-updates/multiverse/binary-i386/Packages  404  Not Found [IP: 91.189.91.38 80]

W: Failed to fetch http://us.archive.ubuntu.com/ubuntu/dists/precise-backports/main/source/Sources  404  Not Found [IP: 91.189.91.38 80]

W: Failed to fetch http://us.archive.ubuntu.com/ubuntu/dists/precise-backports/restricted/source/Sources  404  Not Found [IP: 91.189.91.38 80]

W: Failed to fetch http://us.archive.ubuntu.com/ubuntu/dists/precise-backports/universe/source/Sources  404  Not Found [IP: 91.189.91.38 80]

W: Failed to fetch http://us.archive.ubuntu.com/ubuntu/dists/precise-backports/multiverse/source/Sources  404  Not Found [IP: 91.189.91.38 80]

W: Failed to fetch http://us.archive.ubuntu.com/ubuntu/dists/precise-backports/main/binary-amd64/Packages  404  Not Found [IP: 91.189.91.38 80]

W: Failed to fetch http://us.archive.ubuntu.com/ubuntu/dists/precise-backports/restricted/binary-amd64/Packages  404  Not Found [IP: 91.189.91.38 80]

W: Failed to fetch http://us.archive.ubuntu.com/ubuntu/dists/precise-backports/universe/binary-amd64/Packages  404  Not Found [IP: 91.189.91.38 80]

W: Failed to fetch http://us.archive.ubuntu.com/ubuntu/dists/precise-backports/multiverse/binary-amd64/Packages  404  Not Found [IP: 91.189.91.38 80]

W: Failed to fetch http://us.archive.ubuntu.com/ubuntu/dists/precise-backports/main/binary-i386/Packages  404  Not Found [IP: 91.189.91.38 80]

W: Failed to fetch http://us.archive.ubuntu.com/ubuntu/dists/precise-backports/restricted/binary-i386/Packages  404  Not Found [IP: 91.189.91.38 80]

W: Failed to fetch http://us.archive.ubuntu.com/ubuntu/dists/precise-backports/universe/binary-i386/Packages  404  Not Found [IP: 91.189.91.38 80]

W: Failed to fetch http://us.archive.ubuntu.com/ubuntu/dists/precise-backports/multiverse/binary-i386/Packages  404  Not Found [IP: 91.189.91.38 80]

W: Failed to fetch http://security.ubuntu.com/ubuntu/dists/precise-security/main/source/Sources  404  Not Found [IP: 185.125.190.36 80]

W: Failed to fetch http://security.ubuntu.com/ubuntu/dists/precise-security/restricted/source/Sources  404  Not Found [IP: 185.125.190.36 80]

W: Failed to fetch http://security.ubuntu.com/ubuntu/dists/precise-security/universe/source/Sources  404  Not Found [IP: 185.125.190.36 80]

W: Failed to fetch http://security.ubuntu.com/ubuntu/dists/precise-security/multiverse/source/Sources  404  Not Found [IP: 185.125.190.36 80]

W: Failed to fetch http://security.ubuntu.com/ubuntu/dists/precise-security/main/binary-amd64/Packages  404  Not Found [IP: 185.125.190.36 80]

W: Failed to fetch http://security.ubuntu.com/ubuntu/dists/precise-security/restricted/binary-amd64/Packages  404  Not Found [IP: 185.125.190.36 80]

W: Failed to fetch http://security.ubuntu.com/ubuntu/dists/precise-security/universe/binary-amd64/Packages  404  Not Found [IP: 185.125.190.36 80]

W: Failed to fetch http://security.ubuntu.com/ubuntu/dists/precise-security/multiverse/binary-amd64/Packages  404  Not Found [IP: 185.125.190.36 80]

W: Failed to fetch http://security.ubuntu.com/ubuntu/dists/precise-security/main/binary-i386/Packages  404  Not Found [IP: 185.125.190.36 80]

W: Failed to fetch http://security.ubuntu.com/ubuntu/dists/precise-security/restricted/binary-i386/Packages  404  Not Found [IP: 185.125.190.36 80]

W: Failed to fetch http://security.ubuntu.com/ubuntu/dists/precise-security/universe/binary-i386/Packages  404  Not Found [IP: 185.125.190.36 80]

W: Failed to fetch http://security.ubuntu.com/ubuntu/dists/precise-security/multiverse/binary-i386/Packages  404  Not Found [IP: 185.125.190.36 80]

W: Failed to fetch http://ppa.launchpad.net/rwky/ppa/ubuntu/dists/precise/main/binary-amd64/Packages  403  Forbidden

W: Failed to fetch http://ppa.launchpad.net/rwky/ppa/ubuntu/dists/precise/main/binary-i386/Packages  403  Forbidden

W: Failed to fetch http://ppa.launchpad.net/travis-ci/zero-mq/ubuntu/dists/precise/main/binary-amd64/Packages  403  Forbidden

W: Failed to fetch http://ppa.launchpad.net/travis-ci/zero-mq/ubuntu/dists/precise/main/binary-i386/Packages  403  Forbidden

W: Failed to fetch http://downloads-distro.mongodb.org/repo/debian-sysvinit/dists/dist/10gen/binary-amd64/Packages  Undetermined Error [IP: 54.175.147.155 80]

W: Failed to fetch http://downloads-distro.mongodb.org/repo/debian-sysvinit/dists/dist/10gen/binary-i386/Packages  Undetermined Error [IP: 54.175.147.155 80]

E: Some index files failed to download. They have been ignored, or old ones used instead.
sed: cannot rename /etc/hosts: Device or resource busy
sed: cannot rename /etc/hosts: Device or resource busy
$ jdk_switcher use oraclejdk8
Switching to Oracle JDK8 (java-8-oracle), JAVA_HOME will be set to /usr/lib/jvm/java-8-oracle
$ cd passed/davidmoten/rxjava-jdbc
$ java -Xmx32m -version
java version "1.8.0_31"
Java(TM) SE Runtime Environment (build 1.8.0_31-b13)
Java HotSpot(TM) 64-Bit Server VM (build 25.31-b07, mixed mode)
$ javac -J-Xmx32m -version
javac 1.8.0_31
travis_fold:start:install[0Ktravis_time:start:0873c35a[0K$ mvn -o install -Dhttps.protocols=TLSv1.2 -DskipTests=true -Dmaven.javadoc.skip=true -B -V
Java HotSpot(TM) 64-Bit Server VM warning: ignoring option MaxPermSize=192m; support was removed in 8.0
Apache Maven 3.2.5 (12a6b3acb947671f09b81f49094c53f426d8cea1; 2014-12-14T17:29:23+00:00)
Maven home: /usr/local/maven
Java version: 1.8.0_31, vendor: Oracle Corporation
Java home: /usr/lib/jvm/java-8-oracle/jre
Default locale: en_US, platform encoding: UTF-8
OS name: "linux", version: "4.15.0-109-generic", arch: "amd64", family: "unix"
[INFO] Scanning for projects...
[INFO] Inspecting build with total of 1 modules...
[INFO] Installing Nexus Staging features:
[INFO]   ... total of 1 executions of maven-deploy-plugin replaced with nexus-staging-maven-plugin
[INFO]                                                                         
[INFO] ------------------------------------------------------------------------
[INFO] Building rxjava-jdbc 0.6.6-SNAPSHOT
[INFO] ------------------------------------------------------------------------
[INFO] 
[INFO] --- maven-resources-plugin:2.6:resources (default-resources) @ rxjava-jdbc ---
[INFO] Using 'UTF-8' encoding to copy filtered resources.
[INFO] skip non existing resourceDirectory /home/travis/build/passed/davidmoten/rxjava-jdbc/src/main/resources
[INFO] 
[INFO] --- maven-compiler-plugin:3.1:compile (default-compile) @ rxjava-jdbc ---
[INFO] Changes detected - recompiling the module!
[INFO] Compiling 48 source files to /home/travis/build/passed/davidmoten/rxjava-jdbc/target/classes
[INFO] 
[INFO] --- maven-resources-plugin:2.6:testResources (default-testResources) @ rxjava-jdbc ---
[INFO] Using 'UTF-8' encoding to copy filtered resources.
[INFO] Copying 4 resources
[INFO] 
[INFO] --- maven-compiler-plugin:3.1:testCompile (default-testCompile) @ rxjava-jdbc ---
[INFO] Nothing to compile - all classes are up to date
[INFO] 
[INFO] --- maven-surefire-plugin:2.12.4:test (default-test) @ rxjava-jdbc ---
[INFO] Tests are skipped.
[INFO] 
[INFO] --- maven-jar-plugin:2.4:jar (default-jar) @ rxjava-jdbc ---
[INFO] Building jar: /home/travis/build/passed/davidmoten/rxjava-jdbc/target/rxjava-jdbc-0.6.6-SNAPSHOT.jar
[INFO] 
[INFO] --- maven-javadoc-plugin:2.10.3:jar (attach-javadocs) @ rxjava-jdbc ---
[INFO] Skipping javadoc generation
[INFO] 
[INFO] --- maven-site-plugin:3.4:attach-descriptor (attach-descriptor) @ rxjava-jdbc ---
[INFO] 
[INFO] --- maven-install-plugin:2.4:install (default-install) @ rxjava-jdbc ---
[INFO] Installing /home/travis/build/passed/davidmoten/rxjava-jdbc/target/rxjava-jdbc-0.6.6-SNAPSHOT.jar to /home/travis/.m2/repository/com/github/davidmoten/rxjava-jdbc/0.6.6-SNAPSHOT/rxjava-jdbc-0.6.6-SNAPSHOT.jar
[INFO] Installing /home/travis/build/passed/davidmoten/rxjava-jdbc/pom.xml to /home/travis/.m2/repository/com/github/davidmoten/rxjava-jdbc/0.6.6-SNAPSHOT/rxjava-jdbc-0.6.6-SNAPSHOT.pom
[INFO] ------------------------------------------------------------------------
[INFO] BUILD SUCCESS
[INFO] ------------------------------------------------------------------------
[INFO] Total time: 5.386 s
[INFO] Finished at: 2022-07-24T17:20:32+00:00
[INFO] Final Memory: 28M/306M
[INFO] ------------------------------------------------------------------------

travis_time:end:0873c35a:start=1658683225825213457,finish=1658683242832290839,duration=17007077382[0Ktravis_fold:end:install[0Ktravis_time:start:07cbd512[0K$ mvn test -Dhttps.protocols=TLSv1.2 -B
Java HotSpot(TM) 64-Bit Server VM warning: ignoring option MaxPermSize=192m; support was removed in 8.0
[INFO] Scanning for projects...
[INFO] Inspecting build with total of 1 modules...
[INFO] Installing Nexus Staging features:
[INFO]   ... total of 1 executions of maven-deploy-plugin replaced with nexus-staging-maven-plugin
[INFO]                                                                         
[INFO] ------------------------------------------------------------------------
[INFO] Building rxjava-jdbc 0.6.6-SNAPSHOT
[INFO] ------------------------------------------------------------------------
[INFO] 
[INFO] --- maven-resources-plugin:2.6:resources (default-resources) @ rxjava-jdbc ---
[INFO] Using 'UTF-8' encoding to copy filtered resources.
[INFO] skip non existing resourceDirectory /home/travis/build/passed/davidmoten/rxjava-jdbc/src/main/resources
[INFO] 
[INFO] --- maven-compiler-plugin:3.1:compile (default-compile) @ rxjava-jdbc ---
[INFO] Changes detected - recompiling the module!
[INFO] Compiling 48 source files to /home/travis/build/passed/davidmoten/rxjava-jdbc/target/classes
[INFO] 
[INFO] --- maven-resources-plugin:2.6:testResources (default-testResources) @ rxjava-jdbc ---
[INFO] Using 'UTF-8' encoding to copy filtered resources.
[INFO] Copying 4 resources
[INFO] 
[INFO] --- maven-compiler-plugin:3.1:testCompile (default-testCompile) @ rxjava-jdbc ---
[INFO] Nothing to compile - all classes are up to date
[INFO] 
[INFO] --- maven-surefire-plugin:2.12.4:test (default-test) @ rxjava-jdbc ---
[INFO] Surefire report directory: /home/travis/build/passed/davidmoten/rxjava-jdbc/target/surefire-reports

-------------------------------------------------------
 T E S T S
-------------------------------------------------------
Running com.github.davidmoten.rx.DynamicProxyTest
Tests run: 2, Failures: 0, Errors: 0, Skipped: 0, Time elapsed: 0.126 sec
Running com.github.davidmoten.rx.RetryTest
Tests run: 1, Failures: 0, Errors: 0, Skipped: 0, Time elapsed: 0.215 sec
Running com.github.davidmoten.rx.jdbc.ColumnNotFoundTest
Tests run: 1, Failures: 0, Errors: 0, Skipped: 0, Time elapsed: 0.498 sec
Running com.github.davidmoten.rx.jdbc.ConditionsTest
Tests run: 7, Failures: 0, Errors: 0, Skipped: 0, Time elapsed: 0.001 sec
Running com.github.davidmoten.rx.jdbc.ConnectionDemoTest
Tests run: 1, Failures: 0, Errors: 0, Skipped: 0, Time elapsed: 0.005 sec
Running com.github.davidmoten.rx.jdbc.ConnectionNonClosingTest
Tests run: 1, Failures: 0, Errors: 0, Skipped: 0, Time elapsed: 0.033 sec
Running com.github.davidmoten.rx.jdbc.ConnectionProviderAutoCommittingTest
Tests run: 1, Failures: 0, Errors: 0, Skipped: 0, Time elapsed: 0.026 sec
Running com.github.davidmoten.rx.jdbc.ConnectionProviderFromUrlTest
Tests run: 1, Failures: 0, Errors: 0, Skipped: 0, Time elapsed: 0.003 sec
Running com.github.davidmoten.rx.jdbc.DatabaseAsyncTest
2022-07-24 17:20:48.850 [main] INFO  com.github.davidmoten.rx.RxUtil - 1
2022-07-24 17:20:48.851 [main] INFO  com.github.davidmoten.rx.RxUtil - 2
2022-07-24 17:20:48.851 [main] INFO  com.github.davidmoten.rx.RxUtil - 3
2022-07-24 17:20:49.049 [RxComputationThreadPool-5] INFO  com.github.davidmoten.rx.RxUtil - 0
2022-07-24 17:20:49.051 [RxCachedThreadScheduler-2] INFO  com.github.davidmoten.rx.RxUtil - 21
[FRED, JOSEPH, MARMADUKE]
2022-07-24 17:20:49.450 [main] INFO  com.zaxxer.hikari.HikariDataSource - HikariCP pool HikariPool-0 is starting.
2022-07-24 17:20:49.558 [RxCachedThreadScheduler-1] INFO  com.github.davidmoten.rx.RxUtil - 21
2022-07-24 17:20:49.560 [RxCachedThreadScheduler-2] INFO  com.github.davidmoten.rx.RxUtil - 34
2022-07-24 17:20:49.684 [main] INFO  com.github.davidmoten.rx.RxUtil - rx.Observable@485966cc
2022-07-24 17:20:49.685 [main] INFO  com.github.davidmoten.rx.RxUtil - rx.Observable@485966cc
2022-07-24 17:20:49.685 [main] INFO  com.github.davidmoten.rx.RxUtil - rx.Observable@1de76cc7
2022-07-24 17:20:49.686 [main] INFO  com.github.davidmoten.rx.RxUtil - rx.Observable@593aaf41
2022-07-24 17:20:49.687 [main] INFO  com.github.davidmoten.rx.RxUtil - rx.Observable@593aaf41
2022-07-24 17:20:49.687 [main] INFO  com.github.davidmoten.rx.RxUtil - rx.Observable@5a56cdac
2022-07-24 17:20:49.698 [main] INFO  com.github.davidmoten.rx.jdbc.DatabaseTestBase - committed 1
2022-07-24 17:20:49.699 [main] INFO  com.github.davidmoten.rx.jdbc.DatabaseTestBase - gets ok
2022-07-24 17:20:49.699 [main] INFO  com.github.davidmoten.rx.jdbc.DatabaseTestBase - closes ok
Syntax error in SQL statement "ZZZ[*] "; SQL statement:
zzz [42000-178]
Syntax error in SQL statement "ZZZ[*] "; SQL statement:
zzz [42000-178]
2022-07-24 17:20:49.755 [main] INFO  com.zaxxer.hikari.HikariDataSource - HikariCP pool HikariPool-1 is starting.
2022-07-24 17:20:49.759 [main] INFO  com.zaxxer.hikari.pool.HikariPool - HikariCP pool HikariPool-1 is shutting down.
2022-07-24 17:20:49.832 [main] INFO  com.github.davidmoten.rx.jdbc.DatabaseTestBase - committed 1
2022-07-24 17:20:49.832 [main] INFO  com.github.davidmoten.rx.jdbc.DatabaseTestBase - gets ok
2022-07-24 17:20:49.833 [main] INFO  com.github.davidmoten.rx.jdbc.DatabaseTestBase - closes ok
2022-07-24 17:20:49.837 [main] INFO  com.github.davidmoten.rx.RxUtil - rx.Observable@6e9175d8
2022-07-24 17:20:49.837 [main] INFO  com.github.davidmoten.rx.RxUtil - rx.Observable@6e9175d8
2022-07-24 17:20:49.838 [main] INFO  com.github.davidmoten.rx.RxUtil - rx.Observable@7d0b7e3c
2022-07-24 17:20:49.839 [main] INFO  com.github.davidmoten.rx.RxUtil - rx.Observable@4b741d6d
2022-07-24 17:20:49.840 [main] INFO  com.github.davidmoten.rx.RxUtil - rx.Observable@4b741d6d
2022-07-24 17:20:49.840 [main] INFO  com.github.davidmoten.rx.RxUtil - rx.Observable@2eae8e6e
2022-07-24 17:20:49.886 [main] INFO  com.github.davidmoten.rx.RxUtil - 99
2022-07-24 17:20:49.887 [main] INFO  com.github.davidmoten.rx.RxUtil - 88
2022-07-24 17:20:49.991 [RxComputationThreadPool-6] INFO  com.github.davidmoten.rx.RxUtil - 0
2022-07-24 17:20:49.993 [RxCachedThreadScheduler-2] INFO  com.github.davidmoten.rx.RxUtil - 21
threads=[main]
2022-07-24 17:20:50.268 [main] INFO  com.zaxxer.hikari.HikariDataSource - HikariCP pool HikariPool-2 is starting.
[MARMADUKE, JOSEPH, MARMADUKE, JOSEPH, MARMADUKE, MARMADUKE, MARMADUKE, JOSEPH, MARMADUKE, JOSEPH, MARMADUKE, MARMADUKE]
2022-07-24 17:20:50.490 [main] INFO  com.github.davidmoten.rx.RxUtil - 99
2022-07-24 17:20:50.490 [main] INFO  com.github.davidmoten.rx.RxUtil - 88
2022-07-24 17:20:50.595 [RxCachedThreadScheduler-2] INFO  com.github.davidmoten.rx.RxUtil - 3
Column "NAMEZ" not found; SQL statement:
select namez from person where name=? [42122-178]
Column "NAMEZ" not found; SQL statement:
select namez from person where name=? [42122-178]
Tests run: 114, Failures: 0, Errors: 0, Skipped: 0, Time elapsed: 2.166 sec
Running com.github.davidmoten.rx.jdbc.DatabaseDerbyTest
Tests run: 1, Failures: 0, Errors: 0, Skipped: 1, Time elapsed: 0 sec
Running com.github.davidmoten.rx.jdbc.DatabaseExampleTest
FRED has score 21
JOE has score 34
Tests run: 2, Failures: 0, Errors: 0, Skipped: 0, Time elapsed: 0.118 sec
Running com.github.davidmoten.rx.jdbc.DatabaseMasterDetailTest
MasterAndDetails [id=1, name=FRED, details=[Detail [id=10, description=a good fellow], Detail [id=11, description=rides his bike]]]
MasterAndDetails [id=2, name=JOHN, details=[Detail [id=20, description=a bit of a bore], Detail [id=21, description=is a good cook]]]
Tests run: 2, Failures: 0, Errors: 0, Skipped: 0, Time elapsed: 0.126 sec
Running com.github.davidmoten.rx.jdbc.DatabaseSyncTest
2022-07-24 17:20:50.992 [main] INFO  com.github.davidmoten.rx.RxUtil - 1
2022-07-24 17:20:50.992 [main] INFO  com.github.davidmoten.rx.RxUtil - 2
2022-07-24 17:20:50.993 [main] INFO  com.github.davidmoten.rx.RxUtil - 3
2022-07-24 17:20:51.107 [RxComputationThreadPool-8] INFO  com.github.davidmoten.rx.RxUtil - 0
2022-07-24 17:20:51.108 [RxComputationThreadPool-8] INFO  com.github.davidmoten.rx.RxUtil - 21
[FRED, JOSEPH, MARMADUKE]
2022-07-24 17:20:51.124 [main] INFO  com.zaxxer.hikari.HikariDataSource - HikariCP pool HikariPool-3 is starting.
2022-07-24 17:20:51.163 [main] INFO  com.github.davidmoten.rx.RxUtil - 21
2022-07-24 17:20:51.163 [main] INFO  com.github.davidmoten.rx.RxUtil - 34
2022-07-24 17:20:51.197 [main] INFO  com.github.davidmoten.rx.RxUtil - rx.Observable@5a7fe64f
2022-07-24 17:20:51.197 [main] INFO  com.github.davidmoten.rx.RxUtil - rx.Observable@5a7fe64f
2022-07-24 17:20:51.197 [main] INFO  com.github.davidmoten.rx.RxUtil - rx.Observable@38145825
2022-07-24 17:20:51.198 [main] INFO  com.github.davidmoten.rx.RxUtil - rx.Observable@1b66c0fb
2022-07-24 17:20:51.198 [main] INFO  com.github.davidmoten.rx.RxUtil - rx.Observable@1b66c0fb
2022-07-24 17:20:51.198 [main] INFO  com.github.davidmoten.rx.RxUtil - rx.Observable@3e0e1046
2022-07-24 17:20:51.203 [main] INFO  com.github.davidmoten.rx.jdbc.DatabaseTestBase - committed 1
2022-07-24 17:20:51.204 [main] INFO  com.github.davidmoten.rx.jdbc.DatabaseTestBase - gets ok
2022-07-24 17:20:51.204 [main] INFO  com.github.davidmoten.rx.jdbc.DatabaseTestBase - closes ok
Syntax error in SQL statement "ZZZ[*] "; SQL statement:
zzz [42000-178]
Syntax error in SQL statement "ZZZ[*] "; SQL statement:
zzz [42000-178]
2022-07-24 17:20:51.221 [main] INFO  com.zaxxer.hikari.HikariDataSource - HikariCP pool HikariPool-4 is starting.
2022-07-24 17:20:51.226 [main] INFO  com.zaxxer.hikari.pool.HikariPool - HikariCP pool HikariPool-4 is shutting down.
2022-07-24 17:20:51.231 [main] INFO  com.github.davidmoten.rx.jdbc.DatabaseTestBase - committed 1
2022-07-24 17:20:51.231 [main] INFO  com.github.davidmoten.rx.jdbc.DatabaseTestBase - gets ok
2022-07-24 17:20:51.231 [main] INFO  com.github.davidmoten.rx.jdbc.DatabaseTestBase - closes ok
2022-07-24 17:20:51.232 [main] INFO  com.github.davidmoten.rx.RxUtil - rx.Observable@7068e664
2022-07-24 17:20:51.233 [main] INFO  com.github.davidmoten.rx.RxUtil - rx.Observable@7068e664
2022-07-24 17:20:51.233 [main] INFO  com.github.davidmoten.rx.RxUtil - rx.Observable@60db1c0e
2022-07-24 17:20:51.233 [main] INFO  com.github.davidmoten.rx.RxUtil - rx.Observable@769a1df5
2022-07-24 17:20:51.233 [main] INFO  com.github.davidmoten.rx.RxUtil - rx.Observable@769a1df5
2022-07-24 17:20:51.234 [main] INFO  com.github.davidmoten.rx.RxUtil - rx.Observable@41f69e84
2022-07-24 17:20:51.253 [main] INFO  com.github.davidmoten.rx.RxUtil - 99
2022-07-24 17:20:51.254 [main] INFO  com.github.davidmoten.rx.RxUtil - 88
2022-07-24 17:20:51.356 [RxComputationThreadPool-9] INFO  com.github.davidmoten.rx.RxUtil - 0
2022-07-24 17:20:51.359 [RxComputationThreadPool-9] INFO  com.github.davidmoten.rx.RxUtil - 21
threads=[main]
2022-07-24 17:20:51.376 [main] INFO  com.zaxxer.hikari.HikariDataSource - HikariCP pool HikariPool-5 is starting.
[MARMADUKE, JOSEPH, MARMADUKE, JOSEPH, MARMADUKE, MARMADUKE, MARMADUKE, JOSEPH, MARMADUKE, JOSEPH, MARMADUKE, MARMADUKE]
2022-07-24 17:20:51.416 [main] INFO  com.github.davidmoten.rx.RxUtil - 99
2022-07-24 17:20:51.416 [main] INFO  com.github.davidmoten.rx.RxUtil - 88
2022-07-24 17:20:51.438 [main] INFO  com.github.davidmoten.rx.RxUtil - 3
Column "NAMEZ" not found; SQL statement:
select namez from person where name=? [42122-178]
Column "NAMEZ" not found; SQL statement:
select namez from person where name=? [42122-178]
Tests run: 113, Failures: 0, Errors: 0, Skipped: 0, Time elapsed: 0.588 sec
Running com.github.davidmoten.rx.jdbc.DatabaseViaDataSourceTest
2022-07-24 17:20:51.641 [main] INFO  com.github.davidmoten.rx.RxUtil - 1
2022-07-24 17:20:51.642 [main] INFO  com.github.davidmoten.rx.RxUtil - 2
2022-07-24 17:20:51.642 [main] INFO  com.github.davidmoten.rx.RxUtil - 3
2022-07-24 17:20:51.755 [RxComputationThreadPool-11] INFO  com.github.davidmoten.rx.RxUtil - 0
2022-07-24 17:20:51.758 [RxComputationThreadPool-11] INFO  com.github.davidmoten.rx.RxUtil - 21
[FRED, JOSEPH, MARMADUKE]
2022-07-24 17:20:51.774 [main] INFO  com.zaxxer.hikari.HikariDataSource - HikariCP pool HikariPool-6 is starting.
2022-07-24 17:20:51.809 [main] INFO  com.github.davidmoten.rx.RxUtil - 21
2022-07-24 17:20:51.809 [main] INFO  com.github.davidmoten.rx.RxUtil - 34
2022-07-24 17:20:51.846 [main] INFO  com.github.davidmoten.rx.RxUtil - rx.Observable@5be49b60
2022-07-24 17:20:51.846 [main] INFO  com.github.davidmoten.rx.RxUtil - rx.Observable@5be49b60
2022-07-24 17:20:51.846 [main] INFO  com.github.davidmoten.rx.RxUtil - rx.Observable@2931522b
2022-07-24 17:20:51.847 [main] INFO  com.github.davidmoten.rx.RxUtil - rx.Observable@19e7a160
2022-07-24 17:20:51.847 [main] INFO  com.github.davidmoten.rx.RxUtil - rx.Observable@19e7a160
2022-07-24 17:20:51.847 [main] INFO  com.github.davidmoten.rx.RxUtil - rx.Observable@662706a7
2022-07-24 17:20:51.853 [main] INFO  com.github.davidmoten.rx.jdbc.DatabaseTestBase - committed 1
2022-07-24 17:20:51.853 [main] INFO  com.github.davidmoten.rx.jdbc.DatabaseTestBase - gets ok
2022-07-24 17:20:51.853 [main] INFO  com.github.davidmoten.rx.jdbc.DatabaseTestBase - closes ok
Syntax error in SQL statement "ZZZ[*] "; SQL statement:
zzz [42000-178]
Syntax error in SQL statement "ZZZ[*] "; SQL statement:
zzz [42000-178]
2022-07-24 17:20:51.872 [main] INFO  com.zaxxer.hikari.HikariDataSource - HikariCP pool HikariPool-7 is starting.
2022-07-24 17:20:51.877 [main] INFO  com.zaxxer.hikari.pool.HikariPool - HikariCP pool HikariPool-7 is shutting down.
2022-07-24 17:20:51.882 [main] INFO  com.github.davidmoten.rx.jdbc.DatabaseTestBase - committed 1
2022-07-24 17:20:51.882 [main] INFO  com.github.davidmoten.rx.jdbc.DatabaseTestBase - gets ok
2022-07-24 17:20:51.882 [main] INFO  com.github.davidmoten.rx.jdbc.DatabaseTestBase - closes ok
2022-07-24 17:20:51.884 [main] INFO  com.github.davidmoten.rx.RxUtil - rx.Observable@48d61b48
2022-07-24 17:20:51.884 [main] INFO  com.github.davidmoten.rx.RxUtil - rx.Observable@48d61b48
2022-07-24 17:20:51.884 [main] INFO  com.github.davidmoten.rx.RxUtil - rx.Observable@68d279ec
2022-07-24 17:20:51.885 [main] INFO  com.github.davidmoten.rx.RxUtil - rx.Observable@14f9390f
2022-07-24 17:20:51.885 [main] INFO  com.github.davidmoten.rx.RxUtil - rx.Observable@14f9390f
2022-07-24 17:20:51.885 [main] INFO  com.github.davidmoten.rx.RxUtil - rx.Observable@6c0d7c83
2022-07-24 17:20:51.907 [main] INFO  com.github.davidmoten.rx.RxUtil - 99
2022-07-24 17:20:51.907 [main] INFO  com.github.davidmoten.rx.RxUtil - 88
2022-07-24 17:20:52.053 [RxComputationThreadPool-12] INFO  com.github.davidmoten.rx.RxUtil - 0
2022-07-24 17:20:52.067 [RxComputationThreadPool-12] INFO  com.github.davidmoten.rx.RxUtil - 21
threads=[main]
2022-07-24 17:20:52.100 [main] INFO  com.zaxxer.hikari.HikariDataSource - HikariCP pool HikariPool-8 is starting.
[MARMADUKE, JOSEPH, MARMADUKE, JOSEPH, MARMADUKE, MARMADUKE, MARMADUKE, JOSEPH, MARMADUKE, JOSEPH, MARMADUKE, MARMADUKE]
2022-07-24 17:20:52.163 [main] INFO  com.github.davidmoten.rx.RxUtil - 99
2022-07-24 17:20:52.164 [main] INFO  com.github.davidmoten.rx.RxUtil - 88
2022-07-24 17:20:52.190 [main] INFO  com.github.davidmoten.rx.RxUtil - 3
Column "NAMEZ" not found; SQL statement:
select namez from person where name=? [42122-178]
Column "NAMEZ" not found; SQL statement:
select namez from person where name=? [42122-178]
Tests run: 113, Failures: 0, Errors: 0, Skipped: 0, Time elapsed: 0.75 sec
Running com.github.davidmoten.rx.jdbc.NamedParametersTest
Tests run: 4, Failures: 0, Errors: 0, Skipped: 0, Time elapsed: 0 sec
Running com.github.davidmoten.rx.jdbc.QueriesTest
Tests run: 1, Failures: 0, Errors: 0, Skipped: 0, Time elapsed: 0 sec
Running com.github.davidmoten.rx.jdbc.UtilTest
Tests run: 60, Failures: 0, Errors: 0, Skipped: 0, Time elapsed: 0.088 sec
Running com.github.davidmoten.rx.jdbc.tuple.TuplesTest
Tests run: 1, Failures: 0, Errors: 0, Skipped: 0, Time elapsed: 0 sec

Results :

Tests run: 426, Failures: 0, Errors: 0, Skipped: 1

[INFO] ------------------------------------------------------------------------
[INFO] BUILD SUCCESS
[INFO] ------------------------------------------------------------------------
[INFO] Total time: 8.371 s
[INFO] Finished at: 2022-07-24T17:20:52+00:00
[INFO] Final Memory: 20M/304M
[INFO] ------------------------------------------------------------------------

travis_time:end:07cbd512:start=1658683242841629047,finish=1658683257745286972,duration=14903657925[0K
[32;1mThe command "mvn test -Dhttps.protocols=TLSv1.2 -B" exited with 0.[0m

Done. Your build exited with 0.
