travis_fold:start:system_info[0K[33;1mBuild system information[0m
Build language: java
Build group: stable
Build dist: precise
Build id: ''
Job id: ''
[34m[1mBuild image provisioning date and time[0m
Thu Feb  5 15:09:33 UTC 2015
[34m[1mOperating System Details[0m
Distributor ID:	Ubuntu
Description:	Ubuntu 12.04.5 LTS
Release:	12.04
Codename:	precise
[34m[1mLinux Version[0m
3.13.0-29-generic
[34m[1mCookbooks Version[0m
a68419e https://github.com/travis-ci/travis-cookbooks/tree/a68419e
[34m[1mGCC version[0m
gcc (Ubuntu/Linaro 4.6.3-1ubuntu5) 4.6.3
Copyright (C) 2011 Free Software Foundation, Inc.
This is free software; see the source for copying conditions.  There is NO
warranty; not even for MERCHANTABILITY or FITNESS FOR A PARTICULAR PURPOSE.

[34m[1mLLVM version[0m
clang version 3.4 (tags/RELEASE_34/final)
Target: x86_64-unknown-linux-gnu
Thread model: posix
[34m[1mPre-installed Ruby versions[0m
ruby-1.9.3-p551
[34m[1mPre-installed Node.js versions[0m
v0.10.36
[34m[1mPre-installed Go versions[0m
1.4.1
[34m[1mRedis version[0m
redis-server 2.8.19
[34m[1mriak version[0m
2.0.2
[34m[1mMongoDB version[0m
MongoDB 2.4.12
[34m[1mCouchDB version[0m
couchdb 1.6.1
[34m[1mNeo4j version[0m
1.9.4
[34m[1mRabbitMQ Version[0m
3.4.3
[34m[1mElasticSearch version[0m
1.4.0
[34m[1mInstalled Sphinx versions[0m
2.0.10
2.1.9
2.2.6
[34m[1mDefault Sphinx version[0m
2.2.6
[34m[1mInstalled Firefox version[0m
firefox 31.0esr
[34m[1mPhantomJS version[0m
1.9.8
[34m[1mant -version[0m
Apache Ant(TM) version 1.8.2 compiled on December 3 2011
[34m[1mmvn -version[0m
Apache Maven 3.2.5 (12a6b3acb947671f09b81f49094c53f426d8cea1; 2014-12-14T17:29:23+00:00)
Maven home: /usr/local/maven
Java version: 1.7.0_76, vendor: Oracle Corporation
Java home: /usr/lib/jvm/java-7-oracle/jre
Default locale: en_US, platform encoding: ANSI_X3.4-1968
OS name: "linux", version: "3.13.0-29-generic", arch: "amd64", family: "unix"
travis_fold:end:system_info[0K
W: Failed to fetch http://security.ubuntu.com/ubuntu/dists/precise-security/main/source/Sources  404  Not Found [IP: 91.189.91.38 80]

W: Failed to fetch http://security.ubuntu.com/ubuntu/dists/precise-security/restricted/source/Sources  404  Not Found [IP: 91.189.91.38 80]

W: Failed to fetch http://security.ubuntu.com/ubuntu/dists/precise-security/universe/source/Sources  404  Not Found [IP: 91.189.91.38 80]

W: Failed to fetch http://security.ubuntu.com/ubuntu/dists/precise-security/multiverse/source/Sources  404  Not Found [IP: 91.189.91.38 80]

W: Failed to fetch http://security.ubuntu.com/ubuntu/dists/precise-security/main/binary-amd64/Packages  404  Not Found [IP: 91.189.91.38 80]

W: Failed to fetch http://security.ubuntu.com/ubuntu/dists/precise-security/restricted/binary-amd64/Packages  404  Not Found [IP: 91.189.91.38 80]

W: Failed to fetch http://security.ubuntu.com/ubuntu/dists/precise-security/universe/binary-amd64/Packages  404  Not Found [IP: 91.189.91.38 80]

W: Failed to fetch http://security.ubuntu.com/ubuntu/dists/precise-security/multiverse/binary-amd64/Packages  404  Not Found [IP: 91.189.91.38 80]

W: Failed to fetch http://security.ubuntu.com/ubuntu/dists/precise-security/main/binary-i386/Packages  404  Not Found [IP: 91.189.91.38 80]

W: Failed to fetch http://security.ubuntu.com/ubuntu/dists/precise-security/restricted/binary-i386/Packages  404  Not Found [IP: 91.189.91.38 80]

W: Failed to fetch http://security.ubuntu.com/ubuntu/dists/precise-security/universe/binary-i386/Packages  404  Not Found [IP: 91.189.91.38 80]

W: Failed to fetch http://security.ubuntu.com/ubuntu/dists/precise-security/multiverse/binary-i386/Packages  404  Not Found [IP: 91.189.91.38 80]

W: Failed to fetch http://us.archive.ubuntu.com/ubuntu/dists/precise/main/source/Sources  404  Not Found [IP: 91.189.91.38 80]

W: Failed to fetch http://us.archive.ubuntu.com/ubuntu/dists/precise/restricted/source/Sources  404  Not Found [IP: 91.189.91.38 80]

W: Failed to fetch http://us.archive.ubuntu.com/ubuntu/dists/precise/universe/source/Sources  404  Not Found [IP: 91.189.91.38 80]

W: Failed to fetch http://us.archive.ubuntu.com/ubuntu/dists/precise/multiverse/source/Sources  404  Not Found [IP: 91.189.91.38 80]

W: Failed to fetch http://us.archive.ubuntu.com/ubuntu/dists/precise/main/binary-amd64/Packages  404  Not Found [IP: 91.189.91.38 80]

W: Failed to fetch http://us.archive.ubuntu.com/ubuntu/dists/precise/restricted/binary-amd64/Packages  404  Not Found [IP: 91.189.91.38 80]

W: Failed to fetch http://us.archive.ubuntu.com/ubuntu/dists/precise/universe/binary-amd64/Packages  404  Not Found [IP: 91.189.91.38 80]

W: Failed to fetch http://us.archive.ubuntu.com/ubuntu/dists/precise/multiverse/binary-amd64/Packages  404  Not Found [IP: 91.189.91.38 80]

W: Failed to fetch http://us.archive.ubuntu.com/ubuntu/dists/precise/main/binary-i386/Packages  404  Not Found [IP: 91.189.91.38 80]

W: Failed to fetch http://us.archive.ubuntu.com/ubuntu/dists/precise/restricted/binary-i386/Packages  404  Not Found [IP: 91.189.91.38 80]

W: Failed to fetch http://us.archive.ubuntu.com/ubuntu/dists/precise/universe/binary-i386/Packages  404  Not Found [IP: 91.189.91.38 80]

W: Failed to fetch http://us.archive.ubuntu.com/ubuntu/dists/precise/multiverse/binary-i386/Packages  404  Not Found [IP: 91.189.91.38 80]

W: Failed to fetch http://us.archive.ubuntu.com/ubuntu/dists/precise-updates/main/source/Sources  404  Not Found [IP: 91.189.91.38 80]

W: Failed to fetch http://us.archive.ubuntu.com/ubuntu/dists/precise-updates/restricted/source/Sources  404  Not Found [IP: 91.189.91.38 80]

W: Failed to fetch http://us.archive.ubuntu.com/ubuntu/dists/precise-updates/universe/source/Sources  404  Not Found [IP: 91.189.91.38 80]

W: Failed to fetch http://us.archive.ubuntu.com/ubuntu/dists/precise-updates/multiverse/source/Sources  404  Not Found [IP: 91.189.91.38 80]

W: Failed to fetch http://us.archive.ubuntu.com/ubuntu/dists/precise-updates/main/binary-amd64/Packages  404  Not Found [IP: 91.189.91.38 80]

W: Failed to fetch http://us.archive.ubuntu.com/ubuntu/dists/precise-updates/restricted/binary-amd64/Packages  404  Not Found [IP: 91.189.91.38 80]

W: Failed to fetch http://us.archive.ubuntu.com/ubuntu/dists/precise-updates/universe/binary-amd64/Packages  404  Not Found [IP: 91.189.91.38 80]

W: Failed to fetch http://us.archive.ubuntu.com/ubuntu/dists/precise-updates/multiverse/binary-amd64/Packages  404  Not Found [IP: 91.189.91.38 80]

W: Failed to fetch http://us.archive.ubuntu.com/ubuntu/dists/precise-updates/main/binary-i386/Packages  404  Not Found [IP: 91.189.91.38 80]

W: Failed to fetch http://us.archive.ubuntu.com/ubuntu/dists/precise-updates/restricted/binary-i386/Packages  404  Not Found [IP: 91.189.91.38 80]

W: Failed to fetch http://us.archive.ubuntu.com/ubuntu/dists/precise-updates/universe/binary-i386/Packages  404  Not Found [IP: 91.189.91.38 80]

W: Failed to fetch http://us.archive.ubuntu.com/ubuntu/dists/precise-updates/multiverse/binary-i386/Packages  404  Not Found [IP: 91.189.91.38 80]

W: Failed to fetch http://us.archive.ubuntu.com/ubuntu/dists/precise-backports/main/source/Sources  404  Not Found [IP: 91.189.91.38 80]

W: Failed to fetch http://us.archive.ubuntu.com/ubuntu/dists/precise-backports/restricted/source/Sources  404  Not Found [IP: 91.189.91.38 80]

W: Failed to fetch http://us.archive.ubuntu.com/ubuntu/dists/precise-backports/universe/source/Sources  404  Not Found [IP: 91.189.91.38 80]

W: Failed to fetch http://us.archive.ubuntu.com/ubuntu/dists/precise-backports/multiverse/source/Sources  404  Not Found [IP: 91.189.91.38 80]

W: Failed to fetch http://us.archive.ubuntu.com/ubuntu/dists/precise-backports/main/binary-amd64/Packages  404  Not Found [IP: 91.189.91.38 80]

W: Failed to fetch http://us.archive.ubuntu.com/ubuntu/dists/precise-backports/restricted/binary-amd64/Packages  404  Not Found [IP: 91.189.91.38 80]

W: Failed to fetch http://us.archive.ubuntu.com/ubuntu/dists/precise-backports/universe/binary-amd64/Packages  404  Not Found [IP: 91.189.91.38 80]

W: Failed to fetch http://us.archive.ubuntu.com/ubuntu/dists/precise-backports/multiverse/binary-amd64/Packages  404  Not Found [IP: 91.189.91.38 80]

W: Failed to fetch http://us.archive.ubuntu.com/ubuntu/dists/precise-backports/main/binary-i386/Packages  404  Not Found [IP: 91.189.91.38 80]

W: Failed to fetch http://us.archive.ubuntu.com/ubuntu/dists/precise-backports/restricted/binary-i386/Packages  404  Not Found [IP: 91.189.91.38 80]

W: Failed to fetch http://us.archive.ubuntu.com/ubuntu/dists/precise-backports/universe/binary-i386/Packages  404  Not Found [IP: 91.189.91.38 80]

W: Failed to fetch http://us.archive.ubuntu.com/ubuntu/dists/precise-backports/multiverse/binary-i386/Packages  404  Not Found [IP: 91.189.91.38 80]

W: Failed to fetch http://apt.postgresql.org/pub/repos/apt/dists/precise-pgdg/main/binary-amd64/Packages  404  Not Found [IP: 217.196.149.55 80]

W: Failed to fetch http://apt.postgresql.org/pub/repos/apt/dists/precise-pgdg/main/binary-i386/Packages  404  Not Found [IP: 217.196.149.55 80]

W: Failed to fetch http://ppa.launchpad.net/rwky/ppa/ubuntu/dists/precise/main/binary-amd64/Packages  403  Forbidden

W: Failed to fetch http://ppa.launchpad.net/rwky/ppa/ubuntu/dists/precise/main/binary-i386/Packages  403  Forbidden

W: Failed to fetch http://ppa.launchpad.net/travis-ci/zero-mq/ubuntu/dists/precise/main/binary-amd64/Packages  403  Forbidden

W: Failed to fetch http://ppa.launchpad.net/travis-ci/zero-mq/ubuntu/dists/precise/main/binary-i386/Packages  403  Forbidden

W: Failed to fetch http://downloads-distro.mongodb.org/repo/debian-sysvinit/dists/dist/10gen/binary-amd64/Packages  Undetermined Error [IP: 52.206.222.245 80]

W: Failed to fetch http://downloads-distro.mongodb.org/repo/debian-sysvinit/dists/dist/10gen/binary-i386/Packages  Undetermined Error [IP: 52.206.222.245 80]

E: Some index files failed to download. They have been ignored, or old ones used instead.
sed: cannot rename /etc/hosts: Device or resource busy
sed: cannot rename /etc/hosts: Device or resource busy
$ jdk_switcher use oraclejdk7
Switching to Oracle JDK7 (java-7-oracle), JAVA_HOME will be set to /usr/lib/jvm/java-7-oracle
$ cd passed/jcabi/jcabi-s3

[33;1mSetting environment variables from .travis.yml[0m
$ export MAVEN_OPTS="-Xmx256m"
$ export JAVA_OPTS="-Xmx256m"

travis_fold:start:cache.1[0KSetting up build cache
$ export CASHER_DIR=$HOME/.casher
travis_time:start:12764451[0K$ Installing caching utilities

travis_time:end:12764451:start=1658707482586699094,finish=1658707482646207988,duration=59508894[0Ktravis_time:start:05eb95d3[0K
travis_time:end:05eb95d3:start=1658707482659408428,finish=1658707482667673078,duration=8264650[0Ktravis_time:start:075489ca[0K/home/travis/.casher/bin/casher:213:in `cache_archive_name': undefined method `[]' for nil:NilClass (NoMethodError)
	from /home/travis/.casher/bin/casher:65:in `block in fetch'
	from /home/travis/.casher/bin/casher:64:in `each'
	from /home/travis/.casher/bin/casher:64:in `fetch'
	from /home/travis/.casher/bin/casher:53:in `block in run'
	from /home/travis/.rvm/rubies/ruby-1.9.3-p551/lib/ruby/1.9.1/timeout.rb:69:in `timeout'
	from /home/travis/.casher/bin/casher:53:in `run'
	from /home/travis/.casher/bin/casher:263:in `<main>'
[32;1mattempting to download cache archive[0m

travis_time:end:075489ca:start=1658707482677007223,finish=1658707483442024638,duration=765017415[0Ktravis_time:start:19f4592e[0K
travis_time:end:19f4592e:start=1658707483452143756,finish=1658707483461363785,duration=9220029[0Ktravis_time:start:0f4b447f[0K[32;1madding /home/travis/.m2 to cache[0m

travis_time:end:0f4b447f:start=1658707483470990041,finish=1658707484256998817,duration=786008776[0Ktravis_fold:end:cache.1[0K$ java -Xmx32m -version
java version "1.7.0_76"
Java(TM) SE Runtime Environment (build 1.7.0_76-b13)
Java HotSpot(TM) 64-Bit Server VM (build 24.76-b04, mixed mode)
$ javac -J-Xmx32m -version
javac 1.7.0_76
travis_fold:start:before_install.1[0Ktravis_time:start:05714bf9[0K$ rvm install 2.3.0
Already installed ruby-2.3.0.
To reinstall use:

    rvm reinstall ruby-2.3.0


travis_time:end:05714bf9:start=1658707484454119208,finish=1658707484754767804,duration=300648596[0Ktravis_fold:end:before_install.1[0Ktravis_fold:start:before_install.2[0Ktravis_time:start:18eca44c[0K$ rvm use 2.3.0
Using /home/travis/.rvm/gems/ruby-2.3.0

travis_time:end:18eca44c:start=1658707484767089257,finish=1658707485192347483,duration=425258226[0Ktravis_fold:end:before_install.2[0Ktravis_fold:start:install.1[0K/home/travis/.rvm/rubies/ruby-2.3.0/lib/ruby/2.3.0/open3.rb:199: warning: Insecure world writable dir /usr/local/bin in PATH, mode 040757
Building native extensions. This could take a while...
ERROR:  Error installing pdd:
	ERROR: Failed to build gem native extension.

    current directory: /home/travis/.rvm/gems/ruby-2.3.0/gems/ruby-filemagic-0.7.3/ext/filemagic
/home/travis/.rvm/rubies/ruby-2.3.0/bin/ruby -I /home/travis/.rvm/rubies/ruby-2.3.0/lib/ruby/site_ruby/2.3.0 -r ./siteconf20220725-1379-1wrbimt.rb extconf.rb
checking for main() in -lgnurx... no
checking for magic_open() in -lmagic... no
*** ERROR: missing required library to compile this module
*** extconf.rb failed ***
Could not create Makefile due to some reason, probably lack of necessary
libraries and/or headers.  Check the mkmf.log file for more details.  You may
need configuration options.

Provided configuration options:
	--with-opt-dir
	--without-opt-dir
	--with-opt-include
	--without-opt-include=${opt-dir}/include
	--with-opt-lib
	--without-opt-lib=${opt-dir}/lib
	--with-make-prog
	--without-make-prog
	--srcdir=.
	--curdir
	--ruby=/home/travis/.rvm/rubies/ruby-2.3.0/bin/$(RUBY_BASE_NAME)
	--with-magic-dir
	--without-magic-dir
	--with-magic-include
	--without-magic-include=${magic-dir}/include
	--with-magic-lib
	--without-magic-lib=${magic-dir}/lib
	--with-gnurx-dir
	--without-gnurx-dir
	--with-gnurx-include
	--without-gnurx-include=${gnurx-dir}/include
	--with-gnurx-lib
	--without-gnurx-lib=${gnurx-dir}/lib
	--with-gnurxlib
	--without-gnurxlib
	--with-magiclib
	--without-magiclib

To see why this extension failed to compile, please check the mkmf.log which can be found here:

  /home/travis/.rvm/gems/ruby-2.3.0/extensions/x86_64-linux/2.3.0/ruby-filemagic-0.7.3/mkmf.log

extconf failed, exit code 1

Gem files will remain installed in /home/travis/.rvm/gems/ruby-2.3.0/gems/ruby-filemagic-0.7.3 for inspection.
Results logged to /home/travis/.rvm/gems/ruby-2.3.0/extensions/x86_64-linux/2.3.0/ruby-filemagic-0.7.3/gem_make.out
travis_fold:end:install.1[0Ktravis_fold:start:install.2[0Ktravis_time:start:0ec84859[0K$ gem install est
/home/travis/.rvm/rubies/ruby-2.3.0/lib/ruby/2.3.0/open3.rb:199: warning: Insecure world writable dir /usr/local/bin in PATH, mode 040757
Successfully installed slop-3.6.0
Successfully installed mini_portile-0.6.2
Building native extensions. This could take a while...
Successfully installed nokogiri-1.6.6.4
Successfully installed est-0.3.4
Parsing documentation for slop-3.6.0
Installing ri documentation for slop-3.6.0
Parsing documentation for mini_portile-0.6.2
Installing ri documentation for mini_portile-0.6.2
Parsing documentation for nokogiri-1.6.6.4
Installing ri documentation for nokogiri-1.6.6.4
Parsing documentation for est-0.3.4
Installing ri documentation for est-0.3.4
Done installing documentation for slop, mini_portile, nokogiri, est after 4 seconds
4 gems installed

travis_time:end:0ec84859:start=1658707486226307750,finish=1658707563885003983,duration=77658696233[0Ktravis_fold:end:install.2[0Ktravis_time:start:03d86990[0K$ set -e

travis_time:end:03d86990:start=1658707563893487797,finish=1658707563903209803,duration=9722006[0K
[32;1mThe command "set -e" exited with 0.[0m
travis_time:start:03812736[0K$ mvn clean install -Dhttps.protocols=TLSv1.2 -Pqulice --errors --batch-mode
[INFO] Error stacktraces are turned on.
[INFO] Scanning for projects...
[INFO]                                                                         
[INFO] ------------------------------------------------------------------------
[INFO] Building jcabi-s3 1.0-SNAPSHOT
[INFO] ------------------------------------------------------------------------
[INFO] 
[INFO] --- maven-clean-plugin:3.0.0:clean (default-clean) @ jcabi-s3 ---
[INFO] 
[INFO] --- maven-enforcer-plugin:1.4.1:enforce (enforce-maven) @ jcabi-s3 ---
[INFO] 
[INFO] --- buildnumber-maven-plugin:1.4:create (jcabi-build-number) @ jcabi-s3 ---
[INFO] ShortRevision tag detected. The value is '7'.
[INFO] Executing: /bin/sh -c cd '/home/travis/build/passed/jcabi/jcabi-s3' && 'git' 'rev-parse' '--verify' '--short=7' 'HEAD'
[INFO] Working directory: /home/travis/build/passed/jcabi/jcabi-s3
[INFO] Storing buildNumber: a1baac7 at timestamp: 2022-07-25T00:06:08
[INFO] Storing buildScmBranch: master
[INFO] 
[INFO] --- buildnumber-maven-plugin:1.4:create-timestamp (jcabi-build-number) @ jcabi-s3 ---
[INFO] 
[INFO] --- maven-resources-plugin:3.0.1:resources (default-resources) @ jcabi-s3 ---
[INFO] Using 'UTF-8' encoding to copy filtered resources.
[INFO] skip non existing resourceDirectory /home/travis/build/passed/jcabi/jcabi-s3/src/main/resources
[INFO] 
[INFO] --- maven-compiler-plugin:3.6.0:compile (default-compile) @ jcabi-s3 ---
[INFO] Changes detected - recompiling the module!
[INFO] Compiling 20 source files to /home/travis/build/passed/jcabi/jcabi-s3/target/classes
[INFO] 
[INFO] --- jcabi-maven-plugin:0.14.1:ajc (jcabi-ajc-compile) @ jcabi-s3 ---
[INFO] jcabi-aspects 0.18/55a5c13 started new daemon thread jcabi-loggable for watching of @Loggable annotated methods
[INFO] Unwoven classes will be copied to /home/travis/build/passed/jcabi/jcabi-s3/target/unwoven
[INFO] Created temp dir /home/travis/build/passed/jcabi/jcabi-s3/target/jcabi-ajc
[INFO] jcabi-aspects 0.18/55a5c13 started new daemon thread jcabi-cacheable for automated cleaning of expired @Cacheable values

125 warnings
[INFO] ajc result: 125 file(s) processed, 0 pointcut(s) woven, 0 error(s), 0 warning(s)
[INFO] 
[INFO] --- maven-resources-plugin:3.0.1:testResources (default-testResources) @ jcabi-s3 ---
[INFO] Using 'UTF-8' encoding to copy filtered resources.
[INFO] Copying 2 resources
[INFO] 
[INFO] --- maven-compiler-plugin:3.6.0:testCompile (default-testCompile) @ jcabi-s3 ---
[INFO] Changes detected - recompiling the module!
[INFO] Compiling 9 source files to /home/travis/build/passed/jcabi/jcabi-s3/target/test-classes
[INFO] 
[INFO] --- jcabi-maven-plugin:0.14.1:ajc (jcabi-ajc-test-compile) @ jcabi-s3 ---
[INFO] Unwoven test classes will be copied to /home/travis/build/passed/jcabi/jcabi-s3/target/unwoven-test
[INFO] Created temp dir /home/travis/build/passed/jcabi/jcabi-s3/target/jcabi-ajc-test

28 warnings
[INFO] ajc result: 12 file(s) processed, 0 pointcut(s) woven, 0 error(s), 0 warning(s)
[INFO] 
[INFO] --- maven-surefire-plugin:2.19.1:test (default-test) @ jcabi-s3 ---
[INFO] Surefire report directory: /home/travis/build/passed/jcabi/jcabi-s3/target/surefire-reports
[INFO] parallel='all', perCoreThreadCount=true, threadCount=4, useUnlimitedThreads=false, threadCountSuites=0, threadCountClasses=0, threadCountMethods=0, parallelOptimized=true

-------------------------------------------------------
 T E S T S
-------------------------------------------------------
Running com.jcabi.s3.AwsOcketTest
[[2;37mDEBUG[m] pool-1-thread-11 com.jcabi.s3.AwsOcket: #meta(): thrown com.jcabi.s3.OcketNotFoundException(ocket 'test-99.txt' not found in 'null', can't fetch meta()) out of com.jcabi.s3.AwsOcket#meta_aroundBody4[119] in 5ms
[[0;37mINFO[m] pool-1-thread-8 com.jcabi.s3.AwsOcket: loaded 20 byte(s) from ocket 'test.txt' in bucket 'null' in 4ms (etag=null)
[[2;37mDEBUG[m] pool-1-thread-8 com.jcabi.s3.AwsOcket: #read('some text â‚¬\n	test'): in 6.19ms
[[0;37mINFO[m] pool-1-thread-16 com.jcabi.s3.AwsOcket: saved 0 byte(s) to ocket 'test-3.txt' in bucket 'null' in 18ms (etag=null)
[[2;37mDEBUG[m] pool-1-thread-16 com.jcabi.s3.AwsOcket: #write(java.io.ByteArrayInputStream@710b34b7, com.amazonaws.services.s3.model.ObjectMetadata@16b2145c): in 19.83ms
Tests run: 3, Failures: 0, Errors: 0, Skipped: 0, Time elapsed: 1.003 sec - in com.jcabi.s3.AwsOcketTest
Running com.jcabi.s3.AwsBucketTest
[[2;37mDEBUG[m] pool-1-thread-5 com.jcabi.s3.AwsBucket: #exists(): thrown java.io.IOException(failed to check existence of 'throwing.bucket.com' bucket) out of com.jcabi.s3.AwsBucket#exists_aroundBody6[102] in 6ms
[[2;37mDEBUG[m] pool-1-thread-15 com.jcabi.s3.AwsBucket: #ocket('test'): test in 5.10ms
[[2;37mDEBUG[m] pool-1-thread-9 com.jcabi.s3.AwsBucket: Does bucket 'non.existing.bucket.com' exist? false
[[2;37mDEBUG[m] pool-1-thread-9 com.jcabi.s3.AwsBucket: #exists(): false in 6.26ms
[[2;37mDEBUG[m] pool-1-thread-14 com.jcabi.s3.AwsBucket: Does bucket 'existing.bucket.com' exist? true
[[2;37mDEBUG[m] pool-1-thread-14 com.jcabi.s3.AwsBucket: #exists(): true in 6.27ms
Tests run: 4, Failures: 0, Errors: 0, Skipped: 0, Time elapsed: 0.948 sec - in com.jcabi.s3.AwsBucketTest
Running com.jcabi.s3.mock.MkBucketTest
[[2;37mDEBUG[m] pool-1-thread-17 com.jcabi.s3.mock.MkRegion: #bucket('test'): com.jcabi.s3.mock.MkBucket@3644cd in 4.53ms
[[2;37mDEBUG[m] pool-1-thread-17 com.jcabi.s3.mock.MkBucket: #ocket('a/first.txt'): com.jcabi.s3.mock.MkOcket@58820143 in 110.41Âµs
[[2;37mDEBUG[m] pool-1-thread-17 com.jcabi.s3.mock.MkOcket: #write(java.io.ByteArrayInputStream@57e44e, com.amazonaws.services.s3.model.ObjectMetadata@7efc0795): in 308.81Âµs
[[2;37mDEBUG[m] pool-1-thread-17 com.jcabi.s3.Ocket$Text: #write('', 'text/plain'): in 1.94ms
[[2;37mDEBUG[m] pool-1-thread-17 com.jcabi.s3.Ocket$Text: #write(''): in 3.60ms
[[2;37mDEBUG[m] pool-1-thread-17 com.jcabi.s3.mock.MkBucket: #ocket('a/b/hello.txt'): com.jcabi.s3.mock.MkOcket@f60fec78 in 36.08Âµs
[[2;37mDEBUG[m] pool-1-thread-17 com.jcabi.s3.mock.MkOcket: #write(java.io.ByteArrayInputStream@74b01999, com.amazonaws.services.s3.model.ObjectMetadata@6048cca4): in 267.82Âµs
[[2;37mDEBUG[m] pool-1-thread-17 com.jcabi.s3.Ocket$Text: #write('', 'text/plain'): in 2.28ms
[[2;37mDEBUG[m] pool-1-thread-17 com.jcabi.s3.Ocket$Text: #write(''): in 4.51ms
[[2;37mDEBUG[m] pool-1-thread-17 com.jcabi.s3.mock.MkBucket: #ocket('a/b/f/2.txt'): com.jcabi.s3.mock.MkOcket@8bf5ba2f in 41.23Âµs
[[2;37mDEBUG[m] pool-1-thread-17 com.jcabi.s3.mock.MkOcket: #write(java.io.ByteArrayInputStream@3f669e7f, com.amazonaws.services.s3.model.ObjectMetadata@361ee3df): in 215.98Âµs
[[2;37mDEBUG[m] pool-1-thread-17 com.jcabi.s3.Ocket$Text: #write('', 'text/plain'): in 1.89ms
[[2;37mDEBUG[m] pool-1-thread-17 com.jcabi.s3.Ocket$Text: #write(''): in 3.80ms
[[2;37mDEBUG[m] pool-1-thread-17 com.jcabi.s3.mock.MkBucket: #ocket('a/b/c/d/3.txt'): com.jcabi.s3.mock.MkOcket@14a35042 in 58.67Âµs
[[2;37mDEBUG[m] pool-1-thread-17 com.jcabi.s3.mock.MkOcket: #write(java.io.ByteArrayInputStream@210ad97b, com.amazonaws.services.s3.model.ObjectMetadata@7c358a80): in 377.08Âµs
[[2;37mDEBUG[m] pool-1-thread-17 com.jcabi.s3.Ocket$Text: #write('', 'text/plain'): in 1.63ms
[[2;37mDEBUG[m] pool-1-thread-17 com.jcabi.s3.Ocket$Text: #write(''): in 2.80ms
[[2;37mDEBUG[m] pool-1-thread-17 com.jcabi.s3.mock.MkBucket: #list('a/b'): '[a/b/hello.txt, a/b/f/2.txt, a/b/c/d/3.txt]' in 16.94ms
[[2;37mDEBUG[m] pool-1-thread-17 com.jcabi.s3.Bucket$Prefixed: #list(''): '[/hello.txt, /f/2.txt, /c/d/3.txt]' in 27.31ms
[[2;37mDEBUG[m] pool-1-thread-13 com.jcabi.s3.mock.MkRegion: #bucket('foo'): com.jcabi.s3.mock.MkBucket@18d01 in 4.44ms
[[2;37mDEBUG[m] pool-1-thread-13 com.jcabi.s3.mock.MkBucket: #ocket('1/foo.txt'): com.jcabi.s3.mock.MkOcket@4b2460a5 in 119.68Âµs
[[2;37mDEBUG[m] pool-1-thread-13 com.jcabi.s3.mock.MkOcket: #write(java.io.ByteArrayInputStream@19e154b9, com.amazonaws.services.s3.model.ObjectMetadata@2bce05fc): in 423.70Âµs
[[2;37mDEBUG[m] pool-1-thread-13 com.jcabi.s3.Ocket$Text: #write('', 'text/plain'): in 2.88ms
[[2;37mDEBUG[m] pool-1-thread-13 com.jcabi.s3.Ocket$Text: #write(''): in 5.25ms
[[2;37mDEBUG[m] pool-1-thread-13 com.jcabi.s3.mock.MkBucket: #ocket('1/2/foo.txt'): com.jcabi.s3.mock.MkOcket@38aacb48 in 37.38Âµs
[[2;37mDEBUG[m] pool-1-thread-13 com.jcabi.s3.mock.MkOcket: #write(java.io.ByteArrayInputStream@4b73545e, com.amazonaws.services.s3.model.ObjectMetadata@5df139e7): in 146.33Âµs
[[2;37mDEBUG[m] pool-1-thread-13 com.jcabi.s3.Ocket$Text: #write('', 'text/plain'): in 2.00ms
[[2;37mDEBUG[m] pool-1-thread-13 com.jcabi.s3.Ocket$Text: #write(''): in 3.24ms
[[2;37mDEBUG[m] pool-1-thread-13 com.jcabi.s3.mock.MkBucket: #ocket('1/2/3/foo.txt'): com.jcabi.s3.mock.MkOcket@7285882c in 25.33Âµs
[[2;37mDEBUG[m] pool-1-thread-13 com.jcabi.s3.mock.MkOcket: #write(java.io.ByteArrayInputStream@37cb63fd, com.amazonaws.services.s3.model.ObjectMetadata@301d3e6f): in 157.33Âµs
[[2;37mDEBUG[m] pool-1-thread-13 com.jcabi.s3.Ocket$Text: #write('', 'text/plain'): in 1.63ms
[[2;37mDEBUG[m] pool-1-thread-13 com.jcabi.s3.Ocket$Text: #write(''): in 2.91ms
[[2;37mDEBUG[m] pool-1-thread-13 com.jcabi.s3.mock.MkBucket: #list('1/'): '[1/foo.txt, 1/2/foo.txt, 1/2/3/foo.txt]' in 19.16ms
[[2;37mDEBUG[m] pool-1-thread-13 com.jcabi.s3.Bucket$Prefixed: #list(''): '[foo.txt, 2/foo.txt, 2/3/foo.txt]' in 29.70ms
Tests run: 2, Failures: 0, Errors: 0, Skipped: 0, Time elapsed: 0.248 sec - in com.jcabi.s3.mock.MkBucketTest
Running com.jcabi.s3.mock.MkRegionTest
[[2;37mDEBUG[m] pool-1-thread-10 com.jcabi.s3.mock.MkRegion: #bucket('test'): com.jcabi.s3.mock.MkBucket@3644cd in 4.46ms
[[2;37mDEBUG[m] pool-1-thread-10 com.jcabi.s3.mock.MkBucket: #ocket('hello.txt'): com.jcabi.s3.mock.MkOcket@53c4e693 in 3.26ms
[[2;37mDEBUG[m] pool-1-thread-10 com.jcabi.s3.mock.MkOcket: #write(java.io.ByteArrayInputStream@a3496c9, com.amazonaws.services.s3.model.ObjectMetadata@1eb1a201): in 424.37Âµs
[[2;37mDEBUG[m] pool-1-thread-10 com.jcabi.s3.Ocket$Text: #write('hello, world!', 'text/plain'): in 3.66ms
[[2;37mDEBUG[m] pool-1-thread-10 com.jcabi.s3.Ocket$Text: #write('hello, world!'): in 5.41ms
[[2;37mDEBUG[m] pool-1-thread-10 com.jcabi.s3.mock.MkOcket: #key(): 'hello.txt' in 19.49Âµs
[[2;37mDEBUG[m] pool-1-thread-10 com.jcabi.s3.mock.MkBucket: #ocket('hello.txt'): com.jcabi.s3.mock.MkOcket@53c4e693 in 24.58Âµs
[[2;37mDEBUG[m] pool-1-thread-10 com.jcabi.s3.mock.MkOcket: #read('hello, world!'): in 165.57Âµs
[[2;37mDEBUG[m] pool-1-thread-10 com.jcabi.s3.Ocket$Text: #read(): 'hello, world!' in 1.53ms
Tests run: 1, Failures: 0, Errors: 0, Skipped: 0, Time elapsed: 0.208 sec - in com.jcabi.s3.mock.MkRegionTest
Running com.jcabi.s3.mock.MkOcketTest
[[2;37mDEBUG[m] pool-1-thread-12 com.jcabi.s3.mock.MkRegion: #bucket('test'): com.jcabi.s3.mock.MkBucket@3644cd in 4.46ms
[[2;37mDEBUG[m] pool-1-thread-12 com.jcabi.s3.mock.MkBucket: #ocket('hello.txt'): com.jcabi.s3.mock.MkOcket@53c4e693 in 4.45ms
[[2;37mDEBUG[m] pool-1-thread-12 com.jcabi.s3.mock.MkOcket: #write(java.io.ByteArrayInputStream@2976b5b, com.amazonaws.services.s3.model.ObjectMetadata@2f8587ac): in 431.14Âµs
[[2;37mDEBUG[m] pool-1-thread-12 com.jcabi.s3.Ocket$Text: #write('hello, world!', 'text/plain'): in 4.34ms
[[2;37mDEBUG[m] pool-1-thread-12 com.jcabi.s3.Ocket$Text: #write('hello, world!'): in 7.42ms
[[2;37mDEBUG[m] pool-1-thread-12 com.jcabi.s3.mock.MkOcket: #key(): 'hello.txt' in 17.21Âµs
[[2;37mDEBUG[m] pool-1-thread-12 com.jcabi.s3.mock.MkBucket: #ocket('hello.txt'): com.jcabi.s3.mock.MkOcket@53c4e693 in 27.68Âµs
[[2;37mDEBUG[m] pool-1-thread-12 com.jcabi.s3.mock.MkOcket: #meta(): com.amazonaws.services.s3.model.ObjectMetadata@f342a0b in 1.42ms
[[2;37mDEBUG[m] pool-1-thread-12 com.jcabi.s3.Ocket$Text: #meta(): com.amazonaws.services.s3.model.ObjectMetadata@f342a0b in 3.00ms
[[2;37mDEBUG[m] pool-1-thread-7 com.jcabi.s3.mock.MkRegion: #bucket('test'): com.jcabi.s3.mock.MkBucket@3644cd in 4.36ms
[[2;37mDEBUG[m] pool-1-thread-7 com.jcabi.s3.mock.MkBucket: #ocket('hello.txt'): com.jcabi.s3.mock.MkOcket@53c4e693 in 3.76ms
[[2;37mDEBUG[m] pool-1-thread-7 com.jcabi.s3.mock.MkOcket: #key(): 'hello.txt' in 42.49Âµs
[[2;37mDEBUG[m] pool-1-thread-7 com.jcabi.s3.mock.MkBucket: #ocket('hello.txt'): com.jcabi.s3.mock.MkOcket@53c4e693 in 35.70Âµs
[[2;37mDEBUG[m] pool-1-thread-7 com.jcabi.s3.mock.MkOcket: #meta(): com.amazonaws.services.s3.model.ObjectMetadata@15868cf3 in 5.07ms
[[2;37mDEBUG[m] pool-1-thread-7 com.jcabi.s3.Ocket$Text: #meta(): com.amazonaws.services.s3.model.ObjectMetadata@15868cf3 in 6.99ms
Tests run: 2, Failures: 0, Errors: 0, Skipped: 0, Time elapsed: 0.206 sec - in com.jcabi.s3.mock.MkOcketTest

Results :

Tests run: 12, Failures: 0, Errors: 0, Skipped: 0

[INFO] 
[INFO] --- jcabi-maven-plugin:0.14.1:versionalize (jcabi-versionalize-packages) @ jcabi-s3 ---
[INFO] Versionalizing /home/travis/build/passed/jcabi/jcabi-s3/target/classes directory
[[0;37mINFO[m] org.hibernate.validator.internal.util.Version: HV000001: Hibernate Validator 5.1.2.Final
[INFO] JSR-303 validator org.hibernate.validator.internal.engine.ValidatorImpl instantiated by jcabi-aspects 0.18/55a5c13
[INFO] File /home/travis/build/passed/jcabi/jcabi-s3/target/classes/com/jcabi/s3/com-jcabi-jcabi-s3-jar.txt added
[INFO] File /home/travis/build/passed/jcabi/jcabi-s3/target/classes/com/jcabi/s3/cached/com-jcabi-jcabi-s3-jar.txt added
[INFO] File /home/travis/build/passed/jcabi/jcabi-s3/target/classes/com/jcabi/s3/mock/com-jcabi-jcabi-s3-jar.txt added
[INFO] File /home/travis/build/passed/jcabi/jcabi-s3/target/classes/com/jcabi/s3/retry/com-jcabi-jcabi-s3-jar.txt added
[INFO] 
[INFO] --- maven-jar-plugin:3.0.2:jar (default-jar) @ jcabi-s3 ---
[INFO] Building jar: /home/travis/build/passed/jcabi/jcabi-s3/target/jcabi-s3-1.0-SNAPSHOT.jar
[INFO] 
[INFO] --- maven-assembly-plugin:3.0.0:single (assemble-all) @ jcabi-s3 ---
[INFO] Downloading: http://repo.maven.apache.org/maven2/org/apache/maven/wagon/wagon-ssh/2.0/wagon-ssh-2.0.pom
[WARNING] Failed to build parent project for org.slf4j:slf4j-api:jar:1.7.5
[INFO] Downloading: http://repo.maven.apache.org/maven2/org/apache/maven/scm/maven-scm-provider-gitexe/1.9.1/maven-scm-provider-gitexe-1.9.1.pom
[WARNING] Failed to build parent project for com.fasterxml.jackson:jackson-parent:pom:2.5.1
[WARNING] Failed to build parent project for com.fasterxml.jackson.core:jackson-databind:bundle:2.5.3
[WARNING] Failed to build parent project for com.fasterxml.jackson:jackson-parent:pom:2.5
[WARNING] Failed to build parent project for com.fasterxml.jackson.core:jackson-annotations:bundle:2.5.0
[WARNING] Failed to build parent project for com.fasterxml.jackson:jackson-parent:pom:2.5.1
[WARNING] Failed to build parent project for com.fasterxml.jackson.core:jackson-core:bundle:2.5.3
[WARNING] Failed to build parent project for com.fasterxml.jackson:jackson-parent:pom:2.5.1
[WARNING] Failed to build parent project for com.fasterxml.jackson.dataformat:jackson-dataformat-cbor:bundle:2.5.3
[INFO] Downloading: http://repo.maven.apache.org/maven2/org/apache/felix/maven-bundle-plugin/2.5.0/maven-bundle-plugin-2.5.0.pom
[INFO] Building jar: /home/travis/build/passed/jcabi/jcabi-s3/target/jcabi-s3-1.0-SNAPSHOT-jar-with-dependencies.jar
[INFO] 
[INFO] --- maven-failsafe-plugin:2.19.1:integration-test (default) @ jcabi-s3 ---
[WARNING] useSystemClassloader setting has no effect when not forking
[INFO] Failsafe report directory: /home/travis/build/passed/jcabi/jcabi-s3/target/failsafe-reports
[INFO] parallel='all', perCoreThreadCount=true, threadCount=8, useUnlimitedThreads=false, threadCountSuites=0, threadCountClasses=0, threadCountMethods=0, parallelOptimized=true
Running com.jcabi.s3.AwsOcketITCase
Tests run: 4, Failures: 0, Errors: 0, Skipped: 0, Time elapsed: 0.026 sec - in com.jcabi.s3.AwsOcketITCase
Running com.jcabi.s3.RegionITCase
Tests run: 1, Failures: 0, Errors: 0, Skipped: 0, Time elapsed: 0.025 sec - in com.jcabi.s3.RegionITCase
Running com.jcabi.s3.AwsBucketITCase
SLF4J: The following loggers will not work because they were created
SLF4J: during the default configuration phase of the underlying logging system.
SLF4J: See also http://www.slf4j.org/codes.html#substituteLogger
SLF4J: com.jcabi.s3.BucketRule$1
SLF4J: com.jcabi.s3.BucketRule$1
SLF4J: com.jcabi.s3.BucketRule$1
SLF4J: com.jcabi.s3.BucketRule$1
SLF4J: com.jcabi.s3.BucketRule$1
SLF4J: com.jcabi.s3.BucketRule$1
SLF4J: com.jcabi.s3.BucketRule$1
SLF4J: com.jcabi.s3.BucketRule$1
SLF4J: com.jcabi.s3.BucketRule$1
[[0;33mWARN[m] pool-1-thread-10 com.jcabi.s3.BucketRule$1: system property failsafe.s3.key is not set, skipping
Tests run: 5, Failures: 0, Errors: 0, Skipped: 0, Time elapsed: 0.062 sec - in com.jcabi.s3.AwsBucketITCase

Results :

Tests run: 10, Failures: 0, Errors: 0, Skipped: 0

[INFO] 
[INFO] --- maven-failsafe-plugin:2.19.1:verify (default) @ jcabi-s3 ---
[INFO] Failsafe report directory: /home/travis/build/passed/jcabi/jcabi-s3/target/failsafe-reports
[INFO] 
[INFO] --- qulice-maven-plugin:0.17.1:check (jcabi-check) @ jcabi-s3 ---
log4j:WARN No appenders could be found for logger (com.puppycrawl.tools.checkstyle.ConfigurationLoader).
log4j:WARN Please initialize the log4j system properly.
log4j:WARN See http://logging.apache.org/log4j/1.2/faq.html#noconfig for more info.
[INFO] Starting PMD validator
[INFO] No PMD violations found in 31 files
[INFO] Finishing PMD validator
[INFO] Starting FindBugs validator
[INFO] Finishing FindBugs validator
[INFO] Starting XML validator
[INFO] /src/site/site.xml: to be validated
[WARNING] Failed to validate file /src/site/site.xml against schema(s). Cause: java.lang.IllegalStateException: org.xml.sax.SAXParseException; systemId: http://maven.apache.org/xsd/decoration-1.3.0.xsd; lineNumber: 1; columnNumber: 1; Premature end of file.
[INFO] Finishing XML validator
[INFO] Starting CodeNarc validator
[INFO] CodeNarc not required since no groovy files in /home/travis/build/passed/jcabi/jcabi-s3/src
[INFO] Finishing CodeNarc validator
[INFO] Calling org.apache.maven.plugins:maven-enforcer-plugin:1.0-beta-1:enforce...
[INFO] Calling com.ning.maven.plugins:maven-duplicate-finder-plugin:1.0.7:check...
[INFO] Checking compile classpath
[INFO] Checking runtime classpath
[INFO] This is not an SVN project
[INFO] Calling org.codehaus.mojo:cobertura-maven-plugin:2.5.1:check...
[INFO] Cannot perform check, instrumentation not performed - skipping.
[INFO] No dependency problems found
[INFO] Calling org.codehaus.mojo:jslint-maven-plugin:1.0.1:jslint...
[INFO] Qulice quality check completed in 13s
[INFO] 
[INFO] --- maven-install-plugin:2.5.2:install (default-install) @ jcabi-s3 ---
[INFO] Installing /home/travis/build/passed/jcabi/jcabi-s3/target/jcabi-s3-1.0-SNAPSHOT.jar to /home/travis/.m2/repository/com/jcabi/jcabi-s3/1.0-SNAPSHOT/jcabi-s3-1.0-SNAPSHOT.jar
[INFO] Installing /home/travis/build/passed/jcabi/jcabi-s3/pom.xml to /home/travis/.m2/repository/com/jcabi/jcabi-s3/1.0-SNAPSHOT/jcabi-s3-1.0-SNAPSHOT.pom
[INFO] Installing /home/travis/build/passed/jcabi/jcabi-s3/target/jcabi-s3-1.0-SNAPSHOT-jar-with-dependencies.jar to /home/travis/.m2/repository/com/jcabi/jcabi-s3/1.0-SNAPSHOT/jcabi-s3-1.0-SNAPSHOT-jar-with-dependencies.jar
[INFO] ------------------------------------------------------------------------
[INFO] BUILD SUCCESS
[INFO] ------------------------------------------------------------------------
[INFO] Total time: 42.251 s
[INFO] Finished at: 2022-07-25T00:06:47+00:00
[INFO] Final Memory: 57M/487M
[INFO] ------------------------------------------------------------------------

travis_time:end:03812736:start=1658707563914808823,finish=1658707608301410539,duration=44386601716[0K
[32;1mThe command "mvn clean install -Dhttps.protocols=TLSv1.2 -Pqulice --errors --batch-mode" exited with 0.[0m
travis_time:start:06b30085[0K$ mvn clean -Dhttps.protocols=TLSv1.2
[INFO] Scanning for projects...
[INFO]                                                                         
[INFO] ------------------------------------------------------------------------
[INFO] Building jcabi-s3 1.0-SNAPSHOT
[INFO] ------------------------------------------------------------------------
[INFO] 
[INFO] --- maven-clean-plugin:3.0.0:clean (default-clean) @ jcabi-s3 ---
[INFO] Deleting /home/travis/build/passed/jcabi/jcabi-s3/target
[INFO] ------------------------------------------------------------------------
[INFO] BUILD SUCCESS
[INFO] ------------------------------------------------------------------------
[INFO] Total time: 1.387 s
[INFO] Finished at: 2022-07-25T00:06:51+00:00
[INFO] Final Memory: 14M/491M
[INFO] ------------------------------------------------------------------------

travis_time:end:06b30085:start=1658707608311223325,finish=1658707611264915997,duration=2953692672[0K
[32;1mThe command "mvn clean -Dhttps.protocols=TLSv1.2" exited with 0.[0m
travis_time:start:001d52b5[0K$ pdd --source=$(pwd) --file=/dev/null
Found 7 lines in /home/travis/build/passed/jcabi/jcabi-s3/.pdd
My version is 0.20.5
Ruby version is 2.3.0 at x86_64-linux
Reading /home/travis/build/passed/jcabi/jcabi-s3
Excluding target/**/*
Excluding src/main/resources/images/**/*
51 file(s) found, 855 excluded
/home/travis/.rvm/gems/ruby-2.3.0/gems/pdd-0.20.5/lib/pdd/sources.rb:66: warning: Insecure world writable dir /home/travis/build/passed/jcabi/jcabi-s3/. in PATH, mode 040777
Reading .0pdd.yml...
Reading .gitattributes...
Reading .gitignore...
Reading .pdd...
Reading .rultor.yml...
Reading .travis.yml...
Reading LICENSE.txt...
Reading README.md...
Reading TEAM.md...
Reading est/jcabi-s3.est...
Reading pom.xml...
Reading src/main/aspect/README.txt...
Reading src/main/java/com/jcabi/s3/AwsBucket.java...
Reading src/main/java/com/jcabi/s3/AwsListIterator.java...
Reading src/main/java/com/jcabi/s3/AwsOcket.java...
Reading src/main/java/com/jcabi/s3/Bucket.java...
Reading src/main/java/com/jcabi/s3/Ocket.java...
Reading src/main/java/com/jcabi/s3/OcketNotFoundException.java...
Reading src/main/java/com/jcabi/s3/Region.java...
Reading src/main/java/com/jcabi/s3/cached/CdBucket.java...
Reading src/main/java/com/jcabi/s3/cached/CdOcket.java...
Reading src/main/java/com/jcabi/s3/cached/CdRegion.java...
Reading src/main/java/com/jcabi/s3/cached/package-info.java...
Reading src/main/java/com/jcabi/s3/mock/MkBucket.java...
Reading src/main/java/com/jcabi/s3/mock/MkOcket.java...
Reading src/main/java/com/jcabi/s3/mock/MkRegion.java...
Reading src/main/java/com/jcabi/s3/mock/package-info.java...
Reading src/main/java/com/jcabi/s3/package-info.java...
Reading src/main/java/com/jcabi/s3/retry/ReBucket.java...
Reading src/main/java/com/jcabi/s3/retry/ReOcket.java...
Reading src/main/java/com/jcabi/s3/retry/ReRegion.java...
Reading src/main/java/com/jcabi/s3/retry/package-info.java...
Reading src/site/apt/example-cached.apt.vm...
Reading src/site/apt/example-list.apt.vm...
Reading src/site/apt/example-read.apt.vm...
Reading src/site/apt/index.apt.vm...
Reading src/site/resources/CNAME...
Reading src/site/site.xml...
Reading src/test/java/com/jcabi/s3/AwsBucketITCase.java...
Reading src/test/java/com/jcabi/s3/AwsBucketTest.java...
Reading src/test/java/com/jcabi/s3/AwsOcketITCase.java...
Reading src/test/java/com/jcabi/s3/AwsOcketTest.java...
Reading src/test/java/com/jcabi/s3/BucketRule.java...
Reading src/test/java/com/jcabi/s3/RegionITCase.java...
Reading src/test/java/com/jcabi/s3/mock/MkBucketTest.java...
Reading src/test/java/com/jcabi/s3/mock/MkOcketTest.java...
Reading src/test/java/com/jcabi/s3/mock/MkRegionTest.java...
Reading src/test/java/com/jcabi/s3/mock/package-info.java...
Reading src/test/java/com/jcabi/s3/package-info.java...
Reading src/test/resources/META-INF/mime.types...
Reading src/test/resources/log4j.properties...

travis_time:end:001d52b5:start=1658707611276682891,finish=1658707619510811457,duration=8234128566[0K
[32;1mThe command "pdd --source=$(pwd) --file=/dev/null" exited with 0.[0m
travis_time:start:0d6617b4[0K$ est --dir=est --file=/dev/null

travis_time:end:0d6617b4:start=1658707619520203436,finish=1658707619785712359,duration=265508923[0K
[32;1mThe command "est --dir=est --file=/dev/null" exited with 0.[0m
travis_fold:start:cache.2[0Kstore build cache
travis_time:start:221da7f8[0K
travis_time:end:221da7f8:start=1658707619796534572,finish=1658707619804717953,duration=8183381[0Ktravis_time:start:1ae59c50[0K/home/travis/.casher/bin/casher:190: warning: Insecure world writable dir /home/travis/build/passed/jcabi/jcabi-s3/. in PATH, mode 040777
[32;1mchanges detected, packing new archive[0m
/home/travis/.casher/bin/casher:213:in `cache_archive_name': undefined method `[]' for nil:NilClass (NoMethodError)
	from /home/travis/.casher/bin/casher:143:in `push'
	from /home/travis/.casher/bin/casher:53:in `block in run'
	from /home/travis/.rvm/rubies/ruby-1.9.3-p551/lib/ruby/1.9.1/timeout.rb:69:in `timeout'
	from /home/travis/.casher/bin/casher:53:in `run'
	from /home/travis/.casher/bin/casher:263:in `<main>'
.
.
.
.

travis_time:end:1ae59c50:start=1658707619814755228,finish=1658707642614886004,duration=22800130776[0Ktravis_fold:end:cache.2[0K
Done. Your build exited with 0.
