travis_fold:start:system_info[0K[33;1mBuild system information[0m
Build language: java
Build group: stable
Build dist: precise
Build id: ''
Job id: ''
[34m[1mBuild image provisioning date and time[0m
Thu Feb  5 15:09:33 UTC 2015
[34m[1mOperating System Details[0m
Distributor ID:	Ubuntu
Description:	Ubuntu 12.04.5 LTS
Release:	12.04
Codename:	precise
[34m[1mLinux Version[0m
3.13.0-29-generic
[34m[1mCookbooks Version[0m
a68419e https://github.com/travis-ci/travis-cookbooks/tree/a68419e
[34m[1mGCC version[0m
gcc (Ubuntu/Linaro 4.6.3-1ubuntu5) 4.6.3
Copyright (C) 2011 Free Software Foundation, Inc.
This is free software; see the source for copying conditions.  There is NO
warranty; not even for MERCHANTABILITY or FITNESS FOR A PARTICULAR PURPOSE.

[34m[1mLLVM version[0m
clang version 3.4 (tags/RELEASE_34/final)
Target: x86_64-unknown-linux-gnu
Thread model: posix
[34m[1mPre-installed Ruby versions[0m
ruby-1.9.3-p551
[34m[1mPre-installed Node.js versions[0m
v0.10.36
[34m[1mPre-installed Go versions[0m
1.4.1
[34m[1mRedis version[0m
redis-server 2.8.19
[34m[1mriak version[0m
2.0.2
[34m[1mMongoDB version[0m
MongoDB 2.4.12
[34m[1mCouchDB version[0m
couchdb 1.6.1
[34m[1mNeo4j version[0m
1.9.4
[34m[1mRabbitMQ Version[0m
3.4.3
[34m[1mElasticSearch version[0m
1.4.0
[34m[1mInstalled Sphinx versions[0m
2.0.10
2.1.9
2.2.6
[34m[1mDefault Sphinx version[0m
2.2.6
[34m[1mInstalled Firefox version[0m
firefox 31.0esr
[34m[1mPhantomJS version[0m
1.9.8
[34m[1mant -version[0m
Apache Ant(TM) version 1.8.2 compiled on December 3 2011
[34m[1mmvn -version[0m
Apache Maven 3.2.5 (12a6b3acb947671f09b81f49094c53f426d8cea1; 2014-12-14T17:29:23+00:00)
Maven home: /usr/local/maven
Java version: 1.7.0_76, vendor: Oracle Corporation
Java home: /usr/lib/jvm/java-7-oracle/jre
Default locale: en_US, platform encoding: ANSI_X3.4-1968
OS name: "linux", version: "3.13.0-29-generic", arch: "amd64", family: "unix"
travis_fold:end:system_info[0K
grep: /etc/apt/sources.list.d/*: No such file or directory
W: Failed to fetch http://us.archive.ubuntu.com/ubuntu/dists/precise/main/source/Sources  404  Not Found [IP: 91.189.91.38 80]

W: Failed to fetch http://us.archive.ubuntu.com/ubuntu/dists/precise/restricted/source/Sources  404  Not Found [IP: 91.189.91.38 80]

W: Failed to fetch http://us.archive.ubuntu.com/ubuntu/dists/precise/universe/source/Sources  404  Not Found [IP: 91.189.91.38 80]

W: Failed to fetch http://us.archive.ubuntu.com/ubuntu/dists/precise/multiverse/source/Sources  404  Not Found [IP: 91.189.91.38 80]

W: Failed to fetch http://us.archive.ubuntu.com/ubuntu/dists/precise/main/binary-amd64/Packages  404  Not Found [IP: 91.189.91.38 80]

W: Failed to fetch http://us.archive.ubuntu.com/ubuntu/dists/precise/restricted/binary-amd64/Packages  404  Not Found [IP: 91.189.91.38 80]

W: Failed to fetch http://us.archive.ubuntu.com/ubuntu/dists/precise/universe/binary-amd64/Packages  404  Not Found [IP: 91.189.91.38 80]

W: Failed to fetch http://us.archive.ubuntu.com/ubuntu/dists/precise/multiverse/binary-amd64/Packages  404  Not Found [IP: 91.189.91.38 80]

W: Failed to fetch http://us.archive.ubuntu.com/ubuntu/dists/precise/main/binary-i386/Packages  404  Not Found [IP: 91.189.91.38 80]

W: Failed to fetch http://us.archive.ubuntu.com/ubuntu/dists/precise/restricted/binary-i386/Packages  404  Not Found [IP: 91.189.91.38 80]

W: Failed to fetch http://us.archive.ubuntu.com/ubuntu/dists/precise/universe/binary-i386/Packages  404  Not Found [IP: 91.189.91.38 80]

W: Failed to fetch http://us.archive.ubuntu.com/ubuntu/dists/precise/multiverse/binary-i386/Packages  404  Not Found [IP: 91.189.91.38 80]

W: Failed to fetch http://us.archive.ubuntu.com/ubuntu/dists/precise-updates/main/source/Sources  404  Not Found [IP: 91.189.91.38 80]

W: Failed to fetch http://us.archive.ubuntu.com/ubuntu/dists/precise-updates/restricted/source/Sources  404  Not Found [IP: 91.189.91.38 80]

W: Failed to fetch http://us.archive.ubuntu.com/ubuntu/dists/precise-updates/universe/source/Sources  404  Not Found [IP: 91.189.91.38 80]

W: Failed to fetch http://us.archive.ubuntu.com/ubuntu/dists/precise-updates/multiverse/source/Sources  404  Not Found [IP: 91.189.91.38 80]

W: Failed to fetch http://us.archive.ubuntu.com/ubuntu/dists/precise-updates/main/binary-amd64/Packages  404  Not Found [IP: 91.189.91.38 80]

W: Failed to fetch http://us.archive.ubuntu.com/ubuntu/dists/precise-updates/restricted/binary-amd64/Packages  404  Not Found [IP: 91.189.91.38 80]

W: Failed to fetch http://us.archive.ubuntu.com/ubuntu/dists/precise-updates/universe/binary-amd64/Packages  404  Not Found [IP: 91.189.91.38 80]

W: Failed to fetch http://us.archive.ubuntu.com/ubuntu/dists/precise-updates/multiverse/binary-amd64/Packages  404  Not Found [IP: 91.189.91.38 80]

W: Failed to fetch http://us.archive.ubuntu.com/ubuntu/dists/precise-updates/main/binary-i386/Packages  404  Not Found [IP: 91.189.91.38 80]

W: Failed to fetch http://us.archive.ubuntu.com/ubuntu/dists/precise-updates/restricted/binary-i386/Packages  404  Not Found [IP: 91.189.91.38 80]

W: Failed to fetch http://us.archive.ubuntu.com/ubuntu/dists/precise-updates/universe/binary-i386/Packages  404  Not Found [IP: 91.189.91.38 80]

W: Failed to fetch http://us.archive.ubuntu.com/ubuntu/dists/precise-updates/multiverse/binary-i386/Packages  404  Not Found [IP: 91.189.91.38 80]

W: Failed to fetch http://us.archive.ubuntu.com/ubuntu/dists/precise-backports/main/source/Sources  404  Not Found [IP: 91.189.91.38 80]

W: Failed to fetch http://us.archive.ubuntu.com/ubuntu/dists/precise-backports/restricted/source/Sources  404  Not Found [IP: 91.189.91.38 80]

W: Failed to fetch http://us.archive.ubuntu.com/ubuntu/dists/precise-backports/universe/source/Sources  404  Not Found [IP: 91.189.91.38 80]

W: Failed to fetch http://us.archive.ubuntu.com/ubuntu/dists/precise-backports/multiverse/source/Sources  404  Not Found [IP: 91.189.91.38 80]

W: Failed to fetch http://us.archive.ubuntu.com/ubuntu/dists/precise-backports/main/binary-amd64/Packages  404  Not Found [IP: 91.189.91.38 80]

W: Failed to fetch http://us.archive.ubuntu.com/ubuntu/dists/precise-backports/restricted/binary-amd64/Packages  404  Not Found [IP: 91.189.91.38 80]

W: Failed to fetch http://us.archive.ubuntu.com/ubuntu/dists/precise-backports/universe/binary-amd64/Packages  404  Not Found [IP: 91.189.91.38 80]

W: Failed to fetch http://us.archive.ubuntu.com/ubuntu/dists/precise-backports/multiverse/binary-amd64/Packages  404  Not Found [IP: 91.189.91.38 80]

W: Failed to fetch http://us.archive.ubuntu.com/ubuntu/dists/precise-backports/main/binary-i386/Packages  404  Not Found [IP: 91.189.91.38 80]

W: Failed to fetch http://us.archive.ubuntu.com/ubuntu/dists/precise-backports/restricted/binary-i386/Packages  404  Not Found [IP: 91.189.91.38 80]

W: Failed to fetch http://us.archive.ubuntu.com/ubuntu/dists/precise-backports/universe/binary-i386/Packages  404  Not Found [IP: 91.189.91.38 80]

W: Failed to fetch http://us.archive.ubuntu.com/ubuntu/dists/precise-backports/multiverse/binary-i386/Packages  404  Not Found [IP: 91.189.91.38 80]

W: Failed to fetch http://security.ubuntu.com/ubuntu/dists/precise-security/main/source/Sources  404  Not Found [IP: 185.125.190.39 80]

W: Failed to fetch http://security.ubuntu.com/ubuntu/dists/precise-security/restricted/source/Sources  404  Not Found [IP: 185.125.190.39 80]

W: Failed to fetch http://security.ubuntu.com/ubuntu/dists/precise-security/universe/source/Sources  404  Not Found [IP: 185.125.190.39 80]

W: Failed to fetch http://security.ubuntu.com/ubuntu/dists/precise-security/multiverse/source/Sources  404  Not Found [IP: 185.125.190.39 80]

W: Failed to fetch http://security.ubuntu.com/ubuntu/dists/precise-security/main/binary-amd64/Packages  404  Not Found [IP: 185.125.190.39 80]

W: Failed to fetch http://security.ubuntu.com/ubuntu/dists/precise-security/restricted/binary-amd64/Packages  404  Not Found [IP: 185.125.190.39 80]

W: Failed to fetch http://security.ubuntu.com/ubuntu/dists/precise-security/universe/binary-amd64/Packages  404  Not Found [IP: 185.125.190.39 80]

W: Failed to fetch http://security.ubuntu.com/ubuntu/dists/precise-security/multiverse/binary-amd64/Packages  404  Not Found [IP: 185.125.190.39 80]

W: Failed to fetch http://security.ubuntu.com/ubuntu/dists/precise-security/main/binary-i386/Packages  404  Not Found [IP: 185.125.190.39 80]

W: Failed to fetch http://security.ubuntu.com/ubuntu/dists/precise-security/restricted/binary-i386/Packages  404  Not Found [IP: 185.125.190.39 80]

W: Failed to fetch http://security.ubuntu.com/ubuntu/dists/precise-security/universe/binary-i386/Packages  404  Not Found [IP: 185.125.190.39 80]

W: Failed to fetch http://security.ubuntu.com/ubuntu/dists/precise-security/multiverse/binary-i386/Packages  404  Not Found [IP: 185.125.190.39 80]

E: Some index files failed to download. They have been ignored, or old ones used instead.
sed: cannot rename /etc/hosts: Device or resource busy
sed: cannot rename /etc/hosts: Device or resource busy
$ jdk_switcher use oraclejdk8
Switching to Oracle JDK8 (java-8-oracle), JAVA_HOME will be set to /usr/lib/jvm/java-8-oracle
$ cd passed/square/retrofit

[33;1mSetting environment variables from .travis.yml[0m
$ export CI_DEPLOY_USERNAME=[secure]
$ export CI_DEPLOY_PASSWORD=[secure]

travis_fold:start:cache.1[0KSetting up build cache
$ export CASHER_DIR=$HOME/.casher
travis_time:start:06ee1ce8[0K
travis_time:end:06ee1ce8:start=1658731288542856421,finish=1658731288552256234,duration=9399813[0Ktravis_time:start:00d6ae98[0K/home/travis/.casher/bin/casher:213:in `cache_archive_name': undefined method `[]' for nil:NilClass (NoMethodError)
	from /home/travis/.casher/bin/casher:65:in `block in fetch'
	from /home/travis/.casher/bin/casher:64:in `each'
	from /home/travis/.casher/bin/casher:64:in `fetch'
	from /home/travis/.casher/bin/casher:53:in `block in run'
	from /home/travis/.rvm/rubies/ruby-1.9.3-p551/lib/ruby/1.9.1/timeout.rb:69:in `timeout'
	from /home/travis/.casher/bin/casher:53:in `run'
	from /home/travis/.casher/bin/casher:263:in `<main>'
[32;1mattempting to download cache archive[0m

travis_time:end:00d6ae98:start=1658731288561886131,finish=1658731289342893027,duration=781006896[0Ktravis_time:start:0029cd74[0K
travis_time:end:0029cd74:start=1658731289352627771,finish=1658731289361290255,duration=8662484[0Ktravis_time:start:147cf95d[0K[32;1madding /home/travis/.m2 to cache[0m

travis_time:end:147cf95d:start=1658731289369757962,finish=1658731290207672502,duration=837914540[0Ktravis_fold:end:cache.1[0K$ java -Xmx32m -version
java version "1.8.0_31"
Java(TM) SE Runtime Environment (build 1.8.0_31-b13)
Java HotSpot(TM) 64-Bit Server VM (build 25.31-b07, mixed mode)
$ javac -J-Xmx32m -version
javac 1.8.0_31
travis_fold:start:install[0Ktravis_time:start:1b8cf930[0K$ mvn -o install -Dhttps.protocols=TLSv1.2 -DskipTests=true -Dmaven.javadoc.skip=true -B -V
Java HotSpot(TM) 64-Bit Server VM warning: ignoring option MaxPermSize=192m; support was removed in 8.0
Apache Maven 3.2.5 (12a6b3acb947671f09b81f49094c53f426d8cea1; 2014-12-14T17:29:23+00:00)
Maven home: /usr/local/maven
Java version: 1.8.0_31, vendor: Oracle Corporation
Java home: /usr/lib/jvm/java-8-oracle/jre
Default locale: en_US, platform encoding: UTF-8
OS name: "linux", version: "4.15.0-109-generic", arch: "amd64", family: "unix"
[INFO] Scanning for projects...
[WARNING] 
[WARNING] Some problems were encountered while building the effective model for com.squareup.retrofit2:samples:jar:2.0.0-SNAPSHOT
[WARNING] 'build.plugins.plugin.version' for org.apache.maven.plugins:maven-deploy-plugin is missing. @ com.squareup.retrofit2:samples:[unknown-version], /home/travis/build/passed/square/retrofit/samples/pom.xml, line 50, column 15
[WARNING] 
[WARNING] It is highly recommended to fix these problems because they threaten the stability of your build.
[WARNING] 
[WARNING] For this reason, future Maven versions might no longer support building such malformed projects.
[WARNING] 
[INFO] ------------------------------------------------------------------------
[INFO] Reactor Build Order:
[INFO] 
[INFO] Retrofit (Parent)
[INFO] Retrofit
[INFO] Adapters
[INFO] Adapter: Guava
[INFO] Adapter: Java 8
[INFO] Adapter: RxJava
[INFO] Converters
[INFO] Converter: Gson
[INFO] Converter: Protocol Buffers
[INFO] Converter: Jackson
[INFO] Converter: Wire Protocol Buffers
[INFO] Converter: SimpleXML
[INFO] Converter: Java Scalars
[INFO] Converter: Moshi
[INFO] Retrofit Mock Adapter
[INFO] Samples
[INFO]                                                                         
[INFO] ------------------------------------------------------------------------
[INFO] Building Retrofit (Parent) 2.0.0-SNAPSHOT
[INFO] ------------------------------------------------------------------------
[INFO] 
[INFO] --- maven-enforcer-plugin:1.0:enforce (enforce-maven) @ parent ---
[INFO] 
[INFO] --- animal-sniffer-maven-plugin:1.14:check (default) @ parent ---
[INFO] Checking unresolved references to org.codehaus.mojo.signature:java16:1.1
[INFO] 
[INFO] --- maven-javadoc-plugin:2.10.3:jar (attach-javadocs) @ parent ---
[INFO] Skipping javadoc generation
[INFO] 
[INFO] --- maven-checkstyle-plugin:2.15:checkstyle (default) @ parent ---
[INFO] 
[INFO] --- maven-install-plugin:2.4:install (default-install) @ parent ---
[INFO] Installing /home/travis/build/passed/square/retrofit/pom.xml to /home/travis/.m2/repository/com/squareup/retrofit2/parent/2.0.0-SNAPSHOT/parent-2.0.0-SNAPSHOT.pom
[INFO]                                                                         
[INFO] ------------------------------------------------------------------------
[INFO] Building Retrofit 2.0.0-SNAPSHOT
[INFO] ------------------------------------------------------------------------
[INFO] 
[INFO] --- maven-enforcer-plugin:1.0:enforce (enforce-maven) @ retrofit ---
[INFO] 
[INFO] --- maven-resources-plugin:2.6:resources (default-resources) @ retrofit ---
[INFO] Using 'UTF-8' encoding to copy filtered resources.
[INFO] skip non existing resourceDirectory /home/travis/build/passed/square/retrofit/retrofit/src/main/resources
[INFO] 
[INFO] --- maven-compiler-plugin:3.0:compile (default-compile) @ retrofit ---
[INFO] Changes detected - recompiling the module!
[INFO] Compiling 43 source files to /home/travis/build/passed/square/retrofit/retrofit/target/classes
[WARNING] /home/travis/build/passed/square/retrofit/retrofit/src/main/java/retrofit2/RequestFactory.java: Some input files use unchecked or unsafe operations.
[WARNING] /home/travis/build/passed/square/retrofit/retrofit/src/main/java/retrofit2/RequestFactory.java: Recompile with -Xlint:unchecked for details.
[INFO] 
[INFO] --- maven-resources-plugin:2.6:testResources (default-testResources) @ retrofit ---
[INFO] Using 'UTF-8' encoding to copy filtered resources.
[INFO] skip non existing resourceDirectory /home/travis/build/passed/square/retrofit/retrofit/src/test/resources
[INFO] 
[INFO] --- maven-compiler-plugin:3.0:testCompile (default-testCompile) @ retrofit ---
[INFO] Changes detected - recompiling the module!
[INFO] Compiling 13 source files to /home/travis/build/passed/square/retrofit/retrofit/target/test-classes
[WARNING] /home/travis/build/passed/square/retrofit/retrofit/src/test/java/retrofit2/RetrofitTest.java: /home/travis/build/passed/square/retrofit/retrofit/src/test/java/retrofit2/RetrofitTest.java uses unchecked or unsafe operations.
[WARNING] /home/travis/build/passed/square/retrofit/retrofit/src/test/java/retrofit2/RetrofitTest.java: Recompile with -Xlint:unchecked for details.
[INFO] 
[INFO] --- maven-surefire-plugin:2.12.4:test (default-test) @ retrofit ---
[INFO] Tests are skipped.
[INFO] 
[INFO] --- animal-sniffer-maven-plugin:1.14:check (default) @ retrofit ---
[INFO] Checking unresolved references to org.codehaus.mojo.signature:java16:1.1
[INFO] 
[INFO] --- maven-jar-plugin:2.4:jar (default-jar) @ retrofit ---
[INFO] Building jar: /home/travis/build/passed/square/retrofit/retrofit/target/retrofit-2.0.0-SNAPSHOT.jar
[INFO] 
[INFO] --- maven-javadoc-plugin:2.10.3:jar (attach-javadocs) @ retrofit ---
[INFO] Skipping javadoc generation
[INFO] 
[INFO] --- maven-checkstyle-plugin:2.15:checkstyle (default) @ retrofit ---
[INFO] Starting audit...
Audit done.
[WARNING] Unable to locate Source XRef to link to - DISABLED
[INFO] 
[INFO] --- maven-install-plugin:2.4:install (default-install) @ retrofit ---
[INFO] Installing /home/travis/build/passed/square/retrofit/retrofit/target/retrofit-2.0.0-SNAPSHOT.jar to /home/travis/.m2/repository/com/squareup/retrofit2/retrofit/2.0.0-SNAPSHOT/retrofit-2.0.0-SNAPSHOT.jar
[INFO] Installing /home/travis/build/passed/square/retrofit/retrofit/pom.xml to /home/travis/.m2/repository/com/squareup/retrofit2/retrofit/2.0.0-SNAPSHOT/retrofit-2.0.0-SNAPSHOT.pom
[INFO]                                                                         
[INFO] ------------------------------------------------------------------------
[INFO] Building Adapters 2.0.0-SNAPSHOT
[INFO] ------------------------------------------------------------------------
[INFO] 
[INFO] --- maven-enforcer-plugin:1.0:enforce (enforce-maven) @ retrofit-adapters ---
[INFO] 
[INFO] --- animal-sniffer-maven-plugin:1.14:check (default) @ retrofit-adapters ---
[INFO] Checking unresolved references to org.codehaus.mojo.signature:java16:1.1
[INFO] 
[INFO] --- maven-javadoc-plugin:2.10.3:jar (attach-javadocs) @ retrofit-adapters ---
[INFO] Skipping javadoc generation
[INFO] 
[INFO] --- maven-checkstyle-plugin:2.15:checkstyle (default) @ retrofit-adapters ---
[INFO] 
[INFO] --- maven-install-plugin:2.4:install (default-install) @ retrofit-adapters ---
[INFO] Installing /home/travis/build/passed/square/retrofit/retrofit-adapters/pom.xml to /home/travis/.m2/repository/com/squareup/retrofit2/retrofit-adapters/2.0.0-SNAPSHOT/retrofit-adapters-2.0.0-SNAPSHOT.pom
[INFO]                                                                         
[INFO] ------------------------------------------------------------------------
[INFO] Building Adapter: Guava 2.0.0-SNAPSHOT
[INFO] ------------------------------------------------------------------------
[INFO] 
[INFO] --- maven-enforcer-plugin:1.0:enforce (enforce-maven) @ adapter-guava ---
[INFO] 
[INFO] --- maven-resources-plugin:2.6:resources (default-resources) @ adapter-guava ---
[INFO] Using 'UTF-8' encoding to copy filtered resources.
[INFO] skip non existing resourceDirectory /home/travis/build/passed/square/retrofit/retrofit-adapters/guava/src/main/resources
[INFO] 
[INFO] --- maven-compiler-plugin:3.0:compile (default-compile) @ adapter-guava ---
[INFO] Changes detected - recompiling the module!
[INFO] Compiling 2 source files to /home/travis/build/passed/square/retrofit/retrofit-adapters/guava/target/classes
[INFO] 
[INFO] --- maven-resources-plugin:2.6:testResources (default-testResources) @ adapter-guava ---
[INFO] Using 'UTF-8' encoding to copy filtered resources.
[INFO] skip non existing resourceDirectory /home/travis/build/passed/square/retrofit/retrofit-adapters/guava/src/test/resources
[INFO] 
[INFO] --- maven-compiler-plugin:3.0:testCompile (default-testCompile) @ adapter-guava ---
[INFO] Changes detected - recompiling the module!
[INFO] Compiling 3 source files to /home/travis/build/passed/square/retrofit/retrofit-adapters/guava/target/test-classes
[INFO] 
[INFO] --- maven-surefire-plugin:2.12.4:test (default-test) @ adapter-guava ---
[INFO] Tests are skipped.
[INFO] 
[INFO] --- animal-sniffer-maven-plugin:1.14:check (default) @ adapter-guava ---
[INFO] Checking unresolved references to org.codehaus.mojo.signature:java16:1.1
[INFO] 
[INFO] --- maven-jar-plugin:2.4:jar (default-jar) @ adapter-guava ---
[INFO] Building jar: /home/travis/build/passed/square/retrofit/retrofit-adapters/guava/target/adapter-guava-2.0.0-SNAPSHOT.jar
[INFO] 
[INFO] --- maven-javadoc-plugin:2.10.3:jar (attach-javadocs) @ adapter-guava ---
[INFO] Skipping javadoc generation
[INFO] 
[INFO] --- maven-checkstyle-plugin:2.15:checkstyle (default) @ adapter-guava ---
[INFO] Starting audit...
Audit done.
[WARNING] Unable to locate Source XRef to link to - DISABLED
[INFO] 
[INFO] --- maven-install-plugin:2.4:install (default-install) @ adapter-guava ---
[INFO] Installing /home/travis/build/passed/square/retrofit/retrofit-adapters/guava/target/adapter-guava-2.0.0-SNAPSHOT.jar to /home/travis/.m2/repository/com/squareup/retrofit2/adapter-guava/2.0.0-SNAPSHOT/adapter-guava-2.0.0-SNAPSHOT.jar
[INFO] Installing /home/travis/build/passed/square/retrofit/retrofit-adapters/guava/pom.xml to /home/travis/.m2/repository/com/squareup/retrofit2/adapter-guava/2.0.0-SNAPSHOT/adapter-guava-2.0.0-SNAPSHOT.pom
[INFO]                                                                         
[INFO] ------------------------------------------------------------------------
[INFO] Building Adapter: Java 8 2.0.0-SNAPSHOT
[INFO] ------------------------------------------------------------------------
[INFO] 
[INFO] --- maven-enforcer-plugin:1.0:enforce (enforce-maven) @ adapter-java8 ---
[INFO] 
[INFO] --- maven-resources-plugin:2.6:resources (default-resources) @ adapter-java8 ---
[INFO] Using 'UTF-8' encoding to copy filtered resources.
[INFO] skip non existing resourceDirectory /home/travis/build/passed/square/retrofit/retrofit-adapters/java8/src/main/resources
[INFO] 
[INFO] --- maven-compiler-plugin:3.0:compile (default-compile) @ adapter-java8 ---
[INFO] Changes detected - recompiling the module!
[INFO] Compiling 2 source files to /home/travis/build/passed/square/retrofit/retrofit-adapters/java8/target/classes
[INFO] 
[INFO] --- maven-resources-plugin:2.6:testResources (default-testResources) @ adapter-java8 ---
[INFO] Using 'UTF-8' encoding to copy filtered resources.
[INFO] skip non existing resourceDirectory /home/travis/build/passed/square/retrofit/retrofit-adapters/java8/src/test/resources
[INFO] 
[INFO] --- maven-compiler-plugin:3.0:testCompile (default-testCompile) @ adapter-java8 ---
[INFO] Changes detected - recompiling the module!
[INFO] Compiling 3 source files to /home/travis/build/passed/square/retrofit/retrofit-adapters/java8/target/test-classes
[INFO] 
[INFO] --- maven-surefire-plugin:2.12.4:test (default-test) @ adapter-java8 ---
[INFO] Tests are skipped.
[INFO] 
[INFO] --- animal-sniffer-maven-plugin:1.14:check (default) @ adapter-java8 ---
[INFO] Checking unresolved references to org.kaazing.mojo.signature:java18:1.0
[INFO] 
[INFO] --- maven-jar-plugin:2.4:jar (default-jar) @ adapter-java8 ---
[INFO] Building jar: /home/travis/build/passed/square/retrofit/retrofit-adapters/java8/target/adapter-java8-2.0.0-SNAPSHOT.jar
[INFO] 
[INFO] --- maven-javadoc-plugin:2.10.3:jar (attach-javadocs) @ adapter-java8 ---
[INFO] Skipping javadoc generation
[INFO] 
[INFO] --- maven-checkstyle-plugin:2.15:checkstyle (default) @ adapter-java8 ---
[INFO] Starting audit...
Audit done.
[WARNING] Unable to locate Source XRef to link to - DISABLED
[INFO] 
[INFO] --- maven-install-plugin:2.4:install (default-install) @ adapter-java8 ---
[INFO] Installing /home/travis/build/passed/square/retrofit/retrofit-adapters/java8/target/adapter-java8-2.0.0-SNAPSHOT.jar to /home/travis/.m2/repository/com/squareup/retrofit2/adapter-java8/2.0.0-SNAPSHOT/adapter-java8-2.0.0-SNAPSHOT.jar
[INFO] Installing /home/travis/build/passed/square/retrofit/retrofit-adapters/java8/pom.xml to /home/travis/.m2/repository/com/squareup/retrofit2/adapter-java8/2.0.0-SNAPSHOT/adapter-java8-2.0.0-SNAPSHOT.pom
[INFO]                                                                         
[INFO] ------------------------------------------------------------------------
[INFO] Building Adapter: RxJava 2.0.0-SNAPSHOT
[INFO] ------------------------------------------------------------------------
[INFO] 
[INFO] --- maven-enforcer-plugin:1.0:enforce (enforce-maven) @ adapter-rxjava ---
[INFO] 
[INFO] --- maven-resources-plugin:2.6:resources (default-resources) @ adapter-rxjava ---
[INFO] Using 'UTF-8' encoding to copy filtered resources.
[INFO] skip non existing resourceDirectory /home/travis/build/passed/square/retrofit/retrofit-adapters/rxjava/src/main/resources
[INFO] 
[INFO] --- maven-compiler-plugin:3.0:compile (default-compile) @ adapter-rxjava ---
[INFO] Changes detected - recompiling the module!
[INFO] Compiling 5 source files to /home/travis/build/passed/square/retrofit/retrofit-adapters/rxjava/target/classes
[INFO] 
[INFO] --- maven-resources-plugin:2.6:testResources (default-testResources) @ adapter-rxjava ---
[INFO] Using 'UTF-8' encoding to copy filtered resources.
[INFO] skip non existing resourceDirectory /home/travis/build/passed/square/retrofit/retrofit-adapters/rxjava/src/test/resources
[INFO] 
[INFO] --- maven-compiler-plugin:3.0:testCompile (default-testCompile) @ adapter-rxjava ---
[INFO] Changes detected - recompiling the module!
[INFO] Compiling 9 source files to /home/travis/build/passed/square/retrofit/retrofit-adapters/rxjava/target/test-classes
[INFO] 
[INFO] --- maven-surefire-plugin:2.12.4:test (default-test) @ adapter-rxjava ---
[INFO] Tests are skipped.
[INFO] 
[INFO] --- animal-sniffer-maven-plugin:1.14:check (default) @ adapter-rxjava ---
[INFO] Checking unresolved references to org.codehaus.mojo.signature:java16:1.1
[INFO] 
[INFO] --- maven-jar-plugin:2.4:jar (default-jar) @ adapter-rxjava ---
[INFO] Building jar: /home/travis/build/passed/square/retrofit/retrofit-adapters/rxjava/target/adapter-rxjava-2.0.0-SNAPSHOT.jar
[INFO] 
[INFO] --- maven-javadoc-plugin:2.10.3:jar (attach-javadocs) @ adapter-rxjava ---
[INFO] Skipping javadoc generation
[INFO] 
[INFO] --- maven-checkstyle-plugin:2.15:checkstyle (default) @ adapter-rxjava ---
[INFO] Starting audit...
Audit done.
[WARNING] Unable to locate Source XRef to link to - DISABLED
[INFO] 
[INFO] --- maven-install-plugin:2.4:install (default-install) @ adapter-rxjava ---
[INFO] Installing /home/travis/build/passed/square/retrofit/retrofit-adapters/rxjava/target/adapter-rxjava-2.0.0-SNAPSHOT.jar to /home/travis/.m2/repository/com/squareup/retrofit2/adapter-rxjava/2.0.0-SNAPSHOT/adapter-rxjava-2.0.0-SNAPSHOT.jar
[INFO] Installing /home/travis/build/passed/square/retrofit/retrofit-adapters/rxjava/pom.xml to /home/travis/.m2/repository/com/squareup/retrofit2/adapter-rxjava/2.0.0-SNAPSHOT/adapter-rxjava-2.0.0-SNAPSHOT.pom
[INFO]                                                                         
[INFO] ------------------------------------------------------------------------
[INFO] Building Converters 2.0.0-SNAPSHOT
[INFO] ------------------------------------------------------------------------
[INFO] 
[INFO] --- maven-enforcer-plugin:1.0:enforce (enforce-maven) @ retrofit-converters ---
[INFO] 
[INFO] --- animal-sniffer-maven-plugin:1.14:check (default) @ retrofit-converters ---
[INFO] Checking unresolved references to org.codehaus.mojo.signature:java16:1.1
[INFO] 
[INFO] --- maven-javadoc-plugin:2.10.3:jar (attach-javadocs) @ retrofit-converters ---
[INFO] Skipping javadoc generation
[INFO] 
[INFO] --- maven-checkstyle-plugin:2.15:checkstyle (default) @ retrofit-converters ---
[INFO] 
[INFO] --- maven-install-plugin:2.4:install (default-install) @ retrofit-converters ---
[INFO] Installing /home/travis/build/passed/square/retrofit/retrofit-converters/pom.xml to /home/travis/.m2/repository/com/squareup/retrofit2/retrofit-converters/2.0.0-SNAPSHOT/retrofit-converters-2.0.0-SNAPSHOT.pom
[INFO]                                                                         
[INFO] ------------------------------------------------------------------------
[INFO] Building Converter: Gson 2.0.0-SNAPSHOT
[INFO] ------------------------------------------------------------------------
[INFO] 
[INFO] --- maven-enforcer-plugin:1.0:enforce (enforce-maven) @ converter-gson ---
[INFO] 
[INFO] --- maven-resources-plugin:2.6:resources (default-resources) @ converter-gson ---
[INFO] Using 'UTF-8' encoding to copy filtered resources.
[INFO] skip non existing resourceDirectory /home/travis/build/passed/square/retrofit/retrofit-converters/gson/src/main/resources
[INFO] 
[INFO] --- maven-compiler-plugin:3.0:compile (default-compile) @ converter-gson ---
[INFO] Changes detected - recompiling the module!
[INFO] Compiling 3 source files to /home/travis/build/passed/square/retrofit/retrofit-converters/gson/target/classes
[INFO] 
[INFO] --- maven-resources-plugin:2.6:testResources (default-testResources) @ converter-gson ---
[INFO] Using 'UTF-8' encoding to copy filtered resources.
[INFO] skip non existing resourceDirectory /home/travis/build/passed/square/retrofit/retrofit-converters/gson/src/test/resources
[INFO] 
[INFO] --- maven-compiler-plugin:3.0:testCompile (default-testCompile) @ converter-gson ---
[INFO] Changes detected - recompiling the module!
[INFO] Compiling 1 source file to /home/travis/build/passed/square/retrofit/retrofit-converters/gson/target/test-classes
[INFO] 
[INFO] --- maven-surefire-plugin:2.12.4:test (default-test) @ converter-gson ---
[INFO] Tests are skipped.
[INFO] 
[INFO] --- animal-sniffer-maven-plugin:1.14:check (default) @ converter-gson ---
[INFO] Checking unresolved references to org.codehaus.mojo.signature:java16:1.1
[INFO] 
[INFO] --- maven-jar-plugin:2.4:jar (default-jar) @ converter-gson ---
[INFO] Building jar: /home/travis/build/passed/square/retrofit/retrofit-converters/gson/target/converter-gson-2.0.0-SNAPSHOT.jar
[INFO] 
[INFO] --- maven-javadoc-plugin:2.10.3:jar (attach-javadocs) @ converter-gson ---
[INFO] Skipping javadoc generation
[INFO] 
[INFO] --- maven-checkstyle-plugin:2.15:checkstyle (default) @ converter-gson ---
[INFO] Starting audit...
Audit done.
[WARNING] Unable to locate Source XRef to link to - DISABLED
[INFO] 
[INFO] --- maven-install-plugin:2.4:install (default-install) @ converter-gson ---
[INFO] Installing /home/travis/build/passed/square/retrofit/retrofit-converters/gson/target/converter-gson-2.0.0-SNAPSHOT.jar to /home/travis/.m2/repository/com/squareup/retrofit2/converter-gson/2.0.0-SNAPSHOT/converter-gson-2.0.0-SNAPSHOT.jar
[INFO] Installing /home/travis/build/passed/square/retrofit/retrofit-converters/gson/pom.xml to /home/travis/.m2/repository/com/squareup/retrofit2/converter-gson/2.0.0-SNAPSHOT/converter-gson-2.0.0-SNAPSHOT.pom
[INFO]                                                                         
[INFO] ------------------------------------------------------------------------
[INFO] Building Converter: Protocol Buffers 2.0.0-SNAPSHOT
[INFO] ------------------------------------------------------------------------
[INFO] 
[INFO] --- maven-enforcer-plugin:1.0:enforce (enforce-maven) @ converter-protobuf ---
[INFO] 
[INFO] --- maven-resources-plugin:2.6:resources (default-resources) @ converter-protobuf ---
[INFO] Using 'UTF-8' encoding to copy filtered resources.
[INFO] skip non existing resourceDirectory /home/travis/build/passed/square/retrofit/retrofit-converters/protobuf/src/main/resources
[INFO] 
[INFO] --- maven-compiler-plugin:3.0:compile (default-compile) @ converter-protobuf ---
[INFO] Changes detected - recompiling the module!
[INFO] Compiling 3 source files to /home/travis/build/passed/square/retrofit/retrofit-converters/protobuf/target/classes
[WARNING] /home/travis/build/passed/square/retrofit/retrofit-converters/protobuf/src/main/java/retrofit2/converter/protobuf/ProtoConverterFactory.java: /home/travis/build/passed/square/retrofit/retrofit-converters/protobuf/src/main/java/retrofit2/converter/protobuf/ProtoConverterFactory.java uses unchecked or unsafe operations.
[WARNING] /home/travis/build/passed/square/retrofit/retrofit-converters/protobuf/src/main/java/retrofit2/converter/protobuf/ProtoConverterFactory.java: Recompile with -Xlint:unchecked for details.
[INFO] 
[INFO] --- maven-resources-plugin:2.6:testResources (default-testResources) @ converter-protobuf ---
[INFO] Using 'UTF-8' encoding to copy filtered resources.
[INFO] skip non existing resourceDirectory /home/travis/build/passed/square/retrofit/retrofit-converters/protobuf/src/test/resources
[INFO] 
[INFO] --- maven-compiler-plugin:3.0:testCompile (default-testCompile) @ converter-protobuf ---
[INFO] Changes detected - recompiling the module!
[INFO] Compiling 2 source files to /home/travis/build/passed/square/retrofit/retrofit-converters/protobuf/target/test-classes
[INFO] 
[INFO] --- maven-surefire-plugin:2.12.4:test (default-test) @ converter-protobuf ---
[INFO] Tests are skipped.
[INFO] 
[INFO] --- animal-sniffer-maven-plugin:1.14:check (default) @ converter-protobuf ---
[INFO] Checking unresolved references to org.codehaus.mojo.signature:java16:1.1
[INFO] 
[INFO] --- maven-jar-plugin:2.4:jar (default-jar) @ converter-protobuf ---
[INFO] Building jar: /home/travis/build/passed/square/retrofit/retrofit-converters/protobuf/target/converter-protobuf-2.0.0-SNAPSHOT.jar
[INFO] 
[INFO] --- maven-javadoc-plugin:2.10.3:jar (attach-javadocs) @ converter-protobuf ---
[INFO] Skipping javadoc generation
[INFO] 
[INFO] --- maven-checkstyle-plugin:2.15:checkstyle (default) @ converter-protobuf ---
[INFO] Starting audit...
Audit done.
[WARNING] Unable to locate Source XRef to link to - DISABLED
[INFO] 
[INFO] --- maven-install-plugin:2.4:install (default-install) @ converter-protobuf ---
[INFO] Installing /home/travis/build/passed/square/retrofit/retrofit-converters/protobuf/target/converter-protobuf-2.0.0-SNAPSHOT.jar to /home/travis/.m2/repository/com/squareup/retrofit2/converter-protobuf/2.0.0-SNAPSHOT/converter-protobuf-2.0.0-SNAPSHOT.jar
[INFO] Installing /home/travis/build/passed/square/retrofit/retrofit-converters/protobuf/pom.xml to /home/travis/.m2/repository/com/squareup/retrofit2/converter-protobuf/2.0.0-SNAPSHOT/converter-protobuf-2.0.0-SNAPSHOT.pom
[INFO]                                                                         
[INFO] ------------------------------------------------------------------------
[INFO] Building Converter: Jackson 2.0.0-SNAPSHOT
[INFO] ------------------------------------------------------------------------
[INFO] 
[INFO] --- maven-enforcer-plugin:1.0:enforce (enforce-maven) @ converter-jackson ---
[INFO] 
[INFO] --- maven-resources-plugin:2.6:resources (default-resources) @ converter-jackson ---
[INFO] Using 'UTF-8' encoding to copy filtered resources.
[INFO] skip non existing resourceDirectory /home/travis/build/passed/square/retrofit/retrofit-converters/jackson/src/main/resources
[INFO] 
[INFO] --- maven-compiler-plugin:3.0:compile (default-compile) @ converter-jackson ---
[INFO] Changes detected - recompiling the module!
[INFO] Compiling 3 source files to /home/travis/build/passed/square/retrofit/retrofit-converters/jackson/target/classes
[WARNING] /home/travis/build/passed/square/retrofit/retrofit-converters/jackson/src/main/java/retrofit2/converter/jackson/JacksonConverterFactory.java: /home/travis/build/passed/square/retrofit/retrofit-converters/jackson/src/main/java/retrofit2/converter/jackson/JacksonConverterFactory.java uses or overrides a deprecated API.
[WARNING] /home/travis/build/passed/square/retrofit/retrofit-converters/jackson/src/main/java/retrofit2/converter/jackson/JacksonConverterFactory.java: Recompile with -Xlint:deprecation for details.
[INFO] 
[INFO] --- maven-resources-plugin:2.6:testResources (default-testResources) @ converter-jackson ---
[INFO] Using 'UTF-8' encoding to copy filtered resources.
[INFO] skip non existing resourceDirectory /home/travis/build/passed/square/retrofit/retrofit-converters/jackson/src/test/resources
[INFO] 
[INFO] --- maven-compiler-plugin:3.0:testCompile (default-testCompile) @ converter-jackson ---
[INFO] Changes detected - recompiling the module!
[INFO] Compiling 1 source file to /home/travis/build/passed/square/retrofit/retrofit-converters/jackson/target/test-classes
[WARNING] /home/travis/build/passed/square/retrofit/retrofit-converters/jackson/src/test/java/retrofit2/converter/jackson/JacksonConverterFactoryTest.java: /home/travis/build/passed/square/retrofit/retrofit-converters/jackson/src/test/java/retrofit2/converter/jackson/JacksonConverterFactoryTest.java uses or overrides a deprecated API.
[WARNING] /home/travis/build/passed/square/retrofit/retrofit-converters/jackson/src/test/java/retrofit2/converter/jackson/JacksonConverterFactoryTest.java: Recompile with -Xlint:deprecation for details.
[INFO] 
[INFO] --- maven-surefire-plugin:2.12.4:test (default-test) @ converter-jackson ---
[INFO] Tests are skipped.
[INFO] 
[INFO] --- animal-sniffer-maven-plugin:1.14:check (default) @ converter-jackson ---
[INFO] Checking unresolved references to org.codehaus.mojo.signature:java16:1.1
[INFO] 
[INFO] --- maven-jar-plugin:2.4:jar (default-jar) @ converter-jackson ---
[INFO] Building jar: /home/travis/build/passed/square/retrofit/retrofit-converters/jackson/target/converter-jackson-2.0.0-SNAPSHOT.jar
[INFO] 
[INFO] --- maven-javadoc-plugin:2.10.3:jar (attach-javadocs) @ converter-jackson ---
[INFO] Skipping javadoc generation
[INFO] 
[INFO] --- maven-checkstyle-plugin:2.15:checkstyle (default) @ converter-jackson ---
[INFO] Starting audit...
Audit done.
[WARNING] Unable to locate Source XRef to link to - DISABLED
[INFO] 
[INFO] --- maven-install-plugin:2.4:install (default-install) @ converter-jackson ---
[INFO] Installing /home/travis/build/passed/square/retrofit/retrofit-converters/jackson/target/converter-jackson-2.0.0-SNAPSHOT.jar to /home/travis/.m2/repository/com/squareup/retrofit2/converter-jackson/2.0.0-SNAPSHOT/converter-jackson-2.0.0-SNAPSHOT.jar
[INFO] Installing /home/travis/build/passed/square/retrofit/retrofit-converters/jackson/pom.xml to /home/travis/.m2/repository/com/squareup/retrofit2/converter-jackson/2.0.0-SNAPSHOT/converter-jackson-2.0.0-SNAPSHOT.pom
[INFO]                                                                         
[INFO] ------------------------------------------------------------------------
[INFO] Building Converter: Wire Protocol Buffers 2.0.0-SNAPSHOT
[INFO] ------------------------------------------------------------------------
[INFO] 
[INFO] --- maven-enforcer-plugin:1.0:enforce (enforce-maven) @ converter-wire ---
[INFO] 
[INFO] --- maven-resources-plugin:2.6:resources (default-resources) @ converter-wire ---
[INFO] Using 'UTF-8' encoding to copy filtered resources.
[INFO] skip non existing resourceDirectory /home/travis/build/passed/square/retrofit/retrofit-converters/wire/src/main/resources
[INFO] 
[INFO] --- maven-compiler-plugin:3.0:compile (default-compile) @ converter-wire ---
[INFO] Changes detected - recompiling the module!
[INFO] Compiling 3 source files to /home/travis/build/passed/square/retrofit/retrofit-converters/wire/target/classes
[WARNING] /home/travis/build/passed/square/retrofit/retrofit-converters/wire/src/main/java/retrofit2/converter/wire/WireConverterFactory.java: /home/travis/build/passed/square/retrofit/retrofit-converters/wire/src/main/java/retrofit2/converter/wire/WireConverterFactory.java uses unchecked or unsafe operations.
[WARNING] /home/travis/build/passed/square/retrofit/retrofit-converters/wire/src/main/java/retrofit2/converter/wire/WireConverterFactory.java: Recompile with -Xlint:unchecked for details.
[INFO] 
[INFO] --- maven-resources-plugin:2.6:testResources (default-testResources) @ converter-wire ---
[INFO] Using 'UTF-8' encoding to copy filtered resources.
[INFO] skip non existing resourceDirectory /home/travis/build/passed/square/retrofit/retrofit-converters/wire/src/test/resources
[INFO] 
[INFO] --- maven-compiler-plugin:3.0:testCompile (default-testCompile) @ converter-wire ---
[INFO] Changes detected - recompiling the module!
[INFO] Compiling 2 source files to /home/travis/build/passed/square/retrofit/retrofit-converters/wire/target/test-classes
[INFO] 
[INFO] --- maven-surefire-plugin:2.12.4:test (default-test) @ converter-wire ---
[INFO] Tests are skipped.
[INFO] 
[INFO] --- animal-sniffer-maven-plugin:1.14:check (default) @ converter-wire ---
[INFO] Checking unresolved references to org.codehaus.mojo.signature:java16:1.1
[INFO] 
[INFO] --- maven-jar-plugin:2.4:jar (default-jar) @ converter-wire ---
[INFO] Building jar: /home/travis/build/passed/square/retrofit/retrofit-converters/wire/target/converter-wire-2.0.0-SNAPSHOT.jar
[INFO] 
[INFO] --- maven-javadoc-plugin:2.10.3:jar (attach-javadocs) @ converter-wire ---
[INFO] Skipping javadoc generation
[INFO] 
[INFO] --- maven-checkstyle-plugin:2.15:checkstyle (default) @ converter-wire ---
[INFO] Starting audit...
Audit done.
[WARNING] Unable to locate Source XRef to link to - DISABLED
[INFO] 
[INFO] --- maven-install-plugin:2.4:install (default-install) @ converter-wire ---
[INFO] Installing /home/travis/build/passed/square/retrofit/retrofit-converters/wire/target/converter-wire-2.0.0-SNAPSHOT.jar to /home/travis/.m2/repository/com/squareup/retrofit2/converter-wire/2.0.0-SNAPSHOT/converter-wire-2.0.0-SNAPSHOT.jar
[INFO] Installing /home/travis/build/passed/square/retrofit/retrofit-converters/wire/pom.xml to /home/travis/.m2/repository/com/squareup/retrofit2/converter-wire/2.0.0-SNAPSHOT/converter-wire-2.0.0-SNAPSHOT.pom
[INFO]                                                                         
[INFO] ------------------------------------------------------------------------
[INFO] Building Converter: SimpleXML 2.0.0-SNAPSHOT
[INFO] ------------------------------------------------------------------------
[INFO] 
[INFO] --- maven-enforcer-plugin:1.0:enforce (enforce-maven) @ converter-simplexml ---
[INFO] 
[INFO] --- maven-resources-plugin:2.6:resources (default-resources) @ converter-simplexml ---
[INFO] Using 'UTF-8' encoding to copy filtered resources.
[INFO] skip non existing resourceDirectory /home/travis/build/passed/square/retrofit/retrofit-converters/simplexml/src/main/resources
[INFO] 
[INFO] --- maven-compiler-plugin:3.0:compile (default-compile) @ converter-simplexml ---
[INFO] Changes detected - recompiling the module!
[INFO] Compiling 3 source files to /home/travis/build/passed/square/retrofit/retrofit-converters/simplexml/target/classes
[INFO] 
[INFO] --- maven-resources-plugin:2.6:testResources (default-testResources) @ converter-simplexml ---
[INFO] Using 'UTF-8' encoding to copy filtered resources.
[INFO] skip non existing resourceDirectory /home/travis/build/passed/square/retrofit/retrofit-converters/simplexml/src/test/resources
[INFO] 
[INFO] --- maven-compiler-plugin:3.0:testCompile (default-testCompile) @ converter-simplexml ---
[INFO] Changes detected - recompiling the module!
[INFO] Compiling 2 source files to /home/travis/build/passed/square/retrofit/retrofit-converters/simplexml/target/test-classes
[INFO] 
[INFO] --- maven-surefire-plugin:2.12.4:test (default-test) @ converter-simplexml ---
[INFO] Tests are skipped.
[INFO] 
[INFO] --- animal-sniffer-maven-plugin:1.14:check (default) @ converter-simplexml ---
[INFO] Checking unresolved references to org.codehaus.mojo.signature:java16:1.1
[INFO] 
[INFO] --- maven-jar-plugin:2.4:jar (default-jar) @ converter-simplexml ---
[INFO] Building jar: /home/travis/build/passed/square/retrofit/retrofit-converters/simplexml/target/converter-simplexml-2.0.0-SNAPSHOT.jar
[INFO] 
[INFO] --- maven-javadoc-plugin:2.10.3:jar (attach-javadocs) @ converter-simplexml ---
[INFO] Skipping javadoc generation
[INFO] 
[INFO] --- maven-checkstyle-plugin:2.15:checkstyle (default) @ converter-simplexml ---
[INFO] Starting audit...
Audit done.
[WARNING] Unable to locate Source XRef to link to - DISABLED
[INFO] 
[INFO] --- maven-install-plugin:2.4:install (default-install) @ converter-simplexml ---
[INFO] Installing /home/travis/build/passed/square/retrofit/retrofit-converters/simplexml/target/converter-simplexml-2.0.0-SNAPSHOT.jar to /home/travis/.m2/repository/com/squareup/retrofit2/converter-simplexml/2.0.0-SNAPSHOT/converter-simplexml-2.0.0-SNAPSHOT.jar
[INFO] Installing /home/travis/build/passed/square/retrofit/retrofit-converters/simplexml/pom.xml to /home/travis/.m2/repository/com/squareup/retrofit2/converter-simplexml/2.0.0-SNAPSHOT/converter-simplexml-2.0.0-SNAPSHOT.pom
[INFO]                                                                         
[INFO] ------------------------------------------------------------------------
[INFO] Building Converter: Java Scalars 2.0.0-SNAPSHOT
[INFO] ------------------------------------------------------------------------
[INFO] 
[INFO] --- maven-enforcer-plugin:1.0:enforce (enforce-maven) @ converter-scalars ---
[INFO] 
[INFO] --- maven-resources-plugin:2.6:resources (default-resources) @ converter-scalars ---
[INFO] Using 'UTF-8' encoding to copy filtered resources.
[INFO] skip non existing resourceDirectory /home/travis/build/passed/square/retrofit/retrofit-converters/scalars/src/main/resources
[INFO] 
[INFO] --- maven-compiler-plugin:3.0:compile (default-compile) @ converter-scalars ---
[INFO] Changes detected - recompiling the module!
[INFO] Compiling 3 source files to /home/travis/build/passed/square/retrofit/retrofit-converters/scalars/target/classes
[INFO] 
[INFO] --- maven-resources-plugin:2.6:testResources (default-testResources) @ converter-scalars ---
[INFO] Using 'UTF-8' encoding to copy filtered resources.
[INFO] skip non existing resourceDirectory /home/travis/build/passed/square/retrofit/retrofit-converters/scalars/src/test/resources
[INFO] 
[INFO] --- maven-compiler-plugin:3.0:testCompile (default-testCompile) @ converter-scalars ---
[INFO] Changes detected - recompiling the module!
[INFO] Compiling 2 source files to /home/travis/build/passed/square/retrofit/retrofit-converters/scalars/target/test-classes
[INFO] 
[INFO] --- maven-surefire-plugin:2.12.4:test (default-test) @ converter-scalars ---
[INFO] Tests are skipped.
[INFO] 
[INFO] --- animal-sniffer-maven-plugin:1.14:check (default) @ converter-scalars ---
[INFO] Checking unresolved references to org.codehaus.mojo.signature:java16:1.1
[INFO] 
[INFO] --- maven-jar-plugin:2.4:jar (default-jar) @ converter-scalars ---
[INFO] Building jar: /home/travis/build/passed/square/retrofit/retrofit-converters/scalars/target/converter-scalars-2.0.0-SNAPSHOT.jar
[INFO] 
[INFO] --- maven-javadoc-plugin:2.10.3:jar (attach-javadocs) @ converter-scalars ---
[INFO] Skipping javadoc generation
[INFO] 
[INFO] --- maven-checkstyle-plugin:2.15:checkstyle (default) @ converter-scalars ---
[INFO] Starting audit...
Audit done.
[WARNING] Unable to locate Source XRef to link to - DISABLED
[INFO] 
[INFO] --- maven-install-plugin:2.4:install (default-install) @ converter-scalars ---
[INFO] Installing /home/travis/build/passed/square/retrofit/retrofit-converters/scalars/target/converter-scalars-2.0.0-SNAPSHOT.jar to /home/travis/.m2/repository/com/squareup/retrofit2/converter-scalars/2.0.0-SNAPSHOT/converter-scalars-2.0.0-SNAPSHOT.jar
[INFO] Installing /home/travis/build/passed/square/retrofit/retrofit-converters/scalars/pom.xml to /home/travis/.m2/repository/com/squareup/retrofit2/converter-scalars/2.0.0-SNAPSHOT/converter-scalars-2.0.0-SNAPSHOT.pom
[INFO]                                                                         
[INFO] ------------------------------------------------------------------------
[INFO] Building Converter: Moshi 2.0.0-SNAPSHOT
[INFO] ------------------------------------------------------------------------
[INFO] 
[INFO] --- maven-enforcer-plugin:1.0:enforce (enforce-maven) @ converter-moshi ---
[INFO] 
[INFO] --- maven-resources-plugin:2.6:resources (default-resources) @ converter-moshi ---
[INFO] Using 'UTF-8' encoding to copy filtered resources.
[INFO] skip non existing resourceDirectory /home/travis/build/passed/square/retrofit/retrofit-converters/moshi/src/main/resources
[INFO] 
[INFO] --- maven-compiler-plugin:3.0:compile (default-compile) @ converter-moshi ---
[INFO] Changes detected - recompiling the module!
[INFO] Compiling 3 source files to /home/travis/build/passed/square/retrofit/retrofit-converters/moshi/target/classes
[INFO] 
[INFO] --- maven-resources-plugin:2.6:testResources (default-testResources) @ converter-moshi ---
[INFO] Using 'UTF-8' encoding to copy filtered resources.
[INFO] skip non existing resourceDirectory /home/travis/build/passed/square/retrofit/retrofit-converters/moshi/src/test/resources
[INFO] 
[INFO] --- maven-compiler-plugin:3.0:testCompile (default-testCompile) @ converter-moshi ---
[INFO] Changes detected - recompiling the module!
[INFO] Compiling 1 source file to /home/travis/build/passed/square/retrofit/retrofit-converters/moshi/target/test-classes
[INFO] 
[INFO] --- maven-surefire-plugin:2.12.4:test (default-test) @ converter-moshi ---
[INFO] Tests are skipped.
[INFO] 
[INFO] --- animal-sniffer-maven-plugin:1.14:check (default) @ converter-moshi ---
[INFO] Checking unresolved references to org.codehaus.mojo.signature:java16:1.1
[INFO] 
[INFO] --- maven-jar-plugin:2.4:jar (default-jar) @ converter-moshi ---
[INFO] Building jar: /home/travis/build/passed/square/retrofit/retrofit-converters/moshi/target/converter-moshi-2.0.0-SNAPSHOT.jar
[INFO] 
[INFO] --- maven-javadoc-plugin:2.10.3:jar (attach-javadocs) @ converter-moshi ---
[INFO] Skipping javadoc generation
[INFO] 
[INFO] --- maven-checkstyle-plugin:2.15:checkstyle (default) @ converter-moshi ---
[INFO] Starting audit...
Audit done.
[WARNING] Unable to locate Source XRef to link to - DISABLED
[INFO] 
[INFO] --- maven-install-plugin:2.4:install (default-install) @ converter-moshi ---
[INFO] Installing /home/travis/build/passed/square/retrofit/retrofit-converters/moshi/target/converter-moshi-2.0.0-SNAPSHOT.jar to /home/travis/.m2/repository/com/squareup/retrofit2/converter-moshi/2.0.0-SNAPSHOT/converter-moshi-2.0.0-SNAPSHOT.jar
[INFO] Installing /home/travis/build/passed/square/retrofit/retrofit-converters/moshi/pom.xml to /home/travis/.m2/repository/com/squareup/retrofit2/converter-moshi/2.0.0-SNAPSHOT/converter-moshi-2.0.0-SNAPSHOT.pom
[INFO]                                                                         
[INFO] ------------------------------------------------------------------------
[INFO] Building Retrofit Mock Adapter 2.0.0-SNAPSHOT
[INFO] ------------------------------------------------------------------------
[INFO] 
[INFO] --- maven-enforcer-plugin:1.0:enforce (enforce-maven) @ retrofit-mock ---
[INFO] 
[INFO] --- maven-resources-plugin:2.6:resources (default-resources) @ retrofit-mock ---
[INFO] Using 'UTF-8' encoding to copy filtered resources.
[INFO] skip non existing resourceDirectory /home/travis/build/passed/square/retrofit/retrofit-mock/src/main/resources
[INFO] 
[INFO] --- maven-compiler-plugin:3.0:compile (default-compile) @ retrofit-mock ---
[INFO] Changes detected - recompiling the module!
[INFO] Compiling 5 source files to /home/travis/build/passed/square/retrofit/retrofit-mock/target/classes
[INFO] 
[INFO] --- maven-resources-plugin:2.6:testResources (default-testResources) @ retrofit-mock ---
[INFO] Using 'UTF-8' encoding to copy filtered resources.
[INFO] skip non existing resourceDirectory /home/travis/build/passed/square/retrofit/retrofit-mock/src/test/resources
[INFO] 
[INFO] --- maven-compiler-plugin:3.0:testCompile (default-testCompile) @ retrofit-mock ---
[INFO] Changes detected - recompiling the module!
[INFO] Compiling 3 source files to /home/travis/build/passed/square/retrofit/retrofit-mock/target/test-classes
[INFO] 
[INFO] --- maven-surefire-plugin:2.12.4:test (default-test) @ retrofit-mock ---
[INFO] Tests are skipped.
[INFO] 
[INFO] --- animal-sniffer-maven-plugin:1.14:check (default) @ retrofit-mock ---
[INFO] Checking unresolved references to org.codehaus.mojo.signature:java16:1.1
[INFO] 
[INFO] --- maven-jar-plugin:2.4:jar (default-jar) @ retrofit-mock ---
[INFO] Building jar: /home/travis/build/passed/square/retrofit/retrofit-mock/target/retrofit-mock-2.0.0-SNAPSHOT.jar
[INFO] 
[INFO] --- maven-javadoc-plugin:2.10.3:jar (attach-javadocs) @ retrofit-mock ---
[INFO] Skipping javadoc generation
[INFO] 
[INFO] --- maven-checkstyle-plugin:2.15:checkstyle (default) @ retrofit-mock ---
[INFO] Starting audit...
Audit done.
[WARNING] Unable to locate Source XRef to link to - DISABLED
[INFO] 
[INFO] --- maven-install-plugin:2.4:install (default-install) @ retrofit-mock ---
[INFO] Installing /home/travis/build/passed/square/retrofit/retrofit-mock/target/retrofit-mock-2.0.0-SNAPSHOT.jar to /home/travis/.m2/repository/com/squareup/retrofit2/retrofit-mock/2.0.0-SNAPSHOT/retrofit-mock-2.0.0-SNAPSHOT.jar
[INFO] Installing /home/travis/build/passed/square/retrofit/retrofit-mock/pom.xml to /home/travis/.m2/repository/com/squareup/retrofit2/retrofit-mock/2.0.0-SNAPSHOT/retrofit-mock-2.0.0-SNAPSHOT.pom
[INFO]                                                                         
[INFO] ------------------------------------------------------------------------
[INFO] Building Samples 2.0.0-SNAPSHOT
[INFO] ------------------------------------------------------------------------
[INFO] 
[INFO] --- maven-enforcer-plugin:1.0:enforce (enforce-maven) @ samples ---
[INFO] 
[INFO] --- maven-resources-plugin:2.6:resources (default-resources) @ samples ---
[INFO] Using 'UTF-8' encoding to copy filtered resources.
[INFO] skip non existing resourceDirectory /home/travis/build/passed/square/retrofit/samples/src/main/resources
[INFO] 
[INFO] --- maven-compiler-plugin:3.0:compile (default-compile) @ samples ---
[INFO] Changes detected - recompiling the module!
[INFO] Compiling 7 source files to /home/travis/build/passed/square/retrofit/samples/target/classes
[INFO] 
[INFO] --- maven-resources-plugin:2.6:testResources (default-testResources) @ samples ---
[INFO] Using 'UTF-8' encoding to copy filtered resources.
[INFO] skip non existing resourceDirectory /home/travis/build/passed/square/retrofit/samples/src/test/resources
[INFO] 
[INFO] --- maven-compiler-plugin:3.0:testCompile (default-testCompile) @ samples ---
[INFO] No sources to compile
[INFO] 
[INFO] --- maven-surefire-plugin:2.12.4:test (default-test) @ samples ---
[INFO] Tests are skipped.
[INFO] 
[INFO] --- animal-sniffer-maven-plugin:1.14:check (default) @ samples ---
[INFO] Checking unresolved references to org.codehaus.mojo.signature:java16:1.1
[INFO] 
[INFO] --- maven-jar-plugin:2.4:jar (default-jar) @ samples ---
[INFO] Building jar: /home/travis/build/passed/square/retrofit/samples/target/samples-2.0.0-SNAPSHOT.jar
[INFO] 
[INFO] --- maven-javadoc-plugin:2.10.3:jar (attach-javadocs) @ samples ---
[INFO] Skipping javadoc generation
[INFO] 
[INFO] --- maven-checkstyle-plugin:2.15:checkstyle (default) @ samples ---
[INFO] Starting audit...
Audit done.
[WARNING] Unable to locate Source XRef to link to - DISABLED
[INFO] 
[INFO] --- maven-install-plugin:2.4:install (default-install) @ samples ---
[INFO] Installing /home/travis/build/passed/square/retrofit/samples/target/samples-2.0.0-SNAPSHOT.jar to /home/travis/.m2/repository/com/squareup/retrofit2/samples/2.0.0-SNAPSHOT/samples-2.0.0-SNAPSHOT.jar
[INFO] Installing /home/travis/build/passed/square/retrofit/samples/pom.xml to /home/travis/.m2/repository/com/squareup/retrofit2/samples/2.0.0-SNAPSHOT/samples-2.0.0-SNAPSHOT.pom
[INFO] ------------------------------------------------------------------------
[INFO] Reactor Summary:
[INFO] 
[INFO] Retrofit (Parent) .................................. SUCCESS [  2.246 s]
[INFO] Retrofit ........................................... SUCCESS [  7.836 s]
[INFO] Adapters ........................................... SUCCESS [  0.748 s]
[INFO] Adapter: Guava ..................................... SUCCESS [  2.448 s]
[INFO] Adapter: Java 8 .................................... SUCCESS [  2.420 s]
[INFO] Adapter: RxJava .................................... SUCCESS [  2.874 s]
[INFO] Converters ......................................... SUCCESS [  0.575 s]
[INFO] Converter: Gson .................................... SUCCESS [  2.536 s]
[INFO] Converter: Protocol Buffers ........................ SUCCESS [  2.192 s]
[INFO] Converter: Jackson ................................. SUCCESS [  2.410 s]
[INFO] Converter: Wire Protocol Buffers ................... SUCCESS [  2.437 s]
[INFO] Converter: SimpleXML ............................... SUCCESS [  2.660 s]
[INFO] Converter: Java Scalars ............................ SUCCESS [  2.239 s]
[INFO] Converter: Moshi ................................... SUCCESS [  2.195 s]
[INFO] Retrofit Mock Adapter .............................. SUCCESS [  3.013 s]
[INFO] Samples ............................................ SUCCESS [  2.820 s]
[INFO] ------------------------------------------------------------------------
[INFO] BUILD SUCCESS
[INFO] ------------------------------------------------------------------------
[INFO] Total time: 43.609 s
[INFO] Finished at: 2022-07-25T06:42:15+00:00
[INFO] Final Memory: 44M/428M
[INFO] ------------------------------------------------------------------------

travis_time:end:1b8cf930:start=1658731290475697392,finish=1658731335542777947,duration=45067080555[0Ktravis_fold:end:install[0Ktravis_time:start:3edbcffa[0K$ mvn -o test -Dhttps.protocols=TLSv1.2 -B
Java HotSpot(TM) 64-Bit Server VM warning: ignoring option MaxPermSize=192m; support was removed in 8.0
[INFO] Scanning for projects...
[WARNING] 
[WARNING] Some problems were encountered while building the effective model for com.squareup.retrofit2:samples:jar:2.0.0-SNAPSHOT
[WARNING] 'build.plugins.plugin.version' for org.apache.maven.plugins:maven-deploy-plugin is missing. @ com.squareup.retrofit2:samples:[unknown-version], /home/travis/build/passed/square/retrofit/samples/pom.xml, line 50, column 15
[WARNING] 
[WARNING] It is highly recommended to fix these problems because they threaten the stability of your build.
[WARNING] 
[WARNING] For this reason, future Maven versions might no longer support building such malformed projects.
[WARNING] 
[INFO] ------------------------------------------------------------------------
[INFO] Reactor Build Order:
[INFO] 
[INFO] Retrofit (Parent)
[INFO] Retrofit
[INFO] Adapters
[INFO] Adapter: Guava
[INFO] Adapter: Java 8
[INFO] Adapter: RxJava
[INFO] Converters
[INFO] Converter: Gson
[INFO] Converter: Protocol Buffers
[INFO] Converter: Jackson
[INFO] Converter: Wire Protocol Buffers
[INFO] Converter: SimpleXML
[INFO] Converter: Java Scalars
[INFO] Converter: Moshi
[INFO] Retrofit Mock Adapter
[INFO] Samples
[INFO]                                                                         
[INFO] ------------------------------------------------------------------------
[INFO] Building Retrofit (Parent) 2.0.0-SNAPSHOT
[INFO] ------------------------------------------------------------------------
[INFO] 
[INFO] --- maven-enforcer-plugin:1.0:enforce (enforce-maven) @ parent ---
[INFO] 
[INFO] --- animal-sniffer-maven-plugin:1.14:check (default) @ parent ---
[INFO] Checking unresolved references to org.codehaus.mojo.signature:java16:1.1
[INFO]                                                                         
[INFO] ------------------------------------------------------------------------
[INFO] Building Retrofit 2.0.0-SNAPSHOT
[INFO] ------------------------------------------------------------------------
[INFO] 
[INFO] --- maven-enforcer-plugin:1.0:enforce (enforce-maven) @ retrofit ---
[INFO] 
[INFO] --- maven-resources-plugin:2.6:resources (default-resources) @ retrofit ---
[INFO] Using 'UTF-8' encoding to copy filtered resources.
[INFO] skip non existing resourceDirectory /home/travis/build/passed/square/retrofit/retrofit/src/main/resources
[INFO] 
[INFO] --- maven-compiler-plugin:3.0:compile (default-compile) @ retrofit ---
[INFO] Changes detected - recompiling the module!
[INFO] Compiling 43 source files to /home/travis/build/passed/square/retrofit/retrofit/target/classes
[WARNING] /home/travis/build/passed/square/retrofit/retrofit/src/main/java/retrofit2/RequestFactory.java: Some input files use unchecked or unsafe operations.
[WARNING] /home/travis/build/passed/square/retrofit/retrofit/src/main/java/retrofit2/RequestFactory.java: Recompile with -Xlint:unchecked for details.
[INFO] 
[INFO] --- maven-resources-plugin:2.6:testResources (default-testResources) @ retrofit ---
[INFO] Using 'UTF-8' encoding to copy filtered resources.
[INFO] skip non existing resourceDirectory /home/travis/build/passed/square/retrofit/retrofit/src/test/resources
[INFO] 
[INFO] --- maven-compiler-plugin:3.0:testCompile (default-testCompile) @ retrofit ---
[INFO] Changes detected - recompiling the module!
[INFO] Compiling 13 source files to /home/travis/build/passed/square/retrofit/retrofit/target/test-classes
[WARNING] /home/travis/build/passed/square/retrofit/retrofit/src/test/java/retrofit2/RetrofitTest.java: /home/travis/build/passed/square/retrofit/retrofit/src/test/java/retrofit2/RetrofitTest.java uses unchecked or unsafe operations.
[WARNING] /home/travis/build/passed/square/retrofit/retrofit/src/test/java/retrofit2/RetrofitTest.java: Recompile with -Xlint:unchecked for details.
[INFO] 
[INFO] --- maven-surefire-plugin:2.12.4:test (default-test) @ retrofit ---
[INFO] Surefire report directory: /home/travis/build/passed/square/retrofit/retrofit/target/surefire-reports

-------------------------------------------------------
 T E S T S
-------------------------------------------------------
Running retrofit2.CallTest
Jul 25, 2022 6:42:20 AM okhttp3.mockwebserver.MockWebServer$3 execute
INFO: MockWebServer[49467] starting to accept connections
Jul 25, 2022 6:42:21 AM okhttp3.mockwebserver.MockWebServer$3 acceptConnections
INFO: MockWebServer[49467] done accepting connections: Socket closed
Jul 25, 2022 6:42:21 AM okhttp3.mockwebserver.MockWebServer$3 execute
INFO: MockWebServer[44671] starting to accept connections
Jul 25, 2022 6:42:21 AM okhttp3.mockwebserver.MockWebServer$4 processOneRequest
INFO: MockWebServer[44671] received request: GET / HTTP/1.1 and responded: HTTP/1.1 200 OK
Jul 25, 2022 6:42:21 AM okhttp3.mockwebserver.MockWebServer$3 acceptConnections
INFO: MockWebServer[44671] done accepting connections: Socket closed
Jul 25, 2022 6:42:21 AM okhttp3.mockwebserver.MockWebServer$3 execute
INFO: MockWebServer[40047] starting to accept connections
Jul 25, 2022 6:42:21 AM okhttp3.mockwebserver.MockWebServer$4 processOneRequest
INFO: MockWebServer[40047] received request: GET / HTTP/1.1 and responded: HTTP/1.1 404 Client Error
Jul 25, 2022 6:42:21 AM okhttp3.mockwebserver.MockWebServer$3 acceptConnections
INFO: MockWebServer[40047] done accepting connections: Socket closed
Jul 25, 2022 6:42:21 AM okhttp3.mockwebserver.MockWebServer$3 execute
INFO: MockWebServer[39459] starting to accept connections
Jul 25, 2022 6:42:21 AM okhttp3.mockwebserver.MockWebServer$4 processOneRequest
INFO: MockWebServer[39459] received request: POST /Hello HTTP/1.1 and responded: HTTP/1.1 200 OK
Jul 25, 2022 6:42:21 AM okhttp3.mockwebserver.MockWebServer$3 acceptConnections
INFO: MockWebServer[39459] done accepting connections: Socket closed
Jul 25, 2022 6:42:21 AM okhttp3.mockwebserver.MockWebServer$3 execute
INFO: MockWebServer[45941] starting to accept connections
Jul 25, 2022 6:42:21 AM okhttp3.mockwebserver.MockWebServer$3 acceptConnections
INFO: MockWebServer[45941] done accepting connections: Socket closed
Jul 25, 2022 6:42:21 AM okhttp3.mockwebserver.MockWebServer$3 execute
INFO: MockWebServer[51007] starting to accept connections
Jul 25, 2022 6:42:21 AM okhttp3.mockwebserver.MockWebServer$3 acceptConnections
INFO: MockWebServer[51007] done accepting connections: Socket closed
Jul 25, 2022 6:42:21 AM okhttp3.mockwebserver.MockWebServer$3 execute
INFO: MockWebServer[34349] starting to accept connections
Jul 25, 2022 6:42:21 AM okhttp3.mockwebserver.MockWebServer$4 processOneRequest
INFO: MockWebServer[34349] received request: GET / HTTP/1.1 and responded: HTTP/1.1 200 OK
Jul 25, 2022 6:42:21 AM okhttp3.mockwebserver.MockWebServer$3 acceptConnections
INFO: MockWebServer[34349] done accepting connections: Socket closed
Jul 25, 2022 6:42:21 AM okhttp3.mockwebserver.MockWebServer$3 execute
INFO: MockWebServer[39475] starting to accept connections
Jul 25, 2022 6:42:21 AM okhttp3.mockwebserver.MockWebServer$4 processOneRequest
INFO: MockWebServer[39475] received request: GET / HTTP/1.1 and responded: HTTP/1.1 200 OK
Jul 25, 2022 6:42:21 AM okhttp3.mockwebserver.MockWebServer$3 acceptConnections
INFO: MockWebServer[39475] done accepting connections: Socket closed
Jul 25, 2022 6:42:21 AM okhttp3.mockwebserver.MockWebServer$3 execute
INFO: MockWebServer[39895] starting to accept connections
Jul 25, 2022 6:42:21 AM okhttp3.mockwebserver.MockWebServer$3 acceptConnections
INFO: MockWebServer[39895] done accepting connections: Socket closed
Jul 25, 2022 6:42:21 AM okhttp3.mockwebserver.MockWebServer$3 execute
INFO: MockWebServer[35609] starting to accept connections
Jul 25, 2022 6:42:21 AM okhttp3.mockwebserver.MockWebServer$4 processOneRequest
INFO: MockWebServer[35609] received request: POST /Hello HTTP/1.1 and responded: HTTP/1.1 200 OK
Jul 25, 2022 6:42:21 AM okhttp3.mockwebserver.MockWebServer$3 acceptConnections
INFO: MockWebServer[35609] done accepting connections: Socket closed
Jul 25, 2022 6:42:21 AM okhttp3.mockwebserver.MockWebServer$3 execute
INFO: MockWebServer[40093] starting to accept connections
Jul 25, 2022 6:42:21 AM okhttp3.mockwebserver.MockWebServer$4 processOneRequest
INFO: MockWebServer[40093] received request: POST /Hello HTTP/1.1 and responded: HTTP/1.1 200 OK
Jul 25, 2022 6:42:21 AM okhttp3.mockwebserver.MockWebServer$3 acceptConnections
INFO: MockWebServer[40093] done accepting connections: Socket closed
Jul 25, 2022 6:42:21 AM okhttp3.mockwebserver.MockWebServer$3 execute
INFO: MockWebServer[50629] starting to accept connections
Jul 25, 2022 6:42:21 AM okhttp3.mockwebserver.MockWebServer$3 acceptConnections
INFO: MockWebServer[50629] done accepting connections: Socket closed
Jul 25, 2022 6:42:21 AM okhttp3.mockwebserver.MockWebServer$3 execute
INFO: MockWebServer[57327] starting to accept connections
Jul 25, 2022 6:42:21 AM okhttp3.mockwebserver.MockWebServer$4 processOneRequest
INFO: MockWebServer[57327] received request: GET / HTTP/1.1 and responded: HTTP/1.1 404 Client Error
Jul 25, 2022 6:42:21 AM okhttp3.mockwebserver.MockWebServer$3 acceptConnections
INFO: MockWebServer[57327] done accepting connections: Socket closed
Jul 25, 2022 6:42:21 AM okhttp3.mockwebserver.MockWebServer$3 execute
INFO: MockWebServer[44979] starting to accept connections
Jul 25, 2022 6:42:21 AM okhttp3.mockwebserver.MockWebServer$4 processOneRequest
INFO: MockWebServer[44979] received request: POST / HTTP/1.1 and responded: HTTP/1.1 200 OK
Jul 25, 2022 6:42:21 AM okhttp3.mockwebserver.MockWebServer$3 acceptConnections
INFO: MockWebServer[44979] done accepting connections: Socket closed
Jul 25, 2022 6:42:21 AM okhttp3.mockwebserver.MockWebServer$3 execute
INFO: MockWebServer[40275] starting to accept connections
Jul 25, 2022 6:42:21 AM okhttp3.mockwebserver.MockWebServer$4 processOneRequest
INFO: MockWebServer[40275] received request: GET / HTTP/1.1 and responded: HTTP/1.1 204 Nothin
Jul 25, 2022 6:42:21 AM okhttp3.mockwebserver.MockWebServer$3 acceptConnections
INFO: MockWebServer[40275] done accepting connections: Socket closed
Jul 25, 2022 6:42:21 AM okhttp3.mockwebserver.MockWebServer$3 execute
INFO: MockWebServer[46231] starting to accept connections
Jul 25, 2022 6:42:21 AM okhttp3.mockwebserver.MockWebServer$3 acceptConnections
INFO: MockWebServer[46231] done accepting connections: Socket closed
Jul 25, 2022 6:42:21 AM okhttp3.mockwebserver.MockWebServer$3 execute
INFO: MockWebServer[58615] starting to accept connections
Jul 25, 2022 6:42:21 AM okhttp3.mockwebserver.MockWebServer$4 processOneRequest
INFO: MockWebServer[58615] received request: GET / HTTP/1.1 and responded: HTTP/1.1 200 OK
Jul 25, 2022 6:42:21 AM okhttp3.mockwebserver.MockWebServer$3 acceptConnections
INFO: MockWebServer[58615] done accepting connections: Socket closed
Jul 25, 2022 6:42:21 AM okhttp3.mockwebserver.MockWebServer$3 execute
INFO: MockWebServer[60297] starting to accept connections
Jul 25, 2022 6:42:21 AM okhttp3.mockwebserver.MockWebServer$4 processOneRequest
INFO: MockWebServer[60297] received request: POST /Hello HTTP/1.1 and responded: HTTP/1.1 200 OK
Jul 25, 2022 6:42:21 AM okhttp3.mockwebserver.MockWebServer$3 acceptConnections
INFO: MockWebServer[60297] done accepting connections: Socket closed
Jul 25, 2022 6:42:21 AM okhttp3.mockwebserver.MockWebServer$3 execute
INFO: MockWebServer[33035] starting to accept connections
Jul 25, 2022 6:42:21 AM okhttp3.mockwebserver.MockWebServer$4 processOneRequest
INFO: MockWebServer[33035] received request: GET / HTTP/1.1 and responded: HTTP/1.1 200 OK
Jul 25, 2022 6:42:21 AM okhttp3.mockwebserver.MockWebServer$3 acceptConnections
INFO: MockWebServer[33035] done accepting connections: Socket closed
Jul 25, 2022 6:42:21 AM okhttp3.mockwebserver.MockWebServer$3 execute
INFO: MockWebServer[53705] starting to accept connections
Jul 25, 2022 6:42:21 AM okhttp3.mockwebserver.MockWebServer$4 processOneRequest
INFO: MockWebServer[53705] received request: POST / HTTP/1.1 and responded: HTTP/1.1 200 OK
Jul 25, 2022 6:42:21 AM okhttp3.mockwebserver.MockWebServer$3 acceptConnections
INFO: MockWebServer[53705] done accepting connections: Socket closed
Jul 25, 2022 6:42:21 AM okhttp3.mockwebserver.MockWebServer$3 execute
INFO: MockWebServer[54125] starting to accept connections
Jul 25, 2022 6:42:21 AM okhttp3.mockwebserver.MockWebServer$3 acceptConnections
INFO: MockWebServer[54125] done accepting connections: Socket closed
Jul 25, 2022 6:42:21 AM okhttp3.mockwebserver.MockWebServer$3 execute
INFO: MockWebServer[47985] starting to accept connections
Jul 25, 2022 6:42:21 AM okhttp3.mockwebserver.MockWebServer$3 acceptConnections
INFO: MockWebServer[47985] done accepting connections: Socket closed
Jul 25, 2022 6:42:21 AM okhttp3.mockwebserver.MockWebServer$3 execute
INFO: MockWebServer[52033] starting to accept connections
Jul 25, 2022 6:42:21 AM okhttp3.mockwebserver.MockWebServer$3 acceptConnections
INFO: MockWebServer[52033] done accepting connections: Socket closed
Jul 25, 2022 6:42:21 AM okhttp3.mockwebserver.MockWebServer$3 execute
INFO: MockWebServer[43111] starting to accept connections
Jul 25, 2022 6:42:21 AM okhttp3.mockwebserver.MockWebServer$4 processOneRequest
INFO: MockWebServer[43111] received request: GET / HTTP/1.1 and responded: HTTP/1.1 200 OK
Jul 25, 2022 6:42:21 AM okhttp3.mockwebserver.MockWebServer$3 acceptConnections
INFO: MockWebServer[43111] done accepting connections: Socket closed
Jul 25, 2022 6:42:21 AM okhttp3.mockwebserver.MockWebServer$3 execute
INFO: MockWebServer[41057] starting to accept connections
Jul 25, 2022 6:42:21 AM okhttp3.mockwebserver.MockWebServer$4 processOneRequest
INFO: MockWebServer[41057] received request: GET / HTTP/1.1 and responded: HTTP/1.1 200 OK
Jul 25, 2022 6:42:21 AM okhttp3.mockwebserver.MockWebServer$3 acceptConnections
INFO: MockWebServer[41057] done accepting connections: Socket closed
Jul 25, 2022 6:42:21 AM okhttp3.mockwebserver.MockWebServer$3 execute
INFO: MockWebServer[51653] starting to accept connections
Jul 25, 2022 6:42:21 AM okhttp3.mockwebserver.MockWebServer$4 processOneRequest
INFO: MockWebServer[51653] received request: GET / HTTP/1.1 and responded: HTTP/1.1 205 Nothin
Jul 25, 2022 6:42:21 AM okhttp3.mockwebserver.MockWebServer$3 acceptConnections
INFO: MockWebServer[51653] done accepting connections: Socket closed
Jul 25, 2022 6:42:21 AM okhttp3.mockwebserver.MockWebServer$3 execute
INFO: MockWebServer[38875] starting to accept connections
Jul 25, 2022 6:42:21 AM okhttp3.mockwebserver.MockWebServer$4 processOneRequest
INFO: MockWebServer[38875] received request: GET / HTTP/1.1 and responded: HTTP/1.1 200 OK
Jul 25, 2022 6:42:21 AM okhttp3.mockwebserver.MockWebServer$4 processOneRequest
INFO: MockWebServer[38875] received request: GET / HTTP/1.1 and responded: HTTP/1.1 200 OK
Jul 25, 2022 6:42:21 AM okhttp3.mockwebserver.MockWebServer$3 acceptConnections
INFO: MockWebServer[38875] done accepting connections: Socket closed
Jul 25, 2022 6:42:21 AM okhttp3.mockwebserver.MockWebServer$3 execute
INFO: MockWebServer[53955] starting to accept connections
Jul 25, 2022 6:42:21 AM okhttp3.mockwebserver.MockWebServer$4 processOneRequest
INFO: MockWebServer[53955] received request: GET / HTTP/1.1 and responded: HTTP/1.1 200 OK
Jul 25, 2022 6:42:21 AM okhttp3.mockwebserver.MockWebServer$3 acceptConnections
INFO: MockWebServer[53955] done accepting connections: Socket closed
Jul 25, 2022 6:42:21 AM okhttp3.mockwebserver.MockWebServer$3 execute
INFO: MockWebServer[42525] starting to accept connections
Jul 25, 2022 6:42:21 AM okhttp3.mockwebserver.MockWebServer$3 acceptConnections
INFO: MockWebServer[42525] done accepting connections: Socket closed
Jul 25, 2022 6:42:21 AM okhttp3.mockwebserver.MockWebServer$3 execute
INFO: MockWebServer[54011] starting to accept connections
Jul 25, 2022 6:42:21 AM okhttp3.mockwebserver.MockWebServer$3 acceptConnections
INFO: MockWebServer[54011] done accepting connections: Socket closed
Jul 25, 2022 6:42:21 AM okhttp3.mockwebserver.MockWebServer$3 execute
INFO: MockWebServer[60101] starting to accept connections
Jul 25, 2022 6:42:21 AM okhttp3.mockwebserver.MockWebServer$3 acceptConnections
INFO: MockWebServer[60101] done accepting connections: Socket closed
Jul 25, 2022 6:42:21 AM okhttp3.mockwebserver.MockWebServer$3 execute
INFO: MockWebServer[32931] starting to accept connections
Jul 25, 2022 6:42:21 AM okhttp3.mockwebserver.MockWebServer$4 processOneRequest
INFO: MockWebServer[32931] received request: GET / HTTP/1.1 and responded: HTTP/1.1 200 OK
Jul 25, 2022 6:42:21 AM okhttp3.mockwebserver.MockWebServer$3 acceptConnections
INFO: MockWebServer[32931] done accepting connections: Socket closed
Jul 25, 2022 6:42:21 AM okhttp3.mockwebserver.MockWebServer$3 execute
INFO: MockWebServer[59001] starting to accept connections
Jul 25, 2022 6:42:21 AM okhttp3.mockwebserver.MockWebServer$4 processOneRequest
INFO: MockWebServer[59001] received request: GET / HTTP/1.1 and responded: HTTP/1.1 200 OK
Jul 25, 2022 6:42:21 AM okhttp3.mockwebserver.MockWebServer$3 acceptConnections
INFO: MockWebServer[59001] done accepting connections: Socket closed
Jul 25, 2022 6:42:21 AM okhttp3.mockwebserver.MockWebServer$3 execute
INFO: MockWebServer[48923] starting to accept connections
Jul 25, 2022 6:42:21 AM okhttp3.mockwebserver.MockWebServer$4 processOneRequest
INFO: MockWebServer[48923] received request: GET / HTTP/1.1 and responded: HTTP/1.1 200 OK
Jul 25, 2022 6:42:21 AM okhttp3.mockwebserver.MockWebServer$3 acceptConnections
INFO: MockWebServer[48923] done accepting connections: Socket closed
Tests run: 34, Failures: 0, Errors: 0, Skipped: 0, Time elapsed: 0.93 sec
Running retrofit2.ExecutorCallAdapterFactoryTest
Tests run: 7, Failures: 0, Errors: 0, Skipped: 0, Time elapsed: 0.001 sec
Running retrofit2.RequestBuilderAndroidTest
WARNING: No manifest file found at ./AndroidManifest.xml.Falling back to the Android OS resources only.
To remove this warning, annotate your test class with @Config(manifest=Config.NONE).
Downloading: org/robolectric/android-all/4.1.2_r1-robolectric-0/android-all-4.1.2_r1-robolectric-0.pom from repository sonatype at https://oss.sonatype.org/content/groups/public/
Transferring 1K from sonatype
Downloading: org/sonatype/oss/oss-parent/7/oss-parent-7.pom from repository sonatype at https://oss.sonatype.org/content/groups/public/
Transferring 5K from sonatype
Downloading: org/robolectric/shadows-core/3.0/shadows-core-3.0.pom from repository sonatype at https://oss.sonatype.org/content/groups/public/
Transferring 14K from sonatype
Downloading: org/robolectric/robolectric-shadows/3.0/robolectric-shadows-3.0.pom from repository sonatype at https://oss.sonatype.org/content/groups/public/
Transferring 1K from sonatype
Downloading: org/robolectric/robolectric-parent/3.0/robolectric-parent-3.0.pom from repository sonatype at https://oss.sonatype.org/content/groups/public/
Transferring 12K from sonatype
Downloading: org/robolectric/robolectric-annotations/3.0/robolectric-annotations-3.0.pom from repository sonatype at https://oss.sonatype.org/content/groups/public/
Transferring 1K from sonatype
Downloading: org/robolectric/robolectric-utils/3.0/robolectric-utils-3.0.pom from repository sonatype at https://oss.sonatype.org/content/groups/public/
Transferring 2K from sonatype
Downloading: com/google/android/apps/common/testing/accessibility/framework/accessibility-test-framework/1.0/accessibility-test-framework-1.0.pom from repository sonatype at https://oss.sonatype.org/content/groups/public/
Transferring 3K from sonatype
Downloading: org/robolectric/robolectric-resources/3.0/robolectric-resources-3.0.pom from repository sonatype at https://oss.sonatype.org/content/groups/public/
Transferring 2K from sonatype
Downloading: com/ximpleware/vtd-xml/2.11/vtd-xml-2.11.pom from repository sonatype at https://oss.sonatype.org/content/groups/public/
Transferring 1K from sonatype
Downloading: com/ibm/icu/icu4j/53.1/icu4j-53.1.pom from repository sonatype at https://oss.sonatype.org/content/groups/public/
Transferring 5K from sonatype
Downloading: com/almworks/sqlite4java/sqlite4java/0.282/sqlite4java-0.282.pom from repository sonatype at https://oss.sonatype.org/content/groups/public/
Transferring 3K from sonatype
Downloading: org/sonatype/oss/oss-parent/4/oss-parent-4.pom from repository sonatype at https://oss.sonatype.org/content/groups/public/
Transferring 4K from sonatype
Downloading: org/json/json/20080701/json-20080701.pom from repository sonatype at https://oss.sonatype.org/content/groups/public/
Transferring 2K from sonatype
Downloading: org/ccil/cowan/tagsoup/tagsoup/1.2/tagsoup-1.2.pom from repository sonatype at https://oss.sonatype.org/content/groups/public/
Transferring 1K from sonatype
Downloading: com/ibm/icu/icu4j/53.1/icu4j-53.1.jar from repository sonatype at https://oss.sonatype.org/content/groups/public/
Downloading: org/ccil/cowan/tagsoup/tagsoup/1.2/tagsoup-1.2.jar from repository sonatype at https://oss.sonatype.org/content/groups/public/
Downloading: com/almworks/sqlite4java/sqlite4java/0.282/sqlite4java-0.282.jar from repository sonatype at https://oss.sonatype.org/content/groups/public/
Downloading: org/json/json/20080701/json-20080701.jar from repository sonatype at https://oss.sonatype.org/content/groups/public/
Downloading: com/google/android/apps/common/testing/accessibility/framework/accessibility-test-framework/1.0/accessibility-test-framework-1.0.jar from repository sonatype at https://oss.sonatype.org/content/groups/public/
Transferring 9482K from sonatype
Transferring 37K from sonatype
Transferring 126K from sonatype
Transferring 56K from sonatype
Transferring 88K from sonatype
Downloading: org/robolectric/android-all/4.1.2_r1-robolectric-0/android-all-4.1.2_r1-robolectric-0.jar from repository sonatype at https://oss.sonatype.org/content/groups/public/
Downloading: com/ximpleware/vtd-xml/2.11/vtd-xml-2.11.jar from repository sonatype at https://oss.sonatype.org/content/groups/public/
Transferring 623K from sonatype
Transferring 30702K from sonatype
Downloading: org/robolectric/shadows-core/3.0/shadows-core-3.0-16.jar from repository sonatype at https://oss.sonatype.org/content/groups/public/
Transferring 2587K from sonatype
Downloading: org/robolectric/robolectric-annotations/3.0/robolectric-annotations-3.0.jar from repository sonatype at https://oss.sonatype.org/content/groups/public/
Transferring 10K from sonatype
Downloading: org/robolectric/robolectric-utils/3.0/robolectric-utils-3.0.jar from repository sonatype at https://oss.sonatype.org/content/groups/public/
Transferring 40K from sonatype
Downloading: org/robolectric/robolectric-resources/3.0/robolectric-resources-3.0.jar from repository sonatype at https://oss.sonatype.org/content/groups/public/
Transferring 146K from sonatype
WARNING: No manifest file found at ./AndroidManifest.xml.Falling back to the Android OS resources only.
To remove this warning, annotate your test class with @Config(manifest=Config.NONE).
Tests run: 2, Failures: 0, Errors: 0, Skipped: 0, Time elapsed: 26.536 sec
Running retrofit2.RequestBuilderTest
Tests run: 117, Failures: 0, Errors: 0, Skipped: 2, Time elapsed: 0.136 sec
Running retrofit2.RequestFactoryParserTest
Tests run: 1, Failures: 0, Errors: 0, Skipped: 0, Time elapsed: 0 sec
Running retrofit2.ResponseTest
Tests run: 14, Failures: 0, Errors: 0, Skipped: 0, Time elapsed: 0.001 sec
Running retrofit2.RetrofitTest
Jul 25, 2022 6:42:48 AM okhttp3.mockwebserver.MockWebServer$3 execute
INFO: MockWebServer[33211] starting to accept connections
Jul 25, 2022 6:42:48 AM okhttp3.mockwebserver.MockWebServer$3 acceptConnections
INFO: MockWebServer[33211] done accepting connections: Socket closed
Jul 25, 2022 6:42:48 AM okhttp3.mockwebserver.MockWebServer$3 execute
INFO: MockWebServer[60571] starting to accept connections
Jul 25, 2022 6:42:48 AM okhttp3.mockwebserver.MockWebServer$3 acceptConnections
INFO: MockWebServer[60571] done accepting connections: Socket closed
Jul 25, 2022 6:42:48 AM okhttp3.mockwebserver.MockWebServer$3 execute
INFO: MockWebServer[45047] starting to accept connections
Jul 25, 2022 6:42:48 AM okhttp3.mockwebserver.MockWebServer$3 acceptConnections
INFO: MockWebServer[45047] done accepting connections: Socket closed
Jul 25, 2022 6:42:48 AM okhttp3.mockwebserver.MockWebServer$3 execute
INFO: MockWebServer[37447] starting to accept connections
Jul 25, 2022 6:42:48 AM okhttp3.mockwebserver.MockWebServer$3 acceptConnections
INFO: MockWebServer[37447] done accepting connections: Socket closed
Jul 25, 2022 6:42:48 AM okhttp3.mockwebserver.MockWebServer$3 execute
INFO: MockWebServer[57111] starting to accept connections
Jul 25, 2022 6:42:48 AM okhttp3.mockwebserver.MockWebServer$3 acceptConnections
INFO: MockWebServer[57111] done accepting connections: Socket is closed
Jul 25, 2022 6:42:48 AM okhttp3.mockwebserver.MockWebServer$3 execute
INFO: MockWebServer[59429] starting to accept connections
Jul 25, 2022 6:42:48 AM okhttp3.mockwebserver.MockWebServer$4 processOneRequest
INFO: MockWebServer[59429] received request: GET / HTTP/1.1 and responded: HTTP/1.1 200 OK
Jul 25, 2022 6:42:48 AM okhttp3.mockwebserver.MockWebServer$3 acceptConnections
INFO: MockWebServer[59429] done accepting connections: Socket closed
Jul 25, 2022 6:42:48 AM okhttp3.mockwebserver.MockWebServer$3 execute
INFO: MockWebServer[42543] starting to accept connections
Jul 25, 2022 6:42:48 AM okhttp3.mockwebserver.MockWebServer$3 acceptConnections
INFO: MockWebServer[42543] done accepting connections: Socket closed
Jul 25, 2022 6:42:48 AM okhttp3.mockwebserver.MockWebServer$3 execute
INFO: MockWebServer[33225] starting to accept connections
Jul 25, 2022 6:42:48 AM okhttp3.mockwebserver.MockWebServer$3 acceptConnections
INFO: MockWebServer[33225] done accepting connections: Socket is closed
Jul 25, 2022 6:42:48 AM okhttp3.mockwebserver.MockWebServer$3 execute
INFO: MockWebServer[45559] starting to accept connections
Jul 25, 2022 6:42:48 AM okhttp3.mockwebserver.MockWebServer$3 acceptConnections
INFO: MockWebServer[45559] done accepting connections: Socket closed
Jul 25, 2022 6:42:48 AM okhttp3.mockwebserver.MockWebServer$3 execute
INFO: MockWebServer[34873] starting to accept connections
Jul 25, 2022 6:42:48 AM okhttp3.mockwebserver.MockWebServer$3 acceptConnections
INFO: MockWebServer[34873] done accepting connections: Socket closed
Jul 25, 2022 6:42:48 AM okhttp3.mockwebserver.MockWebServer$3 execute
INFO: MockWebServer[38663] starting to accept connections
Jul 25, 2022 6:42:48 AM okhttp3.mockwebserver.MockWebServer$3 acceptConnections
INFO: MockWebServer[38663] done accepting connections: Socket closed
Jul 25, 2022 6:42:48 AM okhttp3.mockwebserver.MockWebServer$3 execute
INFO: MockWebServer[50671] starting to accept connections
Jul 25, 2022 6:42:48 AM okhttp3.mockwebserver.MockWebServer$3 acceptConnections
INFO: MockWebServer[50671] done accepting connections: Socket closed
Jul 25, 2022 6:42:48 AM okhttp3.mockwebserver.MockWebServer$3 execute
INFO: MockWebServer[59415] starting to accept connections
Jul 25, 2022 6:42:48 AM okhttp3.mockwebserver.MockWebServer$3 acceptConnections
INFO: MockWebServer[59415] done accepting connections: Socket closed
Jul 25, 2022 6:42:48 AM okhttp3.mockwebserver.MockWebServer$3 execute
INFO: MockWebServer[55701] starting to accept connections
Jul 25, 2022 6:42:48 AM okhttp3.mockwebserver.MockWebServer$3 acceptConnections
INFO: MockWebServer[55701] done accepting connections: Socket closed
Jul 25, 2022 6:42:48 AM okhttp3.mockwebserver.MockWebServer$3 execute
INFO: MockWebServer[55761] starting to accept connections
Jul 25, 2022 6:42:48 AM okhttp3.mockwebserver.MockWebServer$3 acceptConnections
INFO: MockWebServer[55761] done accepting connections: Socket closed
Jul 25, 2022 6:42:48 AM okhttp3.mockwebserver.MockWebServer$3 execute
INFO: MockWebServer[53659] starting to accept connections
Jul 25, 2022 6:42:49 AM okhttp3.mockwebserver.MockWebServer$4 processOneRequest
INFO: MockWebServer[53659] received request: GET / HTTP/1.1 and responded: HTTP/1.1 200 OK
Jul 25, 2022 6:42:49 AM okhttp3.mockwebserver.MockWebServer$3 acceptConnections
INFO: MockWebServer[53659] done accepting connections: Socket closed
Jul 25, 2022 6:42:49 AM okhttp3.mockwebserver.MockWebServer$3 execute
INFO: MockWebServer[46219] starting to accept connections
Jul 25, 2022 6:42:49 AM okhttp3.mockwebserver.MockWebServer$3 acceptConnections
INFO: MockWebServer[46219] done accepting connections: Socket is closed
Jul 25, 2022 6:42:49 AM okhttp3.mockwebserver.MockWebServer$3 execute
INFO: MockWebServer[50469] starting to accept connections
Jul 25, 2022 6:42:49 AM okhttp3.mockwebserver.MockWebServer$3 acceptConnections
INFO: MockWebServer[50469] done accepting connections: Socket closed
Jul 25, 2022 6:42:49 AM okhttp3.mockwebserver.MockWebServer$3 execute
INFO: MockWebServer[54315] starting to accept connections
Jul 25, 2022 6:42:49 AM okhttp3.mockwebserver.MockWebServer$4 processOneRequest
INFO: MockWebServer[54315] received request: GET / HTTP/1.1 and responded: HTTP/1.1 200 OK
Jul 25, 2022 6:42:49 AM okhttp3.mockwebserver.MockWebServer$3 acceptConnections
INFO: MockWebServer[54315] done accepting connections: Socket closed
Jul 25, 2022 6:42:49 AM okhttp3.mockwebserver.MockWebServer$3 execute
INFO: MockWebServer[45673] starting to accept connections
Jul 25, 2022 6:42:49 AM okhttp3.mockwebserver.MockWebServer$3 acceptConnections
INFO: MockWebServer[45673] done accepting connections: Socket closed
Jul 25, 2022 6:42:49 AM okhttp3.mockwebserver.MockWebServer$3 execute
INFO: MockWebServer[49699] starting to accept connections
Jul 25, 2022 6:42:49 AM okhttp3.mockwebserver.MockWebServer$4 processOneRequest
INFO: MockWebServer[49699] received request: POST / HTTP/1.1 and responded: HTTP/1.1 200 OK
Jul 25, 2022 6:42:49 AM okhttp3.mockwebserver.MockWebServer$3 acceptConnections
INFO: MockWebServer[49699] done accepting connections: Socket closed
Jul 25, 2022 6:42:49 AM okhttp3.mockwebserver.MockWebServer$3 execute
INFO: MockWebServer[45069] starting to accept connections
Jul 25, 2022 6:42:49 AM okhttp3.mockwebserver.MockWebServer$3 acceptConnections
INFO: MockWebServer[45069] done accepting connections: Socket closed
Jul 25, 2022 6:42:49 AM okhttp3.mockwebserver.MockWebServer$3 execute
INFO: MockWebServer[38053] starting to accept connections
Jul 25, 2022 6:42:49 AM okhttp3.mockwebserver.MockWebServer$3 acceptConnections
INFO: MockWebServer[38053] done accepting connections: Socket closed
Jul 25, 2022 6:42:49 AM okhttp3.mockwebserver.MockWebServer$3 execute
INFO: MockWebServer[46495] starting to accept connections
Jul 25, 2022 6:42:49 AM okhttp3.mockwebserver.MockWebServer$3 acceptConnections
INFO: MockWebServer[46495] done accepting connections: Socket closed
Jul 25, 2022 6:42:49 AM okhttp3.mockwebserver.MockWebServer$3 execute
INFO: MockWebServer[58845] starting to accept connections
Jul 25, 2022 6:42:49 AM okhttp3.mockwebserver.MockWebServer$3 acceptConnections
INFO: MockWebServer[58845] done accepting connections: Socket is closed
Jul 25, 2022 6:42:49 AM okhttp3.mockwebserver.MockWebServer$3 execute
INFO: MockWebServer[60563] starting to accept connections
Jul 25, 2022 6:42:49 AM okhttp3.mockwebserver.MockWebServer$3 acceptConnections
INFO: MockWebServer[60563] done accepting connections: Socket closed
Jul 25, 2022 6:42:49 AM okhttp3.mockwebserver.MockWebServer$3 execute
INFO: MockWebServer[50097] starting to accept connections
Jul 25, 2022 6:42:49 AM okhttp3.mockwebserver.MockWebServer$3 acceptConnections
INFO: MockWebServer[50097] done accepting connections: Socket is closed
Jul 25, 2022 6:42:49 AM okhttp3.mockwebserver.MockWebServer$3 execute
INFO: MockWebServer[40073] starting to accept connections
Jul 25, 2022 6:42:49 AM okhttp3.mockwebserver.MockWebServer$3 acceptConnections
INFO: MockWebServer[40073] done accepting connections: Socket closed
Jul 25, 2022 6:42:49 AM okhttp3.mockwebserver.MockWebServer$3 execute
INFO: MockWebServer[60715] starting to accept connections
Jul 25, 2022 6:42:49 AM okhttp3.mockwebserver.MockWebServer$4 processOneRequest
INFO: MockWebServer[60715] received request: GET / HTTP/1.1 and responded: HTTP/1.1 200 OK
Jul 25, 2022 6:42:49 AM okhttp3.mockwebserver.MockWebServer$3 acceptConnections
INFO: MockWebServer[60715] done accepting connections: Socket closed
Jul 25, 2022 6:42:49 AM okhttp3.mockwebserver.MockWebServer$3 execute
INFO: MockWebServer[43723] starting to accept connections
Jul 25, 2022 6:42:49 AM okhttp3.mockwebserver.MockWebServer$3 acceptConnections
INFO: MockWebServer[43723] done accepting connections: Socket closed
Jul 25, 2022 6:42:49 AM okhttp3.mockwebserver.MockWebServer$3 execute
INFO: MockWebServer[39209] starting to accept connections
Jul 25, 2022 6:42:49 AM okhttp3.mockwebserver.MockWebServer$3 acceptConnections
INFO: MockWebServer[39209] done accepting connections: Socket closed
Jul 25, 2022 6:42:49 AM okhttp3.mockwebserver.MockWebServer$3 execute
INFO: MockWebServer[42949] starting to accept connections
Jul 25, 2022 6:42:49 AM okhttp3.mockwebserver.MockWebServer$3 acceptConnections
INFO: MockWebServer[42949] done accepting connections: Socket closed
Jul 25, 2022 6:42:49 AM okhttp3.mockwebserver.MockWebServer$3 execute
INFO: MockWebServer[47161] starting to accept connections
Jul 25, 2022 6:42:49 AM okhttp3.mockwebserver.MockWebServer$3 acceptConnections
INFO: MockWebServer[47161] done accepting connections: Socket closed
Jul 25, 2022 6:42:49 AM okhttp3.mockwebserver.MockWebServer$3 execute
INFO: MockWebServer[60795] starting to accept connections
Jul 25, 2022 6:42:49 AM okhttp3.mockwebserver.MockWebServer$3 acceptConnections
INFO: MockWebServer[60795] done accepting connections: Socket closed
Jul 25, 2022 6:42:49 AM okhttp3.mockwebserver.MockWebServer$3 execute
INFO: MockWebServer[56405] starting to accept connections
Jul 25, 2022 6:42:49 AM okhttp3.mockwebserver.MockWebServer$3 acceptConnections
INFO: MockWebServer[56405] done accepting connections: Socket closed
Jul 25, 2022 6:42:49 AM okhttp3.mockwebserver.MockWebServer$3 execute
INFO: MockWebServer[60725] starting to accept connections
Jul 25, 2022 6:42:49 AM okhttp3.mockwebserver.MockWebServer$3 acceptConnections
INFO: MockWebServer[60725] done accepting connections: Socket closed
Jul 25, 2022 6:42:49 AM okhttp3.mockwebserver.MockWebServer$3 execute
INFO: MockWebServer[34065] starting to accept connections
Jul 25, 2022 6:42:49 AM okhttp3.mockwebserver.MockWebServer$3 acceptConnections
INFO: MockWebServer[34065] done accepting connections: Socket closed
Jul 25, 2022 6:42:49 AM okhttp3.mockwebserver.MockWebServer$3 execute
INFO: MockWebServer[54521] starting to accept connections
Jul 25, 2022 6:42:49 AM okhttp3.mockwebserver.MockWebServer$3 acceptConnections
INFO: MockWebServer[54521] done accepting connections: Socket closed
Jul 25, 2022 6:42:49 AM okhttp3.mockwebserver.MockWebServer$3 execute
INFO: MockWebServer[53279] starting to accept connections
Jul 25, 2022 6:42:49 AM okhttp3.mockwebserver.MockWebServer$3 acceptConnections
INFO: MockWebServer[53279] done accepting connections: Socket closed
Jul 25, 2022 6:42:49 AM okhttp3.mockwebserver.MockWebServer$3 execute
INFO: MockWebServer[49531] starting to accept connections
Jul 25, 2022 6:42:49 AM okhttp3.mockwebserver.MockWebServer$3 acceptConnections
INFO: MockWebServer[49531] done accepting connections: Socket closed
Jul 25, 2022 6:42:49 AM okhttp3.mockwebserver.MockWebServer$3 execute
INFO: MockWebServer[46853] starting to accept connections
Jul 25, 2022 6:42:49 AM okhttp3.mockwebserver.MockWebServer$3 acceptConnections
INFO: MockWebServer[46853] done accepting connections: Socket closed
Jul 25, 2022 6:42:49 AM okhttp3.mockwebserver.MockWebServer$3 execute
INFO: MockWebServer[54229] starting to accept connections
Jul 25, 2022 6:42:49 AM okhttp3.mockwebserver.MockWebServer$3 acceptConnections
INFO: MockWebServer[54229] done accepting connections: Socket closed
Jul 25, 2022 6:42:49 AM okhttp3.mockwebserver.MockWebServer$3 execute
INFO: MockWebServer[40709] starting to accept connections
Jul 25, 2022 6:42:49 AM okhttp3.mockwebserver.MockWebServer$3 acceptConnections
INFO: MockWebServer[40709] done accepting connections: Socket is closed
Jul 25, 2022 6:42:49 AM okhttp3.mockwebserver.MockWebServer$3 execute
INFO: MockWebServer[59881] starting to accept connections
Jul 25, 2022 6:42:49 AM okhttp3.mockwebserver.MockWebServer$3 acceptConnections
INFO: MockWebServer[59881] done accepting connections: Socket closed
Jul 25, 2022 6:42:49 AM okhttp3.mockwebserver.MockWebServer$3 execute
INFO: MockWebServer[59375] starting to accept connections
Jul 25, 2022 6:42:49 AM okhttp3.mockwebserver.MockWebServer$3 acceptConnections
INFO: MockWebServer[59375] done accepting connections: Socket is closed
Jul 25, 2022 6:42:49 AM okhttp3.mockwebserver.MockWebServer$3 execute
INFO: MockWebServer[44301] starting to accept connections
Jul 25, 2022 6:42:49 AM okhttp3.mockwebserver.MockWebServer$3 acceptConnections
INFO: MockWebServer[44301] done accepting connections: Socket closed
Jul 25, 2022 6:42:49 AM okhttp3.mockwebserver.MockWebServer$3 execute
INFO: MockWebServer[33301] starting to accept connections
Jul 25, 2022 6:42:49 AM okhttp3.mockwebserver.MockWebServer$3 acceptConnections
INFO: MockWebServer[33301] done accepting connections: Socket closed
Jul 25, 2022 6:42:49 AM okhttp3.mockwebserver.MockWebServer$3 execute
INFO: MockWebServer[57911] starting to accept connections
Jul 25, 2022 6:42:49 AM okhttp3.mockwebserver.MockWebServer$3 acceptConnections
INFO: MockWebServer[57911] done accepting connections: Socket closed
Jul 25, 2022 6:42:49 AM okhttp3.mockwebserver.MockWebServer$3 execute
INFO: MockWebServer[50955] starting to accept connections
Jul 25, 2022 6:42:49 AM okhttp3.mockwebserver.MockWebServer$3 acceptConnections
INFO: MockWebServer[50955] done accepting connections: Socket is closed
Jul 25, 2022 6:42:49 AM okhttp3.mockwebserver.MockWebServer$3 execute
INFO: MockWebServer[32859] starting to accept connections
Jul 25, 2022 6:42:49 AM okhttp3.mockwebserver.MockWebServer$3 acceptConnections
INFO: MockWebServer[32859] done accepting connections: Socket closed
Jul 25, 2022 6:42:49 AM okhttp3.mockwebserver.MockWebServer$3 execute
INFO: MockWebServer[38023] starting to accept connections
Jul 25, 2022 6:42:49 AM okhttp3.mockwebserver.MockWebServer$3 acceptConnections
INFO: MockWebServer[38023] done accepting connections: Socket closed
Jul 25, 2022 6:42:49 AM okhttp3.mockwebserver.MockWebServer$3 execute
INFO: MockWebServer[54887] starting to accept connections
Jul 25, 2022 6:42:49 AM okhttp3.mockwebserver.MockWebServer$3 acceptConnections
INFO: MockWebServer[54887] done accepting connections: Socket closed
Jul 25, 2022 6:42:49 AM okhttp3.mockwebserver.MockWebServer$3 execute
INFO: MockWebServer[52639] starting to accept connections
Jul 25, 2022 6:42:49 AM okhttp3.mockwebserver.MockWebServer$3 acceptConnections
INFO: MockWebServer[52639] done accepting connections: Socket closed
Jul 25, 2022 6:42:49 AM okhttp3.mockwebserver.MockWebServer$3 execute
INFO: MockWebServer[35793] starting to accept connections
Jul 25, 2022 6:42:49 AM okhttp3.mockwebserver.MockWebServer$3 acceptConnections
INFO: MockWebServer[35793] done accepting connections: Socket closed
Jul 25, 2022 6:42:49 AM okhttp3.mockwebserver.MockWebServer$3 execute
INFO: MockWebServer[54561] starting to accept connections
Jul 25, 2022 6:42:49 AM okhttp3.mockwebserver.MockWebServer$3 acceptConnections
INFO: MockWebServer[54561] done accepting connections: Socket closed
Jul 25, 2022 6:42:49 AM okhttp3.mockwebserver.MockWebServer$3 execute
INFO: MockWebServer[56721] starting to accept connections
Jul 25, 2022 6:42:49 AM okhttp3.mockwebserver.MockWebServer$3 acceptConnections
INFO: MockWebServer[56721] done accepting connections: Socket closed
Jul 25, 2022 6:42:49 AM okhttp3.mockwebserver.MockWebServer$3 execute
INFO: MockWebServer[53397] starting to accept connections
Jul 25, 2022 6:42:49 AM okhttp3.mockwebserver.MockWebServer$3 acceptConnections
INFO: MockWebServer[53397] done accepting connections: Socket closed
Jul 25, 2022 6:42:49 AM okhttp3.mockwebserver.MockWebServer$3 execute
INFO: MockWebServer[57949] starting to accept connections
Jul 25, 2022 6:42:49 AM okhttp3.mockwebserver.MockWebServer$3 acceptConnections
INFO: MockWebServer[57949] done accepting connections: Socket closed
Jul 25, 2022 6:42:49 AM okhttp3.mockwebserver.MockWebServer$3 execute
INFO: MockWebServer[42149] starting to accept connections
Jul 25, 2022 6:42:49 AM okhttp3.mockwebserver.MockWebServer$3 acceptConnections
INFO: MockWebServer[42149] done accepting connections: Socket closed
Jul 25, 2022 6:42:49 AM okhttp3.mockwebserver.MockWebServer$3 execute
INFO: MockWebServer[49219] starting to accept connections
Jul 25, 2022 6:42:49 AM okhttp3.mockwebserver.MockWebServer$3 acceptConnections
INFO: MockWebServer[49219] done accepting connections: Socket closed
Jul 25, 2022 6:42:49 AM okhttp3.mockwebserver.MockWebServer$3 execute
INFO: MockWebServer[36231] starting to accept connections
Jul 25, 2022 6:42:49 AM okhttp3.mockwebserver.MockWebServer$3 acceptConnections
INFO: MockWebServer[36231] done accepting connections: Socket closed
Jul 25, 2022 6:42:49 AM okhttp3.mockwebserver.MockWebServer$3 execute
INFO: MockWebServer[46513] starting to accept connections
Jul 25, 2022 6:42:49 AM okhttp3.mockwebserver.MockWebServer$3 acceptConnections
INFO: MockWebServer[46513] done accepting connections: Socket closed
Jul 25, 2022 6:42:49 AM okhttp3.mockwebserver.MockWebServer$3 execute
INFO: MockWebServer[36959] starting to accept connections
Jul 25, 2022 6:42:49 AM okhttp3.mockwebserver.MockWebServer$3 acceptConnections
INFO: MockWebServer[36959] done accepting connections: Socket closed
Tests run: 63, Failures: 0, Errors: 0, Skipped: 0, Time elapsed: 1.346 sec

Results :

Tests run: 238, Failures: 0, Errors: 0, Skipped: 2

[INFO] 
[INFO] --- animal-sniffer-maven-plugin:1.14:check (default) @ retrofit ---
[INFO] Checking unresolved references to org.codehaus.mojo.signature:java16:1.1
[INFO]                                                                         
[INFO] ------------------------------------------------------------------------
[INFO] Building Adapters 2.0.0-SNAPSHOT
[INFO] ------------------------------------------------------------------------
[INFO] 
[INFO] --- maven-enforcer-plugin:1.0:enforce (enforce-maven) @ retrofit-adapters ---
[INFO] 
[INFO] --- animal-sniffer-maven-plugin:1.14:check (default) @ retrofit-adapters ---
[INFO] Checking unresolved references to org.codehaus.mojo.signature:java16:1.1
[INFO]                                                                         
[INFO] ------------------------------------------------------------------------
[INFO] Building Adapter: Guava 2.0.0-SNAPSHOT
[INFO] ------------------------------------------------------------------------
[INFO] 
[INFO] --- maven-enforcer-plugin:1.0:enforce (enforce-maven) @ adapter-guava ---
[INFO] 
[INFO] --- maven-resources-plugin:2.6:resources (default-resources) @ adapter-guava ---
[INFO] Using 'UTF-8' encoding to copy filtered resources.
[INFO] skip non existing resourceDirectory /home/travis/build/passed/square/retrofit/retrofit-adapters/guava/src/main/resources
[INFO] 
[INFO] --- maven-compiler-plugin:3.0:compile (default-compile) @ adapter-guava ---
[INFO] Changes detected - recompiling the module!
[INFO] Compiling 2 source files to /home/travis/build/passed/square/retrofit/retrofit-adapters/guava/target/classes
[INFO] 
[INFO] --- maven-resources-plugin:2.6:testResources (default-testResources) @ adapter-guava ---
[INFO] Using 'UTF-8' encoding to copy filtered resources.
[INFO] skip non existing resourceDirectory /home/travis/build/passed/square/retrofit/retrofit-adapters/guava/src/test/resources
[INFO] 
[INFO] --- maven-compiler-plugin:3.0:testCompile (default-testCompile) @ adapter-guava ---
[INFO] Changes detected - recompiling the module!
[INFO] Compiling 3 source files to /home/travis/build/passed/square/retrofit/retrofit-adapters/guava/target/test-classes
[INFO] 
[INFO] --- maven-surefire-plugin:2.12.4:test (default-test) @ adapter-guava ---
[INFO] Surefire report directory: /home/travis/build/passed/square/retrofit/retrofit-adapters/guava/target/surefire-reports

-------------------------------------------------------
 T E S T S
-------------------------------------------------------
Running retrofit2.adapter.guava.GuavaCallAdapterFactoryTest
Jul 25, 2022 6:42:51 AM okhttp3.mockwebserver.MockWebServer$3 execute
INFO: MockWebServer[55577] starting to accept connections
Jul 25, 2022 6:42:51 AM okhttp3.mockwebserver.MockWebServer$3 acceptConnections
INFO: MockWebServer[55577] done accepting connections: Socket closed
Jul 25, 2022 6:42:51 AM okhttp3.mockwebserver.MockWebServer$3 execute
INFO: MockWebServer[59397] starting to accept connections
Jul 25, 2022 6:42:51 AM okhttp3.mockwebserver.MockWebServer$3 acceptConnections
INFO: MockWebServer[59397] done accepting connections: Socket closed
Jul 25, 2022 6:42:51 AM okhttp3.mockwebserver.MockWebServer$3 execute
INFO: MockWebServer[51679] starting to accept connections
Jul 25, 2022 6:42:51 AM okhttp3.mockwebserver.MockWebServer$3 acceptConnections
INFO: MockWebServer[51679] done accepting connections: Socket closed
Jul 25, 2022 6:42:51 AM okhttp3.mockwebserver.MockWebServer$3 execute
INFO: MockWebServer[44919] starting to accept connections
Jul 25, 2022 6:42:51 AM okhttp3.mockwebserver.MockWebServer$3 acceptConnections
INFO: MockWebServer[44919] done accepting connections: Socket closed
Tests run: 4, Failures: 0, Errors: 0, Skipped: 0, Time elapsed: 0.361 sec
Running retrofit2.adapter.guava.ListenableFutureTest
Jul 25, 2022 6:42:51 AM okhttp3.mockwebserver.MockWebServer$3 execute
INFO: MockWebServer[51779] starting to accept connections
Jul 25, 2022 6:42:51 AM okhttp3.mockwebserver.MockWebServer$4 processOneRequest
INFO: MockWebServer[51779] received request: GET / HTTP/1.1 and responded: HTTP/1.1 200 OK
Jul 25, 2022 6:42:51 AM okhttp3.mockwebserver.MockWebServer$3 acceptConnections
INFO: MockWebServer[51779] done accepting connections: Socket closed
Jul 25, 2022 6:42:51 AM okhttp3.mockwebserver.MockWebServer$3 execute
INFO: MockWebServer[49711] starting to accept connections
Jul 25, 2022 6:42:51 AM okhttp3.mockwebserver.MockWebServer$4 processOneRequest
INFO: MockWebServer[49711] received request: GET / HTTP/1.1 and responded: HTTP/1.1 404 Client Error
Jul 25, 2022 6:42:51 AM okhttp3.mockwebserver.MockWebServer$3 acceptConnections
INFO: MockWebServer[49711] done accepting connections: Socket closed
Jul 25, 2022 6:42:51 AM okhttp3.mockwebserver.MockWebServer$3 execute
INFO: MockWebServer[47955] starting to accept connections
Jul 25, 2022 6:42:51 AM okhttp3.mockwebserver.MockWebServer$4 processConnection
WARNING: MockWebServer[47955] connection from /127.0.0.1 didn't make a request
Jul 25, 2022 6:42:51 AM okhttp3.mockwebserver.MockWebServer$3 acceptConnections
INFO: MockWebServer[47955] done accepting connections: Socket closed
Jul 25, 2022 6:42:51 AM okhttp3.mockwebserver.MockWebServer$3 execute
INFO: MockWebServer[59173] starting to accept connections
Jul 25, 2022 6:42:51 AM okhttp3.mockwebserver.MockWebServer$4 processOneRequest
INFO: MockWebServer[59173] received request: GET / HTTP/1.1 and responded: HTTP/1.1 200 OK
Jul 25, 2022 6:42:51 AM okhttp3.mockwebserver.MockWebServer$3 acceptConnections
INFO: MockWebServer[59173] done accepting connections: Socket closed
Jul 25, 2022 6:42:51 AM okhttp3.mockwebserver.MockWebServer$3 execute
INFO: MockWebServer[32981] starting to accept connections
Jul 25, 2022 6:42:51 AM okhttp3.mockwebserver.MockWebServer$4 processOneRequest
INFO: MockWebServer[32981] received request: GET / HTTP/1.1 and responded: HTTP/1.1 404 Client Error
Jul 25, 2022 6:42:51 AM okhttp3.mockwebserver.MockWebServer$3 acceptConnections
INFO: MockWebServer[32981] done accepting connections: Socket closed
Jul 25, 2022 6:42:51 AM okhttp3.mockwebserver.MockWebServer$3 execute
INFO: MockWebServer[53259] starting to accept connections
Jul 25, 2022 6:42:51 AM okhttp3.mockwebserver.MockWebServer$4 processConnection
WARNING: MockWebServer[53259] connection from /127.0.0.1 didn't make a request
Jul 25, 2022 6:42:51 AM okhttp3.mockwebserver.MockWebServer$3 acceptConnections
INFO: MockWebServer[53259] done accepting connections: Socket closed
Tests run: 6, Failures: 0, Errors: 0, Skipped: 0, Time elapsed: 0.148 sec

Results :

Tests run: 10, Failures: 0, Errors: 0, Skipped: 0

[INFO] 
[INFO] --- animal-sniffer-maven-plugin:1.14:check (default) @ adapter-guava ---
[INFO] Checking unresolved references to org.codehaus.mojo.signature:java16:1.1
[INFO]                                                                         
[INFO] ------------------------------------------------------------------------
[INFO] Building Adapter: Java 8 2.0.0-SNAPSHOT
[INFO] ------------------------------------------------------------------------
[INFO] 
[INFO] --- maven-enforcer-plugin:1.0:enforce (enforce-maven) @ adapter-java8 ---
[INFO] 
[INFO] --- maven-resources-plugin:2.6:resources (default-resources) @ adapter-java8 ---
[INFO] Using 'UTF-8' encoding to copy filtered resources.
[INFO] skip non existing resourceDirectory /home/travis/build/passed/square/retrofit/retrofit-adapters/java8/src/main/resources
[INFO] 
[INFO] --- maven-compiler-plugin:3.0:compile (default-compile) @ adapter-java8 ---
[INFO] Changes detected - recompiling the module!
[INFO] Compiling 2 source files to /home/travis/build/passed/square/retrofit/retrofit-adapters/java8/target/classes
[INFO] 
[INFO] --- maven-resources-plugin:2.6:testResources (default-testResources) @ adapter-java8 ---
[INFO] Using 'UTF-8' encoding to copy filtered resources.
[INFO] skip non existing resourceDirectory /home/travis/build/passed/square/retrofit/retrofit-adapters/java8/src/test/resources
[INFO] 
[INFO] --- maven-compiler-plugin:3.0:testCompile (default-testCompile) @ adapter-java8 ---
[INFO] Changes detected - recompiling the module!
[INFO] Compiling 3 source files to /home/travis/build/passed/square/retrofit/retrofit-adapters/java8/target/test-classes
[INFO] 
[INFO] --- maven-surefire-plugin:2.12.4:test (default-test) @ adapter-java8 ---
[INFO] Surefire report directory: /home/travis/build/passed/square/retrofit/retrofit-adapters/java8/target/surefire-reports

-------------------------------------------------------
 T E S T S
-------------------------------------------------------
Running retrofit2.adapter.java8.CompletableFutureTest
Jul 25, 2022 6:42:52 AM okhttp3.mockwebserver.MockWebServer$3 execute
INFO: MockWebServer[55909] starting to accept connections
Jul 25, 2022 6:42:52 AM okhttp3.mockwebserver.MockWebServer$4 processOneRequest
INFO: MockWebServer[55909] received request: GET / HTTP/1.1 and responded: HTTP/1.1 200 OK
Jul 25, 2022 6:42:52 AM okhttp3.mockwebserver.MockWebServer$3 acceptConnections
INFO: MockWebServer[55909] done accepting connections: Socket closed
Jul 25, 2022 6:42:52 AM okhttp3.mockwebserver.MockWebServer$3 execute
INFO: MockWebServer[37991] starting to accept connections
Jul 25, 2022 6:42:52 AM okhttp3.mockwebserver.MockWebServer$4 processOneRequest
INFO: MockWebServer[37991] received request: GET / HTTP/1.1 and responded: HTTP/1.1 404 Client Error
Jul 25, 2022 6:42:52 AM okhttp3.mockwebserver.MockWebServer$3 acceptConnections
INFO: MockWebServer[37991] done accepting connections: Socket closed
Jul 25, 2022 6:42:52 AM okhttp3.mockwebserver.MockWebServer$3 execute
INFO: MockWebServer[51239] starting to accept connections
Jul 25, 2022 6:42:52 AM okhttp3.mockwebserver.MockWebServer$4 processConnection
WARNING: MockWebServer[51239] connection from /127.0.0.1 didn't make a request
Jul 25, 2022 6:42:52 AM okhttp3.mockwebserver.MockWebServer$3 acceptConnections
INFO: MockWebServer[51239] done accepting connections: Socket closed
Jul 25, 2022 6:42:52 AM okhttp3.mockwebserver.MockWebServer$3 execute
INFO: MockWebServer[47191] starting to accept connections
Jul 25, 2022 6:42:52 AM okhttp3.mockwebserver.MockWebServer$4 processOneRequest
INFO: MockWebServer[47191] received request: GET / HTTP/1.1 and responded: HTTP/1.1 200 OK
Jul 25, 2022 6:42:52 AM okhttp3.mockwebserver.MockWebServer$3 acceptConnections
INFO: MockWebServer[47191] done accepting connections: Socket closed
Jul 25, 2022 6:42:52 AM okhttp3.mockwebserver.MockWebServer$3 execute
INFO: MockWebServer[55959] starting to accept connections
Jul 25, 2022 6:42:52 AM okhttp3.mockwebserver.MockWebServer$4 processOneRequest
INFO: MockWebServer[55959] received request: GET / HTTP/1.1 and responded: HTTP/1.1 404 Client Error
Jul 25, 2022 6:42:52 AM okhttp3.mockwebserver.MockWebServer$3 acceptConnections
INFO: MockWebServer[55959] done accepting connections: Socket closed
Jul 25, 2022 6:42:52 AM okhttp3.mockwebserver.MockWebServer$3 execute
INFO: MockWebServer[37219] starting to accept connections
Jul 25, 2022 6:42:52 AM okhttp3.mockwebserver.MockWebServer$4 processConnection
WARNING: MockWebServer[37219] connection from /127.0.0.1 didn't make a request
Jul 25, 2022 6:42:52 AM okhttp3.mockwebserver.MockWebServer$3 acceptConnections
INFO: MockWebServer[37219] done accepting connections: Socket closed
Tests run: 6, Failures: 0, Errors: 0, Skipped: 0, Time elapsed: 0.412 sec
Running retrofit2.adapter.java8.Java8CallAdapterFactoryTest
Jul 25, 2022 6:42:52 AM okhttp3.mockwebserver.MockWebServer$3 execute
INFO: MockWebServer[43727] starting to accept connections
Jul 25, 2022 6:42:52 AM okhttp3.mockwebserver.MockWebServer$3 acceptConnections
INFO: MockWebServer[43727] done accepting connections: Socket closed
Jul 25, 2022 6:42:52 AM okhttp3.mockwebserver.MockWebServer$3 execute
INFO: MockWebServer[33013] starting to accept connections
Jul 25, 2022 6:42:53 AM okhttp3.mockwebserver.MockWebServer$3 acceptConnections
INFO: MockWebServer[33013] done accepting connections: Socket closed
Jul 25, 2022 6:42:53 AM okhttp3.mockwebserver.MockWebServer$3 execute
INFO: MockWebServer[44907] starting to accept connections
Jul 25, 2022 6:42:53 AM okhttp3.mockwebserver.MockWebServer$3 acceptConnections
INFO: MockWebServer[44907] done accepting connections: Socket closed
Jul 25, 2022 6:42:53 AM okhttp3.mockwebserver.MockWebServer$3 execute
INFO: MockWebServer[58867] starting to accept connections
Jul 25, 2022 6:42:53 AM okhttp3.mockwebserver.MockWebServer$3 acceptConnections
INFO: MockWebServer[58867] done accepting connections: Socket closed
Tests run: 4, Failures: 0, Errors: 0, Skipped: 0, Time elapsed: 0.043 sec

Results :

Tests run: 10, Failures: 0, Errors: 0, Skipped: 0

[INFO] 
[INFO] --- animal-sniffer-maven-plugin:1.14:check (default) @ adapter-java8 ---
[INFO] Checking unresolved references to org.kaazing.mojo.signature:java18:1.0
[INFO]                                                                         
[INFO] ------------------------------------------------------------------------
[INFO] Building Adapter: RxJava 2.0.0-SNAPSHOT
[INFO] ------------------------------------------------------------------------
[INFO] 
[INFO] --- maven-enforcer-plugin:1.0:enforce (enforce-maven) @ adapter-rxjava ---
[INFO] 
[INFO] --- maven-resources-plugin:2.6:resources (default-resources) @ adapter-rxjava ---
[INFO] Using 'UTF-8' encoding to copy filtered resources.
[INFO] skip non existing resourceDirectory /home/travis/build/passed/square/retrofit/retrofit-adapters/rxjava/src/main/resources
[INFO] 
[INFO] --- maven-compiler-plugin:3.0:compile (default-compile) @ adapter-rxjava ---
[INFO] Changes detected - recompiling the module!
[INFO] Compiling 5 source files to /home/travis/build/passed/square/retrofit/retrofit-adapters/rxjava/target/classes
[INFO] 
[INFO] --- maven-resources-plugin:2.6:testResources (default-testResources) @ adapter-rxjava ---
[INFO] Using 'UTF-8' encoding to copy filtered resources.
[INFO] skip non existing resourceDirectory /home/travis/build/passed/square/retrofit/retrofit-adapters/rxjava/src/test/resources
[INFO] 
[INFO] --- maven-compiler-plugin:3.0:testCompile (default-testCompile) @ adapter-rxjava ---
[INFO] Changes detected - recompiling the module!
[INFO] Compiling 9 source files to /home/travis/build/passed/square/retrofit/retrofit-adapters/rxjava/target/test-classes
[INFO] 
[INFO] --- maven-surefire-plugin:2.12.4:test (default-test) @ adapter-rxjava ---
[INFO] Surefire report directory: /home/travis/build/passed/square/retrofit/retrofit-adapters/rxjava/target/surefire-reports

-------------------------------------------------------
 T E S T S
-------------------------------------------------------
Running retrofit2.adapter.rxjava.CompletableSchedulerTest
Jul 25, 2022 6:42:53 AM okhttp3.mockwebserver.MockWebServer$3 execute
INFO: MockWebServer[43099] starting to accept connections
Jul 25, 2022 6:42:54 AM okhttp3.mockwebserver.MockWebServer$4 processOneRequest
INFO: MockWebServer[43099] received request: GET / HTTP/1.1 and responded: HTTP/1.1 200 OK
Jul 25, 2022 6:42:54 AM okhttp3.mockwebserver.MockWebServer$3 acceptConnections
INFO: MockWebServer[43099] done accepting connections: Socket closed
Tests run: 1, Failures: 0, Errors: 0, Skipped: 0, Time elapsed: 0.354 sec
Running retrofit2.adapter.rxjava.CompletableTest
Jul 25, 2022 6:42:54 AM okhttp3.mockwebserver.MockWebServer$3 execute
INFO: MockWebServer[59841] starting to accept connections
Jul 25, 2022 6:42:54 AM okhttp3.mockwebserver.MockWebServer$4 processOneRequest
INFO: MockWebServer[59841] received request: GET / HTTP/1.1 and responded: HTTP/1.1 200 OK
Jul 25, 2022 6:42:54 AM okhttp3.mockwebserver.MockWebServer$3 acceptConnections
INFO: MockWebServer[59841] done accepting connections: Socket closed
Jul 25, 2022 6:42:54 AM okhttp3.mockwebserver.MockWebServer$3 execute
INFO: MockWebServer[49313] starting to accept connections
Jul 25, 2022 6:42:54 AM okhttp3.mockwebserver.MockWebServer$4 processOneRequest
INFO: MockWebServer[49313] received request: GET / HTTP/1.1 and responded: HTTP/1.1 404 Client Error
Jul 25, 2022 6:42:54 AM okhttp3.mockwebserver.MockWebServer$3 acceptConnections
INFO: MockWebServer[49313] done accepting connections: Socket closed
Jul 25, 2022 6:42:54 AM okhttp3.mockwebserver.MockWebServer$3 execute
INFO: MockWebServer[57255] starting to accept connections
Jul 25, 2022 6:42:54 AM okhttp3.mockwebserver.MockWebServer$4 processConnection
WARNING: MockWebServer[57255] connection from /127.0.0.1 didn't make a request
Jul 25, 2022 6:42:54 AM okhttp3.mockwebserver.MockWebServer$3 acceptConnections
INFO: MockWebServer[57255] done accepting connections: Socket closed
Tests run: 3, Failures: 0, Errors: 0, Skipped: 0, Time elapsed: 0.028 sec
Running retrofit2.adapter.rxjava.ObservableSchedulerTest
Jul 25, 2022 6:42:54 AM okhttp3.mockwebserver.MockWebServer$3 execute
INFO: MockWebServer[56319] starting to accept connections
Jul 25, 2022 6:42:54 AM okhttp3.mockwebserver.MockWebServer$4 processOneRequest
INFO: MockWebServer[56319] received request: GET / HTTP/1.1 and responded: HTTP/1.1 200 OK
Jul 25, 2022 6:42:54 AM okhttp3.mockwebserver.MockWebServer$3 acceptConnections
INFO: MockWebServer[56319] done accepting connections: Socket closed
Jul 25, 2022 6:42:54 AM okhttp3.mockwebserver.MockWebServer$3 execute
INFO: MockWebServer[49019] starting to accept connections
Jul 25, 2022 6:42:54 AM okhttp3.mockwebserver.MockWebServer$4 processOneRequest
INFO: MockWebServer[49019] received request: GET / HTTP/1.1 and responded: HTTP/1.1 200 OK
Jul 25, 2022 6:42:54 AM okhttp3.mockwebserver.MockWebServer$3 acceptConnections
INFO: MockWebServer[49019] done accepting connections: Socket closed
Jul 25, 2022 6:42:54 AM okhttp3.mockwebserver.MockWebServer$3 execute
INFO: MockWebServer[48873] starting to accept connections
Jul 25, 2022 6:42:54 AM okhttp3.mockwebserver.MockWebServer$4 processOneRequest
INFO: MockWebServer[48873] received request: GET / HTTP/1.1 and responded: HTTP/1.1 200 OK
Jul 25, 2022 6:42:54 AM okhttp3.mockwebserver.MockWebServer$3 acceptConnections
INFO: MockWebServer[48873] done accepting connections: Socket closed
Tests run: 3, Failures: 0, Errors: 0, Skipped: 0, Time elapsed: 0.077 sec
Running retrofit2.adapter.rxjava.ObservableTest
Jul 25, 2022 6:42:54 AM okhttp3.mockwebserver.MockWebServer$3 execute
INFO: MockWebServer[52239] starting to accept connections
Jul 25, 2022 6:42:54 AM okhttp3.mockwebserver.MockWebServer$4 processConnection
WARNING: MockWebServer[52239] connection from /127.0.0.1 didn't make a request
Jul 25, 2022 6:42:54 AM okhttp3.mockwebserver.MockWebServer$3 acceptConnections
INFO: MockWebServer[52239] done accepting connections: Socket closed
Jul 25, 2022 6:42:54 AM okhttp3.mockwebserver.MockWebServer$3 execute
INFO: MockWebServer[39245] starting to accept connections
Jul 25, 2022 6:42:54 AM okhttp3.mockwebserver.MockWebServer$4 processOneRequest
INFO: MockWebServer[39245] received request: GET / HTTP/1.1 and responded: HTTP/1.1 200 OK
Jul 25, 2022 6:42:54 AM okhttp3.mockwebserver.MockWebServer$3 acceptConnections
INFO: MockWebServer[39245] done accepting connections: Socket closed
Jul 25, 2022 6:42:54 AM okhttp3.mockwebserver.MockWebServer$3 execute
INFO: MockWebServer[44819] starting to accept connections
Jul 25, 2022 6:42:54 AM okhttp3.mockwebserver.MockWebServer$4 processOneRequest
INFO: MockWebServer[44819] received request: GET / HTTP/1.1 and responded: HTTP/1.1 404 Client Error
Jul 25, 2022 6:42:54 AM okhttp3.mockwebserver.MockWebServer$3 acceptConnections
INFO: MockWebServer[44819] done accepting connections: Socket closed
Jul 25, 2022 6:42:54 AM okhttp3.mockwebserver.MockWebServer$3 execute
INFO: MockWebServer[49737] starting to accept connections
Jul 25, 2022 6:42:54 AM okhttp3.mockwebserver.MockWebServer$4 processConnection
WARNING: MockWebServer[49737] connection from /127.0.0.1 didn't make a request
Jul 25, 2022 6:42:54 AM okhttp3.mockwebserver.MockWebServer$3 acceptConnections
INFO: MockWebServer[49737] done accepting connections: Socket closed
Jul 25, 2022 6:42:54 AM okhttp3.mockwebserver.MockWebServer$3 execute
INFO: MockWebServer[41837] starting to accept connections
Jul 25, 2022 6:42:54 AM okhttp3.mockwebserver.MockWebServer$4 processOneRequest
INFO: MockWebServer[41837] received request: GET / HTTP/1.1 and responded: HTTP/1.1 200 OK
Jul 25, 2022 6:42:54 AM okhttp3.mockwebserver.MockWebServer$3 acceptConnections
INFO: MockWebServer[41837] done accepting connections: Socket closed
Jul 25, 2022 6:42:54 AM okhttp3.mockwebserver.MockWebServer$3 execute
INFO: MockWebServer[54917] starting to accept connections
Jul 25, 2022 6:42:54 AM okhttp3.mockwebserver.MockWebServer$4 processOneRequest
INFO: MockWebServer[54917] received request: GET / HTTP/1.1 and responded: HTTP/1.1 404 Client Error
Jul 25, 2022 6:42:54 AM okhttp3.mockwebserver.MockWebServer$3 acceptConnections
INFO: MockWebServer[54917] done accepting connections: Socket closed
Jul 25, 2022 6:42:54 AM okhttp3.mockwebserver.MockWebServer$3 execute
INFO: MockWebServer[60057] starting to accept connections
Jul 25, 2022 6:42:54 AM okhttp3.mockwebserver.MockWebServer$4 processConnection
WARNING: MockWebServer[60057] connection from /127.0.0.1 didn't make a request
Jul 25, 2022 6:42:54 AM okhttp3.mockwebserver.MockWebServer$3 acceptConnections
INFO: MockWebServer[60057] done accepting connections: Socket closed
Jul 25, 2022 6:42:54 AM okhttp3.mockwebserver.MockWebServer$3 execute
INFO: MockWebServer[60593] starting to accept connections
Jul 25, 2022 6:42:54 AM okhttp3.mockwebserver.MockWebServer$4 processOneRequest
INFO: MockWebServer[60593] received request: GET / HTTP/1.1 and responded: HTTP/1.1 200 OK
Jul 25, 2022 6:42:54 AM okhttp3.mockwebserver.MockWebServer$3 acceptConnections
INFO: MockWebServer[60593] done accepting connections: Socket closed
Jul 25, 2022 6:42:54 AM okhttp3.mockwebserver.MockWebServer$3 execute
INFO: MockWebServer[56591] starting to accept connections
Jul 25, 2022 6:42:54 AM okhttp3.mockwebserver.MockWebServer$4 processOneRequest
INFO: MockWebServer[56591] received request: GET / HTTP/1.1 and responded: HTTP/1.1 404 Client Error
Jul 25, 2022 6:42:54 AM okhttp3.mockwebserver.MockWebServer$3 acceptConnections
INFO: MockWebServer[56591] done accepting connections: Socket closed
Tests run: 9, Failures: 0, Errors: 0, Skipped: 0, Time elapsed: 0.122 sec
Running retrofit2.adapter.rxjava.ResultTest
Tests run: 4, Failures: 0, Errors: 0, Skipped: 0, Time elapsed: 0.001 sec
Running retrofit2.adapter.rxjava.RxJavaCallAdapterFactoryTest
Tests run: 6, Failures: 0, Errors: 0, Skipped: 0, Time elapsed: 0.05 sec
Running retrofit2.adapter.rxjava.SingleSchedulerTest
Jul 25, 2022 6:42:54 AM okhttp3.mockwebserver.MockWebServer$3 execute
INFO: MockWebServer[40345] starting to accept connections
Jul 25, 2022 6:42:54 AM okhttp3.mockwebserver.MockWebServer$4 processOneRequest
INFO: MockWebServer[40345] received request: GET / HTTP/1.1 and responded: HTTP/1.1 200 OK
Jul 25, 2022 6:42:54 AM okhttp3.mockwebserver.MockWebServer$3 acceptConnections
INFO: MockWebServer[40345] done accepting connections: Socket closed
Jul 25, 2022 6:42:54 AM okhttp3.mockwebserver.MockWebServer$3 execute
INFO: MockWebServer[42275] starting to accept connections
Jul 25, 2022 6:42:54 AM okhttp3.mockwebserver.MockWebServer$4 processOneRequest
INFO: MockWebServer[42275] received request: GET / HTTP/1.1 and responded: HTTP/1.1 200 OK
Jul 25, 2022 6:42:54 AM okhttp3.mockwebserver.MockWebServer$3 acceptConnections
INFO: MockWebServer[42275] done accepting connections: Socket closed
Jul 25, 2022 6:42:54 AM okhttp3.mockwebserver.MockWebServer$3 execute
INFO: MockWebServer[52565] starting to accept connections
Jul 25, 2022 6:42:54 AM okhttp3.mockwebserver.MockWebServer$4 processOneRequest
INFO: MockWebServer[52565] received request: GET / HTTP/1.1 and responded: HTTP/1.1 200 OK
Jul 25, 2022 6:42:54 AM okhttp3.mockwebserver.MockWebServer$3 acceptConnections
INFO: MockWebServer[52565] done accepting connections: Socket closed
Tests run: 3, Failures: 0, Errors: 0, Skipped: 0, Time elapsed: 0.05 sec
Running retrofit2.adapter.rxjava.SingleTest
Jul 25, 2022 6:42:54 AM okhttp3.mockwebserver.MockWebServer$3 execute
INFO: MockWebServer[46401] starting to accept connections
Jul 25, 2022 6:42:54 AM okhttp3.mockwebserver.MockWebServer$4 processConnection
WARNING: MockWebServer[46401] connection from /127.0.0.1 didn't make a request
Jul 25, 2022 6:42:54 AM okhttp3.mockwebserver.MockWebServer$3 acceptConnections
INFO: MockWebServer[46401] done accepting connections: Socket closed
Jul 25, 2022 6:42:54 AM okhttp3.mockwebserver.MockWebServer$3 execute
INFO: MockWebServer[60391] starting to accept connections
Jul 25, 2022 6:42:54 AM okhttp3.mockwebserver.MockWebServer$4 processOneRequest
INFO: MockWebServer[60391] received request: GET / HTTP/1.1 and responded: HTTP/1.1 200 OK
Jul 25, 2022 6:42:54 AM okhttp3.mockwebserver.MockWebServer$3 acceptConnections
INFO: MockWebServer[60391] done accepting connections: Socket closed
Jul 25, 2022 6:42:54 AM okhttp3.mockwebserver.MockWebServer$3 execute
INFO: MockWebServer[36969] starting to accept connections
Jul 25, 2022 6:42:54 AM okhttp3.mockwebserver.MockWebServer$4 processOneRequest
INFO: MockWebServer[36969] received request: GET / HTTP/1.1 and responded: HTTP/1.1 404 Client Error
Jul 25, 2022 6:42:54 AM okhttp3.mockwebserver.MockWebServer$3 acceptConnections
INFO: MockWebServer[36969] done accepting connections: Socket closed
Jul 25, 2022 6:42:54 AM okhttp3.mockwebserver.MockWebServer$3 execute
INFO: MockWebServer[36973] starting to accept connections
Jul 25, 2022 6:42:54 AM okhttp3.mockwebserver.MockWebServer$4 processConnection
WARNING: MockWebServer[36973] connection from /127.0.0.1 didn't make a request
Jul 25, 2022 6:42:54 AM okhttp3.mockwebserver.MockWebServer$3 acceptConnections
INFO: MockWebServer[36973] done accepting connections: Socket closed
Jul 25, 2022 6:42:54 AM okhttp3.mockwebserver.MockWebServer$3 execute
INFO: MockWebServer[52407] starting to accept connections
Jul 25, 2022 6:42:54 AM okhttp3.mockwebserver.MockWebServer$4 processOneRequest
INFO: MockWebServer[52407] received request: GET / HTTP/1.1 and responded: HTTP/1.1 200 OK
Jul 25, 2022 6:42:54 AM okhttp3.mockwebserver.MockWebServer$3 acceptConnections
INFO: MockWebServer[52407] done accepting connections: Socket closed
Jul 25, 2022 6:42:54 AM okhttp3.mockwebserver.MockWebServer$3 execute
INFO: MockWebServer[51003] starting to accept connections
Jul 25, 2022 6:42:54 AM okhttp3.mockwebserver.MockWebServer$4 processOneRequest
INFO: MockWebServer[51003] received request: GET / HTTP/1.1 and responded: HTTP/1.1 404 Client Error
Jul 25, 2022 6:42:54 AM okhttp3.mockwebserver.MockWebServer$3 acceptConnections
INFO: MockWebServer[51003] done accepting connections: Socket closed
Jul 25, 2022 6:42:54 AM okhttp3.mockwebserver.MockWebServer$3 execute
INFO: MockWebServer[47339] starting to accept connections
Jul 25, 2022 6:42:54 AM okhttp3.mockwebserver.MockWebServer$4 processConnection
WARNING: MockWebServer[47339] connection from /127.0.0.1 didn't make a request
Jul 25, 2022 6:42:54 AM okhttp3.mockwebserver.MockWebServer$3 acceptConnections
INFO: MockWebServer[47339] done accepting connections: Socket closed
Jul 25, 2022 6:42:54 AM okhttp3.mockwebserver.MockWebServer$3 execute
INFO: MockWebServer[58845] starting to accept connections
Jul 25, 2022 6:42:54 AM okhttp3.mockwebserver.MockWebServer$4 processOneRequest
INFO: MockWebServer[58845] received request: GET / HTTP/1.1 and responded: HTTP/1.1 200 OK
Jul 25, 2022 6:42:54 AM okhttp3.mockwebserver.MockWebServer$3 acceptConnections
INFO: MockWebServer[58845] done accepting connections: Socket closed
Jul 25, 2022 6:42:54 AM okhttp3.mockwebserver.MockWebServer$3 execute
INFO: MockWebServer[53987] starting to accept connections
Jul 25, 2022 6:42:54 AM okhttp3.mockwebserver.MockWebServer$4 processOneRequest
INFO: MockWebServer[53987] received request: GET / HTTP/1.1 and responded: HTTP/1.1 404 Client Error
Jul 25, 2022 6:42:54 AM okhttp3.mockwebserver.MockWebServer$3 acceptConnections
INFO: MockWebServer[53987] done accepting connections: Socket closed
Tests run: 9, Failures: 0, Errors: 0, Skipped: 0, Time elapsed: 0.092 sec

Results :

Tests run: 38, Failures: 0, Errors: 0, Skipped: 0

[INFO] 
[INFO] --- animal-sniffer-maven-plugin:1.14:check (default) @ adapter-rxjava ---
[INFO] Checking unresolved references to org.codehaus.mojo.signature:java16:1.1
[INFO]                                                                         
[INFO] ------------------------------------------------------------------------
[INFO] Building Converters 2.0.0-SNAPSHOT
[INFO] ------------------------------------------------------------------------
[INFO] 
[INFO] --- maven-enforcer-plugin:1.0:enforce (enforce-maven) @ retrofit-converters ---
[INFO] 
[INFO] --- animal-sniffer-maven-plugin:1.14:check (default) @ retrofit-converters ---
[INFO] Checking unresolved references to org.codehaus.mojo.signature:java16:1.1
[INFO]                                                                         
[INFO] ------------------------------------------------------------------------
[INFO] Building Converter: Gson 2.0.0-SNAPSHOT
[INFO] ------------------------------------------------------------------------
[INFO] 
[INFO] --- maven-enforcer-plugin:1.0:enforce (enforce-maven) @ converter-gson ---
[INFO] 
[INFO] --- maven-resources-plugin:2.6:resources (default-resources) @ converter-gson ---
[INFO] Using 'UTF-8' encoding to copy filtered resources.
[INFO] skip non existing resourceDirectory /home/travis/build/passed/square/retrofit/retrofit-converters/gson/src/main/resources
[INFO] 
[INFO] --- maven-compiler-plugin:3.0:compile (default-compile) @ converter-gson ---
[INFO] Changes detected - recompiling the module!
[INFO] Compiling 3 source files to /home/travis/build/passed/square/retrofit/retrofit-converters/gson/target/classes
[INFO] 
[INFO] --- maven-resources-plugin:2.6:testResources (default-testResources) @ converter-gson ---
[INFO] Using 'UTF-8' encoding to copy filtered resources.
[INFO] skip non existing resourceDirectory /home/travis/build/passed/square/retrofit/retrofit-converters/gson/src/test/resources
[INFO] 
[INFO] --- maven-compiler-plugin:3.0:testCompile (default-testCompile) @ converter-gson ---
[INFO] Changes detected - recompiling the module!
[INFO] Compiling 1 source file to /home/travis/build/passed/square/retrofit/retrofit-converters/gson/target/test-classes
[INFO] 
[INFO] --- maven-surefire-plugin:2.12.4:test (default-test) @ converter-gson ---
[INFO] Surefire report directory: /home/travis/build/passed/square/retrofit/retrofit-converters/gson/target/surefire-reports

-------------------------------------------------------
 T E S T S
-------------------------------------------------------
Running retrofit2.converter.gson.GsonConverterFactoryTest
Jul 25, 2022 6:42:55 AM okhttp3.mockwebserver.MockWebServer$3 execute
INFO: MockWebServer[50237] starting to accept connections
Jul 25, 2022 6:42:55 AM okhttp3.mockwebserver.MockWebServer$4 processOneRequest
INFO: MockWebServer[50237] received request: POST / HTTP/1.1 and responded: HTTP/1.1 200 OK
Jul 25, 2022 6:42:55 AM okhttp3.mockwebserver.MockWebServer$3 acceptConnections
INFO: MockWebServer[50237] done accepting connections: Socket closed
Jul 25, 2022 6:42:55 AM okhttp3.mockwebserver.MockWebServer$3 execute
INFO: MockWebServer[42559] starting to accept connections
Jul 25, 2022 6:42:55 AM okhttp3.mockwebserver.MockWebServer$4 processOneRequest
INFO: MockWebServer[42559] received request: POST / HTTP/1.1 and responded: HTTP/1.1 200 OK
Jul 25, 2022 6:42:55 AM okhttp3.mockwebserver.MockWebServer$3 acceptConnections
INFO: MockWebServer[42559] done accepting connections: Socket closed
Jul 25, 2022 6:42:55 AM okhttp3.mockwebserver.MockWebServer$3 execute
INFO: MockWebServer[38791] starting to accept connections
Jul 25, 2022 6:42:55 AM okhttp3.mockwebserver.MockWebServer$4 processOneRequest
INFO: MockWebServer[38791] received request: POST / HTTP/1.1 and responded: HTTP/1.1 200 OK
Jul 25, 2022 6:42:55 AM okhttp3.mockwebserver.MockWebServer$3 acceptConnections
INFO: MockWebServer[38791] done accepting connections: Socket closed
Jul 25, 2022 6:42:55 AM okhttp3.mockwebserver.MockWebServer$3 execute
INFO: MockWebServer[59653] starting to accept connections
Jul 25, 2022 6:42:56 AM okhttp3.mockwebserver.MockWebServer$4 processOneRequest
INFO: MockWebServer[59653] received request: POST / HTTP/1.1 and responded: HTTP/1.1 200 OK
Jul 25, 2022 6:42:56 AM okhttp3.mockwebserver.MockWebServer$3 acceptConnections
INFO: MockWebServer[59653] done accepting connections: Socket closed
Jul 25, 2022 6:42:56 AM okhttp3.mockwebserver.MockWebServer$3 execute
INFO: MockWebServer[39779] starting to accept connections
Jul 25, 2022 6:42:56 AM okhttp3.mockwebserver.MockWebServer$4 processOneRequest
INFO: MockWebServer[39779] received request: POST / HTTP/1.1 and responded: HTTP/1.1 200 OK
Jul 25, 2022 6:42:56 AM okhttp3.mockwebserver.MockWebServer$3 acceptConnections
INFO: MockWebServer[39779] done accepting connections: Socket closed
Tests run: 5, Failures: 0, Errors: 0, Skipped: 0, Time elapsed: 0.476 sec

Results :

Tests run: 5, Failures: 0, Errors: 0, Skipped: 0

[INFO] 
[INFO] --- animal-sniffer-maven-plugin:1.14:check (default) @ converter-gson ---
[INFO] Checking unresolved references to org.codehaus.mojo.signature:java16:1.1
[INFO]                                                                         
[INFO] ------------------------------------------------------------------------
[INFO] Building Converter: Protocol Buffers 2.0.0-SNAPSHOT
[INFO] ------------------------------------------------------------------------
[INFO] 
[INFO] --- maven-enforcer-plugin:1.0:enforce (enforce-maven) @ converter-protobuf ---
[INFO] 
[INFO] --- maven-resources-plugin:2.6:resources (default-resources) @ converter-protobuf ---
[INFO] Using 'UTF-8' encoding to copy filtered resources.
[INFO] skip non existing resourceDirectory /home/travis/build/passed/square/retrofit/retrofit-converters/protobuf/src/main/resources
[INFO] 
[INFO] --- maven-compiler-plugin:3.0:compile (default-compile) @ converter-protobuf ---
[INFO] Changes detected - recompiling the module!
[INFO] Compiling 3 source files to /home/travis/build/passed/square/retrofit/retrofit-converters/protobuf/target/classes
[WARNING] /home/travis/build/passed/square/retrofit/retrofit-converters/protobuf/src/main/java/retrofit2/converter/protobuf/ProtoConverterFactory.java: /home/travis/build/passed/square/retrofit/retrofit-converters/protobuf/src/main/java/retrofit2/converter/protobuf/ProtoConverterFactory.java uses unchecked or unsafe operations.
[WARNING] /home/travis/build/passed/square/retrofit/retrofit-converters/protobuf/src/main/java/retrofit2/converter/protobuf/ProtoConverterFactory.java: Recompile with -Xlint:unchecked for details.
[INFO] 
[INFO] --- maven-resources-plugin:2.6:testResources (default-testResources) @ converter-protobuf ---
[INFO] Using 'UTF-8' encoding to copy filtered resources.
[INFO] skip non existing resourceDirectory /home/travis/build/passed/square/retrofit/retrofit-converters/protobuf/src/test/resources
[INFO] 
[INFO] --- maven-compiler-plugin:3.0:testCompile (default-testCompile) @ converter-protobuf ---
[INFO] Changes detected - recompiling the module!
[INFO] Compiling 2 source files to /home/travis/build/passed/square/retrofit/retrofit-converters/protobuf/target/test-classes
[INFO] 
[INFO] --- maven-surefire-plugin:2.12.4:test (default-test) @ converter-protobuf ---
[INFO] Surefire report directory: /home/travis/build/passed/square/retrofit/retrofit-converters/protobuf/target/surefire-reports

-------------------------------------------------------
 T E S T S
-------------------------------------------------------
Running retrofit2.converter.protobuf.ProtoConverterFactoryTest
Jul 25, 2022 6:42:56 AM okhttp3.mockwebserver.MockWebServer$3 execute
INFO: MockWebServer[53021] starting to accept connections
Jul 25, 2022 6:42:57 AM okhttp3.mockwebserver.MockWebServer$4 processOneRequest
INFO: MockWebServer[53021] received request: POST / HTTP/1.1 and responded: HTTP/1.1 200 OK
Jul 25, 2022 6:42:57 AM okhttp3.mockwebserver.MockWebServer$3 acceptConnections
INFO: MockWebServer[53021] done accepting connections: Socket closed
Jul 25, 2022 6:42:57 AM okhttp3.mockwebserver.MockWebServer$3 execute
INFO: MockWebServer[59773] starting to accept connections
Jul 25, 2022 6:42:57 AM okhttp3.mockwebserver.MockWebServer$3 acceptConnections
INFO: MockWebServer[59773] done accepting connections: Socket closed
Jul 25, 2022 6:42:57 AM okhttp3.mockwebserver.MockWebServer$3 execute
INFO: MockWebServer[34379] starting to accept connections
Jul 25, 2022 6:42:57 AM okhttp3.mockwebserver.MockWebServer$4 processOneRequest
INFO: MockWebServer[34379] received request: GET / HTTP/1.1 and responded: HTTP/1.1 200 OK
Jul 25, 2022 6:42:57 AM okhttp3.mockwebserver.MockWebServer$3 acceptConnections
INFO: MockWebServer[34379] done accepting connections: Socket closed
Jul 25, 2022 6:42:57 AM okhttp3.mockwebserver.MockWebServer$3 execute
INFO: MockWebServer[58547] starting to accept connections
Jul 25, 2022 6:42:57 AM okhttp3.mockwebserver.MockWebServer$3 acceptConnections
INFO: MockWebServer[58547] done accepting connections: Socket closed
Jul 25, 2022 6:42:57 AM okhttp3.mockwebserver.MockWebServer$3 execute
INFO: MockWebServer[37453] starting to accept connections
Jul 25, 2022 6:42:57 AM okhttp3.mockwebserver.MockWebServer$3 acceptConnections
INFO: MockWebServer[37453] done accepting connections: Socket closed
Jul 25, 2022 6:42:57 AM okhttp3.mockwebserver.MockWebServer$3 execute
INFO: MockWebServer[42657] starting to accept connections
Jul 25, 2022 6:42:57 AM okhttp3.mockwebserver.MockWebServer$4 processOneRequest
INFO: MockWebServer[42657] received request: GET / HTTP/1.1 and responded: HTTP/1.1 200 OK
Jul 25, 2022 6:42:57 AM okhttp3.mockwebserver.MockWebServer$3 acceptConnections
INFO: MockWebServer[42657] done accepting connections: Socket closed
Tests run: 6, Failures: 0, Errors: 0, Skipped: 0, Time elapsed: 0.492 sec

Results :

Tests run: 6, Failures: 0, Errors: 0, Skipped: 0

[INFO] 
[INFO] --- animal-sniffer-maven-plugin:1.14:check (default) @ converter-protobuf ---
[INFO] Checking unresolved references to org.codehaus.mojo.signature:java16:1.1
[INFO]                                                                         
[INFO] ------------------------------------------------------------------------
[INFO] Building Converter: Jackson 2.0.0-SNAPSHOT
[INFO] ------------------------------------------------------------------------
[INFO] 
[INFO] --- maven-enforcer-plugin:1.0:enforce (enforce-maven) @ converter-jackson ---
[INFO] 
[INFO] --- maven-resources-plugin:2.6:resources (default-resources) @ converter-jackson ---
[INFO] Using 'UTF-8' encoding to copy filtered resources.
[INFO] skip non existing resourceDirectory /home/travis/build/passed/square/retrofit/retrofit-converters/jackson/src/main/resources
[INFO] 
[INFO] --- maven-compiler-plugin:3.0:compile (default-compile) @ converter-jackson ---
[INFO] Changes detected - recompiling the module!
[INFO] Compiling 3 source files to /home/travis/build/passed/square/retrofit/retrofit-converters/jackson/target/classes
[WARNING] /home/travis/build/passed/square/retrofit/retrofit-converters/jackson/src/main/java/retrofit2/converter/jackson/JacksonConverterFactory.java: /home/travis/build/passed/square/retrofit/retrofit-converters/jackson/src/main/java/retrofit2/converter/jackson/JacksonConverterFactory.java uses or overrides a deprecated API.
[WARNING] /home/travis/build/passed/square/retrofit/retrofit-converters/jackson/src/main/java/retrofit2/converter/jackson/JacksonConverterFactory.java: Recompile with -Xlint:deprecation for details.
[INFO] 
[INFO] --- maven-resources-plugin:2.6:testResources (default-testResources) @ converter-jackson ---
[INFO] Using 'UTF-8' encoding to copy filtered resources.
[INFO] skip non existing resourceDirectory /home/travis/build/passed/square/retrofit/retrofit-converters/jackson/src/test/resources
[INFO] 
[INFO] --- maven-compiler-plugin:3.0:testCompile (default-testCompile) @ converter-jackson ---
[INFO] Changes detected - recompiling the module!
[INFO] Compiling 1 source file to /home/travis/build/passed/square/retrofit/retrofit-converters/jackson/target/test-classes
[WARNING] /home/travis/build/passed/square/retrofit/retrofit-converters/jackson/src/test/java/retrofit2/converter/jackson/JacksonConverterFactoryTest.java: /home/travis/build/passed/square/retrofit/retrofit-converters/jackson/src/test/java/retrofit2/converter/jackson/JacksonConverterFactoryTest.java uses or overrides a deprecated API.
[WARNING] /home/travis/build/passed/square/retrofit/retrofit-converters/jackson/src/test/java/retrofit2/converter/jackson/JacksonConverterFactoryTest.java: Recompile with -Xlint:deprecation for details.
[INFO] 
[INFO] --- maven-surefire-plugin:2.12.4:test (default-test) @ converter-jackson ---
[INFO] Surefire report directory: /home/travis/build/passed/square/retrofit/retrofit-converters/jackson/target/surefire-reports

-------------------------------------------------------
 T E S T S
-------------------------------------------------------
Running retrofit2.converter.jackson.JacksonConverterFactoryTest
Jul 25, 2022 6:42:58 AM okhttp3.mockwebserver.MockWebServer$3 execute
INFO: MockWebServer[57183] starting to accept connections
Jul 25, 2022 6:42:58 AM okhttp3.mockwebserver.MockWebServer$4 processOneRequest
INFO: MockWebServer[57183] received request: POST / HTTP/1.1 and responded: HTTP/1.1 200 OK
Jul 25, 2022 6:42:58 AM okhttp3.mockwebserver.MockWebServer$3 acceptConnections
INFO: MockWebServer[57183] done accepting connections: Socket closed
Jul 25, 2022 6:42:58 AM okhttp3.mockwebserver.MockWebServer$3 execute
INFO: MockWebServer[52149] starting to accept connections
Jul 25, 2022 6:42:58 AM okhttp3.mockwebserver.MockWebServer$4 processOneRequest
INFO: MockWebServer[52149] received request: POST / HTTP/1.1 and responded: HTTP/1.1 200 OK
Jul 25, 2022 6:42:58 AM okhttp3.mockwebserver.MockWebServer$3 acceptConnections
INFO: MockWebServer[52149] done accepting connections: Socket closed
Jul 25, 2022 6:42:58 AM okhttp3.mockwebserver.MockWebServer$3 execute
INFO: MockWebServer[48697] starting to accept connections
Jul 25, 2022 6:42:58 AM okhttp3.mockwebserver.MockWebServer$4 processOneRequest
INFO: MockWebServer[48697] received request: POST / HTTP/1.1 and responded: HTTP/1.1 200 OK
Jul 25, 2022 6:42:58 AM okhttp3.mockwebserver.MockWebServer$3 acceptConnections
INFO: MockWebServer[48697] done accepting connections: Socket closed
Tests run: 3, Failures: 0, Errors: 0, Skipped: 0, Time elapsed: 0.667 sec

Results :

Tests run: 3, Failures: 0, Errors: 0, Skipped: 0

[INFO] 
[INFO] --- animal-sniffer-maven-plugin:1.14:check (default) @ converter-jackson ---
[INFO] Checking unresolved references to org.codehaus.mojo.signature:java16:1.1
[INFO]                                                                         
[INFO] ------------------------------------------------------------------------
[INFO] Building Converter: Wire Protocol Buffers 2.0.0-SNAPSHOT
[INFO] ------------------------------------------------------------------------
[INFO] 
[INFO] --- maven-enforcer-plugin:1.0:enforce (enforce-maven) @ converter-wire ---
[INFO] 
[INFO] --- maven-resources-plugin:2.6:resources (default-resources) @ converter-wire ---
[INFO] Using 'UTF-8' encoding to copy filtered resources.
[INFO] skip non existing resourceDirectory /home/travis/build/passed/square/retrofit/retrofit-converters/wire/src/main/resources
[INFO] 
[INFO] --- maven-compiler-plugin:3.0:compile (default-compile) @ converter-wire ---
[INFO] Changes detected - recompiling the module!
[INFO] Compiling 3 source files to /home/travis/build/passed/square/retrofit/retrofit-converters/wire/target/classes
[WARNING] /home/travis/build/passed/square/retrofit/retrofit-converters/wire/src/main/java/retrofit2/converter/wire/WireConverterFactory.java: /home/travis/build/passed/square/retrofit/retrofit-converters/wire/src/main/java/retrofit2/converter/wire/WireConverterFactory.java uses unchecked or unsafe operations.
[WARNING] /home/travis/build/passed/square/retrofit/retrofit-converters/wire/src/main/java/retrofit2/converter/wire/WireConverterFactory.java: Recompile with -Xlint:unchecked for details.
[INFO] 
[INFO] --- maven-resources-plugin:2.6:testResources (default-testResources) @ converter-wire ---
[INFO] Using 'UTF-8' encoding to copy filtered resources.
[INFO] skip non existing resourceDirectory /home/travis/build/passed/square/retrofit/retrofit-converters/wire/src/test/resources
[INFO] 
[INFO] --- maven-compiler-plugin:3.0:testCompile (default-testCompile) @ converter-wire ---
[INFO] Changes detected - recompiling the module!
[INFO] Compiling 2 source files to /home/travis/build/passed/square/retrofit/retrofit-converters/wire/target/test-classes
[INFO] 
[INFO] --- maven-surefire-plugin:2.12.4:test (default-test) @ converter-wire ---
[INFO] Surefire report directory: /home/travis/build/passed/square/retrofit/retrofit-converters/wire/target/surefire-reports

-------------------------------------------------------
 T E S T S
-------------------------------------------------------
Running retrofit2.converter.wire.WireConverterFactoryTest
Jul 25, 2022 6:42:59 AM okhttp3.mockwebserver.MockWebServer$3 execute
INFO: MockWebServer[52393] starting to accept connections
Jul 25, 2022 6:42:59 AM okhttp3.mockwebserver.MockWebServer$4 processOneRequest
INFO: MockWebServer[52393] received request: POST / HTTP/1.1 and responded: HTTP/1.1 200 OK
Jul 25, 2022 6:42:59 AM okhttp3.mockwebserver.MockWebServer$3 acceptConnections
INFO: MockWebServer[52393] done accepting connections: Socket closed
Jul 25, 2022 6:42:59 AM okhttp3.mockwebserver.MockWebServer$3 execute
INFO: MockWebServer[39991] starting to accept connections
Jul 25, 2022 6:42:59 AM okhttp3.mockwebserver.MockWebServer$3 acceptConnections
INFO: MockWebServer[39991] done accepting connections: Socket closed
Jul 25, 2022 6:42:59 AM okhttp3.mockwebserver.MockWebServer$3 execute
INFO: MockWebServer[43089] starting to accept connections
Jul 25, 2022 6:42:59 AM okhttp3.mockwebserver.MockWebServer$4 processOneRequest
INFO: MockWebServer[43089] received request: GET / HTTP/1.1 and responded: HTTP/1.1 200 OK
Jul 25, 2022 6:42:59 AM okhttp3.mockwebserver.MockWebServer$3 acceptConnections
INFO: MockWebServer[43089] done accepting connections: Socket closed
Jul 25, 2022 6:42:59 AM okhttp3.mockwebserver.MockWebServer$3 execute
INFO: MockWebServer[59243] starting to accept connections
Jul 25, 2022 6:42:59 AM okhttp3.mockwebserver.MockWebServer$3 acceptConnections
INFO: MockWebServer[59243] done accepting connections: Socket closed
Jul 25, 2022 6:42:59 AM okhttp3.mockwebserver.MockWebServer$3 execute
INFO: MockWebServer[59759] starting to accept connections
Jul 25, 2022 6:42:59 AM okhttp3.mockwebserver.MockWebServer$3 acceptConnections
INFO: MockWebServer[59759] done accepting connections: Socket closed
Jul 25, 2022 6:42:59 AM okhttp3.mockwebserver.MockWebServer$3 execute
INFO: MockWebServer[41513] starting to accept connections
Jul 25, 2022 6:42:59 AM okhttp3.mockwebserver.MockWebServer$4 processOneRequest
INFO: MockWebServer[41513] received request: GET / HTTP/1.1 and responded: HTTP/1.1 200 OK
Jul 25, 2022 6:42:59 AM okhttp3.mockwebserver.MockWebServer$3 acceptConnections
INFO: MockWebServer[41513] done accepting connections: Socket closed
Tests run: 6, Failures: 0, Errors: 0, Skipped: 0, Time elapsed: 0.561 sec

Results :

Tests run: 6, Failures: 0, Errors: 0, Skipped: 0

[INFO] 
[INFO] --- animal-sniffer-maven-plugin:1.14:check (default) @ converter-wire ---
[INFO] Checking unresolved references to org.codehaus.mojo.signature:java16:1.1
[INFO]                                                                         
[INFO] ------------------------------------------------------------------------
[INFO] Building Converter: SimpleXML 2.0.0-SNAPSHOT
[INFO] ------------------------------------------------------------------------
[INFO] 
[INFO] --- maven-enforcer-plugin:1.0:enforce (enforce-maven) @ converter-simplexml ---
[INFO] 
[INFO] --- maven-resources-plugin:2.6:resources (default-resources) @ converter-simplexml ---
[INFO] Using 'UTF-8' encoding to copy filtered resources.
[INFO] skip non existing resourceDirectory /home/travis/build/passed/square/retrofit/retrofit-converters/simplexml/src/main/resources
[INFO] 
[INFO] --- maven-compiler-plugin:3.0:compile (default-compile) @ converter-simplexml ---
[INFO] Changes detected - recompiling the module!
[INFO] Compiling 3 source files to /home/travis/build/passed/square/retrofit/retrofit-converters/simplexml/target/classes
[INFO] 
[INFO] --- maven-resources-plugin:2.6:testResources (default-testResources) @ converter-simplexml ---
[INFO] Using 'UTF-8' encoding to copy filtered resources.
[INFO] skip non existing resourceDirectory /home/travis/build/passed/square/retrofit/retrofit-converters/simplexml/src/test/resources
[INFO] 
[INFO] --- maven-compiler-plugin:3.0:testCompile (default-testCompile) @ converter-simplexml ---
[INFO] Changes detected - recompiling the module!
[INFO] Compiling 2 source files to /home/travis/build/passed/square/retrofit/retrofit-converters/simplexml/target/test-classes
[INFO] 
[INFO] --- maven-surefire-plugin:2.12.4:test (default-test) @ converter-simplexml ---
[INFO] Surefire report directory: /home/travis/build/passed/square/retrofit/retrofit-converters/simplexml/target/surefire-reports

-------------------------------------------------------
 T E S T S
-------------------------------------------------------
Running retrofit2.converter.simplexml.SimpleXmlConverterFactoryTest
Jul 25, 2022 6:43:00 AM okhttp3.mockwebserver.MockWebServer$3 execute
INFO: MockWebServer[44127] starting to accept connections
Jul 25, 2022 6:43:00 AM okhttp3.mockwebserver.MockWebServer$4 processOneRequest
INFO: MockWebServer[44127] received request: GET / HTTP/1.1 and responded: HTTP/1.1 200 OK
Jul 25, 2022 6:43:00 AM okhttp3.mockwebserver.MockWebServer$3 acceptConnections
INFO: MockWebServer[44127] done accepting connections: Socket closed
Jul 25, 2022 6:43:00 AM okhttp3.mockwebserver.MockWebServer$3 execute
INFO: MockWebServer[38457] starting to accept connections
Jul 25, 2022 6:43:00 AM okhttp3.mockwebserver.MockWebServer$4 processOneRequest
INFO: MockWebServer[38457] received request: GET / HTTP/1.1 and responded: HTTP/1.1 200 OK
Jul 25, 2022 6:43:01 AM okhttp3.mockwebserver.MockWebServer$3 acceptConnections
INFO: MockWebServer[38457] done accepting connections: Socket closed
Jul 25, 2022 6:43:01 AM okhttp3.mockwebserver.MockWebServer$3 execute
INFO: MockWebServer[54095] starting to accept connections
Jul 25, 2022 6:43:01 AM okhttp3.mockwebserver.MockWebServer$3 acceptConnections
INFO: MockWebServer[54095] done accepting connections: Socket closed
Jul 25, 2022 6:43:01 AM okhttp3.mockwebserver.MockWebServer$3 execute
INFO: MockWebServer[34903] starting to accept connections
Jul 25, 2022 6:43:01 AM okhttp3.mockwebserver.MockWebServer$4 processOneRequest
INFO: MockWebServer[34903] received request: POST / HTTP/1.1 and responded: HTTP/1.1 200 OK
Jul 25, 2022 6:43:01 AM okhttp3.mockwebserver.MockWebServer$3 acceptConnections
INFO: MockWebServer[34903] done accepting connections: Socket closed
Tests run: 4, Failures: 0, Errors: 0, Skipped: 0, Time elapsed: 0.508 sec

Results :

Tests run: 4, Failures: 0, Errors: 0, Skipped: 0

[INFO] 
[INFO] --- animal-sniffer-maven-plugin:1.14:check (default) @ converter-simplexml ---
[INFO] Checking unresolved references to org.codehaus.mojo.signature:java16:1.1
[INFO]                                                                         
[INFO] ------------------------------------------------------------------------
[INFO] Building Converter: Java Scalars 2.0.0-SNAPSHOT
[INFO] ------------------------------------------------------------------------
[INFO] 
[INFO] --- maven-enforcer-plugin:1.0:enforce (enforce-maven) @ converter-scalars ---
[INFO] 
[INFO] --- maven-resources-plugin:2.6:resources (default-resources) @ converter-scalars ---
[INFO] Using 'UTF-8' encoding to copy filtered resources.
[INFO] skip non existing resourceDirectory /home/travis/build/passed/square/retrofit/retrofit-converters/scalars/src/main/resources
[INFO] 
[INFO] --- maven-compiler-plugin:3.0:compile (default-compile) @ converter-scalars ---
[INFO] Changes detected - recompiling the module!
[INFO] Compiling 3 source files to /home/travis/build/passed/square/retrofit/retrofit-converters/scalars/target/classes
[INFO] 
[INFO] --- maven-resources-plugin:2.6:testResources (default-testResources) @ converter-scalars ---
[INFO] Using 'UTF-8' encoding to copy filtered resources.
[INFO] skip non existing resourceDirectory /home/travis/build/passed/square/retrofit/retrofit-converters/scalars/src/test/resources
[INFO] 
[INFO] --- maven-compiler-plugin:3.0:testCompile (default-testCompile) @ converter-scalars ---
[INFO] Changes detected - recompiling the module!
[INFO] Compiling 2 source files to /home/travis/build/passed/square/retrofit/retrofit-converters/scalars/target/test-classes
[INFO] 
[INFO] --- maven-surefire-plugin:2.12.4:test (default-test) @ converter-scalars ---
[INFO] Surefire report directory: /home/travis/build/passed/square/retrofit/retrofit-converters/scalars/target/surefire-reports

-------------------------------------------------------
 T E S T S
-------------------------------------------------------
Running retrofit2.converter.scalars.ScalarsConverterFactoryTest
Jul 25, 2022 6:43:01 AM okhttp3.mockwebserver.MockWebServer$3 execute
INFO: MockWebServer[45067] starting to accept connections
Jul 25, 2022 6:43:02 AM okhttp3.mockwebserver.MockWebServer$4 processOneRequest
INFO: MockWebServer[45067] received request: POST / HTTP/1.1 and responded: HTTP/1.1 200 OK
Jul 25, 2022 6:43:02 AM okhttp3.mockwebserver.MockWebServer$3 acceptConnections
INFO: MockWebServer[45067] done accepting connections: Socket closed
Jul 25, 2022 6:43:02 AM okhttp3.mockwebserver.MockWebServer$3 execute
INFO: MockWebServer[56427] starting to accept connections
Jul 25, 2022 6:43:02 AM okhttp3.mockwebserver.MockWebServer$3 acceptConnections
INFO: MockWebServer[56427] done accepting connections: Socket closed
Jul 25, 2022 6:43:02 AM okhttp3.mockwebserver.MockWebServer$3 execute
INFO: MockWebServer[42269] starting to accept connections
Jul 25, 2022 6:43:02 AM okhttp3.mockwebserver.MockWebServer$4 processOneRequest
INFO: MockWebServer[42269] received request: GET / HTTP/1.1 and responded: HTTP/1.1 200 OK
Jul 25, 2022 6:43:02 AM okhttp3.mockwebserver.MockWebServer$4 processOneRequest
INFO: MockWebServer[42269] received request: GET / HTTP/1.1 and responded: HTTP/1.1 200 OK
Jul 25, 2022 6:43:02 AM okhttp3.mockwebserver.MockWebServer$4 processOneRequest
INFO: MockWebServer[42269] received request: GET / HTTP/1.1 and responded: HTTP/1.1 200 OK
Jul 25, 2022 6:43:02 AM okhttp3.mockwebserver.MockWebServer$4 processOneRequest
INFO: MockWebServer[42269] received request: GET / HTTP/1.1 and responded: HTTP/1.1 200 OK
Jul 25, 2022 6:43:02 AM okhttp3.mockwebserver.MockWebServer$4 processOneRequest
INFO: MockWebServer[42269] received request: GET / HTTP/1.1 and responded: HTTP/1.1 200 OK
Jul 25, 2022 6:43:02 AM okhttp3.mockwebserver.MockWebServer$4 processOneRequest
INFO: MockWebServer[42269] received request: GET / HTTP/1.1 and responded: HTTP/1.1 200 OK
Jul 25, 2022 6:43:02 AM okhttp3.mockwebserver.MockWebServer$4 processOneRequest
INFO: MockWebServer[42269] received request: GET / HTTP/1.1 and responded: HTTP/1.1 200 OK
Jul 25, 2022 6:43:02 AM okhttp3.mockwebserver.MockWebServer$4 processOneRequest
INFO: MockWebServer[42269] received request: GET / HTTP/1.1 and responded: HTTP/1.1 200 OK
Jul 25, 2022 6:43:02 AM okhttp3.mockwebserver.MockWebServer$4 processOneRequest
INFO: MockWebServer[42269] received request: GET / HTTP/1.1 and responded: HTTP/1.1 200 OK
Jul 25, 2022 6:43:02 AM okhttp3.mockwebserver.MockWebServer$4 processOneRequest
INFO: MockWebServer[42269] received request: GET / HTTP/1.1 and responded: HTTP/1.1 200 OK
Jul 25, 2022 6:43:02 AM okhttp3.mockwebserver.MockWebServer$4 processOneRequest
INFO: MockWebServer[42269] received request: GET / HTTP/1.1 and responded: HTTP/1.1 200 OK
Jul 25, 2022 6:43:02 AM okhttp3.mockwebserver.MockWebServer$3 acceptConnections
INFO: MockWebServer[42269] done accepting connections: Socket closed
Jul 25, 2022 6:43:02 AM okhttp3.mockwebserver.MockWebServer$3 execute
INFO: MockWebServer[57785] starting to accept connections
Jul 25, 2022 6:43:02 AM okhttp3.mockwebserver.MockWebServer$4 processOneRequest
INFO: MockWebServer[57785] received request: POST / HTTP/1.1 and responded: HTTP/1.1 200 OK
Jul 25, 2022 6:43:02 AM okhttp3.mockwebserver.MockWebServer$4 processOneRequest
INFO: MockWebServer[57785] received request: POST / HTTP/1.1 and responded: HTTP/1.1 200 OK
Jul 25, 2022 6:43:02 AM okhttp3.mockwebserver.MockWebServer$4 processOneRequest
INFO: MockWebServer[57785] received request: POST / HTTP/1.1 and responded: HTTP/1.1 200 OK
Jul 25, 2022 6:43:02 AM okhttp3.mockwebserver.MockWebServer$4 processOneRequest
INFO: MockWebServer[57785] received request: POST / HTTP/1.1 and responded: HTTP/1.1 200 OK
Jul 25, 2022 6:43:02 AM okhttp3.mockwebserver.MockWebServer$4 processOneRequest
INFO: MockWebServer[57785] received request: POST / HTTP/1.1 and responded: HTTP/1.1 200 OK
Jul 25, 2022 6:43:02 AM okhttp3.mockwebserver.MockWebServer$4 processOneRequest
INFO: MockWebServer[57785] received request: POST / HTTP/1.1 and responded: HTTP/1.1 200 OK
Jul 25, 2022 6:43:02 AM okhttp3.mockwebserver.MockWebServer$4 processOneRequest
INFO: MockWebServer[57785] received request: POST / HTTP/1.1 and responded: HTTP/1.1 200 OK
Jul 25, 2022 6:43:02 AM okhttp3.mockwebserver.MockWebServer$4 processOneRequest
INFO: MockWebServer[57785] received request: POST / HTTP/1.1 and responded: HTTP/1.1 200 OK
Jul 25, 2022 6:43:02 AM okhttp3.mockwebserver.MockWebServer$4 processOneRequest
INFO: MockWebServer[57785] received request: POST / HTTP/1.1 and responded: HTTP/1.1 200 OK
Jul 25, 2022 6:43:02 AM okhttp3.mockwebserver.MockWebServer$4 processOneRequest
INFO: MockWebServer[57785] received request: POST / HTTP/1.1 and responded: HTTP/1.1 200 OK
Jul 25, 2022 6:43:02 AM okhttp3.mockwebserver.MockWebServer$4 processOneRequest
INFO: MockWebServer[57785] received request: POST / HTTP/1.1 and responded: HTTP/1.1 200 OK
Jul 25, 2022 6:43:02 AM okhttp3.mockwebserver.MockWebServer$4 processOneRequest
INFO: MockWebServer[57785] received request: POST / HTTP/1.1 and responded: HTTP/1.1 200 OK
Jul 25, 2022 6:43:02 AM okhttp3.mockwebserver.MockWebServer$4 processOneRequest
INFO: MockWebServer[57785] received request: POST / HTTP/1.1 and responded: HTTP/1.1 200 OK
Jul 25, 2022 6:43:02 AM okhttp3.mockwebserver.MockWebServer$4 processOneRequest
INFO: MockWebServer[57785] received request: POST / HTTP/1.1 and responded: HTTP/1.1 200 OK
Jul 25, 2022 6:43:02 AM okhttp3.mockwebserver.MockWebServer$4 processOneRequest
INFO: MockWebServer[57785] received request: POST / HTTP/1.1 and responded: HTTP/1.1 200 OK
Jul 25, 2022 6:43:02 AM okhttp3.mockwebserver.MockWebServer$4 processOneRequest
INFO: MockWebServer[57785] received request: POST / HTTP/1.1 and responded: HTTP/1.1 200 OK
Jul 25, 2022 6:43:02 AM okhttp3.mockwebserver.MockWebServer$4 processOneRequest
INFO: MockWebServer[57785] received request: POST / HTTP/1.1 and responded: HTTP/1.1 200 OK
Jul 25, 2022 6:43:02 AM okhttp3.mockwebserver.MockWebServer$3 acceptConnections
INFO: MockWebServer[57785] done accepting connections: Socket closed
Jul 25, 2022 6:43:02 AM okhttp3.mockwebserver.MockWebServer$3 execute
INFO: MockWebServer[54325] starting to accept connections
Jul 25, 2022 6:43:02 AM okhttp3.mockwebserver.MockWebServer$3 acceptConnections
INFO: MockWebServer[54325] done accepting connections: Socket closed
Tests run: 5, Failures: 0, Errors: 0, Skipped: 0, Time elapsed: 0.857 sec
Running retrofit2.converter.scalars.ScalarsConverterPrimitivesFactoryTest
Jul 25, 2022 6:43:02 AM okhttp3.mockwebserver.MockWebServer$3 execute
INFO: MockWebServer[54741] starting to accept connections
Jul 25, 2022 6:43:02 AM okhttp3.mockwebserver.MockWebServer$4 processOneRequest
INFO: MockWebServer[54741] received request: GET / HTTP/1.1 and responded: HTTP/1.1 200 OK
Jul 25, 2022 6:43:02 AM okhttp3.mockwebserver.MockWebServer$4 processOneRequest
INFO: MockWebServer[54741] received request: GET / HTTP/1.1 and responded: HTTP/1.1 200 OK
Jul 25, 2022 6:43:02 AM okhttp3.mockwebserver.MockWebServer$4 processOneRequest
INFO: MockWebServer[54741] received request: GET / HTTP/1.1 and responded: HTTP/1.1 200 OK
Jul 25, 2022 6:43:02 AM okhttp3.mockwebserver.MockWebServer$4 processOneRequest
INFO: MockWebServer[54741] received request: GET / HTTP/1.1 and responded: HTTP/1.1 200 OK
Jul 25, 2022 6:43:02 AM okhttp3.mockwebserver.MockWebServer$4 processOneRequest
INFO: MockWebServer[54741] received request: GET / HTTP/1.1 and responded: HTTP/1.1 200 OK
Jul 25, 2022 6:43:02 AM okhttp3.mockwebserver.MockWebServer$4 processOneRequest
INFO: MockWebServer[54741] received request: GET / HTTP/1.1 and responded: HTTP/1.1 200 OK
Jul 25, 2022 6:43:02 AM okhttp3.mockwebserver.MockWebServer$4 processOneRequest
INFO: MockWebServer[54741] received request: GET / HTTP/1.1 and responded: HTTP/1.1 200 OK
Jul 25, 2022 6:43:02 AM okhttp3.mockwebserver.MockWebServer$4 processOneRequest
INFO: MockWebServer[54741] received request: GET / HTTP/1.1 and responded: HTTP/1.1 200 OK
Jul 25, 2022 6:43:02 AM okhttp3.mockwebserver.MockWebServer$4 processOneRequest
INFO: MockWebServer[54741] received request: GET / HTTP/1.1 and responded: HTTP/1.1 200 OK
Jul 25, 2022 6:43:02 AM okhttp3.mockwebserver.MockWebServer$4 processOneRequest
INFO: MockWebServer[54741] received request: GET / HTTP/1.1 and responded: HTTP/1.1 200 OK
Jul 25, 2022 6:43:02 AM okhttp3.mockwebserver.MockWebServer$3 acceptConnections
INFO: MockWebServer[54741] done accepting connections: Socket closed
Tests run: 1, Failures: 0, Errors: 0, Skipped: 0, Time elapsed: 0.363 sec

Results :

Tests run: 6, Failures: 0, Errors: 0, Skipped: 0

[INFO] 
[INFO] --- animal-sniffer-maven-plugin:1.14:check (default) @ converter-scalars ---
[INFO] Checking unresolved references to org.codehaus.mojo.signature:java16:1.1
[INFO]                                                                         
[INFO] ------------------------------------------------------------------------
[INFO] Building Converter: Moshi 2.0.0-SNAPSHOT
[INFO] ------------------------------------------------------------------------
[INFO] 
[INFO] --- maven-enforcer-plugin:1.0:enforce (enforce-maven) @ converter-moshi ---
[INFO] 
[INFO] --- maven-resources-plugin:2.6:resources (default-resources) @ converter-moshi ---
[INFO] Using 'UTF-8' encoding to copy filtered resources.
[INFO] skip non existing resourceDirectory /home/travis/build/passed/square/retrofit/retrofit-converters/moshi/src/main/resources
[INFO] 
[INFO] --- maven-compiler-plugin:3.0:compile (default-compile) @ converter-moshi ---
[INFO] Changes detected - recompiling the module!
[INFO] Compiling 3 source files to /home/travis/build/passed/square/retrofit/retrofit-converters/moshi/target/classes
[INFO] 
[INFO] --- maven-resources-plugin:2.6:testResources (default-testResources) @ converter-moshi ---
[INFO] Using 'UTF-8' encoding to copy filtered resources.
[INFO] skip non existing resourceDirectory /home/travis/build/passed/square/retrofit/retrofit-converters/moshi/src/test/resources
[INFO] 
[INFO] --- maven-compiler-plugin:3.0:testCompile (default-testCompile) @ converter-moshi ---
[INFO] Changes detected - recompiling the module!
[INFO] Compiling 1 source file to /home/travis/build/passed/square/retrofit/retrofit-converters/moshi/target/test-classes
[INFO] 
[INFO] --- maven-surefire-plugin:2.12.4:test (default-test) @ converter-moshi ---
[INFO] Surefire report directory: /home/travis/build/passed/square/retrofit/retrofit-converters/moshi/target/surefire-reports

-------------------------------------------------------
 T E S T S
-------------------------------------------------------
Running retrofit2.converter.moshi.MoshiConverterFactoryTest
Jul 25, 2022 6:43:03 AM okhttp3.mockwebserver.MockWebServer$3 execute
INFO: MockWebServer[43061] starting to accept connections
Jul 25, 2022 6:43:03 AM okhttp3.mockwebserver.MockWebServer$4 processOneRequest
INFO: MockWebServer[43061] received request: POST / HTTP/1.1 and responded: HTTP/1.1 200 OK
Jul 25, 2022 6:43:03 AM okhttp3.mockwebserver.MockWebServer$3 acceptConnections
INFO: MockWebServer[43061] done accepting connections: Socket closed
Jul 25, 2022 6:43:03 AM okhttp3.mockwebserver.MockWebServer$3 execute
INFO: MockWebServer[45249] starting to accept connections
Jul 25, 2022 6:43:03 AM okhttp3.mockwebserver.MockWebServer$4 processOneRequest
INFO: MockWebServer[45249] received request: POST / HTTP/1.1 and responded: HTTP/1.1 200 OK
Jul 25, 2022 6:43:03 AM okhttp3.mockwebserver.MockWebServer$3 acceptConnections
INFO: MockWebServer[45249] done accepting connections: Socket closed
Jul 25, 2022 6:43:03 AM okhttp3.mockwebserver.MockWebServer$3 execute
INFO: MockWebServer[35523] starting to accept connections
Jul 25, 2022 6:43:03 AM okhttp3.mockwebserver.MockWebServer$4 processOneRequest
INFO: MockWebServer[35523] received request: POST / HTTP/1.1 and responded: HTTP/1.1 200 OK
Jul 25, 2022 6:43:03 AM okhttp3.mockwebserver.MockWebServer$3 acceptConnections
INFO: MockWebServer[35523] done accepting connections: Socket closed
Jul 25, 2022 6:43:03 AM okhttp3.mockwebserver.MockWebServer$3 execute
INFO: MockWebServer[38859] starting to accept connections
Jul 25, 2022 6:43:03 AM okhttp3.mockwebserver.MockWebServer$4 processOneRequest
INFO: MockWebServer[38859] received request: POST / HTTP/1.1 and responded: HTTP/1.1 200 OK
Jul 25, 2022 6:43:03 AM okhttp3.mockwebserver.MockWebServer$4 processOneRequest
INFO: MockWebServer[38859] received request: POST / HTTP/1.1 and responded: HTTP/1.1 200 OK
Jul 25, 2022 6:43:03 AM okhttp3.mockwebserver.MockWebServer$3 acceptConnections
INFO: MockWebServer[38859] done accepting connections: Socket closed
Tests run: 4, Failures: 0, Errors: 0, Skipped: 0, Time elapsed: 0.467 sec

Results :

Tests run: 4, Failures: 0, Errors: 0, Skipped: 0

[INFO] 
[INFO] --- animal-sniffer-maven-plugin:1.14:check (default) @ converter-moshi ---
[INFO] Checking unresolved references to org.codehaus.mojo.signature:java16:1.1
[INFO]                                                                         
[INFO] ------------------------------------------------------------------------
[INFO] Building Retrofit Mock Adapter 2.0.0-SNAPSHOT
[INFO] ------------------------------------------------------------------------
[INFO] 
[INFO] --- maven-enforcer-plugin:1.0:enforce (enforce-maven) @ retrofit-mock ---
[INFO] 
[INFO] --- maven-resources-plugin:2.6:resources (default-resources) @ retrofit-mock ---
[INFO] Using 'UTF-8' encoding to copy filtered resources.
[INFO] skip non existing resourceDirectory /home/travis/build/passed/square/retrofit/retrofit-mock/src/main/resources
[INFO] 
[INFO] --- maven-compiler-plugin:3.0:compile (default-compile) @ retrofit-mock ---
[INFO] Changes detected - recompiling the module!
[INFO] Compiling 5 source files to /home/travis/build/passed/square/retrofit/retrofit-mock/target/classes
[INFO] 
[INFO] --- maven-resources-plugin:2.6:testResources (default-testResources) @ retrofit-mock ---
[INFO] Using 'UTF-8' encoding to copy filtered resources.
[INFO] skip non existing resourceDirectory /home/travis/build/passed/square/retrofit/retrofit-mock/src/test/resources
[INFO] 
[INFO] --- maven-compiler-plugin:3.0:testCompile (default-testCompile) @ retrofit-mock ---
[INFO] Changes detected - recompiling the module!
[INFO] Compiling 3 source files to /home/travis/build/passed/square/retrofit/retrofit-mock/target/test-classes
[INFO] 
[INFO] --- maven-surefire-plugin:2.12.4:test (default-test) @ retrofit-mock ---
[INFO] Surefire report directory: /home/travis/build/passed/square/retrofit/retrofit-mock/target/surefire-reports

-------------------------------------------------------
 T E S T S
-------------------------------------------------------
Running retrofit2.mock.BehaviorDelegateTest
Tests run: 10, Failures: 0, Errors: 0, Skipped: 0, Time elapsed: 1.196 sec
Running retrofit2.mock.MockRetrofitTest
Tests run: 8, Failures: 0, Errors: 0, Skipped: 0, Time elapsed: 0.054 sec
Running retrofit2.mock.NetworkBehaviorTest
Tests run: 5, Failures: 0, Errors: 0, Skipped: 0, Time elapsed: 0.041 sec

Results :

Tests run: 23, Failures: 0, Errors: 0, Skipped: 0

[INFO] 
[INFO] --- animal-sniffer-maven-plugin:1.14:check (default) @ retrofit-mock ---
[INFO] Checking unresolved references to org.codehaus.mojo.signature:java16:1.1
[INFO]                                                                         
[INFO] ------------------------------------------------------------------------
[INFO] Building Samples 2.0.0-SNAPSHOT
[INFO] ------------------------------------------------------------------------
[INFO] 
[INFO] --- maven-enforcer-plugin:1.0:enforce (enforce-maven) @ samples ---
[INFO] 
[INFO] --- maven-resources-plugin:2.6:resources (default-resources) @ samples ---
[INFO] Using 'UTF-8' encoding to copy filtered resources.
[INFO] skip non existing resourceDirectory /home/travis/build/passed/square/retrofit/samples/src/main/resources
[INFO] 
[INFO] --- maven-compiler-plugin:3.0:compile (default-compile) @ samples ---
[INFO] Changes detected - recompiling the module!
[INFO] Compiling 7 source files to /home/travis/build/passed/square/retrofit/samples/target/classes
[INFO] 
[INFO] --- maven-resources-plugin:2.6:testResources (default-testResources) @ samples ---
[INFO] Using 'UTF-8' encoding to copy filtered resources.
[INFO] skip non existing resourceDirectory /home/travis/build/passed/square/retrofit/samples/src/test/resources
[INFO] 
[INFO] --- maven-compiler-plugin:3.0:testCompile (default-testCompile) @ samples ---
[INFO] No sources to compile
[INFO] 
[INFO] --- maven-surefire-plugin:2.12.4:test (default-test) @ samples ---
[INFO] No tests to run.
[INFO] 
[INFO] --- animal-sniffer-maven-plugin:1.14:check (default) @ samples ---
[INFO] Checking unresolved references to org.codehaus.mojo.signature:java16:1.1
[INFO] ------------------------------------------------------------------------
[INFO] Reactor Summary:
[INFO] 
[INFO] Retrofit (Parent) .................................. SUCCESS [  0.934 s]
[INFO] Retrofit ........................................... SUCCESS [ 32.555 s]
[INFO] Adapters ........................................... SUCCESS [  0.259 s]
[INFO] Adapter: Guava ..................................... SUCCESS [  1.312 s]
[INFO] Adapter: Java 8 .................................... SUCCESS [  1.256 s]
[INFO] Adapter: RxJava .................................... SUCCESS [  1.650 s]
[INFO] Converters ......................................... SUCCESS [  0.225 s]
[INFO] Converter: Gson .................................... SUCCESS [  1.168 s]
[INFO] Converter: Protocol Buffers ........................ SUCCESS [  1.156 s]
[INFO] Converter: Jackson ................................. SUCCESS [  1.432 s]
[INFO] Converter: Wire Protocol Buffers ................... SUCCESS [  1.235 s]
[INFO] Converter: SimpleXML ............................... SUCCESS [  1.202 s]
[INFO] Converter: Java Scalars ............................ SUCCESS [  1.775 s]
[INFO] Converter: Moshi ................................... SUCCESS [  1.040 s]
[INFO] Retrofit Mock Adapter .............................. SUCCESS [  1.947 s]
[INFO] Samples ............................................ SUCCESS [  0.768 s]
[INFO] ------------------------------------------------------------------------
[INFO] BUILD SUCCESS
[INFO] ------------------------------------------------------------------------
[INFO] Total time: 50.183 s
[INFO] Finished at: 2022-07-25T06:43:06+00:00
[INFO] Final Memory: 37M/344M
[INFO] ------------------------------------------------------------------------

travis_time:end:3edbcffa:start=1658731335554226495,finish=1658731392688651498,duration=57134425003[0K
[32;1mThe command "mvn -o test -Dhttps.protocols=TLSv1.2 -B" exited with 0.[0m
travis_fold:start:cache.2[0Kstore build cache
travis_time:start:06a35f70[0K
travis_time:end:06a35f70:start=1658731392699070962,finish=1658731392707199907,duration=8128945[0Ktravis_time:start:0085c821[0K/home/travis/.casher/bin/casher:190: warning: Insecure world writable dir /home/travis/build/passed/square/retrofit/. in PATH, mode 040777
[32;1mchanges detected, packing new archive[0m
/home/travis/.casher/bin/casher:213:in `cache_archive_name': undefined method `[]' for nil:NilClass (NoMethodError)
	from /home/travis/.casher/bin/casher:143:in `push'
	from /home/travis/.casher/bin/casher:53:in `block in run'
	from /home/travis/.rvm/rubies/ruby-1.9.3-p551/lib/ruby/1.9.1/timeout.rb:69:in `timeout'
	from /home/travis/.casher/bin/casher:53:in `run'
	from /home/travis/.casher/bin/casher:263:in `<main>'
.

travis_time:end:0085c821:start=1658731392716724156,finish=1658731402508584502,duration=9791860346[0Ktravis_fold:end:cache.2[0Ktravis_fold:start:after_success[0Ktravis_time:start:1733caea[0K$ .buildscript/deploy_snapshot.sh
Skipping snapshot deployment: wrong branch. Expected 'master' but was ''.

travis_time:end:1733caea:start=1658731402517688891,finish=1658731402552086724,duration=34397833[0Ktravis_fold:end:after_success[0K
Done. Your build exited with 0.
