travis_fold:start:system_info[0K[33;1mBuild system information[0m
Build language: java
Build id: ''
Job id: ''
[34m[1mBuild image provisioning date and time[0m
Thu Feb  5 15:09:33 UTC 2015
[34m[1mOperating System Details[0m
Distributor ID:	Ubuntu
Description:	Ubuntu 12.04.5 LTS
Release:	12.04
Codename:	precise
[34m[1mLinux Version[0m
3.13.0-29-generic
[34m[1mCookbooks Version[0m
a68419e https://github.com/travis-ci/travis-cookbooks/tree/a68419e
[34m[1mGCC version[0m
gcc (Ubuntu/Linaro 4.6.3-1ubuntu5) 4.6.3
Copyright (C) 2011 Free Software Foundation, Inc.
This is free software; see the source for copying conditions.  There is NO
warranty; not even for MERCHANTABILITY or FITNESS FOR A PARTICULAR PURPOSE.

[34m[1mLLVM version[0m
clang version 3.4 (tags/RELEASE_34/final)
Target: x86_64-unknown-linux-gnu
Thread model: posix
[34m[1mPre-installed Ruby versions[0m
ruby-1.9.3-p551
[34m[1mPre-installed Node.js versions[0m
v0.10.36
[34m[1mPre-installed Go versions[0m
1.4.1
[34m[1mRedis version[0m
redis-server 2.8.19
[34m[1mriak version[0m
2.0.2
[34m[1mMongoDB version[0m
MongoDB 2.4.12
[34m[1mCouchDB version[0m
couchdb 1.6.1
[34m[1mNeo4j version[0m
1.9.4
[34m[1mRabbitMQ Version[0m
3.4.3
[34m[1mElasticSearch version[0m
1.4.0
[34m[1mInstalled Sphinx versions[0m
2.0.10
2.1.9
2.2.6
[34m[1mDefault Sphinx version[0m
2.2.6
[34m[1mInstalled Firefox version[0m
firefox 31.0esr
[34m[1mPhantomJS version[0m
1.9.8
[34m[1mant -version[0m
Apache Ant(TM) version 1.8.2 compiled on December 3 2011
[34m[1mmvn -version[0m
Apache Maven 3.2.5 (12a6b3acb947671f09b81f49094c53f426d8cea1; 2014-12-14T17:29:23+00:00)
Maven home: /usr/local/maven
Java version: 1.7.0_76, vendor: Oracle Corporation
Java home: /usr/lib/jvm/java-7-oracle/jre
Default locale: en_US, platform encoding: ANSI_X3.4-1968
OS name: "linux", version: "3.13.0-29-generic", arch: "amd64", family: "unix"
travis_fold:end:system_info[0K
W: Failed to fetch http://us.archive.ubuntu.com/ubuntu/dists/precise/main/source/Sources  404  Not Found [IP: 91.189.91.38 80]

W: Failed to fetch http://us.archive.ubuntu.com/ubuntu/dists/precise/restricted/source/Sources  404  Not Found [IP: 91.189.91.38 80]

W: Failed to fetch http://us.archive.ubuntu.com/ubuntu/dists/precise/universe/source/Sources  404  Not Found [IP: 91.189.91.38 80]

W: Failed to fetch http://us.archive.ubuntu.com/ubuntu/dists/precise/multiverse/source/Sources  404  Not Found [IP: 91.189.91.38 80]

W: Failed to fetch http://us.archive.ubuntu.com/ubuntu/dists/precise/main/binary-amd64/Packages  404  Not Found [IP: 91.189.91.38 80]

W: Failed to fetch http://us.archive.ubuntu.com/ubuntu/dists/precise/restricted/binary-amd64/Packages  404  Not Found [IP: 91.189.91.38 80]

W: Failed to fetch http://us.archive.ubuntu.com/ubuntu/dists/precise/universe/binary-amd64/Packages  404  Not Found [IP: 91.189.91.38 80]

W: Failed to fetch http://us.archive.ubuntu.com/ubuntu/dists/precise/multiverse/binary-amd64/Packages  404  Not Found [IP: 91.189.91.38 80]

W: Failed to fetch http://us.archive.ubuntu.com/ubuntu/dists/precise/main/binary-i386/Packages  404  Not Found [IP: 91.189.91.38 80]

W: Failed to fetch http://us.archive.ubuntu.com/ubuntu/dists/precise/restricted/binary-i386/Packages  404  Not Found [IP: 91.189.91.38 80]

W: Failed to fetch http://us.archive.ubuntu.com/ubuntu/dists/precise/universe/binary-i386/Packages  404  Not Found [IP: 91.189.91.38 80]

W: Failed to fetch http://us.archive.ubuntu.com/ubuntu/dists/precise/multiverse/binary-i386/Packages  404  Not Found [IP: 91.189.91.38 80]

W: Failed to fetch http://us.archive.ubuntu.com/ubuntu/dists/precise-updates/main/source/Sources  404  Not Found [IP: 91.189.91.38 80]

W: Failed to fetch http://us.archive.ubuntu.com/ubuntu/dists/precise-updates/restricted/source/Sources  404  Not Found [IP: 91.189.91.38 80]

W: Failed to fetch http://us.archive.ubuntu.com/ubuntu/dists/precise-updates/universe/source/Sources  404  Not Found [IP: 91.189.91.38 80]

W: Failed to fetch http://us.archive.ubuntu.com/ubuntu/dists/precise-updates/multiverse/source/Sources  404  Not Found [IP: 91.189.91.38 80]

W: Failed to fetch http://us.archive.ubuntu.com/ubuntu/dists/precise-updates/main/binary-amd64/Packages  404  Not Found [IP: 91.189.91.38 80]

W: Failed to fetch http://us.archive.ubuntu.com/ubuntu/dists/precise-updates/restricted/binary-amd64/Packages  404  Not Found [IP: 91.189.91.38 80]

W: Failed to fetch http://us.archive.ubuntu.com/ubuntu/dists/precise-updates/universe/binary-amd64/Packages  404  Not Found [IP: 91.189.91.38 80]

W: Failed to fetch http://us.archive.ubuntu.com/ubuntu/dists/precise-updates/multiverse/binary-amd64/Packages  404  Not Found [IP: 91.189.91.38 80]

W: Failed to fetch http://us.archive.ubuntu.com/ubuntu/dists/precise-updates/main/binary-i386/Packages  404  Not Found [IP: 91.189.91.38 80]

W: Failed to fetch http://us.archive.ubuntu.com/ubuntu/dists/precise-updates/restricted/binary-i386/Packages  404  Not Found [IP: 91.189.91.38 80]

W: Failed to fetch http://us.archive.ubuntu.com/ubuntu/dists/precise-updates/universe/binary-i386/Packages  404  Not Found [IP: 91.189.91.38 80]

W: Failed to fetch http://us.archive.ubuntu.com/ubuntu/dists/precise-updates/multiverse/binary-i386/Packages  404  Not Found [IP: 91.189.91.38 80]

W: Failed to fetch http://us.archive.ubuntu.com/ubuntu/dists/precise-backports/main/source/Sources  404  Not Found [IP: 91.189.91.38 80]

W: Failed to fetch http://us.archive.ubuntu.com/ubuntu/dists/precise-backports/restricted/source/Sources  404  Not Found [IP: 91.189.91.38 80]

W: Failed to fetch http://us.archive.ubuntu.com/ubuntu/dists/precise-backports/universe/source/Sources  404  Not Found [IP: 91.189.91.38 80]

W: Failed to fetch http://us.archive.ubuntu.com/ubuntu/dists/precise-backports/multiverse/source/Sources  404  Not Found [IP: 91.189.91.38 80]

W: Failed to fetch http://us.archive.ubuntu.com/ubuntu/dists/precise-backports/main/binary-amd64/Packages  404  Not Found [IP: 91.189.91.38 80]

W: Failed to fetch http://us.archive.ubuntu.com/ubuntu/dists/precise-backports/restricted/binary-amd64/Packages  404  Not Found [IP: 91.189.91.38 80]

W: Failed to fetch http://us.archive.ubuntu.com/ubuntu/dists/precise-backports/universe/binary-amd64/Packages  404  Not Found [IP: 91.189.91.38 80]

W: Failed to fetch http://us.archive.ubuntu.com/ubuntu/dists/precise-backports/multiverse/binary-amd64/Packages  404  Not Found [IP: 91.189.91.38 80]

W: Failed to fetch http://us.archive.ubuntu.com/ubuntu/dists/precise-backports/main/binary-i386/Packages  404  Not Found [IP: 91.189.91.38 80]

W: Failed to fetch http://us.archive.ubuntu.com/ubuntu/dists/precise-backports/restricted/binary-i386/Packages  404  Not Found [IP: 91.189.91.38 80]

W: Failed to fetch http://us.archive.ubuntu.com/ubuntu/dists/precise-backports/universe/binary-i386/Packages  404  Not Found [IP: 91.189.91.38 80]

W: Failed to fetch http://us.archive.ubuntu.com/ubuntu/dists/precise-backports/multiverse/binary-i386/Packages  404  Not Found [IP: 91.189.91.38 80]

W: Failed to fetch http://security.ubuntu.com/ubuntu/dists/precise-security/main/source/Sources  404  Not Found [IP: 91.189.88.142 80]

W: Failed to fetch http://security.ubuntu.com/ubuntu/dists/precise-security/restricted/source/Sources  404  Not Found [IP: 91.189.88.142 80]

W: Failed to fetch http://security.ubuntu.com/ubuntu/dists/precise-security/universe/source/Sources  404  Not Found [IP: 91.189.88.142 80]

W: Failed to fetch http://security.ubuntu.com/ubuntu/dists/precise-security/multiverse/source/Sources  404  Not Found [IP: 91.189.88.142 80]

W: Failed to fetch http://security.ubuntu.com/ubuntu/dists/precise-security/main/binary-amd64/Packages  404  Not Found [IP: 91.189.88.142 80]

W: Failed to fetch http://security.ubuntu.com/ubuntu/dists/precise-security/restricted/binary-amd64/Packages  404  Not Found [IP: 91.189.88.142 80]

W: Failed to fetch http://security.ubuntu.com/ubuntu/dists/precise-security/universe/binary-amd64/Packages  404  Not Found [IP: 91.189.88.142 80]

W: Failed to fetch http://security.ubuntu.com/ubuntu/dists/precise-security/multiverse/binary-amd64/Packages  404  Not Found [IP: 91.189.88.142 80]

W: Failed to fetch http://security.ubuntu.com/ubuntu/dists/precise-security/main/binary-i386/Packages  404  Not Found [IP: 91.189.88.142 80]

W: Failed to fetch http://security.ubuntu.com/ubuntu/dists/precise-security/restricted/binary-i386/Packages  404  Not Found [IP: 91.189.88.142 80]

W: Failed to fetch http://security.ubuntu.com/ubuntu/dists/precise-security/universe/binary-i386/Packages  404  Not Found [IP: 91.189.88.142 80]

W: Failed to fetch http://security.ubuntu.com/ubuntu/dists/precise-security/multiverse/binary-i386/Packages  404  Not Found [IP: 91.189.88.142 80]

W: Failed to fetch http://apt.postgresql.org/pub/repos/apt/dists/precise-pgdg/main/binary-amd64/Packages  404  Not Found [IP: 87.238.57.227 80]

W: Failed to fetch http://apt.postgresql.org/pub/repos/apt/dists/precise-pgdg/main/binary-i386/Packages  404  Not Found [IP: 87.238.57.227 80]

W: Failed to fetch http://ppa.launchpad.net/travis-ci/zero-mq/ubuntu/dists/precise/main/binary-amd64/Packages  403  Forbidden

W: Failed to fetch http://ppa.launchpad.net/travis-ci/zero-mq/ubuntu/dists/precise/main/binary-i386/Packages  403  Forbidden

W: Failed to fetch http://downloads-distro.mongodb.org/repo/debian-sysvinit/dists/dist/10gen/binary-amd64/Packages  Undetermined Error [IP: 54.175.147.155 80]

W: Failed to fetch http://downloads-distro.mongodb.org/repo/debian-sysvinit/dists/dist/10gen/binary-i386/Packages  Undetermined Error [IP: 54.175.147.155 80]

E: Some index files failed to download. They have been ignored, or old ones used instead.
sed: cannot rename /etc/hosts: Device or resource busy
sed: cannot rename /etc/hosts: Device or resource busy
$ jdk_switcher use oraclejdk7
Switching to Oracle JDK7 (java-7-oracle), JAVA_HOME will be set to /usr/lib/jvm/java-7-oracle
$ cd passed/davidmoten/rxjava-jdbc
$ java -Xmx32m -version
java version "1.7.0_76"
Java(TM) SE Runtime Environment (build 1.7.0_76-b13)
Java HotSpot(TM) 64-Bit Server VM (build 24.76-b04, mixed mode)
$ javac -J-Xmx32m -version
javac 1.7.0_76
travis_fold:start:install[0Ktravis_time:start:195de818[0K$ mvn -o install -Dhttps.protocols=TLSv1.2 -Dhttps.protocols=TLSv1.2 -DskipTests=true -Dmaven.javadoc.skip=true -B -V
Apache Maven 3.2.5 (12a6b3acb947671f09b81f49094c53f426d8cea1; 2014-12-14T17:29:23+00:00)
Maven home: /usr/local/maven
Java version: 1.7.0_76, vendor: Oracle Corporation
Java home: /usr/lib/jvm/java-7-oracle/jre
Default locale: en_US, platform encoding: UTF-8
OS name: "linux", version: "4.15.0-109-generic", arch: "amd64", family: "unix"
[INFO] Scanning for projects...
[INFO] Inspecting build with total of 1 modules...
[INFO] Installing Nexus Staging features:
[INFO]   ... total of 1 executions of maven-deploy-plugin replaced with nexus-staging-maven-plugin
[INFO]                                                                         
[INFO] ------------------------------------------------------------------------
[INFO] Building rxjava-jdbc 0.5.11-SNAPSHOT
[INFO] ------------------------------------------------------------------------
[INFO] 
[INFO] --- maven-resources-plugin:2.6:resources (default-resources) @ rxjava-jdbc ---
[INFO] Using 'UTF-8' encoding to copy filtered resources.
[INFO] skip non existing resourceDirectory /home/travis/build/passed/davidmoten/rxjava-jdbc/src/main/resources
[INFO] 
[INFO] --- maven-compiler-plugin:3.1:compile (default-compile) @ rxjava-jdbc ---
[INFO] Changes detected - recompiling the module!
[INFO] Compiling 46 source files to /home/travis/build/passed/davidmoten/rxjava-jdbc/target/classes
[INFO] 
[INFO] --- maven-resources-plugin:2.6:testResources (default-testResources) @ rxjava-jdbc ---
[INFO] Using 'UTF-8' encoding to copy filtered resources.
[INFO] Copying 4 resources
[INFO] 
[INFO] --- maven-compiler-plugin:3.1:testCompile (default-testCompile) @ rxjava-jdbc ---
[INFO] Nothing to compile - all classes are up to date
[INFO] 
[INFO] --- maven-surefire-plugin:2.12.4:test (default-test) @ rxjava-jdbc ---
[INFO] Tests are skipped.
[INFO] 
[INFO] --- maven-jar-plugin:2.4:jar (default-jar) @ rxjava-jdbc ---
[INFO] Building jar: /home/travis/build/passed/davidmoten/rxjava-jdbc/target/rxjava-jdbc-0.5.11-SNAPSHOT.jar
[INFO] 
[INFO] --- maven-site-plugin:3.4:attach-descriptor (attach-descriptor) @ rxjava-jdbc ---
[INFO] 
[INFO] --- maven-install-plugin:2.4:install (default-install) @ rxjava-jdbc ---
[INFO] Installing /home/travis/build/passed/davidmoten/rxjava-jdbc/target/rxjava-jdbc-0.5.11-SNAPSHOT.jar to /home/travis/.m2/repository/com/github/davidmoten/rxjava-jdbc/0.5.11-SNAPSHOT/rxjava-jdbc-0.5.11-SNAPSHOT.jar
[INFO] Installing /home/travis/build/passed/davidmoten/rxjava-jdbc/pom.xml to /home/travis/.m2/repository/com/github/davidmoten/rxjava-jdbc/0.5.11-SNAPSHOT/rxjava-jdbc-0.5.11-SNAPSHOT.pom
[INFO] ------------------------------------------------------------------------
[INFO] BUILD SUCCESS
[INFO] ------------------------------------------------------------------------
[INFO] Total time: 45.815 s
[INFO] Finished at: 2021-12-26T07:50:05+00:00
[INFO] Final Memory: 22M/491M
[INFO] ------------------------------------------------------------------------

travis_time:end:195de818:start=1640504958685767457,finish=1640505005865420099,duration=47179652642[0Ktravis_fold:end:install[0Ktravis_time:start:04ccc3d0[0K$ mvn test -Dhttps.protocols=TLSv1.2 -Dhttps.protocols=TLSv1.2 -B
[INFO] Scanning for projects...
[INFO] Inspecting build with total of 1 modules...
[INFO] Installing Nexus Staging features:
[INFO]   ... total of 1 executions of maven-deploy-plugin replaced with nexus-staging-maven-plugin
[INFO]                                                                         
[INFO] ------------------------------------------------------------------------
[INFO] Building rxjava-jdbc 0.5.11-SNAPSHOT
[INFO] ------------------------------------------------------------------------
[INFO] 
[INFO] --- maven-resources-plugin:2.6:resources (default-resources) @ rxjava-jdbc ---
[INFO] Using 'UTF-8' encoding to copy filtered resources.
[INFO] skip non existing resourceDirectory /home/travis/build/passed/davidmoten/rxjava-jdbc/src/main/resources
[INFO] 
[INFO] --- maven-compiler-plugin:3.1:compile (default-compile) @ rxjava-jdbc ---
[INFO] Changes detected - recompiling the module!
[INFO] Compiling 46 source files to /home/travis/build/passed/davidmoten/rxjava-jdbc/target/classes
[INFO] 
[INFO] --- maven-resources-plugin:2.6:testResources (default-testResources) @ rxjava-jdbc ---
[INFO] Using 'UTF-8' encoding to copy filtered resources.
[INFO] Copying 4 resources
[INFO] 
[INFO] --- maven-compiler-plugin:3.1:testCompile (default-testCompile) @ rxjava-jdbc ---
[INFO] Nothing to compile - all classes are up to date
[INFO] 
[INFO] --- maven-surefire-plugin:2.12.4:test (default-test) @ rxjava-jdbc ---
[INFO] Surefire report directory: /home/travis/build/passed/davidmoten/rxjava-jdbc/target/surefire-reports

-------------------------------------------------------
 T E S T S
-------------------------------------------------------
Running com.github.davidmoten.rx.DynamicProxyTest
Tests run: 2, Failures: 0, Errors: 0, Skipped: 0, Time elapsed: 0.45 sec
Running com.github.davidmoten.rx.RetryTest
Tests run: 1, Failures: 0, Errors: 0, Skipped: 0, Time elapsed: 2.446 sec
Running com.github.davidmoten.rx.jdbc.ConditionsTest
Tests run: 7, Failures: 0, Errors: 0, Skipped: 0, Time elapsed: 0.002 sec
Running com.github.davidmoten.rx.jdbc.ConnectionDemoTest
Tests run: 1, Failures: 0, Errors: 0, Skipped: 0, Time elapsed: 2.773 sec
Running com.github.davidmoten.rx.jdbc.ConnectionNonClosingTest
Tests run: 1, Failures: 0, Errors: 0, Skipped: 0, Time elapsed: 0.06 sec
Running com.github.davidmoten.rx.jdbc.ConnectionProviderAutoCommittingTest
Tests run: 1, Failures: 0, Errors: 0, Skipped: 0, Time elapsed: 0.033 sec
Running com.github.davidmoten.rx.jdbc.ConnectionProviderFromUrlTest
Tests run: 1, Failures: 0, Errors: 0, Skipped: 0, Time elapsed: 0 sec
Running com.github.davidmoten.rx.jdbc.DatabaseAsyncTest
2021-12-26 07:50:21.554 [main] INFO  com.github.davidmoten.rx.RxUtil - 1
2021-12-26 07:50:21.555 [main] INFO  com.github.davidmoten.rx.RxUtil - 2
2021-12-26 07:50:21.555 [main] INFO  com.github.davidmoten.rx.RxUtil - 3
2021-12-26 07:50:21.858 [RxComputationThreadPool-6] INFO  com.github.davidmoten.rx.RxUtil - 0
2021-12-26 07:50:21.861 [RxCachedThreadScheduler-1] INFO  com.github.davidmoten.rx.RxUtil - 21
2021-12-26 07:50:23.389 [main] INFO  com.zaxxer.hikari.HikariDataSource - HikariCP pool HikariPool-0 is starting.
2021-12-26 07:50:23.644 [RxCachedThreadScheduler-1] INFO  com.github.davidmoten.rx.RxUtil - 21
2021-12-26 07:50:23.645 [RxCachedThreadScheduler-2] INFO  com.github.davidmoten.rx.RxUtil - 34
2021-12-26 07:50:24.815 [main] INFO  com.github.davidmoten.rx.RxUtil - rx.Observable@2b02ea6d
2021-12-26 07:50:24.815 [main] INFO  com.github.davidmoten.rx.RxUtil - rx.Observable@2b02ea6d
2021-12-26 07:50:24.815 [main] INFO  com.github.davidmoten.rx.RxUtil - rx.Observable@4c6cb02a
2021-12-26 07:50:24.817 [main] INFO  com.github.davidmoten.rx.RxUtil - rx.Observable@7f64da76
2021-12-26 07:50:24.817 [main] INFO  com.github.davidmoten.rx.RxUtil - rx.Observable@7f64da76
2021-12-26 07:50:24.817 [main] INFO  com.github.davidmoten.rx.RxUtil - rx.Observable@3642ba51
2021-12-26 07:50:24.833 [main] INFO  com.github.davidmoten.rx.jdbc.DatabaseTestBase - committed 1
2021-12-26 07:50:24.833 [main] INFO  com.github.davidmoten.rx.jdbc.DatabaseTestBase - gets ok
2021-12-26 07:50:24.833 [main] INFO  com.github.davidmoten.rx.jdbc.DatabaseTestBase - closes ok
Syntax error in SQL statement "ZZZ[*] "; SQL statement:
zzz [42000-178]
Syntax error in SQL statement "ZZZ[*] "; SQL statement:
zzz [42000-178]
2021-12-26 07:50:25.632 [main] INFO  com.zaxxer.hikari.HikariDataSource - HikariCP pool HikariPool-1 is starting.
2021-12-26 07:50:25.637 [main] INFO  com.zaxxer.hikari.pool.HikariPool - HikariCP pool HikariPool-1 is shutting down.
2021-12-26 07:50:25.818 [main] INFO  com.github.davidmoten.rx.jdbc.DatabaseTestBase - committed 1
2021-12-26 07:50:25.818 [main] INFO  com.github.davidmoten.rx.jdbc.DatabaseTestBase - gets ok
2021-12-26 07:50:25.819 [main] INFO  com.github.davidmoten.rx.jdbc.DatabaseTestBase - closes ok
2021-12-26 07:50:25.824 [main] INFO  com.github.davidmoten.rx.RxUtil - rx.Observable@64b746cd
2021-12-26 07:50:25.824 [main] INFO  com.github.davidmoten.rx.RxUtil - rx.Observable@64b746cd
2021-12-26 07:50:25.824 [main] INFO  com.github.davidmoten.rx.RxUtil - rx.Observable@3c897063
2021-12-26 07:50:25.826 [main] INFO  com.github.davidmoten.rx.RxUtil - rx.Observable@4b91bae7
2021-12-26 07:50:25.826 [main] INFO  com.github.davidmoten.rx.RxUtil - rx.Observable@4b91bae7
2021-12-26 07:50:25.826 [main] INFO  com.github.davidmoten.rx.RxUtil - rx.Observable@4c85ba73
2021-12-26 07:50:25.886 [main] INFO  com.github.davidmoten.rx.RxUtil - 99
2021-12-26 07:50:25.887 [main] INFO  com.github.davidmoten.rx.RxUtil - 88
2021-12-26 07:50:25.996 [RxComputationThreadPool-7] INFO  com.github.davidmoten.rx.RxUtil - 0
2021-12-26 07:50:25.998 [RxCachedThreadScheduler-3] INFO  com.github.davidmoten.rx.RxUtil - 21
threads=[main]
2021-12-26 07:50:26.602 [main] INFO  com.zaxxer.hikari.HikariDataSource - HikariCP pool HikariPool-2 is starting.
[MARMADUKE, JOSEPH, MARMADUKE, JOSEPH, MARMADUKE, MARMADUKE, MARMADUKE, JOSEPH, MARMADUKE, JOSEPH, MARMADUKE, MARMADUKE]
2021-12-26 07:50:27.316 [main] INFO  com.github.davidmoten.rx.RxUtil - 99
2021-12-26 07:50:27.318 [main] INFO  com.github.davidmoten.rx.RxUtil - 88
2021-12-26 07:50:27.367 [RxCachedThreadScheduler-2] INFO  com.github.davidmoten.rx.RxUtil - 3
Column "NAMEZ" not found; SQL statement:
select namez from person where name=? [42122-178]
Column "NAMEZ" not found; SQL statement:
select namez from person where name=? [42122-178]
Tests run: 98, Failures: 0, Errors: 0, Skipped: 0, Time elapsed: 8.126 sec
Running com.github.davidmoten.rx.jdbc.DatabaseMasterDetailTest
MasterAndDetails [id=1, name=FRED, details=[Detail [id=10, description=a good fellow], Detail [id=11, description=rides his bike]]]
MasterAndDetails [id=2, name=JOHN, details=[Detail [id=20, description=a bit of a bore], Detail [id=21, description=is a good cook]]]
Tests run: 2, Failures: 0, Errors: 0, Skipped: 0, Time elapsed: 0.703 sec
Running com.github.davidmoten.rx.jdbc.DatabaseSyncTest
2021-12-26 07:50:28.507 [main] INFO  com.github.davidmoten.rx.RxUtil - 1
2021-12-26 07:50:28.508 [main] INFO  com.github.davidmoten.rx.RxUtil - 2
2021-12-26 07:50:28.508 [main] INFO  com.github.davidmoten.rx.RxUtil - 3
2021-12-26 07:50:28.629 [RxComputationThreadPool-9] INFO  com.github.davidmoten.rx.RxUtil - 0
2021-12-26 07:50:28.630 [RxComputationThreadPool-9] INFO  com.github.davidmoten.rx.RxUtil - 21
2021-12-26 07:50:28.647 [main] INFO  com.zaxxer.hikari.HikariDataSource - HikariCP pool HikariPool-3 is starting.
2021-12-26 07:50:28.685 [main] INFO  com.github.davidmoten.rx.RxUtil - 21
2021-12-26 07:50:28.686 [main] INFO  com.github.davidmoten.rx.RxUtil - 34
2021-12-26 07:50:28.734 [main] INFO  com.github.davidmoten.rx.RxUtil - rx.Observable@aa9502d
2021-12-26 07:50:28.735 [main] INFO  com.github.davidmoten.rx.RxUtil - rx.Observable@aa9502d
2021-12-26 07:50:28.735 [main] INFO  com.github.davidmoten.rx.RxUtil - rx.Observable@71cebfd2
2021-12-26 07:50:28.736 [main] INFO  com.github.davidmoten.rx.RxUtil - rx.Observable@39c7abd
2021-12-26 07:50:28.737 [main] INFO  com.github.davidmoten.rx.RxUtil - rx.Observable@39c7abd
2021-12-26 07:50:28.737 [main] INFO  com.github.davidmoten.rx.RxUtil - rx.Observable@163e1025
2021-12-26 07:50:28.751 [main] INFO  com.github.davidmoten.rx.jdbc.DatabaseTestBase - committed 1
2021-12-26 07:50:28.751 [main] INFO  com.github.davidmoten.rx.jdbc.DatabaseTestBase - gets ok
2021-12-26 07:50:28.751 [main] INFO  com.github.davidmoten.rx.jdbc.DatabaseTestBase - closes ok
Syntax error in SQL statement "ZZZ[*] "; SQL statement:
zzz [42000-178]
Syntax error in SQL statement "ZZZ[*] "; SQL statement:
zzz [42000-178]
2021-12-26 07:50:28.782 [main] INFO  com.zaxxer.hikari.HikariDataSource - HikariCP pool HikariPool-4 is starting.
2021-12-26 07:50:28.792 [main] INFO  com.zaxxer.hikari.pool.HikariPool - HikariCP pool HikariPool-4 is shutting down.
2021-12-26 07:50:28.804 [main] INFO  com.github.davidmoten.rx.jdbc.DatabaseTestBase - committed 1
2021-12-26 07:50:28.804 [main] INFO  com.github.davidmoten.rx.jdbc.DatabaseTestBase - gets ok
2021-12-26 07:50:28.804 [main] INFO  com.github.davidmoten.rx.jdbc.DatabaseTestBase - closes ok
2021-12-26 07:50:28.809 [main] INFO  com.github.davidmoten.rx.RxUtil - rx.Observable@7e956b74
2021-12-26 07:50:28.809 [main] INFO  com.github.davidmoten.rx.RxUtil - rx.Observable@7e956b74
2021-12-26 07:50:28.809 [main] INFO  com.github.davidmoten.rx.RxUtil - rx.Observable@3c1cd99
2021-12-26 07:50:28.811 [main] INFO  com.github.davidmoten.rx.RxUtil - rx.Observable@606bba7a
2021-12-26 07:50:28.812 [main] INFO  com.github.davidmoten.rx.RxUtil - rx.Observable@606bba7a
2021-12-26 07:50:28.812 [main] INFO  com.github.davidmoten.rx.RxUtil - rx.Observable@409fd10a
2021-12-26 07:50:28.851 [main] INFO  com.github.davidmoten.rx.RxUtil - 99
2021-12-26 07:50:28.852 [main] INFO  com.github.davidmoten.rx.RxUtil - 88
2021-12-26 07:50:28.958 [RxComputationThreadPool-10] INFO  com.github.davidmoten.rx.RxUtil - 0
2021-12-26 07:50:28.960 [RxComputationThreadPool-10] INFO  com.github.davidmoten.rx.RxUtil - 21
threads=[main]
2021-12-26 07:50:28.990 [main] INFO  com.zaxxer.hikari.HikariDataSource - HikariCP pool HikariPool-5 is starting.
[MARMADUKE, JOSEPH, MARMADUKE, JOSEPH, MARMADUKE, MARMADUKE, MARMADUKE, JOSEPH, MARMADUKE, JOSEPH, MARMADUKE, MARMADUKE]
2021-12-26 07:50:29.057 [main] INFO  com.github.davidmoten.rx.RxUtil - 99
2021-12-26 07:50:29.058 [main] INFO  com.github.davidmoten.rx.RxUtil - 88
2021-12-26 07:50:29.087 [main] INFO  com.github.davidmoten.rx.RxUtil - 3
Column "NAMEZ" not found; SQL statement:
select namez from person where name=? [42122-178]
Column "NAMEZ" not found; SQL statement:
select namez from person where name=? [42122-178]
Tests run: 97, Failures: 0, Errors: 0, Skipped: 0, Time elapsed: 0.744 sec
Running com.github.davidmoten.rx.jdbc.DatabaseViaDataSourceTest
2021-12-26 07:50:29.576 [main] INFO  com.github.davidmoten.rx.RxUtil - 1
2021-12-26 07:50:29.577 [main] INFO  com.github.davidmoten.rx.RxUtil - 2
2021-12-26 07:50:29.578 [main] INFO  com.github.davidmoten.rx.RxUtil - 3
2021-12-26 07:50:29.698 [RxComputationThreadPool-12] INFO  com.github.davidmoten.rx.RxUtil - 0
2021-12-26 07:50:29.700 [RxComputationThreadPool-12] INFO  com.github.davidmoten.rx.RxUtil - 21
2021-12-26 07:50:29.724 [main] INFO  com.zaxxer.hikari.HikariDataSource - HikariCP pool HikariPool-6 is starting.
2021-12-26 07:50:29.770 [main] INFO  com.github.davidmoten.rx.RxUtil - 21
2021-12-26 07:50:29.771 [main] INFO  com.github.davidmoten.rx.RxUtil - 34
2021-12-26 07:50:29.819 [main] INFO  com.github.davidmoten.rx.RxUtil - rx.Observable@1f51c9e
2021-12-26 07:50:29.819 [main] INFO  com.github.davidmoten.rx.RxUtil - rx.Observable@1f51c9e
2021-12-26 07:50:29.820 [main] INFO  com.github.davidmoten.rx.RxUtil - rx.Observable@329ca13
2021-12-26 07:50:29.821 [main] INFO  com.github.davidmoten.rx.RxUtil - rx.Observable@e6c0e78
2021-12-26 07:50:29.821 [main] INFO  com.github.davidmoten.rx.RxUtil - rx.Observable@e6c0e78
2021-12-26 07:50:29.821 [main] INFO  com.github.davidmoten.rx.RxUtil - rx.Observable@5829efad
2021-12-26 07:50:29.830 [main] INFO  com.github.davidmoten.rx.jdbc.DatabaseTestBase - committed 1
2021-12-26 07:50:29.830 [main] INFO  com.github.davidmoten.rx.jdbc.DatabaseTestBase - gets ok
2021-12-26 07:50:29.831 [main] INFO  com.github.davidmoten.rx.jdbc.DatabaseTestBase - closes ok
Syntax error in SQL statement "ZZZ[*] "; SQL statement:
zzz [42000-178]
Syntax error in SQL statement "ZZZ[*] "; SQL statement:
zzz [42000-178]
2021-12-26 07:50:29.860 [main] INFO  com.zaxxer.hikari.HikariDataSource - HikariCP pool HikariPool-7 is starting.
2021-12-26 07:50:29.865 [main] INFO  com.zaxxer.hikari.pool.HikariPool - HikariCP pool HikariPool-7 is shutting down.
2021-12-26 07:50:29.874 [main] INFO  com.github.davidmoten.rx.jdbc.DatabaseTestBase - committed 1
2021-12-26 07:50:29.874 [main] INFO  com.github.davidmoten.rx.jdbc.DatabaseTestBase - gets ok
2021-12-26 07:50:29.874 [main] INFO  com.github.davidmoten.rx.jdbc.DatabaseTestBase - closes ok
2021-12-26 07:50:29.877 [main] INFO  com.github.davidmoten.rx.RxUtil - rx.Observable@1f317315
2021-12-26 07:50:29.877 [main] INFO  com.github.davidmoten.rx.RxUtil - rx.Observable@1f317315
2021-12-26 07:50:29.877 [main] INFO  com.github.davidmoten.rx.RxUtil - rx.Observable@677a77b2
2021-12-26 07:50:29.879 [main] INFO  com.github.davidmoten.rx.RxUtil - rx.Observable@65d181ee
2021-12-26 07:50:29.879 [main] INFO  com.github.davidmoten.rx.RxUtil - rx.Observable@65d181ee
2021-12-26 07:50:29.879 [main] INFO  com.github.davidmoten.rx.RxUtil - rx.Observable@1da9647b
2021-12-26 07:50:29.913 [main] INFO  com.github.davidmoten.rx.RxUtil - 99
2021-12-26 07:50:29.913 [main] INFO  com.github.davidmoten.rx.RxUtil - 88
2021-12-26 07:50:30.018 [RxComputationThreadPool-13] INFO  com.github.davidmoten.rx.RxUtil - 0
2021-12-26 07:50:30.020 [RxComputationThreadPool-13] INFO  com.github.davidmoten.rx.RxUtil - 21
threads=[main]
2021-12-26 07:50:30.041 [main] INFO  com.zaxxer.hikari.HikariDataSource - HikariCP pool HikariPool-8 is starting.
[MARMADUKE, JOSEPH, MARMADUKE, JOSEPH, MARMADUKE, MARMADUKE, MARMADUKE, JOSEPH, MARMADUKE, JOSEPH, MARMADUKE, MARMADUKE]
2021-12-26 07:50:30.092 [main] INFO  com.github.davidmoten.rx.RxUtil - 99
2021-12-26 07:50:30.092 [main] INFO  com.github.davidmoten.rx.RxUtil - 88
2021-12-26 07:50:30.120 [main] INFO  com.github.davidmoten.rx.RxUtil - 3
Column "NAMEZ" not found; SQL statement:
select namez from person where name=? [42122-178]
Column "NAMEZ" not found; SQL statement:
select namez from person where name=? [42122-178]
Tests run: 97, Failures: 0, Errors: 0, Skipped: 0, Time elapsed: 1.023 sec
Running com.github.davidmoten.rx.jdbc.QueriesTest
Tests run: 1, Failures: 0, Errors: 0, Skipped: 0, Time elapsed: 0 sec
Running com.github.davidmoten.rx.jdbc.UtilTest
Tests run: 55, Failures: 0, Errors: 0, Skipped: 0, Time elapsed: 1.028 sec
Running com.github.davidmoten.rx.jdbc.tuple.TuplesTest
Tests run: 1, Failures: 0, Errors: 0, Skipped: 0, Time elapsed: 0 sec

Results :

Tests run: 365, Failures: 0, Errors: 0, Skipped: 0

[INFO] ------------------------------------------------------------------------
[INFO] BUILD SUCCESS
[INFO] ------------------------------------------------------------------------
[INFO] Total time: 23.884 s
[INFO] Finished at: 2021-12-26T07:50:31+00:00
[INFO] Final Memory: 16M/491M
[INFO] ------------------------------------------------------------------------

travis_time:end:04ccc3d0:start=1640505005875436424,finish=1640505031415672317,duration=25540235893[0K
[32;1mThe command "mvn test -Dhttps.protocols=TLSv1.2 -Dhttps.protocols=TLSv1.2 -B" exited with 0.[0m

Done. Your build exited with 0.
